<?xml version="1.0" encoding="UTF-8"?>
<!-- Generated by org.testng.reporters.JUnitReportReporter -->
<testsuite hostname="hp" name="com.mifos.tests.LoginTests" tests="1" failures="0" timestamp="5 Jun 2015 11:40:20 GMT" time="0.011" errors="0">
  <testcase name="test" time="0.011" classname="com.mifos.tests.LoginTests"/>
</testsuite> <!-- com.mifos.tests.LoginTests -->
