<?xml version="1.0" encoding="UTF-8" ?>
<testsuite failures="84" time="22.095" errors="138" skipped="84" tests="1280" name="com.mifos.tests.LoanTest">
  <properties>
    <property name="PROCESSOR_ARCHITECTURE" value="AMD64"/>
    <property name="file.encoding.pkg" value="sun.io"/>
    <property name="LOGONSERVER" value="\\WIN-10T22KM7A2O"/>
    <property name="ProgramData" value="C:\ProgramData"/>
    <property name="java.home" value="C:\Program Files\Java\jdk1.7.0_51\jre"/>
    <property name="TITLE" value="Tomcat"/>
    <property name="NODE_NAME" value="master"/>
    <property name="JENKINS_URL" value="https://54.251.44.239/jenkins/"/>
    <property name="CATALINA_HOME" value="C:\tomcat"/>
    <property name="ALLUSERSPROFILE" value="C:\ProgramData"/>
    <property name="java.endorsed.dirs" value="C:\Program Files\Java\jdk1.7.0_51\jre\lib\endorsed"/>
    <property name="PSModulePath" value="C:\Windows\system32\WindowsPowerShell\v1.0\Modules\;C:\Program Files (x86)\AWS Tools\PowerShell\"/>
    <property name="USERDOMAIN" value="WIN-10T22KM7A2O"/>
    <property name="sun.os.patch.level" value=""/>
    <property name="java.vendor.url" value="http://java.oracle.com/"/>
    <property name="JAVA_OPTS" value="-Xms512m -Xmx1024m -XX:MaxPermSize=512m -Djava.util.logging.config.file=&quot;C:\tomcat\conf\logging.properties&quot; -Djava.util.logging.manager=org.apache.juli.ClassLoaderLogManager"/>
    <property name="CommonProgramFiles(x86)" value="C:\Program Files (x86)\Common Files"/>
    <property name="java.version" value="1.7.0_51"/>
    <property name="JOB_NAME" value="Mifos Test Automation"/>
    <property name="COMPUTERNAME" value="WIN-10T22KM7A2O"/>
    <property name="EXECUTABLE" value="C:\tomcat\bin\catalina.bat"/>
    <property name="java.vendor.url.bug" value="http://bugreport.sun.com/bugreport/"/>
    <property name="PUBLIC" value="C:\Users\Public"/>
    <property name="user.name" value="Administrator"/>
    <property name="sun.io.unicode.encoding" value="UnicodeLittle"/>
    <property name="sun.jnu.encoding" value="Cp1252"/>
    <property name="java.runtime.name" value="Java(TM) SE Runtime Environment"/>
    <property name="windir" value="C:\Windows"/>
    <property name="PROCESSOR_IDENTIFIER" value="Intel64 Family 6 Model 62 Stepping 4, GenuineIntel"/>
    <property name="java.specification.name" value="Java Platform API Specification"/>
    <property name="LOCALAPPDATA" value="C:\Users\Administrator\AppData\Local"/>
    <property name="user.timezone" value="UTC"/>
    <property name="user.script" value=""/>
    <property name="path.separator" value=";"/>
    <property name="NUMBER_OF_PROCESSORS" value="1"/>
    <property name="BUILD_TAG" value="jenkins-Mifos Test Automation-35"/>
    <property name="file.encoding" value="Cp1252"/>
    <property name="sun.java.command" value="jenkins.maven3.agent.Maven31Main C:\apache-maven-3.3.3 C:\tomcat\webapps\jenkins\WEB-INF\lib\remoting-2.51.jar C:\Users\Administrator\.jenkins\plugins\maven-plugin\WEB-INF\lib\maven31-interceptor-1.5.jar C:\Users\Administrator\.jenkins\plugins\maven-plugin\WEB-INF\lib\maven3-interceptor-commons-1.5.jar 60714"/>
    <property name="HUDSON_URL" value="https://54.251.44.239/jenkins/"/>
    <property name="JENKINS_SERVER_COOKIE" value="91cc4fe59615c990"/>
    <property name="EXECUTOR_NUMBER" value="0"/>
    <property name="Path" value="C:\Program Files\Java\jdk1.7.0_51/bin;C:\Windows\system32;C:\Windows;C:\Windows\System32\Wbem;C:\Windows\System32\WindowsPowerShell\v1.0\;C:\Program Files\Amazon\cfn-bootstrap\;C:\Program Files (x86)\Git\cmd;C:\Program Files (x86)\Git\bin;C:\Program Files\nodejs\;C:\apache-maven-3.3.3\bin;C:\Users\Administrator\AppData\Roaming\npm;C:\Program Files\MySQL\MySQL Server 5.5\bin;C:\Program Files\Java\jdk1.7.0_51\bin;C:\apache-maven-3.2.5\apache-maven\src\binC:\apache-maven-3.3.3\bin;"/>
    <property name="java.io.tmpdir" value="C:\Users\ADMINI~1\AppData\Local\Temp\2\"/>
    <property name="APPDATA" value="C:\Users\Administrator\AppData\Roaming"/>
    <property name="user.language" value="en"/>
    <property name="CATALINA_TMPDIR" value="C:\tomcat\temp"/>
    <property name="line.separator" value="
"/>
    <property name="BUILD_URL" value="https://54.251.44.239/jenkins/job/Mifos%20Test%20Automation/35/"/>
    <property name="JAVA_ENDORSED_DIRS" value="C:\tomcat\endorsed"/>
    <property name="ACTION" value="start"/>
    <property name="M2_HOME" value="C:\apache-maven-3.3.3"/>
    <property name="=C:" value="C:\tomcat\bin"/>
    <property name="java.vm.info" value="mixed mode"/>
    <property name="sun.desktop" value="windows"/>
    <property name="java.vm.specification.name" value="Java Virtual Machine Specification"/>
    <property name="BUILD_DISPLAY_NAME" value="#35"/>
    <property name="OS" value="Windows_NT"/>
    <property name="guice.disable.misplaced.annotation.check" value="true"/>
    <property name="CATALINA_BASE" value="C:\tomcat"/>
    <property name="HUDSON_SERVER_COOKIE" value="91cc4fe59615c990"/>
    <property name="JRE_HOME" value="C:\Program Files\Java\jdk1.7.0_51"/>
    <property name="_EXECJAVA" value="start &quot;Tomcat&quot; &quot;C:\Program Files\Java\jdk1.7.0_51\bin\java.exe&quot;"/>
    <property name="_RUNJAVA" value="&quot;C:\Program Files\Java\jdk1.7.0_51\bin\java.exe&quot;"/>
    <property name="MAVEN_HOME" value="C:\apache-maven-3.3.3"/>
    <property name="SESSIONNAME" value="RDP-Tcp#115"/>
    <property name="PATHEXT" value=".COM;.EXE;.BAT;.CMD;.VBS;.VBE;.JS;.JSE;.WSF;.WSH;.MSC"/>
    <property name="java.awt.printerjob" value="sun.awt.windows.WPrinterJob"/>
    <property name="maven3.interceptor.common" value="C:\Users\Administrator\.jenkins\plugins\maven-plugin\WEB-INF\lib\maven3-interceptor-commons-1.5.jar"/>
    <property name="CLASSPATH" value=""/>
    <property name="LOGGING_CONFIG" value="-Djava.util.logging.config.file=&quot;C:\tomcat\conf\logging.properties&quot;"/>
    <property name="CATALINA_OPTS" value="-Xms512m -Xmx1024m -XX:MaxPermSize=512m -Xms512m -Xmx1024m -XX:MaxPermSize=512m -server"/>
    <property name="HOMEPATH" value="\Users\Administrator"/>
    <property name="os.name" value="Windows Server 2012"/>
    <property name="java.specification.vendor" value="Oracle Corporation"/>
    <property name="FP_NO_HOST_CHECK" value="NO"/>
    <property name="java.vm.name" value="Java HotSpot(TM) 64-Bit Server VM"/>
    <property name="BUILD_NUMBER" value="35"/>
    <property name="maven3.interceptor" value="C:\Users\Administrator\.jenkins\plugins\maven-plugin\WEB-INF\lib\maven31-interceptor-1.5.jar"/>
    <property name="java.library.path" value="C:\Program Files\Java\jdk1.7.0_51\bin;C:\Windows\Sun\Java\bin;C:\Windows\system32;C:\Windows;C:\apache-maven-3.3.3/bin;C:\Program Files\Java\jdk1.7.0_51/bin;C:\Program Files\Java\jdk1.7.0_51/bin;C:\Windows\system32;C:\Windows;C:\Windows\System32\Wbem;C:\Windows\System32\WindowsPowerShell\v1.0\;C:\Program Files\Amazon\cfn-bootstrap\;C:\Program Files (x86)\Git\cmd;C:\Program Files (x86)\Git\bin;C:\Program Files\nodejs\;C:\apache-maven-3.3.3\bin;C:\Users\Administrator\AppData\Roaming\npm;C:\Program Files\MySQL\MySQL Server 5.5\bin;C:\Program Files\Java\jdk1.7.0_51\bin;C:\apache-maven-3.2.5\apache-maven\src\binC:\apache-maven-3.3.3\bin;;."/>
    <property name="HOMEDRIVE" value="C:"/>
    <property name="POM_GROUPID" value="uk.co.mifos"/>
    <property name="POM_ARTIFACTID" value="mifos-testing"/>
    <property name="java.class.version" value="51.0"/>
    <property name="LOGGING_MANAGER" value="-Djava.util.logging.manager=org.apache.juli.ClassLoaderLogManager"/>
    <property name="_RUNJDB" value="&quot;C:\Program Files\Java\jdk1.7.0_51\bin\jdb.exe&quot;"/>
    <property name="JOB_URL" value="https://54.251.44.239/jenkins/job/Mifos%20Test%20Automation/"/>
    <property name="MAINCLASS" value="org.apache.catalina.startup.Bootstrap"/>
    <property name="JENKINS_HOME" value="C:\Users\Administrator\.jenkins"/>
    <property name="BUILD_ID" value="35"/>
    <property name="TEMP" value="C:\Users\ADMINI~1\AppData\Local\Temp\2"/>
    <property name="sun.boot.library.path" value="C:\Program Files\Java\jdk1.7.0_51\jre\bin"/>
    <property name="sun.management.compiler" value="HotSpot 64-Bit Tiered Compilers"/>
    <property name="java.awt.graphicsenv" value="sun.awt.Win32GraphicsEnvironment"/>
    <property name="user.variant" value=""/>
    <property name="PROCESSOR_REVISION" value="3e04"/>
    <property name="POM_VERSION" value="1.0.0"/>
    <property name="CLIENTNAME" value="HP"/>
    <property name="HUDSON_HOME" value="C:\Users\Administrator\.jenkins"/>
    <property name="ProgramFiles(x86)" value="C:\Program Files (x86)"/>
    <property name="PATH+MAVEN" value="C:\apache-maven-3.3.3/bin"/>
    <property name="USERDOMAIN_ROAMINGPROFILE" value="WIN-10T22KM7A2O"/>
    <property name="PROMPT" value="$P$G"/>
    <property name="CURRENT_DIR" value="C:\tomcat\bin"/>
    <property name="java.vm.specification.version" value="1.7"/>
    <property name="JAVA_HOME" value="C:\Program Files\Java\jdk1.7.0_51"/>
    <property name="awt.toolkit" value="sun.awt.windows.WToolkit"/>
    <property name="NODE_LABELS" value="master"/>
    <property name="sun.cpu.isalist" value="amd64"/>
    <property name="USERPROFILE" value="C:\Users\Administrator"/>
    <property name="java.ext.dirs" value="C:\Program Files\Java\jdk1.7.0_51\jre\lib\ext;C:\Windows\Sun\Java\lib\ext"/>
    <property name="os.version" value="6.2"/>
    <property name="user.home" value="C:\Users\Administrator"/>
    <property name="USERNAME" value="Administrator"/>
    <property name="java.vm.vendor" value="Oracle Corporation"/>
    <property name="PROCESSOR_LEVEL" value="6"/>
    <property name="CommonProgramW6432" value="C:\Program Files\Common Files"/>
    <property name="user.dir" value="C:\Mifos Test Automation\MifosTestAutomation"/>
    <property name="ProgramW6432" value="C:\Program Files"/>
    <property name="TMP" value="C:\Users\ADMINI~1\AppData\Local\Temp\2"/>
    <property name="sun.cpu.endian" value="little"/>
    <property name="SystemDrive" value="C:"/>
    <property name="java.vm.version" value="24.51-b03"/>
    <property name="java.class.path" value="C:\Users\Administrator\.jenkins\plugins\maven-plugin\WEB-INF\lib\maven31-agent-1.5.jar;C:\apache-maven-3.3.3\boot\plexus-classworlds-2.5.2.jar;C:\apache-maven-3.3.3/conf/logging"/>
    <property name="org.slf4j.simpleLogger.defaultLogLevel" value="info"/>
    <property name="MAVEN_OPTS" value="-Xms512m -Xmx2048m -XX:MaxPermSize=512m"/>
    <property name="os.arch" value="amd64"/>
    <property name="WORKSPACE" value="C:\Users\Administrator\.jenkins\workspace\Mifos Test Automation"/>
    <property name="ComSpec" value="C:\Windows\system32\cmd.exe"/>
    <property name="sun.java.launcher" value="SUN_STANDARD"/>
    <property name="SystemRoot" value="C:\Windows"/>
    <property name="CommonProgramFiles" value="C:\Program Files\Common Files"/>
    <property name="java.vm.specification.vendor" value="Oracle Corporation"/>
    <property name="file.separator" value="\"/>
    <property name="java.runtime.version" value="1.7.0_51-b13"/>
    <property name="ProgramFiles" value="C:\Program Files"/>
    <property name="sun.boot.class.path" value="C:\Program Files\Java\jdk1.7.0_51\jre\lib\resources.jar;C:\Program Files\Java\jdk1.7.0_51\jre\lib\rt.jar;C:\Program Files\Java\jdk1.7.0_51\jre\lib\sunrsasign.jar;C:\Program Files\Java\jdk1.7.0_51\jre\lib\jsse.jar;C:\Program Files\Java\jdk1.7.0_51\jre\lib\jce.jar;C:\Program Files\Java\jdk1.7.0_51\jre\lib\charsets.jar;C:\Program Files\Java\jdk1.7.0_51\jre\lib\jfr.jar;C:\Program Files\Java\jdk1.7.0_51\jre\classes"/>
    <property name="PATH+JDK" value="C:\Program Files\Java\jdk1.7.0_51/bin"/>
    <property name="=ExitCode" value="00000000"/>
    <property name="user.country" value="US"/>
    <property name="POM_PACKAGING" value="jar"/>
    <property name="maven.home" value="C:\apache-maven-3.3.3"/>
    <property name="java.vendor" value="Oracle Corporation"/>
    <property name="POM_DISPLAYNAME" value="Mifos Test Automation"/>
    <property name="java.specification.version" value="1.7"/>
    <property name="sun.arch.data.model" value="64"/>
  </properties>
  <testcase time="0" classname="| 581-MS-EI-DB-DL-REC-NON-RNI-CTPD-SAR-MD-TR-1-EarlyRePayment-Loanproduct.xlsx |" name="Given I navigate to mifos"/>
  <testcase time="0" classname="| 581-MS-EI-DB-DL-REC-NON-RNI-CTPD-SAR-MD-TR-1-EarlyRePayment-Loanproduct.xlsx |" name="And I use login folder"/>
  <testcase time="0" classname="| 581-MS-EI-DB-DL-REC-NON-RNI-CTPD-SAR-MD-TR-1-EarlyRePayment-Loanproduct.xlsx |" name="When I login into mifos site using excel sheet"/>
  <testcase time="0" classname="| 581-MS-EI-DB-DL-REC-NON-RNI-CTPD-SAR-MD-TR-1-EarlyRePayment-Loanproduct.xlsx |" name="Then I should see logged in successfully"/>
  <testcase time="0" classname="| 581-MS-EI-DB-DL-REC-NON-RNI-CTPD-SAR-MD-TR-1-EarlyRePayment-Loanproduct.xlsx |" name="Given I setup the product loan"/>
  <testcase time="0.039" classname="| 581-MS-EI-DB-DL-REC-NON-RNI-CTPD-SAR-MD-TR-1-EarlyRePayment-Loanproduct.xlsx |" name="And I entered the values into product loan using">
    <error message="Timed out after 100 seconds waiting for visibility of element located by By.id: interestType
Build info: version: &apos;2.29.1&apos;, revision: &apos;dfb1306b85be4934d23c123122e06e602a15e446&apos;, time: &apos;2013-01-22 12:58:05&apos;
System info: os.name: &apos;Windows Server 2012&apos;, os.arch: &apos;amd64&apos;, os.version: &apos;6.2&apos;, java.version: &apos;1.7.0_51&apos;
Driver info: driver.version: unknown" type="org.openqa.selenium.TimeoutException">org.openqa.selenium.TimeoutException: Timed out after 100 seconds waiting for visibility of element located by By.id: interestType
Build info: version: &apos;2.29.1&apos;, revision: &apos;dfb1306b85be4934d23c123122e06e602a15e446&apos;, time: &apos;2013-01-22 12:58:05&apos;
System info: os.name: &apos;Windows Server 2012&apos;, os.arch: &apos;amd64&apos;, os.version: &apos;6.2&apos;, java.version: &apos;1.7.0_51&apos;
Driver info: driver.version: unknown
	at org.openqa.selenium.support.ui.FluentWait.timeoutException(FluentWait.java:259)
	at org.openqa.selenium.support.ui.FluentWait.until(FluentWait.java:228)
	at com.mifos.pages.MifosWebPage.waitForElementToBeVisible(MifosWebPage.java:210)
	at com.mifos.pages.MifosWebPage.getElement(MifosWebPage.java:699)
	at com.mifos.pages.MifosWebPage.getElement(MifosWebPage.java:748)
	at com.mifos.pages.MifosWebPage.getElement(MifosWebPage.java:761)
	at com.mifos.pages.MifosWebPage.selectDropDownvalues(MifosWebPage.java:1532)
	at com.mifos.pages.FrontPage.createLoanProductExcelsheet(FrontPage.java:345)
	at com.mifos.pages.FrontPage.productLoanExcelSheet(FrontPage.java:237)
	at com.mifos.steps.LoanProductSteps.I_entered_the_values_into_product_loan_using(LoanProductSteps.java:22)
	at ✽.And I entered the values into product loan using(LoanMIFOS.feature:16)
Caused by: org.openqa.selenium.NoSuchElementException: no such element
  (Session info: chrome=43.0.2357.124)
  (Driver info: chromedriver=2.8.241075,platform=Windows NT 6.3 x86_64) (WARNING: The server did not provide any stacktrace information)
Command duration or timeout: 30.03 seconds
For documentation on this error, please visit: http://seleniumhq.org/exceptions/no_such_element.html
Build info: version: &apos;2.29.1&apos;, revision: &apos;dfb1306b85be4934d23c123122e06e602a15e446&apos;, time: &apos;2013-01-22 12:58:05&apos;
System info: os.name: &apos;Windows Server 2012&apos;, os.arch: &apos;amd64&apos;, os.version: &apos;6.2&apos;, java.version: &apos;1.7.0_51&apos;
Session ID: b65377c6886c60141451d350ee795e32
Driver info: org.openqa.selenium.chrome.ChromeDriver
Capabilities [{platform=XP, acceptSslCerts=true, javascriptEnabled=true, browserName=chrome, chrome={userDataDir=C:\Users\ADMINI~1\AppData\Local\Temp\2\scoped_dir3944_15418}, rotatable=false, locationContextEnabled=true, version=43.0.2357.124, takesHeapSnapshot=true, cssSelectorsEnabled=true, databaseEnabled=false, handlesAlerts=true, browserConnectionEnabled=false, webStorageEnabled=true, nativeEvents=true, applicationCacheEnabled=false, takesScreenshot=true}]
	at sun.reflect.NativeConstructorAccessorImpl.newInstance0(Native Method)
	at sun.reflect.NativeConstructorAccessorImpl.newInstance(NativeConstructorAccessorImpl.java:57)
	at sun.reflect.DelegatingConstructorAccessorImpl.newInstance(DelegatingConstructorAccessorImpl.java:45)
	at java.lang.reflect.Constructor.newInstance(Constructor.java:526)
	at org.openqa.selenium.remote.ErrorHandler.createThrowable(ErrorHandler.java:187)
	at org.openqa.selenium.remote.ErrorHandler.throwIfResponseFailed(ErrorHandler.java:145)
	at org.openqa.selenium.remote.RemoteWebDriver.execute(RemoteWebDriver.java:554)
	at org.openqa.selenium.remote.RemoteWebDriver.findElement(RemoteWebDriver.java:307)
	at org.openqa.selenium.remote.RemoteWebDriver.findElementById(RemoteWebDriver.java:348)
	at org.openqa.selenium.By$ById.findElement(By.java:216)
	at org.openqa.selenium.remote.RemoteWebDriver.findElement(RemoteWebDriver.java:299)
	at sun.reflect.GeneratedMethodAccessor8.invoke(Unknown Source)
	at sun.reflect.DelegatingMethodAccessorImpl.invoke(DelegatingMethodAccessorImpl.java:43)
	at java.lang.reflect.Method.invoke(Method.java:606)
	at org.openqa.selenium.support.events.EventFiringWebDriver$2.invoke(EventFiringWebDriver.java:101)
	at com.sun.proxy.$Proxy16.findElement(Unknown Source)
	at org.openqa.selenium.support.events.EventFiringWebDriver.findElement(EventFiringWebDriver.java:180)
	at org.openqa.selenium.support.ui.ExpectedConditions.findElement(ExpectedConditions.java:523)
	at org.openqa.selenium.support.ui.ExpectedConditions.access$000(ExpectedConditions.java:39)
	at org.openqa.selenium.support.ui.ExpectedConditions$4.apply(ExpectedConditions.java:130)
	at org.openqa.selenium.support.ui.ExpectedConditions$4.apply(ExpectedConditions.java:126)
	at org.openqa.selenium.support.ui.FluentWait.until(FluentWait.java:208)
	at com.mifos.pages.MifosWebPage.waitForElementToBeVisible(MifosWebPage.java:210)
	at com.mifos.pages.MifosWebPage.getElement(MifosWebPage.java:699)
	at com.mifos.pages.MifosWebPage.getElement(MifosWebPage.java:748)
	at com.mifos.pages.MifosWebPage.getElement(MifosWebPage.java:761)
	at com.mifos.pages.MifosWebPage.selectDropDownvalues(MifosWebPage.java:1532)
	at com.mifos.pages.FrontPage.createLoanProductExcelsheet(FrontPage.java:345)
	at com.mifos.pages.FrontPage.productLoanExcelSheet(FrontPage.java:237)
	at com.mifos.steps.LoanProductSteps.I_entered_the_values_into_product_loan_using(LoanProductSteps.java:22)
	at sun.reflect.NativeMethodAccessorImpl.invoke0(Native Method)
	at sun.reflect.NativeMethodAccessorImpl.invoke(NativeMethodAccessorImpl.java:57)
	at sun.reflect.DelegatingMethodAccessorImpl.invoke(DelegatingMethodAccessorImpl.java:43)
	at java.lang.reflect.Method.invoke(Method.java:606)
	at cucumber.runtime.Utils$1.call(Utils.java:44)
	at cucumber.runtime.Timeout.timeout(Timeout.java:12)
	at cucumber.runtime.Utils.invoke(Utils.java:40)
	at cucumber.runtime.java.JavaStepDefinition.execute(JavaStepDefinition.java:35)
	at cucumber.runtime.StepDefinitionMatch.runStep(StepDefinitionMatch.java:38)
	at cucumber.runtime.Runtime.runStep(Runtime.java:268)
	at cucumber.runtime.model.StepContainer.runStep(StepContainer.java:45)
	at cucumber.runtime.model.StepContainer.runSteps(StepContainer.java:40)
	at cucumber.runtime.model.CucumberScenario.run(CucumberScenario.java:36)
	at cucumber.runtime.junit.ExecutionUnitRunner.run(ExecutionUnitRunner.java:83)
	at org.junit.runners.Suite.runChild(Suite.java:127)
	at org.junit.runners.Suite.runChild(Suite.java:26)
	at org.junit.runners.ParentRunner$3.run(ParentRunner.java:238)
	at org.junit.runners.ParentRunner$1.schedule(ParentRunner.java:63)
	at org.junit.runners.ParentRunner.runChildren(ParentRunner.java:236)
	at org.junit.runners.ParentRunner.access$000(ParentRunner.java:53)
	at org.junit.runners.ParentRunner$2.evaluate(ParentRunner.java:229)
	at org.junit.runners.ParentRunner.run(ParentRunner.java:309)
	at org.junit.runners.Suite.runChild(Suite.java:127)
	at org.junit.runners.Suite.runChild(Suite.java:26)
	at org.junit.runners.ParentRunner$3.run(ParentRunner.java:238)
	at org.junit.runners.ParentRunner$1.schedule(ParentRunner.java:63)
	at org.junit.runners.ParentRunner.runChildren(ParentRunner.java:236)
	at org.junit.runners.ParentRunner.access$000(ParentRunner.java:53)
	at org.junit.runners.ParentRunner$2.evaluate(ParentRunner.java:229)
	at org.junit.runners.ParentRunner.run(ParentRunner.java:309)
	at cucumber.runtime.junit.FeatureRunner.runChild(FeatureRunner.java:63)
	at cucumber.runtime.junit.FeatureRunner.runChild(FeatureRunner.java:18)
	at org.junit.runners.ParentRunner$3.run(ParentRunner.java:238)
	at org.junit.runners.ParentRunner$1.schedule(ParentRunner.java:63)
	at org.junit.runners.ParentRunner.runChildren(ParentRunner.java:236)
	at org.junit.runners.ParentRunner.access$000(ParentRunner.java:53)
	at org.junit.runners.ParentRunner$2.evaluate(ParentRunner.java:229)
	at org.junit.runners.ParentRunner.run(ParentRunner.java:309)
	at cucumber.runtime.junit.FeatureRunner.run(FeatureRunner.java:70)
	at cucumber.api.junit.Cucumber.runChild(Cucumber.java:77)
	at cucumber.api.junit.Cucumber.runChild(Cucumber.java:37)
	at org.junit.runners.ParentRunner$3.run(ParentRunner.java:238)
	at org.junit.runners.ParentRunner$1.schedule(ParentRunner.java:63)
	at org.junit.runners.ParentRunner.runChildren(ParentRunner.java:236)
	at org.junit.runners.ParentRunner.access$000(ParentRunner.java:53)
	at org.junit.runners.ParentRunner$2.evaluate(ParentRunner.java:229)
	at org.junit.runners.ParentRunner.run(ParentRunner.java:309)
	at cucumber.api.junit.Cucumber.run(Cucumber.java:82)
	at org.apache.maven.surefire.junit4.JUnit4Provider.execute(JUnit4Provider.java:252)
	at org.apache.maven.surefire.junit4.JUnit4Provider.executeTestSet(JUnit4Provider.java:141)
	at org.apache.maven.surefire.junit4.JUnit4Provider.invoke(JUnit4Provider.java:112)
	at sun.reflect.NativeMethodAccessorImpl.invoke0(Native Method)
	at sun.reflect.NativeMethodAccessorImpl.invoke(NativeMethodAccessorImpl.java:57)
	at sun.reflect.DelegatingMethodAccessorImpl.invoke(DelegatingMethodAccessorImpl.java:43)
	at java.lang.reflect.Method.invoke(Method.java:606)
	at org.apache.maven.surefire.util.ReflectionUtils.invokeMethodWithArray(ReflectionUtils.java:189)
	at org.apache.maven.surefire.booter.ProviderFactory$ProviderProxy.invoke(ProviderFactory.java:165)
	at org.apache.maven.surefire.booter.ProviderFactory.invokeProvider(ProviderFactory.java:85)
	at org.apache.maven.surefire.booter.ForkedBooter.runSuitesInProcess(ForkedBooter.java:113)
	at org.apache.maven.surefire.booter.ForkedBooter.main(ForkedBooter.java:75)
</error>
    <system-out>welcome to mifos through excel
Cell One ... key=productname
Cell Two ... value=581-MS-EI-DB-DL-REC-NON-RNI-CTPD-SAR-MD-TR-1-EarlyRePayment
SubmitValueBy.id: name:581-MS-EI-DB-DL-REC-NON-RNI-CTPD-SAR-MD-TR-1-EarlyRePayment
Cell One ... key=description
Cell One ... key=shortname
SubmitValueBy.id: shortName:581
Cell One ... key=startdate
SubmitValueBy.id: startDate:01 January 2015
Cell One ... key=includeincustomerloancounter
Cell Two ... value=checked
Cell One ... key=decimalplaces
SubmitValueBy.id: digitsAfterDecimal:2
Cell One ... key=currency
Cell Two ... value=US Dollar
Cell One ... key=currencyinmultiplesof
SubmitValueBy.id: inMultiplesOf:0
Cell One ... key=principaldefault
SubmitValueBy.id: principal:10000
Cell One ... key=numberofrepaymentsdefault
SubmitValueBy.id: numberOfRepayments:12
Cell One ... key=nominalinterestratedefault
SubmitValueBy.id: interestRatePerPeriod:1
Cell One ... key=nominalinterestratefrequency
Cell Two ... value=Per month
Cell One ... key=rapidevery
SubmitValueBy.id: repaymentEvery:1
Cell One ... key=repaideveryfrequency
Cell Two ... value=Months
Cell One ... key=amortization
Cell Two ... value=Equal installments
Cell One ... key=interestmethod
Cell Two ... value=Declining Balance
</system-out>
  </testcase>
  <testcase time="0.039" classname="| 581-MS-EI-DB-DL-REC-NON-RNI-CTPD-SAR-MD-TR-1-EarlyRePayment-Loanproduct.xlsx |" name="| 581-MS-EI-DB-DL-REC-NON-RNI-CTPD-SAR-MD-TR-1-EarlyRePayment-Loanproduct.xlsx |">
    <error message="Timed out after 100 seconds waiting for visibility of element located by By.id: interestType
Build info: version: &apos;2.29.1&apos;, revision: &apos;dfb1306b85be4934d23c123122e06e602a15e446&apos;, time: &apos;2013-01-22 12:58:05&apos;
System info: os.name: &apos;Windows Server 2012&apos;, os.arch: &apos;amd64&apos;, os.version: &apos;6.2&apos;, java.version: &apos;1.7.0_51&apos;
Driver info: driver.version: unknown" type="org.openqa.selenium.TimeoutException">org.openqa.selenium.TimeoutException: Timed out after 100 seconds waiting for visibility of element located by By.id: interestType
Build info: version: &apos;2.29.1&apos;, revision: &apos;dfb1306b85be4934d23c123122e06e602a15e446&apos;, time: &apos;2013-01-22 12:58:05&apos;
System info: os.name: &apos;Windows Server 2012&apos;, os.arch: &apos;amd64&apos;, os.version: &apos;6.2&apos;, java.version: &apos;1.7.0_51&apos;
Driver info: driver.version: unknown
	at org.openqa.selenium.support.ui.FluentWait.timeoutException(FluentWait.java:259)
	at org.openqa.selenium.support.ui.FluentWait.until(FluentWait.java:228)
	at com.mifos.pages.MifosWebPage.waitForElementToBeVisible(MifosWebPage.java:210)
	at com.mifos.pages.MifosWebPage.getElement(MifosWebPage.java:699)
	at com.mifos.pages.MifosWebPage.getElement(MifosWebPage.java:748)
	at com.mifos.pages.MifosWebPage.getElement(MifosWebPage.java:761)
	at com.mifos.pages.MifosWebPage.selectDropDownvalues(MifosWebPage.java:1532)
	at com.mifos.pages.FrontPage.createLoanProductExcelsheet(FrontPage.java:345)
	at com.mifos.pages.FrontPage.productLoanExcelSheet(FrontPage.java:237)
	at com.mifos.steps.LoanProductSteps.I_entered_the_values_into_product_loan_using(LoanProductSteps.java:22)
	at ✽.And I entered the values into product loan using(LoanMIFOS.feature:16)
Caused by: org.openqa.selenium.NoSuchElementException: no such element
  (Session info: chrome=43.0.2357.124)
  (Driver info: chromedriver=2.8.241075,platform=Windows NT 6.3 x86_64) (WARNING: The server did not provide any stacktrace information)
Command duration or timeout: 30.03 seconds
For documentation on this error, please visit: http://seleniumhq.org/exceptions/no_such_element.html
Build info: version: &apos;2.29.1&apos;, revision: &apos;dfb1306b85be4934d23c123122e06e602a15e446&apos;, time: &apos;2013-01-22 12:58:05&apos;
System info: os.name: &apos;Windows Server 2012&apos;, os.arch: &apos;amd64&apos;, os.version: &apos;6.2&apos;, java.version: &apos;1.7.0_51&apos;
Session ID: b65377c6886c60141451d350ee795e32
Driver info: org.openqa.selenium.chrome.ChromeDriver
Capabilities [{platform=XP, acceptSslCerts=true, javascriptEnabled=true, browserName=chrome, chrome={userDataDir=C:\Users\ADMINI~1\AppData\Local\Temp\2\scoped_dir3944_15418}, rotatable=false, locationContextEnabled=true, version=43.0.2357.124, takesHeapSnapshot=true, cssSelectorsEnabled=true, databaseEnabled=false, handlesAlerts=true, browserConnectionEnabled=false, webStorageEnabled=true, nativeEvents=true, applicationCacheEnabled=false, takesScreenshot=true}]
	at sun.reflect.NativeConstructorAccessorImpl.newInstance0(Native Method)
	at sun.reflect.NativeConstructorAccessorImpl.newInstance(NativeConstructorAccessorImpl.java:57)
	at sun.reflect.DelegatingConstructorAccessorImpl.newInstance(DelegatingConstructorAccessorImpl.java:45)
	at java.lang.reflect.Constructor.newInstance(Constructor.java:526)
	at org.openqa.selenium.remote.ErrorHandler.createThrowable(ErrorHandler.java:187)
	at org.openqa.selenium.remote.ErrorHandler.throwIfResponseFailed(ErrorHandler.java:145)
	at org.openqa.selenium.remote.RemoteWebDriver.execute(RemoteWebDriver.java:554)
	at org.openqa.selenium.remote.RemoteWebDriver.findElement(RemoteWebDriver.java:307)
	at org.openqa.selenium.remote.RemoteWebDriver.findElementById(RemoteWebDriver.java:348)
	at org.openqa.selenium.By$ById.findElement(By.java:216)
	at org.openqa.selenium.remote.RemoteWebDriver.findElement(RemoteWebDriver.java:299)
	at sun.reflect.GeneratedMethodAccessor8.invoke(Unknown Source)
	at sun.reflect.DelegatingMethodAccessorImpl.invoke(DelegatingMethodAccessorImpl.java:43)
	at java.lang.reflect.Method.invoke(Method.java:606)
	at org.openqa.selenium.support.events.EventFiringWebDriver$2.invoke(EventFiringWebDriver.java:101)
	at com.sun.proxy.$Proxy16.findElement(Unknown Source)
	at org.openqa.selenium.support.events.EventFiringWebDriver.findElement(EventFiringWebDriver.java:180)
	at org.openqa.selenium.support.ui.ExpectedConditions.findElement(ExpectedConditions.java:523)
	at org.openqa.selenium.support.ui.ExpectedConditions.access$000(ExpectedConditions.java:39)
	at org.openqa.selenium.support.ui.ExpectedConditions$4.apply(ExpectedConditions.java:130)
	at org.openqa.selenium.support.ui.ExpectedConditions$4.apply(ExpectedConditions.java:126)
	at org.openqa.selenium.support.ui.FluentWait.until(FluentWait.java:208)
	at com.mifos.pages.MifosWebPage.waitForElementToBeVisible(MifosWebPage.java:210)
	at com.mifos.pages.MifosWebPage.getElement(MifosWebPage.java:699)
	at com.mifos.pages.MifosWebPage.getElement(MifosWebPage.java:748)
	at com.mifos.pages.MifosWebPage.getElement(MifosWebPage.java:761)
	at com.mifos.pages.MifosWebPage.selectDropDownvalues(MifosWebPage.java:1532)
	at com.mifos.pages.FrontPage.createLoanProductExcelsheet(FrontPage.java:345)
	at com.mifos.pages.FrontPage.productLoanExcelSheet(FrontPage.java:237)
	at com.mifos.steps.LoanProductSteps.I_entered_the_values_into_product_loan_using(LoanProductSteps.java:22)
	at sun.reflect.NativeMethodAccessorImpl.invoke0(Native Method)
	at sun.reflect.NativeMethodAccessorImpl.invoke(NativeMethodAccessorImpl.java:57)
	at sun.reflect.DelegatingMethodAccessorImpl.invoke(DelegatingMethodAccessorImpl.java:43)
	at java.lang.reflect.Method.invoke(Method.java:606)
	at cucumber.runtime.Utils$1.call(Utils.java:44)
	at cucumber.runtime.Timeout.timeout(Timeout.java:12)
	at cucumber.runtime.Utils.invoke(Utils.java:40)
	at cucumber.runtime.java.JavaStepDefinition.execute(JavaStepDefinition.java:35)
	at cucumber.runtime.StepDefinitionMatch.runStep(StepDefinitionMatch.java:38)
	at cucumber.runtime.Runtime.runStep(Runtime.java:268)
	at cucumber.runtime.model.StepContainer.runStep(StepContainer.java:45)
	at cucumber.runtime.model.StepContainer.runSteps(StepContainer.java:40)
	at cucumber.runtime.model.CucumberScenario.run(CucumberScenario.java:36)
	at cucumber.runtime.junit.ExecutionUnitRunner.run(ExecutionUnitRunner.java:83)
	at org.junit.runners.Suite.runChild(Suite.java:127)
	at org.junit.runners.Suite.runChild(Suite.java:26)
	at org.junit.runners.ParentRunner$3.run(ParentRunner.java:238)
	at org.junit.runners.ParentRunner$1.schedule(ParentRunner.java:63)
	at org.junit.runners.ParentRunner.runChildren(ParentRunner.java:236)
	at org.junit.runners.ParentRunner.access$000(ParentRunner.java:53)
	at org.junit.runners.ParentRunner$2.evaluate(ParentRunner.java:229)
	at org.junit.runners.ParentRunner.run(ParentRunner.java:309)
	at org.junit.runners.Suite.runChild(Suite.java:127)
	at org.junit.runners.Suite.runChild(Suite.java:26)
	at org.junit.runners.ParentRunner$3.run(ParentRunner.java:238)
	at org.junit.runners.ParentRunner$1.schedule(ParentRunner.java:63)
	at org.junit.runners.ParentRunner.runChildren(ParentRunner.java:236)
	at org.junit.runners.ParentRunner.access$000(ParentRunner.java:53)
	at org.junit.runners.ParentRunner$2.evaluate(ParentRunner.java:229)
	at org.junit.runners.ParentRunner.run(ParentRunner.java:309)
	at cucumber.runtime.junit.FeatureRunner.runChild(FeatureRunner.java:63)
	at cucumber.runtime.junit.FeatureRunner.runChild(FeatureRunner.java:18)
	at org.junit.runners.ParentRunner$3.run(ParentRunner.java:238)
	at org.junit.runners.ParentRunner$1.schedule(ParentRunner.java:63)
	at org.junit.runners.ParentRunner.runChildren(ParentRunner.java:236)
	at org.junit.runners.ParentRunner.access$000(ParentRunner.java:53)
	at org.junit.runners.ParentRunner$2.evaluate(ParentRunner.java:229)
	at org.junit.runners.ParentRunner.run(ParentRunner.java:309)
	at cucumber.runtime.junit.FeatureRunner.run(FeatureRunner.java:70)
	at cucumber.api.junit.Cucumber.runChild(Cucumber.java:77)
	at cucumber.api.junit.Cucumber.runChild(Cucumber.java:37)
	at org.junit.runners.ParentRunner$3.run(ParentRunner.java:238)
	at org.junit.runners.ParentRunner$1.schedule(ParentRunner.java:63)
	at org.junit.runners.ParentRunner.runChildren(ParentRunner.java:236)
	at org.junit.runners.ParentRunner.access$000(ParentRunner.java:53)
	at org.junit.runners.ParentRunner$2.evaluate(ParentRunner.java:229)
	at org.junit.runners.ParentRunner.run(ParentRunner.java:309)
	at cucumber.api.junit.Cucumber.run(Cucumber.java:82)
	at org.apache.maven.surefire.junit4.JUnit4Provider.execute(JUnit4Provider.java:252)
	at org.apache.maven.surefire.junit4.JUnit4Provider.executeTestSet(JUnit4Provider.java:141)
	at org.apache.maven.surefire.junit4.JUnit4Provider.invoke(JUnit4Provider.java:112)
	at sun.reflect.NativeMethodAccessorImpl.invoke0(Native Method)
	at sun.reflect.NativeMethodAccessorImpl.invoke(NativeMethodAccessorImpl.java:57)
	at sun.reflect.DelegatingMethodAccessorImpl.invoke(DelegatingMethodAccessorImpl.java:43)
	at java.lang.reflect.Method.invoke(Method.java:606)
	at org.apache.maven.surefire.util.ReflectionUtils.invokeMethodWithArray(ReflectionUtils.java:189)
	at org.apache.maven.surefire.booter.ProviderFactory$ProviderProxy.invoke(ProviderFactory.java:165)
	at org.apache.maven.surefire.booter.ProviderFactory.invokeProvider(ProviderFactory.java:85)
	at org.apache.maven.surefire.booter.ForkedBooter.runSuitesInProcess(ForkedBooter.java:113)
	at org.apache.maven.surefire.booter.ForkedBooter.main(ForkedBooter.java:75)
</error>
  </testcase>
  <testcase time="0.039" classname="| 581-MS-EI-DB-DL-REC-NON-RNI-CTPD-SAR-MD-TR-1-EarlyRePayment-Loanproduct.xlsx |" name="Then I should see product loan created successfully">
    <skipped/>
  </testcase>
  <testcase time="0" classname="| 582-MS-EI-DB-DL-REC-NON-RNI-CTPD-DL-MD-TR-1-EarlyRePayment-Loanproduct.xlsx |" name="Given I navigate to mifos"/>
  <testcase time="0" classname="| 582-MS-EI-DB-DL-REC-NON-RNI-CTPD-DL-MD-TR-1-EarlyRePayment-Loanproduct.xlsx |" name="And I use login folder"/>
  <testcase time="0" classname="| 582-MS-EI-DB-DL-REC-NON-RNI-CTPD-DL-MD-TR-1-EarlyRePayment-Loanproduct.xlsx |" name="When I login into mifos site using excel sheet"/>
  <testcase time="0" classname="| 582-MS-EI-DB-DL-REC-NON-RNI-CTPD-DL-MD-TR-1-EarlyRePayment-Loanproduct.xlsx |" name="Then I should see logged in successfully"/>
  <testcase time="0" classname="| 582-MS-EI-DB-DL-REC-NON-RNI-CTPD-DL-MD-TR-1-EarlyRePayment-Loanproduct.xlsx |" name="Given I setup the product loan"/>
  <testcase time="0" classname="| 582-MS-EI-DB-DL-REC-NON-RNI-CTPD-DL-MD-TR-1-EarlyRePayment-Loanproduct.xlsx |" name="And I entered the values into product loan using"/>
  <testcase time="0" classname="| 582-MS-EI-DB-DL-REC-NON-RNI-CTPD-DL-MD-TR-1-EarlyRePayment-Loanproduct.xlsx |" name="Then I should see product loan created successfully"/>
  <testcase time="1.282" classname="| 582-MS-EI-DB-DL-REC-NON-RNI-CTPD-DL-MD-TR-1-EarlyRePayment-Loanproduct.xlsx |" name="| 582-MS-EI-DB-DL-REC-NON-RNI-CTPD-DL-MD-TR-1-EarlyRePayment-Loanproduct.xlsx |"/>
  <testcase time="0" classname="| 583-MS-EI-DB-DL-REC-NON-RNI-CTRFD-SAR-MD-TR-1-EarlyRePayment-Loanproduct.xlsx |" name="Given I navigate to mifos"/>
  <testcase time="0" classname="| 583-MS-EI-DB-DL-REC-NON-RNI-CTRFD-SAR-MD-TR-1-EarlyRePayment-Loanproduct.xlsx |" name="And I use login folder"/>
  <testcase time="0" classname="| 583-MS-EI-DB-DL-REC-NON-RNI-CTRFD-SAR-MD-TR-1-EarlyRePayment-Loanproduct.xlsx |" name="When I login into mifos site using excel sheet"/>
  <testcase time="0" classname="| 583-MS-EI-DB-DL-REC-NON-RNI-CTRFD-SAR-MD-TR-1-EarlyRePayment-Loanproduct.xlsx |" name="Then I should see logged in successfully"/>
  <testcase time="0" classname="| 583-MS-EI-DB-DL-REC-NON-RNI-CTRFD-SAR-MD-TR-1-EarlyRePayment-Loanproduct.xlsx |" name="Given I setup the product loan"/>
  <testcase time="0" classname="| 583-MS-EI-DB-DL-REC-NON-RNI-CTRFD-SAR-MD-TR-1-EarlyRePayment-Loanproduct.xlsx |" name="And I entered the values into product loan using"/>
  <testcase time="0" classname="| 583-MS-EI-DB-DL-REC-NON-RNI-CTRFD-SAR-MD-TR-1-EarlyRePayment-Loanproduct.xlsx |" name="Then I should see product loan created successfully">
    <error message="Timed out after 100 seconds waiting for visibility of element located by By.selector: legend.ng-binding
Build info: version: &apos;2.29.1&apos;, revision: &apos;dfb1306b85be4934d23c123122e06e602a15e446&apos;, time: &apos;2013-01-22 12:58:05&apos;
System info: os.name: &apos;Windows Server 2012&apos;, os.arch: &apos;amd64&apos;, os.version: &apos;6.2&apos;, java.version: &apos;1.7.0_51&apos;
Driver info: driver.version: unknown" type="org.openqa.selenium.TimeoutException">org.openqa.selenium.TimeoutException: Timed out after 100 seconds waiting for visibility of element located by By.selector: legend.ng-binding
Build info: version: &apos;2.29.1&apos;, revision: &apos;dfb1306b85be4934d23c123122e06e602a15e446&apos;, time: &apos;2013-01-22 12:58:05&apos;
System info: os.name: &apos;Windows Server 2012&apos;, os.arch: &apos;amd64&apos;, os.version: &apos;6.2&apos;, java.version: &apos;1.7.0_51&apos;
Driver info: driver.version: unknown
	at org.openqa.selenium.support.ui.FluentWait.timeoutException(FluentWait.java:259)
	at org.openqa.selenium.support.ui.FluentWait.until(FluentWait.java:228)
	at com.mifos.pages.MifosWebPage.waitForElementToBeVisible(MifosWebPage.java:210)
	at com.mifos.pages.MifosWebPage.getElement(MifosWebPage.java:699)
	at com.mifos.pages.MifosWebPage.getElement(MifosWebPage.java:684)
	at com.mifos.pages.MifosWebPage.getSingleText(MifosWebPage.java:941)
	at com.mifos.pages.MifosWebPage.validateSame(MifosWebPage.java:947)
	at com.mifos.pages.MifosWebPage.verifySuccessMessage(MifosWebPage.java:1815)
	at com.mifos.pages.FrontPage.verifyProductLoanExcelSheet(FrontPage.java:472)
	at com.mifos.steps.LoanProductSteps.I_should_see_product_loan_created_successfully(LoanProductSteps.java:27)
	at ✽.Then I should see product loan created successfully(LoanMIFOS.feature:18)
Caused by: org.openqa.selenium.NoSuchElementException: no such element
  (Session info: chrome=43.0.2357.124)
  (Driver info: chromedriver=2.8.241075,platform=Windows NT 6.3 x86_64) (WARNING: The server did not provide any stacktrace information)
Command duration or timeout: 30.05 seconds
For documentation on this error, please visit: http://seleniumhq.org/exceptions/no_such_element.html
Build info: version: &apos;2.29.1&apos;, revision: &apos;dfb1306b85be4934d23c123122e06e602a15e446&apos;, time: &apos;2013-01-22 12:58:05&apos;
System info: os.name: &apos;Windows Server 2012&apos;, os.arch: &apos;amd64&apos;, os.version: &apos;6.2&apos;, java.version: &apos;1.7.0_51&apos;
Session ID: 13e248e6f97b1b0c033f10c56f7f7b8d
Driver info: org.openqa.selenium.chrome.ChromeDriver
Capabilities [{platform=XP, acceptSslCerts=true, javascriptEnabled=true, browserName=chrome, chrome={userDataDir=C:\Users\ADMINI~1\AppData\Local\Temp\2\scoped_dir2472_32546}, rotatable=false, locationContextEnabled=true, version=43.0.2357.124, takesHeapSnapshot=true, cssSelectorsEnabled=true, databaseEnabled=false, handlesAlerts=true, browserConnectionEnabled=false, webStorageEnabled=true, nativeEvents=true, applicationCacheEnabled=false, takesScreenshot=true}]
	at sun.reflect.NativeConstructorAccessorImpl.newInstance0(Native Method)
	at sun.reflect.NativeConstructorAccessorImpl.newInstance(NativeConstructorAccessorImpl.java:57)
	at sun.reflect.DelegatingConstructorAccessorImpl.newInstance(DelegatingConstructorAccessorImpl.java:45)
	at java.lang.reflect.Constructor.newInstance(Constructor.java:526)
	at org.openqa.selenium.remote.ErrorHandler.createThrowable(ErrorHandler.java:187)
	at org.openqa.selenium.remote.ErrorHandler.throwIfResponseFailed(ErrorHandler.java:145)
	at org.openqa.selenium.remote.RemoteWebDriver.execute(RemoteWebDriver.java:554)
	at org.openqa.selenium.remote.RemoteWebDriver.findElement(RemoteWebDriver.java:307)
	at org.openqa.selenium.remote.RemoteWebDriver.findElementByCssSelector(RemoteWebDriver.java:396)
	at org.openqa.selenium.By$ByCssSelector.findElement(By.java:406)
	at org.openqa.selenium.remote.RemoteWebDriver.findElement(RemoteWebDriver.java:299)
	at sun.reflect.GeneratedMethodAccessor8.invoke(Unknown Source)
	at sun.reflect.DelegatingMethodAccessorImpl.invoke(DelegatingMethodAccessorImpl.java:43)
	at java.lang.reflect.Method.invoke(Method.java:606)
	at org.openqa.selenium.support.events.EventFiringWebDriver$2.invoke(EventFiringWebDriver.java:101)
	at com.sun.proxy.$Proxy16.findElement(Unknown Source)
	at org.openqa.selenium.support.events.EventFiringWebDriver.findElement(EventFiringWebDriver.java:180)
	at org.openqa.selenium.support.ui.ExpectedConditions.findElement(ExpectedConditions.java:523)
	at org.openqa.selenium.support.ui.ExpectedConditions.access$000(ExpectedConditions.java:39)
	at org.openqa.selenium.support.ui.ExpectedConditions$4.apply(ExpectedConditions.java:130)
	at org.openqa.selenium.support.ui.ExpectedConditions$4.apply(ExpectedConditions.java:126)
	at org.openqa.selenium.support.ui.FluentWait.until(FluentWait.java:208)
	at com.mifos.pages.MifosWebPage.waitForElementToBeVisible(MifosWebPage.java:210)
	at com.mifos.pages.MifosWebPage.getElement(MifosWebPage.java:699)
	at com.mifos.pages.MifosWebPage.getElement(MifosWebPage.java:684)
	at com.mifos.pages.MifosWebPage.getSingleText(MifosWebPage.java:941)
	at com.mifos.pages.MifosWebPage.validateSame(MifosWebPage.java:947)
	at com.mifos.pages.MifosWebPage.verifySuccessMessage(MifosWebPage.java:1815)
	at com.mifos.pages.FrontPage.verifyProductLoanExcelSheet(FrontPage.java:472)
	at com.mifos.steps.LoanProductSteps.I_should_see_product_loan_created_successfully(LoanProductSteps.java:27)
	at sun.reflect.NativeMethodAccessorImpl.invoke0(Native Method)
	at sun.reflect.NativeMethodAccessorImpl.invoke(NativeMethodAccessorImpl.java:57)
	at sun.reflect.DelegatingMethodAccessorImpl.invoke(DelegatingMethodAccessorImpl.java:43)
	at java.lang.reflect.Method.invoke(Method.java:606)
	at cucumber.runtime.Utils$1.call(Utils.java:44)
	at cucumber.runtime.Timeout.timeout(Timeout.java:12)
	at cucumber.runtime.Utils.invoke(Utils.java:40)
	at cucumber.runtime.java.JavaStepDefinition.execute(JavaStepDefinition.java:35)
	at cucumber.runtime.StepDefinitionMatch.runStep(StepDefinitionMatch.java:38)
	at cucumber.runtime.Runtime.runStep(Runtime.java:268)
	at cucumber.runtime.model.StepContainer.runStep(StepContainer.java:45)
	at cucumber.runtime.model.StepContainer.runSteps(StepContainer.java:40)
	at cucumber.runtime.model.CucumberScenario.run(CucumberScenario.java:36)
	at cucumber.runtime.junit.ExecutionUnitRunner.run(ExecutionUnitRunner.java:83)
	at org.junit.runners.Suite.runChild(Suite.java:127)
	at org.junit.runners.Suite.runChild(Suite.java:26)
	at org.junit.runners.ParentRunner$3.run(ParentRunner.java:238)
	at org.junit.runners.ParentRunner$1.schedule(ParentRunner.java:63)
	at org.junit.runners.ParentRunner.runChildren(ParentRunner.java:236)
	at org.junit.runners.ParentRunner.access$000(ParentRunner.java:53)
	at org.junit.runners.ParentRunner$2.evaluate(ParentRunner.java:229)
	at org.junit.runners.ParentRunner.run(ParentRunner.java:309)
	at org.junit.runners.Suite.runChild(Suite.java:127)
	at org.junit.runners.Suite.runChild(Suite.java:26)
	at org.junit.runners.ParentRunner$3.run(ParentRunner.java:238)
	at org.junit.runners.ParentRunner$1.schedule(ParentRunner.java:63)
	at org.junit.runners.ParentRunner.runChildren(ParentRunner.java:236)
	at org.junit.runners.ParentRunner.access$000(ParentRunner.java:53)
	at org.junit.runners.ParentRunner$2.evaluate(ParentRunner.java:229)
	at org.junit.runners.ParentRunner.run(ParentRunner.java:309)
	at cucumber.runtime.junit.FeatureRunner.runChild(FeatureRunner.java:63)
	at cucumber.runtime.junit.FeatureRunner.runChild(FeatureRunner.java:18)
	at org.junit.runners.ParentRunner$3.run(ParentRunner.java:238)
	at org.junit.runners.ParentRunner$1.schedule(ParentRunner.java:63)
	at org.junit.runners.ParentRunner.runChildren(ParentRunner.java:236)
	at org.junit.runners.ParentRunner.access$000(ParentRunner.java:53)
	at org.junit.runners.ParentRunner$2.evaluate(ParentRunner.java:229)
	at org.junit.runners.ParentRunner.run(ParentRunner.java:309)
	at cucumber.runtime.junit.FeatureRunner.run(FeatureRunner.java:70)
	at cucumber.api.junit.Cucumber.runChild(Cucumber.java:77)
	at cucumber.api.junit.Cucumber.runChild(Cucumber.java:37)
	at org.junit.runners.ParentRunner$3.run(ParentRunner.java:238)
	at org.junit.runners.ParentRunner$1.schedule(ParentRunner.java:63)
	at org.junit.runners.ParentRunner.runChildren(ParentRunner.java:236)
	at org.junit.runners.ParentRunner.access$000(ParentRunner.java:53)
	at org.junit.runners.ParentRunner$2.evaluate(ParentRunner.java:229)
	at org.junit.runners.ParentRunner.run(ParentRunner.java:309)
	at cucumber.api.junit.Cucumber.run(Cucumber.java:82)
	at org.apache.maven.surefire.junit4.JUnit4Provider.execute(JUnit4Provider.java:252)
	at org.apache.maven.surefire.junit4.JUnit4Provider.executeTestSet(JUnit4Provider.java:141)
	at org.apache.maven.surefire.junit4.JUnit4Provider.invoke(JUnit4Provider.java:112)
	at sun.reflect.NativeMethodAccessorImpl.invoke0(Native Method)
	at sun.reflect.NativeMethodAccessorImpl.invoke(NativeMethodAccessorImpl.java:57)
	at sun.reflect.DelegatingMethodAccessorImpl.invoke(DelegatingMethodAccessorImpl.java:43)
	at java.lang.reflect.Method.invoke(Method.java:606)
	at org.apache.maven.surefire.util.ReflectionUtils.invokeMethodWithArray(ReflectionUtils.java:189)
	at org.apache.maven.surefire.booter.ProviderFactory$ProviderProxy.invoke(ProviderFactory.java:165)
	at org.apache.maven.surefire.booter.ProviderFactory.invokeProvider(ProviderFactory.java:85)
	at org.apache.maven.surefire.booter.ForkedBooter.runSuitesInProcess(ForkedBooter.java:113)
	at org.apache.maven.surefire.booter.ForkedBooter.main(ForkedBooter.java:75)
</error>
    <system-out>welcome to mifos through excel
Cell One ... key=productname
583-MS-EI-DB-DL-REC-NON-RNI-CTRFD-SAR-MD-TR-1-EarlyRePayment
583-MS-EI-DB-DL-REC-NON-RNI-CTRFD-SAR-MD-TR-1-EarlyRePayment
</system-out>
  </testcase>
  <testcase time="0" classname="| 583-MS-EI-DB-DL-REC-NON-RNI-CTRFD-SAR-MD-TR-1-EarlyRePayment-Loanproduct.xlsx |" name="| 583-MS-EI-DB-DL-REC-NON-RNI-CTRFD-SAR-MD-TR-1-EarlyRePayment-Loanproduct.xlsx |">
    <error message="Timed out after 100 seconds waiting for visibility of element located by By.selector: legend.ng-binding
Build info: version: &apos;2.29.1&apos;, revision: &apos;dfb1306b85be4934d23c123122e06e602a15e446&apos;, time: &apos;2013-01-22 12:58:05&apos;
System info: os.name: &apos;Windows Server 2012&apos;, os.arch: &apos;amd64&apos;, os.version: &apos;6.2&apos;, java.version: &apos;1.7.0_51&apos;
Driver info: driver.version: unknown" type="org.openqa.selenium.TimeoutException">org.openqa.selenium.TimeoutException: Timed out after 100 seconds waiting for visibility of element located by By.selector: legend.ng-binding
Build info: version: &apos;2.29.1&apos;, revision: &apos;dfb1306b85be4934d23c123122e06e602a15e446&apos;, time: &apos;2013-01-22 12:58:05&apos;
System info: os.name: &apos;Windows Server 2012&apos;, os.arch: &apos;amd64&apos;, os.version: &apos;6.2&apos;, java.version: &apos;1.7.0_51&apos;
Driver info: driver.version: unknown
	at org.openqa.selenium.support.ui.FluentWait.timeoutException(FluentWait.java:259)
	at org.openqa.selenium.support.ui.FluentWait.until(FluentWait.java:228)
	at com.mifos.pages.MifosWebPage.waitForElementToBeVisible(MifosWebPage.java:210)
	at com.mifos.pages.MifosWebPage.getElement(MifosWebPage.java:699)
	at com.mifos.pages.MifosWebPage.getElement(MifosWebPage.java:684)
	at com.mifos.pages.MifosWebPage.getSingleText(MifosWebPage.java:941)
	at com.mifos.pages.MifosWebPage.validateSame(MifosWebPage.java:947)
	at com.mifos.pages.MifosWebPage.verifySuccessMessage(MifosWebPage.java:1815)
	at com.mifos.pages.FrontPage.verifyProductLoanExcelSheet(FrontPage.java:472)
	at com.mifos.steps.LoanProductSteps.I_should_see_product_loan_created_successfully(LoanProductSteps.java:27)
	at ✽.Then I should see product loan created successfully(LoanMIFOS.feature:18)
Caused by: org.openqa.selenium.NoSuchElementException: no such element
  (Session info: chrome=43.0.2357.124)
  (Driver info: chromedriver=2.8.241075,platform=Windows NT 6.3 x86_64) (WARNING: The server did not provide any stacktrace information)
Command duration or timeout: 30.05 seconds
For documentation on this error, please visit: http://seleniumhq.org/exceptions/no_such_element.html
Build info: version: &apos;2.29.1&apos;, revision: &apos;dfb1306b85be4934d23c123122e06e602a15e446&apos;, time: &apos;2013-01-22 12:58:05&apos;
System info: os.name: &apos;Windows Server 2012&apos;, os.arch: &apos;amd64&apos;, os.version: &apos;6.2&apos;, java.version: &apos;1.7.0_51&apos;
Session ID: 13e248e6f97b1b0c033f10c56f7f7b8d
Driver info: org.openqa.selenium.chrome.ChromeDriver
Capabilities [{platform=XP, acceptSslCerts=true, javascriptEnabled=true, browserName=chrome, chrome={userDataDir=C:\Users\ADMINI~1\AppData\Local\Temp\2\scoped_dir2472_32546}, rotatable=false, locationContextEnabled=true, version=43.0.2357.124, takesHeapSnapshot=true, cssSelectorsEnabled=true, databaseEnabled=false, handlesAlerts=true, browserConnectionEnabled=false, webStorageEnabled=true, nativeEvents=true, applicationCacheEnabled=false, takesScreenshot=true}]
	at sun.reflect.NativeConstructorAccessorImpl.newInstance0(Native Method)
	at sun.reflect.NativeConstructorAccessorImpl.newInstance(NativeConstructorAccessorImpl.java:57)
	at sun.reflect.DelegatingConstructorAccessorImpl.newInstance(DelegatingConstructorAccessorImpl.java:45)
	at java.lang.reflect.Constructor.newInstance(Constructor.java:526)
	at org.openqa.selenium.remote.ErrorHandler.createThrowable(ErrorHandler.java:187)
	at org.openqa.selenium.remote.ErrorHandler.throwIfResponseFailed(ErrorHandler.java:145)
	at org.openqa.selenium.remote.RemoteWebDriver.execute(RemoteWebDriver.java:554)
	at org.openqa.selenium.remote.RemoteWebDriver.findElement(RemoteWebDriver.java:307)
	at org.openqa.selenium.remote.RemoteWebDriver.findElementByCssSelector(RemoteWebDriver.java:396)
	at org.openqa.selenium.By$ByCssSelector.findElement(By.java:406)
	at org.openqa.selenium.remote.RemoteWebDriver.findElement(RemoteWebDriver.java:299)
	at sun.reflect.GeneratedMethodAccessor8.invoke(Unknown Source)
	at sun.reflect.DelegatingMethodAccessorImpl.invoke(DelegatingMethodAccessorImpl.java:43)
	at java.lang.reflect.Method.invoke(Method.java:606)
	at org.openqa.selenium.support.events.EventFiringWebDriver$2.invoke(EventFiringWebDriver.java:101)
	at com.sun.proxy.$Proxy16.findElement(Unknown Source)
	at org.openqa.selenium.support.events.EventFiringWebDriver.findElement(EventFiringWebDriver.java:180)
	at org.openqa.selenium.support.ui.ExpectedConditions.findElement(ExpectedConditions.java:523)
	at org.openqa.selenium.support.ui.ExpectedConditions.access$000(ExpectedConditions.java:39)
	at org.openqa.selenium.support.ui.ExpectedConditions$4.apply(ExpectedConditions.java:130)
	at org.openqa.selenium.support.ui.ExpectedConditions$4.apply(ExpectedConditions.java:126)
	at org.openqa.selenium.support.ui.FluentWait.until(FluentWait.java:208)
	at com.mifos.pages.MifosWebPage.waitForElementToBeVisible(MifosWebPage.java:210)
	at com.mifos.pages.MifosWebPage.getElement(MifosWebPage.java:699)
	at com.mifos.pages.MifosWebPage.getElement(MifosWebPage.java:684)
	at com.mifos.pages.MifosWebPage.getSingleText(MifosWebPage.java:941)
	at com.mifos.pages.MifosWebPage.validateSame(MifosWebPage.java:947)
	at com.mifos.pages.MifosWebPage.verifySuccessMessage(MifosWebPage.java:1815)
	at com.mifos.pages.FrontPage.verifyProductLoanExcelSheet(FrontPage.java:472)
	at com.mifos.steps.LoanProductSteps.I_should_see_product_loan_created_successfully(LoanProductSteps.java:27)
	at sun.reflect.NativeMethodAccessorImpl.invoke0(Native Method)
	at sun.reflect.NativeMethodAccessorImpl.invoke(NativeMethodAccessorImpl.java:57)
	at sun.reflect.DelegatingMethodAccessorImpl.invoke(DelegatingMethodAccessorImpl.java:43)
	at java.lang.reflect.Method.invoke(Method.java:606)
	at cucumber.runtime.Utils$1.call(Utils.java:44)
	at cucumber.runtime.Timeout.timeout(Timeout.java:12)
	at cucumber.runtime.Utils.invoke(Utils.java:40)
	at cucumber.runtime.java.JavaStepDefinition.execute(JavaStepDefinition.java:35)
	at cucumber.runtime.StepDefinitionMatch.runStep(StepDefinitionMatch.java:38)
	at cucumber.runtime.Runtime.runStep(Runtime.java:268)
	at cucumber.runtime.model.StepContainer.runStep(StepContainer.java:45)
	at cucumber.runtime.model.StepContainer.runSteps(StepContainer.java:40)
	at cucumber.runtime.model.CucumberScenario.run(CucumberScenario.java:36)
	at cucumber.runtime.junit.ExecutionUnitRunner.run(ExecutionUnitRunner.java:83)
	at org.junit.runners.Suite.runChild(Suite.java:127)
	at org.junit.runners.Suite.runChild(Suite.java:26)
	at org.junit.runners.ParentRunner$3.run(ParentRunner.java:238)
	at org.junit.runners.ParentRunner$1.schedule(ParentRunner.java:63)
	at org.junit.runners.ParentRunner.runChildren(ParentRunner.java:236)
	at org.junit.runners.ParentRunner.access$000(ParentRunner.java:53)
	at org.junit.runners.ParentRunner$2.evaluate(ParentRunner.java:229)
	at org.junit.runners.ParentRunner.run(ParentRunner.java:309)
	at org.junit.runners.Suite.runChild(Suite.java:127)
	at org.junit.runners.Suite.runChild(Suite.java:26)
	at org.junit.runners.ParentRunner$3.run(ParentRunner.java:238)
	at org.junit.runners.ParentRunner$1.schedule(ParentRunner.java:63)
	at org.junit.runners.ParentRunner.runChildren(ParentRunner.java:236)
	at org.junit.runners.ParentRunner.access$000(ParentRunner.java:53)
	at org.junit.runners.ParentRunner$2.evaluate(ParentRunner.java:229)
	at org.junit.runners.ParentRunner.run(ParentRunner.java:309)
	at cucumber.runtime.junit.FeatureRunner.runChild(FeatureRunner.java:63)
	at cucumber.runtime.junit.FeatureRunner.runChild(FeatureRunner.java:18)
	at org.junit.runners.ParentRunner$3.run(ParentRunner.java:238)
	at org.junit.runners.ParentRunner$1.schedule(ParentRunner.java:63)
	at org.junit.runners.ParentRunner.runChildren(ParentRunner.java:236)
	at org.junit.runners.ParentRunner.access$000(ParentRunner.java:53)
	at org.junit.runners.ParentRunner$2.evaluate(ParentRunner.java:229)
	at org.junit.runners.ParentRunner.run(ParentRunner.java:309)
	at cucumber.runtime.junit.FeatureRunner.run(FeatureRunner.java:70)
	at cucumber.api.junit.Cucumber.runChild(Cucumber.java:77)
	at cucumber.api.junit.Cucumber.runChild(Cucumber.java:37)
	at org.junit.runners.ParentRunner$3.run(ParentRunner.java:238)
	at org.junit.runners.ParentRunner$1.schedule(ParentRunner.java:63)
	at org.junit.runners.ParentRunner.runChildren(ParentRunner.java:236)
	at org.junit.runners.ParentRunner.access$000(ParentRunner.java:53)
	at org.junit.runners.ParentRunner$2.evaluate(ParentRunner.java:229)
	at org.junit.runners.ParentRunner.run(ParentRunner.java:309)
	at cucumber.api.junit.Cucumber.run(Cucumber.java:82)
	at org.apache.maven.surefire.junit4.JUnit4Provider.execute(JUnit4Provider.java:252)
	at org.apache.maven.surefire.junit4.JUnit4Provider.executeTestSet(JUnit4Provider.java:141)
	at org.apache.maven.surefire.junit4.JUnit4Provider.invoke(JUnit4Provider.java:112)
	at sun.reflect.NativeMethodAccessorImpl.invoke0(Native Method)
	at sun.reflect.NativeMethodAccessorImpl.invoke(NativeMethodAccessorImpl.java:57)
	at sun.reflect.DelegatingMethodAccessorImpl.invoke(DelegatingMethodAccessorImpl.java:43)
	at java.lang.reflect.Method.invoke(Method.java:606)
	at org.apache.maven.surefire.util.ReflectionUtils.invokeMethodWithArray(ReflectionUtils.java:189)
	at org.apache.maven.surefire.booter.ProviderFactory$ProviderProxy.invoke(ProviderFactory.java:165)
	at org.apache.maven.surefire.booter.ProviderFactory.invokeProvider(ProviderFactory.java:85)
	at org.apache.maven.surefire.booter.ForkedBooter.runSuitesInProcess(ForkedBooter.java:113)
	at org.apache.maven.surefire.booter.ForkedBooter.main(ForkedBooter.java:75)
</error>
  </testcase>
  <testcase time="0" classname="| 584-MS-EI-DB-DL-REC-NON-RNI-CTRFD-DL-MD-TR-1-EarlyRePayment-Loanproduct.xlsx |" name="Given I navigate to mifos"/>
  <testcase time="0" classname="| 584-MS-EI-DB-DL-REC-NON-RNI-CTRFD-DL-MD-TR-1-EarlyRePayment-Loanproduct.xlsx |" name="And I use login folder"/>
  <testcase time="0" classname="| 584-MS-EI-DB-DL-REC-NON-RNI-CTRFD-DL-MD-TR-1-EarlyRePayment-Loanproduct.xlsx |" name="When I login into mifos site using excel sheet"/>
  <testcase time="0" classname="| 584-MS-EI-DB-DL-REC-NON-RNI-CTRFD-DL-MD-TR-1-EarlyRePayment-Loanproduct.xlsx |" name="Then I should see logged in successfully"/>
  <testcase time="0" classname="| 584-MS-EI-DB-DL-REC-NON-RNI-CTRFD-DL-MD-TR-1-EarlyRePayment-Loanproduct.xlsx |" name="Given I setup the product loan"/>
  <testcase time="0" classname="| 584-MS-EI-DB-DL-REC-NON-RNI-CTRFD-DL-MD-TR-1-EarlyRePayment-Loanproduct.xlsx |" name="And I entered the values into product loan using"/>
  <testcase time="0" classname="| 584-MS-EI-DB-DL-REC-NON-RNI-CTRFD-DL-MD-TR-1-EarlyRePayment-Loanproduct.xlsx |" name="Then I should see product loan created successfully">
    <error message="Timed out after 100 seconds waiting for visibility of element located by By.selector: legend.ng-binding
Build info: version: &apos;2.29.1&apos;, revision: &apos;dfb1306b85be4934d23c123122e06e602a15e446&apos;, time: &apos;2013-01-22 12:58:05&apos;
System info: os.name: &apos;Windows Server 2012&apos;, os.arch: &apos;amd64&apos;, os.version: &apos;6.2&apos;, java.version: &apos;1.7.0_51&apos;
Driver info: driver.version: unknown" type="org.openqa.selenium.TimeoutException">org.openqa.selenium.TimeoutException: Timed out after 100 seconds waiting for visibility of element located by By.selector: legend.ng-binding
Build info: version: &apos;2.29.1&apos;, revision: &apos;dfb1306b85be4934d23c123122e06e602a15e446&apos;, time: &apos;2013-01-22 12:58:05&apos;
System info: os.name: &apos;Windows Server 2012&apos;, os.arch: &apos;amd64&apos;, os.version: &apos;6.2&apos;, java.version: &apos;1.7.0_51&apos;
Driver info: driver.version: unknown
	at org.openqa.selenium.support.ui.FluentWait.timeoutException(FluentWait.java:259)
	at org.openqa.selenium.support.ui.FluentWait.until(FluentWait.java:228)
	at com.mifos.pages.MifosWebPage.waitForElementToBeVisible(MifosWebPage.java:210)
	at com.mifos.pages.MifosWebPage.getElement(MifosWebPage.java:699)
	at com.mifos.pages.MifosWebPage.getElement(MifosWebPage.java:684)
	at com.mifos.pages.MifosWebPage.getSingleText(MifosWebPage.java:941)
	at com.mifos.pages.MifosWebPage.validateSame(MifosWebPage.java:947)
	at com.mifos.pages.MifosWebPage.verifySuccessMessage(MifosWebPage.java:1815)
	at com.mifos.pages.FrontPage.verifyProductLoanExcelSheet(FrontPage.java:472)
	at com.mifos.steps.LoanProductSteps.I_should_see_product_loan_created_successfully(LoanProductSteps.java:27)
	at ✽.Then I should see product loan created successfully(LoanMIFOS.feature:18)
Caused by: org.openqa.selenium.NoSuchElementException: no such element
  (Session info: chrome=43.0.2357.124)
  (Driver info: chromedriver=2.8.241075,platform=Windows NT 6.3 x86_64) (WARNING: The server did not provide any stacktrace information)
Command duration or timeout: 30.02 seconds
For documentation on this error, please visit: http://seleniumhq.org/exceptions/no_such_element.html
Build info: version: &apos;2.29.1&apos;, revision: &apos;dfb1306b85be4934d23c123122e06e602a15e446&apos;, time: &apos;2013-01-22 12:58:05&apos;
System info: os.name: &apos;Windows Server 2012&apos;, os.arch: &apos;amd64&apos;, os.version: &apos;6.2&apos;, java.version: &apos;1.7.0_51&apos;
Session ID: d4b058c249e08691eb5bdf67b5cb090d
Driver info: org.openqa.selenium.chrome.ChromeDriver
Capabilities [{platform=XP, acceptSslCerts=true, javascriptEnabled=true, browserName=chrome, chrome={userDataDir=C:\Users\ADMINI~1\AppData\Local\Temp\2\scoped_dir3288_17338}, rotatable=false, locationContextEnabled=true, version=43.0.2357.124, takesHeapSnapshot=true, cssSelectorsEnabled=true, databaseEnabled=false, handlesAlerts=true, browserConnectionEnabled=false, webStorageEnabled=true, nativeEvents=true, applicationCacheEnabled=false, takesScreenshot=true}]
	at sun.reflect.NativeConstructorAccessorImpl.newInstance0(Native Method)
	at sun.reflect.NativeConstructorAccessorImpl.newInstance(NativeConstructorAccessorImpl.java:57)
	at sun.reflect.DelegatingConstructorAccessorImpl.newInstance(DelegatingConstructorAccessorImpl.java:45)
	at java.lang.reflect.Constructor.newInstance(Constructor.java:526)
	at org.openqa.selenium.remote.ErrorHandler.createThrowable(ErrorHandler.java:187)
	at org.openqa.selenium.remote.ErrorHandler.throwIfResponseFailed(ErrorHandler.java:145)
	at org.openqa.selenium.remote.RemoteWebDriver.execute(RemoteWebDriver.java:554)
	at org.openqa.selenium.remote.RemoteWebDriver.findElement(RemoteWebDriver.java:307)
	at org.openqa.selenium.remote.RemoteWebDriver.findElementByCssSelector(RemoteWebDriver.java:396)
	at org.openqa.selenium.By$ByCssSelector.findElement(By.java:406)
	at org.openqa.selenium.remote.RemoteWebDriver.findElement(RemoteWebDriver.java:299)
	at sun.reflect.GeneratedMethodAccessor8.invoke(Unknown Source)
	at sun.reflect.DelegatingMethodAccessorImpl.invoke(DelegatingMethodAccessorImpl.java:43)
	at java.lang.reflect.Method.invoke(Method.java:606)
	at org.openqa.selenium.support.events.EventFiringWebDriver$2.invoke(EventFiringWebDriver.java:101)
	at com.sun.proxy.$Proxy16.findElement(Unknown Source)
	at org.openqa.selenium.support.events.EventFiringWebDriver.findElement(EventFiringWebDriver.java:180)
	at org.openqa.selenium.support.ui.ExpectedConditions.findElement(ExpectedConditions.java:523)
	at org.openqa.selenium.support.ui.ExpectedConditions.access$000(ExpectedConditions.java:39)
	at org.openqa.selenium.support.ui.ExpectedConditions$4.apply(ExpectedConditions.java:130)
	at org.openqa.selenium.support.ui.ExpectedConditions$4.apply(ExpectedConditions.java:126)
	at org.openqa.selenium.support.ui.FluentWait.until(FluentWait.java:208)
	at com.mifos.pages.MifosWebPage.waitForElementToBeVisible(MifosWebPage.java:210)
	at com.mifos.pages.MifosWebPage.getElement(MifosWebPage.java:699)
	at com.mifos.pages.MifosWebPage.getElement(MifosWebPage.java:684)
	at com.mifos.pages.MifosWebPage.getSingleText(MifosWebPage.java:941)
	at com.mifos.pages.MifosWebPage.validateSame(MifosWebPage.java:947)
	at com.mifos.pages.MifosWebPage.verifySuccessMessage(MifosWebPage.java:1815)
	at com.mifos.pages.FrontPage.verifyProductLoanExcelSheet(FrontPage.java:472)
	at com.mifos.steps.LoanProductSteps.I_should_see_product_loan_created_successfully(LoanProductSteps.java:27)
	at sun.reflect.NativeMethodAccessorImpl.invoke0(Native Method)
	at sun.reflect.NativeMethodAccessorImpl.invoke(NativeMethodAccessorImpl.java:57)
	at sun.reflect.DelegatingMethodAccessorImpl.invoke(DelegatingMethodAccessorImpl.java:43)
	at java.lang.reflect.Method.invoke(Method.java:606)
	at cucumber.runtime.Utils$1.call(Utils.java:44)
	at cucumber.runtime.Timeout.timeout(Timeout.java:12)
	at cucumber.runtime.Utils.invoke(Utils.java:40)
	at cucumber.runtime.java.JavaStepDefinition.execute(JavaStepDefinition.java:35)
	at cucumber.runtime.StepDefinitionMatch.runStep(StepDefinitionMatch.java:38)
	at cucumber.runtime.Runtime.runStep(Runtime.java:268)
	at cucumber.runtime.model.StepContainer.runStep(StepContainer.java:45)
	at cucumber.runtime.model.StepContainer.runSteps(StepContainer.java:40)
	at cucumber.runtime.model.CucumberScenario.run(CucumberScenario.java:36)
	at cucumber.runtime.junit.ExecutionUnitRunner.run(ExecutionUnitRunner.java:83)
	at org.junit.runners.Suite.runChild(Suite.java:127)
	at org.junit.runners.Suite.runChild(Suite.java:26)
	at org.junit.runners.ParentRunner$3.run(ParentRunner.java:238)
	at org.junit.runners.ParentRunner$1.schedule(ParentRunner.java:63)
	at org.junit.runners.ParentRunner.runChildren(ParentRunner.java:236)
	at org.junit.runners.ParentRunner.access$000(ParentRunner.java:53)
	at org.junit.runners.ParentRunner$2.evaluate(ParentRunner.java:229)
	at org.junit.runners.ParentRunner.run(ParentRunner.java:309)
	at org.junit.runners.Suite.runChild(Suite.java:127)
	at org.junit.runners.Suite.runChild(Suite.java:26)
	at org.junit.runners.ParentRunner$3.run(ParentRunner.java:238)
	at org.junit.runners.ParentRunner$1.schedule(ParentRunner.java:63)
	at org.junit.runners.ParentRunner.runChildren(ParentRunner.java:236)
	at org.junit.runners.ParentRunner.access$000(ParentRunner.java:53)
	at org.junit.runners.ParentRunner$2.evaluate(ParentRunner.java:229)
	at org.junit.runners.ParentRunner.run(ParentRunner.java:309)
	at cucumber.runtime.junit.FeatureRunner.runChild(FeatureRunner.java:63)
	at cucumber.runtime.junit.FeatureRunner.runChild(FeatureRunner.java:18)
	at org.junit.runners.ParentRunner$3.run(ParentRunner.java:238)
	at org.junit.runners.ParentRunner$1.schedule(ParentRunner.java:63)
	at org.junit.runners.ParentRunner.runChildren(ParentRunner.java:236)
	at org.junit.runners.ParentRunner.access$000(ParentRunner.java:53)
	at org.junit.runners.ParentRunner$2.evaluate(ParentRunner.java:229)
	at org.junit.runners.ParentRunner.run(ParentRunner.java:309)
	at cucumber.runtime.junit.FeatureRunner.run(FeatureRunner.java:70)
	at cucumber.api.junit.Cucumber.runChild(Cucumber.java:77)
	at cucumber.api.junit.Cucumber.runChild(Cucumber.java:37)
	at org.junit.runners.ParentRunner$3.run(ParentRunner.java:238)
	at org.junit.runners.ParentRunner$1.schedule(ParentRunner.java:63)
	at org.junit.runners.ParentRunner.runChildren(ParentRunner.java:236)
	at org.junit.runners.ParentRunner.access$000(ParentRunner.java:53)
	at org.junit.runners.ParentRunner$2.evaluate(ParentRunner.java:229)
	at org.junit.runners.ParentRunner.run(ParentRunner.java:309)
	at cucumber.api.junit.Cucumber.run(Cucumber.java:82)
	at org.apache.maven.surefire.junit4.JUnit4Provider.execute(JUnit4Provider.java:252)
	at org.apache.maven.surefire.junit4.JUnit4Provider.executeTestSet(JUnit4Provider.java:141)
	at org.apache.maven.surefire.junit4.JUnit4Provider.invoke(JUnit4Provider.java:112)
	at sun.reflect.NativeMethodAccessorImpl.invoke0(Native Method)
	at sun.reflect.NativeMethodAccessorImpl.invoke(NativeMethodAccessorImpl.java:57)
	at sun.reflect.DelegatingMethodAccessorImpl.invoke(DelegatingMethodAccessorImpl.java:43)
	at java.lang.reflect.Method.invoke(Method.java:606)
	at org.apache.maven.surefire.util.ReflectionUtils.invokeMethodWithArray(ReflectionUtils.java:189)
	at org.apache.maven.surefire.booter.ProviderFactory$ProviderProxy.invoke(ProviderFactory.java:165)
	at org.apache.maven.surefire.booter.ProviderFactory.invokeProvider(ProviderFactory.java:85)
	at org.apache.maven.surefire.booter.ForkedBooter.runSuitesInProcess(ForkedBooter.java:113)
	at org.apache.maven.surefire.booter.ForkedBooter.main(ForkedBooter.java:75)
</error>
    <system-out>welcome to mifos through excel
Cell One ... key=productname
584-MS-EI-DB-DL-REC-NON-RNI-CTRFD-DL-MD-TR-1-EarlyRePayment
584-MS-EI-DB-DL-REC-NON-RNI-CTRFD-DL-MD-TR-1-EarlyRePayment
</system-out>
  </testcase>
  <testcase time="0" classname="| 584-MS-EI-DB-DL-REC-NON-RNI-CTRFD-DL-MD-TR-1-EarlyRePayment-Loanproduct.xlsx |" name="| 584-MS-EI-DB-DL-REC-NON-RNI-CTRFD-DL-MD-TR-1-EarlyRePayment-Loanproduct.xlsx |">
    <error message="Timed out after 100 seconds waiting for visibility of element located by By.selector: legend.ng-binding
Build info: version: &apos;2.29.1&apos;, revision: &apos;dfb1306b85be4934d23c123122e06e602a15e446&apos;, time: &apos;2013-01-22 12:58:05&apos;
System info: os.name: &apos;Windows Server 2012&apos;, os.arch: &apos;amd64&apos;, os.version: &apos;6.2&apos;, java.version: &apos;1.7.0_51&apos;
Driver info: driver.version: unknown" type="org.openqa.selenium.TimeoutException">org.openqa.selenium.TimeoutException: Timed out after 100 seconds waiting for visibility of element located by By.selector: legend.ng-binding
Build info: version: &apos;2.29.1&apos;, revision: &apos;dfb1306b85be4934d23c123122e06e602a15e446&apos;, time: &apos;2013-01-22 12:58:05&apos;
System info: os.name: &apos;Windows Server 2012&apos;, os.arch: &apos;amd64&apos;, os.version: &apos;6.2&apos;, java.version: &apos;1.7.0_51&apos;
Driver info: driver.version: unknown
	at org.openqa.selenium.support.ui.FluentWait.timeoutException(FluentWait.java:259)
	at org.openqa.selenium.support.ui.FluentWait.until(FluentWait.java:228)
	at com.mifos.pages.MifosWebPage.waitForElementToBeVisible(MifosWebPage.java:210)
	at com.mifos.pages.MifosWebPage.getElement(MifosWebPage.java:699)
	at com.mifos.pages.MifosWebPage.getElement(MifosWebPage.java:684)
	at com.mifos.pages.MifosWebPage.getSingleText(MifosWebPage.java:941)
	at com.mifos.pages.MifosWebPage.validateSame(MifosWebPage.java:947)
	at com.mifos.pages.MifosWebPage.verifySuccessMessage(MifosWebPage.java:1815)
	at com.mifos.pages.FrontPage.verifyProductLoanExcelSheet(FrontPage.java:472)
	at com.mifos.steps.LoanProductSteps.I_should_see_product_loan_created_successfully(LoanProductSteps.java:27)
	at ✽.Then I should see product loan created successfully(LoanMIFOS.feature:18)
Caused by: org.openqa.selenium.NoSuchElementException: no such element
  (Session info: chrome=43.0.2357.124)
  (Driver info: chromedriver=2.8.241075,platform=Windows NT 6.3 x86_64) (WARNING: The server did not provide any stacktrace information)
Command duration or timeout: 30.02 seconds
For documentation on this error, please visit: http://seleniumhq.org/exceptions/no_such_element.html
Build info: version: &apos;2.29.1&apos;, revision: &apos;dfb1306b85be4934d23c123122e06e602a15e446&apos;, time: &apos;2013-01-22 12:58:05&apos;
System info: os.name: &apos;Windows Server 2012&apos;, os.arch: &apos;amd64&apos;, os.version: &apos;6.2&apos;, java.version: &apos;1.7.0_51&apos;
Session ID: d4b058c249e08691eb5bdf67b5cb090d
Driver info: org.openqa.selenium.chrome.ChromeDriver
Capabilities [{platform=XP, acceptSslCerts=true, javascriptEnabled=true, browserName=chrome, chrome={userDataDir=C:\Users\ADMINI~1\AppData\Local\Temp\2\scoped_dir3288_17338}, rotatable=false, locationContextEnabled=true, version=43.0.2357.124, takesHeapSnapshot=true, cssSelectorsEnabled=true, databaseEnabled=false, handlesAlerts=true, browserConnectionEnabled=false, webStorageEnabled=true, nativeEvents=true, applicationCacheEnabled=false, takesScreenshot=true}]
	at sun.reflect.NativeConstructorAccessorImpl.newInstance0(Native Method)
	at sun.reflect.NativeConstructorAccessorImpl.newInstance(NativeConstructorAccessorImpl.java:57)
	at sun.reflect.DelegatingConstructorAccessorImpl.newInstance(DelegatingConstructorAccessorImpl.java:45)
	at java.lang.reflect.Constructor.newInstance(Constructor.java:526)
	at org.openqa.selenium.remote.ErrorHandler.createThrowable(ErrorHandler.java:187)
	at org.openqa.selenium.remote.ErrorHandler.throwIfResponseFailed(ErrorHandler.java:145)
	at org.openqa.selenium.remote.RemoteWebDriver.execute(RemoteWebDriver.java:554)
	at org.openqa.selenium.remote.RemoteWebDriver.findElement(RemoteWebDriver.java:307)
	at org.openqa.selenium.remote.RemoteWebDriver.findElementByCssSelector(RemoteWebDriver.java:396)
	at org.openqa.selenium.By$ByCssSelector.findElement(By.java:406)
	at org.openqa.selenium.remote.RemoteWebDriver.findElement(RemoteWebDriver.java:299)
	at sun.reflect.GeneratedMethodAccessor8.invoke(Unknown Source)
	at sun.reflect.DelegatingMethodAccessorImpl.invoke(DelegatingMethodAccessorImpl.java:43)
	at java.lang.reflect.Method.invoke(Method.java:606)
	at org.openqa.selenium.support.events.EventFiringWebDriver$2.invoke(EventFiringWebDriver.java:101)
	at com.sun.proxy.$Proxy16.findElement(Unknown Source)
	at org.openqa.selenium.support.events.EventFiringWebDriver.findElement(EventFiringWebDriver.java:180)
	at org.openqa.selenium.support.ui.ExpectedConditions.findElement(ExpectedConditions.java:523)
	at org.openqa.selenium.support.ui.ExpectedConditions.access$000(ExpectedConditions.java:39)
	at org.openqa.selenium.support.ui.ExpectedConditions$4.apply(ExpectedConditions.java:130)
	at org.openqa.selenium.support.ui.ExpectedConditions$4.apply(ExpectedConditions.java:126)
	at org.openqa.selenium.support.ui.FluentWait.until(FluentWait.java:208)
	at com.mifos.pages.MifosWebPage.waitForElementToBeVisible(MifosWebPage.java:210)
	at com.mifos.pages.MifosWebPage.getElement(MifosWebPage.java:699)
	at com.mifos.pages.MifosWebPage.getElement(MifosWebPage.java:684)
	at com.mifos.pages.MifosWebPage.getSingleText(MifosWebPage.java:941)
	at com.mifos.pages.MifosWebPage.validateSame(MifosWebPage.java:947)
	at com.mifos.pages.MifosWebPage.verifySuccessMessage(MifosWebPage.java:1815)
	at com.mifos.pages.FrontPage.verifyProductLoanExcelSheet(FrontPage.java:472)
	at com.mifos.steps.LoanProductSteps.I_should_see_product_loan_created_successfully(LoanProductSteps.java:27)
	at sun.reflect.NativeMethodAccessorImpl.invoke0(Native Method)
	at sun.reflect.NativeMethodAccessorImpl.invoke(NativeMethodAccessorImpl.java:57)
	at sun.reflect.DelegatingMethodAccessorImpl.invoke(DelegatingMethodAccessorImpl.java:43)
	at java.lang.reflect.Method.invoke(Method.java:606)
	at cucumber.runtime.Utils$1.call(Utils.java:44)
	at cucumber.runtime.Timeout.timeout(Timeout.java:12)
	at cucumber.runtime.Utils.invoke(Utils.java:40)
	at cucumber.runtime.java.JavaStepDefinition.execute(JavaStepDefinition.java:35)
	at cucumber.runtime.StepDefinitionMatch.runStep(StepDefinitionMatch.java:38)
	at cucumber.runtime.Runtime.runStep(Runtime.java:268)
	at cucumber.runtime.model.StepContainer.runStep(StepContainer.java:45)
	at cucumber.runtime.model.StepContainer.runSteps(StepContainer.java:40)
	at cucumber.runtime.model.CucumberScenario.run(CucumberScenario.java:36)
	at cucumber.runtime.junit.ExecutionUnitRunner.run(ExecutionUnitRunner.java:83)
	at org.junit.runners.Suite.runChild(Suite.java:127)
	at org.junit.runners.Suite.runChild(Suite.java:26)
	at org.junit.runners.ParentRunner$3.run(ParentRunner.java:238)
	at org.junit.runners.ParentRunner$1.schedule(ParentRunner.java:63)
	at org.junit.runners.ParentRunner.runChildren(ParentRunner.java:236)
	at org.junit.runners.ParentRunner.access$000(ParentRunner.java:53)
	at org.junit.runners.ParentRunner$2.evaluate(ParentRunner.java:229)
	at org.junit.runners.ParentRunner.run(ParentRunner.java:309)
	at org.junit.runners.Suite.runChild(Suite.java:127)
	at org.junit.runners.Suite.runChild(Suite.java:26)
	at org.junit.runners.ParentRunner$3.run(ParentRunner.java:238)
	at org.junit.runners.ParentRunner$1.schedule(ParentRunner.java:63)
	at org.junit.runners.ParentRunner.runChildren(ParentRunner.java:236)
	at org.junit.runners.ParentRunner.access$000(ParentRunner.java:53)
	at org.junit.runners.ParentRunner$2.evaluate(ParentRunner.java:229)
	at org.junit.runners.ParentRunner.run(ParentRunner.java:309)
	at cucumber.runtime.junit.FeatureRunner.runChild(FeatureRunner.java:63)
	at cucumber.runtime.junit.FeatureRunner.runChild(FeatureRunner.java:18)
	at org.junit.runners.ParentRunner$3.run(ParentRunner.java:238)
	at org.junit.runners.ParentRunner$1.schedule(ParentRunner.java:63)
	at org.junit.runners.ParentRunner.runChildren(ParentRunner.java:236)
	at org.junit.runners.ParentRunner.access$000(ParentRunner.java:53)
	at org.junit.runners.ParentRunner$2.evaluate(ParentRunner.java:229)
	at org.junit.runners.ParentRunner.run(ParentRunner.java:309)
	at cucumber.runtime.junit.FeatureRunner.run(FeatureRunner.java:70)
	at cucumber.api.junit.Cucumber.runChild(Cucumber.java:77)
	at cucumber.api.junit.Cucumber.runChild(Cucumber.java:37)
	at org.junit.runners.ParentRunner$3.run(ParentRunner.java:238)
	at org.junit.runners.ParentRunner$1.schedule(ParentRunner.java:63)
	at org.junit.runners.ParentRunner.runChildren(ParentRunner.java:236)
	at org.junit.runners.ParentRunner.access$000(ParentRunner.java:53)
	at org.junit.runners.ParentRunner$2.evaluate(ParentRunner.java:229)
	at org.junit.runners.ParentRunner.run(ParentRunner.java:309)
	at cucumber.api.junit.Cucumber.run(Cucumber.java:82)
	at org.apache.maven.surefire.junit4.JUnit4Provider.execute(JUnit4Provider.java:252)
	at org.apache.maven.surefire.junit4.JUnit4Provider.executeTestSet(JUnit4Provider.java:141)
	at org.apache.maven.surefire.junit4.JUnit4Provider.invoke(JUnit4Provider.java:112)
	at sun.reflect.NativeMethodAccessorImpl.invoke0(Native Method)
	at sun.reflect.NativeMethodAccessorImpl.invoke(NativeMethodAccessorImpl.java:57)
	at sun.reflect.DelegatingMethodAccessorImpl.invoke(DelegatingMethodAccessorImpl.java:43)
	at java.lang.reflect.Method.invoke(Method.java:606)
	at org.apache.maven.surefire.util.ReflectionUtils.invokeMethodWithArray(ReflectionUtils.java:189)
	at org.apache.maven.surefire.booter.ProviderFactory$ProviderProxy.invoke(ProviderFactory.java:165)
	at org.apache.maven.surefire.booter.ProviderFactory.invokeProvider(ProviderFactory.java:85)
	at org.apache.maven.surefire.booter.ForkedBooter.runSuitesInProcess(ForkedBooter.java:113)
	at org.apache.maven.surefire.booter.ForkedBooter.main(ForkedBooter.java:75)
</error>
  </testcase>
  <testcase time="0" classname="| 629-MS-EI-DB-SAR-REC-NON-RNI-CTPD-SAR-MD-TR-1-EarlyRePayment-Loanproduct.xlsx |" name="Given I navigate to mifos"/>
  <testcase time="0" classname="| 629-MS-EI-DB-SAR-REC-NON-RNI-CTPD-SAR-MD-TR-1-EarlyRePayment-Loanproduct.xlsx |" name="And I use login folder"/>
  <testcase time="0" classname="| 629-MS-EI-DB-SAR-REC-NON-RNI-CTPD-SAR-MD-TR-1-EarlyRePayment-Loanproduct.xlsx |" name="When I login into mifos site using excel sheet"/>
  <testcase time="0" classname="| 629-MS-EI-DB-SAR-REC-NON-RNI-CTPD-SAR-MD-TR-1-EarlyRePayment-Loanproduct.xlsx |" name="Then I should see logged in successfully"/>
  <testcase time="0" classname="| 629-MS-EI-DB-SAR-REC-NON-RNI-CTPD-SAR-MD-TR-1-EarlyRePayment-Loanproduct.xlsx |" name="Given I setup the product loan"/>
  <testcase time="0" classname="| 629-MS-EI-DB-SAR-REC-NON-RNI-CTPD-SAR-MD-TR-1-EarlyRePayment-Loanproduct.xlsx |" name="And I entered the values into product loan using"/>
  <testcase time="0" classname="| 629-MS-EI-DB-SAR-REC-NON-RNI-CTPD-SAR-MD-TR-1-EarlyRePayment-Loanproduct.xlsx |" name="Then I should see product loan created successfully">
    <error message="Timed out after 100 seconds waiting for visibility of element located by By.selector: legend.ng-binding
Build info: version: &apos;2.29.1&apos;, revision: &apos;dfb1306b85be4934d23c123122e06e602a15e446&apos;, time: &apos;2013-01-22 12:58:05&apos;
System info: os.name: &apos;Windows Server 2012&apos;, os.arch: &apos;amd64&apos;, os.version: &apos;6.2&apos;, java.version: &apos;1.7.0_51&apos;
Driver info: driver.version: unknown" type="org.openqa.selenium.TimeoutException">org.openqa.selenium.TimeoutException: Timed out after 100 seconds waiting for visibility of element located by By.selector: legend.ng-binding
Build info: version: &apos;2.29.1&apos;, revision: &apos;dfb1306b85be4934d23c123122e06e602a15e446&apos;, time: &apos;2013-01-22 12:58:05&apos;
System info: os.name: &apos;Windows Server 2012&apos;, os.arch: &apos;amd64&apos;, os.version: &apos;6.2&apos;, java.version: &apos;1.7.0_51&apos;
Driver info: driver.version: unknown
	at org.openqa.selenium.support.ui.FluentWait.timeoutException(FluentWait.java:259)
	at org.openqa.selenium.support.ui.FluentWait.until(FluentWait.java:228)
	at com.mifos.pages.MifosWebPage.waitForElementToBeVisible(MifosWebPage.java:210)
	at com.mifos.pages.MifosWebPage.getElement(MifosWebPage.java:699)
	at com.mifos.pages.MifosWebPage.getElement(MifosWebPage.java:684)
	at com.mifos.pages.MifosWebPage.getSingleText(MifosWebPage.java:941)
	at com.mifos.pages.MifosWebPage.validateSame(MifosWebPage.java:947)
	at com.mifos.pages.MifosWebPage.verifySuccessMessage(MifosWebPage.java:1815)
	at com.mifos.pages.FrontPage.verifyProductLoanExcelSheet(FrontPage.java:472)
	at com.mifos.steps.LoanProductSteps.I_should_see_product_loan_created_successfully(LoanProductSteps.java:27)
	at ✽.Then I should see product loan created successfully(LoanMIFOS.feature:18)
Caused by: org.openqa.selenium.NoSuchElementException: no such element
  (Session info: chrome=43.0.2357.124)
  (Driver info: chromedriver=2.8.241075,platform=Windows NT 6.3 x86_64) (WARNING: The server did not provide any stacktrace information)
Command duration or timeout: 30.00 seconds
For documentation on this error, please visit: http://seleniumhq.org/exceptions/no_such_element.html
Build info: version: &apos;2.29.1&apos;, revision: &apos;dfb1306b85be4934d23c123122e06e602a15e446&apos;, time: &apos;2013-01-22 12:58:05&apos;
System info: os.name: &apos;Windows Server 2012&apos;, os.arch: &apos;amd64&apos;, os.version: &apos;6.2&apos;, java.version: &apos;1.7.0_51&apos;
Session ID: b6309b34ad1a75cf28e580755293563b
Driver info: org.openqa.selenium.chrome.ChromeDriver
Capabilities [{platform=XP, acceptSslCerts=true, javascriptEnabled=true, browserName=chrome, chrome={userDataDir=C:\Users\ADMINI~1\AppData\Local\Temp\2\scoped_dir3424_10558}, rotatable=false, locationContextEnabled=true, version=43.0.2357.124, takesHeapSnapshot=true, cssSelectorsEnabled=true, databaseEnabled=false, handlesAlerts=true, browserConnectionEnabled=false, webStorageEnabled=true, nativeEvents=true, applicationCacheEnabled=false, takesScreenshot=true}]
	at sun.reflect.NativeConstructorAccessorImpl.newInstance0(Native Method)
	at sun.reflect.NativeConstructorAccessorImpl.newInstance(NativeConstructorAccessorImpl.java:57)
	at sun.reflect.DelegatingConstructorAccessorImpl.newInstance(DelegatingConstructorAccessorImpl.java:45)
	at java.lang.reflect.Constructor.newInstance(Constructor.java:526)
	at org.openqa.selenium.remote.ErrorHandler.createThrowable(ErrorHandler.java:187)
	at org.openqa.selenium.remote.ErrorHandler.throwIfResponseFailed(ErrorHandler.java:145)
	at org.openqa.selenium.remote.RemoteWebDriver.execute(RemoteWebDriver.java:554)
	at org.openqa.selenium.remote.RemoteWebDriver.findElement(RemoteWebDriver.java:307)
	at org.openqa.selenium.remote.RemoteWebDriver.findElementByCssSelector(RemoteWebDriver.java:396)
	at org.openqa.selenium.By$ByCssSelector.findElement(By.java:406)
	at org.openqa.selenium.remote.RemoteWebDriver.findElement(RemoteWebDriver.java:299)
	at sun.reflect.GeneratedMethodAccessor8.invoke(Unknown Source)
	at sun.reflect.DelegatingMethodAccessorImpl.invoke(DelegatingMethodAccessorImpl.java:43)
	at java.lang.reflect.Method.invoke(Method.java:606)
	at org.openqa.selenium.support.events.EventFiringWebDriver$2.invoke(EventFiringWebDriver.java:101)
	at com.sun.proxy.$Proxy16.findElement(Unknown Source)
	at org.openqa.selenium.support.events.EventFiringWebDriver.findElement(EventFiringWebDriver.java:180)
	at org.openqa.selenium.support.ui.ExpectedConditions.findElement(ExpectedConditions.java:523)
	at org.openqa.selenium.support.ui.ExpectedConditions.access$000(ExpectedConditions.java:39)
	at org.openqa.selenium.support.ui.ExpectedConditions$4.apply(ExpectedConditions.java:130)
	at org.openqa.selenium.support.ui.ExpectedConditions$4.apply(ExpectedConditions.java:126)
	at org.openqa.selenium.support.ui.FluentWait.until(FluentWait.java:208)
	at com.mifos.pages.MifosWebPage.waitForElementToBeVisible(MifosWebPage.java:210)
	at com.mifos.pages.MifosWebPage.getElement(MifosWebPage.java:699)
	at com.mifos.pages.MifosWebPage.getElement(MifosWebPage.java:684)
	at com.mifos.pages.MifosWebPage.getSingleText(MifosWebPage.java:941)
	at com.mifos.pages.MifosWebPage.validateSame(MifosWebPage.java:947)
	at com.mifos.pages.MifosWebPage.verifySuccessMessage(MifosWebPage.java:1815)
	at com.mifos.pages.FrontPage.verifyProductLoanExcelSheet(FrontPage.java:472)
	at com.mifos.steps.LoanProductSteps.I_should_see_product_loan_created_successfully(LoanProductSteps.java:27)
	at sun.reflect.NativeMethodAccessorImpl.invoke0(Native Method)
	at sun.reflect.NativeMethodAccessorImpl.invoke(NativeMethodAccessorImpl.java:57)
	at sun.reflect.DelegatingMethodAccessorImpl.invoke(DelegatingMethodAccessorImpl.java:43)
	at java.lang.reflect.Method.invoke(Method.java:606)
	at cucumber.runtime.Utils$1.call(Utils.java:44)
	at cucumber.runtime.Timeout.timeout(Timeout.java:12)
	at cucumber.runtime.Utils.invoke(Utils.java:40)
	at cucumber.runtime.java.JavaStepDefinition.execute(JavaStepDefinition.java:35)
	at cucumber.runtime.StepDefinitionMatch.runStep(StepDefinitionMatch.java:38)
	at cucumber.runtime.Runtime.runStep(Runtime.java:268)
	at cucumber.runtime.model.StepContainer.runStep(StepContainer.java:45)
	at cucumber.runtime.model.StepContainer.runSteps(StepContainer.java:40)
	at cucumber.runtime.model.CucumberScenario.run(CucumberScenario.java:36)
	at cucumber.runtime.junit.ExecutionUnitRunner.run(ExecutionUnitRunner.java:83)
	at org.junit.runners.Suite.runChild(Suite.java:127)
	at org.junit.runners.Suite.runChild(Suite.java:26)
	at org.junit.runners.ParentRunner$3.run(ParentRunner.java:238)
	at org.junit.runners.ParentRunner$1.schedule(ParentRunner.java:63)
	at org.junit.runners.ParentRunner.runChildren(ParentRunner.java:236)
	at org.junit.runners.ParentRunner.access$000(ParentRunner.java:53)
	at org.junit.runners.ParentRunner$2.evaluate(ParentRunner.java:229)
	at org.junit.runners.ParentRunner.run(ParentRunner.java:309)
	at org.junit.runners.Suite.runChild(Suite.java:127)
	at org.junit.runners.Suite.runChild(Suite.java:26)
	at org.junit.runners.ParentRunner$3.run(ParentRunner.java:238)
	at org.junit.runners.ParentRunner$1.schedule(ParentRunner.java:63)
	at org.junit.runners.ParentRunner.runChildren(ParentRunner.java:236)
	at org.junit.runners.ParentRunner.access$000(ParentRunner.java:53)
	at org.junit.runners.ParentRunner$2.evaluate(ParentRunner.java:229)
	at org.junit.runners.ParentRunner.run(ParentRunner.java:309)
	at cucumber.runtime.junit.FeatureRunner.runChild(FeatureRunner.java:63)
	at cucumber.runtime.junit.FeatureRunner.runChild(FeatureRunner.java:18)
	at org.junit.runners.ParentRunner$3.run(ParentRunner.java:238)
	at org.junit.runners.ParentRunner$1.schedule(ParentRunner.java:63)
	at org.junit.runners.ParentRunner.runChildren(ParentRunner.java:236)
	at org.junit.runners.ParentRunner.access$000(ParentRunner.java:53)
	at org.junit.runners.ParentRunner$2.evaluate(ParentRunner.java:229)
	at org.junit.runners.ParentRunner.run(ParentRunner.java:309)
	at cucumber.runtime.junit.FeatureRunner.run(FeatureRunner.java:70)
	at cucumber.api.junit.Cucumber.runChild(Cucumber.java:77)
	at cucumber.api.junit.Cucumber.runChild(Cucumber.java:37)
	at org.junit.runners.ParentRunner$3.run(ParentRunner.java:238)
	at org.junit.runners.ParentRunner$1.schedule(ParentRunner.java:63)
	at org.junit.runners.ParentRunner.runChildren(ParentRunner.java:236)
	at org.junit.runners.ParentRunner.access$000(ParentRunner.java:53)
	at org.junit.runners.ParentRunner$2.evaluate(ParentRunner.java:229)
	at org.junit.runners.ParentRunner.run(ParentRunner.java:309)
	at cucumber.api.junit.Cucumber.run(Cucumber.java:82)
	at org.apache.maven.surefire.junit4.JUnit4Provider.execute(JUnit4Provider.java:252)
	at org.apache.maven.surefire.junit4.JUnit4Provider.executeTestSet(JUnit4Provider.java:141)
	at org.apache.maven.surefire.junit4.JUnit4Provider.invoke(JUnit4Provider.java:112)
	at sun.reflect.NativeMethodAccessorImpl.invoke0(Native Method)
	at sun.reflect.NativeMethodAccessorImpl.invoke(NativeMethodAccessorImpl.java:57)
	at sun.reflect.DelegatingMethodAccessorImpl.invoke(DelegatingMethodAccessorImpl.java:43)
	at java.lang.reflect.Method.invoke(Method.java:606)
	at org.apache.maven.surefire.util.ReflectionUtils.invokeMethodWithArray(ReflectionUtils.java:189)
	at org.apache.maven.surefire.booter.ProviderFactory$ProviderProxy.invoke(ProviderFactory.java:165)
	at org.apache.maven.surefire.booter.ProviderFactory.invokeProvider(ProviderFactory.java:85)
	at org.apache.maven.surefire.booter.ForkedBooter.runSuitesInProcess(ForkedBooter.java:113)
	at org.apache.maven.surefire.booter.ForkedBooter.main(ForkedBooter.java:75)
</error>
    <system-out>welcome to mifos through excel
Cell One ... key=productname
629-MS-EI-DB-SAR-REC-NON-RNI-CTPD-SAR-MD-TR-1-EarlyRePayment
629-MS-EI-DB-SAR-REC-NON-RNI-CTPD-SAR-MD-TR-1-EarlyRePayment
</system-out>
  </testcase>
  <testcase time="0.032" classname="| 629-MS-EI-DB-SAR-REC-NON-RNI-CTPD-SAR-MD-TR-1-EarlyRePayment-Loanproduct.xlsx |" name="| 629-MS-EI-DB-SAR-REC-NON-RNI-CTPD-SAR-MD-TR-1-EarlyRePayment-Loanproduct.xlsx |">
    <error message="Timed out after 100 seconds waiting for visibility of element located by By.selector: legend.ng-binding
Build info: version: &apos;2.29.1&apos;, revision: &apos;dfb1306b85be4934d23c123122e06e602a15e446&apos;, time: &apos;2013-01-22 12:58:05&apos;
System info: os.name: &apos;Windows Server 2012&apos;, os.arch: &apos;amd64&apos;, os.version: &apos;6.2&apos;, java.version: &apos;1.7.0_51&apos;
Driver info: driver.version: unknown" type="org.openqa.selenium.TimeoutException">org.openqa.selenium.TimeoutException: Timed out after 100 seconds waiting for visibility of element located by By.selector: legend.ng-binding
Build info: version: &apos;2.29.1&apos;, revision: &apos;dfb1306b85be4934d23c123122e06e602a15e446&apos;, time: &apos;2013-01-22 12:58:05&apos;
System info: os.name: &apos;Windows Server 2012&apos;, os.arch: &apos;amd64&apos;, os.version: &apos;6.2&apos;, java.version: &apos;1.7.0_51&apos;
Driver info: driver.version: unknown
	at org.openqa.selenium.support.ui.FluentWait.timeoutException(FluentWait.java:259)
	at org.openqa.selenium.support.ui.FluentWait.until(FluentWait.java:228)
	at com.mifos.pages.MifosWebPage.waitForElementToBeVisible(MifosWebPage.java:210)
	at com.mifos.pages.MifosWebPage.getElement(MifosWebPage.java:699)
	at com.mifos.pages.MifosWebPage.getElement(MifosWebPage.java:684)
	at com.mifos.pages.MifosWebPage.getSingleText(MifosWebPage.java:941)
	at com.mifos.pages.MifosWebPage.validateSame(MifosWebPage.java:947)
	at com.mifos.pages.MifosWebPage.verifySuccessMessage(MifosWebPage.java:1815)
	at com.mifos.pages.FrontPage.verifyProductLoanExcelSheet(FrontPage.java:472)
	at com.mifos.steps.LoanProductSteps.I_should_see_product_loan_created_successfully(LoanProductSteps.java:27)
	at ✽.Then I should see product loan created successfully(LoanMIFOS.feature:18)
Caused by: org.openqa.selenium.NoSuchElementException: no such element
  (Session info: chrome=43.0.2357.124)
  (Driver info: chromedriver=2.8.241075,platform=Windows NT 6.3 x86_64) (WARNING: The server did not provide any stacktrace information)
Command duration or timeout: 30.00 seconds
For documentation on this error, please visit: http://seleniumhq.org/exceptions/no_such_element.html
Build info: version: &apos;2.29.1&apos;, revision: &apos;dfb1306b85be4934d23c123122e06e602a15e446&apos;, time: &apos;2013-01-22 12:58:05&apos;
System info: os.name: &apos;Windows Server 2012&apos;, os.arch: &apos;amd64&apos;, os.version: &apos;6.2&apos;, java.version: &apos;1.7.0_51&apos;
Session ID: b6309b34ad1a75cf28e580755293563b
Driver info: org.openqa.selenium.chrome.ChromeDriver
Capabilities [{platform=XP, acceptSslCerts=true, javascriptEnabled=true, browserName=chrome, chrome={userDataDir=C:\Users\ADMINI~1\AppData\Local\Temp\2\scoped_dir3424_10558}, rotatable=false, locationContextEnabled=true, version=43.0.2357.124, takesHeapSnapshot=true, cssSelectorsEnabled=true, databaseEnabled=false, handlesAlerts=true, browserConnectionEnabled=false, webStorageEnabled=true, nativeEvents=true, applicationCacheEnabled=false, takesScreenshot=true}]
	at sun.reflect.NativeConstructorAccessorImpl.newInstance0(Native Method)
	at sun.reflect.NativeConstructorAccessorImpl.newInstance(NativeConstructorAccessorImpl.java:57)
	at sun.reflect.DelegatingConstructorAccessorImpl.newInstance(DelegatingConstructorAccessorImpl.java:45)
	at java.lang.reflect.Constructor.newInstance(Constructor.java:526)
	at org.openqa.selenium.remote.ErrorHandler.createThrowable(ErrorHandler.java:187)
	at org.openqa.selenium.remote.ErrorHandler.throwIfResponseFailed(ErrorHandler.java:145)
	at org.openqa.selenium.remote.RemoteWebDriver.execute(RemoteWebDriver.java:554)
	at org.openqa.selenium.remote.RemoteWebDriver.findElement(RemoteWebDriver.java:307)
	at org.openqa.selenium.remote.RemoteWebDriver.findElementByCssSelector(RemoteWebDriver.java:396)
	at org.openqa.selenium.By$ByCssSelector.findElement(By.java:406)
	at org.openqa.selenium.remote.RemoteWebDriver.findElement(RemoteWebDriver.java:299)
	at sun.reflect.GeneratedMethodAccessor8.invoke(Unknown Source)
	at sun.reflect.DelegatingMethodAccessorImpl.invoke(DelegatingMethodAccessorImpl.java:43)
	at java.lang.reflect.Method.invoke(Method.java:606)
	at org.openqa.selenium.support.events.EventFiringWebDriver$2.invoke(EventFiringWebDriver.java:101)
	at com.sun.proxy.$Proxy16.findElement(Unknown Source)
	at org.openqa.selenium.support.events.EventFiringWebDriver.findElement(EventFiringWebDriver.java:180)
	at org.openqa.selenium.support.ui.ExpectedConditions.findElement(ExpectedConditions.java:523)
	at org.openqa.selenium.support.ui.ExpectedConditions.access$000(ExpectedConditions.java:39)
	at org.openqa.selenium.support.ui.ExpectedConditions$4.apply(ExpectedConditions.java:130)
	at org.openqa.selenium.support.ui.ExpectedConditions$4.apply(ExpectedConditions.java:126)
	at org.openqa.selenium.support.ui.FluentWait.until(FluentWait.java:208)
	at com.mifos.pages.MifosWebPage.waitForElementToBeVisible(MifosWebPage.java:210)
	at com.mifos.pages.MifosWebPage.getElement(MifosWebPage.java:699)
	at com.mifos.pages.MifosWebPage.getElement(MifosWebPage.java:684)
	at com.mifos.pages.MifosWebPage.getSingleText(MifosWebPage.java:941)
	at com.mifos.pages.MifosWebPage.validateSame(MifosWebPage.java:947)
	at com.mifos.pages.MifosWebPage.verifySuccessMessage(MifosWebPage.java:1815)
	at com.mifos.pages.FrontPage.verifyProductLoanExcelSheet(FrontPage.java:472)
	at com.mifos.steps.LoanProductSteps.I_should_see_product_loan_created_successfully(LoanProductSteps.java:27)
	at sun.reflect.NativeMethodAccessorImpl.invoke0(Native Method)
	at sun.reflect.NativeMethodAccessorImpl.invoke(NativeMethodAccessorImpl.java:57)
	at sun.reflect.DelegatingMethodAccessorImpl.invoke(DelegatingMethodAccessorImpl.java:43)
	at java.lang.reflect.Method.invoke(Method.java:606)
	at cucumber.runtime.Utils$1.call(Utils.java:44)
	at cucumber.runtime.Timeout.timeout(Timeout.java:12)
	at cucumber.runtime.Utils.invoke(Utils.java:40)
	at cucumber.runtime.java.JavaStepDefinition.execute(JavaStepDefinition.java:35)
	at cucumber.runtime.StepDefinitionMatch.runStep(StepDefinitionMatch.java:38)
	at cucumber.runtime.Runtime.runStep(Runtime.java:268)
	at cucumber.runtime.model.StepContainer.runStep(StepContainer.java:45)
	at cucumber.runtime.model.StepContainer.runSteps(StepContainer.java:40)
	at cucumber.runtime.model.CucumberScenario.run(CucumberScenario.java:36)
	at cucumber.runtime.junit.ExecutionUnitRunner.run(ExecutionUnitRunner.java:83)
	at org.junit.runners.Suite.runChild(Suite.java:127)
	at org.junit.runners.Suite.runChild(Suite.java:26)
	at org.junit.runners.ParentRunner$3.run(ParentRunner.java:238)
	at org.junit.runners.ParentRunner$1.schedule(ParentRunner.java:63)
	at org.junit.runners.ParentRunner.runChildren(ParentRunner.java:236)
	at org.junit.runners.ParentRunner.access$000(ParentRunner.java:53)
	at org.junit.runners.ParentRunner$2.evaluate(ParentRunner.java:229)
	at org.junit.runners.ParentRunner.run(ParentRunner.java:309)
	at org.junit.runners.Suite.runChild(Suite.java:127)
	at org.junit.runners.Suite.runChild(Suite.java:26)
	at org.junit.runners.ParentRunner$3.run(ParentRunner.java:238)
	at org.junit.runners.ParentRunner$1.schedule(ParentRunner.java:63)
	at org.junit.runners.ParentRunner.runChildren(ParentRunner.java:236)
	at org.junit.runners.ParentRunner.access$000(ParentRunner.java:53)
	at org.junit.runners.ParentRunner$2.evaluate(ParentRunner.java:229)
	at org.junit.runners.ParentRunner.run(ParentRunner.java:309)
	at cucumber.runtime.junit.FeatureRunner.runChild(FeatureRunner.java:63)
	at cucumber.runtime.junit.FeatureRunner.runChild(FeatureRunner.java:18)
	at org.junit.runners.ParentRunner$3.run(ParentRunner.java:238)
	at org.junit.runners.ParentRunner$1.schedule(ParentRunner.java:63)
	at org.junit.runners.ParentRunner.runChildren(ParentRunner.java:236)
	at org.junit.runners.ParentRunner.access$000(ParentRunner.java:53)
	at org.junit.runners.ParentRunner$2.evaluate(ParentRunner.java:229)
	at org.junit.runners.ParentRunner.run(ParentRunner.java:309)
	at cucumber.runtime.junit.FeatureRunner.run(FeatureRunner.java:70)
	at cucumber.api.junit.Cucumber.runChild(Cucumber.java:77)
	at cucumber.api.junit.Cucumber.runChild(Cucumber.java:37)
	at org.junit.runners.ParentRunner$3.run(ParentRunner.java:238)
	at org.junit.runners.ParentRunner$1.schedule(ParentRunner.java:63)
	at org.junit.runners.ParentRunner.runChildren(ParentRunner.java:236)
	at org.junit.runners.ParentRunner.access$000(ParentRunner.java:53)
	at org.junit.runners.ParentRunner$2.evaluate(ParentRunner.java:229)
	at org.junit.runners.ParentRunner.run(ParentRunner.java:309)
	at cucumber.api.junit.Cucumber.run(Cucumber.java:82)
	at org.apache.maven.surefire.junit4.JUnit4Provider.execute(JUnit4Provider.java:252)
	at org.apache.maven.surefire.junit4.JUnit4Provider.executeTestSet(JUnit4Provider.java:141)
	at org.apache.maven.surefire.junit4.JUnit4Provider.invoke(JUnit4Provider.java:112)
	at sun.reflect.NativeMethodAccessorImpl.invoke0(Native Method)
	at sun.reflect.NativeMethodAccessorImpl.invoke(NativeMethodAccessorImpl.java:57)
	at sun.reflect.DelegatingMethodAccessorImpl.invoke(DelegatingMethodAccessorImpl.java:43)
	at java.lang.reflect.Method.invoke(Method.java:606)
	at org.apache.maven.surefire.util.ReflectionUtils.invokeMethodWithArray(ReflectionUtils.java:189)
	at org.apache.maven.surefire.booter.ProviderFactory$ProviderProxy.invoke(ProviderFactory.java:165)
	at org.apache.maven.surefire.booter.ProviderFactory.invokeProvider(ProviderFactory.java:85)
	at org.apache.maven.surefire.booter.ForkedBooter.runSuitesInProcess(ForkedBooter.java:113)
	at org.apache.maven.surefire.booter.ForkedBooter.main(ForkedBooter.java:75)
</error>
  </testcase>
  <testcase time="0" classname="| 630-MS-EI-DB-SAR-REC-NON-RNI-CTPD-DL-MD-TR-1-EarlyRePayment-Loanproduct.xlsx |" name="Given I navigate to mifos"/>
  <testcase time="0" classname="| 630-MS-EI-DB-SAR-REC-NON-RNI-CTPD-DL-MD-TR-1-EarlyRePayment-Loanproduct.xlsx |" name="And I use login folder"/>
  <testcase time="0" classname="| 630-MS-EI-DB-SAR-REC-NON-RNI-CTPD-DL-MD-TR-1-EarlyRePayment-Loanproduct.xlsx |" name="When I login into mifos site using excel sheet"/>
  <testcase time="0" classname="| 630-MS-EI-DB-SAR-REC-NON-RNI-CTPD-DL-MD-TR-1-EarlyRePayment-Loanproduct.xlsx |" name="Then I should see logged in successfully"/>
  <testcase time="0" classname="| 630-MS-EI-DB-SAR-REC-NON-RNI-CTPD-DL-MD-TR-1-EarlyRePayment-Loanproduct.xlsx |" name="Given I setup the product loan"/>
  <testcase time="0" classname="| 630-MS-EI-DB-SAR-REC-NON-RNI-CTPD-DL-MD-TR-1-EarlyRePayment-Loanproduct.xlsx |" name="And I entered the values into product loan using"/>
  <testcase time="0" classname="| 630-MS-EI-DB-SAR-REC-NON-RNI-CTPD-DL-MD-TR-1-EarlyRePayment-Loanproduct.xlsx |" name="Then I should see product loan created successfully">
    <error message="Timed out after 100 seconds waiting for visibility of element located by By.selector: legend.ng-binding
Build info: version: &apos;2.29.1&apos;, revision: &apos;dfb1306b85be4934d23c123122e06e602a15e446&apos;, time: &apos;2013-01-22 12:58:05&apos;
System info: os.name: &apos;Windows Server 2012&apos;, os.arch: &apos;amd64&apos;, os.version: &apos;6.2&apos;, java.version: &apos;1.7.0_51&apos;
Driver info: driver.version: unknown" type="org.openqa.selenium.TimeoutException">org.openqa.selenium.TimeoutException: Timed out after 100 seconds waiting for visibility of element located by By.selector: legend.ng-binding
Build info: version: &apos;2.29.1&apos;, revision: &apos;dfb1306b85be4934d23c123122e06e602a15e446&apos;, time: &apos;2013-01-22 12:58:05&apos;
System info: os.name: &apos;Windows Server 2012&apos;, os.arch: &apos;amd64&apos;, os.version: &apos;6.2&apos;, java.version: &apos;1.7.0_51&apos;
Driver info: driver.version: unknown
	at org.openqa.selenium.support.ui.FluentWait.timeoutException(FluentWait.java:259)
	at org.openqa.selenium.support.ui.FluentWait.until(FluentWait.java:228)
	at com.mifos.pages.MifosWebPage.waitForElementToBeVisible(MifosWebPage.java:210)
	at com.mifos.pages.MifosWebPage.getElement(MifosWebPage.java:699)
	at com.mifos.pages.MifosWebPage.getElement(MifosWebPage.java:684)
	at com.mifos.pages.MifosWebPage.getSingleText(MifosWebPage.java:941)
	at com.mifos.pages.MifosWebPage.validateSame(MifosWebPage.java:947)
	at com.mifos.pages.MifosWebPage.verifySuccessMessage(MifosWebPage.java:1815)
	at com.mifos.pages.FrontPage.verifyProductLoanExcelSheet(FrontPage.java:472)
	at com.mifos.steps.LoanProductSteps.I_should_see_product_loan_created_successfully(LoanProductSteps.java:27)
	at ✽.Then I should see product loan created successfully(LoanMIFOS.feature:18)
Caused by: org.openqa.selenium.NoSuchElementException: no such element
  (Session info: chrome=43.0.2357.124)
  (Driver info: chromedriver=2.8.241075,platform=Windows NT 6.3 x86_64) (WARNING: The server did not provide any stacktrace information)
Command duration or timeout: 30.00 seconds
For documentation on this error, please visit: http://seleniumhq.org/exceptions/no_such_element.html
Build info: version: &apos;2.29.1&apos;, revision: &apos;dfb1306b85be4934d23c123122e06e602a15e446&apos;, time: &apos;2013-01-22 12:58:05&apos;
System info: os.name: &apos;Windows Server 2012&apos;, os.arch: &apos;amd64&apos;, os.version: &apos;6.2&apos;, java.version: &apos;1.7.0_51&apos;
Session ID: f308420d4a6bf3d1fa29fc1c9ed8e611
Driver info: org.openqa.selenium.chrome.ChromeDriver
Capabilities [{platform=XP, acceptSslCerts=true, javascriptEnabled=true, browserName=chrome, chrome={userDataDir=C:\Users\ADMINI~1\AppData\Local\Temp\2\scoped_dir3948_25622}, rotatable=false, locationContextEnabled=true, version=43.0.2357.124, takesHeapSnapshot=true, cssSelectorsEnabled=true, databaseEnabled=false, handlesAlerts=true, browserConnectionEnabled=false, webStorageEnabled=true, nativeEvents=true, applicationCacheEnabled=false, takesScreenshot=true}]
	at sun.reflect.GeneratedConstructorAccessor53.newInstance(Unknown Source)
	at sun.reflect.DelegatingConstructorAccessorImpl.newInstance(DelegatingConstructorAccessorImpl.java:45)
	at java.lang.reflect.Constructor.newInstance(Constructor.java:526)
	at org.openqa.selenium.remote.ErrorHandler.createThrowable(ErrorHandler.java:187)
	at org.openqa.selenium.remote.ErrorHandler.throwIfResponseFailed(ErrorHandler.java:145)
	at org.openqa.selenium.remote.RemoteWebDriver.execute(RemoteWebDriver.java:554)
	at org.openqa.selenium.remote.RemoteWebDriver.findElement(RemoteWebDriver.java:307)
	at org.openqa.selenium.remote.RemoteWebDriver.findElementByCssSelector(RemoteWebDriver.java:396)
	at org.openqa.selenium.By$ByCssSelector.findElement(By.java:406)
	at org.openqa.selenium.remote.RemoteWebDriver.findElement(RemoteWebDriver.java:299)
	at sun.reflect.GeneratedMethodAccessor8.invoke(Unknown Source)
	at sun.reflect.DelegatingMethodAccessorImpl.invoke(DelegatingMethodAccessorImpl.java:43)
	at java.lang.reflect.Method.invoke(Method.java:606)
	at org.openqa.selenium.support.events.EventFiringWebDriver$2.invoke(EventFiringWebDriver.java:101)
	at com.sun.proxy.$Proxy16.findElement(Unknown Source)
	at org.openqa.selenium.support.events.EventFiringWebDriver.findElement(EventFiringWebDriver.java:180)
	at org.openqa.selenium.support.ui.ExpectedConditions.findElement(ExpectedConditions.java:523)
	at org.openqa.selenium.support.ui.ExpectedConditions.access$000(ExpectedConditions.java:39)
	at org.openqa.selenium.support.ui.ExpectedConditions$4.apply(ExpectedConditions.java:130)
	at org.openqa.selenium.support.ui.ExpectedConditions$4.apply(ExpectedConditions.java:126)
	at org.openqa.selenium.support.ui.FluentWait.until(FluentWait.java:208)
	at com.mifos.pages.MifosWebPage.waitForElementToBeVisible(MifosWebPage.java:210)
	at com.mifos.pages.MifosWebPage.getElement(MifosWebPage.java:699)
	at com.mifos.pages.MifosWebPage.getElement(MifosWebPage.java:684)
	at com.mifos.pages.MifosWebPage.getSingleText(MifosWebPage.java:941)
	at com.mifos.pages.MifosWebPage.validateSame(MifosWebPage.java:947)
	at com.mifos.pages.MifosWebPage.verifySuccessMessage(MifosWebPage.java:1815)
	at com.mifos.pages.FrontPage.verifyProductLoanExcelSheet(FrontPage.java:472)
	at com.mifos.steps.LoanProductSteps.I_should_see_product_loan_created_successfully(LoanProductSteps.java:27)
	at sun.reflect.NativeMethodAccessorImpl.invoke0(Native Method)
	at sun.reflect.NativeMethodAccessorImpl.invoke(NativeMethodAccessorImpl.java:57)
	at sun.reflect.DelegatingMethodAccessorImpl.invoke(DelegatingMethodAccessorImpl.java:43)
	at java.lang.reflect.Method.invoke(Method.java:606)
	at cucumber.runtime.Utils$1.call(Utils.java:44)
	at cucumber.runtime.Timeout.timeout(Timeout.java:12)
	at cucumber.runtime.Utils.invoke(Utils.java:40)
	at cucumber.runtime.java.JavaStepDefinition.execute(JavaStepDefinition.java:35)
	at cucumber.runtime.StepDefinitionMatch.runStep(StepDefinitionMatch.java:38)
	at cucumber.runtime.Runtime.runStep(Runtime.java:268)
	at cucumber.runtime.model.StepContainer.runStep(StepContainer.java:45)
	at cucumber.runtime.model.StepContainer.runSteps(StepContainer.java:40)
	at cucumber.runtime.model.CucumberScenario.run(CucumberScenario.java:36)
	at cucumber.runtime.junit.ExecutionUnitRunner.run(ExecutionUnitRunner.java:83)
	at org.junit.runners.Suite.runChild(Suite.java:127)
	at org.junit.runners.Suite.runChild(Suite.java:26)
	at org.junit.runners.ParentRunner$3.run(ParentRunner.java:238)
	at org.junit.runners.ParentRunner$1.schedule(ParentRunner.java:63)
	at org.junit.runners.ParentRunner.runChildren(ParentRunner.java:236)
	at org.junit.runners.ParentRunner.access$000(ParentRunner.java:53)
	at org.junit.runners.ParentRunner$2.evaluate(ParentRunner.java:229)
	at org.junit.runners.ParentRunner.run(ParentRunner.java:309)
	at org.junit.runners.Suite.runChild(Suite.java:127)
	at org.junit.runners.Suite.runChild(Suite.java:26)
	at org.junit.runners.ParentRunner$3.run(ParentRunner.java:238)
	at org.junit.runners.ParentRunner$1.schedule(ParentRunner.java:63)
	at org.junit.runners.ParentRunner.runChildren(ParentRunner.java:236)
	at org.junit.runners.ParentRunner.access$000(ParentRunner.java:53)
	at org.junit.runners.ParentRunner$2.evaluate(ParentRunner.java:229)
	at org.junit.runners.ParentRunner.run(ParentRunner.java:309)
	at cucumber.runtime.junit.FeatureRunner.runChild(FeatureRunner.java:63)
	at cucumber.runtime.junit.FeatureRunner.runChild(FeatureRunner.java:18)
	at org.junit.runners.ParentRunner$3.run(ParentRunner.java:238)
	at org.junit.runners.ParentRunner$1.schedule(ParentRunner.java:63)
	at org.junit.runners.ParentRunner.runChildren(ParentRunner.java:236)
	at org.junit.runners.ParentRunner.access$000(ParentRunner.java:53)
	at org.junit.runners.ParentRunner$2.evaluate(ParentRunner.java:229)
	at org.junit.runners.ParentRunner.run(ParentRunner.java:309)
	at cucumber.runtime.junit.FeatureRunner.run(FeatureRunner.java:70)
	at cucumber.api.junit.Cucumber.runChild(Cucumber.java:77)
	at cucumber.api.junit.Cucumber.runChild(Cucumber.java:37)
	at org.junit.runners.ParentRunner$3.run(ParentRunner.java:238)
	at org.junit.runners.ParentRunner$1.schedule(ParentRunner.java:63)
	at org.junit.runners.ParentRunner.runChildren(ParentRunner.java:236)
	at org.junit.runners.ParentRunner.access$000(ParentRunner.java:53)
	at org.junit.runners.ParentRunner$2.evaluate(ParentRunner.java:229)
	at org.junit.runners.ParentRunner.run(ParentRunner.java:309)
	at cucumber.api.junit.Cucumber.run(Cucumber.java:82)
	at org.apache.maven.surefire.junit4.JUnit4Provider.execute(JUnit4Provider.java:252)
	at org.apache.maven.surefire.junit4.JUnit4Provider.executeTestSet(JUnit4Provider.java:141)
	at org.apache.maven.surefire.junit4.JUnit4Provider.invoke(JUnit4Provider.java:112)
	at sun.reflect.NativeMethodAccessorImpl.invoke0(Native Method)
	at sun.reflect.NativeMethodAccessorImpl.invoke(NativeMethodAccessorImpl.java:57)
	at sun.reflect.DelegatingMethodAccessorImpl.invoke(DelegatingMethodAccessorImpl.java:43)
	at java.lang.reflect.Method.invoke(Method.java:606)
	at org.apache.maven.surefire.util.ReflectionUtils.invokeMethodWithArray(ReflectionUtils.java:189)
	at org.apache.maven.surefire.booter.ProviderFactory$ProviderProxy.invoke(ProviderFactory.java:165)
	at org.apache.maven.surefire.booter.ProviderFactory.invokeProvider(ProviderFactory.java:85)
	at org.apache.maven.surefire.booter.ForkedBooter.runSuitesInProcess(ForkedBooter.java:113)
	at org.apache.maven.surefire.booter.ForkedBooter.main(ForkedBooter.java:75)
</error>
    <system-out>welcome to mifos through excel
Cell One ... key=productname
630-MS-EI-DB-SAR-REC-NON-RNI-CTPD-DL-MD-TR-1-EarlyRePayment
630-MS-EI-DB-SAR-REC-NON-RNI-CTPD-DL-MD-TR-1-EarlyRePayment
</system-out>
  </testcase>
  <testcase time="0" classname="| 630-MS-EI-DB-SAR-REC-NON-RNI-CTPD-DL-MD-TR-1-EarlyRePayment-Loanproduct.xlsx |" name="| 630-MS-EI-DB-SAR-REC-NON-RNI-CTPD-DL-MD-TR-1-EarlyRePayment-Loanproduct.xlsx |">
    <error message="Timed out after 100 seconds waiting for visibility of element located by By.selector: legend.ng-binding
Build info: version: &apos;2.29.1&apos;, revision: &apos;dfb1306b85be4934d23c123122e06e602a15e446&apos;, time: &apos;2013-01-22 12:58:05&apos;
System info: os.name: &apos;Windows Server 2012&apos;, os.arch: &apos;amd64&apos;, os.version: &apos;6.2&apos;, java.version: &apos;1.7.0_51&apos;
Driver info: driver.version: unknown" type="org.openqa.selenium.TimeoutException">org.openqa.selenium.TimeoutException: Timed out after 100 seconds waiting for visibility of element located by By.selector: legend.ng-binding
Build info: version: &apos;2.29.1&apos;, revision: &apos;dfb1306b85be4934d23c123122e06e602a15e446&apos;, time: &apos;2013-01-22 12:58:05&apos;
System info: os.name: &apos;Windows Server 2012&apos;, os.arch: &apos;amd64&apos;, os.version: &apos;6.2&apos;, java.version: &apos;1.7.0_51&apos;
Driver info: driver.version: unknown
	at org.openqa.selenium.support.ui.FluentWait.timeoutException(FluentWait.java:259)
	at org.openqa.selenium.support.ui.FluentWait.until(FluentWait.java:228)
	at com.mifos.pages.MifosWebPage.waitForElementToBeVisible(MifosWebPage.java:210)
	at com.mifos.pages.MifosWebPage.getElement(MifosWebPage.java:699)
	at com.mifos.pages.MifosWebPage.getElement(MifosWebPage.java:684)
	at com.mifos.pages.MifosWebPage.getSingleText(MifosWebPage.java:941)
	at com.mifos.pages.MifosWebPage.validateSame(MifosWebPage.java:947)
	at com.mifos.pages.MifosWebPage.verifySuccessMessage(MifosWebPage.java:1815)
	at com.mifos.pages.FrontPage.verifyProductLoanExcelSheet(FrontPage.java:472)
	at com.mifos.steps.LoanProductSteps.I_should_see_product_loan_created_successfully(LoanProductSteps.java:27)
	at ✽.Then I should see product loan created successfully(LoanMIFOS.feature:18)
Caused by: org.openqa.selenium.NoSuchElementException: no such element
  (Session info: chrome=43.0.2357.124)
  (Driver info: chromedriver=2.8.241075,platform=Windows NT 6.3 x86_64) (WARNING: The server did not provide any stacktrace information)
Command duration or timeout: 30.00 seconds
For documentation on this error, please visit: http://seleniumhq.org/exceptions/no_such_element.html
Build info: version: &apos;2.29.1&apos;, revision: &apos;dfb1306b85be4934d23c123122e06e602a15e446&apos;, time: &apos;2013-01-22 12:58:05&apos;
System info: os.name: &apos;Windows Server 2012&apos;, os.arch: &apos;amd64&apos;, os.version: &apos;6.2&apos;, java.version: &apos;1.7.0_51&apos;
Session ID: f308420d4a6bf3d1fa29fc1c9ed8e611
Driver info: org.openqa.selenium.chrome.ChromeDriver
Capabilities [{platform=XP, acceptSslCerts=true, javascriptEnabled=true, browserName=chrome, chrome={userDataDir=C:\Users\ADMINI~1\AppData\Local\Temp\2\scoped_dir3948_25622}, rotatable=false, locationContextEnabled=true, version=43.0.2357.124, takesHeapSnapshot=true, cssSelectorsEnabled=true, databaseEnabled=false, handlesAlerts=true, browserConnectionEnabled=false, webStorageEnabled=true, nativeEvents=true, applicationCacheEnabled=false, takesScreenshot=true}]
	at sun.reflect.GeneratedConstructorAccessor53.newInstance(Unknown Source)
	at sun.reflect.DelegatingConstructorAccessorImpl.newInstance(DelegatingConstructorAccessorImpl.java:45)
	at java.lang.reflect.Constructor.newInstance(Constructor.java:526)
	at org.openqa.selenium.remote.ErrorHandler.createThrowable(ErrorHandler.java:187)
	at org.openqa.selenium.remote.ErrorHandler.throwIfResponseFailed(ErrorHandler.java:145)
	at org.openqa.selenium.remote.RemoteWebDriver.execute(RemoteWebDriver.java:554)
	at org.openqa.selenium.remote.RemoteWebDriver.findElement(RemoteWebDriver.java:307)
	at org.openqa.selenium.remote.RemoteWebDriver.findElementByCssSelector(RemoteWebDriver.java:396)
	at org.openqa.selenium.By$ByCssSelector.findElement(By.java:406)
	at org.openqa.selenium.remote.RemoteWebDriver.findElement(RemoteWebDriver.java:299)
	at sun.reflect.GeneratedMethodAccessor8.invoke(Unknown Source)
	at sun.reflect.DelegatingMethodAccessorImpl.invoke(DelegatingMethodAccessorImpl.java:43)
	at java.lang.reflect.Method.invoke(Method.java:606)
	at org.openqa.selenium.support.events.EventFiringWebDriver$2.invoke(EventFiringWebDriver.java:101)
	at com.sun.proxy.$Proxy16.findElement(Unknown Source)
	at org.openqa.selenium.support.events.EventFiringWebDriver.findElement(EventFiringWebDriver.java:180)
	at org.openqa.selenium.support.ui.ExpectedConditions.findElement(ExpectedConditions.java:523)
	at org.openqa.selenium.support.ui.ExpectedConditions.access$000(ExpectedConditions.java:39)
	at org.openqa.selenium.support.ui.ExpectedConditions$4.apply(ExpectedConditions.java:130)
	at org.openqa.selenium.support.ui.ExpectedConditions$4.apply(ExpectedConditions.java:126)
	at org.openqa.selenium.support.ui.FluentWait.until(FluentWait.java:208)
	at com.mifos.pages.MifosWebPage.waitForElementToBeVisible(MifosWebPage.java:210)
	at com.mifos.pages.MifosWebPage.getElement(MifosWebPage.java:699)
	at com.mifos.pages.MifosWebPage.getElement(MifosWebPage.java:684)
	at com.mifos.pages.MifosWebPage.getSingleText(MifosWebPage.java:941)
	at com.mifos.pages.MifosWebPage.validateSame(MifosWebPage.java:947)
	at com.mifos.pages.MifosWebPage.verifySuccessMessage(MifosWebPage.java:1815)
	at com.mifos.pages.FrontPage.verifyProductLoanExcelSheet(FrontPage.java:472)
	at com.mifos.steps.LoanProductSteps.I_should_see_product_loan_created_successfully(LoanProductSteps.java:27)
	at sun.reflect.NativeMethodAccessorImpl.invoke0(Native Method)
	at sun.reflect.NativeMethodAccessorImpl.invoke(NativeMethodAccessorImpl.java:57)
	at sun.reflect.DelegatingMethodAccessorImpl.invoke(DelegatingMethodAccessorImpl.java:43)
	at java.lang.reflect.Method.invoke(Method.java:606)
	at cucumber.runtime.Utils$1.call(Utils.java:44)
	at cucumber.runtime.Timeout.timeout(Timeout.java:12)
	at cucumber.runtime.Utils.invoke(Utils.java:40)
	at cucumber.runtime.java.JavaStepDefinition.execute(JavaStepDefinition.java:35)
	at cucumber.runtime.StepDefinitionMatch.runStep(StepDefinitionMatch.java:38)
	at cucumber.runtime.Runtime.runStep(Runtime.java:268)
	at cucumber.runtime.model.StepContainer.runStep(StepContainer.java:45)
	at cucumber.runtime.model.StepContainer.runSteps(StepContainer.java:40)
	at cucumber.runtime.model.CucumberScenario.run(CucumberScenario.java:36)
	at cucumber.runtime.junit.ExecutionUnitRunner.run(ExecutionUnitRunner.java:83)
	at org.junit.runners.Suite.runChild(Suite.java:127)
	at org.junit.runners.Suite.runChild(Suite.java:26)
	at org.junit.runners.ParentRunner$3.run(ParentRunner.java:238)
	at org.junit.runners.ParentRunner$1.schedule(ParentRunner.java:63)
	at org.junit.runners.ParentRunner.runChildren(ParentRunner.java:236)
	at org.junit.runners.ParentRunner.access$000(ParentRunner.java:53)
	at org.junit.runners.ParentRunner$2.evaluate(ParentRunner.java:229)
	at org.junit.runners.ParentRunner.run(ParentRunner.java:309)
	at org.junit.runners.Suite.runChild(Suite.java:127)
	at org.junit.runners.Suite.runChild(Suite.java:26)
	at org.junit.runners.ParentRunner$3.run(ParentRunner.java:238)
	at org.junit.runners.ParentRunner$1.schedule(ParentRunner.java:63)
	at org.junit.runners.ParentRunner.runChildren(ParentRunner.java:236)
	at org.junit.runners.ParentRunner.access$000(ParentRunner.java:53)
	at org.junit.runners.ParentRunner$2.evaluate(ParentRunner.java:229)
	at org.junit.runners.ParentRunner.run(ParentRunner.java:309)
	at cucumber.runtime.junit.FeatureRunner.runChild(FeatureRunner.java:63)
	at cucumber.runtime.junit.FeatureRunner.runChild(FeatureRunner.java:18)
	at org.junit.runners.ParentRunner$3.run(ParentRunner.java:238)
	at org.junit.runners.ParentRunner$1.schedule(ParentRunner.java:63)
	at org.junit.runners.ParentRunner.runChildren(ParentRunner.java:236)
	at org.junit.runners.ParentRunner.access$000(ParentRunner.java:53)
	at org.junit.runners.ParentRunner$2.evaluate(ParentRunner.java:229)
	at org.junit.runners.ParentRunner.run(ParentRunner.java:309)
	at cucumber.runtime.junit.FeatureRunner.run(FeatureRunner.java:70)
	at cucumber.api.junit.Cucumber.runChild(Cucumber.java:77)
	at cucumber.api.junit.Cucumber.runChild(Cucumber.java:37)
	at org.junit.runners.ParentRunner$3.run(ParentRunner.java:238)
	at org.junit.runners.ParentRunner$1.schedule(ParentRunner.java:63)
	at org.junit.runners.ParentRunner.runChildren(ParentRunner.java:236)
	at org.junit.runners.ParentRunner.access$000(ParentRunner.java:53)
	at org.junit.runners.ParentRunner$2.evaluate(ParentRunner.java:229)
	at org.junit.runners.ParentRunner.run(ParentRunner.java:309)
	at cucumber.api.junit.Cucumber.run(Cucumber.java:82)
	at org.apache.maven.surefire.junit4.JUnit4Provider.execute(JUnit4Provider.java:252)
	at org.apache.maven.surefire.junit4.JUnit4Provider.executeTestSet(JUnit4Provider.java:141)
	at org.apache.maven.surefire.junit4.JUnit4Provider.invoke(JUnit4Provider.java:112)
	at sun.reflect.NativeMethodAccessorImpl.invoke0(Native Method)
	at sun.reflect.NativeMethodAccessorImpl.invoke(NativeMethodAccessorImpl.java:57)
	at sun.reflect.DelegatingMethodAccessorImpl.invoke(DelegatingMethodAccessorImpl.java:43)
	at java.lang.reflect.Method.invoke(Method.java:606)
	at org.apache.maven.surefire.util.ReflectionUtils.invokeMethodWithArray(ReflectionUtils.java:189)
	at org.apache.maven.surefire.booter.ProviderFactory$ProviderProxy.invoke(ProviderFactory.java:165)
	at org.apache.maven.surefire.booter.ProviderFactory.invokeProvider(ProviderFactory.java:85)
	at org.apache.maven.surefire.booter.ForkedBooter.runSuitesInProcess(ForkedBooter.java:113)
	at org.apache.maven.surefire.booter.ForkedBooter.main(ForkedBooter.java:75)
</error>
  </testcase>
  <testcase time="0" classname="| 631-MS-EI-DB-SAR-REC-NON-RNI-CTRFD-SAR-MD-TR-1-EarlyRePayment-Loanproduct.xlsx |" name="Given I navigate to mifos"/>
  <testcase time="0" classname="| 631-MS-EI-DB-SAR-REC-NON-RNI-CTRFD-SAR-MD-TR-1-EarlyRePayment-Loanproduct.xlsx |" name="And I use login folder"/>
  <testcase time="0" classname="| 631-MS-EI-DB-SAR-REC-NON-RNI-CTRFD-SAR-MD-TR-1-EarlyRePayment-Loanproduct.xlsx |" name="When I login into mifos site using excel sheet"/>
  <testcase time="0" classname="| 631-MS-EI-DB-SAR-REC-NON-RNI-CTRFD-SAR-MD-TR-1-EarlyRePayment-Loanproduct.xlsx |" name="Then I should see logged in successfully"/>
  <testcase time="0" classname="| 631-MS-EI-DB-SAR-REC-NON-RNI-CTRFD-SAR-MD-TR-1-EarlyRePayment-Loanproduct.xlsx |" name="Given I setup the product loan"/>
  <testcase time="0" classname="| 631-MS-EI-DB-SAR-REC-NON-RNI-CTRFD-SAR-MD-TR-1-EarlyRePayment-Loanproduct.xlsx |" name="And I entered the values into product loan using"/>
  <testcase time="0" classname="| 631-MS-EI-DB-SAR-REC-NON-RNI-CTRFD-SAR-MD-TR-1-EarlyRePayment-Loanproduct.xlsx |" name="Then I should see product loan created successfully">
    <error message="Timed out after 100 seconds waiting for visibility of element located by By.selector: legend.ng-binding
Build info: version: &apos;2.29.1&apos;, revision: &apos;dfb1306b85be4934d23c123122e06e602a15e446&apos;, time: &apos;2013-01-22 12:58:05&apos;
System info: os.name: &apos;Windows Server 2012&apos;, os.arch: &apos;amd64&apos;, os.version: &apos;6.2&apos;, java.version: &apos;1.7.0_51&apos;
Driver info: driver.version: unknown" type="org.openqa.selenium.TimeoutException">org.openqa.selenium.TimeoutException: Timed out after 100 seconds waiting for visibility of element located by By.selector: legend.ng-binding
Build info: version: &apos;2.29.1&apos;, revision: &apos;dfb1306b85be4934d23c123122e06e602a15e446&apos;, time: &apos;2013-01-22 12:58:05&apos;
System info: os.name: &apos;Windows Server 2012&apos;, os.arch: &apos;amd64&apos;, os.version: &apos;6.2&apos;, java.version: &apos;1.7.0_51&apos;
Driver info: driver.version: unknown
	at org.openqa.selenium.support.ui.FluentWait.timeoutException(FluentWait.java:259)
	at org.openqa.selenium.support.ui.FluentWait.until(FluentWait.java:228)
	at com.mifos.pages.MifosWebPage.waitForElementToBeVisible(MifosWebPage.java:210)
	at com.mifos.pages.MifosWebPage.getElement(MifosWebPage.java:699)
	at com.mifos.pages.MifosWebPage.getElement(MifosWebPage.java:684)
	at com.mifos.pages.MifosWebPage.getSingleText(MifosWebPage.java:941)
	at com.mifos.pages.MifosWebPage.validateSame(MifosWebPage.java:947)
	at com.mifos.pages.MifosWebPage.verifySuccessMessage(MifosWebPage.java:1815)
	at com.mifos.pages.FrontPage.verifyProductLoanExcelSheet(FrontPage.java:472)
	at com.mifos.steps.LoanProductSteps.I_should_see_product_loan_created_successfully(LoanProductSteps.java:27)
	at ✽.Then I should see product loan created successfully(LoanMIFOS.feature:18)
Caused by: org.openqa.selenium.NoSuchElementException: no such element
  (Session info: chrome=43.0.2357.124)
  (Driver info: chromedriver=2.8.241075,platform=Windows NT 6.3 x86_64) (WARNING: The server did not provide any stacktrace information)
Command duration or timeout: 30.02 seconds
For documentation on this error, please visit: http://seleniumhq.org/exceptions/no_such_element.html
Build info: version: &apos;2.29.1&apos;, revision: &apos;dfb1306b85be4934d23c123122e06e602a15e446&apos;, time: &apos;2013-01-22 12:58:05&apos;
System info: os.name: &apos;Windows Server 2012&apos;, os.arch: &apos;amd64&apos;, os.version: &apos;6.2&apos;, java.version: &apos;1.7.0_51&apos;
Session ID: acfc156fc88188176d49889370101bda
Driver info: org.openqa.selenium.chrome.ChromeDriver
Capabilities [{platform=XP, acceptSslCerts=true, javascriptEnabled=true, browserName=chrome, chrome={userDataDir=C:\Users\ADMINI~1\AppData\Local\Temp\2\scoped_dir3036_2297}, rotatable=false, locationContextEnabled=true, version=43.0.2357.124, takesHeapSnapshot=true, cssSelectorsEnabled=true, databaseEnabled=false, handlesAlerts=true, browserConnectionEnabled=false, webStorageEnabled=true, nativeEvents=true, applicationCacheEnabled=false, takesScreenshot=true}]
	at sun.reflect.GeneratedConstructorAccessor53.newInstance(Unknown Source)
	at sun.reflect.DelegatingConstructorAccessorImpl.newInstance(DelegatingConstructorAccessorImpl.java:45)
	at java.lang.reflect.Constructor.newInstance(Constructor.java:526)
	at org.openqa.selenium.remote.ErrorHandler.createThrowable(ErrorHandler.java:187)
	at org.openqa.selenium.remote.ErrorHandler.throwIfResponseFailed(ErrorHandler.java:145)
	at org.openqa.selenium.remote.RemoteWebDriver.execute(RemoteWebDriver.java:554)
	at org.openqa.selenium.remote.RemoteWebDriver.findElement(RemoteWebDriver.java:307)
	at org.openqa.selenium.remote.RemoteWebDriver.findElementByCssSelector(RemoteWebDriver.java:396)
	at org.openqa.selenium.By$ByCssSelector.findElement(By.java:406)
	at org.openqa.selenium.remote.RemoteWebDriver.findElement(RemoteWebDriver.java:299)
	at sun.reflect.GeneratedMethodAccessor8.invoke(Unknown Source)
	at sun.reflect.DelegatingMethodAccessorImpl.invoke(DelegatingMethodAccessorImpl.java:43)
	at java.lang.reflect.Method.invoke(Method.java:606)
	at org.openqa.selenium.support.events.EventFiringWebDriver$2.invoke(EventFiringWebDriver.java:101)
	at com.sun.proxy.$Proxy16.findElement(Unknown Source)
	at org.openqa.selenium.support.events.EventFiringWebDriver.findElement(EventFiringWebDriver.java:180)
	at org.openqa.selenium.support.ui.ExpectedConditions.findElement(ExpectedConditions.java:523)
	at org.openqa.selenium.support.ui.ExpectedConditions.access$000(ExpectedConditions.java:39)
	at org.openqa.selenium.support.ui.ExpectedConditions$4.apply(ExpectedConditions.java:130)
	at org.openqa.selenium.support.ui.ExpectedConditions$4.apply(ExpectedConditions.java:126)
	at org.openqa.selenium.support.ui.FluentWait.until(FluentWait.java:208)
	at com.mifos.pages.MifosWebPage.waitForElementToBeVisible(MifosWebPage.java:210)
	at com.mifos.pages.MifosWebPage.getElement(MifosWebPage.java:699)
	at com.mifos.pages.MifosWebPage.getElement(MifosWebPage.java:684)
	at com.mifos.pages.MifosWebPage.getSingleText(MifosWebPage.java:941)
	at com.mifos.pages.MifosWebPage.validateSame(MifosWebPage.java:947)
	at com.mifos.pages.MifosWebPage.verifySuccessMessage(MifosWebPage.java:1815)
	at com.mifos.pages.FrontPage.verifyProductLoanExcelSheet(FrontPage.java:472)
	at com.mifos.steps.LoanProductSteps.I_should_see_product_loan_created_successfully(LoanProductSteps.java:27)
	at sun.reflect.NativeMethodAccessorImpl.invoke0(Native Method)
	at sun.reflect.NativeMethodAccessorImpl.invoke(NativeMethodAccessorImpl.java:57)
	at sun.reflect.DelegatingMethodAccessorImpl.invoke(DelegatingMethodAccessorImpl.java:43)
	at java.lang.reflect.Method.invoke(Method.java:606)
	at cucumber.runtime.Utils$1.call(Utils.java:44)
	at cucumber.runtime.Timeout.timeout(Timeout.java:12)
	at cucumber.runtime.Utils.invoke(Utils.java:40)
	at cucumber.runtime.java.JavaStepDefinition.execute(JavaStepDefinition.java:35)
	at cucumber.runtime.StepDefinitionMatch.runStep(StepDefinitionMatch.java:38)
	at cucumber.runtime.Runtime.runStep(Runtime.java:268)
	at cucumber.runtime.model.StepContainer.runStep(StepContainer.java:45)
	at cucumber.runtime.model.StepContainer.runSteps(StepContainer.java:40)
	at cucumber.runtime.model.CucumberScenario.run(CucumberScenario.java:36)
	at cucumber.runtime.junit.ExecutionUnitRunner.run(ExecutionUnitRunner.java:83)
	at org.junit.runners.Suite.runChild(Suite.java:127)
	at org.junit.runners.Suite.runChild(Suite.java:26)
	at org.junit.runners.ParentRunner$3.run(ParentRunner.java:238)
	at org.junit.runners.ParentRunner$1.schedule(ParentRunner.java:63)
	at org.junit.runners.ParentRunner.runChildren(ParentRunner.java:236)
	at org.junit.runners.ParentRunner.access$000(ParentRunner.java:53)
	at org.junit.runners.ParentRunner$2.evaluate(ParentRunner.java:229)
	at org.junit.runners.ParentRunner.run(ParentRunner.java:309)
	at org.junit.runners.Suite.runChild(Suite.java:127)
	at org.junit.runners.Suite.runChild(Suite.java:26)
	at org.junit.runners.ParentRunner$3.run(ParentRunner.java:238)
	at org.junit.runners.ParentRunner$1.schedule(ParentRunner.java:63)
	at org.junit.runners.ParentRunner.runChildren(ParentRunner.java:236)
	at org.junit.runners.ParentRunner.access$000(ParentRunner.java:53)
	at org.junit.runners.ParentRunner$2.evaluate(ParentRunner.java:229)
	at org.junit.runners.ParentRunner.run(ParentRunner.java:309)
	at cucumber.runtime.junit.FeatureRunner.runChild(FeatureRunner.java:63)
	at cucumber.runtime.junit.FeatureRunner.runChild(FeatureRunner.java:18)
	at org.junit.runners.ParentRunner$3.run(ParentRunner.java:238)
	at org.junit.runners.ParentRunner$1.schedule(ParentRunner.java:63)
	at org.junit.runners.ParentRunner.runChildren(ParentRunner.java:236)
	at org.junit.runners.ParentRunner.access$000(ParentRunner.java:53)
	at org.junit.runners.ParentRunner$2.evaluate(ParentRunner.java:229)
	at org.junit.runners.ParentRunner.run(ParentRunner.java:309)
	at cucumber.runtime.junit.FeatureRunner.run(FeatureRunner.java:70)
	at cucumber.api.junit.Cucumber.runChild(Cucumber.java:77)
	at cucumber.api.junit.Cucumber.runChild(Cucumber.java:37)
	at org.junit.runners.ParentRunner$3.run(ParentRunner.java:238)
	at org.junit.runners.ParentRunner$1.schedule(ParentRunner.java:63)
	at org.junit.runners.ParentRunner.runChildren(ParentRunner.java:236)
	at org.junit.runners.ParentRunner.access$000(ParentRunner.java:53)
	at org.junit.runners.ParentRunner$2.evaluate(ParentRunner.java:229)
	at org.junit.runners.ParentRunner.run(ParentRunner.java:309)
	at cucumber.api.junit.Cucumber.run(Cucumber.java:82)
	at org.apache.maven.surefire.junit4.JUnit4Provider.execute(JUnit4Provider.java:252)
	at org.apache.maven.surefire.junit4.JUnit4Provider.executeTestSet(JUnit4Provider.java:141)
	at org.apache.maven.surefire.junit4.JUnit4Provider.invoke(JUnit4Provider.java:112)
	at sun.reflect.NativeMethodAccessorImpl.invoke0(Native Method)
	at sun.reflect.NativeMethodAccessorImpl.invoke(NativeMethodAccessorImpl.java:57)
	at sun.reflect.DelegatingMethodAccessorImpl.invoke(DelegatingMethodAccessorImpl.java:43)
	at java.lang.reflect.Method.invoke(Method.java:606)
	at org.apache.maven.surefire.util.ReflectionUtils.invokeMethodWithArray(ReflectionUtils.java:189)
	at org.apache.maven.surefire.booter.ProviderFactory$ProviderProxy.invoke(ProviderFactory.java:165)
	at org.apache.maven.surefire.booter.ProviderFactory.invokeProvider(ProviderFactory.java:85)
	at org.apache.maven.surefire.booter.ForkedBooter.runSuitesInProcess(ForkedBooter.java:113)
	at org.apache.maven.surefire.booter.ForkedBooter.main(ForkedBooter.java:75)
</error>
    <system-out>welcome to mifos through excel
Cell One ... key=productname
631-MS-EI-DB-SAR-REC-NON-RNI-CTRFD-SAR-MD-TR-1-EarlyRePayment
631-MS-EI-DB-SAR-REC-NON-RNI-CTRFD-SAR-MD-TR-1-EarlyRePayment
</system-out>
  </testcase>
  <testcase time="0" classname="| 631-MS-EI-DB-SAR-REC-NON-RNI-CTRFD-SAR-MD-TR-1-EarlyRePayment-Loanproduct.xlsx |" name="| 631-MS-EI-DB-SAR-REC-NON-RNI-CTRFD-SAR-MD-TR-1-EarlyRePayment-Loanproduct.xlsx |">
    <error message="Timed out after 100 seconds waiting for visibility of element located by By.selector: legend.ng-binding
Build info: version: &apos;2.29.1&apos;, revision: &apos;dfb1306b85be4934d23c123122e06e602a15e446&apos;, time: &apos;2013-01-22 12:58:05&apos;
System info: os.name: &apos;Windows Server 2012&apos;, os.arch: &apos;amd64&apos;, os.version: &apos;6.2&apos;, java.version: &apos;1.7.0_51&apos;
Driver info: driver.version: unknown" type="org.openqa.selenium.TimeoutException">org.openqa.selenium.TimeoutException: Timed out after 100 seconds waiting for visibility of element located by By.selector: legend.ng-binding
Build info: version: &apos;2.29.1&apos;, revision: &apos;dfb1306b85be4934d23c123122e06e602a15e446&apos;, time: &apos;2013-01-22 12:58:05&apos;
System info: os.name: &apos;Windows Server 2012&apos;, os.arch: &apos;amd64&apos;, os.version: &apos;6.2&apos;, java.version: &apos;1.7.0_51&apos;
Driver info: driver.version: unknown
	at org.openqa.selenium.support.ui.FluentWait.timeoutException(FluentWait.java:259)
	at org.openqa.selenium.support.ui.FluentWait.until(FluentWait.java:228)
	at com.mifos.pages.MifosWebPage.waitForElementToBeVisible(MifosWebPage.java:210)
	at com.mifos.pages.MifosWebPage.getElement(MifosWebPage.java:699)
	at com.mifos.pages.MifosWebPage.getElement(MifosWebPage.java:684)
	at com.mifos.pages.MifosWebPage.getSingleText(MifosWebPage.java:941)
	at com.mifos.pages.MifosWebPage.validateSame(MifosWebPage.java:947)
	at com.mifos.pages.MifosWebPage.verifySuccessMessage(MifosWebPage.java:1815)
	at com.mifos.pages.FrontPage.verifyProductLoanExcelSheet(FrontPage.java:472)
	at com.mifos.steps.LoanProductSteps.I_should_see_product_loan_created_successfully(LoanProductSteps.java:27)
	at ✽.Then I should see product loan created successfully(LoanMIFOS.feature:18)
Caused by: org.openqa.selenium.NoSuchElementException: no such element
  (Session info: chrome=43.0.2357.124)
  (Driver info: chromedriver=2.8.241075,platform=Windows NT 6.3 x86_64) (WARNING: The server did not provide any stacktrace information)
Command duration or timeout: 30.02 seconds
For documentation on this error, please visit: http://seleniumhq.org/exceptions/no_such_element.html
Build info: version: &apos;2.29.1&apos;, revision: &apos;dfb1306b85be4934d23c123122e06e602a15e446&apos;, time: &apos;2013-01-22 12:58:05&apos;
System info: os.name: &apos;Windows Server 2012&apos;, os.arch: &apos;amd64&apos;, os.version: &apos;6.2&apos;, java.version: &apos;1.7.0_51&apos;
Session ID: acfc156fc88188176d49889370101bda
Driver info: org.openqa.selenium.chrome.ChromeDriver
Capabilities [{platform=XP, acceptSslCerts=true, javascriptEnabled=true, browserName=chrome, chrome={userDataDir=C:\Users\ADMINI~1\AppData\Local\Temp\2\scoped_dir3036_2297}, rotatable=false, locationContextEnabled=true, version=43.0.2357.124, takesHeapSnapshot=true, cssSelectorsEnabled=true, databaseEnabled=false, handlesAlerts=true, browserConnectionEnabled=false, webStorageEnabled=true, nativeEvents=true, applicationCacheEnabled=false, takesScreenshot=true}]
	at sun.reflect.GeneratedConstructorAccessor53.newInstance(Unknown Source)
	at sun.reflect.DelegatingConstructorAccessorImpl.newInstance(DelegatingConstructorAccessorImpl.java:45)
	at java.lang.reflect.Constructor.newInstance(Constructor.java:526)
	at org.openqa.selenium.remote.ErrorHandler.createThrowable(ErrorHandler.java:187)
	at org.openqa.selenium.remote.ErrorHandler.throwIfResponseFailed(ErrorHandler.java:145)
	at org.openqa.selenium.remote.RemoteWebDriver.execute(RemoteWebDriver.java:554)
	at org.openqa.selenium.remote.RemoteWebDriver.findElement(RemoteWebDriver.java:307)
	at org.openqa.selenium.remote.RemoteWebDriver.findElementByCssSelector(RemoteWebDriver.java:396)
	at org.openqa.selenium.By$ByCssSelector.findElement(By.java:406)
	at org.openqa.selenium.remote.RemoteWebDriver.findElement(RemoteWebDriver.java:299)
	at sun.reflect.GeneratedMethodAccessor8.invoke(Unknown Source)
	at sun.reflect.DelegatingMethodAccessorImpl.invoke(DelegatingMethodAccessorImpl.java:43)
	at java.lang.reflect.Method.invoke(Method.java:606)
	at org.openqa.selenium.support.events.EventFiringWebDriver$2.invoke(EventFiringWebDriver.java:101)
	at com.sun.proxy.$Proxy16.findElement(Unknown Source)
	at org.openqa.selenium.support.events.EventFiringWebDriver.findElement(EventFiringWebDriver.java:180)
	at org.openqa.selenium.support.ui.ExpectedConditions.findElement(ExpectedConditions.java:523)
	at org.openqa.selenium.support.ui.ExpectedConditions.access$000(ExpectedConditions.java:39)
	at org.openqa.selenium.support.ui.ExpectedConditions$4.apply(ExpectedConditions.java:130)
	at org.openqa.selenium.support.ui.ExpectedConditions$4.apply(ExpectedConditions.java:126)
	at org.openqa.selenium.support.ui.FluentWait.until(FluentWait.java:208)
	at com.mifos.pages.MifosWebPage.waitForElementToBeVisible(MifosWebPage.java:210)
	at com.mifos.pages.MifosWebPage.getElement(MifosWebPage.java:699)
	at com.mifos.pages.MifosWebPage.getElement(MifosWebPage.java:684)
	at com.mifos.pages.MifosWebPage.getSingleText(MifosWebPage.java:941)
	at com.mifos.pages.MifosWebPage.validateSame(MifosWebPage.java:947)
	at com.mifos.pages.MifosWebPage.verifySuccessMessage(MifosWebPage.java:1815)
	at com.mifos.pages.FrontPage.verifyProductLoanExcelSheet(FrontPage.java:472)
	at com.mifos.steps.LoanProductSteps.I_should_see_product_loan_created_successfully(LoanProductSteps.java:27)
	at sun.reflect.NativeMethodAccessorImpl.invoke0(Native Method)
	at sun.reflect.NativeMethodAccessorImpl.invoke(NativeMethodAccessorImpl.java:57)
	at sun.reflect.DelegatingMethodAccessorImpl.invoke(DelegatingMethodAccessorImpl.java:43)
	at java.lang.reflect.Method.invoke(Method.java:606)
	at cucumber.runtime.Utils$1.call(Utils.java:44)
	at cucumber.runtime.Timeout.timeout(Timeout.java:12)
	at cucumber.runtime.Utils.invoke(Utils.java:40)
	at cucumber.runtime.java.JavaStepDefinition.execute(JavaStepDefinition.java:35)
	at cucumber.runtime.StepDefinitionMatch.runStep(StepDefinitionMatch.java:38)
	at cucumber.runtime.Runtime.runStep(Runtime.java:268)
	at cucumber.runtime.model.StepContainer.runStep(StepContainer.java:45)
	at cucumber.runtime.model.StepContainer.runSteps(StepContainer.java:40)
	at cucumber.runtime.model.CucumberScenario.run(CucumberScenario.java:36)
	at cucumber.runtime.junit.ExecutionUnitRunner.run(ExecutionUnitRunner.java:83)
	at org.junit.runners.Suite.runChild(Suite.java:127)
	at org.junit.runners.Suite.runChild(Suite.java:26)
	at org.junit.runners.ParentRunner$3.run(ParentRunner.java:238)
	at org.junit.runners.ParentRunner$1.schedule(ParentRunner.java:63)
	at org.junit.runners.ParentRunner.runChildren(ParentRunner.java:236)
	at org.junit.runners.ParentRunner.access$000(ParentRunner.java:53)
	at org.junit.runners.ParentRunner$2.evaluate(ParentRunner.java:229)
	at org.junit.runners.ParentRunner.run(ParentRunner.java:309)
	at org.junit.runners.Suite.runChild(Suite.java:127)
	at org.junit.runners.Suite.runChild(Suite.java:26)
	at org.junit.runners.ParentRunner$3.run(ParentRunner.java:238)
	at org.junit.runners.ParentRunner$1.schedule(ParentRunner.java:63)
	at org.junit.runners.ParentRunner.runChildren(ParentRunner.java:236)
	at org.junit.runners.ParentRunner.access$000(ParentRunner.java:53)
	at org.junit.runners.ParentRunner$2.evaluate(ParentRunner.java:229)
	at org.junit.runners.ParentRunner.run(ParentRunner.java:309)
	at cucumber.runtime.junit.FeatureRunner.runChild(FeatureRunner.java:63)
	at cucumber.runtime.junit.FeatureRunner.runChild(FeatureRunner.java:18)
	at org.junit.runners.ParentRunner$3.run(ParentRunner.java:238)
	at org.junit.runners.ParentRunner$1.schedule(ParentRunner.java:63)
	at org.junit.runners.ParentRunner.runChildren(ParentRunner.java:236)
	at org.junit.runners.ParentRunner.access$000(ParentRunner.java:53)
	at org.junit.runners.ParentRunner$2.evaluate(ParentRunner.java:229)
	at org.junit.runners.ParentRunner.run(ParentRunner.java:309)
	at cucumber.runtime.junit.FeatureRunner.run(FeatureRunner.java:70)
	at cucumber.api.junit.Cucumber.runChild(Cucumber.java:77)
	at cucumber.api.junit.Cucumber.runChild(Cucumber.java:37)
	at org.junit.runners.ParentRunner$3.run(ParentRunner.java:238)
	at org.junit.runners.ParentRunner$1.schedule(ParentRunner.java:63)
	at org.junit.runners.ParentRunner.runChildren(ParentRunner.java:236)
	at org.junit.runners.ParentRunner.access$000(ParentRunner.java:53)
	at org.junit.runners.ParentRunner$2.evaluate(ParentRunner.java:229)
	at org.junit.runners.ParentRunner.run(ParentRunner.java:309)
	at cucumber.api.junit.Cucumber.run(Cucumber.java:82)
	at org.apache.maven.surefire.junit4.JUnit4Provider.execute(JUnit4Provider.java:252)
	at org.apache.maven.surefire.junit4.JUnit4Provider.executeTestSet(JUnit4Provider.java:141)
	at org.apache.maven.surefire.junit4.JUnit4Provider.invoke(JUnit4Provider.java:112)
	at sun.reflect.NativeMethodAccessorImpl.invoke0(Native Method)
	at sun.reflect.NativeMethodAccessorImpl.invoke(NativeMethodAccessorImpl.java:57)
	at sun.reflect.DelegatingMethodAccessorImpl.invoke(DelegatingMethodAccessorImpl.java:43)
	at java.lang.reflect.Method.invoke(Method.java:606)
	at org.apache.maven.surefire.util.ReflectionUtils.invokeMethodWithArray(ReflectionUtils.java:189)
	at org.apache.maven.surefire.booter.ProviderFactory$ProviderProxy.invoke(ProviderFactory.java:165)
	at org.apache.maven.surefire.booter.ProviderFactory.invokeProvider(ProviderFactory.java:85)
	at org.apache.maven.surefire.booter.ForkedBooter.runSuitesInProcess(ForkedBooter.java:113)
	at org.apache.maven.surefire.booter.ForkedBooter.main(ForkedBooter.java:75)
</error>
  </testcase>
  <testcase time="0" classname="| 632-MS-EI-DB-SAR-REC-NON-RNI-CTRFD-DL-MD-TR-1-EarlyRePayment-Loanproduct.xlsx |" name="Given I navigate to mifos"/>
  <testcase time="0" classname="| 632-MS-EI-DB-SAR-REC-NON-RNI-CTRFD-DL-MD-TR-1-EarlyRePayment-Loanproduct.xlsx |" name="And I use login folder"/>
  <testcase time="0" classname="| 632-MS-EI-DB-SAR-REC-NON-RNI-CTRFD-DL-MD-TR-1-EarlyRePayment-Loanproduct.xlsx |" name="When I login into mifos site using excel sheet"/>
  <testcase time="0" classname="| 632-MS-EI-DB-SAR-REC-NON-RNI-CTRFD-DL-MD-TR-1-EarlyRePayment-Loanproduct.xlsx |" name="Then I should see logged in successfully"/>
  <testcase time="0" classname="| 632-MS-EI-DB-SAR-REC-NON-RNI-CTRFD-DL-MD-TR-1-EarlyRePayment-Loanproduct.xlsx |" name="Given I setup the product loan"/>
  <testcase time="0" classname="| 632-MS-EI-DB-SAR-REC-NON-RNI-CTRFD-DL-MD-TR-1-EarlyRePayment-Loanproduct.xlsx |" name="And I entered the values into product loan using"/>
  <testcase time="0" classname="| 632-MS-EI-DB-SAR-REC-NON-RNI-CTRFD-DL-MD-TR-1-EarlyRePayment-Loanproduct.xlsx |" name="Then I should see product loan created successfully">
    <error message="Timed out after 100 seconds waiting for visibility of element located by By.selector: legend.ng-binding
Build info: version: &apos;2.29.1&apos;, revision: &apos;dfb1306b85be4934d23c123122e06e602a15e446&apos;, time: &apos;2013-01-22 12:58:05&apos;
System info: os.name: &apos;Windows Server 2012&apos;, os.arch: &apos;amd64&apos;, os.version: &apos;6.2&apos;, java.version: &apos;1.7.0_51&apos;
Driver info: driver.version: unknown" type="org.openqa.selenium.TimeoutException">org.openqa.selenium.TimeoutException: Timed out after 100 seconds waiting for visibility of element located by By.selector: legend.ng-binding
Build info: version: &apos;2.29.1&apos;, revision: &apos;dfb1306b85be4934d23c123122e06e602a15e446&apos;, time: &apos;2013-01-22 12:58:05&apos;
System info: os.name: &apos;Windows Server 2012&apos;, os.arch: &apos;amd64&apos;, os.version: &apos;6.2&apos;, java.version: &apos;1.7.0_51&apos;
Driver info: driver.version: unknown
	at org.openqa.selenium.support.ui.FluentWait.timeoutException(FluentWait.java:259)
	at org.openqa.selenium.support.ui.FluentWait.until(FluentWait.java:228)
	at com.mifos.pages.MifosWebPage.waitForElementToBeVisible(MifosWebPage.java:210)
	at com.mifos.pages.MifosWebPage.getElement(MifosWebPage.java:699)
	at com.mifos.pages.MifosWebPage.getElement(MifosWebPage.java:684)
	at com.mifos.pages.MifosWebPage.getSingleText(MifosWebPage.java:941)
	at com.mifos.pages.MifosWebPage.validateSame(MifosWebPage.java:947)
	at com.mifos.pages.MifosWebPage.verifySuccessMessage(MifosWebPage.java:1815)
	at com.mifos.pages.FrontPage.verifyProductLoanExcelSheet(FrontPage.java:472)
	at com.mifos.steps.LoanProductSteps.I_should_see_product_loan_created_successfully(LoanProductSteps.java:27)
	at ✽.Then I should see product loan created successfully(LoanMIFOS.feature:18)
Caused by: org.openqa.selenium.NoSuchElementException: no such element
  (Session info: chrome=43.0.2357.124)
  (Driver info: chromedriver=2.8.241075,platform=Windows NT 6.3 x86_64) (WARNING: The server did not provide any stacktrace information)
Command duration or timeout: 30.03 seconds
For documentation on this error, please visit: http://seleniumhq.org/exceptions/no_such_element.html
Build info: version: &apos;2.29.1&apos;, revision: &apos;dfb1306b85be4934d23c123122e06e602a15e446&apos;, time: &apos;2013-01-22 12:58:05&apos;
System info: os.name: &apos;Windows Server 2012&apos;, os.arch: &apos;amd64&apos;, os.version: &apos;6.2&apos;, java.version: &apos;1.7.0_51&apos;
Session ID: 3a39e188b2ec888fc26bf031069a8f26
Driver info: org.openqa.selenium.chrome.ChromeDriver
Capabilities [{platform=XP, acceptSslCerts=true, javascriptEnabled=true, browserName=chrome, chrome={userDataDir=C:\Users\ADMINI~1\AppData\Local\Temp\2\scoped_dir3180_14612}, rotatable=false, locationContextEnabled=true, version=43.0.2357.124, takesHeapSnapshot=true, cssSelectorsEnabled=true, databaseEnabled=false, handlesAlerts=true, browserConnectionEnabled=false, webStorageEnabled=true, nativeEvents=true, applicationCacheEnabled=false, takesScreenshot=true}]
	at sun.reflect.GeneratedConstructorAccessor53.newInstance(Unknown Source)
	at sun.reflect.DelegatingConstructorAccessorImpl.newInstance(DelegatingConstructorAccessorImpl.java:45)
	at java.lang.reflect.Constructor.newInstance(Constructor.java:526)
	at org.openqa.selenium.remote.ErrorHandler.createThrowable(ErrorHandler.java:187)
	at org.openqa.selenium.remote.ErrorHandler.throwIfResponseFailed(ErrorHandler.java:145)
	at org.openqa.selenium.remote.RemoteWebDriver.execute(RemoteWebDriver.java:554)
	at org.openqa.selenium.remote.RemoteWebDriver.findElement(RemoteWebDriver.java:307)
	at org.openqa.selenium.remote.RemoteWebDriver.findElementByCssSelector(RemoteWebDriver.java:396)
	at org.openqa.selenium.By$ByCssSelector.findElement(By.java:406)
	at org.openqa.selenium.remote.RemoteWebDriver.findElement(RemoteWebDriver.java:299)
	at sun.reflect.GeneratedMethodAccessor8.invoke(Unknown Source)
	at sun.reflect.DelegatingMethodAccessorImpl.invoke(DelegatingMethodAccessorImpl.java:43)
	at java.lang.reflect.Method.invoke(Method.java:606)
	at org.openqa.selenium.support.events.EventFiringWebDriver$2.invoke(EventFiringWebDriver.java:101)
	at com.sun.proxy.$Proxy16.findElement(Unknown Source)
	at org.openqa.selenium.support.events.EventFiringWebDriver.findElement(EventFiringWebDriver.java:180)
	at org.openqa.selenium.support.ui.ExpectedConditions.findElement(ExpectedConditions.java:523)
	at org.openqa.selenium.support.ui.ExpectedConditions.access$000(ExpectedConditions.java:39)
	at org.openqa.selenium.support.ui.ExpectedConditions$4.apply(ExpectedConditions.java:130)
	at org.openqa.selenium.support.ui.ExpectedConditions$4.apply(ExpectedConditions.java:126)
	at org.openqa.selenium.support.ui.FluentWait.until(FluentWait.java:208)
	at com.mifos.pages.MifosWebPage.waitForElementToBeVisible(MifosWebPage.java:210)
	at com.mifos.pages.MifosWebPage.getElement(MifosWebPage.java:699)
	at com.mifos.pages.MifosWebPage.getElement(MifosWebPage.java:684)
	at com.mifos.pages.MifosWebPage.getSingleText(MifosWebPage.java:941)
	at com.mifos.pages.MifosWebPage.validateSame(MifosWebPage.java:947)
	at com.mifos.pages.MifosWebPage.verifySuccessMessage(MifosWebPage.java:1815)
	at com.mifos.pages.FrontPage.verifyProductLoanExcelSheet(FrontPage.java:472)
	at com.mifos.steps.LoanProductSteps.I_should_see_product_loan_created_successfully(LoanProductSteps.java:27)
	at sun.reflect.NativeMethodAccessorImpl.invoke0(Native Method)
	at sun.reflect.NativeMethodAccessorImpl.invoke(NativeMethodAccessorImpl.java:57)
	at sun.reflect.DelegatingMethodAccessorImpl.invoke(DelegatingMethodAccessorImpl.java:43)
	at java.lang.reflect.Method.invoke(Method.java:606)
	at cucumber.runtime.Utils$1.call(Utils.java:44)
	at cucumber.runtime.Timeout.timeout(Timeout.java:12)
	at cucumber.runtime.Utils.invoke(Utils.java:40)
	at cucumber.runtime.java.JavaStepDefinition.execute(JavaStepDefinition.java:35)
	at cucumber.runtime.StepDefinitionMatch.runStep(StepDefinitionMatch.java:38)
	at cucumber.runtime.Runtime.runStep(Runtime.java:268)
	at cucumber.runtime.model.StepContainer.runStep(StepContainer.java:45)
	at cucumber.runtime.model.StepContainer.runSteps(StepContainer.java:40)
	at cucumber.runtime.model.CucumberScenario.run(CucumberScenario.java:36)
	at cucumber.runtime.junit.ExecutionUnitRunner.run(ExecutionUnitRunner.java:83)
	at org.junit.runners.Suite.runChild(Suite.java:127)
	at org.junit.runners.Suite.runChild(Suite.java:26)
	at org.junit.runners.ParentRunner$3.run(ParentRunner.java:238)
	at org.junit.runners.ParentRunner$1.schedule(ParentRunner.java:63)
	at org.junit.runners.ParentRunner.runChildren(ParentRunner.java:236)
	at org.junit.runners.ParentRunner.access$000(ParentRunner.java:53)
	at org.junit.runners.ParentRunner$2.evaluate(ParentRunner.java:229)
	at org.junit.runners.ParentRunner.run(ParentRunner.java:309)
	at org.junit.runners.Suite.runChild(Suite.java:127)
	at org.junit.runners.Suite.runChild(Suite.java:26)
	at org.junit.runners.ParentRunner$3.run(ParentRunner.java:238)
	at org.junit.runners.ParentRunner$1.schedule(ParentRunner.java:63)
	at org.junit.runners.ParentRunner.runChildren(ParentRunner.java:236)
	at org.junit.runners.ParentRunner.access$000(ParentRunner.java:53)
	at org.junit.runners.ParentRunner$2.evaluate(ParentRunner.java:229)
	at org.junit.runners.ParentRunner.run(ParentRunner.java:309)
	at cucumber.runtime.junit.FeatureRunner.runChild(FeatureRunner.java:63)
	at cucumber.runtime.junit.FeatureRunner.runChild(FeatureRunner.java:18)
	at org.junit.runners.ParentRunner$3.run(ParentRunner.java:238)
	at org.junit.runners.ParentRunner$1.schedule(ParentRunner.java:63)
	at org.junit.runners.ParentRunner.runChildren(ParentRunner.java:236)
	at org.junit.runners.ParentRunner.access$000(ParentRunner.java:53)
	at org.junit.runners.ParentRunner$2.evaluate(ParentRunner.java:229)
	at org.junit.runners.ParentRunner.run(ParentRunner.java:309)
	at cucumber.runtime.junit.FeatureRunner.run(FeatureRunner.java:70)
	at cucumber.api.junit.Cucumber.runChild(Cucumber.java:77)
	at cucumber.api.junit.Cucumber.runChild(Cucumber.java:37)
	at org.junit.runners.ParentRunner$3.run(ParentRunner.java:238)
	at org.junit.runners.ParentRunner$1.schedule(ParentRunner.java:63)
	at org.junit.runners.ParentRunner.runChildren(ParentRunner.java:236)
	at org.junit.runners.ParentRunner.access$000(ParentRunner.java:53)
	at org.junit.runners.ParentRunner$2.evaluate(ParentRunner.java:229)
	at org.junit.runners.ParentRunner.run(ParentRunner.java:309)
	at cucumber.api.junit.Cucumber.run(Cucumber.java:82)
	at org.apache.maven.surefire.junit4.JUnit4Provider.execute(JUnit4Provider.java:252)
	at org.apache.maven.surefire.junit4.JUnit4Provider.executeTestSet(JUnit4Provider.java:141)
	at org.apache.maven.surefire.junit4.JUnit4Provider.invoke(JUnit4Provider.java:112)
	at sun.reflect.NativeMethodAccessorImpl.invoke0(Native Method)
	at sun.reflect.NativeMethodAccessorImpl.invoke(NativeMethodAccessorImpl.java:57)
	at sun.reflect.DelegatingMethodAccessorImpl.invoke(DelegatingMethodAccessorImpl.java:43)
	at java.lang.reflect.Method.invoke(Method.java:606)
	at org.apache.maven.surefire.util.ReflectionUtils.invokeMethodWithArray(ReflectionUtils.java:189)
	at org.apache.maven.surefire.booter.ProviderFactory$ProviderProxy.invoke(ProviderFactory.java:165)
	at org.apache.maven.surefire.booter.ProviderFactory.invokeProvider(ProviderFactory.java:85)
	at org.apache.maven.surefire.booter.ForkedBooter.runSuitesInProcess(ForkedBooter.java:113)
	at org.apache.maven.surefire.booter.ForkedBooter.main(ForkedBooter.java:75)
</error>
    <system-out>welcome to mifos through excel
Cell One ... key=productname
632-MS-EI-DB-SAR-REC-NON-RNI-CTRFD-DL-MD-TR-1-EarlyRePayment
632-MS-EI-DB-SAR-REC-NON-RNI-CTRFD-DL-MD-TR-1-EarlyRePayment
</system-out>
  </testcase>
  <testcase time="0" classname="| 632-MS-EI-DB-SAR-REC-NON-RNI-CTRFD-DL-MD-TR-1-EarlyRePayment-Loanproduct.xlsx |" name="| 632-MS-EI-DB-SAR-REC-NON-RNI-CTRFD-DL-MD-TR-1-EarlyRePayment-Loanproduct.xlsx |">
    <error message="Timed out after 100 seconds waiting for visibility of element located by By.selector: legend.ng-binding
Build info: version: &apos;2.29.1&apos;, revision: &apos;dfb1306b85be4934d23c123122e06e602a15e446&apos;, time: &apos;2013-01-22 12:58:05&apos;
System info: os.name: &apos;Windows Server 2012&apos;, os.arch: &apos;amd64&apos;, os.version: &apos;6.2&apos;, java.version: &apos;1.7.0_51&apos;
Driver info: driver.version: unknown" type="org.openqa.selenium.TimeoutException">org.openqa.selenium.TimeoutException: Timed out after 100 seconds waiting for visibility of element located by By.selector: legend.ng-binding
Build info: version: &apos;2.29.1&apos;, revision: &apos;dfb1306b85be4934d23c123122e06e602a15e446&apos;, time: &apos;2013-01-22 12:58:05&apos;
System info: os.name: &apos;Windows Server 2012&apos;, os.arch: &apos;amd64&apos;, os.version: &apos;6.2&apos;, java.version: &apos;1.7.0_51&apos;
Driver info: driver.version: unknown
	at org.openqa.selenium.support.ui.FluentWait.timeoutException(FluentWait.java:259)
	at org.openqa.selenium.support.ui.FluentWait.until(FluentWait.java:228)
	at com.mifos.pages.MifosWebPage.waitForElementToBeVisible(MifosWebPage.java:210)
	at com.mifos.pages.MifosWebPage.getElement(MifosWebPage.java:699)
	at com.mifos.pages.MifosWebPage.getElement(MifosWebPage.java:684)
	at com.mifos.pages.MifosWebPage.getSingleText(MifosWebPage.java:941)
	at com.mifos.pages.MifosWebPage.validateSame(MifosWebPage.java:947)
	at com.mifos.pages.MifosWebPage.verifySuccessMessage(MifosWebPage.java:1815)
	at com.mifos.pages.FrontPage.verifyProductLoanExcelSheet(FrontPage.java:472)
	at com.mifos.steps.LoanProductSteps.I_should_see_product_loan_created_successfully(LoanProductSteps.java:27)
	at ✽.Then I should see product loan created successfully(LoanMIFOS.feature:18)
Caused by: org.openqa.selenium.NoSuchElementException: no such element
  (Session info: chrome=43.0.2357.124)
  (Driver info: chromedriver=2.8.241075,platform=Windows NT 6.3 x86_64) (WARNING: The server did not provide any stacktrace information)
Command duration or timeout: 30.03 seconds
For documentation on this error, please visit: http://seleniumhq.org/exceptions/no_such_element.html
Build info: version: &apos;2.29.1&apos;, revision: &apos;dfb1306b85be4934d23c123122e06e602a15e446&apos;, time: &apos;2013-01-22 12:58:05&apos;
System info: os.name: &apos;Windows Server 2012&apos;, os.arch: &apos;amd64&apos;, os.version: &apos;6.2&apos;, java.version: &apos;1.7.0_51&apos;
Session ID: 3a39e188b2ec888fc26bf031069a8f26
Driver info: org.openqa.selenium.chrome.ChromeDriver
Capabilities [{platform=XP, acceptSslCerts=true, javascriptEnabled=true, browserName=chrome, chrome={userDataDir=C:\Users\ADMINI~1\AppData\Local\Temp\2\scoped_dir3180_14612}, rotatable=false, locationContextEnabled=true, version=43.0.2357.124, takesHeapSnapshot=true, cssSelectorsEnabled=true, databaseEnabled=false, handlesAlerts=true, browserConnectionEnabled=false, webStorageEnabled=true, nativeEvents=true, applicationCacheEnabled=false, takesScreenshot=true}]
	at sun.reflect.GeneratedConstructorAccessor53.newInstance(Unknown Source)
	at sun.reflect.DelegatingConstructorAccessorImpl.newInstance(DelegatingConstructorAccessorImpl.java:45)
	at java.lang.reflect.Constructor.newInstance(Constructor.java:526)
	at org.openqa.selenium.remote.ErrorHandler.createThrowable(ErrorHandler.java:187)
	at org.openqa.selenium.remote.ErrorHandler.throwIfResponseFailed(ErrorHandler.java:145)
	at org.openqa.selenium.remote.RemoteWebDriver.execute(RemoteWebDriver.java:554)
	at org.openqa.selenium.remote.RemoteWebDriver.findElement(RemoteWebDriver.java:307)
	at org.openqa.selenium.remote.RemoteWebDriver.findElementByCssSelector(RemoteWebDriver.java:396)
	at org.openqa.selenium.By$ByCssSelector.findElement(By.java:406)
	at org.openqa.selenium.remote.RemoteWebDriver.findElement(RemoteWebDriver.java:299)
	at sun.reflect.GeneratedMethodAccessor8.invoke(Unknown Source)
	at sun.reflect.DelegatingMethodAccessorImpl.invoke(DelegatingMethodAccessorImpl.java:43)
	at java.lang.reflect.Method.invoke(Method.java:606)
	at org.openqa.selenium.support.events.EventFiringWebDriver$2.invoke(EventFiringWebDriver.java:101)
	at com.sun.proxy.$Proxy16.findElement(Unknown Source)
	at org.openqa.selenium.support.events.EventFiringWebDriver.findElement(EventFiringWebDriver.java:180)
	at org.openqa.selenium.support.ui.ExpectedConditions.findElement(ExpectedConditions.java:523)
	at org.openqa.selenium.support.ui.ExpectedConditions.access$000(ExpectedConditions.java:39)
	at org.openqa.selenium.support.ui.ExpectedConditions$4.apply(ExpectedConditions.java:130)
	at org.openqa.selenium.support.ui.ExpectedConditions$4.apply(ExpectedConditions.java:126)
	at org.openqa.selenium.support.ui.FluentWait.until(FluentWait.java:208)
	at com.mifos.pages.MifosWebPage.waitForElementToBeVisible(MifosWebPage.java:210)
	at com.mifos.pages.MifosWebPage.getElement(MifosWebPage.java:699)
	at com.mifos.pages.MifosWebPage.getElement(MifosWebPage.java:684)
	at com.mifos.pages.MifosWebPage.getSingleText(MifosWebPage.java:941)
	at com.mifos.pages.MifosWebPage.validateSame(MifosWebPage.java:947)
	at com.mifos.pages.MifosWebPage.verifySuccessMessage(MifosWebPage.java:1815)
	at com.mifos.pages.FrontPage.verifyProductLoanExcelSheet(FrontPage.java:472)
	at com.mifos.steps.LoanProductSteps.I_should_see_product_loan_created_successfully(LoanProductSteps.java:27)
	at sun.reflect.NativeMethodAccessorImpl.invoke0(Native Method)
	at sun.reflect.NativeMethodAccessorImpl.invoke(NativeMethodAccessorImpl.java:57)
	at sun.reflect.DelegatingMethodAccessorImpl.invoke(DelegatingMethodAccessorImpl.java:43)
	at java.lang.reflect.Method.invoke(Method.java:606)
	at cucumber.runtime.Utils$1.call(Utils.java:44)
	at cucumber.runtime.Timeout.timeout(Timeout.java:12)
	at cucumber.runtime.Utils.invoke(Utils.java:40)
	at cucumber.runtime.java.JavaStepDefinition.execute(JavaStepDefinition.java:35)
	at cucumber.runtime.StepDefinitionMatch.runStep(StepDefinitionMatch.java:38)
	at cucumber.runtime.Runtime.runStep(Runtime.java:268)
	at cucumber.runtime.model.StepContainer.runStep(StepContainer.java:45)
	at cucumber.runtime.model.StepContainer.runSteps(StepContainer.java:40)
	at cucumber.runtime.model.CucumberScenario.run(CucumberScenario.java:36)
	at cucumber.runtime.junit.ExecutionUnitRunner.run(ExecutionUnitRunner.java:83)
	at org.junit.runners.Suite.runChild(Suite.java:127)
	at org.junit.runners.Suite.runChild(Suite.java:26)
	at org.junit.runners.ParentRunner$3.run(ParentRunner.java:238)
	at org.junit.runners.ParentRunner$1.schedule(ParentRunner.java:63)
	at org.junit.runners.ParentRunner.runChildren(ParentRunner.java:236)
	at org.junit.runners.ParentRunner.access$000(ParentRunner.java:53)
	at org.junit.runners.ParentRunner$2.evaluate(ParentRunner.java:229)
	at org.junit.runners.ParentRunner.run(ParentRunner.java:309)
	at org.junit.runners.Suite.runChild(Suite.java:127)
	at org.junit.runners.Suite.runChild(Suite.java:26)
	at org.junit.runners.ParentRunner$3.run(ParentRunner.java:238)
	at org.junit.runners.ParentRunner$1.schedule(ParentRunner.java:63)
	at org.junit.runners.ParentRunner.runChildren(ParentRunner.java:236)
	at org.junit.runners.ParentRunner.access$000(ParentRunner.java:53)
	at org.junit.runners.ParentRunner$2.evaluate(ParentRunner.java:229)
	at org.junit.runners.ParentRunner.run(ParentRunner.java:309)
	at cucumber.runtime.junit.FeatureRunner.runChild(FeatureRunner.java:63)
	at cucumber.runtime.junit.FeatureRunner.runChild(FeatureRunner.java:18)
	at org.junit.runners.ParentRunner$3.run(ParentRunner.java:238)
	at org.junit.runners.ParentRunner$1.schedule(ParentRunner.java:63)
	at org.junit.runners.ParentRunner.runChildren(ParentRunner.java:236)
	at org.junit.runners.ParentRunner.access$000(ParentRunner.java:53)
	at org.junit.runners.ParentRunner$2.evaluate(ParentRunner.java:229)
	at org.junit.runners.ParentRunner.run(ParentRunner.java:309)
	at cucumber.runtime.junit.FeatureRunner.run(FeatureRunner.java:70)
	at cucumber.api.junit.Cucumber.runChild(Cucumber.java:77)
	at cucumber.api.junit.Cucumber.runChild(Cucumber.java:37)
	at org.junit.runners.ParentRunner$3.run(ParentRunner.java:238)
	at org.junit.runners.ParentRunner$1.schedule(ParentRunner.java:63)
	at org.junit.runners.ParentRunner.runChildren(ParentRunner.java:236)
	at org.junit.runners.ParentRunner.access$000(ParentRunner.java:53)
	at org.junit.runners.ParentRunner$2.evaluate(ParentRunner.java:229)
	at org.junit.runners.ParentRunner.run(ParentRunner.java:309)
	at cucumber.api.junit.Cucumber.run(Cucumber.java:82)
	at org.apache.maven.surefire.junit4.JUnit4Provider.execute(JUnit4Provider.java:252)
	at org.apache.maven.surefire.junit4.JUnit4Provider.executeTestSet(JUnit4Provider.java:141)
	at org.apache.maven.surefire.junit4.JUnit4Provider.invoke(JUnit4Provider.java:112)
	at sun.reflect.NativeMethodAccessorImpl.invoke0(Native Method)
	at sun.reflect.NativeMethodAccessorImpl.invoke(NativeMethodAccessorImpl.java:57)
	at sun.reflect.DelegatingMethodAccessorImpl.invoke(DelegatingMethodAccessorImpl.java:43)
	at java.lang.reflect.Method.invoke(Method.java:606)
	at org.apache.maven.surefire.util.ReflectionUtils.invokeMethodWithArray(ReflectionUtils.java:189)
	at org.apache.maven.surefire.booter.ProviderFactory$ProviderProxy.invoke(ProviderFactory.java:165)
	at org.apache.maven.surefire.booter.ProviderFactory.invokeProvider(ProviderFactory.java:85)
	at org.apache.maven.surefire.booter.ForkedBooter.runSuitesInProcess(ForkedBooter.java:113)
	at org.apache.maven.surefire.booter.ForkedBooter.main(ForkedBooter.java:75)
</error>
  </testcase>
  <testcase time="0" classname="| 677-MS-EPP-DB-DL-REC-NON-RNI-CTPD-SAR-MD-TR-1-EarlyRePaymentt-Loanproduct.xlsx |" name="Given I navigate to mifos"/>
  <testcase time="0" classname="| 677-MS-EPP-DB-DL-REC-NON-RNI-CTPD-SAR-MD-TR-1-EarlyRePaymentt-Loanproduct.xlsx |" name="And I use login folder"/>
  <testcase time="0" classname="| 677-MS-EPP-DB-DL-REC-NON-RNI-CTPD-SAR-MD-TR-1-EarlyRePaymentt-Loanproduct.xlsx |" name="When I login into mifos site using excel sheet"/>
  <testcase time="0" classname="| 677-MS-EPP-DB-DL-REC-NON-RNI-CTPD-SAR-MD-TR-1-EarlyRePaymentt-Loanproduct.xlsx |" name="Then I should see logged in successfully"/>
  <testcase time="0" classname="| 677-MS-EPP-DB-DL-REC-NON-RNI-CTPD-SAR-MD-TR-1-EarlyRePaymentt-Loanproduct.xlsx |" name="Given I setup the product loan"/>
  <testcase time="0" classname="| 677-MS-EPP-DB-DL-REC-NON-RNI-CTPD-SAR-MD-TR-1-EarlyRePaymentt-Loanproduct.xlsx |" name="And I entered the values into product loan using"/>
  <testcase time="0" classname="| 677-MS-EPP-DB-DL-REC-NON-RNI-CTPD-SAR-MD-TR-1-EarlyRePaymentt-Loanproduct.xlsx |" name="Then I should see product loan created successfully">
    <error message="Timed out after 100 seconds waiting for visibility of element located by By.selector: legend.ng-binding
Build info: version: &apos;2.29.1&apos;, revision: &apos;dfb1306b85be4934d23c123122e06e602a15e446&apos;, time: &apos;2013-01-22 12:58:05&apos;
System info: os.name: &apos;Windows Server 2012&apos;, os.arch: &apos;amd64&apos;, os.version: &apos;6.2&apos;, java.version: &apos;1.7.0_51&apos;
Driver info: driver.version: unknown" type="org.openqa.selenium.TimeoutException">org.openqa.selenium.TimeoutException: Timed out after 100 seconds waiting for visibility of element located by By.selector: legend.ng-binding
Build info: version: &apos;2.29.1&apos;, revision: &apos;dfb1306b85be4934d23c123122e06e602a15e446&apos;, time: &apos;2013-01-22 12:58:05&apos;
System info: os.name: &apos;Windows Server 2012&apos;, os.arch: &apos;amd64&apos;, os.version: &apos;6.2&apos;, java.version: &apos;1.7.0_51&apos;
Driver info: driver.version: unknown
	at org.openqa.selenium.support.ui.FluentWait.timeoutException(FluentWait.java:259)
	at org.openqa.selenium.support.ui.FluentWait.until(FluentWait.java:228)
	at com.mifos.pages.MifosWebPage.waitForElementToBeVisible(MifosWebPage.java:210)
	at com.mifos.pages.MifosWebPage.getElement(MifosWebPage.java:699)
	at com.mifos.pages.MifosWebPage.getElement(MifosWebPage.java:684)
	at com.mifos.pages.MifosWebPage.getSingleText(MifosWebPage.java:941)
	at com.mifos.pages.MifosWebPage.validateSame(MifosWebPage.java:947)
	at com.mifos.pages.MifosWebPage.verifySuccessMessage(MifosWebPage.java:1815)
	at com.mifos.pages.FrontPage.verifyProductLoanExcelSheet(FrontPage.java:472)
	at com.mifos.steps.LoanProductSteps.I_should_see_product_loan_created_successfully(LoanProductSteps.java:27)
	at ✽.Then I should see product loan created successfully(LoanMIFOS.feature:18)
Caused by: org.openqa.selenium.NoSuchElementException: no such element
  (Session info: chrome=43.0.2357.124)
  (Driver info: chromedriver=2.8.241075,platform=Windows NT 6.3 x86_64) (WARNING: The server did not provide any stacktrace information)
Command duration or timeout: 30.03 seconds
For documentation on this error, please visit: http://seleniumhq.org/exceptions/no_such_element.html
Build info: version: &apos;2.29.1&apos;, revision: &apos;dfb1306b85be4934d23c123122e06e602a15e446&apos;, time: &apos;2013-01-22 12:58:05&apos;
System info: os.name: &apos;Windows Server 2012&apos;, os.arch: &apos;amd64&apos;, os.version: &apos;6.2&apos;, java.version: &apos;1.7.0_51&apos;
Session ID: 4cec387632a42afbac3a6cb54ba22daf
Driver info: org.openqa.selenium.chrome.ChromeDriver
Capabilities [{platform=XP, acceptSslCerts=true, javascriptEnabled=true, browserName=chrome, chrome={userDataDir=C:\Users\ADMINI~1\AppData\Local\Temp\2\scoped_dir1620_10840}, rotatable=false, locationContextEnabled=true, version=43.0.2357.124, takesHeapSnapshot=true, cssSelectorsEnabled=true, databaseEnabled=false, handlesAlerts=true, browserConnectionEnabled=false, webStorageEnabled=true, nativeEvents=true, applicationCacheEnabled=false, takesScreenshot=true}]
	at sun.reflect.GeneratedConstructorAccessor53.newInstance(Unknown Source)
	at sun.reflect.DelegatingConstructorAccessorImpl.newInstance(DelegatingConstructorAccessorImpl.java:45)
	at java.lang.reflect.Constructor.newInstance(Constructor.java:526)
	at org.openqa.selenium.remote.ErrorHandler.createThrowable(ErrorHandler.java:187)
	at org.openqa.selenium.remote.ErrorHandler.throwIfResponseFailed(ErrorHandler.java:145)
	at org.openqa.selenium.remote.RemoteWebDriver.execute(RemoteWebDriver.java:554)
	at org.openqa.selenium.remote.RemoteWebDriver.findElement(RemoteWebDriver.java:307)
	at org.openqa.selenium.remote.RemoteWebDriver.findElementByCssSelector(RemoteWebDriver.java:396)
	at org.openqa.selenium.By$ByCssSelector.findElement(By.java:406)
	at org.openqa.selenium.remote.RemoteWebDriver.findElement(RemoteWebDriver.java:299)
	at sun.reflect.GeneratedMethodAccessor8.invoke(Unknown Source)
	at sun.reflect.DelegatingMethodAccessorImpl.invoke(DelegatingMethodAccessorImpl.java:43)
	at java.lang.reflect.Method.invoke(Method.java:606)
	at org.openqa.selenium.support.events.EventFiringWebDriver$2.invoke(EventFiringWebDriver.java:101)
	at com.sun.proxy.$Proxy16.findElement(Unknown Source)
	at org.openqa.selenium.support.events.EventFiringWebDriver.findElement(EventFiringWebDriver.java:180)
	at org.openqa.selenium.support.ui.ExpectedConditions.findElement(ExpectedConditions.java:523)
	at org.openqa.selenium.support.ui.ExpectedConditions.access$000(ExpectedConditions.java:39)
	at org.openqa.selenium.support.ui.ExpectedConditions$4.apply(ExpectedConditions.java:130)
	at org.openqa.selenium.support.ui.ExpectedConditions$4.apply(ExpectedConditions.java:126)
	at org.openqa.selenium.support.ui.FluentWait.until(FluentWait.java:208)
	at com.mifos.pages.MifosWebPage.waitForElementToBeVisible(MifosWebPage.java:210)
	at com.mifos.pages.MifosWebPage.getElement(MifosWebPage.java:699)
	at com.mifos.pages.MifosWebPage.getElement(MifosWebPage.java:684)
	at com.mifos.pages.MifosWebPage.getSingleText(MifosWebPage.java:941)
	at com.mifos.pages.MifosWebPage.validateSame(MifosWebPage.java:947)
	at com.mifos.pages.MifosWebPage.verifySuccessMessage(MifosWebPage.java:1815)
	at com.mifos.pages.FrontPage.verifyProductLoanExcelSheet(FrontPage.java:472)
	at com.mifos.steps.LoanProductSteps.I_should_see_product_loan_created_successfully(LoanProductSteps.java:27)
	at sun.reflect.NativeMethodAccessorImpl.invoke0(Native Method)
	at sun.reflect.NativeMethodAccessorImpl.invoke(NativeMethodAccessorImpl.java:57)
	at sun.reflect.DelegatingMethodAccessorImpl.invoke(DelegatingMethodAccessorImpl.java:43)
	at java.lang.reflect.Method.invoke(Method.java:606)
	at cucumber.runtime.Utils$1.call(Utils.java:44)
	at cucumber.runtime.Timeout.timeout(Timeout.java:12)
	at cucumber.runtime.Utils.invoke(Utils.java:40)
	at cucumber.runtime.java.JavaStepDefinition.execute(JavaStepDefinition.java:35)
	at cucumber.runtime.StepDefinitionMatch.runStep(StepDefinitionMatch.java:38)
	at cucumber.runtime.Runtime.runStep(Runtime.java:268)
	at cucumber.runtime.model.StepContainer.runStep(StepContainer.java:45)
	at cucumber.runtime.model.StepContainer.runSteps(StepContainer.java:40)
	at cucumber.runtime.model.CucumberScenario.run(CucumberScenario.java:36)
	at cucumber.runtime.junit.ExecutionUnitRunner.run(ExecutionUnitRunner.java:83)
	at org.junit.runners.Suite.runChild(Suite.java:127)
	at org.junit.runners.Suite.runChild(Suite.java:26)
	at org.junit.runners.ParentRunner$3.run(ParentRunner.java:238)
	at org.junit.runners.ParentRunner$1.schedule(ParentRunner.java:63)
	at org.junit.runners.ParentRunner.runChildren(ParentRunner.java:236)
	at org.junit.runners.ParentRunner.access$000(ParentRunner.java:53)
	at org.junit.runners.ParentRunner$2.evaluate(ParentRunner.java:229)
	at org.junit.runners.ParentRunner.run(ParentRunner.java:309)
	at org.junit.runners.Suite.runChild(Suite.java:127)
	at org.junit.runners.Suite.runChild(Suite.java:26)
	at org.junit.runners.ParentRunner$3.run(ParentRunner.java:238)
	at org.junit.runners.ParentRunner$1.schedule(ParentRunner.java:63)
	at org.junit.runners.ParentRunner.runChildren(ParentRunner.java:236)
	at org.junit.runners.ParentRunner.access$000(ParentRunner.java:53)
	at org.junit.runners.ParentRunner$2.evaluate(ParentRunner.java:229)
	at org.junit.runners.ParentRunner.run(ParentRunner.java:309)
	at cucumber.runtime.junit.FeatureRunner.runChild(FeatureRunner.java:63)
	at cucumber.runtime.junit.FeatureRunner.runChild(FeatureRunner.java:18)
	at org.junit.runners.ParentRunner$3.run(ParentRunner.java:238)
	at org.junit.runners.ParentRunner$1.schedule(ParentRunner.java:63)
	at org.junit.runners.ParentRunner.runChildren(ParentRunner.java:236)
	at org.junit.runners.ParentRunner.access$000(ParentRunner.java:53)
	at org.junit.runners.ParentRunner$2.evaluate(ParentRunner.java:229)
	at org.junit.runners.ParentRunner.run(ParentRunner.java:309)
	at cucumber.runtime.junit.FeatureRunner.run(FeatureRunner.java:70)
	at cucumber.api.junit.Cucumber.runChild(Cucumber.java:77)
	at cucumber.api.junit.Cucumber.runChild(Cucumber.java:37)
	at org.junit.runners.ParentRunner$3.run(ParentRunner.java:238)
	at org.junit.runners.ParentRunner$1.schedule(ParentRunner.java:63)
	at org.junit.runners.ParentRunner.runChildren(ParentRunner.java:236)
	at org.junit.runners.ParentRunner.access$000(ParentRunner.java:53)
	at org.junit.runners.ParentRunner$2.evaluate(ParentRunner.java:229)
	at org.junit.runners.ParentRunner.run(ParentRunner.java:309)
	at cucumber.api.junit.Cucumber.run(Cucumber.java:82)
	at org.apache.maven.surefire.junit4.JUnit4Provider.execute(JUnit4Provider.java:252)
	at org.apache.maven.surefire.junit4.JUnit4Provider.executeTestSet(JUnit4Provider.java:141)
	at org.apache.maven.surefire.junit4.JUnit4Provider.invoke(JUnit4Provider.java:112)
	at sun.reflect.NativeMethodAccessorImpl.invoke0(Native Method)
	at sun.reflect.NativeMethodAccessorImpl.invoke(NativeMethodAccessorImpl.java:57)
	at sun.reflect.DelegatingMethodAccessorImpl.invoke(DelegatingMethodAccessorImpl.java:43)
	at java.lang.reflect.Method.invoke(Method.java:606)
	at org.apache.maven.surefire.util.ReflectionUtils.invokeMethodWithArray(ReflectionUtils.java:189)
	at org.apache.maven.surefire.booter.ProviderFactory$ProviderProxy.invoke(ProviderFactory.java:165)
	at org.apache.maven.surefire.booter.ProviderFactory.invokeProvider(ProviderFactory.java:85)
	at org.apache.maven.surefire.booter.ForkedBooter.runSuitesInProcess(ForkedBooter.java:113)
	at org.apache.maven.surefire.booter.ForkedBooter.main(ForkedBooter.java:75)
</error>
    <system-out>welcome to mifos through excel
Cell One ... key=productname
677-MS-EPP-DB-DL-REC-NON-RNI-CTPD-SAR-MD-TR-1-EarlyRePayment
677-MS-EPP-DB-DL-REC-NON-RNI-CTPD-SAR-MD-TR-1-EarlyRePayment
</system-out>
  </testcase>
  <testcase time="0" classname="| 677-MS-EPP-DB-DL-REC-NON-RNI-CTPD-SAR-MD-TR-1-EarlyRePaymentt-Loanproduct.xlsx |" name="| 677-MS-EPP-DB-DL-REC-NON-RNI-CTPD-SAR-MD-TR-1-EarlyRePaymentt-Loanproduct.xlsx |">
    <error message="Timed out after 100 seconds waiting for visibility of element located by By.selector: legend.ng-binding
Build info: version: &apos;2.29.1&apos;, revision: &apos;dfb1306b85be4934d23c123122e06e602a15e446&apos;, time: &apos;2013-01-22 12:58:05&apos;
System info: os.name: &apos;Windows Server 2012&apos;, os.arch: &apos;amd64&apos;, os.version: &apos;6.2&apos;, java.version: &apos;1.7.0_51&apos;
Driver info: driver.version: unknown" type="org.openqa.selenium.TimeoutException">org.openqa.selenium.TimeoutException: Timed out after 100 seconds waiting for visibility of element located by By.selector: legend.ng-binding
Build info: version: &apos;2.29.1&apos;, revision: &apos;dfb1306b85be4934d23c123122e06e602a15e446&apos;, time: &apos;2013-01-22 12:58:05&apos;
System info: os.name: &apos;Windows Server 2012&apos;, os.arch: &apos;amd64&apos;, os.version: &apos;6.2&apos;, java.version: &apos;1.7.0_51&apos;
Driver info: driver.version: unknown
	at org.openqa.selenium.support.ui.FluentWait.timeoutException(FluentWait.java:259)
	at org.openqa.selenium.support.ui.FluentWait.until(FluentWait.java:228)
	at com.mifos.pages.MifosWebPage.waitForElementToBeVisible(MifosWebPage.java:210)
	at com.mifos.pages.MifosWebPage.getElement(MifosWebPage.java:699)
	at com.mifos.pages.MifosWebPage.getElement(MifosWebPage.java:684)
	at com.mifos.pages.MifosWebPage.getSingleText(MifosWebPage.java:941)
	at com.mifos.pages.MifosWebPage.validateSame(MifosWebPage.java:947)
	at com.mifos.pages.MifosWebPage.verifySuccessMessage(MifosWebPage.java:1815)
	at com.mifos.pages.FrontPage.verifyProductLoanExcelSheet(FrontPage.java:472)
	at com.mifos.steps.LoanProductSteps.I_should_see_product_loan_created_successfully(LoanProductSteps.java:27)
	at ✽.Then I should see product loan created successfully(LoanMIFOS.feature:18)
Caused by: org.openqa.selenium.NoSuchElementException: no such element
  (Session info: chrome=43.0.2357.124)
  (Driver info: chromedriver=2.8.241075,platform=Windows NT 6.3 x86_64) (WARNING: The server did not provide any stacktrace information)
Command duration or timeout: 30.03 seconds
For documentation on this error, please visit: http://seleniumhq.org/exceptions/no_such_element.html
Build info: version: &apos;2.29.1&apos;, revision: &apos;dfb1306b85be4934d23c123122e06e602a15e446&apos;, time: &apos;2013-01-22 12:58:05&apos;
System info: os.name: &apos;Windows Server 2012&apos;, os.arch: &apos;amd64&apos;, os.version: &apos;6.2&apos;, java.version: &apos;1.7.0_51&apos;
Session ID: 4cec387632a42afbac3a6cb54ba22daf
Driver info: org.openqa.selenium.chrome.ChromeDriver
Capabilities [{platform=XP, acceptSslCerts=true, javascriptEnabled=true, browserName=chrome, chrome={userDataDir=C:\Users\ADMINI~1\AppData\Local\Temp\2\scoped_dir1620_10840}, rotatable=false, locationContextEnabled=true, version=43.0.2357.124, takesHeapSnapshot=true, cssSelectorsEnabled=true, databaseEnabled=false, handlesAlerts=true, browserConnectionEnabled=false, webStorageEnabled=true, nativeEvents=true, applicationCacheEnabled=false, takesScreenshot=true}]
	at sun.reflect.GeneratedConstructorAccessor53.newInstance(Unknown Source)
	at sun.reflect.DelegatingConstructorAccessorImpl.newInstance(DelegatingConstructorAccessorImpl.java:45)
	at java.lang.reflect.Constructor.newInstance(Constructor.java:526)
	at org.openqa.selenium.remote.ErrorHandler.createThrowable(ErrorHandler.java:187)
	at org.openqa.selenium.remote.ErrorHandler.throwIfResponseFailed(ErrorHandler.java:145)
	at org.openqa.selenium.remote.RemoteWebDriver.execute(RemoteWebDriver.java:554)
	at org.openqa.selenium.remote.RemoteWebDriver.findElement(RemoteWebDriver.java:307)
	at org.openqa.selenium.remote.RemoteWebDriver.findElementByCssSelector(RemoteWebDriver.java:396)
	at org.openqa.selenium.By$ByCssSelector.findElement(By.java:406)
	at org.openqa.selenium.remote.RemoteWebDriver.findElement(RemoteWebDriver.java:299)
	at sun.reflect.GeneratedMethodAccessor8.invoke(Unknown Source)
	at sun.reflect.DelegatingMethodAccessorImpl.invoke(DelegatingMethodAccessorImpl.java:43)
	at java.lang.reflect.Method.invoke(Method.java:606)
	at org.openqa.selenium.support.events.EventFiringWebDriver$2.invoke(EventFiringWebDriver.java:101)
	at com.sun.proxy.$Proxy16.findElement(Unknown Source)
	at org.openqa.selenium.support.events.EventFiringWebDriver.findElement(EventFiringWebDriver.java:180)
	at org.openqa.selenium.support.ui.ExpectedConditions.findElement(ExpectedConditions.java:523)
	at org.openqa.selenium.support.ui.ExpectedConditions.access$000(ExpectedConditions.java:39)
	at org.openqa.selenium.support.ui.ExpectedConditions$4.apply(ExpectedConditions.java:130)
	at org.openqa.selenium.support.ui.ExpectedConditions$4.apply(ExpectedConditions.java:126)
	at org.openqa.selenium.support.ui.FluentWait.until(FluentWait.java:208)
	at com.mifos.pages.MifosWebPage.waitForElementToBeVisible(MifosWebPage.java:210)
	at com.mifos.pages.MifosWebPage.getElement(MifosWebPage.java:699)
	at com.mifos.pages.MifosWebPage.getElement(MifosWebPage.java:684)
	at com.mifos.pages.MifosWebPage.getSingleText(MifosWebPage.java:941)
	at com.mifos.pages.MifosWebPage.validateSame(MifosWebPage.java:947)
	at com.mifos.pages.MifosWebPage.verifySuccessMessage(MifosWebPage.java:1815)
	at com.mifos.pages.FrontPage.verifyProductLoanExcelSheet(FrontPage.java:472)
	at com.mifos.steps.LoanProductSteps.I_should_see_product_loan_created_successfully(LoanProductSteps.java:27)
	at sun.reflect.NativeMethodAccessorImpl.invoke0(Native Method)
	at sun.reflect.NativeMethodAccessorImpl.invoke(NativeMethodAccessorImpl.java:57)
	at sun.reflect.DelegatingMethodAccessorImpl.invoke(DelegatingMethodAccessorImpl.java:43)
	at java.lang.reflect.Method.invoke(Method.java:606)
	at cucumber.runtime.Utils$1.call(Utils.java:44)
	at cucumber.runtime.Timeout.timeout(Timeout.java:12)
	at cucumber.runtime.Utils.invoke(Utils.java:40)
	at cucumber.runtime.java.JavaStepDefinition.execute(JavaStepDefinition.java:35)
	at cucumber.runtime.StepDefinitionMatch.runStep(StepDefinitionMatch.java:38)
	at cucumber.runtime.Runtime.runStep(Runtime.java:268)
	at cucumber.runtime.model.StepContainer.runStep(StepContainer.java:45)
	at cucumber.runtime.model.StepContainer.runSteps(StepContainer.java:40)
	at cucumber.runtime.model.CucumberScenario.run(CucumberScenario.java:36)
	at cucumber.runtime.junit.ExecutionUnitRunner.run(ExecutionUnitRunner.java:83)
	at org.junit.runners.Suite.runChild(Suite.java:127)
	at org.junit.runners.Suite.runChild(Suite.java:26)
	at org.junit.runners.ParentRunner$3.run(ParentRunner.java:238)
	at org.junit.runners.ParentRunner$1.schedule(ParentRunner.java:63)
	at org.junit.runners.ParentRunner.runChildren(ParentRunner.java:236)
	at org.junit.runners.ParentRunner.access$000(ParentRunner.java:53)
	at org.junit.runners.ParentRunner$2.evaluate(ParentRunner.java:229)
	at org.junit.runners.ParentRunner.run(ParentRunner.java:309)
	at org.junit.runners.Suite.runChild(Suite.java:127)
	at org.junit.runners.Suite.runChild(Suite.java:26)
	at org.junit.runners.ParentRunner$3.run(ParentRunner.java:238)
	at org.junit.runners.ParentRunner$1.schedule(ParentRunner.java:63)
	at org.junit.runners.ParentRunner.runChildren(ParentRunner.java:236)
	at org.junit.runners.ParentRunner.access$000(ParentRunner.java:53)
	at org.junit.runners.ParentRunner$2.evaluate(ParentRunner.java:229)
	at org.junit.runners.ParentRunner.run(ParentRunner.java:309)
	at cucumber.runtime.junit.FeatureRunner.runChild(FeatureRunner.java:63)
	at cucumber.runtime.junit.FeatureRunner.runChild(FeatureRunner.java:18)
	at org.junit.runners.ParentRunner$3.run(ParentRunner.java:238)
	at org.junit.runners.ParentRunner$1.schedule(ParentRunner.java:63)
	at org.junit.runners.ParentRunner.runChildren(ParentRunner.java:236)
	at org.junit.runners.ParentRunner.access$000(ParentRunner.java:53)
	at org.junit.runners.ParentRunner$2.evaluate(ParentRunner.java:229)
	at org.junit.runners.ParentRunner.run(ParentRunner.java:309)
	at cucumber.runtime.junit.FeatureRunner.run(FeatureRunner.java:70)
	at cucumber.api.junit.Cucumber.runChild(Cucumber.java:77)
	at cucumber.api.junit.Cucumber.runChild(Cucumber.java:37)
	at org.junit.runners.ParentRunner$3.run(ParentRunner.java:238)
	at org.junit.runners.ParentRunner$1.schedule(ParentRunner.java:63)
	at org.junit.runners.ParentRunner.runChildren(ParentRunner.java:236)
	at org.junit.runners.ParentRunner.access$000(ParentRunner.java:53)
	at org.junit.runners.ParentRunner$2.evaluate(ParentRunner.java:229)
	at org.junit.runners.ParentRunner.run(ParentRunner.java:309)
	at cucumber.api.junit.Cucumber.run(Cucumber.java:82)
	at org.apache.maven.surefire.junit4.JUnit4Provider.execute(JUnit4Provider.java:252)
	at org.apache.maven.surefire.junit4.JUnit4Provider.executeTestSet(JUnit4Provider.java:141)
	at org.apache.maven.surefire.junit4.JUnit4Provider.invoke(JUnit4Provider.java:112)
	at sun.reflect.NativeMethodAccessorImpl.invoke0(Native Method)
	at sun.reflect.NativeMethodAccessorImpl.invoke(NativeMethodAccessorImpl.java:57)
	at sun.reflect.DelegatingMethodAccessorImpl.invoke(DelegatingMethodAccessorImpl.java:43)
	at java.lang.reflect.Method.invoke(Method.java:606)
	at org.apache.maven.surefire.util.ReflectionUtils.invokeMethodWithArray(ReflectionUtils.java:189)
	at org.apache.maven.surefire.booter.ProviderFactory$ProviderProxy.invoke(ProviderFactory.java:165)
	at org.apache.maven.surefire.booter.ProviderFactory.invokeProvider(ProviderFactory.java:85)
	at org.apache.maven.surefire.booter.ForkedBooter.runSuitesInProcess(ForkedBooter.java:113)
	at org.apache.maven.surefire.booter.ForkedBooter.main(ForkedBooter.java:75)
</error>
  </testcase>
  <testcase time="0" classname="| 678-MS-EPP-DB-DL-REC-NON-RNI-CTPD-DL-MD-TR-1-EarlyRePayment-Loanproduct.xlsx |" name="Given I navigate to mifos"/>
  <testcase time="0" classname="| 678-MS-EPP-DB-DL-REC-NON-RNI-CTPD-DL-MD-TR-1-EarlyRePayment-Loanproduct.xlsx |" name="And I use login folder"/>
  <testcase time="0" classname="| 678-MS-EPP-DB-DL-REC-NON-RNI-CTPD-DL-MD-TR-1-EarlyRePayment-Loanproduct.xlsx |" name="When I login into mifos site using excel sheet"/>
  <testcase time="0" classname="| 678-MS-EPP-DB-DL-REC-NON-RNI-CTPD-DL-MD-TR-1-EarlyRePayment-Loanproduct.xlsx |" name="Then I should see logged in successfully"/>
  <testcase time="0" classname="| 678-MS-EPP-DB-DL-REC-NON-RNI-CTPD-DL-MD-TR-1-EarlyRePayment-Loanproduct.xlsx |" name="Given I setup the product loan"/>
  <testcase time="0" classname="| 678-MS-EPP-DB-DL-REC-NON-RNI-CTPD-DL-MD-TR-1-EarlyRePayment-Loanproduct.xlsx |" name="And I entered the values into product loan using"/>
  <testcase time="0" classname="| 678-MS-EPP-DB-DL-REC-NON-RNI-CTPD-DL-MD-TR-1-EarlyRePayment-Loanproduct.xlsx |" name="Then I should see product loan created successfully">
    <error message="Timed out after 100 seconds waiting for visibility of element located by By.selector: legend.ng-binding
Build info: version: &apos;2.29.1&apos;, revision: &apos;dfb1306b85be4934d23c123122e06e602a15e446&apos;, time: &apos;2013-01-22 12:58:05&apos;
System info: os.name: &apos;Windows Server 2012&apos;, os.arch: &apos;amd64&apos;, os.version: &apos;6.2&apos;, java.version: &apos;1.7.0_51&apos;
Driver info: driver.version: unknown" type="org.openqa.selenium.TimeoutException">org.openqa.selenium.TimeoutException: Timed out after 100 seconds waiting for visibility of element located by By.selector: legend.ng-binding
Build info: version: &apos;2.29.1&apos;, revision: &apos;dfb1306b85be4934d23c123122e06e602a15e446&apos;, time: &apos;2013-01-22 12:58:05&apos;
System info: os.name: &apos;Windows Server 2012&apos;, os.arch: &apos;amd64&apos;, os.version: &apos;6.2&apos;, java.version: &apos;1.7.0_51&apos;
Driver info: driver.version: unknown
	at org.openqa.selenium.support.ui.FluentWait.timeoutException(FluentWait.java:259)
	at org.openqa.selenium.support.ui.FluentWait.until(FluentWait.java:228)
	at com.mifos.pages.MifosWebPage.waitForElementToBeVisible(MifosWebPage.java:210)
	at com.mifos.pages.MifosWebPage.getElement(MifosWebPage.java:699)
	at com.mifos.pages.MifosWebPage.getElement(MifosWebPage.java:684)
	at com.mifos.pages.MifosWebPage.getSingleText(MifosWebPage.java:941)
	at com.mifos.pages.MifosWebPage.validateSame(MifosWebPage.java:947)
	at com.mifos.pages.MifosWebPage.verifySuccessMessage(MifosWebPage.java:1815)
	at com.mifos.pages.FrontPage.verifyProductLoanExcelSheet(FrontPage.java:472)
	at com.mifos.steps.LoanProductSteps.I_should_see_product_loan_created_successfully(LoanProductSteps.java:27)
	at ✽.Then I should see product loan created successfully(LoanMIFOS.feature:18)
Caused by: org.openqa.selenium.NoSuchElementException: no such element
  (Session info: chrome=43.0.2357.124)
  (Driver info: chromedriver=2.8.241075,platform=Windows NT 6.3 x86_64) (WARNING: The server did not provide any stacktrace information)
Command duration or timeout: 30.02 seconds
For documentation on this error, please visit: http://seleniumhq.org/exceptions/no_such_element.html
Build info: version: &apos;2.29.1&apos;, revision: &apos;dfb1306b85be4934d23c123122e06e602a15e446&apos;, time: &apos;2013-01-22 12:58:05&apos;
System info: os.name: &apos;Windows Server 2012&apos;, os.arch: &apos;amd64&apos;, os.version: &apos;6.2&apos;, java.version: &apos;1.7.0_51&apos;
Session ID: 4e8ab31e40d5891823d3930d45774d5f
Driver info: org.openqa.selenium.chrome.ChromeDriver
Capabilities [{platform=XP, acceptSslCerts=true, javascriptEnabled=true, browserName=chrome, chrome={userDataDir=C:\Users\ADMINI~1\AppData\Local\Temp\2\scoped_dir1584_9717}, rotatable=false, locationContextEnabled=true, version=43.0.2357.124, takesHeapSnapshot=true, cssSelectorsEnabled=true, databaseEnabled=false, handlesAlerts=true, browserConnectionEnabled=false, webStorageEnabled=true, nativeEvents=true, applicationCacheEnabled=false, takesScreenshot=true}]
	at sun.reflect.GeneratedConstructorAccessor53.newInstance(Unknown Source)
	at sun.reflect.DelegatingConstructorAccessorImpl.newInstance(DelegatingConstructorAccessorImpl.java:45)
	at java.lang.reflect.Constructor.newInstance(Constructor.java:526)
	at org.openqa.selenium.remote.ErrorHandler.createThrowable(ErrorHandler.java:187)
	at org.openqa.selenium.remote.ErrorHandler.throwIfResponseFailed(ErrorHandler.java:145)
	at org.openqa.selenium.remote.RemoteWebDriver.execute(RemoteWebDriver.java:554)
	at org.openqa.selenium.remote.RemoteWebDriver.findElement(RemoteWebDriver.java:307)
	at org.openqa.selenium.remote.RemoteWebDriver.findElementByCssSelector(RemoteWebDriver.java:396)
	at org.openqa.selenium.By$ByCssSelector.findElement(By.java:406)
	at org.openqa.selenium.remote.RemoteWebDriver.findElement(RemoteWebDriver.java:299)
	at sun.reflect.GeneratedMethodAccessor8.invoke(Unknown Source)
	at sun.reflect.DelegatingMethodAccessorImpl.invoke(DelegatingMethodAccessorImpl.java:43)
	at java.lang.reflect.Method.invoke(Method.java:606)
	at org.openqa.selenium.support.events.EventFiringWebDriver$2.invoke(EventFiringWebDriver.java:101)
	at com.sun.proxy.$Proxy16.findElement(Unknown Source)
	at org.openqa.selenium.support.events.EventFiringWebDriver.findElement(EventFiringWebDriver.java:180)
	at org.openqa.selenium.support.ui.ExpectedConditions.findElement(ExpectedConditions.java:523)
	at org.openqa.selenium.support.ui.ExpectedConditions.access$000(ExpectedConditions.java:39)
	at org.openqa.selenium.support.ui.ExpectedConditions$4.apply(ExpectedConditions.java:130)
	at org.openqa.selenium.support.ui.ExpectedConditions$4.apply(ExpectedConditions.java:126)
	at org.openqa.selenium.support.ui.FluentWait.until(FluentWait.java:208)
	at com.mifos.pages.MifosWebPage.waitForElementToBeVisible(MifosWebPage.java:210)
	at com.mifos.pages.MifosWebPage.getElement(MifosWebPage.java:699)
	at com.mifos.pages.MifosWebPage.getElement(MifosWebPage.java:684)
	at com.mifos.pages.MifosWebPage.getSingleText(MifosWebPage.java:941)
	at com.mifos.pages.MifosWebPage.validateSame(MifosWebPage.java:947)
	at com.mifos.pages.MifosWebPage.verifySuccessMessage(MifosWebPage.java:1815)
	at com.mifos.pages.FrontPage.verifyProductLoanExcelSheet(FrontPage.java:472)
	at com.mifos.steps.LoanProductSteps.I_should_see_product_loan_created_successfully(LoanProductSteps.java:27)
	at sun.reflect.NativeMethodAccessorImpl.invoke0(Native Method)
	at sun.reflect.NativeMethodAccessorImpl.invoke(NativeMethodAccessorImpl.java:57)
	at sun.reflect.DelegatingMethodAccessorImpl.invoke(DelegatingMethodAccessorImpl.java:43)
	at java.lang.reflect.Method.invoke(Method.java:606)
	at cucumber.runtime.Utils$1.call(Utils.java:44)
	at cucumber.runtime.Timeout.timeout(Timeout.java:12)
	at cucumber.runtime.Utils.invoke(Utils.java:40)
	at cucumber.runtime.java.JavaStepDefinition.execute(JavaStepDefinition.java:35)
	at cucumber.runtime.StepDefinitionMatch.runStep(StepDefinitionMatch.java:38)
	at cucumber.runtime.Runtime.runStep(Runtime.java:268)
	at cucumber.runtime.model.StepContainer.runStep(StepContainer.java:45)
	at cucumber.runtime.model.StepContainer.runSteps(StepContainer.java:40)
	at cucumber.runtime.model.CucumberScenario.run(CucumberScenario.java:36)
	at cucumber.runtime.junit.ExecutionUnitRunner.run(ExecutionUnitRunner.java:83)
	at org.junit.runners.Suite.runChild(Suite.java:127)
	at org.junit.runners.Suite.runChild(Suite.java:26)
	at org.junit.runners.ParentRunner$3.run(ParentRunner.java:238)
	at org.junit.runners.ParentRunner$1.schedule(ParentRunner.java:63)
	at org.junit.runners.ParentRunner.runChildren(ParentRunner.java:236)
	at org.junit.runners.ParentRunner.access$000(ParentRunner.java:53)
	at org.junit.runners.ParentRunner$2.evaluate(ParentRunner.java:229)
	at org.junit.runners.ParentRunner.run(ParentRunner.java:309)
	at org.junit.runners.Suite.runChild(Suite.java:127)
	at org.junit.runners.Suite.runChild(Suite.java:26)
	at org.junit.runners.ParentRunner$3.run(ParentRunner.java:238)
	at org.junit.runners.ParentRunner$1.schedule(ParentRunner.java:63)
	at org.junit.runners.ParentRunner.runChildren(ParentRunner.java:236)
	at org.junit.runners.ParentRunner.access$000(ParentRunner.java:53)
	at org.junit.runners.ParentRunner$2.evaluate(ParentRunner.java:229)
	at org.junit.runners.ParentRunner.run(ParentRunner.java:309)
	at cucumber.runtime.junit.FeatureRunner.runChild(FeatureRunner.java:63)
	at cucumber.runtime.junit.FeatureRunner.runChild(FeatureRunner.java:18)
	at org.junit.runners.ParentRunner$3.run(ParentRunner.java:238)
	at org.junit.runners.ParentRunner$1.schedule(ParentRunner.java:63)
	at org.junit.runners.ParentRunner.runChildren(ParentRunner.java:236)
	at org.junit.runners.ParentRunner.access$000(ParentRunner.java:53)
	at org.junit.runners.ParentRunner$2.evaluate(ParentRunner.java:229)
	at org.junit.runners.ParentRunner.run(ParentRunner.java:309)
	at cucumber.runtime.junit.FeatureRunner.run(FeatureRunner.java:70)
	at cucumber.api.junit.Cucumber.runChild(Cucumber.java:77)
	at cucumber.api.junit.Cucumber.runChild(Cucumber.java:37)
	at org.junit.runners.ParentRunner$3.run(ParentRunner.java:238)
	at org.junit.runners.ParentRunner$1.schedule(ParentRunner.java:63)
	at org.junit.runners.ParentRunner.runChildren(ParentRunner.java:236)
	at org.junit.runners.ParentRunner.access$000(ParentRunner.java:53)
	at org.junit.runners.ParentRunner$2.evaluate(ParentRunner.java:229)
	at org.junit.runners.ParentRunner.run(ParentRunner.java:309)
	at cucumber.api.junit.Cucumber.run(Cucumber.java:82)
	at org.apache.maven.surefire.junit4.JUnit4Provider.execute(JUnit4Provider.java:252)
	at org.apache.maven.surefire.junit4.JUnit4Provider.executeTestSet(JUnit4Provider.java:141)
	at org.apache.maven.surefire.junit4.JUnit4Provider.invoke(JUnit4Provider.java:112)
	at sun.reflect.NativeMethodAccessorImpl.invoke0(Native Method)
	at sun.reflect.NativeMethodAccessorImpl.invoke(NativeMethodAccessorImpl.java:57)
	at sun.reflect.DelegatingMethodAccessorImpl.invoke(DelegatingMethodAccessorImpl.java:43)
	at java.lang.reflect.Method.invoke(Method.java:606)
	at org.apache.maven.surefire.util.ReflectionUtils.invokeMethodWithArray(ReflectionUtils.java:189)
	at org.apache.maven.surefire.booter.ProviderFactory$ProviderProxy.invoke(ProviderFactory.java:165)
	at org.apache.maven.surefire.booter.ProviderFactory.invokeProvider(ProviderFactory.java:85)
	at org.apache.maven.surefire.booter.ForkedBooter.runSuitesInProcess(ForkedBooter.java:113)
	at org.apache.maven.surefire.booter.ForkedBooter.main(ForkedBooter.java:75)
</error>
    <system-out>welcome to mifos through excel
Cell One ... key=productname
678-MS-EPP-DB-DL-REC-NON-RNI-CTPD-DL-MD-TR-1-EarlyRePayment
678-MS-EPP-DB-DL-REC-NON-RNI-CTPD-DL-MD-TR-1-EarlyRePayment
</system-out>
  </testcase>
  <testcase time="0" classname="| 678-MS-EPP-DB-DL-REC-NON-RNI-CTPD-DL-MD-TR-1-EarlyRePayment-Loanproduct.xlsx |" name="| 678-MS-EPP-DB-DL-REC-NON-RNI-CTPD-DL-MD-TR-1-EarlyRePayment-Loanproduct.xlsx |">
    <error message="Timed out after 100 seconds waiting for visibility of element located by By.selector: legend.ng-binding
Build info: version: &apos;2.29.1&apos;, revision: &apos;dfb1306b85be4934d23c123122e06e602a15e446&apos;, time: &apos;2013-01-22 12:58:05&apos;
System info: os.name: &apos;Windows Server 2012&apos;, os.arch: &apos;amd64&apos;, os.version: &apos;6.2&apos;, java.version: &apos;1.7.0_51&apos;
Driver info: driver.version: unknown" type="org.openqa.selenium.TimeoutException">org.openqa.selenium.TimeoutException: Timed out after 100 seconds waiting for visibility of element located by By.selector: legend.ng-binding
Build info: version: &apos;2.29.1&apos;, revision: &apos;dfb1306b85be4934d23c123122e06e602a15e446&apos;, time: &apos;2013-01-22 12:58:05&apos;
System info: os.name: &apos;Windows Server 2012&apos;, os.arch: &apos;amd64&apos;, os.version: &apos;6.2&apos;, java.version: &apos;1.7.0_51&apos;
Driver info: driver.version: unknown
	at org.openqa.selenium.support.ui.FluentWait.timeoutException(FluentWait.java:259)
	at org.openqa.selenium.support.ui.FluentWait.until(FluentWait.java:228)
	at com.mifos.pages.MifosWebPage.waitForElementToBeVisible(MifosWebPage.java:210)
	at com.mifos.pages.MifosWebPage.getElement(MifosWebPage.java:699)
	at com.mifos.pages.MifosWebPage.getElement(MifosWebPage.java:684)
	at com.mifos.pages.MifosWebPage.getSingleText(MifosWebPage.java:941)
	at com.mifos.pages.MifosWebPage.validateSame(MifosWebPage.java:947)
	at com.mifos.pages.MifosWebPage.verifySuccessMessage(MifosWebPage.java:1815)
	at com.mifos.pages.FrontPage.verifyProductLoanExcelSheet(FrontPage.java:472)
	at com.mifos.steps.LoanProductSteps.I_should_see_product_loan_created_successfully(LoanProductSteps.java:27)
	at ✽.Then I should see product loan created successfully(LoanMIFOS.feature:18)
Caused by: org.openqa.selenium.NoSuchElementException: no such element
  (Session info: chrome=43.0.2357.124)
  (Driver info: chromedriver=2.8.241075,platform=Windows NT 6.3 x86_64) (WARNING: The server did not provide any stacktrace information)
Command duration or timeout: 30.02 seconds
For documentation on this error, please visit: http://seleniumhq.org/exceptions/no_such_element.html
Build info: version: &apos;2.29.1&apos;, revision: &apos;dfb1306b85be4934d23c123122e06e602a15e446&apos;, time: &apos;2013-01-22 12:58:05&apos;
System info: os.name: &apos;Windows Server 2012&apos;, os.arch: &apos;amd64&apos;, os.version: &apos;6.2&apos;, java.version: &apos;1.7.0_51&apos;
Session ID: 4e8ab31e40d5891823d3930d45774d5f
Driver info: org.openqa.selenium.chrome.ChromeDriver
Capabilities [{platform=XP, acceptSslCerts=true, javascriptEnabled=true, browserName=chrome, chrome={userDataDir=C:\Users\ADMINI~1\AppData\Local\Temp\2\scoped_dir1584_9717}, rotatable=false, locationContextEnabled=true, version=43.0.2357.124, takesHeapSnapshot=true, cssSelectorsEnabled=true, databaseEnabled=false, handlesAlerts=true, browserConnectionEnabled=false, webStorageEnabled=true, nativeEvents=true, applicationCacheEnabled=false, takesScreenshot=true}]
	at sun.reflect.GeneratedConstructorAccessor53.newInstance(Unknown Source)
	at sun.reflect.DelegatingConstructorAccessorImpl.newInstance(DelegatingConstructorAccessorImpl.java:45)
	at java.lang.reflect.Constructor.newInstance(Constructor.java:526)
	at org.openqa.selenium.remote.ErrorHandler.createThrowable(ErrorHandler.java:187)
	at org.openqa.selenium.remote.ErrorHandler.throwIfResponseFailed(ErrorHandler.java:145)
	at org.openqa.selenium.remote.RemoteWebDriver.execute(RemoteWebDriver.java:554)
	at org.openqa.selenium.remote.RemoteWebDriver.findElement(RemoteWebDriver.java:307)
	at org.openqa.selenium.remote.RemoteWebDriver.findElementByCssSelector(RemoteWebDriver.java:396)
	at org.openqa.selenium.By$ByCssSelector.findElement(By.java:406)
	at org.openqa.selenium.remote.RemoteWebDriver.findElement(RemoteWebDriver.java:299)
	at sun.reflect.GeneratedMethodAccessor8.invoke(Unknown Source)
	at sun.reflect.DelegatingMethodAccessorImpl.invoke(DelegatingMethodAccessorImpl.java:43)
	at java.lang.reflect.Method.invoke(Method.java:606)
	at org.openqa.selenium.support.events.EventFiringWebDriver$2.invoke(EventFiringWebDriver.java:101)
	at com.sun.proxy.$Proxy16.findElement(Unknown Source)
	at org.openqa.selenium.support.events.EventFiringWebDriver.findElement(EventFiringWebDriver.java:180)
	at org.openqa.selenium.support.ui.ExpectedConditions.findElement(ExpectedConditions.java:523)
	at org.openqa.selenium.support.ui.ExpectedConditions.access$000(ExpectedConditions.java:39)
	at org.openqa.selenium.support.ui.ExpectedConditions$4.apply(ExpectedConditions.java:130)
	at org.openqa.selenium.support.ui.ExpectedConditions$4.apply(ExpectedConditions.java:126)
	at org.openqa.selenium.support.ui.FluentWait.until(FluentWait.java:208)
	at com.mifos.pages.MifosWebPage.waitForElementToBeVisible(MifosWebPage.java:210)
	at com.mifos.pages.MifosWebPage.getElement(MifosWebPage.java:699)
	at com.mifos.pages.MifosWebPage.getElement(MifosWebPage.java:684)
	at com.mifos.pages.MifosWebPage.getSingleText(MifosWebPage.java:941)
	at com.mifos.pages.MifosWebPage.validateSame(MifosWebPage.java:947)
	at com.mifos.pages.MifosWebPage.verifySuccessMessage(MifosWebPage.java:1815)
	at com.mifos.pages.FrontPage.verifyProductLoanExcelSheet(FrontPage.java:472)
	at com.mifos.steps.LoanProductSteps.I_should_see_product_loan_created_successfully(LoanProductSteps.java:27)
	at sun.reflect.NativeMethodAccessorImpl.invoke0(Native Method)
	at sun.reflect.NativeMethodAccessorImpl.invoke(NativeMethodAccessorImpl.java:57)
	at sun.reflect.DelegatingMethodAccessorImpl.invoke(DelegatingMethodAccessorImpl.java:43)
	at java.lang.reflect.Method.invoke(Method.java:606)
	at cucumber.runtime.Utils$1.call(Utils.java:44)
	at cucumber.runtime.Timeout.timeout(Timeout.java:12)
	at cucumber.runtime.Utils.invoke(Utils.java:40)
	at cucumber.runtime.java.JavaStepDefinition.execute(JavaStepDefinition.java:35)
	at cucumber.runtime.StepDefinitionMatch.runStep(StepDefinitionMatch.java:38)
	at cucumber.runtime.Runtime.runStep(Runtime.java:268)
	at cucumber.runtime.model.StepContainer.runStep(StepContainer.java:45)
	at cucumber.runtime.model.StepContainer.runSteps(StepContainer.java:40)
	at cucumber.runtime.model.CucumberScenario.run(CucumberScenario.java:36)
	at cucumber.runtime.junit.ExecutionUnitRunner.run(ExecutionUnitRunner.java:83)
	at org.junit.runners.Suite.runChild(Suite.java:127)
	at org.junit.runners.Suite.runChild(Suite.java:26)
	at org.junit.runners.ParentRunner$3.run(ParentRunner.java:238)
	at org.junit.runners.ParentRunner$1.schedule(ParentRunner.java:63)
	at org.junit.runners.ParentRunner.runChildren(ParentRunner.java:236)
	at org.junit.runners.ParentRunner.access$000(ParentRunner.java:53)
	at org.junit.runners.ParentRunner$2.evaluate(ParentRunner.java:229)
	at org.junit.runners.ParentRunner.run(ParentRunner.java:309)
	at org.junit.runners.Suite.runChild(Suite.java:127)
	at org.junit.runners.Suite.runChild(Suite.java:26)
	at org.junit.runners.ParentRunner$3.run(ParentRunner.java:238)
	at org.junit.runners.ParentRunner$1.schedule(ParentRunner.java:63)
	at org.junit.runners.ParentRunner.runChildren(ParentRunner.java:236)
	at org.junit.runners.ParentRunner.access$000(ParentRunner.java:53)
	at org.junit.runners.ParentRunner$2.evaluate(ParentRunner.java:229)
	at org.junit.runners.ParentRunner.run(ParentRunner.java:309)
	at cucumber.runtime.junit.FeatureRunner.runChild(FeatureRunner.java:63)
	at cucumber.runtime.junit.FeatureRunner.runChild(FeatureRunner.java:18)
	at org.junit.runners.ParentRunner$3.run(ParentRunner.java:238)
	at org.junit.runners.ParentRunner$1.schedule(ParentRunner.java:63)
	at org.junit.runners.ParentRunner.runChildren(ParentRunner.java:236)
	at org.junit.runners.ParentRunner.access$000(ParentRunner.java:53)
	at org.junit.runners.ParentRunner$2.evaluate(ParentRunner.java:229)
	at org.junit.runners.ParentRunner.run(ParentRunner.java:309)
	at cucumber.runtime.junit.FeatureRunner.run(FeatureRunner.java:70)
	at cucumber.api.junit.Cucumber.runChild(Cucumber.java:77)
	at cucumber.api.junit.Cucumber.runChild(Cucumber.java:37)
	at org.junit.runners.ParentRunner$3.run(ParentRunner.java:238)
	at org.junit.runners.ParentRunner$1.schedule(ParentRunner.java:63)
	at org.junit.runners.ParentRunner.runChildren(ParentRunner.java:236)
	at org.junit.runners.ParentRunner.access$000(ParentRunner.java:53)
	at org.junit.runners.ParentRunner$2.evaluate(ParentRunner.java:229)
	at org.junit.runners.ParentRunner.run(ParentRunner.java:309)
	at cucumber.api.junit.Cucumber.run(Cucumber.java:82)
	at org.apache.maven.surefire.junit4.JUnit4Provider.execute(JUnit4Provider.java:252)
	at org.apache.maven.surefire.junit4.JUnit4Provider.executeTestSet(JUnit4Provider.java:141)
	at org.apache.maven.surefire.junit4.JUnit4Provider.invoke(JUnit4Provider.java:112)
	at sun.reflect.NativeMethodAccessorImpl.invoke0(Native Method)
	at sun.reflect.NativeMethodAccessorImpl.invoke(NativeMethodAccessorImpl.java:57)
	at sun.reflect.DelegatingMethodAccessorImpl.invoke(DelegatingMethodAccessorImpl.java:43)
	at java.lang.reflect.Method.invoke(Method.java:606)
	at org.apache.maven.surefire.util.ReflectionUtils.invokeMethodWithArray(ReflectionUtils.java:189)
	at org.apache.maven.surefire.booter.ProviderFactory$ProviderProxy.invoke(ProviderFactory.java:165)
	at org.apache.maven.surefire.booter.ProviderFactory.invokeProvider(ProviderFactory.java:85)
	at org.apache.maven.surefire.booter.ForkedBooter.runSuitesInProcess(ForkedBooter.java:113)
	at org.apache.maven.surefire.booter.ForkedBooter.main(ForkedBooter.java:75)
</error>
  </testcase>
  <testcase time="0" classname="| 679-MS-EPP-DB-DL-REC-NON-RNI-CTRFD-SAR-MD-TR-1-EarlyRePayment-Loanproduct.xlsx |" name="Given I navigate to mifos"/>
  <testcase time="0" classname="| 679-MS-EPP-DB-DL-REC-NON-RNI-CTRFD-SAR-MD-TR-1-EarlyRePayment-Loanproduct.xlsx |" name="And I use login folder"/>
  <testcase time="0" classname="| 679-MS-EPP-DB-DL-REC-NON-RNI-CTRFD-SAR-MD-TR-1-EarlyRePayment-Loanproduct.xlsx |" name="When I login into mifos site using excel sheet"/>
  <testcase time="0" classname="| 679-MS-EPP-DB-DL-REC-NON-RNI-CTRFD-SAR-MD-TR-1-EarlyRePayment-Loanproduct.xlsx |" name="Then I should see logged in successfully"/>
  <testcase time="0" classname="| 679-MS-EPP-DB-DL-REC-NON-RNI-CTRFD-SAR-MD-TR-1-EarlyRePayment-Loanproduct.xlsx |" name="Given I setup the product loan"/>
  <testcase time="0" classname="| 679-MS-EPP-DB-DL-REC-NON-RNI-CTRFD-SAR-MD-TR-1-EarlyRePayment-Loanproduct.xlsx |" name="And I entered the values into product loan using"/>
  <testcase time="0" classname="| 679-MS-EPP-DB-DL-REC-NON-RNI-CTRFD-SAR-MD-TR-1-EarlyRePayment-Loanproduct.xlsx |" name="Then I should see product loan created successfully">
    <error message="Timed out after 100 seconds waiting for visibility of element located by By.selector: legend.ng-binding
Build info: version: &apos;2.29.1&apos;, revision: &apos;dfb1306b85be4934d23c123122e06e602a15e446&apos;, time: &apos;2013-01-22 12:58:05&apos;
System info: os.name: &apos;Windows Server 2012&apos;, os.arch: &apos;amd64&apos;, os.version: &apos;6.2&apos;, java.version: &apos;1.7.0_51&apos;
Driver info: driver.version: unknown" type="org.openqa.selenium.TimeoutException">org.openqa.selenium.TimeoutException: Timed out after 100 seconds waiting for visibility of element located by By.selector: legend.ng-binding
Build info: version: &apos;2.29.1&apos;, revision: &apos;dfb1306b85be4934d23c123122e06e602a15e446&apos;, time: &apos;2013-01-22 12:58:05&apos;
System info: os.name: &apos;Windows Server 2012&apos;, os.arch: &apos;amd64&apos;, os.version: &apos;6.2&apos;, java.version: &apos;1.7.0_51&apos;
Driver info: driver.version: unknown
	at org.openqa.selenium.support.ui.FluentWait.timeoutException(FluentWait.java:259)
	at org.openqa.selenium.support.ui.FluentWait.until(FluentWait.java:228)
	at com.mifos.pages.MifosWebPage.waitForElementToBeVisible(MifosWebPage.java:210)
	at com.mifos.pages.MifosWebPage.getElement(MifosWebPage.java:699)
	at com.mifos.pages.MifosWebPage.getElement(MifosWebPage.java:684)
	at com.mifos.pages.MifosWebPage.getSingleText(MifosWebPage.java:941)
	at com.mifos.pages.MifosWebPage.validateSame(MifosWebPage.java:947)
	at com.mifos.pages.MifosWebPage.verifySuccessMessage(MifosWebPage.java:1815)
	at com.mifos.pages.FrontPage.verifyProductLoanExcelSheet(FrontPage.java:472)
	at com.mifos.steps.LoanProductSteps.I_should_see_product_loan_created_successfully(LoanProductSteps.java:27)
	at ✽.Then I should see product loan created successfully(LoanMIFOS.feature:18)
Caused by: org.openqa.selenium.NoSuchElementException: no such element
  (Session info: chrome=43.0.2357.124)
  (Driver info: chromedriver=2.8.241075,platform=Windows NT 6.3 x86_64) (WARNING: The server did not provide any stacktrace information)
Command duration or timeout: 30.05 seconds
For documentation on this error, please visit: http://seleniumhq.org/exceptions/no_such_element.html
Build info: version: &apos;2.29.1&apos;, revision: &apos;dfb1306b85be4934d23c123122e06e602a15e446&apos;, time: &apos;2013-01-22 12:58:05&apos;
System info: os.name: &apos;Windows Server 2012&apos;, os.arch: &apos;amd64&apos;, os.version: &apos;6.2&apos;, java.version: &apos;1.7.0_51&apos;
Session ID: 55de242fb5bd9662f0b76175de0eeac2
Driver info: org.openqa.selenium.chrome.ChromeDriver
Capabilities [{platform=XP, acceptSslCerts=true, javascriptEnabled=true, browserName=chrome, chrome={userDataDir=C:\Users\ADMINI~1\AppData\Local\Temp\2\scoped_dir4524_10347}, rotatable=false, locationContextEnabled=true, version=43.0.2357.124, takesHeapSnapshot=true, cssSelectorsEnabled=true, databaseEnabled=false, handlesAlerts=true, browserConnectionEnabled=false, webStorageEnabled=true, nativeEvents=true, applicationCacheEnabled=false, takesScreenshot=true}]
	at sun.reflect.GeneratedConstructorAccessor53.newInstance(Unknown Source)
	at sun.reflect.DelegatingConstructorAccessorImpl.newInstance(DelegatingConstructorAccessorImpl.java:45)
	at java.lang.reflect.Constructor.newInstance(Constructor.java:526)
	at org.openqa.selenium.remote.ErrorHandler.createThrowable(ErrorHandler.java:187)
	at org.openqa.selenium.remote.ErrorHandler.throwIfResponseFailed(ErrorHandler.java:145)
	at org.openqa.selenium.remote.RemoteWebDriver.execute(RemoteWebDriver.java:554)
	at org.openqa.selenium.remote.RemoteWebDriver.findElement(RemoteWebDriver.java:307)
	at org.openqa.selenium.remote.RemoteWebDriver.findElementByCssSelector(RemoteWebDriver.java:396)
	at org.openqa.selenium.By$ByCssSelector.findElement(By.java:406)
	at org.openqa.selenium.remote.RemoteWebDriver.findElement(RemoteWebDriver.java:299)
	at sun.reflect.GeneratedMethodAccessor8.invoke(Unknown Source)
	at sun.reflect.DelegatingMethodAccessorImpl.invoke(DelegatingMethodAccessorImpl.java:43)
	at java.lang.reflect.Method.invoke(Method.java:606)
	at org.openqa.selenium.support.events.EventFiringWebDriver$2.invoke(EventFiringWebDriver.java:101)
	at com.sun.proxy.$Proxy16.findElement(Unknown Source)
	at org.openqa.selenium.support.events.EventFiringWebDriver.findElement(EventFiringWebDriver.java:180)
	at org.openqa.selenium.support.ui.ExpectedConditions.findElement(ExpectedConditions.java:523)
	at org.openqa.selenium.support.ui.ExpectedConditions.access$000(ExpectedConditions.java:39)
	at org.openqa.selenium.support.ui.ExpectedConditions$4.apply(ExpectedConditions.java:130)
	at org.openqa.selenium.support.ui.ExpectedConditions$4.apply(ExpectedConditions.java:126)
	at org.openqa.selenium.support.ui.FluentWait.until(FluentWait.java:208)
	at com.mifos.pages.MifosWebPage.waitForElementToBeVisible(MifosWebPage.java:210)
	at com.mifos.pages.MifosWebPage.getElement(MifosWebPage.java:699)
	at com.mifos.pages.MifosWebPage.getElement(MifosWebPage.java:684)
	at com.mifos.pages.MifosWebPage.getSingleText(MifosWebPage.java:941)
	at com.mifos.pages.MifosWebPage.validateSame(MifosWebPage.java:947)
	at com.mifos.pages.MifosWebPage.verifySuccessMessage(MifosWebPage.java:1815)
	at com.mifos.pages.FrontPage.verifyProductLoanExcelSheet(FrontPage.java:472)
	at com.mifos.steps.LoanProductSteps.I_should_see_product_loan_created_successfully(LoanProductSteps.java:27)
	at sun.reflect.NativeMethodAccessorImpl.invoke0(Native Method)
	at sun.reflect.NativeMethodAccessorImpl.invoke(NativeMethodAccessorImpl.java:57)
	at sun.reflect.DelegatingMethodAccessorImpl.invoke(DelegatingMethodAccessorImpl.java:43)
	at java.lang.reflect.Method.invoke(Method.java:606)
	at cucumber.runtime.Utils$1.call(Utils.java:44)
	at cucumber.runtime.Timeout.timeout(Timeout.java:12)
	at cucumber.runtime.Utils.invoke(Utils.java:40)
	at cucumber.runtime.java.JavaStepDefinition.execute(JavaStepDefinition.java:35)
	at cucumber.runtime.StepDefinitionMatch.runStep(StepDefinitionMatch.java:38)
	at cucumber.runtime.Runtime.runStep(Runtime.java:268)
	at cucumber.runtime.model.StepContainer.runStep(StepContainer.java:45)
	at cucumber.runtime.model.StepContainer.runSteps(StepContainer.java:40)
	at cucumber.runtime.model.CucumberScenario.run(CucumberScenario.java:36)
	at cucumber.runtime.junit.ExecutionUnitRunner.run(ExecutionUnitRunner.java:83)
	at org.junit.runners.Suite.runChild(Suite.java:127)
	at org.junit.runners.Suite.runChild(Suite.java:26)
	at org.junit.runners.ParentRunner$3.run(ParentRunner.java:238)
	at org.junit.runners.ParentRunner$1.schedule(ParentRunner.java:63)
	at org.junit.runners.ParentRunner.runChildren(ParentRunner.java:236)
	at org.junit.runners.ParentRunner.access$000(ParentRunner.java:53)
	at org.junit.runners.ParentRunner$2.evaluate(ParentRunner.java:229)
	at org.junit.runners.ParentRunner.run(ParentRunner.java:309)
	at org.junit.runners.Suite.runChild(Suite.java:127)
	at org.junit.runners.Suite.runChild(Suite.java:26)
	at org.junit.runners.ParentRunner$3.run(ParentRunner.java:238)
	at org.junit.runners.ParentRunner$1.schedule(ParentRunner.java:63)
	at org.junit.runners.ParentRunner.runChildren(ParentRunner.java:236)
	at org.junit.runners.ParentRunner.access$000(ParentRunner.java:53)
	at org.junit.runners.ParentRunner$2.evaluate(ParentRunner.java:229)
	at org.junit.runners.ParentRunner.run(ParentRunner.java:309)
	at cucumber.runtime.junit.FeatureRunner.runChild(FeatureRunner.java:63)
	at cucumber.runtime.junit.FeatureRunner.runChild(FeatureRunner.java:18)
	at org.junit.runners.ParentRunner$3.run(ParentRunner.java:238)
	at org.junit.runners.ParentRunner$1.schedule(ParentRunner.java:63)
	at org.junit.runners.ParentRunner.runChildren(ParentRunner.java:236)
	at org.junit.runners.ParentRunner.access$000(ParentRunner.java:53)
	at org.junit.runners.ParentRunner$2.evaluate(ParentRunner.java:229)
	at org.junit.runners.ParentRunner.run(ParentRunner.java:309)
	at cucumber.runtime.junit.FeatureRunner.run(FeatureRunner.java:70)
	at cucumber.api.junit.Cucumber.runChild(Cucumber.java:77)
	at cucumber.api.junit.Cucumber.runChild(Cucumber.java:37)
	at org.junit.runners.ParentRunner$3.run(ParentRunner.java:238)
	at org.junit.runners.ParentRunner$1.schedule(ParentRunner.java:63)
	at org.junit.runners.ParentRunner.runChildren(ParentRunner.java:236)
	at org.junit.runners.ParentRunner.access$000(ParentRunner.java:53)
	at org.junit.runners.ParentRunner$2.evaluate(ParentRunner.java:229)
	at org.junit.runners.ParentRunner.run(ParentRunner.java:309)
	at cucumber.api.junit.Cucumber.run(Cucumber.java:82)
	at org.apache.maven.surefire.junit4.JUnit4Provider.execute(JUnit4Provider.java:252)
	at org.apache.maven.surefire.junit4.JUnit4Provider.executeTestSet(JUnit4Provider.java:141)
	at org.apache.maven.surefire.junit4.JUnit4Provider.invoke(JUnit4Provider.java:112)
	at sun.reflect.NativeMethodAccessorImpl.invoke0(Native Method)
	at sun.reflect.NativeMethodAccessorImpl.invoke(NativeMethodAccessorImpl.java:57)
	at sun.reflect.DelegatingMethodAccessorImpl.invoke(DelegatingMethodAccessorImpl.java:43)
	at java.lang.reflect.Method.invoke(Method.java:606)
	at org.apache.maven.surefire.util.ReflectionUtils.invokeMethodWithArray(ReflectionUtils.java:189)
	at org.apache.maven.surefire.booter.ProviderFactory$ProviderProxy.invoke(ProviderFactory.java:165)
	at org.apache.maven.surefire.booter.ProviderFactory.invokeProvider(ProviderFactory.java:85)
	at org.apache.maven.surefire.booter.ForkedBooter.runSuitesInProcess(ForkedBooter.java:113)
	at org.apache.maven.surefire.booter.ForkedBooter.main(ForkedBooter.java:75)
</error>
    <system-out>welcome to mifos through excel
Cell One ... key=productname
679-MS-EPP-DB-DL-REC-NON-RNI-CTRFD-SAR-MD-TR-1-EarlyRePayment
679-MS-EPP-DB-DL-REC-NON-RNI-CTRFD-SAR-MD-TR-1-EarlyRePayment
</system-out>
  </testcase>
  <testcase time="0" classname="| 679-MS-EPP-DB-DL-REC-NON-RNI-CTRFD-SAR-MD-TR-1-EarlyRePayment-Loanproduct.xlsx |" name="| 679-MS-EPP-DB-DL-REC-NON-RNI-CTRFD-SAR-MD-TR-1-EarlyRePayment-Loanproduct.xlsx |">
    <error message="Timed out after 100 seconds waiting for visibility of element located by By.selector: legend.ng-binding
Build info: version: &apos;2.29.1&apos;, revision: &apos;dfb1306b85be4934d23c123122e06e602a15e446&apos;, time: &apos;2013-01-22 12:58:05&apos;
System info: os.name: &apos;Windows Server 2012&apos;, os.arch: &apos;amd64&apos;, os.version: &apos;6.2&apos;, java.version: &apos;1.7.0_51&apos;
Driver info: driver.version: unknown" type="org.openqa.selenium.TimeoutException">org.openqa.selenium.TimeoutException: Timed out after 100 seconds waiting for visibility of element located by By.selector: legend.ng-binding
Build info: version: &apos;2.29.1&apos;, revision: &apos;dfb1306b85be4934d23c123122e06e602a15e446&apos;, time: &apos;2013-01-22 12:58:05&apos;
System info: os.name: &apos;Windows Server 2012&apos;, os.arch: &apos;amd64&apos;, os.version: &apos;6.2&apos;, java.version: &apos;1.7.0_51&apos;
Driver info: driver.version: unknown
	at org.openqa.selenium.support.ui.FluentWait.timeoutException(FluentWait.java:259)
	at org.openqa.selenium.support.ui.FluentWait.until(FluentWait.java:228)
	at com.mifos.pages.MifosWebPage.waitForElementToBeVisible(MifosWebPage.java:210)
	at com.mifos.pages.MifosWebPage.getElement(MifosWebPage.java:699)
	at com.mifos.pages.MifosWebPage.getElement(MifosWebPage.java:684)
	at com.mifos.pages.MifosWebPage.getSingleText(MifosWebPage.java:941)
	at com.mifos.pages.MifosWebPage.validateSame(MifosWebPage.java:947)
	at com.mifos.pages.MifosWebPage.verifySuccessMessage(MifosWebPage.java:1815)
	at com.mifos.pages.FrontPage.verifyProductLoanExcelSheet(FrontPage.java:472)
	at com.mifos.steps.LoanProductSteps.I_should_see_product_loan_created_successfully(LoanProductSteps.java:27)
	at ✽.Then I should see product loan created successfully(LoanMIFOS.feature:18)
Caused by: org.openqa.selenium.NoSuchElementException: no such element
  (Session info: chrome=43.0.2357.124)
  (Driver info: chromedriver=2.8.241075,platform=Windows NT 6.3 x86_64) (WARNING: The server did not provide any stacktrace information)
Command duration or timeout: 30.05 seconds
For documentation on this error, please visit: http://seleniumhq.org/exceptions/no_such_element.html
Build info: version: &apos;2.29.1&apos;, revision: &apos;dfb1306b85be4934d23c123122e06e602a15e446&apos;, time: &apos;2013-01-22 12:58:05&apos;
System info: os.name: &apos;Windows Server 2012&apos;, os.arch: &apos;amd64&apos;, os.version: &apos;6.2&apos;, java.version: &apos;1.7.0_51&apos;
Session ID: 55de242fb5bd9662f0b76175de0eeac2
Driver info: org.openqa.selenium.chrome.ChromeDriver
Capabilities [{platform=XP, acceptSslCerts=true, javascriptEnabled=true, browserName=chrome, chrome={userDataDir=C:\Users\ADMINI~1\AppData\Local\Temp\2\scoped_dir4524_10347}, rotatable=false, locationContextEnabled=true, version=43.0.2357.124, takesHeapSnapshot=true, cssSelectorsEnabled=true, databaseEnabled=false, handlesAlerts=true, browserConnectionEnabled=false, webStorageEnabled=true, nativeEvents=true, applicationCacheEnabled=false, takesScreenshot=true}]
	at sun.reflect.GeneratedConstructorAccessor53.newInstance(Unknown Source)
	at sun.reflect.DelegatingConstructorAccessorImpl.newInstance(DelegatingConstructorAccessorImpl.java:45)
	at java.lang.reflect.Constructor.newInstance(Constructor.java:526)
	at org.openqa.selenium.remote.ErrorHandler.createThrowable(ErrorHandler.java:187)
	at org.openqa.selenium.remote.ErrorHandler.throwIfResponseFailed(ErrorHandler.java:145)
	at org.openqa.selenium.remote.RemoteWebDriver.execute(RemoteWebDriver.java:554)
	at org.openqa.selenium.remote.RemoteWebDriver.findElement(RemoteWebDriver.java:307)
	at org.openqa.selenium.remote.RemoteWebDriver.findElementByCssSelector(RemoteWebDriver.java:396)
	at org.openqa.selenium.By$ByCssSelector.findElement(By.java:406)
	at org.openqa.selenium.remote.RemoteWebDriver.findElement(RemoteWebDriver.java:299)
	at sun.reflect.GeneratedMethodAccessor8.invoke(Unknown Source)
	at sun.reflect.DelegatingMethodAccessorImpl.invoke(DelegatingMethodAccessorImpl.java:43)
	at java.lang.reflect.Method.invoke(Method.java:606)
	at org.openqa.selenium.support.events.EventFiringWebDriver$2.invoke(EventFiringWebDriver.java:101)
	at com.sun.proxy.$Proxy16.findElement(Unknown Source)
	at org.openqa.selenium.support.events.EventFiringWebDriver.findElement(EventFiringWebDriver.java:180)
	at org.openqa.selenium.support.ui.ExpectedConditions.findElement(ExpectedConditions.java:523)
	at org.openqa.selenium.support.ui.ExpectedConditions.access$000(ExpectedConditions.java:39)
	at org.openqa.selenium.support.ui.ExpectedConditions$4.apply(ExpectedConditions.java:130)
	at org.openqa.selenium.support.ui.ExpectedConditions$4.apply(ExpectedConditions.java:126)
	at org.openqa.selenium.support.ui.FluentWait.until(FluentWait.java:208)
	at com.mifos.pages.MifosWebPage.waitForElementToBeVisible(MifosWebPage.java:210)
	at com.mifos.pages.MifosWebPage.getElement(MifosWebPage.java:699)
	at com.mifos.pages.MifosWebPage.getElement(MifosWebPage.java:684)
	at com.mifos.pages.MifosWebPage.getSingleText(MifosWebPage.java:941)
	at com.mifos.pages.MifosWebPage.validateSame(MifosWebPage.java:947)
	at com.mifos.pages.MifosWebPage.verifySuccessMessage(MifosWebPage.java:1815)
	at com.mifos.pages.FrontPage.verifyProductLoanExcelSheet(FrontPage.java:472)
	at com.mifos.steps.LoanProductSteps.I_should_see_product_loan_created_successfully(LoanProductSteps.java:27)
	at sun.reflect.NativeMethodAccessorImpl.invoke0(Native Method)
	at sun.reflect.NativeMethodAccessorImpl.invoke(NativeMethodAccessorImpl.java:57)
	at sun.reflect.DelegatingMethodAccessorImpl.invoke(DelegatingMethodAccessorImpl.java:43)
	at java.lang.reflect.Method.invoke(Method.java:606)
	at cucumber.runtime.Utils$1.call(Utils.java:44)
	at cucumber.runtime.Timeout.timeout(Timeout.java:12)
	at cucumber.runtime.Utils.invoke(Utils.java:40)
	at cucumber.runtime.java.JavaStepDefinition.execute(JavaStepDefinition.java:35)
	at cucumber.runtime.StepDefinitionMatch.runStep(StepDefinitionMatch.java:38)
	at cucumber.runtime.Runtime.runStep(Runtime.java:268)
	at cucumber.runtime.model.StepContainer.runStep(StepContainer.java:45)
	at cucumber.runtime.model.StepContainer.runSteps(StepContainer.java:40)
	at cucumber.runtime.model.CucumberScenario.run(CucumberScenario.java:36)
	at cucumber.runtime.junit.ExecutionUnitRunner.run(ExecutionUnitRunner.java:83)
	at org.junit.runners.Suite.runChild(Suite.java:127)
	at org.junit.runners.Suite.runChild(Suite.java:26)
	at org.junit.runners.ParentRunner$3.run(ParentRunner.java:238)
	at org.junit.runners.ParentRunner$1.schedule(ParentRunner.java:63)
	at org.junit.runners.ParentRunner.runChildren(ParentRunner.java:236)
	at org.junit.runners.ParentRunner.access$000(ParentRunner.java:53)
	at org.junit.runners.ParentRunner$2.evaluate(ParentRunner.java:229)
	at org.junit.runners.ParentRunner.run(ParentRunner.java:309)
	at org.junit.runners.Suite.runChild(Suite.java:127)
	at org.junit.runners.Suite.runChild(Suite.java:26)
	at org.junit.runners.ParentRunner$3.run(ParentRunner.java:238)
	at org.junit.runners.ParentRunner$1.schedule(ParentRunner.java:63)
	at org.junit.runners.ParentRunner.runChildren(ParentRunner.java:236)
	at org.junit.runners.ParentRunner.access$000(ParentRunner.java:53)
	at org.junit.runners.ParentRunner$2.evaluate(ParentRunner.java:229)
	at org.junit.runners.ParentRunner.run(ParentRunner.java:309)
	at cucumber.runtime.junit.FeatureRunner.runChild(FeatureRunner.java:63)
	at cucumber.runtime.junit.FeatureRunner.runChild(FeatureRunner.java:18)
	at org.junit.runners.ParentRunner$3.run(ParentRunner.java:238)
	at org.junit.runners.ParentRunner$1.schedule(ParentRunner.java:63)
	at org.junit.runners.ParentRunner.runChildren(ParentRunner.java:236)
	at org.junit.runners.ParentRunner.access$000(ParentRunner.java:53)
	at org.junit.runners.ParentRunner$2.evaluate(ParentRunner.java:229)
	at org.junit.runners.ParentRunner.run(ParentRunner.java:309)
	at cucumber.runtime.junit.FeatureRunner.run(FeatureRunner.java:70)
	at cucumber.api.junit.Cucumber.runChild(Cucumber.java:77)
	at cucumber.api.junit.Cucumber.runChild(Cucumber.java:37)
	at org.junit.runners.ParentRunner$3.run(ParentRunner.java:238)
	at org.junit.runners.ParentRunner$1.schedule(ParentRunner.java:63)
	at org.junit.runners.ParentRunner.runChildren(ParentRunner.java:236)
	at org.junit.runners.ParentRunner.access$000(ParentRunner.java:53)
	at org.junit.runners.ParentRunner$2.evaluate(ParentRunner.java:229)
	at org.junit.runners.ParentRunner.run(ParentRunner.java:309)
	at cucumber.api.junit.Cucumber.run(Cucumber.java:82)
	at org.apache.maven.surefire.junit4.JUnit4Provider.execute(JUnit4Provider.java:252)
	at org.apache.maven.surefire.junit4.JUnit4Provider.executeTestSet(JUnit4Provider.java:141)
	at org.apache.maven.surefire.junit4.JUnit4Provider.invoke(JUnit4Provider.java:112)
	at sun.reflect.NativeMethodAccessorImpl.invoke0(Native Method)
	at sun.reflect.NativeMethodAccessorImpl.invoke(NativeMethodAccessorImpl.java:57)
	at sun.reflect.DelegatingMethodAccessorImpl.invoke(DelegatingMethodAccessorImpl.java:43)
	at java.lang.reflect.Method.invoke(Method.java:606)
	at org.apache.maven.surefire.util.ReflectionUtils.invokeMethodWithArray(ReflectionUtils.java:189)
	at org.apache.maven.surefire.booter.ProviderFactory$ProviderProxy.invoke(ProviderFactory.java:165)
	at org.apache.maven.surefire.booter.ProviderFactory.invokeProvider(ProviderFactory.java:85)
	at org.apache.maven.surefire.booter.ForkedBooter.runSuitesInProcess(ForkedBooter.java:113)
	at org.apache.maven.surefire.booter.ForkedBooter.main(ForkedBooter.java:75)
</error>
  </testcase>
  <testcase time="0" classname="| 680-MS-EPP-DB-DL-REC-NON-RNI-CTRFD-DL-MD-TR-1-EarlyRePayment-Loanproduct.xlsx |" name="Given I navigate to mifos"/>
  <testcase time="0" classname="| 680-MS-EPP-DB-DL-REC-NON-RNI-CTRFD-DL-MD-TR-1-EarlyRePayment-Loanproduct.xlsx |" name="And I use login folder"/>
  <testcase time="0" classname="| 680-MS-EPP-DB-DL-REC-NON-RNI-CTRFD-DL-MD-TR-1-EarlyRePayment-Loanproduct.xlsx |" name="When I login into mifos site using excel sheet"/>
  <testcase time="0" classname="| 680-MS-EPP-DB-DL-REC-NON-RNI-CTRFD-DL-MD-TR-1-EarlyRePayment-Loanproduct.xlsx |" name="Then I should see logged in successfully"/>
  <testcase time="0" classname="| 680-MS-EPP-DB-DL-REC-NON-RNI-CTRFD-DL-MD-TR-1-EarlyRePayment-Loanproduct.xlsx |" name="Given I setup the product loan"/>
  <testcase time="0" classname="| 680-MS-EPP-DB-DL-REC-NON-RNI-CTRFD-DL-MD-TR-1-EarlyRePayment-Loanproduct.xlsx |" name="And I entered the values into product loan using"/>
  <testcase time="0" classname="| 680-MS-EPP-DB-DL-REC-NON-RNI-CTRFD-DL-MD-TR-1-EarlyRePayment-Loanproduct.xlsx |" name="Then I should see product loan created successfully">
    <error message="Timed out after 100 seconds waiting for visibility of element located by By.selector: legend.ng-binding
Build info: version: &apos;2.29.1&apos;, revision: &apos;dfb1306b85be4934d23c123122e06e602a15e446&apos;, time: &apos;2013-01-22 12:58:05&apos;
System info: os.name: &apos;Windows Server 2012&apos;, os.arch: &apos;amd64&apos;, os.version: &apos;6.2&apos;, java.version: &apos;1.7.0_51&apos;
Driver info: driver.version: unknown" type="org.openqa.selenium.TimeoutException">org.openqa.selenium.TimeoutException: Timed out after 100 seconds waiting for visibility of element located by By.selector: legend.ng-binding
Build info: version: &apos;2.29.1&apos;, revision: &apos;dfb1306b85be4934d23c123122e06e602a15e446&apos;, time: &apos;2013-01-22 12:58:05&apos;
System info: os.name: &apos;Windows Server 2012&apos;, os.arch: &apos;amd64&apos;, os.version: &apos;6.2&apos;, java.version: &apos;1.7.0_51&apos;
Driver info: driver.version: unknown
	at org.openqa.selenium.support.ui.FluentWait.timeoutException(FluentWait.java:259)
	at org.openqa.selenium.support.ui.FluentWait.until(FluentWait.java:228)
	at com.mifos.pages.MifosWebPage.waitForElementToBeVisible(MifosWebPage.java:210)
	at com.mifos.pages.MifosWebPage.getElement(MifosWebPage.java:699)
	at com.mifos.pages.MifosWebPage.getElement(MifosWebPage.java:684)
	at com.mifos.pages.MifosWebPage.getSingleText(MifosWebPage.java:941)
	at com.mifos.pages.MifosWebPage.validateSame(MifosWebPage.java:947)
	at com.mifos.pages.MifosWebPage.verifySuccessMessage(MifosWebPage.java:1815)
	at com.mifos.pages.FrontPage.verifyProductLoanExcelSheet(FrontPage.java:472)
	at com.mifos.steps.LoanProductSteps.I_should_see_product_loan_created_successfully(LoanProductSteps.java:27)
	at ✽.Then I should see product loan created successfully(LoanMIFOS.feature:18)
Caused by: org.openqa.selenium.NoSuchElementException: no such element
  (Session info: chrome=43.0.2357.124)
  (Driver info: chromedriver=2.8.241075,platform=Windows NT 6.3 x86_64) (WARNING: The server did not provide any stacktrace information)
Command duration or timeout: 30.03 seconds
For documentation on this error, please visit: http://seleniumhq.org/exceptions/no_such_element.html
Build info: version: &apos;2.29.1&apos;, revision: &apos;dfb1306b85be4934d23c123122e06e602a15e446&apos;, time: &apos;2013-01-22 12:58:05&apos;
System info: os.name: &apos;Windows Server 2012&apos;, os.arch: &apos;amd64&apos;, os.version: &apos;6.2&apos;, java.version: &apos;1.7.0_51&apos;
Session ID: 0a14de1ed7c0e4fc436d57a9851815e8
Driver info: org.openqa.selenium.chrome.ChromeDriver
Capabilities [{platform=XP, acceptSslCerts=true, javascriptEnabled=true, browserName=chrome, chrome={userDataDir=C:\Users\ADMINI~1\AppData\Local\Temp\2\scoped_dir4640_15257}, rotatable=false, locationContextEnabled=true, version=43.0.2357.124, takesHeapSnapshot=true, cssSelectorsEnabled=true, databaseEnabled=false, handlesAlerts=true, browserConnectionEnabled=false, webStorageEnabled=true, nativeEvents=true, applicationCacheEnabled=false, takesScreenshot=true}]
	at sun.reflect.GeneratedConstructorAccessor53.newInstance(Unknown Source)
	at sun.reflect.DelegatingConstructorAccessorImpl.newInstance(DelegatingConstructorAccessorImpl.java:45)
	at java.lang.reflect.Constructor.newInstance(Constructor.java:526)
	at org.openqa.selenium.remote.ErrorHandler.createThrowable(ErrorHandler.java:187)
	at org.openqa.selenium.remote.ErrorHandler.throwIfResponseFailed(ErrorHandler.java:145)
	at org.openqa.selenium.remote.RemoteWebDriver.execute(RemoteWebDriver.java:554)
	at org.openqa.selenium.remote.RemoteWebDriver.findElement(RemoteWebDriver.java:307)
	at org.openqa.selenium.remote.RemoteWebDriver.findElementByCssSelector(RemoteWebDriver.java:396)
	at org.openqa.selenium.By$ByCssSelector.findElement(By.java:406)
	at org.openqa.selenium.remote.RemoteWebDriver.findElement(RemoteWebDriver.java:299)
	at sun.reflect.GeneratedMethodAccessor8.invoke(Unknown Source)
	at sun.reflect.DelegatingMethodAccessorImpl.invoke(DelegatingMethodAccessorImpl.java:43)
	at java.lang.reflect.Method.invoke(Method.java:606)
	at org.openqa.selenium.support.events.EventFiringWebDriver$2.invoke(EventFiringWebDriver.java:101)
	at com.sun.proxy.$Proxy16.findElement(Unknown Source)
	at org.openqa.selenium.support.events.EventFiringWebDriver.findElement(EventFiringWebDriver.java:180)
	at org.openqa.selenium.support.ui.ExpectedConditions.findElement(ExpectedConditions.java:523)
	at org.openqa.selenium.support.ui.ExpectedConditions.access$000(ExpectedConditions.java:39)
	at org.openqa.selenium.support.ui.ExpectedConditions$4.apply(ExpectedConditions.java:130)
	at org.openqa.selenium.support.ui.ExpectedConditions$4.apply(ExpectedConditions.java:126)
	at org.openqa.selenium.support.ui.FluentWait.until(FluentWait.java:208)
	at com.mifos.pages.MifosWebPage.waitForElementToBeVisible(MifosWebPage.java:210)
	at com.mifos.pages.MifosWebPage.getElement(MifosWebPage.java:699)
	at com.mifos.pages.MifosWebPage.getElement(MifosWebPage.java:684)
	at com.mifos.pages.MifosWebPage.getSingleText(MifosWebPage.java:941)
	at com.mifos.pages.MifosWebPage.validateSame(MifosWebPage.java:947)
	at com.mifos.pages.MifosWebPage.verifySuccessMessage(MifosWebPage.java:1815)
	at com.mifos.pages.FrontPage.verifyProductLoanExcelSheet(FrontPage.java:472)
	at com.mifos.steps.LoanProductSteps.I_should_see_product_loan_created_successfully(LoanProductSteps.java:27)
	at sun.reflect.NativeMethodAccessorImpl.invoke0(Native Method)
	at sun.reflect.NativeMethodAccessorImpl.invoke(NativeMethodAccessorImpl.java:57)
	at sun.reflect.DelegatingMethodAccessorImpl.invoke(DelegatingMethodAccessorImpl.java:43)
	at java.lang.reflect.Method.invoke(Method.java:606)
	at cucumber.runtime.Utils$1.call(Utils.java:44)
	at cucumber.runtime.Timeout.timeout(Timeout.java:12)
	at cucumber.runtime.Utils.invoke(Utils.java:40)
	at cucumber.runtime.java.JavaStepDefinition.execute(JavaStepDefinition.java:35)
	at cucumber.runtime.StepDefinitionMatch.runStep(StepDefinitionMatch.java:38)
	at cucumber.runtime.Runtime.runStep(Runtime.java:268)
	at cucumber.runtime.model.StepContainer.runStep(StepContainer.java:45)
	at cucumber.runtime.model.StepContainer.runSteps(StepContainer.java:40)
	at cucumber.runtime.model.CucumberScenario.run(CucumberScenario.java:36)
	at cucumber.runtime.junit.ExecutionUnitRunner.run(ExecutionUnitRunner.java:83)
	at org.junit.runners.Suite.runChild(Suite.java:127)
	at org.junit.runners.Suite.runChild(Suite.java:26)
	at org.junit.runners.ParentRunner$3.run(ParentRunner.java:238)
	at org.junit.runners.ParentRunner$1.schedule(ParentRunner.java:63)
	at org.junit.runners.ParentRunner.runChildren(ParentRunner.java:236)
	at org.junit.runners.ParentRunner.access$000(ParentRunner.java:53)
	at org.junit.runners.ParentRunner$2.evaluate(ParentRunner.java:229)
	at org.junit.runners.ParentRunner.run(ParentRunner.java:309)
	at org.junit.runners.Suite.runChild(Suite.java:127)
	at org.junit.runners.Suite.runChild(Suite.java:26)
	at org.junit.runners.ParentRunner$3.run(ParentRunner.java:238)
	at org.junit.runners.ParentRunner$1.schedule(ParentRunner.java:63)
	at org.junit.runners.ParentRunner.runChildren(ParentRunner.java:236)
	at org.junit.runners.ParentRunner.access$000(ParentRunner.java:53)
	at org.junit.runners.ParentRunner$2.evaluate(ParentRunner.java:229)
	at org.junit.runners.ParentRunner.run(ParentRunner.java:309)
	at cucumber.runtime.junit.FeatureRunner.runChild(FeatureRunner.java:63)
	at cucumber.runtime.junit.FeatureRunner.runChild(FeatureRunner.java:18)
	at org.junit.runners.ParentRunner$3.run(ParentRunner.java:238)
	at org.junit.runners.ParentRunner$1.schedule(ParentRunner.java:63)
	at org.junit.runners.ParentRunner.runChildren(ParentRunner.java:236)
	at org.junit.runners.ParentRunner.access$000(ParentRunner.java:53)
	at org.junit.runners.ParentRunner$2.evaluate(ParentRunner.java:229)
	at org.junit.runners.ParentRunner.run(ParentRunner.java:309)
	at cucumber.runtime.junit.FeatureRunner.run(FeatureRunner.java:70)
	at cucumber.api.junit.Cucumber.runChild(Cucumber.java:77)
	at cucumber.api.junit.Cucumber.runChild(Cucumber.java:37)
	at org.junit.runners.ParentRunner$3.run(ParentRunner.java:238)
	at org.junit.runners.ParentRunner$1.schedule(ParentRunner.java:63)
	at org.junit.runners.ParentRunner.runChildren(ParentRunner.java:236)
	at org.junit.runners.ParentRunner.access$000(ParentRunner.java:53)
	at org.junit.runners.ParentRunner$2.evaluate(ParentRunner.java:229)
	at org.junit.runners.ParentRunner.run(ParentRunner.java:309)
	at cucumber.api.junit.Cucumber.run(Cucumber.java:82)
	at org.apache.maven.surefire.junit4.JUnit4Provider.execute(JUnit4Provider.java:252)
	at org.apache.maven.surefire.junit4.JUnit4Provider.executeTestSet(JUnit4Provider.java:141)
	at org.apache.maven.surefire.junit4.JUnit4Provider.invoke(JUnit4Provider.java:112)
	at sun.reflect.NativeMethodAccessorImpl.invoke0(Native Method)
	at sun.reflect.NativeMethodAccessorImpl.invoke(NativeMethodAccessorImpl.java:57)
	at sun.reflect.DelegatingMethodAccessorImpl.invoke(DelegatingMethodAccessorImpl.java:43)
	at java.lang.reflect.Method.invoke(Method.java:606)
	at org.apache.maven.surefire.util.ReflectionUtils.invokeMethodWithArray(ReflectionUtils.java:189)
	at org.apache.maven.surefire.booter.ProviderFactory$ProviderProxy.invoke(ProviderFactory.java:165)
	at org.apache.maven.surefire.booter.ProviderFactory.invokeProvider(ProviderFactory.java:85)
	at org.apache.maven.surefire.booter.ForkedBooter.runSuitesInProcess(ForkedBooter.java:113)
	at org.apache.maven.surefire.booter.ForkedBooter.main(ForkedBooter.java:75)
</error>
    <system-out>
      	at org.openqa.selenium.By$ByCssSelector.findElement(By.java:406)
      	at org.openqa.selenium.remote.RemoteWebDriver.findElement(RemoteWebDriver.java:299)
      	at sun.reflect.GeneratedMethodAccessor8.invoke(Unknown Source)
      	at sun.reflect.DelegatingMethodAccessorImpl.invoke(DelegatingMethodAccessorImpl.java:43)
      	at java.lang.reflect.Method.invoke(Method.java:606)
      	at org.openqa.selenium.support.events.EventFiringWebDriver$2.invoke(EventFiringWebDriver.java:101)
      	at com.sun.proxy.$Proxy16.findElement(Unknown Source)
      	at org.openqa.selenium.support.events.EventFiringWebDriver.findElement(EventFiringWebDriver.java:180)
      	at org.openqa.selenium.support.ui.ExpectedConditions.findElement(ExpectedConditions.java:523)
      	at org.openqa.selenium.support.ui.ExpectedConditions.access$000(ExpectedConditions.java:39)
      	at org.openqa.selenium.support.ui.ExpectedConditions$4.apply(ExpectedConditions.java:130)
      	at org.openqa.selenium.support.ui.ExpectedConditions$4.apply(ExpectedConditions.java:126)
      	at org.openqa.selenium.support.ui.FluentWait.until(FluentWait.java:208)
      	at com.mifos.pages.MifosWebPage.waitForElementToBeVisible(MifosWebPage.java:210)
      	at com.mifos.pages.MifosWebPage.getElement(MifosWebPage.java:699)
      	at com.mifos.pages.MifosWebPage.getElement(MifosWebPage.java:684)
      	at com.mifos.pages.MifosWebPage.getSingleText(MifosWebPage.java:941)
      	at com.mifos.pages.MifosWebPage.validateSame(MifosWebPage.java:947)
      	at com.mifos.pages.MifosWebPage.verifySuccessMessage(MifosWebPage.java:1815)
      	at com.mifos.pages.FrontPage.verifyProductLoanExcelSheet(FrontPage.java:472)
      	at com.mifos.steps.LoanProductSteps.I_should_see_product_loan_created_successfully(LoanProductSteps.java:27)
      	at sun.reflect.NativeMethodAccessorImpl.invoke0(Native Method)
      	at sun.reflect.NativeMethodAccessorImpl.invoke(NativeMethodAccessorImpl.java:57)
      	at sun.reflect.DelegatingMethodAccessorImpl.invoke(DelegatingMethodAccessorImpl.java:43)
      	at java.lang.reflect.Method.invoke(Method.java:606)
      	at cucumber.runtime.Utils$1.call(Utils.java:44)
      	at cucumber.runtime.Timeout.timeout(Timeout.java:12)
      	at cucumber.runtime.Utils.invoke(Utils.java:40)
      	at cucumber.runtime.java.JavaStepDefinition.execute(JavaStepDefinition.java:35)
      	at cucumber.runtime.StepDefinitionMatch.runStep(StepDefinitionMatch.java:38)
      	at cucumber.runtime.Runtime.runStep(Runtime.java:268)
      	at cucumber.runtime.model.StepContainer.runStep(StepContainer.java:45)
      	at cucumber.runtime.model.StepContainer.runSteps(StepContainer.java:40)
      	at cucumber.runtime.model.CucumberScenario.run(CucumberScenario.java:36)
      	at cucumber.runtime.junit.ExecutionUnitRunner.run(ExecutionUnitRunner.java:83)
      	at org.junit.runners.Suite.runChild(Suite.java:127)
      	at org.junit.runners.Suite.runChild(Suite.java:26)
      	at org.junit.runners.ParentRunner$3.run(ParentRunner.java:238)
      	at org.junit.runners.ParentRunner$1.schedule(ParentRunner.java:63)
      	at org.junit.runners.ParentRunner.runChildren(ParentRunner.java:236)
      	at org.junit.runners.ParentRunner.access$000(ParentRunner.java:53)
      	at org.junit.runners.ParentRunner$2.evaluate(ParentRunner.java:229)
      	at org.junit.runners.ParentRunner.run(ParentRunner.java:309)
      	at org.junit.runners.Suite.runChild(Suite.java:127)
      	at org.junit.runners.Suite.runChild(Suite.java:26)
      	at org.junit.runners.ParentRunner$3.run(ParentRunner.java:238)
      	at org.junit.runners.ParentRunner$1.schedule(ParentRunner.java:63)
      	at org.junit.runners.ParentRunner.runChildren(ParentRunner.java:236)
      	at org.junit.runners.ParentRunner.access$000(ParentRunner.java:53)
      	at org.junit.runners.ParentRunner$2.evaluate(ParentRunner.java:229)
      	at org.junit.runners.ParentRunner.run(ParentRunner.java:309)
      	at cucumber.runtime.junit.FeatureRunner.runChild(FeatureRunner.java:63)
      	at cucumber.runtime.junit.FeatureRunner.runChild(FeatureRunner.java:18)
      	at org.junit.runners.ParentRunner$3.run(ParentRunner.java:238)
      	at org.junit.runners.ParentRunner$1.schedule(ParentRunner.java:63)
      	at org.junit.runners.ParentRunner.runChildren(ParentRunner.java:236)
      	at org.junit.runners.ParentRunner.access$000(ParentRunner.java:53)
      	at org.junit.runners.ParentRunner$2.evaluate(ParentRunner.java:229)
      	at org.junit.runners.ParentRunner.run(ParentRunner.java:309)
      	at cucumber.runtime.junit.FeatureRunner.run(FeatureRunner.java:70)
      	at cucumber.api.junit.Cucumber.runChild(Cucumber.java:77)
      	at cucumber.api.junit.Cucumber.runChild(Cucumber.java:37)
      	at org.junit.runners.ParentRunner$3.run(ParentRunner.java:238)
      	at org.junit.runners.ParentRunner$1.schedule(ParentRunner.java:63)
      	at org.junit.runners.ParentRunner.runChildren(ParentRunner.java:236)
      	at org.junit.runners.ParentRunner.access$000(ParentRunner.java:53)
      	at org.junit.runners.ParentRunner$2.evaluate(ParentRunner.java:229)
      	at org.junit.runners.ParentRunner.run(ParentRunner.java:309)
      	at cucumber.api.junit.Cucumber.run(Cucumber.java:82)
      	at org.apache.maven.surefire.junit4.JUnit4Provider.execute(JUnit4Provider.java:252)
      	at org.apache.maven.surefire.junit4.JUnit4Provider.executeTestSet(JUnit4Provider.java:141)
      	at org.apache.maven.surefire.junit4.JUnit4Provider.invoke(JUnit4Provider.java:112)
      	at sun.reflect.NativeMethodAccessorImpl.invoke0(Native Method)
      	at sun.reflect.NativeMethodAccessorImpl.invoke(NativeMethodAccessorImpl.java:57)
      	at sun.reflect.DelegatingMethodAccessorImpl.invoke(DelegatingMethodAccessorImpl.java:43)
      	at java.lang.reflect.Method.invoke(Method.java:606)
      	at org.apache.maven.surefire.util.ReflectionUtils.invokeMethodWithArray(ReflectionUtils.java:189)
      	at org.apache.maven.surefire.booter.ProviderFactory$ProviderProxy.invoke(ProviderFactory.java:165)
      	at org.apache.maven.surefire.booter.ProviderFactory.invokeProvider(ProviderFactory.java:85)
      	at org.apache.maven.surefire.booter.ForkedBooter.runSuitesInProcess(ForkedBooter.java:113)
      	at org.apache.maven.surefire.booter.ForkedBooter.main(ForkedBooter.java:75)
      &amp;#27;[0m

  Background:                                      &amp;#27;[90m# LoanMIFOS.feature:3&amp;#27;[0m
    &amp;#27;[90mGiven &amp;#27;[0m&amp;#27;[90mI navigate to mifos&amp;#27;[0m                      &amp;#27;[90m# LoginSteps.I_navigate_to_mifos()&amp;#27;[0m
&amp;#27;[1A    &amp;#27;[32mGiven &amp;#27;[0m&amp;#27;[32mI navigate to mifos&amp;#27;[0m                      &amp;#27;[90m# LoginSteps.I_navigate_to_mifos()&amp;#27;[0m
    &amp;#27;[90mAnd &amp;#27;[0m&amp;#27;[90mI use login folder&amp;#27;[0m                         &amp;#27;[90m# LoginSteps.I_use_login_folder()&amp;#27;[0m
&amp;#27;[1A    &amp;#27;[32mAnd &amp;#27;[0m&amp;#27;[32mI use login folder&amp;#27;[0m                         &amp;#27;[90m# LoginSteps.I_use_login_folder()&amp;#27;[0m
    &amp;#27;[90mWhen &amp;#27;[0m&amp;#27;[90mI login into mifos site using excel sheet&amp;#27;[0m &amp;#27;[90m# LoginSteps.I_login_into_mifos_site_using_excel_sheet(String&gt;)&amp;#27;[0m
&amp;#27;[1A    &amp;#27;[32mWhen &amp;#27;[0m&amp;#27;[32mI login into mifos site using excel sheet&amp;#27;[0m &amp;#27;[90m# LoginSteps.I_login_into_mifos_site_using_excel_sheet(String&gt;)&amp;#27;[0m
    &amp;#27;[90mThen &amp;#27;[0m&amp;#27;[90mI should see logged in successfully&amp;#27;[0m       &amp;#27;[90m# LoginSteps.I_should_see_login_successfully()&amp;#27;[0m
&amp;#27;[1A    &amp;#27;[32mThen &amp;#27;[0m&amp;#27;[32mI should see logged in successfully&amp;#27;[0m       &amp;#27;[90m# LoginSteps.I_should_see_login_successfully()&amp;#27;[0m

  @LoanProduct
  Scenario Outline: Loan                                &amp;#27;[90m# LoanMIFOS.feature:33&amp;#27;[0m
    &amp;#27;[90mGiven &amp;#27;[0m&amp;#27;[90mI setup the product loan&amp;#27;[0m                      &amp;#27;[90m# LoanProductSteps.I_setup_the_product_loan(String&gt;)&amp;#27;[0m
&amp;#27;[1A    &amp;#27;[32mGiven &amp;#27;[0m&amp;#27;[32mI setup the product loan&amp;#27;[0m                      &amp;#27;[90m# LoanProductSteps.I_setup_the_product_loan(String&gt;)&amp;#27;[0m
    &amp;#27;[90mAnd &amp;#27;[0m&amp;#27;[90mI entered the values into product loan using&amp;#27;[0m    &amp;#27;[90m# LoanProductSteps.I_entered_the_values_into_product_loan_using(String&gt;)&amp;#27;[0m
&amp;#27;[1A    &amp;#27;[32mAnd &amp;#27;[0m&amp;#27;[32mI entered the values into product loan using&amp;#27;[0m    &amp;#27;[90m# LoanProductSteps.I_entered_the_values_into_product_loan_using(Stwelcome to mifos through excel
Cell One ... key=productname
680-MS-EPP-DB-DL-REC-NON-RNI-CTRFD-DL-MD-TR-1-EarlyRePayment
680-MS-EPP-DB-DL-REC-NON-RNI-CTRFD-DL-MD-TR-1-EarlyRePayment
</system-out>
  </testcase>
  <testcase time="0" classname="| 680-MS-EPP-DB-DL-REC-NON-RNI-CTRFD-DL-MD-TR-1-EarlyRePayment-Loanproduct.xlsx |" name="| 680-MS-EPP-DB-DL-REC-NON-RNI-CTRFD-DL-MD-TR-1-EarlyRePayment-Loanproduct.xlsx |">
    <error message="Timed out after 100 seconds waiting for visibility of element located by By.selector: legend.ng-binding
Build info: version: &apos;2.29.1&apos;, revision: &apos;dfb1306b85be4934d23c123122e06e602a15e446&apos;, time: &apos;2013-01-22 12:58:05&apos;
System info: os.name: &apos;Windows Server 2012&apos;, os.arch: &apos;amd64&apos;, os.version: &apos;6.2&apos;, java.version: &apos;1.7.0_51&apos;
Driver info: driver.version: unknown" type="org.openqa.selenium.TimeoutException">org.openqa.selenium.TimeoutException: Timed out after 100 seconds waiting for visibility of element located by By.selector: legend.ng-binding
Build info: version: &apos;2.29.1&apos;, revision: &apos;dfb1306b85be4934d23c123122e06e602a15e446&apos;, time: &apos;2013-01-22 12:58:05&apos;
System info: os.name: &apos;Windows Server 2012&apos;, os.arch: &apos;amd64&apos;, os.version: &apos;6.2&apos;, java.version: &apos;1.7.0_51&apos;
Driver info: driver.version: unknown
	at org.openqa.selenium.support.ui.FluentWait.timeoutException(FluentWait.java:259)
	at org.openqa.selenium.support.ui.FluentWait.until(FluentWait.java:228)
	at com.mifos.pages.MifosWebPage.waitForElementToBeVisible(MifosWebPage.java:210)
	at com.mifos.pages.MifosWebPage.getElement(MifosWebPage.java:699)
	at com.mifos.pages.MifosWebPage.getElement(MifosWebPage.java:684)
	at com.mifos.pages.MifosWebPage.getSingleText(MifosWebPage.java:941)
	at com.mifos.pages.MifosWebPage.validateSame(MifosWebPage.java:947)
	at com.mifos.pages.MifosWebPage.verifySuccessMessage(MifosWebPage.java:1815)
	at com.mifos.pages.FrontPage.verifyProductLoanExcelSheet(FrontPage.java:472)
	at com.mifos.steps.LoanProductSteps.I_should_see_product_loan_created_successfully(LoanProductSteps.java:27)
	at ✽.Then I should see product loan created successfully(LoanMIFOS.feature:18)
Caused by: org.openqa.selenium.NoSuchElementException: no such element
  (Session info: chrome=43.0.2357.124)
  (Driver info: chromedriver=2.8.241075,platform=Windows NT 6.3 x86_64) (WARNING: The server did not provide any stacktrace information)
Command duration or timeout: 30.03 seconds
For documentation on this error, please visit: http://seleniumhq.org/exceptions/no_such_element.html
Build info: version: &apos;2.29.1&apos;, revision: &apos;dfb1306b85be4934d23c123122e06e602a15e446&apos;, time: &apos;2013-01-22 12:58:05&apos;
System info: os.name: &apos;Windows Server 2012&apos;, os.arch: &apos;amd64&apos;, os.version: &apos;6.2&apos;, java.version: &apos;1.7.0_51&apos;
Session ID: 0a14de1ed7c0e4fc436d57a9851815e8
Driver info: org.openqa.selenium.chrome.ChromeDriver
Capabilities [{platform=XP, acceptSslCerts=true, javascriptEnabled=true, browserName=chrome, chrome={userDataDir=C:\Users\ADMINI~1\AppData\Local\Temp\2\scoped_dir4640_15257}, rotatable=false, locationContextEnabled=true, version=43.0.2357.124, takesHeapSnapshot=true, cssSelectorsEnabled=true, databaseEnabled=false, handlesAlerts=true, browserConnectionEnabled=false, webStorageEnabled=true, nativeEvents=true, applicationCacheEnabled=false, takesScreenshot=true}]
	at sun.reflect.GeneratedConstructorAccessor53.newInstance(Unknown Source)
	at sun.reflect.DelegatingConstructorAccessorImpl.newInstance(DelegatingConstructorAccessorImpl.java:45)
	at java.lang.reflect.Constructor.newInstance(Constructor.java:526)
	at org.openqa.selenium.remote.ErrorHandler.createThrowable(ErrorHandler.java:187)
	at org.openqa.selenium.remote.ErrorHandler.throwIfResponseFailed(ErrorHandler.java:145)
	at org.openqa.selenium.remote.RemoteWebDriver.execute(RemoteWebDriver.java:554)
	at org.openqa.selenium.remote.RemoteWebDriver.findElement(RemoteWebDriver.java:307)
	at org.openqa.selenium.remote.RemoteWebDriver.findElementByCssSelector(RemoteWebDriver.java:396)
	at org.openqa.selenium.By$ByCssSelector.findElement(By.java:406)
	at org.openqa.selenium.remote.RemoteWebDriver.findElement(RemoteWebDriver.java:299)
	at sun.reflect.GeneratedMethodAccessor8.invoke(Unknown Source)
	at sun.reflect.DelegatingMethodAccessorImpl.invoke(DelegatingMethodAccessorImpl.java:43)
	at java.lang.reflect.Method.invoke(Method.java:606)
	at org.openqa.selenium.support.events.EventFiringWebDriver$2.invoke(EventFiringWebDriver.java:101)
	at com.sun.proxy.$Proxy16.findElement(Unknown Source)
	at org.openqa.selenium.support.events.EventFiringWebDriver.findElement(EventFiringWebDriver.java:180)
	at org.openqa.selenium.support.ui.ExpectedConditions.findElement(ExpectedConditions.java:523)
	at org.openqa.selenium.support.ui.ExpectedConditions.access$000(ExpectedConditions.java:39)
	at org.openqa.selenium.support.ui.ExpectedConditions$4.apply(ExpectedConditions.java:130)
	at org.openqa.selenium.support.ui.ExpectedConditions$4.apply(ExpectedConditions.java:126)
	at org.openqa.selenium.support.ui.FluentWait.until(FluentWait.java:208)
	at com.mifos.pages.MifosWebPage.waitForElementToBeVisible(MifosWebPage.java:210)
	at com.mifos.pages.MifosWebPage.getElement(MifosWebPage.java:699)
	at com.mifos.pages.MifosWebPage.getElement(MifosWebPage.java:684)
	at com.mifos.pages.MifosWebPage.getSingleText(MifosWebPage.java:941)
	at com.mifos.pages.MifosWebPage.validateSame(MifosWebPage.java:947)
	at com.mifos.pages.MifosWebPage.verifySuccessMessage(MifosWebPage.java:1815)
	at com.mifos.pages.FrontPage.verifyProductLoanExcelSheet(FrontPage.java:472)
	at com.mifos.steps.LoanProductSteps.I_should_see_product_loan_created_successfully(LoanProductSteps.java:27)
	at sun.reflect.NativeMethodAccessorImpl.invoke0(Native Method)
	at sun.reflect.NativeMethodAccessorImpl.invoke(NativeMethodAccessorImpl.java:57)
	at sun.reflect.DelegatingMethodAccessorImpl.invoke(DelegatingMethodAccessorImpl.java:43)
	at java.lang.reflect.Method.invoke(Method.java:606)
	at cucumber.runtime.Utils$1.call(Utils.java:44)
	at cucumber.runtime.Timeout.timeout(Timeout.java:12)
	at cucumber.runtime.Utils.invoke(Utils.java:40)
	at cucumber.runtime.java.JavaStepDefinition.execute(JavaStepDefinition.java:35)
	at cucumber.runtime.StepDefinitionMatch.runStep(StepDefinitionMatch.java:38)
	at cucumber.runtime.Runtime.runStep(Runtime.java:268)
	at cucumber.runtime.model.StepContainer.runStep(StepContainer.java:45)
	at cucumber.runtime.model.StepContainer.runSteps(StepContainer.java:40)
	at cucumber.runtime.model.CucumberScenario.run(CucumberScenario.java:36)
	at cucumber.runtime.junit.ExecutionUnitRunner.run(ExecutionUnitRunner.java:83)
	at org.junit.runners.Suite.runChild(Suite.java:127)
	at org.junit.runners.Suite.runChild(Suite.java:26)
	at org.junit.runners.ParentRunner$3.run(ParentRunner.java:238)
	at org.junit.runners.ParentRunner$1.schedule(ParentRunner.java:63)
	at org.junit.runners.ParentRunner.runChildren(ParentRunner.java:236)
	at org.junit.runners.ParentRunner.access$000(ParentRunner.java:53)
	at org.junit.runners.ParentRunner$2.evaluate(ParentRunner.java:229)
	at org.junit.runners.ParentRunner.run(ParentRunner.java:309)
	at org.junit.runners.Suite.runChild(Suite.java:127)
	at org.junit.runners.Suite.runChild(Suite.java:26)
	at org.junit.runners.ParentRunner$3.run(ParentRunner.java:238)
	at org.junit.runners.ParentRunner$1.schedule(ParentRunner.java:63)
	at org.junit.runners.ParentRunner.runChildren(ParentRunner.java:236)
	at org.junit.runners.ParentRunner.access$000(ParentRunner.java:53)
	at org.junit.runners.ParentRunner$2.evaluate(ParentRunner.java:229)
	at org.junit.runners.ParentRunner.run(ParentRunner.java:309)
	at cucumber.runtime.junit.FeatureRunner.runChild(FeatureRunner.java:63)
	at cucumber.runtime.junit.FeatureRunner.runChild(FeatureRunner.java:18)
	at org.junit.runners.ParentRunner$3.run(ParentRunner.java:238)
	at org.junit.runners.ParentRunner$1.schedule(ParentRunner.java:63)
	at org.junit.runners.ParentRunner.runChildren(ParentRunner.java:236)
	at org.junit.runners.ParentRunner.access$000(ParentRunner.java:53)
	at org.junit.runners.ParentRunner$2.evaluate(ParentRunner.java:229)
	at org.junit.runners.ParentRunner.run(ParentRunner.java:309)
	at cucumber.runtime.junit.FeatureRunner.run(FeatureRunner.java:70)
	at cucumber.api.junit.Cucumber.runChild(Cucumber.java:77)
	at cucumber.api.junit.Cucumber.runChild(Cucumber.java:37)
	at org.junit.runners.ParentRunner$3.run(ParentRunner.java:238)
	at org.junit.runners.ParentRunner$1.schedule(ParentRunner.java:63)
	at org.junit.runners.ParentRunner.runChildren(ParentRunner.java:236)
	at org.junit.runners.ParentRunner.access$000(ParentRunner.java:53)
	at org.junit.runners.ParentRunner$2.evaluate(ParentRunner.java:229)
	at org.junit.runners.ParentRunner.run(ParentRunner.java:309)
	at cucumber.api.junit.Cucumber.run(Cucumber.java:82)
	at org.apache.maven.surefire.junit4.JUnit4Provider.execute(JUnit4Provider.java:252)
	at org.apache.maven.surefire.junit4.JUnit4Provider.executeTestSet(JUnit4Provider.java:141)
	at org.apache.maven.surefire.junit4.JUnit4Provider.invoke(JUnit4Provider.java:112)
	at sun.reflect.NativeMethodAccessorImpl.invoke0(Native Method)
	at sun.reflect.NativeMethodAccessorImpl.invoke(NativeMethodAccessorImpl.java:57)
	at sun.reflect.DelegatingMethodAccessorImpl.invoke(DelegatingMethodAccessorImpl.java:43)
	at java.lang.reflect.Method.invoke(Method.java:606)
	at org.apache.maven.surefire.util.ReflectionUtils.invokeMethodWithArray(ReflectionUtils.java:189)
	at org.apache.maven.surefire.booter.ProviderFactory$ProviderProxy.invoke(ProviderFactory.java:165)
	at org.apache.maven.surefire.booter.ProviderFactory.invokeProvider(ProviderFactory.java:85)
	at org.apache.maven.surefire.booter.ForkedBooter.runSuitesInProcess(ForkedBooter.java:113)
	at org.apache.maven.surefire.booter.ForkedBooter.main(ForkedBooter.java:75)
</error>
  </testcase>
  <testcase time="0" classname="| 725-MS-EPP-DB-SAR-REC-NON-RNI-CTPD-SAR-MD-TR-1-EarlyRePayment-Loanproduct.xlsx |" name="Given I navigate to mifos"/>
  <testcase time="0" classname="| 725-MS-EPP-DB-SAR-REC-NON-RNI-CTPD-SAR-MD-TR-1-EarlyRePayment-Loanproduct.xlsx |" name="And I use login folder"/>
  <testcase time="0" classname="| 725-MS-EPP-DB-SAR-REC-NON-RNI-CTPD-SAR-MD-TR-1-EarlyRePayment-Loanproduct.xlsx |" name="When I login into mifos site using excel sheet"/>
  <testcase time="0" classname="| 725-MS-EPP-DB-SAR-REC-NON-RNI-CTPD-SAR-MD-TR-1-EarlyRePayment-Loanproduct.xlsx |" name="Then I should see logged in successfully"/>
  <testcase time="0" classname="| 725-MS-EPP-DB-SAR-REC-NON-RNI-CTPD-SAR-MD-TR-1-EarlyRePayment-Loanproduct.xlsx |" name="Given I setup the product loan"/>
  <testcase time="0" classname="| 725-MS-EPP-DB-SAR-REC-NON-RNI-CTPD-SAR-MD-TR-1-EarlyRePayment-Loanproduct.xlsx |" name="And I entered the values into product loan using"/>
  <testcase time="0" classname="| 725-MS-EPP-DB-SAR-REC-NON-RNI-CTPD-SAR-MD-TR-1-EarlyRePayment-Loanproduct.xlsx |" name="Then I should see product loan created successfully">
    <error message="Timed out after 100 seconds waiting for visibility of element located by By.selector: legend.ng-binding
Build info: version: &apos;2.29.1&apos;, revision: &apos;dfb1306b85be4934d23c123122e06e602a15e446&apos;, time: &apos;2013-01-22 12:58:05&apos;
System info: os.name: &apos;Windows Server 2012&apos;, os.arch: &apos;amd64&apos;, os.version: &apos;6.2&apos;, java.version: &apos;1.7.0_51&apos;
Driver info: driver.version: unknown" type="org.openqa.selenium.TimeoutException">org.openqa.selenium.TimeoutException: Timed out after 100 seconds waiting for visibility of element located by By.selector: legend.ng-binding
Build info: version: &apos;2.29.1&apos;, revision: &apos;dfb1306b85be4934d23c123122e06e602a15e446&apos;, time: &apos;2013-01-22 12:58:05&apos;
System info: os.name: &apos;Windows Server 2012&apos;, os.arch: &apos;amd64&apos;, os.version: &apos;6.2&apos;, java.version: &apos;1.7.0_51&apos;
Driver info: driver.version: unknown
	at org.openqa.selenium.support.ui.FluentWait.timeoutException(FluentWait.java:259)
	at org.openqa.selenium.support.ui.FluentWait.until(FluentWait.java:228)
	at com.mifos.pages.MifosWebPage.waitForElementToBeVisible(MifosWebPage.java:210)
	at com.mifos.pages.MifosWebPage.getElement(MifosWebPage.java:699)
	at com.mifos.pages.MifosWebPage.getElement(MifosWebPage.java:684)
	at com.mifos.pages.MifosWebPage.getSingleText(MifosWebPage.java:941)
	at com.mifos.pages.MifosWebPage.validateSame(MifosWebPage.java:947)
	at com.mifos.pages.MifosWebPage.verifySuccessMessage(MifosWebPage.java:1815)
	at com.mifos.pages.FrontPage.verifyProductLoanExcelSheet(FrontPage.java:472)
	at com.mifos.steps.LoanProductSteps.I_should_see_product_loan_created_successfully(LoanProductSteps.java:27)
	at ✽.Then I should see product loan created successfully(LoanMIFOS.feature:18)
Caused by: org.openqa.selenium.NoSuchElementException: no such element
  (Session info: chrome=43.0.2357.124)
  (Driver info: chromedriver=2.8.241075,platform=Windows NT 6.3 x86_64) (WARNING: The server did not provide any stacktrace information)
Command duration or timeout: 30.00 seconds
For documentation on this error, please visit: http://seleniumhq.org/exceptions/no_such_element.html
Build info: version: &apos;2.29.1&apos;, revision: &apos;dfb1306b85be4934d23c123122e06e602a15e446&apos;, time: &apos;2013-01-22 12:58:05&apos;
System info: os.name: &apos;Windows Server 2012&apos;, os.arch: &apos;amd64&apos;, os.version: &apos;6.2&apos;, java.version: &apos;1.7.0_51&apos;
Session ID: 3007b4412ea67902d1afd0b1536a217d
Driver info: org.openqa.selenium.chrome.ChromeDriver
Capabilities [{platform=XP, acceptSslCerts=true, javascriptEnabled=true, browserName=chrome, chrome={userDataDir=C:\Users\ADMINI~1\AppData\Local\Temp\2\scoped_dir808_2539}, rotatable=false, locationContextEnabled=true, version=43.0.2357.124, takesHeapSnapshot=true, cssSelectorsEnabled=true, databaseEnabled=false, handlesAlerts=true, browserConnectionEnabled=false, webStorageEnabled=true, nativeEvents=true, applicationCacheEnabled=false, takesScreenshot=true}]
	at sun.reflect.GeneratedConstructorAccessor53.newInstance(Unknown Source)
	at sun.reflect.DelegatingConstructorAccessorImpl.newInstance(DelegatingConstructorAccessorImpl.java:45)
	at java.lang.reflect.Constructor.newInstance(Constructor.java:526)
	at org.openqa.selenium.remote.ErrorHandler.createThrowable(ErrorHandler.java:187)
	at org.openqa.selenium.remote.ErrorHandler.throwIfResponseFailed(ErrorHandler.java:145)
	at org.openqa.selenium.remote.RemoteWebDriver.execute(RemoteWebDriver.java:554)
	at org.openqa.selenium.remote.RemoteWebDriver.findElement(RemoteWebDriver.java:307)
	at org.openqa.selenium.remote.RemoteWebDriver.findElementByCssSelector(RemoteWebDriver.java:396)
	at org.openqa.selenium.By$ByCssSelector.findElement(By.java:406)
	at org.openqa.selenium.remote.RemoteWebDriver.findElement(RemoteWebDriver.java:299)
	at sun.reflect.GeneratedMethodAccessor8.invoke(Unknown Source)
	at sun.reflect.DelegatingMethodAccessorImpl.invoke(DelegatingMethodAccessorImpl.java:43)
	at java.lang.reflect.Method.invoke(Method.java:606)
	at org.openqa.selenium.support.events.EventFiringWebDriver$2.invoke(EventFiringWebDriver.java:101)
	at com.sun.proxy.$Proxy16.findElement(Unknown Source)
	at org.openqa.selenium.support.events.EventFiringWebDriver.findElement(EventFiringWebDriver.java:180)
	at org.openqa.selenium.support.ui.ExpectedConditions.findElement(ExpectedConditions.java:523)
	at org.openqa.selenium.support.ui.ExpectedConditions.access$000(ExpectedConditions.java:39)
	at org.openqa.selenium.support.ui.ExpectedConditions$4.apply(ExpectedConditions.java:130)
	at org.openqa.selenium.support.ui.ExpectedConditions$4.apply(ExpectedConditions.java:126)
	at org.openqa.selenium.support.ui.FluentWait.until(FluentWait.java:208)
	at com.mifos.pages.MifosWebPage.waitForElementToBeVisible(MifosWebPage.java:210)
	at com.mifos.pages.MifosWebPage.getElement(MifosWebPage.java:699)
	at com.mifos.pages.MifosWebPage.getElement(MifosWebPage.java:684)
	at com.mifos.pages.MifosWebPage.getSingleText(MifosWebPage.java:941)
	at com.mifos.pages.MifosWebPage.validateSame(MifosWebPage.java:947)
	at com.mifos.pages.MifosWebPage.verifySuccessMessage(MifosWebPage.java:1815)
	at com.mifos.pages.FrontPage.verifyProductLoanExcelSheet(FrontPage.java:472)
	at com.mifos.steps.LoanProductSteps.I_should_see_product_loan_created_successfully(LoanProductSteps.java:27)
	at sun.reflect.NativeMethodAccessorImpl.invoke0(Native Method)
	at sun.reflect.NativeMethodAccessorImpl.invoke(NativeMethodAccessorImpl.java:57)
	at sun.reflect.DelegatingMethodAccessorImpl.invoke(DelegatingMethodAccessorImpl.java:43)
	at java.lang.reflect.Method.invoke(Method.java:606)
	at cucumber.runtime.Utils$1.call(Utils.java:44)
	at cucumber.runtime.Timeout.timeout(Timeout.java:12)
	at cucumber.runtime.Utils.invoke(Utils.java:40)
	at cucumber.runtime.java.JavaStepDefinition.execute(JavaStepDefinition.java:35)
	at cucumber.runtime.StepDefinitionMatch.runStep(StepDefinitionMatch.java:38)
	at cucumber.runtime.Runtime.runStep(Runtime.java:268)
	at cucumber.runtime.model.StepContainer.runStep(StepContainer.java:45)
	at cucumber.runtime.model.StepContainer.runSteps(StepContainer.java:40)
	at cucumber.runtime.model.CucumberScenario.run(CucumberScenario.java:36)
	at cucumber.runtime.junit.ExecutionUnitRunner.run(ExecutionUnitRunner.java:83)
	at org.junit.runners.Suite.runChild(Suite.java:127)
	at org.junit.runners.Suite.runChild(Suite.java:26)
	at org.junit.runners.ParentRunner$3.run(ParentRunner.java:238)
	at org.junit.runners.ParentRunner$1.schedule(ParentRunner.java:63)
	at org.junit.runners.ParentRunner.runChildren(ParentRunner.java:236)
	at org.junit.runners.ParentRunner.access$000(ParentRunner.java:53)
	at org.junit.runners.ParentRunner$2.evaluate(ParentRunner.java:229)
	at org.junit.runners.ParentRunner.run(ParentRunner.java:309)
	at org.junit.runners.Suite.runChild(Suite.java:127)
	at org.junit.runners.Suite.runChild(Suite.java:26)
	at org.junit.runners.ParentRunner$3.run(ParentRunner.java:238)
	at org.junit.runners.ParentRunner$1.schedule(ParentRunner.java:63)
	at org.junit.runners.ParentRunner.runChildren(ParentRunner.java:236)
	at org.junit.runners.ParentRunner.access$000(ParentRunner.java:53)
	at org.junit.runners.ParentRunner$2.evaluate(ParentRunner.java:229)
	at org.junit.runners.ParentRunner.run(ParentRunner.java:309)
	at cucumber.runtime.junit.FeatureRunner.runChild(FeatureRunner.java:63)
	at cucumber.runtime.junit.FeatureRunner.runChild(FeatureRunner.java:18)
	at org.junit.runners.ParentRunner$3.run(ParentRunner.java:238)
	at org.junit.runners.ParentRunner$1.schedule(ParentRunner.java:63)
	at org.junit.runners.ParentRunner.runChildren(ParentRunner.java:236)
	at org.junit.runners.ParentRunner.access$000(ParentRunner.java:53)
	at org.junit.runners.ParentRunner$2.evaluate(ParentRunner.java:229)
	at org.junit.runners.ParentRunner.run(ParentRunner.java:309)
	at cucumber.runtime.junit.FeatureRunner.run(FeatureRunner.java:70)
	at cucumber.api.junit.Cucumber.runChild(Cucumber.java:77)
	at cucumber.api.junit.Cucumber.runChild(Cucumber.java:37)
	at org.junit.runners.ParentRunner$3.run(ParentRunner.java:238)
	at org.junit.runners.ParentRunner$1.schedule(ParentRunner.java:63)
	at org.junit.runners.ParentRunner.runChildren(ParentRunner.java:236)
	at org.junit.runners.ParentRunner.access$000(ParentRunner.java:53)
	at org.junit.runners.ParentRunner$2.evaluate(ParentRunner.java:229)
	at org.junit.runners.ParentRunner.run(ParentRunner.java:309)
	at cucumber.api.junit.Cucumber.run(Cucumber.java:82)
	at org.apache.maven.surefire.junit4.JUnit4Provider.execute(JUnit4Provider.java:252)
	at org.apache.maven.surefire.junit4.JUnit4Provider.executeTestSet(JUnit4Provider.java:141)
	at org.apache.maven.surefire.junit4.JUnit4Provider.invoke(JUnit4Provider.java:112)
	at sun.reflect.NativeMethodAccessorImpl.invoke0(Native Method)
	at sun.reflect.NativeMethodAccessorImpl.invoke(NativeMethodAccessorImpl.java:57)
	at sun.reflect.DelegatingMethodAccessorImpl.invoke(DelegatingMethodAccessorImpl.java:43)
	at java.lang.reflect.Method.invoke(Method.java:606)
	at org.apache.maven.surefire.util.ReflectionUtils.invokeMethodWithArray(ReflectionUtils.java:189)
	at org.apache.maven.surefire.booter.ProviderFactory$ProviderProxy.invoke(ProviderFactory.java:165)
	at org.apache.maven.surefire.booter.ProviderFactory.invokeProvider(ProviderFactory.java:85)
	at org.apache.maven.surefire.booter.ForkedBooter.runSuitesInProcess(ForkedBooter.java:113)
	at org.apache.maven.surefire.booter.ForkedBooter.main(ForkedBooter.java:75)
</error>
    <system-out>welcome to mifos through excel
Cell One ... key=productname
725-MS-EPP-DB-SAR-REC-NON-RNI-CTPD-SAR-MD-TR-1-EarlyRePayment
725-MS-EPP-DB-SAR-REC-NON-RNI-CTPD-SAR-MD-TR-1-EarlyRePayment
</system-out>
  </testcase>
  <testcase time="0" classname="| 725-MS-EPP-DB-SAR-REC-NON-RNI-CTPD-SAR-MD-TR-1-EarlyRePayment-Loanproduct.xlsx |" name="| 725-MS-EPP-DB-SAR-REC-NON-RNI-CTPD-SAR-MD-TR-1-EarlyRePayment-Loanproduct.xlsx |">
    <error message="Timed out after 100 seconds waiting for visibility of element located by By.selector: legend.ng-binding
Build info: version: &apos;2.29.1&apos;, revision: &apos;dfb1306b85be4934d23c123122e06e602a15e446&apos;, time: &apos;2013-01-22 12:58:05&apos;
System info: os.name: &apos;Windows Server 2012&apos;, os.arch: &apos;amd64&apos;, os.version: &apos;6.2&apos;, java.version: &apos;1.7.0_51&apos;
Driver info: driver.version: unknown" type="org.openqa.selenium.TimeoutException">org.openqa.selenium.TimeoutException: Timed out after 100 seconds waiting for visibility of element located by By.selector: legend.ng-binding
Build info: version: &apos;2.29.1&apos;, revision: &apos;dfb1306b85be4934d23c123122e06e602a15e446&apos;, time: &apos;2013-01-22 12:58:05&apos;
System info: os.name: &apos;Windows Server 2012&apos;, os.arch: &apos;amd64&apos;, os.version: &apos;6.2&apos;, java.version: &apos;1.7.0_51&apos;
Driver info: driver.version: unknown
	at org.openqa.selenium.support.ui.FluentWait.timeoutException(FluentWait.java:259)
	at org.openqa.selenium.support.ui.FluentWait.until(FluentWait.java:228)
	at com.mifos.pages.MifosWebPage.waitForElementToBeVisible(MifosWebPage.java:210)
	at com.mifos.pages.MifosWebPage.getElement(MifosWebPage.java:699)
	at com.mifos.pages.MifosWebPage.getElement(MifosWebPage.java:684)
	at com.mifos.pages.MifosWebPage.getSingleText(MifosWebPage.java:941)
	at com.mifos.pages.MifosWebPage.validateSame(MifosWebPage.java:947)
	at com.mifos.pages.MifosWebPage.verifySuccessMessage(MifosWebPage.java:1815)
	at com.mifos.pages.FrontPage.verifyProductLoanExcelSheet(FrontPage.java:472)
	at com.mifos.steps.LoanProductSteps.I_should_see_product_loan_created_successfully(LoanProductSteps.java:27)
	at ✽.Then I should see product loan created successfully(LoanMIFOS.feature:18)
Caused by: org.openqa.selenium.NoSuchElementException: no such element
  (Session info: chrome=43.0.2357.124)
  (Driver info: chromedriver=2.8.241075,platform=Windows NT 6.3 x86_64) (WARNING: The server did not provide any stacktrace information)
Command duration or timeout: 30.00 seconds
For documentation on this error, please visit: http://seleniumhq.org/exceptions/no_such_element.html
Build info: version: &apos;2.29.1&apos;, revision: &apos;dfb1306b85be4934d23c123122e06e602a15e446&apos;, time: &apos;2013-01-22 12:58:05&apos;
System info: os.name: &apos;Windows Server 2012&apos;, os.arch: &apos;amd64&apos;, os.version: &apos;6.2&apos;, java.version: &apos;1.7.0_51&apos;
Session ID: 3007b4412ea67902d1afd0b1536a217d
Driver info: org.openqa.selenium.chrome.ChromeDriver
Capabilities [{platform=XP, acceptSslCerts=true, javascriptEnabled=true, browserName=chrome, chrome={userDataDir=C:\Users\ADMINI~1\AppData\Local\Temp\2\scoped_dir808_2539}, rotatable=false, locationContextEnabled=true, version=43.0.2357.124, takesHeapSnapshot=true, cssSelectorsEnabled=true, databaseEnabled=false, handlesAlerts=true, browserConnectionEnabled=false, webStorageEnabled=true, nativeEvents=true, applicationCacheEnabled=false, takesScreenshot=true}]
	at sun.reflect.GeneratedConstructorAccessor53.newInstance(Unknown Source)
	at sun.reflect.DelegatingConstructorAccessorImpl.newInstance(DelegatingConstructorAccessorImpl.java:45)
	at java.lang.reflect.Constructor.newInstance(Constructor.java:526)
	at org.openqa.selenium.remote.ErrorHandler.createThrowable(ErrorHandler.java:187)
	at org.openqa.selenium.remote.ErrorHandler.throwIfResponseFailed(ErrorHandler.java:145)
	at org.openqa.selenium.remote.RemoteWebDriver.execute(RemoteWebDriver.java:554)
	at org.openqa.selenium.remote.RemoteWebDriver.findElement(RemoteWebDriver.java:307)
	at org.openqa.selenium.remote.RemoteWebDriver.findElementByCssSelector(RemoteWebDriver.java:396)
	at org.openqa.selenium.By$ByCssSelector.findElement(By.java:406)
	at org.openqa.selenium.remote.RemoteWebDriver.findElement(RemoteWebDriver.java:299)
	at sun.reflect.GeneratedMethodAccessor8.invoke(Unknown Source)
	at sun.reflect.DelegatingMethodAccessorImpl.invoke(DelegatingMethodAccessorImpl.java:43)
	at java.lang.reflect.Method.invoke(Method.java:606)
	at org.openqa.selenium.support.events.EventFiringWebDriver$2.invoke(EventFiringWebDriver.java:101)
	at com.sun.proxy.$Proxy16.findElement(Unknown Source)
	at org.openqa.selenium.support.events.EventFiringWebDriver.findElement(EventFiringWebDriver.java:180)
	at org.openqa.selenium.support.ui.ExpectedConditions.findElement(ExpectedConditions.java:523)
	at org.openqa.selenium.support.ui.ExpectedConditions.access$000(ExpectedConditions.java:39)
	at org.openqa.selenium.support.ui.ExpectedConditions$4.apply(ExpectedConditions.java:130)
	at org.openqa.selenium.support.ui.ExpectedConditions$4.apply(ExpectedConditions.java:126)
	at org.openqa.selenium.support.ui.FluentWait.until(FluentWait.java:208)
	at com.mifos.pages.MifosWebPage.waitForElementToBeVisible(MifosWebPage.java:210)
	at com.mifos.pages.MifosWebPage.getElement(MifosWebPage.java:699)
	at com.mifos.pages.MifosWebPage.getElement(MifosWebPage.java:684)
	at com.mifos.pages.MifosWebPage.getSingleText(MifosWebPage.java:941)
	at com.mifos.pages.MifosWebPage.validateSame(MifosWebPage.java:947)
	at com.mifos.pages.MifosWebPage.verifySuccessMessage(MifosWebPage.java:1815)
	at com.mifos.pages.FrontPage.verifyProductLoanExcelSheet(FrontPage.java:472)
	at com.mifos.steps.LoanProductSteps.I_should_see_product_loan_created_successfully(LoanProductSteps.java:27)
	at sun.reflect.NativeMethodAccessorImpl.invoke0(Native Method)
	at sun.reflect.NativeMethodAccessorImpl.invoke(NativeMethodAccessorImpl.java:57)
	at sun.reflect.DelegatingMethodAccessorImpl.invoke(DelegatingMethodAccessorImpl.java:43)
	at java.lang.reflect.Method.invoke(Method.java:606)
	at cucumber.runtime.Utils$1.call(Utils.java:44)
	at cucumber.runtime.Timeout.timeout(Timeout.java:12)
	at cucumber.runtime.Utils.invoke(Utils.java:40)
	at cucumber.runtime.java.JavaStepDefinition.execute(JavaStepDefinition.java:35)
	at cucumber.runtime.StepDefinitionMatch.runStep(StepDefinitionMatch.java:38)
	at cucumber.runtime.Runtime.runStep(Runtime.java:268)
	at cucumber.runtime.model.StepContainer.runStep(StepContainer.java:45)
	at cucumber.runtime.model.StepContainer.runSteps(StepContainer.java:40)
	at cucumber.runtime.model.CucumberScenario.run(CucumberScenario.java:36)
	at cucumber.runtime.junit.ExecutionUnitRunner.run(ExecutionUnitRunner.java:83)
	at org.junit.runners.Suite.runChild(Suite.java:127)
	at org.junit.runners.Suite.runChild(Suite.java:26)
	at org.junit.runners.ParentRunner$3.run(ParentRunner.java:238)
	at org.junit.runners.ParentRunner$1.schedule(ParentRunner.java:63)
	at org.junit.runners.ParentRunner.runChildren(ParentRunner.java:236)
	at org.junit.runners.ParentRunner.access$000(ParentRunner.java:53)
	at org.junit.runners.ParentRunner$2.evaluate(ParentRunner.java:229)
	at org.junit.runners.ParentRunner.run(ParentRunner.java:309)
	at org.junit.runners.Suite.runChild(Suite.java:127)
	at org.junit.runners.Suite.runChild(Suite.java:26)
	at org.junit.runners.ParentRunner$3.run(ParentRunner.java:238)
	at org.junit.runners.ParentRunner$1.schedule(ParentRunner.java:63)
	at org.junit.runners.ParentRunner.runChildren(ParentRunner.java:236)
	at org.junit.runners.ParentRunner.access$000(ParentRunner.java:53)
	at org.junit.runners.ParentRunner$2.evaluate(ParentRunner.java:229)
	at org.junit.runners.ParentRunner.run(ParentRunner.java:309)
	at cucumber.runtime.junit.FeatureRunner.runChild(FeatureRunner.java:63)
	at cucumber.runtime.junit.FeatureRunner.runChild(FeatureRunner.java:18)
	at org.junit.runners.ParentRunner$3.run(ParentRunner.java:238)
	at org.junit.runners.ParentRunner$1.schedule(ParentRunner.java:63)
	at org.junit.runners.ParentRunner.runChildren(ParentRunner.java:236)
	at org.junit.runners.ParentRunner.access$000(ParentRunner.java:53)
	at org.junit.runners.ParentRunner$2.evaluate(ParentRunner.java:229)
	at org.junit.runners.ParentRunner.run(ParentRunner.java:309)
	at cucumber.runtime.junit.FeatureRunner.run(FeatureRunner.java:70)
	at cucumber.api.junit.Cucumber.runChild(Cucumber.java:77)
	at cucumber.api.junit.Cucumber.runChild(Cucumber.java:37)
	at org.junit.runners.ParentRunner$3.run(ParentRunner.java:238)
	at org.junit.runners.ParentRunner$1.schedule(ParentRunner.java:63)
	at org.junit.runners.ParentRunner.runChildren(ParentRunner.java:236)
	at org.junit.runners.ParentRunner.access$000(ParentRunner.java:53)
	at org.junit.runners.ParentRunner$2.evaluate(ParentRunner.java:229)
	at org.junit.runners.ParentRunner.run(ParentRunner.java:309)
	at cucumber.api.junit.Cucumber.run(Cucumber.java:82)
	at org.apache.maven.surefire.junit4.JUnit4Provider.execute(JUnit4Provider.java:252)
	at org.apache.maven.surefire.junit4.JUnit4Provider.executeTestSet(JUnit4Provider.java:141)
	at org.apache.maven.surefire.junit4.JUnit4Provider.invoke(JUnit4Provider.java:112)
	at sun.reflect.NativeMethodAccessorImpl.invoke0(Native Method)
	at sun.reflect.NativeMethodAccessorImpl.invoke(NativeMethodAccessorImpl.java:57)
	at sun.reflect.DelegatingMethodAccessorImpl.invoke(DelegatingMethodAccessorImpl.java:43)
	at java.lang.reflect.Method.invoke(Method.java:606)
	at org.apache.maven.surefire.util.ReflectionUtils.invokeMethodWithArray(ReflectionUtils.java:189)
	at org.apache.maven.surefire.booter.ProviderFactory$ProviderProxy.invoke(ProviderFactory.java:165)
	at org.apache.maven.surefire.booter.ProviderFactory.invokeProvider(ProviderFactory.java:85)
	at org.apache.maven.surefire.booter.ForkedBooter.runSuitesInProcess(ForkedBooter.java:113)
	at org.apache.maven.surefire.booter.ForkedBooter.main(ForkedBooter.java:75)
</error>
  </testcase>
  <testcase time="0" classname="| 726-MS-EPP-DB-SAR-REC-NON-RNI-CTPD-DL-MD-TR-1-EarlyRePayment-Loanproduct.xlsx |" name="Given I navigate to mifos"/>
  <testcase time="0" classname="| 726-MS-EPP-DB-SAR-REC-NON-RNI-CTPD-DL-MD-TR-1-EarlyRePayment-Loanproduct.xlsx |" name="And I use login folder"/>
  <testcase time="0" classname="| 726-MS-EPP-DB-SAR-REC-NON-RNI-CTPD-DL-MD-TR-1-EarlyRePayment-Loanproduct.xlsx |" name="When I login into mifos site using excel sheet"/>
  <testcase time="0" classname="| 726-MS-EPP-DB-SAR-REC-NON-RNI-CTPD-DL-MD-TR-1-EarlyRePayment-Loanproduct.xlsx |" name="Then I should see logged in successfully"/>
  <testcase time="0" classname="| 726-MS-EPP-DB-SAR-REC-NON-RNI-CTPD-DL-MD-TR-1-EarlyRePayment-Loanproduct.xlsx |" name="Given I setup the product loan"/>
  <testcase time="0" classname="| 726-MS-EPP-DB-SAR-REC-NON-RNI-CTPD-DL-MD-TR-1-EarlyRePayment-Loanproduct.xlsx |" name="And I entered the values into product loan using"/>
  <testcase time="0" classname="| 726-MS-EPP-DB-SAR-REC-NON-RNI-CTPD-DL-MD-TR-1-EarlyRePayment-Loanproduct.xlsx |" name="Then I should see product loan created successfully">
    <error message="Timed out after 100 seconds waiting for visibility of element located by By.selector: legend.ng-binding
Build info: version: &apos;2.29.1&apos;, revision: &apos;dfb1306b85be4934d23c123122e06e602a15e446&apos;, time: &apos;2013-01-22 12:58:05&apos;
System info: os.name: &apos;Windows Server 2012&apos;, os.arch: &apos;amd64&apos;, os.version: &apos;6.2&apos;, java.version: &apos;1.7.0_51&apos;
Driver info: driver.version: unknown" type="org.openqa.selenium.TimeoutException">org.openqa.selenium.TimeoutException: Timed out after 100 seconds waiting for visibility of element located by By.selector: legend.ng-binding
Build info: version: &apos;2.29.1&apos;, revision: &apos;dfb1306b85be4934d23c123122e06e602a15e446&apos;, time: &apos;2013-01-22 12:58:05&apos;
System info: os.name: &apos;Windows Server 2012&apos;, os.arch: &apos;amd64&apos;, os.version: &apos;6.2&apos;, java.version: &apos;1.7.0_51&apos;
Driver info: driver.version: unknown
	at org.openqa.selenium.support.ui.FluentWait.timeoutException(FluentWait.java:259)
	at org.openqa.selenium.support.ui.FluentWait.until(FluentWait.java:228)
	at com.mifos.pages.MifosWebPage.waitForElementToBeVisible(MifosWebPage.java:210)
	at com.mifos.pages.MifosWebPage.getElement(MifosWebPage.java:699)
	at com.mifos.pages.MifosWebPage.getElement(MifosWebPage.java:684)
	at com.mifos.pages.MifosWebPage.getSingleText(MifosWebPage.java:941)
	at com.mifos.pages.MifosWebPage.validateSame(MifosWebPage.java:947)
	at com.mifos.pages.MifosWebPage.verifySuccessMessage(MifosWebPage.java:1815)
	at com.mifos.pages.FrontPage.verifyProductLoanExcelSheet(FrontPage.java:472)
	at com.mifos.steps.LoanProductSteps.I_should_see_product_loan_created_successfully(LoanProductSteps.java:27)
	at ✽.Then I should see product loan created successfully(LoanMIFOS.feature:18)
Caused by: org.openqa.selenium.NoSuchElementException: no such element
  (Session info: chrome=43.0.2357.124)
  (Driver info: chromedriver=2.8.241075,platform=Windows NT 6.3 x86_64) (WARNING: The server did not provide any stacktrace information)
Command duration or timeout: 30.00 seconds
For documentation on this error, please visit: http://seleniumhq.org/exceptions/no_such_element.html
Build info: version: &apos;2.29.1&apos;, revision: &apos;dfb1306b85be4934d23c123122e06e602a15e446&apos;, time: &apos;2013-01-22 12:58:05&apos;
System info: os.name: &apos;Windows Server 2012&apos;, os.arch: &apos;amd64&apos;, os.version: &apos;6.2&apos;, java.version: &apos;1.7.0_51&apos;
Session ID: 66f06747a63c588aed2ad29755d24636
Driver info: org.openqa.selenium.chrome.ChromeDriver
Capabilities [{platform=XP, acceptSslCerts=true, javascriptEnabled=true, browserName=chrome, chrome={userDataDir=C:\Users\ADMINI~1\AppData\Local\Temp\2\scoped_dir3940_22569}, rotatable=false, locationContextEnabled=true, version=43.0.2357.124, takesHeapSnapshot=true, cssSelectorsEnabled=true, databaseEnabled=false, handlesAlerts=true, browserConnectionEnabled=false, webStorageEnabled=true, nativeEvents=true, applicationCacheEnabled=false, takesScreenshot=true}]
	at sun.reflect.GeneratedConstructorAccessor53.newInstance(Unknown Source)
	at sun.reflect.DelegatingConstructorAccessorImpl.newInstance(DelegatingConstructorAccessorImpl.java:45)
	at java.lang.reflect.Constructor.newInstance(Constructor.java:526)
	at org.openqa.selenium.remote.ErrorHandler.createThrowable(ErrorHandler.java:187)
	at org.openqa.selenium.remote.ErrorHandler.throwIfResponseFailed(ErrorHandler.java:145)
	at org.openqa.selenium.remote.RemoteWebDriver.execute(RemoteWebDriver.java:554)
	at org.openqa.selenium.remote.RemoteWebDriver.findElement(RemoteWebDriver.java:307)
	at org.openqa.selenium.remote.RemoteWebDriver.findElementByCssSelector(RemoteWebDriver.java:396)
	at org.openqa.selenium.By$ByCssSelector.findElement(By.java:406)
	at org.openqa.selenium.remote.RemoteWebDriver.findElement(RemoteWebDriver.java:299)
	at sun.reflect.GeneratedMethodAccessor8.invoke(Unknown Source)
	at sun.reflect.DelegatingMethodAccessorImpl.invoke(DelegatingMethodAccessorImpl.java:43)
	at java.lang.reflect.Method.invoke(Method.java:606)
	at org.openqa.selenium.support.events.EventFiringWebDriver$2.invoke(EventFiringWebDriver.java:101)
	at com.sun.proxy.$Proxy16.findElement(Unknown Source)
	at org.openqa.selenium.support.events.EventFiringWebDriver.findElement(EventFiringWebDriver.java:180)
	at org.openqa.selenium.support.ui.ExpectedConditions.findElement(ExpectedConditions.java:523)
	at org.openqa.selenium.support.ui.ExpectedConditions.access$000(ExpectedConditions.java:39)
	at org.openqa.selenium.support.ui.ExpectedConditions$4.apply(ExpectedConditions.java:130)
	at org.openqa.selenium.support.ui.ExpectedConditions$4.apply(ExpectedConditions.java:126)
	at org.openqa.selenium.support.ui.FluentWait.until(FluentWait.java:208)
	at com.mifos.pages.MifosWebPage.waitForElementToBeVisible(MifosWebPage.java:210)
	at com.mifos.pages.MifosWebPage.getElement(MifosWebPage.java:699)
	at com.mifos.pages.MifosWebPage.getElement(MifosWebPage.java:684)
	at com.mifos.pages.MifosWebPage.getSingleText(MifosWebPage.java:941)
	at com.mifos.pages.MifosWebPage.validateSame(MifosWebPage.java:947)
	at com.mifos.pages.MifosWebPage.verifySuccessMessage(MifosWebPage.java:1815)
	at com.mifos.pages.FrontPage.verifyProductLoanExcelSheet(FrontPage.java:472)
	at com.mifos.steps.LoanProductSteps.I_should_see_product_loan_created_successfully(LoanProductSteps.java:27)
	at sun.reflect.NativeMethodAccessorImpl.invoke0(Native Method)
	at sun.reflect.NativeMethodAccessorImpl.invoke(NativeMethodAccessorImpl.java:57)
	at sun.reflect.DelegatingMethodAccessorImpl.invoke(DelegatingMethodAccessorImpl.java:43)
	at java.lang.reflect.Method.invoke(Method.java:606)
	at cucumber.runtime.Utils$1.call(Utils.java:44)
	at cucumber.runtime.Timeout.timeout(Timeout.java:12)
	at cucumber.runtime.Utils.invoke(Utils.java:40)
	at cucumber.runtime.java.JavaStepDefinition.execute(JavaStepDefinition.java:35)
	at cucumber.runtime.StepDefinitionMatch.runStep(StepDefinitionMatch.java:38)
	at cucumber.runtime.Runtime.runStep(Runtime.java:268)
	at cucumber.runtime.model.StepContainer.runStep(StepContainer.java:45)
	at cucumber.runtime.model.StepContainer.runSteps(StepContainer.java:40)
	at cucumber.runtime.model.CucumberScenario.run(CucumberScenario.java:36)
	at cucumber.runtime.junit.ExecutionUnitRunner.run(ExecutionUnitRunner.java:83)
	at org.junit.runners.Suite.runChild(Suite.java:127)
	at org.junit.runners.Suite.runChild(Suite.java:26)
	at org.junit.runners.ParentRunner$3.run(ParentRunner.java:238)
	at org.junit.runners.ParentRunner$1.schedule(ParentRunner.java:63)
	at org.junit.runners.ParentRunner.runChildren(ParentRunner.java:236)
	at org.junit.runners.ParentRunner.access$000(ParentRunner.java:53)
	at org.junit.runners.ParentRunner$2.evaluate(ParentRunner.java:229)
	at org.junit.runners.ParentRunner.run(ParentRunner.java:309)
	at org.junit.runners.Suite.runChild(Suite.java:127)
	at org.junit.runners.Suite.runChild(Suite.java:26)
	at org.junit.runners.ParentRunner$3.run(ParentRunner.java:238)
	at org.junit.runners.ParentRunner$1.schedule(ParentRunner.java:63)
	at org.junit.runners.ParentRunner.runChildren(ParentRunner.java:236)
	at org.junit.runners.ParentRunner.access$000(ParentRunner.java:53)
	at org.junit.runners.ParentRunner$2.evaluate(ParentRunner.java:229)
	at org.junit.runners.ParentRunner.run(ParentRunner.java:309)
	at cucumber.runtime.junit.FeatureRunner.runChild(FeatureRunner.java:63)
	at cucumber.runtime.junit.FeatureRunner.runChild(FeatureRunner.java:18)
	at org.junit.runners.ParentRunner$3.run(ParentRunner.java:238)
	at org.junit.runners.ParentRunner$1.schedule(ParentRunner.java:63)
	at org.junit.runners.ParentRunner.runChildren(ParentRunner.java:236)
	at org.junit.runners.ParentRunner.access$000(ParentRunner.java:53)
	at org.junit.runners.ParentRunner$2.evaluate(ParentRunner.java:229)
	at org.junit.runners.ParentRunner.run(ParentRunner.java:309)
	at cucumber.runtime.junit.FeatureRunner.run(FeatureRunner.java:70)
	at cucumber.api.junit.Cucumber.runChild(Cucumber.java:77)
	at cucumber.api.junit.Cucumber.runChild(Cucumber.java:37)
	at org.junit.runners.ParentRunner$3.run(ParentRunner.java:238)
	at org.junit.runners.ParentRunner$1.schedule(ParentRunner.java:63)
	at org.junit.runners.ParentRunner.runChildren(ParentRunner.java:236)
	at org.junit.runners.ParentRunner.access$000(ParentRunner.java:53)
	at org.junit.runners.ParentRunner$2.evaluate(ParentRunner.java:229)
	at org.junit.runners.ParentRunner.run(ParentRunner.java:309)
	at cucumber.api.junit.Cucumber.run(Cucumber.java:82)
	at org.apache.maven.surefire.junit4.JUnit4Provider.execute(JUnit4Provider.java:252)
	at org.apache.maven.surefire.junit4.JUnit4Provider.executeTestSet(JUnit4Provider.java:141)
	at org.apache.maven.surefire.junit4.JUnit4Provider.invoke(JUnit4Provider.java:112)
	at sun.reflect.NativeMethodAccessorImpl.invoke0(Native Method)
	at sun.reflect.NativeMethodAccessorImpl.invoke(NativeMethodAccessorImpl.java:57)
	at sun.reflect.DelegatingMethodAccessorImpl.invoke(DelegatingMethodAccessorImpl.java:43)
	at java.lang.reflect.Method.invoke(Method.java:606)
	at org.apache.maven.surefire.util.ReflectionUtils.invokeMethodWithArray(ReflectionUtils.java:189)
	at org.apache.maven.surefire.booter.ProviderFactory$ProviderProxy.invoke(ProviderFactory.java:165)
	at org.apache.maven.surefire.booter.ProviderFactory.invokeProvider(ProviderFactory.java:85)
	at org.apache.maven.surefire.booter.ForkedBooter.runSuitesInProcess(ForkedBooter.java:113)
	at org.apache.maven.surefire.booter.ForkedBooter.main(ForkedBooter.java:75)
</error>
    <system-out>welcome to mifos through excel
Cell One ... key=productname
726-MS-EPP-DB-SAR-REC-NON-RNI-CTPD-DL-MD-TR-1-EarlyRePayment
726-MS-EPP-DB-SAR-REC-NON-RNI-CTPD-DL-MD-TR-1-EarlyRePayment
</system-out>
  </testcase>
  <testcase time="0" classname="| 726-MS-EPP-DB-SAR-REC-NON-RNI-CTPD-DL-MD-TR-1-EarlyRePayment-Loanproduct.xlsx |" name="| 726-MS-EPP-DB-SAR-REC-NON-RNI-CTPD-DL-MD-TR-1-EarlyRePayment-Loanproduct.xlsx |">
    <error message="Timed out after 100 seconds waiting for visibility of element located by By.selector: legend.ng-binding
Build info: version: &apos;2.29.1&apos;, revision: &apos;dfb1306b85be4934d23c123122e06e602a15e446&apos;, time: &apos;2013-01-22 12:58:05&apos;
System info: os.name: &apos;Windows Server 2012&apos;, os.arch: &apos;amd64&apos;, os.version: &apos;6.2&apos;, java.version: &apos;1.7.0_51&apos;
Driver info: driver.version: unknown" type="org.openqa.selenium.TimeoutException">org.openqa.selenium.TimeoutException: Timed out after 100 seconds waiting for visibility of element located by By.selector: legend.ng-binding
Build info: version: &apos;2.29.1&apos;, revision: &apos;dfb1306b85be4934d23c123122e06e602a15e446&apos;, time: &apos;2013-01-22 12:58:05&apos;
System info: os.name: &apos;Windows Server 2012&apos;, os.arch: &apos;amd64&apos;, os.version: &apos;6.2&apos;, java.version: &apos;1.7.0_51&apos;
Driver info: driver.version: unknown
	at org.openqa.selenium.support.ui.FluentWait.timeoutException(FluentWait.java:259)
	at org.openqa.selenium.support.ui.FluentWait.until(FluentWait.java:228)
	at com.mifos.pages.MifosWebPage.waitForElementToBeVisible(MifosWebPage.java:210)
	at com.mifos.pages.MifosWebPage.getElement(MifosWebPage.java:699)
	at com.mifos.pages.MifosWebPage.getElement(MifosWebPage.java:684)
	at com.mifos.pages.MifosWebPage.getSingleText(MifosWebPage.java:941)
	at com.mifos.pages.MifosWebPage.validateSame(MifosWebPage.java:947)
	at com.mifos.pages.MifosWebPage.verifySuccessMessage(MifosWebPage.java:1815)
	at com.mifos.pages.FrontPage.verifyProductLoanExcelSheet(FrontPage.java:472)
	at com.mifos.steps.LoanProductSteps.I_should_see_product_loan_created_successfully(LoanProductSteps.java:27)
	at ✽.Then I should see product loan created successfully(LoanMIFOS.feature:18)
Caused by: org.openqa.selenium.NoSuchElementException: no such element
  (Session info: chrome=43.0.2357.124)
  (Driver info: chromedriver=2.8.241075,platform=Windows NT 6.3 x86_64) (WARNING: The server did not provide any stacktrace information)
Command duration or timeout: 30.00 seconds
For documentation on this error, please visit: http://seleniumhq.org/exceptions/no_such_element.html
Build info: version: &apos;2.29.1&apos;, revision: &apos;dfb1306b85be4934d23c123122e06e602a15e446&apos;, time: &apos;2013-01-22 12:58:05&apos;
System info: os.name: &apos;Windows Server 2012&apos;, os.arch: &apos;amd64&apos;, os.version: &apos;6.2&apos;, java.version: &apos;1.7.0_51&apos;
Session ID: 66f06747a63c588aed2ad29755d24636
Driver info: org.openqa.selenium.chrome.ChromeDriver
Capabilities [{platform=XP, acceptSslCerts=true, javascriptEnabled=true, browserName=chrome, chrome={userDataDir=C:\Users\ADMINI~1\AppData\Local\Temp\2\scoped_dir3940_22569}, rotatable=false, locationContextEnabled=true, version=43.0.2357.124, takesHeapSnapshot=true, cssSelectorsEnabled=true, databaseEnabled=false, handlesAlerts=true, browserConnectionEnabled=false, webStorageEnabled=true, nativeEvents=true, applicationCacheEnabled=false, takesScreenshot=true}]
	at sun.reflect.GeneratedConstructorAccessor53.newInstance(Unknown Source)
	at sun.reflect.DelegatingConstructorAccessorImpl.newInstance(DelegatingConstructorAccessorImpl.java:45)
	at java.lang.reflect.Constructor.newInstance(Constructor.java:526)
	at org.openqa.selenium.remote.ErrorHandler.createThrowable(ErrorHandler.java:187)
	at org.openqa.selenium.remote.ErrorHandler.throwIfResponseFailed(ErrorHandler.java:145)
	at org.openqa.selenium.remote.RemoteWebDriver.execute(RemoteWebDriver.java:554)
	at org.openqa.selenium.remote.RemoteWebDriver.findElement(RemoteWebDriver.java:307)
	at org.openqa.selenium.remote.RemoteWebDriver.findElementByCssSelector(RemoteWebDriver.java:396)
	at org.openqa.selenium.By$ByCssSelector.findElement(By.java:406)
	at org.openqa.selenium.remote.RemoteWebDriver.findElement(RemoteWebDriver.java:299)
	at sun.reflect.GeneratedMethodAccessor8.invoke(Unknown Source)
	at sun.reflect.DelegatingMethodAccessorImpl.invoke(DelegatingMethodAccessorImpl.java:43)
	at java.lang.reflect.Method.invoke(Method.java:606)
	at org.openqa.selenium.support.events.EventFiringWebDriver$2.invoke(EventFiringWebDriver.java:101)
	at com.sun.proxy.$Proxy16.findElement(Unknown Source)
	at org.openqa.selenium.support.events.EventFiringWebDriver.findElement(EventFiringWebDriver.java:180)
	at org.openqa.selenium.support.ui.ExpectedConditions.findElement(ExpectedConditions.java:523)
	at org.openqa.selenium.support.ui.ExpectedConditions.access$000(ExpectedConditions.java:39)
	at org.openqa.selenium.support.ui.ExpectedConditions$4.apply(ExpectedConditions.java:130)
	at org.openqa.selenium.support.ui.ExpectedConditions$4.apply(ExpectedConditions.java:126)
	at org.openqa.selenium.support.ui.FluentWait.until(FluentWait.java:208)
	at com.mifos.pages.MifosWebPage.waitForElementToBeVisible(MifosWebPage.java:210)
	at com.mifos.pages.MifosWebPage.getElement(MifosWebPage.java:699)
	at com.mifos.pages.MifosWebPage.getElement(MifosWebPage.java:684)
	at com.mifos.pages.MifosWebPage.getSingleText(MifosWebPage.java:941)
	at com.mifos.pages.MifosWebPage.validateSame(MifosWebPage.java:947)
	at com.mifos.pages.MifosWebPage.verifySuccessMessage(MifosWebPage.java:1815)
	at com.mifos.pages.FrontPage.verifyProductLoanExcelSheet(FrontPage.java:472)
	at com.mifos.steps.LoanProductSteps.I_should_see_product_loan_created_successfully(LoanProductSteps.java:27)
	at sun.reflect.NativeMethodAccessorImpl.invoke0(Native Method)
	at sun.reflect.NativeMethodAccessorImpl.invoke(NativeMethodAccessorImpl.java:57)
	at sun.reflect.DelegatingMethodAccessorImpl.invoke(DelegatingMethodAccessorImpl.java:43)
	at java.lang.reflect.Method.invoke(Method.java:606)
	at cucumber.runtime.Utils$1.call(Utils.java:44)
	at cucumber.runtime.Timeout.timeout(Timeout.java:12)
	at cucumber.runtime.Utils.invoke(Utils.java:40)
	at cucumber.runtime.java.JavaStepDefinition.execute(JavaStepDefinition.java:35)
	at cucumber.runtime.StepDefinitionMatch.runStep(StepDefinitionMatch.java:38)
	at cucumber.runtime.Runtime.runStep(Runtime.java:268)
	at cucumber.runtime.model.StepContainer.runStep(StepContainer.java:45)
	at cucumber.runtime.model.StepContainer.runSteps(StepContainer.java:40)
	at cucumber.runtime.model.CucumberScenario.run(CucumberScenario.java:36)
	at cucumber.runtime.junit.ExecutionUnitRunner.run(ExecutionUnitRunner.java:83)
	at org.junit.runners.Suite.runChild(Suite.java:127)
	at org.junit.runners.Suite.runChild(Suite.java:26)
	at org.junit.runners.ParentRunner$3.run(ParentRunner.java:238)
	at org.junit.runners.ParentRunner$1.schedule(ParentRunner.java:63)
	at org.junit.runners.ParentRunner.runChildren(ParentRunner.java:236)
	at org.junit.runners.ParentRunner.access$000(ParentRunner.java:53)
	at org.junit.runners.ParentRunner$2.evaluate(ParentRunner.java:229)
	at org.junit.runners.ParentRunner.run(ParentRunner.java:309)
	at org.junit.runners.Suite.runChild(Suite.java:127)
	at org.junit.runners.Suite.runChild(Suite.java:26)
	at org.junit.runners.ParentRunner$3.run(ParentRunner.java:238)
	at org.junit.runners.ParentRunner$1.schedule(ParentRunner.java:63)
	at org.junit.runners.ParentRunner.runChildren(ParentRunner.java:236)
	at org.junit.runners.ParentRunner.access$000(ParentRunner.java:53)
	at org.junit.runners.ParentRunner$2.evaluate(ParentRunner.java:229)
	at org.junit.runners.ParentRunner.run(ParentRunner.java:309)
	at cucumber.runtime.junit.FeatureRunner.runChild(FeatureRunner.java:63)
	at cucumber.runtime.junit.FeatureRunner.runChild(FeatureRunner.java:18)
	at org.junit.runners.ParentRunner$3.run(ParentRunner.java:238)
	at org.junit.runners.ParentRunner$1.schedule(ParentRunner.java:63)
	at org.junit.runners.ParentRunner.runChildren(ParentRunner.java:236)
	at org.junit.runners.ParentRunner.access$000(ParentRunner.java:53)
	at org.junit.runners.ParentRunner$2.evaluate(ParentRunner.java:229)
	at org.junit.runners.ParentRunner.run(ParentRunner.java:309)
	at cucumber.runtime.junit.FeatureRunner.run(FeatureRunner.java:70)
	at cucumber.api.junit.Cucumber.runChild(Cucumber.java:77)
	at cucumber.api.junit.Cucumber.runChild(Cucumber.java:37)
	at org.junit.runners.ParentRunner$3.run(ParentRunner.java:238)
	at org.junit.runners.ParentRunner$1.schedule(ParentRunner.java:63)
	at org.junit.runners.ParentRunner.runChildren(ParentRunner.java:236)
	at org.junit.runners.ParentRunner.access$000(ParentRunner.java:53)
	at org.junit.runners.ParentRunner$2.evaluate(ParentRunner.java:229)
	at org.junit.runners.ParentRunner.run(ParentRunner.java:309)
	at cucumber.api.junit.Cucumber.run(Cucumber.java:82)
	at org.apache.maven.surefire.junit4.JUnit4Provider.execute(JUnit4Provider.java:252)
	at org.apache.maven.surefire.junit4.JUnit4Provider.executeTestSet(JUnit4Provider.java:141)
	at org.apache.maven.surefire.junit4.JUnit4Provider.invoke(JUnit4Provider.java:112)
	at sun.reflect.NativeMethodAccessorImpl.invoke0(Native Method)
	at sun.reflect.NativeMethodAccessorImpl.invoke(NativeMethodAccessorImpl.java:57)
	at sun.reflect.DelegatingMethodAccessorImpl.invoke(DelegatingMethodAccessorImpl.java:43)
	at java.lang.reflect.Method.invoke(Method.java:606)
	at org.apache.maven.surefire.util.ReflectionUtils.invokeMethodWithArray(ReflectionUtils.java:189)
	at org.apache.maven.surefire.booter.ProviderFactory$ProviderProxy.invoke(ProviderFactory.java:165)
	at org.apache.maven.surefire.booter.ProviderFactory.invokeProvider(ProviderFactory.java:85)
	at org.apache.maven.surefire.booter.ForkedBooter.runSuitesInProcess(ForkedBooter.java:113)
	at org.apache.maven.surefire.booter.ForkedBooter.main(ForkedBooter.java:75)
</error>
  </testcase>
  <testcase time="0" classname="| 727-MS-EPP-DB-SAR-REC-NON-RNI-CTRFD-SAR-MD-TR-1-EarlyRePayment-Loanproduct.xlsx |" name="Given I navigate to mifos"/>
  <testcase time="0" classname="| 727-MS-EPP-DB-SAR-REC-NON-RNI-CTRFD-SAR-MD-TR-1-EarlyRePayment-Loanproduct.xlsx |" name="And I use login folder"/>
  <testcase time="0" classname="| 727-MS-EPP-DB-SAR-REC-NON-RNI-CTRFD-SAR-MD-TR-1-EarlyRePayment-Loanproduct.xlsx |" name="When I login into mifos site using excel sheet"/>
  <testcase time="0" classname="| 727-MS-EPP-DB-SAR-REC-NON-RNI-CTRFD-SAR-MD-TR-1-EarlyRePayment-Loanproduct.xlsx |" name="Then I should see logged in successfully"/>
  <testcase time="0" classname="| 727-MS-EPP-DB-SAR-REC-NON-RNI-CTRFD-SAR-MD-TR-1-EarlyRePayment-Loanproduct.xlsx |" name="Given I setup the product loan"/>
  <testcase time="0" classname="| 727-MS-EPP-DB-SAR-REC-NON-RNI-CTRFD-SAR-MD-TR-1-EarlyRePayment-Loanproduct.xlsx |" name="And I entered the values into product loan using"/>
  <testcase time="0" classname="| 727-MS-EPP-DB-SAR-REC-NON-RNI-CTRFD-SAR-MD-TR-1-EarlyRePayment-Loanproduct.xlsx |" name="Then I should see product loan created successfully">
    <error message="Timed out after 100 seconds waiting for visibility of element located by By.selector: legend.ng-binding
Build info: version: &apos;2.29.1&apos;, revision: &apos;dfb1306b85be4934d23c123122e06e602a15e446&apos;, time: &apos;2013-01-22 12:58:05&apos;
System info: os.name: &apos;Windows Server 2012&apos;, os.arch: &apos;amd64&apos;, os.version: &apos;6.2&apos;, java.version: &apos;1.7.0_51&apos;
Driver info: driver.version: unknown" type="org.openqa.selenium.TimeoutException">org.openqa.selenium.TimeoutException: Timed out after 100 seconds waiting for visibility of element located by By.selector: legend.ng-binding
Build info: version: &apos;2.29.1&apos;, revision: &apos;dfb1306b85be4934d23c123122e06e602a15e446&apos;, time: &apos;2013-01-22 12:58:05&apos;
System info: os.name: &apos;Windows Server 2012&apos;, os.arch: &apos;amd64&apos;, os.version: &apos;6.2&apos;, java.version: &apos;1.7.0_51&apos;
Driver info: driver.version: unknown
	at org.openqa.selenium.support.ui.FluentWait.timeoutException(FluentWait.java:259)
	at org.openqa.selenium.support.ui.FluentWait.until(FluentWait.java:228)
	at com.mifos.pages.MifosWebPage.waitForElementToBeVisible(MifosWebPage.java:210)
	at com.mifos.pages.MifosWebPage.getElement(MifosWebPage.java:699)
	at com.mifos.pages.MifosWebPage.getElement(MifosWebPage.java:684)
	at com.mifos.pages.MifosWebPage.getSingleText(MifosWebPage.java:941)
	at com.mifos.pages.MifosWebPage.validateSame(MifosWebPage.java:947)
	at com.mifos.pages.MifosWebPage.verifySuccessMessage(MifosWebPage.java:1815)
	at com.mifos.pages.FrontPage.verifyProductLoanExcelSheet(FrontPage.java:472)
	at com.mifos.steps.LoanProductSteps.I_should_see_product_loan_created_successfully(LoanProductSteps.java:27)
	at ✽.Then I should see product loan created successfully(LoanMIFOS.feature:18)
Caused by: org.openqa.selenium.NoSuchElementException: no such element
  (Session info: chrome=43.0.2357.124)
  (Driver info: chromedriver=2.8.241075,platform=Windows NT 6.3 x86_64) (WARNING: The server did not provide any stacktrace information)
Command duration or timeout: 30.05 seconds
For documentation on this error, please visit: http://seleniumhq.org/exceptions/no_such_element.html
Build info: version: &apos;2.29.1&apos;, revision: &apos;dfb1306b85be4934d23c123122e06e602a15e446&apos;, time: &apos;2013-01-22 12:58:05&apos;
System info: os.name: &apos;Windows Server 2012&apos;, os.arch: &apos;amd64&apos;, os.version: &apos;6.2&apos;, java.version: &apos;1.7.0_51&apos;
Session ID: 569fe700512355bd3e2f8404ddf7fd88
Driver info: org.openqa.selenium.chrome.ChromeDriver
Capabilities [{platform=XP, acceptSslCerts=true, javascriptEnabled=true, browserName=chrome, chrome={userDataDir=C:\Users\ADMINI~1\AppData\Local\Temp\2\scoped_dir4472_26764}, rotatable=false, locationContextEnabled=true, version=43.0.2357.124, takesHeapSnapshot=true, cssSelectorsEnabled=true, databaseEnabled=false, handlesAlerts=true, browserConnectionEnabled=false, webStorageEnabled=true, nativeEvents=true, applicationCacheEnabled=false, takesScreenshot=true}]
	at sun.reflect.GeneratedConstructorAccessor53.newInstance(Unknown Source)
	at sun.reflect.DelegatingConstructorAccessorImpl.newInstance(DelegatingConstructorAccessorImpl.java:45)
	at java.lang.reflect.Constructor.newInstance(Constructor.java:526)
	at org.openqa.selenium.remote.ErrorHandler.createThrowable(ErrorHandler.java:187)
	at org.openqa.selenium.remote.ErrorHandler.throwIfResponseFailed(ErrorHandler.java:145)
	at org.openqa.selenium.remote.RemoteWebDriver.execute(RemoteWebDriver.java:554)
	at org.openqa.selenium.remote.RemoteWebDriver.findElement(RemoteWebDriver.java:307)
	at org.openqa.selenium.remote.RemoteWebDriver.findElementByCssSelector(RemoteWebDriver.java:396)
	at org.openqa.selenium.By$ByCssSelector.findElement(By.java:406)
	at org.openqa.selenium.remote.RemoteWebDriver.findElement(RemoteWebDriver.java:299)
	at sun.reflect.GeneratedMethodAccessor8.invoke(Unknown Source)
	at sun.reflect.DelegatingMethodAccessorImpl.invoke(DelegatingMethodAccessorImpl.java:43)
	at java.lang.reflect.Method.invoke(Method.java:606)
	at org.openqa.selenium.support.events.EventFiringWebDriver$2.invoke(EventFiringWebDriver.java:101)
	at com.sun.proxy.$Proxy16.findElement(Unknown Source)
	at org.openqa.selenium.support.events.EventFiringWebDriver.findElement(EventFiringWebDriver.java:180)
	at org.openqa.selenium.support.ui.ExpectedConditions.findElement(ExpectedConditions.java:523)
	at org.openqa.selenium.support.ui.ExpectedConditions.access$000(ExpectedConditions.java:39)
	at org.openqa.selenium.support.ui.ExpectedConditions$4.apply(ExpectedConditions.java:130)
	at org.openqa.selenium.support.ui.ExpectedConditions$4.apply(ExpectedConditions.java:126)
	at org.openqa.selenium.support.ui.FluentWait.until(FluentWait.java:208)
	at com.mifos.pages.MifosWebPage.waitForElementToBeVisible(MifosWebPage.java:210)
	at com.mifos.pages.MifosWebPage.getElement(MifosWebPage.java:699)
	at com.mifos.pages.MifosWebPage.getElement(MifosWebPage.java:684)
	at com.mifos.pages.MifosWebPage.getSingleText(MifosWebPage.java:941)
	at com.mifos.pages.MifosWebPage.validateSame(MifosWebPage.java:947)
	at com.mifos.pages.MifosWebPage.verifySuccessMessage(MifosWebPage.java:1815)
	at com.mifos.pages.FrontPage.verifyProductLoanExcelSheet(FrontPage.java:472)
	at com.mifos.steps.LoanProductSteps.I_should_see_product_loan_created_successfully(LoanProductSteps.java:27)
	at sun.reflect.NativeMethodAccessorImpl.invoke0(Native Method)
	at sun.reflect.NativeMethodAccessorImpl.invoke(NativeMethodAccessorImpl.java:57)
	at sun.reflect.DelegatingMethodAccessorImpl.invoke(DelegatingMethodAccessorImpl.java:43)
	at java.lang.reflect.Method.invoke(Method.java:606)
	at cucumber.runtime.Utils$1.call(Utils.java:44)
	at cucumber.runtime.Timeout.timeout(Timeout.java:12)
	at cucumber.runtime.Utils.invoke(Utils.java:40)
	at cucumber.runtime.java.JavaStepDefinition.execute(JavaStepDefinition.java:35)
	at cucumber.runtime.StepDefinitionMatch.runStep(StepDefinitionMatch.java:38)
	at cucumber.runtime.Runtime.runStep(Runtime.java:268)
	at cucumber.runtime.model.StepContainer.runStep(StepContainer.java:45)
	at cucumber.runtime.model.StepContainer.runSteps(StepContainer.java:40)
	at cucumber.runtime.model.CucumberScenario.run(CucumberScenario.java:36)
	at cucumber.runtime.junit.ExecutionUnitRunner.run(ExecutionUnitRunner.java:83)
	at org.junit.runners.Suite.runChild(Suite.java:127)
	at org.junit.runners.Suite.runChild(Suite.java:26)
	at org.junit.runners.ParentRunner$3.run(ParentRunner.java:238)
	at org.junit.runners.ParentRunner$1.schedule(ParentRunner.java:63)
	at org.junit.runners.ParentRunner.runChildren(ParentRunner.java:236)
	at org.junit.runners.ParentRunner.access$000(ParentRunner.java:53)
	at org.junit.runners.ParentRunner$2.evaluate(ParentRunner.java:229)
	at org.junit.runners.ParentRunner.run(ParentRunner.java:309)
	at org.junit.runners.Suite.runChild(Suite.java:127)
	at org.junit.runners.Suite.runChild(Suite.java:26)
	at org.junit.runners.ParentRunner$3.run(ParentRunner.java:238)
	at org.junit.runners.ParentRunner$1.schedule(ParentRunner.java:63)
	at org.junit.runners.ParentRunner.runChildren(ParentRunner.java:236)
	at org.junit.runners.ParentRunner.access$000(ParentRunner.java:53)
	at org.junit.runners.ParentRunner$2.evaluate(ParentRunner.java:229)
	at org.junit.runners.ParentRunner.run(ParentRunner.java:309)
	at cucumber.runtime.junit.FeatureRunner.runChild(FeatureRunner.java:63)
	at cucumber.runtime.junit.FeatureRunner.runChild(FeatureRunner.java:18)
	at org.junit.runners.ParentRunner$3.run(ParentRunner.java:238)
	at org.junit.runners.ParentRunner$1.schedule(ParentRunner.java:63)
	at org.junit.runners.ParentRunner.runChildren(ParentRunner.java:236)
	at org.junit.runners.ParentRunner.access$000(ParentRunner.java:53)
	at org.junit.runners.ParentRunner$2.evaluate(ParentRunner.java:229)
	at org.junit.runners.ParentRunner.run(ParentRunner.java:309)
	at cucumber.runtime.junit.FeatureRunner.run(FeatureRunner.java:70)
	at cucumber.api.junit.Cucumber.runChild(Cucumber.java:77)
	at cucumber.api.junit.Cucumber.runChild(Cucumber.java:37)
	at org.junit.runners.ParentRunner$3.run(ParentRunner.java:238)
	at org.junit.runners.ParentRunner$1.schedule(ParentRunner.java:63)
	at org.junit.runners.ParentRunner.runChildren(ParentRunner.java:236)
	at org.junit.runners.ParentRunner.access$000(ParentRunner.java:53)
	at org.junit.runners.ParentRunner$2.evaluate(ParentRunner.java:229)
	at org.junit.runners.ParentRunner.run(ParentRunner.java:309)
	at cucumber.api.junit.Cucumber.run(Cucumber.java:82)
	at org.apache.maven.surefire.junit4.JUnit4Provider.execute(JUnit4Provider.java:252)
	at org.apache.maven.surefire.junit4.JUnit4Provider.executeTestSet(JUnit4Provider.java:141)
	at org.apache.maven.surefire.junit4.JUnit4Provider.invoke(JUnit4Provider.java:112)
	at sun.reflect.NativeMethodAccessorImpl.invoke0(Native Method)
	at sun.reflect.NativeMethodAccessorImpl.invoke(NativeMethodAccessorImpl.java:57)
	at sun.reflect.DelegatingMethodAccessorImpl.invoke(DelegatingMethodAccessorImpl.java:43)
	at java.lang.reflect.Method.invoke(Method.java:606)
	at org.apache.maven.surefire.util.ReflectionUtils.invokeMethodWithArray(ReflectionUtils.java:189)
	at org.apache.maven.surefire.booter.ProviderFactory$ProviderProxy.invoke(ProviderFactory.java:165)
	at org.apache.maven.surefire.booter.ProviderFactory.invokeProvider(ProviderFactory.java:85)
	at org.apache.maven.surefire.booter.ForkedBooter.runSuitesInProcess(ForkedBooter.java:113)
	at org.apache.maven.surefire.booter.ForkedBooter.main(ForkedBooter.java:75)
</error>
    <system-out>welcome to mifos through excel
Cell One ... key=productname
727-MS-EPP-DB-SAR-REC-NON-RNI-CTRFD-SAR-MD-TR-1-EarlyRePayment
727-MS-EPP-DB-SAR-REC-NON-RNI-CTRFD-SAR-MD-TR-1-EarlyRePayment
</system-out>
  </testcase>
  <testcase time="0" classname="| 727-MS-EPP-DB-SAR-REC-NON-RNI-CTRFD-SAR-MD-TR-1-EarlyRePayment-Loanproduct.xlsx |" name="| 727-MS-EPP-DB-SAR-REC-NON-RNI-CTRFD-SAR-MD-TR-1-EarlyRePayment-Loanproduct.xlsx |">
    <error message="Timed out after 100 seconds waiting for visibility of element located by By.selector: legend.ng-binding
Build info: version: &apos;2.29.1&apos;, revision: &apos;dfb1306b85be4934d23c123122e06e602a15e446&apos;, time: &apos;2013-01-22 12:58:05&apos;
System info: os.name: &apos;Windows Server 2012&apos;, os.arch: &apos;amd64&apos;, os.version: &apos;6.2&apos;, java.version: &apos;1.7.0_51&apos;
Driver info: driver.version: unknown" type="org.openqa.selenium.TimeoutException">org.openqa.selenium.TimeoutException: Timed out after 100 seconds waiting for visibility of element located by By.selector: legend.ng-binding
Build info: version: &apos;2.29.1&apos;, revision: &apos;dfb1306b85be4934d23c123122e06e602a15e446&apos;, time: &apos;2013-01-22 12:58:05&apos;
System info: os.name: &apos;Windows Server 2012&apos;, os.arch: &apos;amd64&apos;, os.version: &apos;6.2&apos;, java.version: &apos;1.7.0_51&apos;
Driver info: driver.version: unknown
	at org.openqa.selenium.support.ui.FluentWait.timeoutException(FluentWait.java:259)
	at org.openqa.selenium.support.ui.FluentWait.until(FluentWait.java:228)
	at com.mifos.pages.MifosWebPage.waitForElementToBeVisible(MifosWebPage.java:210)
	at com.mifos.pages.MifosWebPage.getElement(MifosWebPage.java:699)
	at com.mifos.pages.MifosWebPage.getElement(MifosWebPage.java:684)
	at com.mifos.pages.MifosWebPage.getSingleText(MifosWebPage.java:941)
	at com.mifos.pages.MifosWebPage.validateSame(MifosWebPage.java:947)
	at com.mifos.pages.MifosWebPage.verifySuccessMessage(MifosWebPage.java:1815)
	at com.mifos.pages.FrontPage.verifyProductLoanExcelSheet(FrontPage.java:472)
	at com.mifos.steps.LoanProductSteps.I_should_see_product_loan_created_successfully(LoanProductSteps.java:27)
	at ✽.Then I should see product loan created successfully(LoanMIFOS.feature:18)
Caused by: org.openqa.selenium.NoSuchElementException: no such element
  (Session info: chrome=43.0.2357.124)
  (Driver info: chromedriver=2.8.241075,platform=Windows NT 6.3 x86_64) (WARNING: The server did not provide any stacktrace information)
Command duration or timeout: 30.05 seconds
For documentation on this error, please visit: http://seleniumhq.org/exceptions/no_such_element.html
Build info: version: &apos;2.29.1&apos;, revision: &apos;dfb1306b85be4934d23c123122e06e602a15e446&apos;, time: &apos;2013-01-22 12:58:05&apos;
System info: os.name: &apos;Windows Server 2012&apos;, os.arch: &apos;amd64&apos;, os.version: &apos;6.2&apos;, java.version: &apos;1.7.0_51&apos;
Session ID: 569fe700512355bd3e2f8404ddf7fd88
Driver info: org.openqa.selenium.chrome.ChromeDriver
Capabilities [{platform=XP, acceptSslCerts=true, javascriptEnabled=true, browserName=chrome, chrome={userDataDir=C:\Users\ADMINI~1\AppData\Local\Temp\2\scoped_dir4472_26764}, rotatable=false, locationContextEnabled=true, version=43.0.2357.124, takesHeapSnapshot=true, cssSelectorsEnabled=true, databaseEnabled=false, handlesAlerts=true, browserConnectionEnabled=false, webStorageEnabled=true, nativeEvents=true, applicationCacheEnabled=false, takesScreenshot=true}]
	at sun.reflect.GeneratedConstructorAccessor53.newInstance(Unknown Source)
	at sun.reflect.DelegatingConstructorAccessorImpl.newInstance(DelegatingConstructorAccessorImpl.java:45)
	at java.lang.reflect.Constructor.newInstance(Constructor.java:526)
	at org.openqa.selenium.remote.ErrorHandler.createThrowable(ErrorHandler.java:187)
	at org.openqa.selenium.remote.ErrorHandler.throwIfResponseFailed(ErrorHandler.java:145)
	at org.openqa.selenium.remote.RemoteWebDriver.execute(RemoteWebDriver.java:554)
	at org.openqa.selenium.remote.RemoteWebDriver.findElement(RemoteWebDriver.java:307)
	at org.openqa.selenium.remote.RemoteWebDriver.findElementByCssSelector(RemoteWebDriver.java:396)
	at org.openqa.selenium.By$ByCssSelector.findElement(By.java:406)
	at org.openqa.selenium.remote.RemoteWebDriver.findElement(RemoteWebDriver.java:299)
	at sun.reflect.GeneratedMethodAccessor8.invoke(Unknown Source)
	at sun.reflect.DelegatingMethodAccessorImpl.invoke(DelegatingMethodAccessorImpl.java:43)
	at java.lang.reflect.Method.invoke(Method.java:606)
	at org.openqa.selenium.support.events.EventFiringWebDriver$2.invoke(EventFiringWebDriver.java:101)
	at com.sun.proxy.$Proxy16.findElement(Unknown Source)
	at org.openqa.selenium.support.events.EventFiringWebDriver.findElement(EventFiringWebDriver.java:180)
	at org.openqa.selenium.support.ui.ExpectedConditions.findElement(ExpectedConditions.java:523)
	at org.openqa.selenium.support.ui.ExpectedConditions.access$000(ExpectedConditions.java:39)
	at org.openqa.selenium.support.ui.ExpectedConditions$4.apply(ExpectedConditions.java:130)
	at org.openqa.selenium.support.ui.ExpectedConditions$4.apply(ExpectedConditions.java:126)
	at org.openqa.selenium.support.ui.FluentWait.until(FluentWait.java:208)
	at com.mifos.pages.MifosWebPage.waitForElementToBeVisible(MifosWebPage.java:210)
	at com.mifos.pages.MifosWebPage.getElement(MifosWebPage.java:699)
	at com.mifos.pages.MifosWebPage.getElement(MifosWebPage.java:684)
	at com.mifos.pages.MifosWebPage.getSingleText(MifosWebPage.java:941)
	at com.mifos.pages.MifosWebPage.validateSame(MifosWebPage.java:947)
	at com.mifos.pages.MifosWebPage.verifySuccessMessage(MifosWebPage.java:1815)
	at com.mifos.pages.FrontPage.verifyProductLoanExcelSheet(FrontPage.java:472)
	at com.mifos.steps.LoanProductSteps.I_should_see_product_loan_created_successfully(LoanProductSteps.java:27)
	at sun.reflect.NativeMethodAccessorImpl.invoke0(Native Method)
	at sun.reflect.NativeMethodAccessorImpl.invoke(NativeMethodAccessorImpl.java:57)
	at sun.reflect.DelegatingMethodAccessorImpl.invoke(DelegatingMethodAccessorImpl.java:43)
	at java.lang.reflect.Method.invoke(Method.java:606)
	at cucumber.runtime.Utils$1.call(Utils.java:44)
	at cucumber.runtime.Timeout.timeout(Timeout.java:12)
	at cucumber.runtime.Utils.invoke(Utils.java:40)
	at cucumber.runtime.java.JavaStepDefinition.execute(JavaStepDefinition.java:35)
	at cucumber.runtime.StepDefinitionMatch.runStep(StepDefinitionMatch.java:38)
	at cucumber.runtime.Runtime.runStep(Runtime.java:268)
	at cucumber.runtime.model.StepContainer.runStep(StepContainer.java:45)
	at cucumber.runtime.model.StepContainer.runSteps(StepContainer.java:40)
	at cucumber.runtime.model.CucumberScenario.run(CucumberScenario.java:36)
	at cucumber.runtime.junit.ExecutionUnitRunner.run(ExecutionUnitRunner.java:83)
	at org.junit.runners.Suite.runChild(Suite.java:127)
	at org.junit.runners.Suite.runChild(Suite.java:26)
	at org.junit.runners.ParentRunner$3.run(ParentRunner.java:238)
	at org.junit.runners.ParentRunner$1.schedule(ParentRunner.java:63)
	at org.junit.runners.ParentRunner.runChildren(ParentRunner.java:236)
	at org.junit.runners.ParentRunner.access$000(ParentRunner.java:53)
	at org.junit.runners.ParentRunner$2.evaluate(ParentRunner.java:229)
	at org.junit.runners.ParentRunner.run(ParentRunner.java:309)
	at org.junit.runners.Suite.runChild(Suite.java:127)
	at org.junit.runners.Suite.runChild(Suite.java:26)
	at org.junit.runners.ParentRunner$3.run(ParentRunner.java:238)
	at org.junit.runners.ParentRunner$1.schedule(ParentRunner.java:63)
	at org.junit.runners.ParentRunner.runChildren(ParentRunner.java:236)
	at org.junit.runners.ParentRunner.access$000(ParentRunner.java:53)
	at org.junit.runners.ParentRunner$2.evaluate(ParentRunner.java:229)
	at org.junit.runners.ParentRunner.run(ParentRunner.java:309)
	at cucumber.runtime.junit.FeatureRunner.runChild(FeatureRunner.java:63)
	at cucumber.runtime.junit.FeatureRunner.runChild(FeatureRunner.java:18)
	at org.junit.runners.ParentRunner$3.run(ParentRunner.java:238)
	at org.junit.runners.ParentRunner$1.schedule(ParentRunner.java:63)
	at org.junit.runners.ParentRunner.runChildren(ParentRunner.java:236)
	at org.junit.runners.ParentRunner.access$000(ParentRunner.java:53)
	at org.junit.runners.ParentRunner$2.evaluate(ParentRunner.java:229)
	at org.junit.runners.ParentRunner.run(ParentRunner.java:309)
	at cucumber.runtime.junit.FeatureRunner.run(FeatureRunner.java:70)
	at cucumber.api.junit.Cucumber.runChild(Cucumber.java:77)
	at cucumber.api.junit.Cucumber.runChild(Cucumber.java:37)
	at org.junit.runners.ParentRunner$3.run(ParentRunner.java:238)
	at org.junit.runners.ParentRunner$1.schedule(ParentRunner.java:63)
	at org.junit.runners.ParentRunner.runChildren(ParentRunner.java:236)
	at org.junit.runners.ParentRunner.access$000(ParentRunner.java:53)
	at org.junit.runners.ParentRunner$2.evaluate(ParentRunner.java:229)
	at org.junit.runners.ParentRunner.run(ParentRunner.java:309)
	at cucumber.api.junit.Cucumber.run(Cucumber.java:82)
	at org.apache.maven.surefire.junit4.JUnit4Provider.execute(JUnit4Provider.java:252)
	at org.apache.maven.surefire.junit4.JUnit4Provider.executeTestSet(JUnit4Provider.java:141)
	at org.apache.maven.surefire.junit4.JUnit4Provider.invoke(JUnit4Provider.java:112)
	at sun.reflect.NativeMethodAccessorImpl.invoke0(Native Method)
	at sun.reflect.NativeMethodAccessorImpl.invoke(NativeMethodAccessorImpl.java:57)
	at sun.reflect.DelegatingMethodAccessorImpl.invoke(DelegatingMethodAccessorImpl.java:43)
	at java.lang.reflect.Method.invoke(Method.java:606)
	at org.apache.maven.surefire.util.ReflectionUtils.invokeMethodWithArray(ReflectionUtils.java:189)
	at org.apache.maven.surefire.booter.ProviderFactory$ProviderProxy.invoke(ProviderFactory.java:165)
	at org.apache.maven.surefire.booter.ProviderFactory.invokeProvider(ProviderFactory.java:85)
	at org.apache.maven.surefire.booter.ForkedBooter.runSuitesInProcess(ForkedBooter.java:113)
	at org.apache.maven.surefire.booter.ForkedBooter.main(ForkedBooter.java:75)
</error>
  </testcase>
  <testcase time="0" classname="| 728-MS-EPP-DB-SAR-REC-NON-RNI-CTRFD-DL-MD-TR-1-EarlyRePaymentt-Loanproduct.xlsx |" name="Given I navigate to mifos"/>
  <testcase time="0" classname="| 728-MS-EPP-DB-SAR-REC-NON-RNI-CTRFD-DL-MD-TR-1-EarlyRePaymentt-Loanproduct.xlsx |" name="And I use login folder"/>
  <testcase time="0" classname="| 728-MS-EPP-DB-SAR-REC-NON-RNI-CTRFD-DL-MD-TR-1-EarlyRePaymentt-Loanproduct.xlsx |" name="When I login into mifos site using excel sheet"/>
  <testcase time="0" classname="| 728-MS-EPP-DB-SAR-REC-NON-RNI-CTRFD-DL-MD-TR-1-EarlyRePaymentt-Loanproduct.xlsx |" name="Then I should see logged in successfully"/>
  <testcase time="0" classname="| 728-MS-EPP-DB-SAR-REC-NON-RNI-CTRFD-DL-MD-TR-1-EarlyRePaymentt-Loanproduct.xlsx |" name="Given I setup the product loan"/>
  <testcase time="0" classname="| 728-MS-EPP-DB-SAR-REC-NON-RNI-CTRFD-DL-MD-TR-1-EarlyRePaymentt-Loanproduct.xlsx |" name="And I entered the values into product loan using"/>
  <testcase time="0" classname="| 728-MS-EPP-DB-SAR-REC-NON-RNI-CTRFD-DL-MD-TR-1-EarlyRePaymentt-Loanproduct.xlsx |" name="Then I should see product loan created successfully">
    <error message="Timed out after 100 seconds waiting for visibility of element located by By.selector: legend.ng-binding
Build info: version: &apos;2.29.1&apos;, revision: &apos;dfb1306b85be4934d23c123122e06e602a15e446&apos;, time: &apos;2013-01-22 12:58:05&apos;
System info: os.name: &apos;Windows Server 2012&apos;, os.arch: &apos;amd64&apos;, os.version: &apos;6.2&apos;, java.version: &apos;1.7.0_51&apos;
Driver info: driver.version: unknown" type="org.openqa.selenium.TimeoutException">org.openqa.selenium.TimeoutException: Timed out after 100 seconds waiting for visibility of element located by By.selector: legend.ng-binding
Build info: version: &apos;2.29.1&apos;, revision: &apos;dfb1306b85be4934d23c123122e06e602a15e446&apos;, time: &apos;2013-01-22 12:58:05&apos;
System info: os.name: &apos;Windows Server 2012&apos;, os.arch: &apos;amd64&apos;, os.version: &apos;6.2&apos;, java.version: &apos;1.7.0_51&apos;
Driver info: driver.version: unknown
	at org.openqa.selenium.support.ui.FluentWait.timeoutException(FluentWait.java:259)
	at org.openqa.selenium.support.ui.FluentWait.until(FluentWait.java:228)
	at com.mifos.pages.MifosWebPage.waitForElementToBeVisible(MifosWebPage.java:210)
	at com.mifos.pages.MifosWebPage.getElement(MifosWebPage.java:699)
	at com.mifos.pages.MifosWebPage.getElement(MifosWebPage.java:684)
	at com.mifos.pages.MifosWebPage.getSingleText(MifosWebPage.java:941)
	at com.mifos.pages.MifosWebPage.validateSame(MifosWebPage.java:947)
	at com.mifos.pages.MifosWebPage.verifySuccessMessage(MifosWebPage.java:1815)
	at com.mifos.pages.FrontPage.verifyProductLoanExcelSheet(FrontPage.java:472)
	at com.mifos.steps.LoanProductSteps.I_should_see_product_loan_created_successfully(LoanProductSteps.java:27)
	at ✽.Then I should see product loan created successfully(LoanMIFOS.feature:18)
Caused by: org.openqa.selenium.NoSuchElementException: no such element
  (Session info: chrome=43.0.2357.124)
  (Driver info: chromedriver=2.8.241075,platform=Windows NT 6.3 x86_64) (WARNING: The server did not provide any stacktrace information)
Command duration or timeout: 30.05 seconds
For documentation on this error, please visit: http://seleniumhq.org/exceptions/no_such_element.html
Build info: version: &apos;2.29.1&apos;, revision: &apos;dfb1306b85be4934d23c123122e06e602a15e446&apos;, time: &apos;2013-01-22 12:58:05&apos;
System info: os.name: &apos;Windows Server 2012&apos;, os.arch: &apos;amd64&apos;, os.version: &apos;6.2&apos;, java.version: &apos;1.7.0_51&apos;
Session ID: 29822a0a6b3add5d107bb22f206bc995
Driver info: org.openqa.selenium.chrome.ChromeDriver
Capabilities [{platform=XP, acceptSslCerts=true, javascriptEnabled=true, browserName=chrome, chrome={userDataDir=C:\Users\ADMINI~1\AppData\Local\Temp\2\scoped_dir2124_24914}, rotatable=false, locationContextEnabled=true, version=43.0.2357.124, takesHeapSnapshot=true, cssSelectorsEnabled=true, databaseEnabled=false, handlesAlerts=true, browserConnectionEnabled=false, webStorageEnabled=true, nativeEvents=true, applicationCacheEnabled=false, takesScreenshot=true}]
	at sun.reflect.GeneratedConstructorAccessor53.newInstance(Unknown Source)
	at sun.reflect.DelegatingConstructorAccessorImpl.newInstance(DelegatingConstructorAccessorImpl.java:45)
	at java.lang.reflect.Constructor.newInstance(Constructor.java:526)
	at org.openqa.selenium.remote.ErrorHandler.createThrowable(ErrorHandler.java:187)
	at org.openqa.selenium.remote.ErrorHandler.throwIfResponseFailed(ErrorHandler.java:145)
	at org.openqa.selenium.remote.RemoteWebDriver.execute(RemoteWebDriver.java:554)
	at org.openqa.selenium.remote.RemoteWebDriver.findElement(RemoteWebDriver.java:307)
	at org.openqa.selenium.remote.RemoteWebDriver.findElementByCssSelector(RemoteWebDriver.java:396)
	at org.openqa.selenium.By$ByCssSelector.findElement(By.java:406)
	at org.openqa.selenium.remote.RemoteWebDriver.findElement(RemoteWebDriver.java:299)
	at sun.reflect.GeneratedMethodAccessor8.invoke(Unknown Source)
	at sun.reflect.DelegatingMethodAccessorImpl.invoke(DelegatingMethodAccessorImpl.java:43)
	at java.lang.reflect.Method.invoke(Method.java:606)
	at org.openqa.selenium.support.events.EventFiringWebDriver$2.invoke(EventFiringWebDriver.java:101)
	at com.sun.proxy.$Proxy16.findElement(Unknown Source)
	at org.openqa.selenium.support.events.EventFiringWebDriver.findElement(EventFiringWebDriver.java:180)
	at org.openqa.selenium.support.ui.ExpectedConditions.findElement(ExpectedConditions.java:523)
	at org.openqa.selenium.support.ui.ExpectedConditions.access$000(ExpectedConditions.java:39)
	at org.openqa.selenium.support.ui.ExpectedConditions$4.apply(ExpectedConditions.java:130)
	at org.openqa.selenium.support.ui.ExpectedConditions$4.apply(ExpectedConditions.java:126)
	at org.openqa.selenium.support.ui.FluentWait.until(FluentWait.java:208)
	at com.mifos.pages.MifosWebPage.waitForElementToBeVisible(MifosWebPage.java:210)
	at com.mifos.pages.MifosWebPage.getElement(MifosWebPage.java:699)
	at com.mifos.pages.MifosWebPage.getElement(MifosWebPage.java:684)
	at com.mifos.pages.MifosWebPage.getSingleText(MifosWebPage.java:941)
	at com.mifos.pages.MifosWebPage.validateSame(MifosWebPage.java:947)
	at com.mifos.pages.MifosWebPage.verifySuccessMessage(MifosWebPage.java:1815)
	at com.mifos.pages.FrontPage.verifyProductLoanExcelSheet(FrontPage.java:472)
	at com.mifos.steps.LoanProductSteps.I_should_see_product_loan_created_successfully(LoanProductSteps.java:27)
	at sun.reflect.NativeMethodAccessorImpl.invoke0(Native Method)
	at sun.reflect.NativeMethodAccessorImpl.invoke(NativeMethodAccessorImpl.java:57)
	at sun.reflect.DelegatingMethodAccessorImpl.invoke(DelegatingMethodAccessorImpl.java:43)
	at java.lang.reflect.Method.invoke(Method.java:606)
	at cucumber.runtime.Utils$1.call(Utils.java:44)
	at cucumber.runtime.Timeout.timeout(Timeout.java:12)
	at cucumber.runtime.Utils.invoke(Utils.java:40)
	at cucumber.runtime.java.JavaStepDefinition.execute(JavaStepDefinition.java:35)
	at cucumber.runtime.StepDefinitionMatch.runStep(StepDefinitionMatch.java:38)
	at cucumber.runtime.Runtime.runStep(Runtime.java:268)
	at cucumber.runtime.model.StepContainer.runStep(StepContainer.java:45)
	at cucumber.runtime.model.StepContainer.runSteps(StepContainer.java:40)
	at cucumber.runtime.model.CucumberScenario.run(CucumberScenario.java:36)
	at cucumber.runtime.junit.ExecutionUnitRunner.run(ExecutionUnitRunner.java:83)
	at org.junit.runners.Suite.runChild(Suite.java:127)
	at org.junit.runners.Suite.runChild(Suite.java:26)
	at org.junit.runners.ParentRunner$3.run(ParentRunner.java:238)
	at org.junit.runners.ParentRunner$1.schedule(ParentRunner.java:63)
	at org.junit.runners.ParentRunner.runChildren(ParentRunner.java:236)
	at org.junit.runners.ParentRunner.access$000(ParentRunner.java:53)
	at org.junit.runners.ParentRunner$2.evaluate(ParentRunner.java:229)
	at org.junit.runners.ParentRunner.run(ParentRunner.java:309)
	at org.junit.runners.Suite.runChild(Suite.java:127)
	at org.junit.runners.Suite.runChild(Suite.java:26)
	at org.junit.runners.ParentRunner$3.run(ParentRunner.java:238)
	at org.junit.runners.ParentRunner$1.schedule(ParentRunner.java:63)
	at org.junit.runners.ParentRunner.runChildren(ParentRunner.java:236)
	at org.junit.runners.ParentRunner.access$000(ParentRunner.java:53)
	at org.junit.runners.ParentRunner$2.evaluate(ParentRunner.java:229)
	at org.junit.runners.ParentRunner.run(ParentRunner.java:309)
	at cucumber.runtime.junit.FeatureRunner.runChild(FeatureRunner.java:63)
	at cucumber.runtime.junit.FeatureRunner.runChild(FeatureRunner.java:18)
	at org.junit.runners.ParentRunner$3.run(ParentRunner.java:238)
	at org.junit.runners.ParentRunner$1.schedule(ParentRunner.java:63)
	at org.junit.runners.ParentRunner.runChildren(ParentRunner.java:236)
	at org.junit.runners.ParentRunner.access$000(ParentRunner.java:53)
	at org.junit.runners.ParentRunner$2.evaluate(ParentRunner.java:229)
	at org.junit.runners.ParentRunner.run(ParentRunner.java:309)
	at cucumber.runtime.junit.FeatureRunner.run(FeatureRunner.java:70)
	at cucumber.api.junit.Cucumber.runChild(Cucumber.java:77)
	at cucumber.api.junit.Cucumber.runChild(Cucumber.java:37)
	at org.junit.runners.ParentRunner$3.run(ParentRunner.java:238)
	at org.junit.runners.ParentRunner$1.schedule(ParentRunner.java:63)
	at org.junit.runners.ParentRunner.runChildren(ParentRunner.java:236)
	at org.junit.runners.ParentRunner.access$000(ParentRunner.java:53)
	at org.junit.runners.ParentRunner$2.evaluate(ParentRunner.java:229)
	at org.junit.runners.ParentRunner.run(ParentRunner.java:309)
	at cucumber.api.junit.Cucumber.run(Cucumber.java:82)
	at org.apache.maven.surefire.junit4.JUnit4Provider.execute(JUnit4Provider.java:252)
	at org.apache.maven.surefire.junit4.JUnit4Provider.executeTestSet(JUnit4Provider.java:141)
	at org.apache.maven.surefire.junit4.JUnit4Provider.invoke(JUnit4Provider.java:112)
	at sun.reflect.NativeMethodAccessorImpl.invoke0(Native Method)
	at sun.reflect.NativeMethodAccessorImpl.invoke(NativeMethodAccessorImpl.java:57)
	at sun.reflect.DelegatingMethodAccessorImpl.invoke(DelegatingMethodAccessorImpl.java:43)
	at java.lang.reflect.Method.invoke(Method.java:606)
	at org.apache.maven.surefire.util.ReflectionUtils.invokeMethodWithArray(ReflectionUtils.java:189)
	at org.apache.maven.surefire.booter.ProviderFactory$ProviderProxy.invoke(ProviderFactory.java:165)
	at org.apache.maven.surefire.booter.ProviderFactory.invokeProvider(ProviderFactory.java:85)
	at org.apache.maven.surefire.booter.ForkedBooter.runSuitesInProcess(ForkedBooter.java:113)
	at org.apache.maven.surefire.booter.ForkedBooter.main(ForkedBooter.java:75)
</error>
    <system-out>welcome to mifos through excel
Cell One ... key=productname
728-MS-EPP-DB-SAR-REC-NON-RNI-CTRFD-DL-MD-TR-1-EarlyRePayment
728-MS-EPP-DB-SAR-REC-NON-RNI-CTRFD-DL-MD-TR-1-EarlyRePayment
</system-out>
  </testcase>
  <testcase time="0" classname="| 728-MS-EPP-DB-SAR-REC-NON-RNI-CTRFD-DL-MD-TR-1-EarlyRePaymentt-Loanproduct.xlsx |" name="| 728-MS-EPP-DB-SAR-REC-NON-RNI-CTRFD-DL-MD-TR-1-EarlyRePaymentt-Loanproduct.xlsx |">
    <error message="Timed out after 100 seconds waiting for visibility of element located by By.selector: legend.ng-binding
Build info: version: &apos;2.29.1&apos;, revision: &apos;dfb1306b85be4934d23c123122e06e602a15e446&apos;, time: &apos;2013-01-22 12:58:05&apos;
System info: os.name: &apos;Windows Server 2012&apos;, os.arch: &apos;amd64&apos;, os.version: &apos;6.2&apos;, java.version: &apos;1.7.0_51&apos;
Driver info: driver.version: unknown" type="org.openqa.selenium.TimeoutException">org.openqa.selenium.TimeoutException: Timed out after 100 seconds waiting for visibility of element located by By.selector: legend.ng-binding
Build info: version: &apos;2.29.1&apos;, revision: &apos;dfb1306b85be4934d23c123122e06e602a15e446&apos;, time: &apos;2013-01-22 12:58:05&apos;
System info: os.name: &apos;Windows Server 2012&apos;, os.arch: &apos;amd64&apos;, os.version: &apos;6.2&apos;, java.version: &apos;1.7.0_51&apos;
Driver info: driver.version: unknown
	at org.openqa.selenium.support.ui.FluentWait.timeoutException(FluentWait.java:259)
	at org.openqa.selenium.support.ui.FluentWait.until(FluentWait.java:228)
	at com.mifos.pages.MifosWebPage.waitForElementToBeVisible(MifosWebPage.java:210)
	at com.mifos.pages.MifosWebPage.getElement(MifosWebPage.java:699)
	at com.mifos.pages.MifosWebPage.getElement(MifosWebPage.java:684)
	at com.mifos.pages.MifosWebPage.getSingleText(MifosWebPage.java:941)
	at com.mifos.pages.MifosWebPage.validateSame(MifosWebPage.java:947)
	at com.mifos.pages.MifosWebPage.verifySuccessMessage(MifosWebPage.java:1815)
	at com.mifos.pages.FrontPage.verifyProductLoanExcelSheet(FrontPage.java:472)
	at com.mifos.steps.LoanProductSteps.I_should_see_product_loan_created_successfully(LoanProductSteps.java:27)
	at ✽.Then I should see product loan created successfully(LoanMIFOS.feature:18)
Caused by: org.openqa.selenium.NoSuchElementException: no such element
  (Session info: chrome=43.0.2357.124)
  (Driver info: chromedriver=2.8.241075,platform=Windows NT 6.3 x86_64) (WARNING: The server did not provide any stacktrace information)
Command duration or timeout: 30.05 seconds
For documentation on this error, please visit: http://seleniumhq.org/exceptions/no_such_element.html
Build info: version: &apos;2.29.1&apos;, revision: &apos;dfb1306b85be4934d23c123122e06e602a15e446&apos;, time: &apos;2013-01-22 12:58:05&apos;
System info: os.name: &apos;Windows Server 2012&apos;, os.arch: &apos;amd64&apos;, os.version: &apos;6.2&apos;, java.version: &apos;1.7.0_51&apos;
Session ID: 29822a0a6b3add5d107bb22f206bc995
Driver info: org.openqa.selenium.chrome.ChromeDriver
Capabilities [{platform=XP, acceptSslCerts=true, javascriptEnabled=true, browserName=chrome, chrome={userDataDir=C:\Users\ADMINI~1\AppData\Local\Temp\2\scoped_dir2124_24914}, rotatable=false, locationContextEnabled=true, version=43.0.2357.124, takesHeapSnapshot=true, cssSelectorsEnabled=true, databaseEnabled=false, handlesAlerts=true, browserConnectionEnabled=false, webStorageEnabled=true, nativeEvents=true, applicationCacheEnabled=false, takesScreenshot=true}]
	at sun.reflect.GeneratedConstructorAccessor53.newInstance(Unknown Source)
	at sun.reflect.DelegatingConstructorAccessorImpl.newInstance(DelegatingConstructorAccessorImpl.java:45)
	at java.lang.reflect.Constructor.newInstance(Constructor.java:526)
	at org.openqa.selenium.remote.ErrorHandler.createThrowable(ErrorHandler.java:187)
	at org.openqa.selenium.remote.ErrorHandler.throwIfResponseFailed(ErrorHandler.java:145)
	at org.openqa.selenium.remote.RemoteWebDriver.execute(RemoteWebDriver.java:554)
	at org.openqa.selenium.remote.RemoteWebDriver.findElement(RemoteWebDriver.java:307)
	at org.openqa.selenium.remote.RemoteWebDriver.findElementByCssSelector(RemoteWebDriver.java:396)
	at org.openqa.selenium.By$ByCssSelector.findElement(By.java:406)
	at org.openqa.selenium.remote.RemoteWebDriver.findElement(RemoteWebDriver.java:299)
	at sun.reflect.GeneratedMethodAccessor8.invoke(Unknown Source)
	at sun.reflect.DelegatingMethodAccessorImpl.invoke(DelegatingMethodAccessorImpl.java:43)
	at java.lang.reflect.Method.invoke(Method.java:606)
	at org.openqa.selenium.support.events.EventFiringWebDriver$2.invoke(EventFiringWebDriver.java:101)
	at com.sun.proxy.$Proxy16.findElement(Unknown Source)
	at org.openqa.selenium.support.events.EventFiringWebDriver.findElement(EventFiringWebDriver.java:180)
	at org.openqa.selenium.support.ui.ExpectedConditions.findElement(ExpectedConditions.java:523)
	at org.openqa.selenium.support.ui.ExpectedConditions.access$000(ExpectedConditions.java:39)
	at org.openqa.selenium.support.ui.ExpectedConditions$4.apply(ExpectedConditions.java:130)
	at org.openqa.selenium.support.ui.ExpectedConditions$4.apply(ExpectedConditions.java:126)
	at org.openqa.selenium.support.ui.FluentWait.until(FluentWait.java:208)
	at com.mifos.pages.MifosWebPage.waitForElementToBeVisible(MifosWebPage.java:210)
	at com.mifos.pages.MifosWebPage.getElement(MifosWebPage.java:699)
	at com.mifos.pages.MifosWebPage.getElement(MifosWebPage.java:684)
	at com.mifos.pages.MifosWebPage.getSingleText(MifosWebPage.java:941)
	at com.mifos.pages.MifosWebPage.validateSame(MifosWebPage.java:947)
	at com.mifos.pages.MifosWebPage.verifySuccessMessage(MifosWebPage.java:1815)
	at com.mifos.pages.FrontPage.verifyProductLoanExcelSheet(FrontPage.java:472)
	at com.mifos.steps.LoanProductSteps.I_should_see_product_loan_created_successfully(LoanProductSteps.java:27)
	at sun.reflect.NativeMethodAccessorImpl.invoke0(Native Method)
	at sun.reflect.NativeMethodAccessorImpl.invoke(NativeMethodAccessorImpl.java:57)
	at sun.reflect.DelegatingMethodAccessorImpl.invoke(DelegatingMethodAccessorImpl.java:43)
	at java.lang.reflect.Method.invoke(Method.java:606)
	at cucumber.runtime.Utils$1.call(Utils.java:44)
	at cucumber.runtime.Timeout.timeout(Timeout.java:12)
	at cucumber.runtime.Utils.invoke(Utils.java:40)
	at cucumber.runtime.java.JavaStepDefinition.execute(JavaStepDefinition.java:35)
	at cucumber.runtime.StepDefinitionMatch.runStep(StepDefinitionMatch.java:38)
	at cucumber.runtime.Runtime.runStep(Runtime.java:268)
	at cucumber.runtime.model.StepContainer.runStep(StepContainer.java:45)
	at cucumber.runtime.model.StepContainer.runSteps(StepContainer.java:40)
	at cucumber.runtime.model.CucumberScenario.run(CucumberScenario.java:36)
	at cucumber.runtime.junit.ExecutionUnitRunner.run(ExecutionUnitRunner.java:83)
	at org.junit.runners.Suite.runChild(Suite.java:127)
	at org.junit.runners.Suite.runChild(Suite.java:26)
	at org.junit.runners.ParentRunner$3.run(ParentRunner.java:238)
	at org.junit.runners.ParentRunner$1.schedule(ParentRunner.java:63)
	at org.junit.runners.ParentRunner.runChildren(ParentRunner.java:236)
	at org.junit.runners.ParentRunner.access$000(ParentRunner.java:53)
	at org.junit.runners.ParentRunner$2.evaluate(ParentRunner.java:229)
	at org.junit.runners.ParentRunner.run(ParentRunner.java:309)
	at org.junit.runners.Suite.runChild(Suite.java:127)
	at org.junit.runners.Suite.runChild(Suite.java:26)
	at org.junit.runners.ParentRunner$3.run(ParentRunner.java:238)
	at org.junit.runners.ParentRunner$1.schedule(ParentRunner.java:63)
	at org.junit.runners.ParentRunner.runChildren(ParentRunner.java:236)
	at org.junit.runners.ParentRunner.access$000(ParentRunner.java:53)
	at org.junit.runners.ParentRunner$2.evaluate(ParentRunner.java:229)
	at org.junit.runners.ParentRunner.run(ParentRunner.java:309)
	at cucumber.runtime.junit.FeatureRunner.runChild(FeatureRunner.java:63)
	at cucumber.runtime.junit.FeatureRunner.runChild(FeatureRunner.java:18)
	at org.junit.runners.ParentRunner$3.run(ParentRunner.java:238)
	at org.junit.runners.ParentRunner$1.schedule(ParentRunner.java:63)
	at org.junit.runners.ParentRunner.runChildren(ParentRunner.java:236)
	at org.junit.runners.ParentRunner.access$000(ParentRunner.java:53)
	at org.junit.runners.ParentRunner$2.evaluate(ParentRunner.java:229)
	at org.junit.runners.ParentRunner.run(ParentRunner.java:309)
	at cucumber.runtime.junit.FeatureRunner.run(FeatureRunner.java:70)
	at cucumber.api.junit.Cucumber.runChild(Cucumber.java:77)
	at cucumber.api.junit.Cucumber.runChild(Cucumber.java:37)
	at org.junit.runners.ParentRunner$3.run(ParentRunner.java:238)
	at org.junit.runners.ParentRunner$1.schedule(ParentRunner.java:63)
	at org.junit.runners.ParentRunner.runChildren(ParentRunner.java:236)
	at org.junit.runners.ParentRunner.access$000(ParentRunner.java:53)
	at org.junit.runners.ParentRunner$2.evaluate(ParentRunner.java:229)
	at org.junit.runners.ParentRunner.run(ParentRunner.java:309)
	at cucumber.api.junit.Cucumber.run(Cucumber.java:82)
	at org.apache.maven.surefire.junit4.JUnit4Provider.execute(JUnit4Provider.java:252)
	at org.apache.maven.surefire.junit4.JUnit4Provider.executeTestSet(JUnit4Provider.java:141)
	at org.apache.maven.surefire.junit4.JUnit4Provider.invoke(JUnit4Provider.java:112)
	at sun.reflect.NativeMethodAccessorImpl.invoke0(Native Method)
	at sun.reflect.NativeMethodAccessorImpl.invoke(NativeMethodAccessorImpl.java:57)
	at sun.reflect.DelegatingMethodAccessorImpl.invoke(DelegatingMethodAccessorImpl.java:43)
	at java.lang.reflect.Method.invoke(Method.java:606)
	at org.apache.maven.surefire.util.ReflectionUtils.invokeMethodWithArray(ReflectionUtils.java:189)
	at org.apache.maven.surefire.booter.ProviderFactory$ProviderProxy.invoke(ProviderFactory.java:165)
	at org.apache.maven.surefire.booter.ProviderFactory.invokeProvider(ProviderFactory.java:85)
	at org.apache.maven.surefire.booter.ForkedBooter.runSuitesInProcess(ForkedBooter.java:113)
	at org.apache.maven.surefire.booter.ForkedBooter.main(ForkedBooter.java:75)
</error>
  </testcase>
  <testcase time="0" classname="Scenario: Loan-581-MS-EI-DB-DL-REC-NON-RNI-CTPD-SAR-MD-TR-1-EarlyRePayment" name="Given I navigate to mifos"/>
  <testcase time="0" classname="Scenario: Loan-581-MS-EI-DB-DL-REC-NON-RNI-CTPD-SAR-MD-TR-1-EarlyRePayment" name="And I use login folder"/>
  <testcase time="0" classname="Scenario: Loan-581-MS-EI-DB-DL-REC-NON-RNI-CTPD-SAR-MD-TR-1-EarlyRePayment" name="When I login into mifos site using excel sheet"/>
  <testcase time="0" classname="Scenario: Loan-581-MS-EI-DB-DL-REC-NON-RNI-CTPD-SAR-MD-TR-1-EarlyRePayment" name="Then I should see logged in successfully"/>
  <testcase time="0" classname="Scenario: Loan-581-MS-EI-DB-DL-REC-NON-RNI-CTPD-SAR-MD-TR-1-EarlyRePayment" name="Given I setup the clients"/>
  <testcase time="0" classname="Scenario: Loan-581-MS-EI-DB-DL-REC-NON-RNI-CTPD-SAR-MD-TR-1-EarlyRePayment" name="When I entered the values into client form using"/>
  <testcase time="0" classname="Scenario: Loan-581-MS-EI-DB-DL-REC-NON-RNI-CTPD-SAR-MD-TR-1-EarlyRePayment" name="Then I should see client created successfully"/>
  <testcase time="0" classname="Scenario: Loan-581-MS-EI-DB-DL-REC-NON-RNI-CTPD-SAR-MD-TR-1-EarlyRePayment" name="When I set up the new create loan"/>
  <testcase time="0" classname="Scenario: Loan-581-MS-EI-DB-DL-REC-NON-RNI-CTPD-SAR-MD-TR-1-EarlyRePayment" name="Then I verified the \&quot;Summary\&quot; details successfully"/>
  <testcase time="0" classname="Scenario: Loan-581-MS-EI-DB-DL-REC-NON-RNI-CTPD-SAR-MD-TR-1-EarlyRePayment" name="And I verified the \&quot;Repayment Schedule\&quot; details successfully"/>
  <testcase time="0" classname="Scenario: Loan-581-MS-EI-DB-DL-REC-NON-RNI-CTPD-SAR-MD-TR-1-EarlyRePayment" name="When I make repayment and verified the following tabs">
    <error type="java.lang.NullPointerException">java.lang.NullPointerException
	at com.mifos.pages.FrontPage.verifyRepaymentTabsdata(FrontPage.java:1083)
	at com.mifos.pages.FrontPage.createMakeRepayment(FrontPage.java:999)
	at com.mifos.steps.ClientSteps.I_make_repayment_and_verified_the_following_tabs(ClientSteps.java:53)
	at ✽.When I make repayment and verified the following tabs(LoanMIFOS.feature:54)
</error>
    <system-out>welcome to mifos through excel
Cell One ... key=click
Cell Two ... value=makerepayment
clickclick
Cell One ... key=transactiondate
SubmitValueBy.id: transactionDate:15 January 2015
13
</system-out>
  </testcase>
  <testcase time="0" classname="Scenario: Loan-581-MS-EI-DB-DL-REC-NON-RNI-CTPD-SAR-MD-TR-1-EarlyRePayment" name="Scenario: Loan-581-MS-EI-DB-DL-REC-NON-RNI-CTPD-SAR-MD-TR-1-EarlyRePayment">
    <error type="java.lang.NullPointerException">java.lang.NullPointerException
	at com.mifos.pages.FrontPage.verifyRepaymentTabsdata(FrontPage.java:1083)
	at com.mifos.pages.FrontPage.createMakeRepayment(FrontPage.java:999)
	at com.mifos.steps.ClientSteps.I_make_repayment_and_verified_the_following_tabs(ClientSteps.java:53)
	at ✽.When I make repayment and verified the following tabs(LoanMIFOS.feature:54)
</error>
  </testcase>
  <testcase time="0" classname="Scenario: Loan-582-MS-EI-DB-DL-REC-NON-RNI-CTPD-DL-MD-TR-1-EarlyRePayment" name="Given I navigate to mifos"/>
  <testcase time="0" classname="Scenario: Loan-582-MS-EI-DB-DL-REC-NON-RNI-CTPD-DL-MD-TR-1-EarlyRePayment" name="And I use login folder"/>
  <testcase time="0" classname="Scenario: Loan-582-MS-EI-DB-DL-REC-NON-RNI-CTPD-DL-MD-TR-1-EarlyRePayment" name="When I login into mifos site using excel sheet"/>
  <testcase time="0" classname="Scenario: Loan-582-MS-EI-DB-DL-REC-NON-RNI-CTPD-DL-MD-TR-1-EarlyRePayment" name="Then I should see logged in successfully"/>
  <testcase time="0" classname="Scenario: Loan-582-MS-EI-DB-DL-REC-NON-RNI-CTPD-DL-MD-TR-1-EarlyRePayment" name="Given I setup the clients"/>
  <testcase time="0" classname="Scenario: Loan-582-MS-EI-DB-DL-REC-NON-RNI-CTPD-DL-MD-TR-1-EarlyRePayment" name="When I entered the values into client form using"/>
  <testcase time="0" classname="Scenario: Loan-582-MS-EI-DB-DL-REC-NON-RNI-CTPD-DL-MD-TR-1-EarlyRePayment" name="Then I should see client created successfully"/>
  <testcase time="0" classname="Scenario: Loan-582-MS-EI-DB-DL-REC-NON-RNI-CTPD-DL-MD-TR-1-EarlyRePayment" name="When I set up the new create loan"/>
  <testcase time="0" classname="Scenario: Loan-582-MS-EI-DB-DL-REC-NON-RNI-CTPD-DL-MD-TR-1-EarlyRePayment" name="Then I verified the \&quot;Summary\&quot; details successfully"/>
  <testcase time="0" classname="Scenario: Loan-582-MS-EI-DB-DL-REC-NON-RNI-CTPD-DL-MD-TR-1-EarlyRePayment" name="And I verified the \&quot;Repayment Schedule\&quot; details successfully"/>
  <testcase time="0" classname="Scenario: Loan-582-MS-EI-DB-DL-REC-NON-RNI-CTPD-DL-MD-TR-1-EarlyRePayment" name="When I make repayment and verified the following tabs"/>
  <testcase time="1.25" classname="Scenario: Loan-582-MS-EI-DB-DL-REC-NON-RNI-CTPD-DL-MD-TR-1-EarlyRePayment" name="Scenario: Loan-582-MS-EI-DB-DL-REC-NON-RNI-CTPD-DL-MD-TR-1-EarlyRePayment"/>
  <testcase time="0" classname="Scenario: Loan-583-MS-EI-DB-DL-REC-NON-RNI-CTRFD-SAR-MD-TR-1-EarlyRePayment" name="Given I navigate to mifos"/>
  <testcase time="0" classname="Scenario: Loan-583-MS-EI-DB-DL-REC-NON-RNI-CTRFD-SAR-MD-TR-1-EarlyRePayment" name="And I use login folder"/>
  <testcase time="0" classname="Scenario: Loan-583-MS-EI-DB-DL-REC-NON-RNI-CTRFD-SAR-MD-TR-1-EarlyRePayment" name="When I login into mifos site using excel sheet"/>
  <testcase time="0" classname="Scenario: Loan-583-MS-EI-DB-DL-REC-NON-RNI-CTRFD-SAR-MD-TR-1-EarlyRePayment" name="Then I should see logged in successfully"/>
  <testcase time="0" classname="Scenario: Loan-583-MS-EI-DB-DL-REC-NON-RNI-CTRFD-SAR-MD-TR-1-EarlyRePayment" name="Given I setup the clients"/>
  <testcase time="0" classname="Scenario: Loan-583-MS-EI-DB-DL-REC-NON-RNI-CTRFD-SAR-MD-TR-1-EarlyRePayment" name="When I entered the values into client form using"/>
  <testcase time="0" classname="Scenario: Loan-583-MS-EI-DB-DL-REC-NON-RNI-CTRFD-SAR-MD-TR-1-EarlyRePayment" name="Then I should see client created successfully"/>
  <testcase time="0" classname="Scenario: Loan-583-MS-EI-DB-DL-REC-NON-RNI-CTRFD-SAR-MD-TR-1-EarlyRePayment" name="When I set up the new create loan"/>
  <testcase time="0" classname="Scenario: Loan-583-MS-EI-DB-DL-REC-NON-RNI-CTRFD-SAR-MD-TR-1-EarlyRePayment" name="Then I verified the \&quot;Summary\&quot; details successfully"/>
  <testcase time="0" classname="Scenario: Loan-583-MS-EI-DB-DL-REC-NON-RNI-CTRFD-SAR-MD-TR-1-EarlyRePayment" name="And I verified the \&quot;Repayment Schedule\&quot; details successfully"/>
  <testcase time="0" classname="Scenario: Loan-583-MS-EI-DB-DL-REC-NON-RNI-CTRFD-SAR-MD-TR-1-EarlyRePayment" name="When I make repayment and verified the following tabs"/>
  <testcase time="1.281" classname="Scenario: Loan-583-MS-EI-DB-DL-REC-NON-RNI-CTRFD-SAR-MD-TR-1-EarlyRePayment" name="Scenario: Loan-583-MS-EI-DB-DL-REC-NON-RNI-CTRFD-SAR-MD-TR-1-EarlyRePayment"/>
  <testcase time="0" classname="Scenario: Loan-584-MS-EI-DB-DL-REC-NON-RNI-CTRFD-DL-MD-TR-1-EarlyRePayment" name="Given I navigate to mifos"/>
  <testcase time="0" classname="Scenario: Loan-584-MS-EI-DB-DL-REC-NON-RNI-CTRFD-DL-MD-TR-1-EarlyRePayment" name="And I use login folder"/>
  <testcase time="0" classname="Scenario: Loan-584-MS-EI-DB-DL-REC-NON-RNI-CTRFD-DL-MD-TR-1-EarlyRePayment" name="When I login into mifos site using excel sheet"/>
  <testcase time="0" classname="Scenario: Loan-584-MS-EI-DB-DL-REC-NON-RNI-CTRFD-DL-MD-TR-1-EarlyRePayment" name="Then I should see logged in successfully"/>
  <testcase time="0" classname="Scenario: Loan-584-MS-EI-DB-DL-REC-NON-RNI-CTRFD-DL-MD-TR-1-EarlyRePayment" name="Given I setup the clients"/>
  <testcase time="0" classname="Scenario: Loan-584-MS-EI-DB-DL-REC-NON-RNI-CTRFD-DL-MD-TR-1-EarlyRePayment" name="When I entered the values into client form using"/>
  <testcase time="0" classname="Scenario: Loan-584-MS-EI-DB-DL-REC-NON-RNI-CTRFD-DL-MD-TR-1-EarlyRePayment" name="Then I should see client created successfully"/>
  <testcase time="0" classname="Scenario: Loan-584-MS-EI-DB-DL-REC-NON-RNI-CTRFD-DL-MD-TR-1-EarlyRePayment" name="When I set up the new create loan"/>
  <testcase time="0" classname="Scenario: Loan-584-MS-EI-DB-DL-REC-NON-RNI-CTRFD-DL-MD-TR-1-EarlyRePayment" name="Then I verified the \&quot;Summary\&quot; details successfully"/>
  <testcase time="0" classname="Scenario: Loan-584-MS-EI-DB-DL-REC-NON-RNI-CTRFD-DL-MD-TR-1-EarlyRePayment" name="And I verified the \&quot;Repayment Schedule\&quot; details successfully"/>
  <testcase time="0" classname="Scenario: Loan-584-MS-EI-DB-DL-REC-NON-RNI-CTRFD-DL-MD-TR-1-EarlyRePayment" name="When I make repayment and verified the following tabs">
    <failure message="Tab Name:Repayment Schedule Row number:2 Column number:3 Expected result:15 January 2015 Actual result:" type="java.lang.AssertionError">java.lang.AssertionError: Tab Name:Repayment Schedule Row number:2 Column number:3 Expected result:15 January 2015 Actual result:
	at org.junit.Assert.fail(Assert.java:88)
	at com.mifos.pages.FrontPage.verifyRepaymentTabsdata(FrontPage.java:1121)
	at com.mifos.pages.FrontPage.createMakeRepayment(FrontPage.java:999)
	at com.mifos.steps.ClientSteps.I_make_repayment_and_verified_the_following_tabs(ClientSteps.java:53)
	at ✽.When I make repayment and verified the following tabs(LoanMIFOS.feature:105)
</failure>
    <system-out>welcome to mifos through excel
Cell One ... key=click
Cell Two ... value=makerepayment
clickclick
Cell One ... key=transactiondate
SubmitValueBy.id: transactionDate:15 January 2015
13
01 January 2015 10,000 0 0 0
16
1 31 01 February 2015 887.72 9,112.28 96.96 0 0 984.68 887.72 887.72 0 96.96
16
</system-out>
  </testcase>
  <testcase time="0" classname="Scenario: Loan-584-MS-EI-DB-DL-REC-NON-RNI-CTRFD-DL-MD-TR-1-EarlyRePayment" name="Scenario: Loan-584-MS-EI-DB-DL-REC-NON-RNI-CTRFD-DL-MD-TR-1-EarlyRePayment">
    <failure message="Tab Name:Repayment Schedule Row number:2 Column number:3 Expected result:15 January 2015 Actual result:" type="java.lang.AssertionError">java.lang.AssertionError: Tab Name:Repayment Schedule Row number:2 Column number:3 Expected result:15 January 2015 Actual result:
	at org.junit.Assert.fail(Assert.java:88)
	at com.mifos.pages.FrontPage.verifyRepaymentTabsdata(FrontPage.java:1121)
	at com.mifos.pages.FrontPage.createMakeRepayment(FrontPage.java:999)
	at com.mifos.steps.ClientSteps.I_make_repayment_and_verified_the_following_tabs(ClientSteps.java:53)
	at ✽.When I make repayment and verified the following tabs(LoanMIFOS.feature:105)
</failure>
  </testcase>
  <testcase time="0" classname="Scenario: Loan-629-MS-EI-DB-SAR-REC-NON-RNI-CTPD-SAR-MD-TR-1-EarlyRePayment" name="Given I navigate to mifos"/>
  <testcase time="0" classname="Scenario: Loan-629-MS-EI-DB-SAR-REC-NON-RNI-CTPD-SAR-MD-TR-1-EarlyRePayment" name="And I use login folder"/>
  <testcase time="0" classname="Scenario: Loan-629-MS-EI-DB-SAR-REC-NON-RNI-CTPD-SAR-MD-TR-1-EarlyRePayment" name="When I login into mifos site using excel sheet"/>
  <testcase time="0" classname="Scenario: Loan-629-MS-EI-DB-SAR-REC-NON-RNI-CTPD-SAR-MD-TR-1-EarlyRePayment" name="Then I should see logged in successfully"/>
  <testcase time="0" classname="Scenario: Loan-629-MS-EI-DB-SAR-REC-NON-RNI-CTPD-SAR-MD-TR-1-EarlyRePayment" name="Given I setup the clients"/>
  <testcase time="0" classname="Scenario: Loan-629-MS-EI-DB-SAR-REC-NON-RNI-CTPD-SAR-MD-TR-1-EarlyRePayment" name="When I entered the values into client form using"/>
  <testcase time="0" classname="Scenario: Loan-629-MS-EI-DB-SAR-REC-NON-RNI-CTPD-SAR-MD-TR-1-EarlyRePayment" name="Then I should see client created successfully"/>
  <testcase time="0" classname="Scenario: Loan-629-MS-EI-DB-SAR-REC-NON-RNI-CTPD-SAR-MD-TR-1-EarlyRePayment" name="When I set up the new create loan"/>
  <testcase time="0" classname="Scenario: Loan-629-MS-EI-DB-SAR-REC-NON-RNI-CTPD-SAR-MD-TR-1-EarlyRePayment" name="Then I verified the \&quot;Summary\&quot; details successfully"/>
  <testcase time="0" classname="Scenario: Loan-629-MS-EI-DB-SAR-REC-NON-RNI-CTPD-SAR-MD-TR-1-EarlyRePayment" name="And I verified the \&quot;Repayment Schedule\&quot; details successfully"/>
  <testcase time="0" classname="Scenario: Loan-629-MS-EI-DB-SAR-REC-NON-RNI-CTPD-SAR-MD-TR-1-EarlyRePayment" name="When I make repayment and verified the following tabs"/>
  <testcase time="1.281" classname="Scenario: Loan-629-MS-EI-DB-SAR-REC-NON-RNI-CTPD-SAR-MD-TR-1-EarlyRePayment" name="Scenario: Loan-629-MS-EI-DB-SAR-REC-NON-RNI-CTPD-SAR-MD-TR-1-EarlyRePayment"/>
  <testcase time="0" classname="Scenario: Loan-630-MS-EI-DB-SAR-REC-NON-RNI-CTPD-DL-MD-TR-1-EarlyRePayment" name="Given I navigate to mifos"/>
  <testcase time="0" classname="Scenario: Loan-630-MS-EI-DB-SAR-REC-NON-RNI-CTPD-DL-MD-TR-1-EarlyRePayment" name="And I use login folder"/>
  <testcase time="0" classname="Scenario: Loan-630-MS-EI-DB-SAR-REC-NON-RNI-CTPD-DL-MD-TR-1-EarlyRePayment" name="When I login into mifos site using excel sheet"/>
  <testcase time="0" classname="Scenario: Loan-630-MS-EI-DB-SAR-REC-NON-RNI-CTPD-DL-MD-TR-1-EarlyRePayment" name="Then I should see logged in successfully"/>
  <testcase time="0" classname="Scenario: Loan-630-MS-EI-DB-SAR-REC-NON-RNI-CTPD-DL-MD-TR-1-EarlyRePayment" name="Given I setup the clients"/>
  <testcase time="0" classname="Scenario: Loan-630-MS-EI-DB-SAR-REC-NON-RNI-CTPD-DL-MD-TR-1-EarlyRePayment" name="When I entered the values into client form using"/>
  <testcase time="0" classname="Scenario: Loan-630-MS-EI-DB-SAR-REC-NON-RNI-CTPD-DL-MD-TR-1-EarlyRePayment" name="Then I should see client created successfully"/>
  <testcase time="0" classname="Scenario: Loan-630-MS-EI-DB-SAR-REC-NON-RNI-CTPD-DL-MD-TR-1-EarlyRePayment" name="When I set up the new create loan"/>
  <testcase time="0" classname="Scenario: Loan-630-MS-EI-DB-SAR-REC-NON-RNI-CTPD-DL-MD-TR-1-EarlyRePayment" name="Then I verified the \&quot;Summary\&quot; details successfully"/>
  <testcase time="0" classname="Scenario: Loan-630-MS-EI-DB-SAR-REC-NON-RNI-CTPD-DL-MD-TR-1-EarlyRePayment" name="And I verified the \&quot;Repayment Schedule\&quot; details successfully"/>
  <testcase time="0" classname="Scenario: Loan-630-MS-EI-DB-SAR-REC-NON-RNI-CTPD-DL-MD-TR-1-EarlyRePayment" name="When I make repayment and verified the following tabs">
    <failure message="Tab Name:Repayment Schedule Row number:2 Column number:3 Expected result:15 January 2015 Actual result:" type="java.lang.AssertionError">java.lang.AssertionError: Tab Name:Repayment Schedule Row number:2 Column number:3 Expected result:15 January 2015 Actual result:
	at org.junit.Assert.fail(Assert.java:88)
	at com.mifos.pages.FrontPage.verifyRepaymentTabsdata(FrontPage.java:1121)
	at com.mifos.pages.FrontPage.createMakeRepayment(FrontPage.java:999)
	at com.mifos.steps.ClientSteps.I_make_repayment_and_verified_the_following_tabs(ClientSteps.java:53)
	at ✽.When I make repayment and verified the following tabs(LoanMIFOS.feature:139)
</failure>
    <system-out>welcome to mifos through excel
Cell One ... key=click
Cell Two ... value=makerepayment
clickclick
Cell One ... key=transactiondate
SubmitValueBy.id: transactionDate:15 January 2015
13
01 January 2015 10,000 0 0 0
16
1 31 01 February 2015 888.49 9,111.51 95.13 0 0 983.62 888.49 888.49 0 95.13
16
</system-out>
  </testcase>
  <testcase time="0" classname="Scenario: Loan-630-MS-EI-DB-SAR-REC-NON-RNI-CTPD-DL-MD-TR-1-EarlyRePayment" name="Scenario: Loan-630-MS-EI-DB-SAR-REC-NON-RNI-CTPD-DL-MD-TR-1-EarlyRePayment">
    <failure message="Tab Name:Repayment Schedule Row number:2 Column number:3 Expected result:15 January 2015 Actual result:" type="java.lang.AssertionError">java.lang.AssertionError: Tab Name:Repayment Schedule Row number:2 Column number:3 Expected result:15 January 2015 Actual result:
	at org.junit.Assert.fail(Assert.java:88)
	at com.mifos.pages.FrontPage.verifyRepaymentTabsdata(FrontPage.java:1121)
	at com.mifos.pages.FrontPage.createMakeRepayment(FrontPage.java:999)
	at com.mifos.steps.ClientSteps.I_make_repayment_and_verified_the_following_tabs(ClientSteps.java:53)
	at ✽.When I make repayment and verified the following tabs(LoanMIFOS.feature:139)
</failure>
  </testcase>
  <testcase time="0" classname="Scenario: Loan-631-MS-EI-DB-SAR-REC-NON-RNI-CTRFD-SAR-MD-TR-1-EarlyRePayment" name="Given I navigate to mifos"/>
  <testcase time="0" classname="Scenario: Loan-631-MS-EI-DB-SAR-REC-NON-RNI-CTRFD-SAR-MD-TR-1-EarlyRePayment" name="And I use login folder"/>
  <testcase time="0" classname="Scenario: Loan-631-MS-EI-DB-SAR-REC-NON-RNI-CTRFD-SAR-MD-TR-1-EarlyRePayment" name="When I login into mifos site using excel sheet"/>
  <testcase time="0" classname="Scenario: Loan-631-MS-EI-DB-SAR-REC-NON-RNI-CTRFD-SAR-MD-TR-1-EarlyRePayment" name="Then I should see logged in successfully"/>
  <testcase time="0" classname="Scenario: Loan-631-MS-EI-DB-SAR-REC-NON-RNI-CTRFD-SAR-MD-TR-1-EarlyRePayment" name="Given I setup the clients"/>
  <testcase time="0" classname="Scenario: Loan-631-MS-EI-DB-SAR-REC-NON-RNI-CTRFD-SAR-MD-TR-1-EarlyRePayment" name="When I entered the values into client form using"/>
  <testcase time="0" classname="Scenario: Loan-631-MS-EI-DB-SAR-REC-NON-RNI-CTRFD-SAR-MD-TR-1-EarlyRePayment" name="Then I should see client created successfully"/>
  <testcase time="0" classname="Scenario: Loan-631-MS-EI-DB-SAR-REC-NON-RNI-CTRFD-SAR-MD-TR-1-EarlyRePayment" name="When I set up the new create loan"/>
  <testcase time="0" classname="Scenario: Loan-631-MS-EI-DB-SAR-REC-NON-RNI-CTRFD-SAR-MD-TR-1-EarlyRePayment" name="Then I verified the \&quot;Summary\&quot; details successfully"/>
  <testcase time="0" classname="Scenario: Loan-631-MS-EI-DB-SAR-REC-NON-RNI-CTRFD-SAR-MD-TR-1-EarlyRePayment" name="And I verified the \&quot;Repayment Schedule\&quot; details successfully"/>
  <testcase time="0" classname="Scenario: Loan-631-MS-EI-DB-SAR-REC-NON-RNI-CTRFD-SAR-MD-TR-1-EarlyRePayment" name="When I make repayment and verified the following tabs"/>
  <testcase time="1.297" classname="Scenario: Loan-631-MS-EI-DB-SAR-REC-NON-RNI-CTRFD-SAR-MD-TR-1-EarlyRePayment" name="Scenario: Loan-631-MS-EI-DB-SAR-REC-NON-RNI-CTRFD-SAR-MD-TR-1-EarlyRePayment"/>
  <testcase time="0" classname="Scenario: Loan-632-MS-EI-DB-SAR-REC-NON-RNI-CTRFD-DL-MD-TR-1-EarlyRePayment" name="Given I navigate to mifos"/>
  <testcase time="0" classname="Scenario: Loan-632-MS-EI-DB-SAR-REC-NON-RNI-CTRFD-DL-MD-TR-1-EarlyRePayment" name="And I use login folder"/>
  <testcase time="0" classname="Scenario: Loan-632-MS-EI-DB-SAR-REC-NON-RNI-CTRFD-DL-MD-TR-1-EarlyRePayment" name="When I login into mifos site using excel sheet"/>
  <testcase time="0" classname="Scenario: Loan-632-MS-EI-DB-SAR-REC-NON-RNI-CTRFD-DL-MD-TR-1-EarlyRePayment" name="Then I should see logged in successfully"/>
  <testcase time="0" classname="Scenario: Loan-632-MS-EI-DB-SAR-REC-NON-RNI-CTRFD-DL-MD-TR-1-EarlyRePayment" name="Given I setup the clients"/>
  <testcase time="0" classname="Scenario: Loan-632-MS-EI-DB-SAR-REC-NON-RNI-CTRFD-DL-MD-TR-1-EarlyRePayment" name="When I entered the values into client form using"/>
  <testcase time="0" classname="Scenario: Loan-632-MS-EI-DB-SAR-REC-NON-RNI-CTRFD-DL-MD-TR-1-EarlyRePayment" name="Then I should see client created successfully"/>
  <testcase time="0" classname="Scenario: Loan-632-MS-EI-DB-SAR-REC-NON-RNI-CTRFD-DL-MD-TR-1-EarlyRePayment" name="When I set up the new create loan"/>
  <testcase time="0" classname="Scenario: Loan-632-MS-EI-DB-SAR-REC-NON-RNI-CTRFD-DL-MD-TR-1-EarlyRePayment" name="Then I verified the \&quot;Summary\&quot; details successfully"/>
  <testcase time="0" classname="Scenario: Loan-632-MS-EI-DB-SAR-REC-NON-RNI-CTRFD-DL-MD-TR-1-EarlyRePayment" name="And I verified the \&quot;Repayment Schedule\&quot; details successfully"/>
  <testcase time="0" classname="Scenario: Loan-632-MS-EI-DB-SAR-REC-NON-RNI-CTRFD-DL-MD-TR-1-EarlyRePayment" name="When I make repayment and verified the following tabs">
    <failure message="Tab Name:Repayment Schedule Row number:2 Column number:3 Expected result:15 January 2015 Actual result:" type="java.lang.AssertionError">java.lang.AssertionError: Tab Name:Repayment Schedule Row number:2 Column number:3 Expected result:15 January 2015 Actual result:
	at org.junit.Assert.fail(Assert.java:88)
	at com.mifos.pages.FrontPage.verifyRepaymentTabsdata(FrontPage.java:1121)
	at com.mifos.pages.FrontPage.createMakeRepayment(FrontPage.java:999)
	at com.mifos.steps.ClientSteps.I_make_repayment_and_verified_the_following_tabs(ClientSteps.java:53)
	at ✽.When I make repayment and verified the following tabs(LoanMIFOS.feature:173)
</failure>
    <system-out>welcome to mifos through excel
Cell One ... key=click
Cell Two ... value=makerepayment
clickclick
Cell One ... key=transactiondate
SubmitValueBy.id: transactionDate:15 January 2015
13
01 January 2015 10,000 0 0 0
16
1 31 01 February 2015 888.49 9,111.51 95.13 0 0 983.62 888.49 888.49 0 95.13
16
</system-out>
  </testcase>
  <testcase time="0" classname="Scenario: Loan-632-MS-EI-DB-SAR-REC-NON-RNI-CTRFD-DL-MD-TR-1-EarlyRePayment" name="Scenario: Loan-632-MS-EI-DB-SAR-REC-NON-RNI-CTRFD-DL-MD-TR-1-EarlyRePayment">
    <failure message="Tab Name:Repayment Schedule Row number:2 Column number:3 Expected result:15 January 2015 Actual result:" type="java.lang.AssertionError">java.lang.AssertionError: Tab Name:Repayment Schedule Row number:2 Column number:3 Expected result:15 January 2015 Actual result:
	at org.junit.Assert.fail(Assert.java:88)
	at com.mifos.pages.FrontPage.verifyRepaymentTabsdata(FrontPage.java:1121)
	at com.mifos.pages.FrontPage.createMakeRepayment(FrontPage.java:999)
	at com.mifos.steps.ClientSteps.I_make_repayment_and_verified_the_following_tabs(ClientSteps.java:53)
	at ✽.When I make repayment and verified the following tabs(LoanMIFOS.feature:173)
</failure>
  </testcase>
  <testcase time="0" classname="Scenario: Loan-677-MS-EPP-DB-DL-REC-NON-RNI-CTPD-SAR-MD-TR-1-EarlyRePaymentt" name="Given I navigate to mifos"/>
  <testcase time="0" classname="Scenario: Loan-677-MS-EPP-DB-DL-REC-NON-RNI-CTPD-SAR-MD-TR-1-EarlyRePaymentt" name="And I use login folder"/>
  <testcase time="0" classname="Scenario: Loan-677-MS-EPP-DB-DL-REC-NON-RNI-CTPD-SAR-MD-TR-1-EarlyRePaymentt" name="When I login into mifos site using excel sheet"/>
  <testcase time="0" classname="Scenario: Loan-677-MS-EPP-DB-DL-REC-NON-RNI-CTPD-SAR-MD-TR-1-EarlyRePaymentt" name="Then I should see logged in successfully"/>
  <testcase time="0" classname="Scenario: Loan-677-MS-EPP-DB-DL-REC-NON-RNI-CTPD-SAR-MD-TR-1-EarlyRePaymentt" name="Given I setup the clients"/>
  <testcase time="0" classname="Scenario: Loan-677-MS-EPP-DB-DL-REC-NON-RNI-CTPD-SAR-MD-TR-1-EarlyRePaymentt" name="When I entered the values into client form using"/>
  <testcase time="0" classname="Scenario: Loan-677-MS-EPP-DB-DL-REC-NON-RNI-CTPD-SAR-MD-TR-1-EarlyRePaymentt" name="Then I should see client created successfully"/>
  <testcase time="0" classname="Scenario: Loan-677-MS-EPP-DB-DL-REC-NON-RNI-CTPD-SAR-MD-TR-1-EarlyRePaymentt" name="When I set up the new create loan"/>
  <testcase time="0" classname="Scenario: Loan-677-MS-EPP-DB-DL-REC-NON-RNI-CTPD-SAR-MD-TR-1-EarlyRePaymentt" name="Then I verified the \&quot;Summary\&quot; details successfully"/>
  <testcase time="0" classname="Scenario: Loan-677-MS-EPP-DB-DL-REC-NON-RNI-CTPD-SAR-MD-TR-1-EarlyRePaymentt" name="And I verified the \&quot;Repayment Schedule\&quot; details successfully"/>
  <testcase time="0" classname="Scenario: Loan-677-MS-EPP-DB-DL-REC-NON-RNI-CTPD-SAR-MD-TR-1-EarlyRePaymentt" name="When I make repayment and verified the following tabs"/>
  <testcase time="1.261" classname="Scenario: Loan-677-MS-EPP-DB-DL-REC-NON-RNI-CTPD-SAR-MD-TR-1-EarlyRePaymentt" name="Scenario: Loan-677-MS-EPP-DB-DL-REC-NON-RNI-CTPD-SAR-MD-TR-1-EarlyRePaymentt"/>
  <testcase time="0" classname="Scenario: Loan-678-MS-EPP-DB-DL-REC-NON-RNI-CTPD-DL-MD-TR-1-EarlyRePayment" name="Given I navigate to mifos"/>
  <testcase time="0" classname="Scenario: Loan-678-MS-EPP-DB-DL-REC-NON-RNI-CTPD-DL-MD-TR-1-EarlyRePayment" name="And I use login folder"/>
  <testcase time="0" classname="Scenario: Loan-678-MS-EPP-DB-DL-REC-NON-RNI-CTPD-DL-MD-TR-1-EarlyRePayment" name="When I login into mifos site using excel sheet"/>
  <testcase time="0" classname="Scenario: Loan-678-MS-EPP-DB-DL-REC-NON-RNI-CTPD-DL-MD-TR-1-EarlyRePayment" name="Then I should see logged in successfully"/>
  <testcase time="0" classname="Scenario: Loan-678-MS-EPP-DB-DL-REC-NON-RNI-CTPD-DL-MD-TR-1-EarlyRePayment" name="Given I setup the clients"/>
  <testcase time="0" classname="Scenario: Loan-678-MS-EPP-DB-DL-REC-NON-RNI-CTPD-DL-MD-TR-1-EarlyRePayment" name="When I entered the values into client form using"/>
  <testcase time="0" classname="Scenario: Loan-678-MS-EPP-DB-DL-REC-NON-RNI-CTPD-DL-MD-TR-1-EarlyRePayment" name="Then I should see client created successfully"/>
  <testcase time="0" classname="Scenario: Loan-678-MS-EPP-DB-DL-REC-NON-RNI-CTPD-DL-MD-TR-1-EarlyRePayment" name="When I set up the new create loan"/>
  <testcase time="0" classname="Scenario: Loan-678-MS-EPP-DB-DL-REC-NON-RNI-CTPD-DL-MD-TR-1-EarlyRePayment" name="Then I verified the \&quot;Summary\&quot; details successfully"/>
  <testcase time="0" classname="Scenario: Loan-678-MS-EPP-DB-DL-REC-NON-RNI-CTPD-DL-MD-TR-1-EarlyRePayment" name="And I verified the \&quot;Repayment Schedule\&quot; details successfully"/>
  <testcase time="0" classname="Scenario: Loan-678-MS-EPP-DB-DL-REC-NON-RNI-CTPD-DL-MD-TR-1-EarlyRePayment" name="When I make repayment and verified the following tabs">
    <error message="no such element
  (Session info: chrome=43.0.2357.124)
  (Driver info: chromedriver=2.8.241075,platform=Windows NT 6.3 x86_64) (WARNING: The server did not provide any stacktrace information)
Command duration or timeout: 30.02 seconds
For documentation on this error, please visit: http://seleniumhq.org/exceptions/no_such_element.html
Build info: version: &apos;2.29.1&apos;, revision: &apos;dfb1306b85be4934d23c123122e06e602a15e446&apos;, time: &apos;2013-01-22 12:58:05&apos;
System info: os.name: &apos;Windows Server 2012&apos;, os.arch: &apos;amd64&apos;, os.version: &apos;6.2&apos;, java.version: &apos;1.7.0_51&apos;
Session ID: 838629a9edea1de78d990b53bb7e8780
Driver info: org.openqa.selenium.chrome.ChromeDriver
Capabilities [{platform=XP, acceptSslCerts=true, javascriptEnabled=true, browserName=chrome, chrome={userDataDir=C:\Users\ADMINI~1\AppData\Local\Temp\2\scoped_dir3396_28335}, rotatable=false, locationContextEnabled=true, version=43.0.2357.124, takesHeapSnapshot=true, cssSelectorsEnabled=true, databaseEnabled=false, handlesAlerts=true, browserConnectionEnabled=false, webStorageEnabled=true, nativeEvents=true, applicationCacheEnabled=false, takesScreenshot=true}]" type="org.openqa.selenium.NoSuchElementException">org.openqa.selenium.NoSuchElementException: no such element
  (Session info: chrome=43.0.2357.124)
  (Driver info: chromedriver=2.8.241075,platform=Windows NT 6.3 x86_64) (WARNING: The server did not provide any stacktrace information)
Command duration or timeout: 30.02 seconds
For documentation on this error, please visit: http://seleniumhq.org/exceptions/no_such_element.html
Build info: version: &apos;2.29.1&apos;, revision: &apos;dfb1306b85be4934d23c123122e06e602a15e446&apos;, time: &apos;2013-01-22 12:58:05&apos;
System info: os.name: &apos;Windows Server 2012&apos;, os.arch: &apos;amd64&apos;, os.version: &apos;6.2&apos;, java.version: &apos;1.7.0_51&apos;
Session ID: 838629a9edea1de78d990b53bb7e8780
Driver info: org.openqa.selenium.chrome.ChromeDriver
Capabilities [{platform=XP, acceptSslCerts=true, javascriptEnabled=true, browserName=chrome, chrome={userDataDir=C:\Users\ADMINI~1\AppData\Local\Temp\2\scoped_dir3396_28335}, rotatable=false, locationContextEnabled=true, version=43.0.2357.124, takesHeapSnapshot=true, cssSelectorsEnabled=true, databaseEnabled=false, handlesAlerts=true, browserConnectionEnabled=false, webStorageEnabled=true, nativeEvents=true, applicationCacheEnabled=false, takesScreenshot=true}]
	at sun.reflect.GeneratedConstructorAccessor53.newInstance(Unknown Source)
	at sun.reflect.DelegatingConstructorAccessorImpl.newInstance(DelegatingConstructorAccessorImpl.java:45)
	at java.lang.reflect.Constructor.newInstance(Constructor.java:526)
	at org.openqa.selenium.remote.ErrorHandler.createThrowable(ErrorHandler.java:187)
	at org.openqa.selenium.remote.ErrorHandler.throwIfResponseFailed(ErrorHandler.java:145)
	at org.openqa.selenium.remote.RemoteWebDriver.execute(RemoteWebDriver.java:554)
	at org.openqa.selenium.remote.RemoteWebDriver.findElement(RemoteWebDriver.java:307)
	at org.openqa.selenium.remote.RemoteWebDriver.findElementByXPath(RemoteWebDriver.java:404)
	at org.openqa.selenium.By$ByXPath.findElement(By.java:344)
	at org.openqa.selenium.remote.RemoteWebDriver.findElement(RemoteWebDriver.java:299)
	at sun.reflect.GeneratedMethodAccessor8.invoke(Unknown Source)
	at sun.reflect.DelegatingMethodAccessorImpl.invoke(DelegatingMethodAccessorImpl.java:43)
	at java.lang.reflect.Method.invoke(Method.java:606)
	at org.openqa.selenium.support.events.EventFiringWebDriver$2.invoke(EventFiringWebDriver.java:101)
	at com.sun.proxy.$Proxy16.findElement(Unknown Source)
	at org.openqa.selenium.support.events.EventFiringWebDriver.findElement(EventFiringWebDriver.java:180)
	at com.mifos.pages.FrontPage.verifyRepaymentTabsdata(FrontPage.java:1073)
	at com.mifos.pages.FrontPage.createMakeRepayment(FrontPage.java:999)
	at com.mifos.steps.ClientSteps.I_make_repayment_and_verified_the_following_tabs(ClientSteps.java:53)
	at ✽.When I make repayment and verified the following tabs(LoanMIFOS.feature:207)
</error>
    <system-out>welcome to mifos through excel
Cell One ... key=click
Cell Two ... value=makerepayment
clickclick
Cell One ... key=transactiondate
SubmitValueBy.id: transactionDate:15 January 2015
</system-out>
  </testcase>
  <testcase time="0" classname="Scenario: Loan-678-MS-EPP-DB-DL-REC-NON-RNI-CTPD-DL-MD-TR-1-EarlyRePayment" name="Scenario: Loan-678-MS-EPP-DB-DL-REC-NON-RNI-CTPD-DL-MD-TR-1-EarlyRePayment">
    <error message="no such element
  (Session info: chrome=43.0.2357.124)
  (Driver info: chromedriver=2.8.241075,platform=Windows NT 6.3 x86_64) (WARNING: The server did not provide any stacktrace information)
Command duration or timeout: 30.02 seconds
For documentation on this error, please visit: http://seleniumhq.org/exceptions/no_such_element.html
Build info: version: &apos;2.29.1&apos;, revision: &apos;dfb1306b85be4934d23c123122e06e602a15e446&apos;, time: &apos;2013-01-22 12:58:05&apos;
System info: os.name: &apos;Windows Server 2012&apos;, os.arch: &apos;amd64&apos;, os.version: &apos;6.2&apos;, java.version: &apos;1.7.0_51&apos;
Session ID: 838629a9edea1de78d990b53bb7e8780
Driver info: org.openqa.selenium.chrome.ChromeDriver
Capabilities [{platform=XP, acceptSslCerts=true, javascriptEnabled=true, browserName=chrome, chrome={userDataDir=C:\Users\ADMINI~1\AppData\Local\Temp\2\scoped_dir3396_28335}, rotatable=false, locationContextEnabled=true, version=43.0.2357.124, takesHeapSnapshot=true, cssSelectorsEnabled=true, databaseEnabled=false, handlesAlerts=true, browserConnectionEnabled=false, webStorageEnabled=true, nativeEvents=true, applicationCacheEnabled=false, takesScreenshot=true}]" type="org.openqa.selenium.NoSuchElementException">org.openqa.selenium.NoSuchElementException: no such element
  (Session info: chrome=43.0.2357.124)
  (Driver info: chromedriver=2.8.241075,platform=Windows NT 6.3 x86_64) (WARNING: The server did not provide any stacktrace information)
Command duration or timeout: 30.02 seconds
For documentation on this error, please visit: http://seleniumhq.org/exceptions/no_such_element.html
Build info: version: &apos;2.29.1&apos;, revision: &apos;dfb1306b85be4934d23c123122e06e602a15e446&apos;, time: &apos;2013-01-22 12:58:05&apos;
System info: os.name: &apos;Windows Server 2012&apos;, os.arch: &apos;amd64&apos;, os.version: &apos;6.2&apos;, java.version: &apos;1.7.0_51&apos;
Session ID: 838629a9edea1de78d990b53bb7e8780
Driver info: org.openqa.selenium.chrome.ChromeDriver
Capabilities [{platform=XP, acceptSslCerts=true, javascriptEnabled=true, browserName=chrome, chrome={userDataDir=C:\Users\ADMINI~1\AppData\Local\Temp\2\scoped_dir3396_28335}, rotatable=false, locationContextEnabled=true, version=43.0.2357.124, takesHeapSnapshot=true, cssSelectorsEnabled=true, databaseEnabled=false, handlesAlerts=true, browserConnectionEnabled=false, webStorageEnabled=true, nativeEvents=true, applicationCacheEnabled=false, takesScreenshot=true}]
	at sun.reflect.GeneratedConstructorAccessor53.newInstance(Unknown Source)
	at sun.reflect.DelegatingConstructorAccessorImpl.newInstance(DelegatingConstructorAccessorImpl.java:45)
	at java.lang.reflect.Constructor.newInstance(Constructor.java:526)
	at org.openqa.selenium.remote.ErrorHandler.createThrowable(ErrorHandler.java:187)
	at org.openqa.selenium.remote.ErrorHandler.throwIfResponseFailed(ErrorHandler.java:145)
	at org.openqa.selenium.remote.RemoteWebDriver.execute(RemoteWebDriver.java:554)
	at org.openqa.selenium.remote.RemoteWebDriver.findElement(RemoteWebDriver.java:307)
	at org.openqa.selenium.remote.RemoteWebDriver.findElementByXPath(RemoteWebDriver.java:404)
	at org.openqa.selenium.By$ByXPath.findElement(By.java:344)
	at org.openqa.selenium.remote.RemoteWebDriver.findElement(RemoteWebDriver.java:299)
	at sun.reflect.GeneratedMethodAccessor8.invoke(Unknown Source)
	at sun.reflect.DelegatingMethodAccessorImpl.invoke(DelegatingMethodAccessorImpl.java:43)
	at java.lang.reflect.Method.invoke(Method.java:606)
	at org.openqa.selenium.support.events.EventFiringWebDriver$2.invoke(EventFiringWebDriver.java:101)
	at com.sun.proxy.$Proxy16.findElement(Unknown Source)
	at org.openqa.selenium.support.events.EventFiringWebDriver.findElement(EventFiringWebDriver.java:180)
	at com.mifos.pages.FrontPage.verifyRepaymentTabsdata(FrontPage.java:1073)
	at com.mifos.pages.FrontPage.createMakeRepayment(FrontPage.java:999)
	at com.mifos.steps.ClientSteps.I_make_repayment_and_verified_the_following_tabs(ClientSteps.java:53)
	at ✽.When I make repayment and verified the following tabs(LoanMIFOS.feature:207)
</error>
  </testcase>
  <testcase time="0" classname="Scenario: Loan-679-MS-EPP-DB-DL-REC-NON-RNI-CTRFD-SAR-MD-TR-1-EarlyRePayment" name="Given I navigate to mifos"/>
  <testcase time="0" classname="Scenario: Loan-679-MS-EPP-DB-DL-REC-NON-RNI-CTRFD-SAR-MD-TR-1-EarlyRePayment" name="And I use login folder"/>
  <testcase time="0" classname="Scenario: Loan-679-MS-EPP-DB-DL-REC-NON-RNI-CTRFD-SAR-MD-TR-1-EarlyRePayment" name="When I login into mifos site using excel sheet"/>
  <testcase time="0" classname="Scenario: Loan-679-MS-EPP-DB-DL-REC-NON-RNI-CTRFD-SAR-MD-TR-1-EarlyRePayment" name="Then I should see logged in successfully"/>
  <testcase time="0" classname="Scenario: Loan-679-MS-EPP-DB-DL-REC-NON-RNI-CTRFD-SAR-MD-TR-1-EarlyRePayment" name="Given I setup the clients"/>
  <testcase time="0" classname="Scenario: Loan-679-MS-EPP-DB-DL-REC-NON-RNI-CTRFD-SAR-MD-TR-1-EarlyRePayment" name="When I entered the values into client form using"/>
  <testcase time="0" classname="Scenario: Loan-679-MS-EPP-DB-DL-REC-NON-RNI-CTRFD-SAR-MD-TR-1-EarlyRePayment" name="Then I should see client created successfully"/>
  <testcase time="0" classname="Scenario: Loan-679-MS-EPP-DB-DL-REC-NON-RNI-CTRFD-SAR-MD-TR-1-EarlyRePayment" name="When I set up the new create loan"/>
  <testcase time="0" classname="Scenario: Loan-679-MS-EPP-DB-DL-REC-NON-RNI-CTRFD-SAR-MD-TR-1-EarlyRePayment" name="Then I verified the \&quot;Summary\&quot; details successfully"/>
  <testcase time="0" classname="Scenario: Loan-679-MS-EPP-DB-DL-REC-NON-RNI-CTRFD-SAR-MD-TR-1-EarlyRePayment" name="And I verified the \&quot;Repayment Schedule\&quot; details successfully"/>
  <testcase time="0" classname="Scenario: Loan-679-MS-EPP-DB-DL-REC-NON-RNI-CTRFD-SAR-MD-TR-1-EarlyRePayment" name="When I make repayment and verified the following tabs">
    <error type="java.lang.NullPointerException">java.lang.NullPointerException
	at com.mifos.pages.FrontPage.verifyRepaymentTabsdata(FrontPage.java:1083)
	at com.mifos.pages.FrontPage.createMakeRepayment(FrontPage.java:999)
	at com.mifos.steps.ClientSteps.I_make_repayment_and_verified_the_following_tabs(ClientSteps.java:53)
	at ✽.When I make repayment and verified the following tabs(LoanMIFOS.feature:224)
</error>
    <system-out>welcome to mifos through excel
Cell One ... key=click
Cell Two ... value=makerepayment
clickclick
Cell One ... key=transactiondate
SubmitValueBy.id: transactionDate:15 January 2015
13
</system-out>
  </testcase>
  <testcase time="0" classname="Scenario: Loan-679-MS-EPP-DB-DL-REC-NON-RNI-CTRFD-SAR-MD-TR-1-EarlyRePayment" name="Scenario: Loan-679-MS-EPP-DB-DL-REC-NON-RNI-CTRFD-SAR-MD-TR-1-EarlyRePayment">
    <error type="java.lang.NullPointerException">java.lang.NullPointerException
	at com.mifos.pages.FrontPage.verifyRepaymentTabsdata(FrontPage.java:1083)
	at com.mifos.pages.FrontPage.createMakeRepayment(FrontPage.java:999)
	at com.mifos.steps.ClientSteps.I_make_repayment_and_verified_the_following_tabs(ClientSteps.java:53)
	at ✽.When I make repayment and verified the following tabs(LoanMIFOS.feature:224)
</error>
  </testcase>
  <testcase time="0" classname="Scenario: Loan-680-MS-EPP-DB-DL-REC-NON-RNI-CTRFD-DL-MD-TR-1-EarlyRePayment" name="Given I navigate to mifos"/>
  <testcase time="0" classname="Scenario: Loan-680-MS-EPP-DB-DL-REC-NON-RNI-CTRFD-DL-MD-TR-1-EarlyRePayment" name="And I use login folder"/>
  <testcase time="0" classname="Scenario: Loan-680-MS-EPP-DB-DL-REC-NON-RNI-CTRFD-DL-MD-TR-1-EarlyRePayment" name="When I login into mifos site using excel sheet"/>
  <testcase time="0" classname="Scenario: Loan-680-MS-EPP-DB-DL-REC-NON-RNI-CTRFD-DL-MD-TR-1-EarlyRePayment" name="Then I should see logged in successfully"/>
  <testcase time="0" classname="Scenario: Loan-680-MS-EPP-DB-DL-REC-NON-RNI-CTRFD-DL-MD-TR-1-EarlyRePayment" name="Given I setup the clients"/>
  <testcase time="0" classname="Scenario: Loan-680-MS-EPP-DB-DL-REC-NON-RNI-CTRFD-DL-MD-TR-1-EarlyRePayment" name="When I entered the values into client form using"/>
  <testcase time="0" classname="Scenario: Loan-680-MS-EPP-DB-DL-REC-NON-RNI-CTRFD-DL-MD-TR-1-EarlyRePayment" name="Then I should see client created successfully"/>
  <testcase time="0" classname="Scenario: Loan-680-MS-EPP-DB-DL-REC-NON-RNI-CTRFD-DL-MD-TR-1-EarlyRePayment" name="When I set up the new create loan"/>
  <testcase time="0" classname="Scenario: Loan-680-MS-EPP-DB-DL-REC-NON-RNI-CTRFD-DL-MD-TR-1-EarlyRePayment" name="Then I verified the \&quot;Summary\&quot; details successfully"/>
  <testcase time="0" classname="Scenario: Loan-680-MS-EPP-DB-DL-REC-NON-RNI-CTRFD-DL-MD-TR-1-EarlyRePayment" name="And I verified the \&quot;Repayment Schedule\&quot; details successfully"/>
  <testcase time="0" classname="Scenario: Loan-680-MS-EPP-DB-DL-REC-NON-RNI-CTRFD-DL-MD-TR-1-EarlyRePayment" name="When I make repayment and verified the following tabs">
    <error message="no such element
  (Session info: chrome=43.0.2357.124)
  (Driver info: chromedriver=2.8.241075,platform=Windows NT 6.3 x86_64) (WARNING: The server did not provide any stacktrace information)
Command duration or timeout: 30.05 seconds
For documentation on this error, please visit: http://seleniumhq.org/exceptions/no_such_element.html
Build info: version: &apos;2.29.1&apos;, revision: &apos;dfb1306b85be4934d23c123122e06e602a15e446&apos;, time: &apos;2013-01-22 12:58:05&apos;
System info: os.name: &apos;Windows Server 2012&apos;, os.arch: &apos;amd64&apos;, os.version: &apos;6.2&apos;, java.version: &apos;1.7.0_51&apos;
Session ID: 305164f3ed7b9f0c296b48de691f4b73
Driver info: org.openqa.selenium.chrome.ChromeDriver
Capabilities [{platform=XP, acceptSslCerts=true, javascriptEnabled=true, browserName=chrome, chrome={userDataDir=C:\Users\ADMINI~1\AppData\Local\Temp\2\scoped_dir2364_8157}, rotatable=false, locationContextEnabled=true, version=43.0.2357.124, takesHeapSnapshot=true, cssSelectorsEnabled=true, databaseEnabled=false, handlesAlerts=true, browserConnectionEnabled=false, webStorageEnabled=true, nativeEvents=true, applicationCacheEnabled=false, takesScreenshot=true}]" type="org.openqa.selenium.NoSuchElementException">org.openqa.selenium.NoSuchElementException: no such element
  (Session info: chrome=43.0.2357.124)
  (Driver info: chromedriver=2.8.241075,platform=Windows NT 6.3 x86_64) (WARNING: The server did not provide any stacktrace information)
Command duration or timeout: 30.05 seconds
For documentation on this error, please visit: http://seleniumhq.org/exceptions/no_such_element.html
Build info: version: &apos;2.29.1&apos;, revision: &apos;dfb1306b85be4934d23c123122e06e602a15e446&apos;, time: &apos;2013-01-22 12:58:05&apos;
System info: os.name: &apos;Windows Server 2012&apos;, os.arch: &apos;amd64&apos;, os.version: &apos;6.2&apos;, java.version: &apos;1.7.0_51&apos;
Session ID: 305164f3ed7b9f0c296b48de691f4b73
Driver info: org.openqa.selenium.chrome.ChromeDriver
Capabilities [{platform=XP, acceptSslCerts=true, javascriptEnabled=true, browserName=chrome, chrome={userDataDir=C:\Users\ADMINI~1\AppData\Local\Temp\2\scoped_dir2364_8157}, rotatable=false, locationContextEnabled=true, version=43.0.2357.124, takesHeapSnapshot=true, cssSelectorsEnabled=true, databaseEnabled=false, handlesAlerts=true, browserConnectionEnabled=false, webStorageEnabled=true, nativeEvents=true, applicationCacheEnabled=false, takesScreenshot=true}]
	at sun.reflect.GeneratedConstructorAccessor53.newInstance(Unknown Source)
	at sun.reflect.DelegatingConstructorAccessorImpl.newInstance(DelegatingConstructorAccessorImpl.java:45)
	at java.lang.reflect.Constructor.newInstance(Constructor.java:526)
	at org.openqa.selenium.remote.ErrorHandler.createThrowable(ErrorHandler.java:187)
	at org.openqa.selenium.remote.ErrorHandler.throwIfResponseFailed(ErrorHandler.java:145)
	at org.openqa.selenium.remote.RemoteWebDriver.execute(RemoteWebDriver.java:554)
	at org.openqa.selenium.remote.RemoteWebDriver.findElement(RemoteWebDriver.java:307)
	at org.openqa.selenium.remote.RemoteWebDriver.findElementByXPath(RemoteWebDriver.java:404)
	at org.openqa.selenium.By$ByXPath.findElement(By.java:344)
	at org.openqa.selenium.remote.RemoteWebDriver.findElement(RemoteWebDriver.java:299)
	at sun.reflect.GeneratedMethodAccessor8.invoke(Unknown Source)
	at sun.reflect.DelegatingMethodAccessorImpl.invoke(DelegatingMethodAccessorImpl.java:43)
	at java.lang.reflect.Method.invoke(Method.java:606)
	at org.openqa.selenium.support.events.EventFiringWebDriver$2.invoke(EventFiringWebDriver.java:101)
	at com.sun.proxy.$Proxy16.findElement(Unknown Source)
	at org.openqa.selenium.support.events.EventFiringWebDriver.findElement(EventFiringWebDriver.java:180)
	at com.mifos.pages.FrontPage.verifyRepaymentTabsdata(FrontPage.java:1073)
	at com.mifos.pages.FrontPage.createMakeRepayment(FrontPage.java:999)
	at com.mifos.steps.ClientSteps.I_make_repayment_and_verified_the_following_tabs(ClientSteps.java:53)
	at ✽.When I make repayment and verified the following tabs(LoanMIFOS.feature:241)
</error>
    <system-out>welcome to mifos through excel
Cell One ... key=click
Cell Two ... value=makerepayment
clickclick
Cell One ... key=transactiondate
SubmitValueBy.id: transactionDate:15 January 2015
</system-out>
  </testcase>
  <testcase time="0" classname="Scenario: Loan-680-MS-EPP-DB-DL-REC-NON-RNI-CTRFD-DL-MD-TR-1-EarlyRePayment" name="Scenario: Loan-680-MS-EPP-DB-DL-REC-NON-RNI-CTRFD-DL-MD-TR-1-EarlyRePayment">
    <error message="no such element
  (Session info: chrome=43.0.2357.124)
  (Driver info: chromedriver=2.8.241075,platform=Windows NT 6.3 x86_64) (WARNING: The server did not provide any stacktrace information)
Command duration or timeout: 30.05 seconds
For documentation on this error, please visit: http://seleniumhq.org/exceptions/no_such_element.html
Build info: version: &apos;2.29.1&apos;, revision: &apos;dfb1306b85be4934d23c123122e06e602a15e446&apos;, time: &apos;2013-01-22 12:58:05&apos;
System info: os.name: &apos;Windows Server 2012&apos;, os.arch: &apos;amd64&apos;, os.version: &apos;6.2&apos;, java.version: &apos;1.7.0_51&apos;
Session ID: 305164f3ed7b9f0c296b48de691f4b73
Driver info: org.openqa.selenium.chrome.ChromeDriver
Capabilities [{platform=XP, acceptSslCerts=true, javascriptEnabled=true, browserName=chrome, chrome={userDataDir=C:\Users\ADMINI~1\AppData\Local\Temp\2\scoped_dir2364_8157}, rotatable=false, locationContextEnabled=true, version=43.0.2357.124, takesHeapSnapshot=true, cssSelectorsEnabled=true, databaseEnabled=false, handlesAlerts=true, browserConnectionEnabled=false, webStorageEnabled=true, nativeEvents=true, applicationCacheEnabled=false, takesScreenshot=true}]" type="org.openqa.selenium.NoSuchElementException">org.openqa.selenium.NoSuchElementException: no such element
  (Session info: chrome=43.0.2357.124)
  (Driver info: chromedriver=2.8.241075,platform=Windows NT 6.3 x86_64) (WARNING: The server did not provide any stacktrace information)
Command duration or timeout: 30.05 seconds
For documentation on this error, please visit: http://seleniumhq.org/exceptions/no_such_element.html
Build info: version: &apos;2.29.1&apos;, revision: &apos;dfb1306b85be4934d23c123122e06e602a15e446&apos;, time: &apos;2013-01-22 12:58:05&apos;
System info: os.name: &apos;Windows Server 2012&apos;, os.arch: &apos;amd64&apos;, os.version: &apos;6.2&apos;, java.version: &apos;1.7.0_51&apos;
Session ID: 305164f3ed7b9f0c296b48de691f4b73
Driver info: org.openqa.selenium.chrome.ChromeDriver
Capabilities [{platform=XP, acceptSslCerts=true, javascriptEnabled=true, browserName=chrome, chrome={userDataDir=C:\Users\ADMINI~1\AppData\Local\Temp\2\scoped_dir2364_8157}, rotatable=false, locationContextEnabled=true, version=43.0.2357.124, takesHeapSnapshot=true, cssSelectorsEnabled=true, databaseEnabled=false, handlesAlerts=true, browserConnectionEnabled=false, webStorageEnabled=true, nativeEvents=true, applicationCacheEnabled=false, takesScreenshot=true}]
	at sun.reflect.GeneratedConstructorAccessor53.newInstance(Unknown Source)
	at sun.reflect.DelegatingConstructorAccessorImpl.newInstance(DelegatingConstructorAccessorImpl.java:45)
	at java.lang.reflect.Constructor.newInstance(Constructor.java:526)
	at org.openqa.selenium.remote.ErrorHandler.createThrowable(ErrorHandler.java:187)
	at org.openqa.selenium.remote.ErrorHandler.throwIfResponseFailed(ErrorHandler.java:145)
	at org.openqa.selenium.remote.RemoteWebDriver.execute(RemoteWebDriver.java:554)
	at org.openqa.selenium.remote.RemoteWebDriver.findElement(RemoteWebDriver.java:307)
	at org.openqa.selenium.remote.RemoteWebDriver.findElementByXPath(RemoteWebDriver.java:404)
	at org.openqa.selenium.By$ByXPath.findElement(By.java:344)
	at org.openqa.selenium.remote.RemoteWebDriver.findElement(RemoteWebDriver.java:299)
	at sun.reflect.GeneratedMethodAccessor8.invoke(Unknown Source)
	at sun.reflect.DelegatingMethodAccessorImpl.invoke(DelegatingMethodAccessorImpl.java:43)
	at java.lang.reflect.Method.invoke(Method.java:606)
	at org.openqa.selenium.support.events.EventFiringWebDriver$2.invoke(EventFiringWebDriver.java:101)
	at com.sun.proxy.$Proxy16.findElement(Unknown Source)
	at org.openqa.selenium.support.events.EventFiringWebDriver.findElement(EventFiringWebDriver.java:180)
	at com.mifos.pages.FrontPage.verifyRepaymentTabsdata(FrontPage.java:1073)
	at com.mifos.pages.FrontPage.createMakeRepayment(FrontPage.java:999)
	at com.mifos.steps.ClientSteps.I_make_repayment_and_verified_the_following_tabs(ClientSteps.java:53)
	at ✽.When I make repayment and verified the following tabs(LoanMIFOS.feature:241)
</error>
  </testcase>
  <testcase time="0" classname="Scenario: Loan-725-MS-EPP-DB-SAR-REC-NON-RNI-CTPD-SAR-MD-TR-1-EarlyRePayment" name="Given I navigate to mifos"/>
  <testcase time="0" classname="Scenario: Loan-725-MS-EPP-DB-SAR-REC-NON-RNI-CTPD-SAR-MD-TR-1-EarlyRePayment" name="And I use login folder"/>
  <testcase time="0" classname="Scenario: Loan-725-MS-EPP-DB-SAR-REC-NON-RNI-CTPD-SAR-MD-TR-1-EarlyRePayment" name="When I login into mifos site using excel sheet"/>
  <testcase time="0" classname="Scenario: Loan-725-MS-EPP-DB-SAR-REC-NON-RNI-CTPD-SAR-MD-TR-1-EarlyRePayment" name="Then I should see logged in successfully"/>
  <testcase time="0" classname="Scenario: Loan-725-MS-EPP-DB-SAR-REC-NON-RNI-CTPD-SAR-MD-TR-1-EarlyRePayment" name="Given I setup the clients"/>
  <testcase time="0" classname="Scenario: Loan-725-MS-EPP-DB-SAR-REC-NON-RNI-CTPD-SAR-MD-TR-1-EarlyRePayment" name="When I entered the values into client form using"/>
  <testcase time="0" classname="Scenario: Loan-725-MS-EPP-DB-SAR-REC-NON-RNI-CTPD-SAR-MD-TR-1-EarlyRePayment" name="Then I should see client created successfully"/>
  <testcase time="0" classname="Scenario: Loan-725-MS-EPP-DB-SAR-REC-NON-RNI-CTPD-SAR-MD-TR-1-EarlyRePayment" name="When I set up the new create loan"/>
  <testcase time="0" classname="Scenario: Loan-725-MS-EPP-DB-SAR-REC-NON-RNI-CTPD-SAR-MD-TR-1-EarlyRePayment" name="Then I verified the \&quot;Summary\&quot; details successfully"/>
  <testcase time="0" classname="Scenario: Loan-725-MS-EPP-DB-SAR-REC-NON-RNI-CTPD-SAR-MD-TR-1-EarlyRePayment" name="And I verified the \&quot;Repayment Schedule\&quot; details successfully"/>
  <testcase time="0" classname="Scenario: Loan-725-MS-EPP-DB-SAR-REC-NON-RNI-CTPD-SAR-MD-TR-1-EarlyRePayment" name="When I make repayment and verified the following tabs">
    <error type="java.lang.NullPointerException">java.lang.NullPointerException
	at com.mifos.pages.FrontPage.verifyRepaymentTabsdata(FrontPage.java:1083)
	at com.mifos.pages.FrontPage.createMakeRepayment(FrontPage.java:999)
	at com.mifos.steps.ClientSteps.I_make_repayment_and_verified_the_following_tabs(ClientSteps.java:53)
	at ✽.When I make repayment and verified the following tabs(LoanMIFOS.feature:258)
</error>
    <system-out>A    &amp;#27;[32mThen &amp;#27;[0m&amp;#27;[32mI should see client created successfully&amp;#27;[0m                             &amp;#27;[90m# ClientSteps.I_should_see_client_loan_created_successfully(String&gt;)&amp;#27;[0m
    &amp;#27;[90mWhen &amp;#27;[0m&amp;#27;[90mI set up the new create loan&amp;#27;[0m                                         &amp;#27;[90m# ClientSteps.I_set_up_the_activation_and_new_create_loan(String&gt;)&amp;#27;[0m
&amp;#27;[1A    &amp;#27;[32mWhen &amp;#27;[0m&amp;#27;[32mI set up the new create loan&amp;#27;[0m                                         &amp;#27;[90m# ClientSteps.I_set_up_the_activation_and_new_create_loan(String&gt;)&amp;#27;[0m
    &amp;#27;[90mThen &amp;#27;[0m&amp;#27;[90mI verified the &quot;&amp;#27;[0m&amp;#27;[90m&amp;#27;[1mSummary&amp;#27;[0m&amp;#27;[90m&quot; details successfully&amp;#27;[0m                        &amp;#27;[90m# ClientSteps.I_verified_the_details_successfully(String,String&gt;)&amp;#27;[0m
&amp;#27;[1A    &amp;#27;[32mThen &amp;#27;[0m&amp;#27;[32mI verified the &quot;&amp;#27;[0m&amp;#27;[32m&amp;#27;[1mSummary&amp;#27;[0m&amp;#27;[32m&quot; details successfully&amp;#27;[0m                        &amp;#27;[90m# ClientSteps.I_verified_the_details_successfully(String,String&gt;)&amp;#27;[0m
    &amp;#27;[90mAnd &amp;#27;[0m&amp;#27;[90mI verified the &quot;&amp;#27;[0m&amp;#27;[90m&amp;#27;[1mRepayment Schedule&amp;#27;[0m&amp;#27;[90m&quot; details successfully&amp;#27;[0m              &amp;#27;[90m# ClientSteps.I_verified_the_details_successfully(String,String&gt;)&amp;#27;[0m
&amp;#27;[1A    &amp;#27;[32mAnd &amp;#27;[0m&amp;#27;[32mI verified the &quot;&amp;#27;[0m&amp;#27;[32m&amp;#27;[1mRepayment Schedule&amp;#27;[0m&amp;#27;[32m&quot; details successfully&amp;#27;[0m              &amp;#27;[90m# ClientSteps.I_verified_the_details_successfully(String,String&gt;)&amp;#27;[0m
    &amp;#27;[90mWhen &amp;#27;[0m&amp;#27;[90mI make repayment and verified the following tabs&amp;#27;[0m                     &amp;#27;[90m# ClientSteps.I_make_repayment_and_verified_the_following_tabs(DataTable)&amp;#27;[0m
&amp;#27;[1A    &amp;#27;[31mWhen &amp;#27;[0m&amp;#27;[31mI make repayment and verified the following tabs&amp;#27;[0m                     &amp;#27;[90m# ClientSteps.I_make_repayment_and_verified_the_following_tabs(DataTable)&amp;#27;[0m
      &amp;#27;[31morg.openqa.selenium.NoSuchElementException: no such element
        (Session info: chrome=43.0.2357.124)
        (Driver info: chromedriver=2.8.241075,platform=Windows NT 6.3 x86_64) (WARNING: The server did not provide any stacktrace information)
      Command duration or timeout: 30.05 seconds
      For documentation on this error, please visit: http://seleniumhq.org/exceptions/no_such_element.html
      Build info: version: &apos;2.29.1&apos;, revision: &apos;dfb1306b85be4934d23c123122e06e602a15e446&apos;, time: &apos;2013-01-22 12:58:05&apos;
      System info: os.name: &apos;Windows Server 2012&apos;, os.arch: &apos;amd64&apos;, os.version: &apos;6.2&apos;, java.version: &apos;1.7.0_51&apos;
      Session ID: 305164f3ed7b9f0c296b48de691f4b73
      Driver info: org.openqa.selenium.chrome.ChromeDriver
      Capabilities [{platform=XP, acceptSslCerts=true, javascriptEnabled=true, browserName=chrome, chrome={userDataDir=C:\Users\ADMINI~1\AppData\Local\Temp\2\scoped_dir2364_8157}, rotatable=false, locationContextEnabled=true, version=43.0.2357.124, takesHeapSnapshot=true, cssSelectorsEnabled=true, databaseEnabled=false, handlesAlerts=true, browserConnectionEnabled=false, webStorageEnabled=true, nativeEvents=true, applicationCacheEnabled=false, takesScreenshot=true}]
      	at sun.reflect.GeneratedConstructorAccessor53.newInstance(Unknown Source)
      	at sun.reflect.DelegatingConstructorAccessorImpl.newInstance(DelegatingConstructorAccessorImpl.java:45)
      	at java.lang.reflect.Constructor.newInstance(Constructor.java:526)
      	at org.openqa.selenium.remote.ErrorHandler.createThrowable(ErrorHandler.java:187)
      	at org.openqa.selenium.remote.ErrorHandler.throwIfResponseFailed(ErrorHandler.java:145)
      	at org.openqa.selenium.remote.RemoteWebDriver.execute(RemoteWebDriver.java:554)
      	at org.openqa.selenium.remote.RemoteWebDriver.findElement(RemoteWebDriver.java:307)
      	at org.openqa.selenium.remote.RemoteWebDriver.findElementByXPath(RemoteWebDriver.java:404)
      	at org.openqa.selenium.By$ByXPath.findElement(By.java:344)
      	at org.openqa.selenium.remote.RemoteWebDriver.findElement(RemoteWebDriver.java:299)
      	at sun.reflect.GeneratedMethodAccessor8.invoke(Unknown Source)
      	at sun.reflect.DelegatingMethodAccessorImpl.invoke(DelegatingMethodAccessorImpl.java:43)
      	at java.lang.reflect.Method.invoke(Method.java:606)
      	at org.openqa.selenium.support.events.EventFiringWebDriver$2.invoke(EventFiringWebDriver.java:101)
      	at com.sun.proxy.$Proxy16.findElement(Unknown Source)
      	at org.openqa.selenium.support.events.EventFiringWebDriver.findElement(EventFiringWebDriver.java:180)
      	at com.mifos.pages.FrontPage.verifyRepaymentTabsdata(FrontPage.java:1073)
      	at com.mifos.pages.FrontPage.createMakeRepayment(FrontPage.java:999)
      	at com.mifos.steps.ClientSteps.I_make_repayment_and_verified_the_following_tabs(ClientSteps.java:53)
      	at ?.When I make repayment and verified the following tabs(LoanMIFOS.feature:241)
      &amp;#27;[0m

  Background:                                      &amp;#27;[90m# LoanMIFOS.feature:3&amp;#27;[0m
    &amp;#27;[90mGiven &amp;#27;[0m&amp;#27;[90mI navigate to mifos&amp;#27;[0m                      &amp;#27;[90m# LoginSteps.I_navigate_to_mifos()&amp;#27;[0m
&amp;#27;[1A    &amp;#27;[32mGiven &amp;#27;[0m&amp;#27;[32mI navigate to mifos&amp;#27;[0m                      &amp;#27;[90m# LoginSteps.I_navigate_to_mifos()&amp;#27;[0m
    &amp;#27;[90mAnd &amp;#27;[0m&amp;#27;[90mI use login folder&amp;#27;[0m                         &amp;#27;[90m# LoginSteps.I_use_login_folder()&amp;#27;[0m
&amp;#27;[1A    &amp;#27;[32mAnd &amp;#27;[0m&amp;#27;[32mI use login folder&amp;#27;[0m                         &amp;#27;[90m# LoginSteps.I_use_login_folder()&amp;#27;[0m
    &amp;#27;[90mWhen &amp;#27;[0m&amp;#27;[90mI login into mifos site using excel sheet&amp;#27;[0m &amp;#27;[90m# LoginSteps.I_login_into_mifos_site_using_excel_sheet(String&gt;)&amp;#27;[0m
&amp;#27;[1A    &amp;#27;[32mWhen &amp;#27;[0m&amp;#27;[32mI login into mifos site using excel sheet&amp;#27;[0m &amp;#27;[90m# LoginSteps.I_login_into_mifos_site_using_excel_sheet(String&gt;)&amp;#27;[0m
    &amp;#27;[90mThen &amp;#27;[0m&amp;#27;[90mI should see logged in successfully&amp;#27;[0m       &amp;#27;[90m# LoginSteps.I_should_see_login_successfully()&amp;#27;[0m
&amp;#27;[1A    &amp;#27;[32mThen &amp;#27;[0m&amp;#27;[32mI should see logged in successfully&amp;#27;[0m       &amp;#27;[90m# LoginSteps.I_should_see_login_successfully()&amp;#27;[0m

  @scenario13-Loan-725-MS-EPP-DB-SAR-REC-NON-RNI-CTPD-SAR-MD-TR-1-EarlyRePayment
  Scenario: Loan-725-MS-EPP-DB-SAR-REC-NON-RNI-CTPD-SAR-MD-TR-1-EarlyRePayment &amp;#27;[90m# LoanMIFOS.feature:245&amp;#27;[0m
    &amp;#27;[90mGiven &amp;#27;[0m&amp;#27;[90mI setup the clients&amp;#27;[0m                                                  &amp;#27;[90m# ClientSteps.I_setup_the_clients(String&gt;)&amp;#27;[0m
&amp;#27;[1A    &amp;#27;[32mGiven &amp;#27;[0m&amp;#27;[32mI setup the clients&amp;#27;[0m                                                  &amp;#27;[90m# ClientSteps.I_setup_the_clients(String&gt;)&amp;#27;[0m
    &amp;#27;[90mWhen &amp;#27;[0m&amp;#27;[90mI entered the values into client form using&amp;#27;[0m                           &amp;#27;[90m# ClientSteps.I_entered_the_values_into_client_form_using(String&gt;)&amp;#27;[0m
&amp;#27;[1A    &amp;#27;[32mWhen &amp;#27;[0m&amp;#27;[32mI entered the values into client form using&amp;#27;[0m                           &amp;#27;[90m# ClientSteps.I_entered_the_values_into_client_form_using(String&gt;)&amp;#27;[0m
    &amp;#27;[90mThen &amp;#27;[0m&amp;#27;[90mI should see client created successfully&amp;#27;[0m                              &amp;#27;[90m# ClientSteps.I_should_see_client_loan_created_successfully(String&gt;)&amp;#27;[0m
&amp;#27;[1A    &amp;#27;[32mThen &amp;#27;[0m&amp;#27;[32mI should see client created successfully&amp;#27;[0m                              &amp;#27;[90m# ClientSteps.I_should_see_client_loan_created_successfully(String&gt;)&amp;#27;[0m
    &amp;#27;[90mWhen &amp;#27;[0m&amp;#27;[90mI set up the new create loan&amp;#27;[0m                                          &amp;#27;[90m# ClientSteps.I_set_up_the_activation_and_new_create_loan(String&gt;)&amp;#27;[0m
&amp;#27;[1A    &amp;#27;[32mWhen &amp;#27;[0m&amp;#27;[32mI set up the new create loan&amp;#27;[0m                                          &amp;#27;[90m# ClientSteps.I_set_up_the_activation_and_new_create_loan(String&gt;)&amp;#27;[0m
    &amp;#27;[90mThen &amp;#27;[0m&amp;#27;[90mI verified the &quot;&amp;#27;[0m&amp;#27;[90m&amp;#27;[1mSummary&amp;#27;[0m&amp;#27;[90m&quot; details successfully&amp;#27;[0m                         &amp;#27;[90m# ClientSteps.I_verified_the_details_successfully(String,String&gt;)&amp;#27;[0m
&amp;#27;[1A    &amp;#27;[32mThen &amp;#27;[0m&amp;#27;[32mI verified the &quot;&amp;#27;[0m&amp;#27;[32m&amp;#27;[1mSummary&amp;#27;[0m&amp;#27;[32m&quot; details successfully&amp;#27;[0m                         &amp;#27;[90m# ClientSteps.I_verified_the_details_successfully(String,String&gt;)&amp;#27;[0m
    &amp;#27;[90mAnd &amp;#27;[0m&amp;#27;[90mI verified the &quot;&amp;#27;[0m&amp;#27;[90m&amp;#27;[1mRepayment Schedule&amp;#27;[0m&amp;#27;[90m&quot; details successfully&amp;#27;[0m               &amp;#27;[90m# ClientSteps.I_verified_the_details_successfully(String,String&gt;)&amp;#27;[0m
&amp;#27;[1A    &amp;#27;[32mAnd &amp;#27;[0m&amp;#27;[32mI verified the &quot;&amp;#27;[0m&amp;#27;[32m&amp;#27;[1mRepayment Schedule&amp;#27;[0m&amp;#27;[32m&quot; details successfully&amp;#27;[0m               &amp;#27;[90m# ClientSteps.I_verified_the_details_successfully(String,String&gt;)&amp;#27;[0m
    &amp;#27;[90mWhen &amp;#27;[0m&amp;#27;[90mI make repayment and verified the following tabs&amp;#27;[0m                      &amp;#27;[90m# ClientStwelcome to mifos through excel
Cell One ... key=click
Cell Two ... value=makerepayment
clickclick
Cell One ... key=transactiondate
SubmitValueBy.id: transactionDate:15 January 2015
13
</system-out>
  </testcase>
  <testcase time="0" classname="Scenario: Loan-725-MS-EPP-DB-SAR-REC-NON-RNI-CTPD-SAR-MD-TR-1-EarlyRePayment" name="Scenario: Loan-725-MS-EPP-DB-SAR-REC-NON-RNI-CTPD-SAR-MD-TR-1-EarlyRePayment">
    <error type="java.lang.NullPointerException">java.lang.NullPointerException
	at com.mifos.pages.FrontPage.verifyRepaymentTabsdata(FrontPage.java:1083)
	at com.mifos.pages.FrontPage.createMakeRepayment(FrontPage.java:999)
	at com.mifos.steps.ClientSteps.I_make_repayment_and_verified_the_following_tabs(ClientSteps.java:53)
	at ✽.When I make repayment and verified the following tabs(LoanMIFOS.feature:258)
</error>
  </testcase>
  <testcase time="0" classname="Scenario: Loan-726-MS-EPP-DB-SAR-REC-NON-RNI-CTPD-DL-MD-TR-1-EarlyRePayment" name="Given I navigate to mifos"/>
  <testcase time="0" classname="Scenario: Loan-726-MS-EPP-DB-SAR-REC-NON-RNI-CTPD-DL-MD-TR-1-EarlyRePayment" name="And I use login folder"/>
  <testcase time="0" classname="Scenario: Loan-726-MS-EPP-DB-SAR-REC-NON-RNI-CTPD-DL-MD-TR-1-EarlyRePayment" name="When I login into mifos site using excel sheet"/>
  <testcase time="0" classname="Scenario: Loan-726-MS-EPP-DB-SAR-REC-NON-RNI-CTPD-DL-MD-TR-1-EarlyRePayment" name="Then I should see logged in successfully"/>
  <testcase time="0" classname="Scenario: Loan-726-MS-EPP-DB-SAR-REC-NON-RNI-CTPD-DL-MD-TR-1-EarlyRePayment" name="Given I setup the clients"/>
  <testcase time="0" classname="Scenario: Loan-726-MS-EPP-DB-SAR-REC-NON-RNI-CTPD-DL-MD-TR-1-EarlyRePayment" name="When I entered the values into client form using"/>
  <testcase time="0" classname="Scenario: Loan-726-MS-EPP-DB-SAR-REC-NON-RNI-CTPD-DL-MD-TR-1-EarlyRePayment" name="Then I should see client created successfully"/>
  <testcase time="0" classname="Scenario: Loan-726-MS-EPP-DB-SAR-REC-NON-RNI-CTPD-DL-MD-TR-1-EarlyRePayment" name="When I set up the new create loan"/>
  <testcase time="0" classname="Scenario: Loan-726-MS-EPP-DB-SAR-REC-NON-RNI-CTPD-DL-MD-TR-1-EarlyRePayment" name="Then I verified the \&quot;Summary\&quot; details successfully"/>
  <testcase time="0" classname="Scenario: Loan-726-MS-EPP-DB-SAR-REC-NON-RNI-CTPD-DL-MD-TR-1-EarlyRePayment" name="And I verified the \&quot;Repayment Schedule\&quot; details successfully"/>
  <testcase time="0" classname="Scenario: Loan-726-MS-EPP-DB-SAR-REC-NON-RNI-CTPD-DL-MD-TR-1-EarlyRePayment" name="When I make repayment and verified the following tabs">
    <error message="no such element
  (Session info: chrome=43.0.2357.124)
  (Driver info: chromedriver=2.8.241075,platform=Windows NT 6.3 x86_64) (WARNING: The server did not provide any stacktrace information)
Command duration or timeout: 30.04 seconds
For documentation on this error, please visit: http://seleniumhq.org/exceptions/no_such_element.html
Build info: version: &apos;2.29.1&apos;, revision: &apos;dfb1306b85be4934d23c123122e06e602a15e446&apos;, time: &apos;2013-01-22 12:58:05&apos;
System info: os.name: &apos;Windows Server 2012&apos;, os.arch: &apos;amd64&apos;, os.version: &apos;6.2&apos;, java.version: &apos;1.7.0_51&apos;
Session ID: f1301468b4778b24e56eb31435988f2c
Driver info: org.openqa.selenium.chrome.ChromeDriver
Capabilities [{platform=XP, acceptSslCerts=true, javascriptEnabled=true, browserName=chrome, chrome={userDataDir=C:\Users\ADMINI~1\AppData\Local\Temp\2\scoped_dir2536_2708}, rotatable=false, locationContextEnabled=true, version=43.0.2357.124, takesHeapSnapshot=true, cssSelectorsEnabled=true, databaseEnabled=false, handlesAlerts=true, browserConnectionEnabled=false, webStorageEnabled=true, nativeEvents=true, applicationCacheEnabled=false, takesScreenshot=true}]" type="org.openqa.selenium.NoSuchElementException">org.openqa.selenium.NoSuchElementException: no such element
  (Session info: chrome=43.0.2357.124)
  (Driver info: chromedriver=2.8.241075,platform=Windows NT 6.3 x86_64) (WARNING: The server did not provide any stacktrace information)
Command duration or timeout: 30.04 seconds
For documentation on this error, please visit: http://seleniumhq.org/exceptions/no_such_element.html
Build info: version: &apos;2.29.1&apos;, revision: &apos;dfb1306b85be4934d23c123122e06e602a15e446&apos;, time: &apos;2013-01-22 12:58:05&apos;
System info: os.name: &apos;Windows Server 2012&apos;, os.arch: &apos;amd64&apos;, os.version: &apos;6.2&apos;, java.version: &apos;1.7.0_51&apos;
Session ID: f1301468b4778b24e56eb31435988f2c
Driver info: org.openqa.selenium.chrome.ChromeDriver
Capabilities [{platform=XP, acceptSslCerts=true, javascriptEnabled=true, browserName=chrome, chrome={userDataDir=C:\Users\ADMINI~1\AppData\Local\Temp\2\scoped_dir2536_2708}, rotatable=false, locationContextEnabled=true, version=43.0.2357.124, takesHeapSnapshot=true, cssSelectorsEnabled=true, databaseEnabled=false, handlesAlerts=true, browserConnectionEnabled=false, webStorageEnabled=true, nativeEvents=true, applicationCacheEnabled=false, takesScreenshot=true}]
	at sun.reflect.GeneratedConstructorAccessor53.newInstance(Unknown Source)
	at sun.reflect.DelegatingConstructorAccessorImpl.newInstance(DelegatingConstructorAccessorImpl.java:45)
	at java.lang.reflect.Constructor.newInstance(Constructor.java:526)
	at org.openqa.selenium.remote.ErrorHandler.createThrowable(ErrorHandler.java:187)
	at org.openqa.selenium.remote.ErrorHandler.throwIfResponseFailed(ErrorHandler.java:145)
	at org.openqa.selenium.remote.RemoteWebDriver.execute(RemoteWebDriver.java:554)
	at org.openqa.selenium.remote.RemoteWebDriver.findElement(RemoteWebDriver.java:307)
	at org.openqa.selenium.remote.RemoteWebDriver.findElementByXPath(RemoteWebDriver.java:404)
	at org.openqa.selenium.By$ByXPath.findElement(By.java:344)
	at org.openqa.selenium.remote.RemoteWebDriver.findElement(RemoteWebDriver.java:299)
	at sun.reflect.GeneratedMethodAccessor8.invoke(Unknown Source)
	at sun.reflect.DelegatingMethodAccessorImpl.invoke(DelegatingMethodAccessorImpl.java:43)
	at java.lang.reflect.Method.invoke(Method.java:606)
	at org.openqa.selenium.support.events.EventFiringWebDriver$2.invoke(EventFiringWebDriver.java:101)
	at com.sun.proxy.$Proxy16.findElement(Unknown Source)
	at org.openqa.selenium.support.events.EventFiringWebDriver.findElement(EventFiringWebDriver.java:180)
	at com.mifos.pages.FrontPage.verifyRepaymentTabsdata(FrontPage.java:1073)
	at com.mifos.pages.FrontPage.createMakeRepayment(FrontPage.java:999)
	at com.mifos.steps.ClientSteps.I_make_repayment_and_verified_the_following_tabs(ClientSteps.java:53)
	at ✽.When I make repayment and verified the following tabs(LoanMIFOS.feature:275)
</error>
    <system-out>welcome to mifos through excel
Cell One ... key=click
Cell Two ... value=makerepayment
clickclick
Cell One ... key=transactiondate
SubmitValueBy.id: transactionDate:15 January 2015
</system-out>
  </testcase>
  <testcase time="0" classname="Scenario: Loan-726-MS-EPP-DB-SAR-REC-NON-RNI-CTPD-DL-MD-TR-1-EarlyRePayment" name="Scenario: Loan-726-MS-EPP-DB-SAR-REC-NON-RNI-CTPD-DL-MD-TR-1-EarlyRePayment">
    <error message="no such element
  (Session info: chrome=43.0.2357.124)
  (Driver info: chromedriver=2.8.241075,platform=Windows NT 6.3 x86_64) (WARNING: The server did not provide any stacktrace information)
Command duration or timeout: 30.04 seconds
For documentation on this error, please visit: http://seleniumhq.org/exceptions/no_such_element.html
Build info: version: &apos;2.29.1&apos;, revision: &apos;dfb1306b85be4934d23c123122e06e602a15e446&apos;, time: &apos;2013-01-22 12:58:05&apos;
System info: os.name: &apos;Windows Server 2012&apos;, os.arch: &apos;amd64&apos;, os.version: &apos;6.2&apos;, java.version: &apos;1.7.0_51&apos;
Session ID: f1301468b4778b24e56eb31435988f2c
Driver info: org.openqa.selenium.chrome.ChromeDriver
Capabilities [{platform=XP, acceptSslCerts=true, javascriptEnabled=true, browserName=chrome, chrome={userDataDir=C:\Users\ADMINI~1\AppData\Local\Temp\2\scoped_dir2536_2708}, rotatable=false, locationContextEnabled=true, version=43.0.2357.124, takesHeapSnapshot=true, cssSelectorsEnabled=true, databaseEnabled=false, handlesAlerts=true, browserConnectionEnabled=false, webStorageEnabled=true, nativeEvents=true, applicationCacheEnabled=false, takesScreenshot=true}]" type="org.openqa.selenium.NoSuchElementException">org.openqa.selenium.NoSuchElementException: no such element
  (Session info: chrome=43.0.2357.124)
  (Driver info: chromedriver=2.8.241075,platform=Windows NT 6.3 x86_64) (WARNING: The server did not provide any stacktrace information)
Command duration or timeout: 30.04 seconds
For documentation on this error, please visit: http://seleniumhq.org/exceptions/no_such_element.html
Build info: version: &apos;2.29.1&apos;, revision: &apos;dfb1306b85be4934d23c123122e06e602a15e446&apos;, time: &apos;2013-01-22 12:58:05&apos;
System info: os.name: &apos;Windows Server 2012&apos;, os.arch: &apos;amd64&apos;, os.version: &apos;6.2&apos;, java.version: &apos;1.7.0_51&apos;
Session ID: f1301468b4778b24e56eb31435988f2c
Driver info: org.openqa.selenium.chrome.ChromeDriver
Capabilities [{platform=XP, acceptSslCerts=true, javascriptEnabled=true, browserName=chrome, chrome={userDataDir=C:\Users\ADMINI~1\AppData\Local\Temp\2\scoped_dir2536_2708}, rotatable=false, locationContextEnabled=true, version=43.0.2357.124, takesHeapSnapshot=true, cssSelectorsEnabled=true, databaseEnabled=false, handlesAlerts=true, browserConnectionEnabled=false, webStorageEnabled=true, nativeEvents=true, applicationCacheEnabled=false, takesScreenshot=true}]
	at sun.reflect.GeneratedConstructorAccessor53.newInstance(Unknown Source)
	at sun.reflect.DelegatingConstructorAccessorImpl.newInstance(DelegatingConstructorAccessorImpl.java:45)
	at java.lang.reflect.Constructor.newInstance(Constructor.java:526)
	at org.openqa.selenium.remote.ErrorHandler.createThrowable(ErrorHandler.java:187)
	at org.openqa.selenium.remote.ErrorHandler.throwIfResponseFailed(ErrorHandler.java:145)
	at org.openqa.selenium.remote.RemoteWebDriver.execute(RemoteWebDriver.java:554)
	at org.openqa.selenium.remote.RemoteWebDriver.findElement(RemoteWebDriver.java:307)
	at org.openqa.selenium.remote.RemoteWebDriver.findElementByXPath(RemoteWebDriver.java:404)
	at org.openqa.selenium.By$ByXPath.findElement(By.java:344)
	at org.openqa.selenium.remote.RemoteWebDriver.findElement(RemoteWebDriver.java:299)
	at sun.reflect.GeneratedMethodAccessor8.invoke(Unknown Source)
	at sun.reflect.DelegatingMethodAccessorImpl.invoke(DelegatingMethodAccessorImpl.java:43)
	at java.lang.reflect.Method.invoke(Method.java:606)
	at org.openqa.selenium.support.events.EventFiringWebDriver$2.invoke(EventFiringWebDriver.java:101)
	at com.sun.proxy.$Proxy16.findElement(Unknown Source)
	at org.openqa.selenium.support.events.EventFiringWebDriver.findElement(EventFiringWebDriver.java:180)
	at com.mifos.pages.FrontPage.verifyRepaymentTabsdata(FrontPage.java:1073)
	at com.mifos.pages.FrontPage.createMakeRepayment(FrontPage.java:999)
	at com.mifos.steps.ClientSteps.I_make_repayment_and_verified_the_following_tabs(ClientSteps.java:53)
	at ✽.When I make repayment and verified the following tabs(LoanMIFOS.feature:275)
</error>
  </testcase>
  <testcase time="0" classname="Scenario: Loan-727-MS-EPP-DB-SAR-REC-NON-RNI-CTRFD-SAR-MD-TR-1-EarlyRePayment" name="Given I navigate to mifos"/>
  <testcase time="0" classname="Scenario: Loan-727-MS-EPP-DB-SAR-REC-NON-RNI-CTRFD-SAR-MD-TR-1-EarlyRePayment" name="And I use login folder"/>
  <testcase time="0" classname="Scenario: Loan-727-MS-EPP-DB-SAR-REC-NON-RNI-CTRFD-SAR-MD-TR-1-EarlyRePayment" name="When I login into mifos site using excel sheet"/>
  <testcase time="0" classname="Scenario: Loan-727-MS-EPP-DB-SAR-REC-NON-RNI-CTRFD-SAR-MD-TR-1-EarlyRePayment" name="Then I should see logged in successfully"/>
  <testcase time="0" classname="Scenario: Loan-727-MS-EPP-DB-SAR-REC-NON-RNI-CTRFD-SAR-MD-TR-1-EarlyRePayment" name="Given I setup the clients"/>
  <testcase time="0" classname="Scenario: Loan-727-MS-EPP-DB-SAR-REC-NON-RNI-CTRFD-SAR-MD-TR-1-EarlyRePayment" name="When I entered the values into client form using"/>
  <testcase time="0" classname="Scenario: Loan-727-MS-EPP-DB-SAR-REC-NON-RNI-CTRFD-SAR-MD-TR-1-EarlyRePayment" name="Then I should see client created successfully"/>
  <testcase time="0" classname="Scenario: Loan-727-MS-EPP-DB-SAR-REC-NON-RNI-CTRFD-SAR-MD-TR-1-EarlyRePayment" name="When I set up the new create loan"/>
  <testcase time="0" classname="Scenario: Loan-727-MS-EPP-DB-SAR-REC-NON-RNI-CTRFD-SAR-MD-TR-1-EarlyRePayment" name="Then I verified the \&quot;Summary\&quot; details successfully"/>
  <testcase time="0" classname="Scenario: Loan-727-MS-EPP-DB-SAR-REC-NON-RNI-CTRFD-SAR-MD-TR-1-EarlyRePayment" name="And I verified the \&quot;Repayment Schedule\&quot; details successfully"/>
  <testcase time="0" classname="Scenario: Loan-727-MS-EPP-DB-SAR-REC-NON-RNI-CTRFD-SAR-MD-TR-1-EarlyRePayment" name="When I make repayment and verified the following tabs"/>
  <testcase time="1.306" classname="Scenario: Loan-727-MS-EPP-DB-SAR-REC-NON-RNI-CTRFD-SAR-MD-TR-1-EarlyRePayment" name="Scenario: Loan-727-MS-EPP-DB-SAR-REC-NON-RNI-CTRFD-SAR-MD-TR-1-EarlyRePayment"/>
  <testcase time="0" classname="Scenario: Loan-728-MS-EPP-DB-SAR-REC-NON-RNI-CTRFD-DL-MD-TR-1-EarlyRePaymentt" name="Given I navigate to mifos"/>
  <testcase time="0" classname="Scenario: Loan-728-MS-EPP-DB-SAR-REC-NON-RNI-CTRFD-DL-MD-TR-1-EarlyRePaymentt" name="And I use login folder"/>
  <testcase time="0" classname="Scenario: Loan-728-MS-EPP-DB-SAR-REC-NON-RNI-CTRFD-DL-MD-TR-1-EarlyRePaymentt" name="When I login into mifos site using excel sheet"/>
  <testcase time="0" classname="Scenario: Loan-728-MS-EPP-DB-SAR-REC-NON-RNI-CTRFD-DL-MD-TR-1-EarlyRePaymentt" name="Then I should see logged in successfully"/>
  <testcase time="0" classname="Scenario: Loan-728-MS-EPP-DB-SAR-REC-NON-RNI-CTRFD-DL-MD-TR-1-EarlyRePaymentt" name="Given I setup the clients"/>
  <testcase time="0" classname="Scenario: Loan-728-MS-EPP-DB-SAR-REC-NON-RNI-CTRFD-DL-MD-TR-1-EarlyRePaymentt" name="When I entered the values into client form using"/>
  <testcase time="0" classname="Scenario: Loan-728-MS-EPP-DB-SAR-REC-NON-RNI-CTRFD-DL-MD-TR-1-EarlyRePaymentt" name="Then I should see client created successfully"/>
  <testcase time="0" classname="Scenario: Loan-728-MS-EPP-DB-SAR-REC-NON-RNI-CTRFD-DL-MD-TR-1-EarlyRePaymentt" name="When I set up the new create loan"/>
  <testcase time="0" classname="Scenario: Loan-728-MS-EPP-DB-SAR-REC-NON-RNI-CTRFD-DL-MD-TR-1-EarlyRePaymentt" name="Then I verified the \&quot;Summary\&quot; details successfully"/>
  <testcase time="0" classname="Scenario: Loan-728-MS-EPP-DB-SAR-REC-NON-RNI-CTRFD-DL-MD-TR-1-EarlyRePaymentt" name="And I verified the \&quot;Repayment Schedule\&quot; details successfully"/>
  <testcase time="0" classname="Scenario: Loan-728-MS-EPP-DB-SAR-REC-NON-RNI-CTRFD-DL-MD-TR-1-EarlyRePaymentt" name="When I make repayment and verified the following tabs"/>
  <testcase time="1.297" classname="Scenario: Loan-728-MS-EPP-DB-SAR-REC-NON-RNI-CTRFD-DL-MD-TR-1-EarlyRePaymentt" name="Scenario: Loan-728-MS-EPP-DB-SAR-REC-NON-RNI-CTRFD-DL-MD-TR-1-EarlyRePaymentt"/>
  <testcase time="0" classname="| 389-RBI-EI-DB-DL-REC-NON-RNI-CTPD-SAR-MD-TR-1-EarlyRePayment-Loanproduct4.xlsx |" name="Given I navigate to mifos"/>
  <testcase time="0" classname="| 389-RBI-EI-DB-DL-REC-NON-RNI-CTPD-SAR-MD-TR-1-EarlyRePayment-Loanproduct4.xlsx |" name="And I use login folder"/>
  <testcase time="0" classname="| 389-RBI-EI-DB-DL-REC-NON-RNI-CTPD-SAR-MD-TR-1-EarlyRePayment-Loanproduct4.xlsx |" name="When I login into mifos site using excel sheet"/>
  <testcase time="0" classname="| 389-RBI-EI-DB-DL-REC-NON-RNI-CTPD-SAR-MD-TR-1-EarlyRePayment-Loanproduct4.xlsx |" name="Then I should see logged in successfully"/>
  <testcase time="0" classname="| 389-RBI-EI-DB-DL-REC-NON-RNI-CTPD-SAR-MD-TR-1-EarlyRePayment-Loanproduct4.xlsx |" name="Given I setup the product loan"/>
  <testcase time="0" classname="| 389-RBI-EI-DB-DL-REC-NON-RNI-CTPD-SAR-MD-TR-1-EarlyRePayment-Loanproduct4.xlsx |" name="And I entered the values into product loan using"/>
  <testcase time="0" classname="| 389-RBI-EI-DB-DL-REC-NON-RNI-CTPD-SAR-MD-TR-1-EarlyRePayment-Loanproduct4.xlsx |" name="Then I should see product loan created successfully">
    <error message="Timed out after 100 seconds waiting for visibility of element located by By.selector: legend.ng-binding
Build info: version: &apos;2.29.1&apos;, revision: &apos;dfb1306b85be4934d23c123122e06e602a15e446&apos;, time: &apos;2013-01-22 12:58:05&apos;
System info: os.name: &apos;Windows Server 2012&apos;, os.arch: &apos;amd64&apos;, os.version: &apos;6.2&apos;, java.version: &apos;1.7.0_51&apos;
Driver info: driver.version: unknown" type="org.openqa.selenium.TimeoutException">org.openqa.selenium.TimeoutException: Timed out after 100 seconds waiting for visibility of element located by By.selector: legend.ng-binding
Build info: version: &apos;2.29.1&apos;, revision: &apos;dfb1306b85be4934d23c123122e06e602a15e446&apos;, time: &apos;2013-01-22 12:58:05&apos;
System info: os.name: &apos;Windows Server 2012&apos;, os.arch: &apos;amd64&apos;, os.version: &apos;6.2&apos;, java.version: &apos;1.7.0_51&apos;
Driver info: driver.version: unknown
	at org.openqa.selenium.support.ui.FluentWait.timeoutException(FluentWait.java:259)
	at org.openqa.selenium.support.ui.FluentWait.until(FluentWait.java:228)
	at com.mifos.pages.MifosWebPage.waitForElementToBeVisible(MifosWebPage.java:210)
	at com.mifos.pages.MifosWebPage.getElement(MifosWebPage.java:699)
	at com.mifos.pages.MifosWebPage.getElement(MifosWebPage.java:684)
	at com.mifos.pages.MifosWebPage.getSingleText(MifosWebPage.java:941)
	at com.mifos.pages.MifosWebPage.validateSame(MifosWebPage.java:947)
	at com.mifos.pages.MifosWebPage.verifySuccessMessage(MifosWebPage.java:1815)
	at com.mifos.pages.FrontPage.verifyProductLoanExcelSheet(FrontPage.java:472)
	at com.mifos.steps.LoanProductSteps.I_should_see_product_loan_created_successfully(LoanProductSteps.java:27)
	at ✽.Then I should see product loan created successfully(LoanRBI.feature:18)
Caused by: org.openqa.selenium.NoSuchElementException: no such element
  (Session info: chrome=43.0.2357.124)
  (Driver info: chromedriver=2.8.241075,platform=Windows NT 6.3 x86_64) (WARNING: The server did not provide any stacktrace information)
Command duration or timeout: 30.05 seconds
For documentation on this error, please visit: http://seleniumhq.org/exceptions/no_such_element.html
Build info: version: &apos;2.29.1&apos;, revision: &apos;dfb1306b85be4934d23c123122e06e602a15e446&apos;, time: &apos;2013-01-22 12:58:05&apos;
System info: os.name: &apos;Windows Server 2012&apos;, os.arch: &apos;amd64&apos;, os.version: &apos;6.2&apos;, java.version: &apos;1.7.0_51&apos;
Session ID: 6e2158f56e4d329fa7eafced0cca8a68
Driver info: org.openqa.selenium.chrome.ChromeDriver
Capabilities [{platform=XP, acceptSslCerts=true, javascriptEnabled=true, browserName=chrome, chrome={userDataDir=C:\Users\ADMINI~1\AppData\Local\Temp\2\scoped_dir4160_25186}, rotatable=false, locationContextEnabled=true, version=43.0.2357.124, takesHeapSnapshot=true, cssSelectorsEnabled=true, databaseEnabled=false, handlesAlerts=true, browserConnectionEnabled=false, webStorageEnabled=true, nativeEvents=true, applicationCacheEnabled=false, takesScreenshot=true}]
	at sun.reflect.GeneratedConstructorAccessor53.newInstance(Unknown Source)
	at sun.reflect.DelegatingConstructorAccessorImpl.newInstance(DelegatingConstructorAccessorImpl.java:45)
	at java.lang.reflect.Constructor.newInstance(Constructor.java:526)
	at org.openqa.selenium.remote.ErrorHandler.createThrowable(ErrorHandler.java:187)
	at org.openqa.selenium.remote.ErrorHandler.throwIfResponseFailed(ErrorHandler.java:145)
	at org.openqa.selenium.remote.RemoteWebDriver.execute(RemoteWebDriver.java:554)
	at org.openqa.selenium.remote.RemoteWebDriver.findElement(RemoteWebDriver.java:307)
	at org.openqa.selenium.remote.RemoteWebDriver.findElementByCssSelector(RemoteWebDriver.java:396)
	at org.openqa.selenium.By$ByCssSelector.findElement(By.java:406)
	at org.openqa.selenium.remote.RemoteWebDriver.findElement(RemoteWebDriver.java:299)
	at sun.reflect.GeneratedMethodAccessor8.invoke(Unknown Source)
	at sun.reflect.DelegatingMethodAccessorImpl.invoke(DelegatingMethodAccessorImpl.java:43)
	at java.lang.reflect.Method.invoke(Method.java:606)
	at org.openqa.selenium.support.events.EventFiringWebDriver$2.invoke(EventFiringWebDriver.java:101)
	at com.sun.proxy.$Proxy16.findElement(Unknown Source)
	at org.openqa.selenium.support.events.EventFiringWebDriver.findElement(EventFiringWebDriver.java:180)
	at org.openqa.selenium.support.ui.ExpectedConditions.findElement(ExpectedConditions.java:523)
	at org.openqa.selenium.support.ui.ExpectedConditions.access$000(ExpectedConditions.java:39)
	at org.openqa.selenium.support.ui.ExpectedConditions$4.apply(ExpectedConditions.java:130)
	at org.openqa.selenium.support.ui.ExpectedConditions$4.apply(ExpectedConditions.java:126)
	at org.openqa.selenium.support.ui.FluentWait.until(FluentWait.java:208)
	at com.mifos.pages.MifosWebPage.waitForElementToBeVisible(MifosWebPage.java:210)
	at com.mifos.pages.MifosWebPage.getElement(MifosWebPage.java:699)
	at com.mifos.pages.MifosWebPage.getElement(MifosWebPage.java:684)
	at com.mifos.pages.MifosWebPage.getSingleText(MifosWebPage.java:941)
	at com.mifos.pages.MifosWebPage.validateSame(MifosWebPage.java:947)
	at com.mifos.pages.MifosWebPage.verifySuccessMessage(MifosWebPage.java:1815)
	at com.mifos.pages.FrontPage.verifyProductLoanExcelSheet(FrontPage.java:472)
	at com.mifos.steps.LoanProductSteps.I_should_see_product_loan_created_successfully(LoanProductSteps.java:27)
	at sun.reflect.NativeMethodAccessorImpl.invoke0(Native Method)
	at sun.reflect.NativeMethodAccessorImpl.invoke(NativeMethodAccessorImpl.java:57)
	at sun.reflect.DelegatingMethodAccessorImpl.invoke(DelegatingMethodAccessorImpl.java:43)
	at java.lang.reflect.Method.invoke(Method.java:606)
	at cucumber.runtime.Utils$1.call(Utils.java:44)
	at cucumber.runtime.Timeout.timeout(Timeout.java:12)
	at cucumber.runtime.Utils.invoke(Utils.java:40)
	at cucumber.runtime.java.JavaStepDefinition.execute(JavaStepDefinition.java:35)
	at cucumber.runtime.StepDefinitionMatch.runStep(StepDefinitionMatch.java:38)
	at cucumber.runtime.Runtime.runStep(Runtime.java:268)
	at cucumber.runtime.model.StepContainer.runStep(StepContainer.java:45)
	at cucumber.runtime.model.StepContainer.runSteps(StepContainer.java:40)
	at cucumber.runtime.model.CucumberScenario.run(CucumberScenario.java:36)
	at cucumber.runtime.junit.ExecutionUnitRunner.run(ExecutionUnitRunner.java:83)
	at org.junit.runners.Suite.runChild(Suite.java:127)
	at org.junit.runners.Suite.runChild(Suite.java:26)
	at org.junit.runners.ParentRunner$3.run(ParentRunner.java:238)
	at org.junit.runners.ParentRunner$1.schedule(ParentRunner.java:63)
	at org.junit.runners.ParentRunner.runChildren(ParentRunner.java:236)
	at org.junit.runners.ParentRunner.access$000(ParentRunner.java:53)
	at org.junit.runners.ParentRunner$2.evaluate(ParentRunner.java:229)
	at org.junit.runners.ParentRunner.run(ParentRunner.java:309)
	at org.junit.runners.Suite.runChild(Suite.java:127)
	at org.junit.runners.Suite.runChild(Suite.java:26)
	at org.junit.runners.ParentRunner$3.run(ParentRunner.java:238)
	at org.junit.runners.ParentRunner$1.schedule(ParentRunner.java:63)
	at org.junit.runners.ParentRunner.runChildren(ParentRunner.java:236)
	at org.junit.runners.ParentRunner.access$000(ParentRunner.java:53)
	at org.junit.runners.ParentRunner$2.evaluate(ParentRunner.java:229)
	at org.junit.runners.ParentRunner.run(ParentRunner.java:309)
	at cucumber.runtime.junit.FeatureRunner.runChild(FeatureRunner.java:63)
	at cucumber.runtime.junit.FeatureRunner.runChild(FeatureRunner.java:18)
	at org.junit.runners.ParentRunner$3.run(ParentRunner.java:238)
	at org.junit.runners.ParentRunner$1.schedule(ParentRunner.java:63)
	at org.junit.runners.ParentRunner.runChildren(ParentRunner.java:236)
	at org.junit.runners.ParentRunner.access$000(ParentRunner.java:53)
	at org.junit.runners.ParentRunner$2.evaluate(ParentRunner.java:229)
	at org.junit.runners.ParentRunner.run(ParentRunner.java:309)
	at cucumber.runtime.junit.FeatureRunner.run(FeatureRunner.java:70)
	at cucumber.api.junit.Cucumber.runChild(Cucumber.java:77)
	at cucumber.api.junit.Cucumber.runChild(Cucumber.java:37)
	at org.junit.runners.ParentRunner$3.run(ParentRunner.java:238)
	at org.junit.runners.ParentRunner$1.schedule(ParentRunner.java:63)
	at org.junit.runners.ParentRunner.runChildren(ParentRunner.java:236)
	at org.junit.runners.ParentRunner.access$000(ParentRunner.java:53)
	at org.junit.runners.ParentRunner$2.evaluate(ParentRunner.java:229)
	at org.junit.runners.ParentRunner.run(ParentRunner.java:309)
	at cucumber.api.junit.Cucumber.run(Cucumber.java:82)
	at org.apache.maven.surefire.junit4.JUnit4Provider.execute(JUnit4Provider.java:252)
	at org.apache.maven.surefire.junit4.JUnit4Provider.executeTestSet(JUnit4Provider.java:141)
	at org.apache.maven.surefire.junit4.JUnit4Provider.invoke(JUnit4Provider.java:112)
	at sun.reflect.NativeMethodAccessorImpl.invoke0(Native Method)
	at sun.reflect.NativeMethodAccessorImpl.invoke(NativeMethodAccessorImpl.java:57)
	at sun.reflect.DelegatingMethodAccessorImpl.invoke(DelegatingMethodAccessorImpl.java:43)
	at java.lang.reflect.Method.invoke(Method.java:606)
	at org.apache.maven.surefire.util.ReflectionUtils.invokeMethodWithArray(ReflectionUtils.java:189)
	at org.apache.maven.surefire.booter.ProviderFactory$ProviderProxy.invoke(ProviderFactory.java:165)
	at org.apache.maven.surefire.booter.ProviderFactory.invokeProvider(ProviderFactory.java:85)
	at org.apache.maven.surefire.booter.ForkedBooter.runSuitesInProcess(ForkedBooter.java:113)
	at org.apache.maven.surefire.booter.ForkedBooter.main(ForkedBooter.java:75)
</error>
    <system-out>welcome to mifos through excel
Cell One ... key=productname
389-RBI-EI-DB-DL-REC-NON-RNI-CTPD-SAR-MD-TR-1-B-EarlyRePayment
389-RBI-EI-DB-DL-REC-NON-RNI-CTPD-SAR-MD-TR-1-B-EarlyRePayment
</system-out>
  </testcase>
  <testcase time="0" classname="| 389-RBI-EI-DB-DL-REC-NON-RNI-CTPD-SAR-MD-TR-1-EarlyRePayment-Loanproduct4.xlsx |" name="| 389-RBI-EI-DB-DL-REC-NON-RNI-CTPD-SAR-MD-TR-1-EarlyRePayment-Loanproduct4.xlsx |">
    <error message="Timed out after 100 seconds waiting for visibility of element located by By.selector: legend.ng-binding
Build info: version: &apos;2.29.1&apos;, revision: &apos;dfb1306b85be4934d23c123122e06e602a15e446&apos;, time: &apos;2013-01-22 12:58:05&apos;
System info: os.name: &apos;Windows Server 2012&apos;, os.arch: &apos;amd64&apos;, os.version: &apos;6.2&apos;, java.version: &apos;1.7.0_51&apos;
Driver info: driver.version: unknown" type="org.openqa.selenium.TimeoutException">org.openqa.selenium.TimeoutException: Timed out after 100 seconds waiting for visibility of element located by By.selector: legend.ng-binding
Build info: version: &apos;2.29.1&apos;, revision: &apos;dfb1306b85be4934d23c123122e06e602a15e446&apos;, time: &apos;2013-01-22 12:58:05&apos;
System info: os.name: &apos;Windows Server 2012&apos;, os.arch: &apos;amd64&apos;, os.version: &apos;6.2&apos;, java.version: &apos;1.7.0_51&apos;
Driver info: driver.version: unknown
	at org.openqa.selenium.support.ui.FluentWait.timeoutException(FluentWait.java:259)
	at org.openqa.selenium.support.ui.FluentWait.until(FluentWait.java:228)
	at com.mifos.pages.MifosWebPage.waitForElementToBeVisible(MifosWebPage.java:210)
	at com.mifos.pages.MifosWebPage.getElement(MifosWebPage.java:699)
	at com.mifos.pages.MifosWebPage.getElement(MifosWebPage.java:684)
	at com.mifos.pages.MifosWebPage.getSingleText(MifosWebPage.java:941)
	at com.mifos.pages.MifosWebPage.validateSame(MifosWebPage.java:947)
	at com.mifos.pages.MifosWebPage.verifySuccessMessage(MifosWebPage.java:1815)
	at com.mifos.pages.FrontPage.verifyProductLoanExcelSheet(FrontPage.java:472)
	at com.mifos.steps.LoanProductSteps.I_should_see_product_loan_created_successfully(LoanProductSteps.java:27)
	at ✽.Then I should see product loan created successfully(LoanRBI.feature:18)
Caused by: org.openqa.selenium.NoSuchElementException: no such element
  (Session info: chrome=43.0.2357.124)
  (Driver info: chromedriver=2.8.241075,platform=Windows NT 6.3 x86_64) (WARNING: The server did not provide any stacktrace information)
Command duration or timeout: 30.05 seconds
For documentation on this error, please visit: http://seleniumhq.org/exceptions/no_such_element.html
Build info: version: &apos;2.29.1&apos;, revision: &apos;dfb1306b85be4934d23c123122e06e602a15e446&apos;, time: &apos;2013-01-22 12:58:05&apos;
System info: os.name: &apos;Windows Server 2012&apos;, os.arch: &apos;amd64&apos;, os.version: &apos;6.2&apos;, java.version: &apos;1.7.0_51&apos;
Session ID: 6e2158f56e4d329fa7eafced0cca8a68
Driver info: org.openqa.selenium.chrome.ChromeDriver
Capabilities [{platform=XP, acceptSslCerts=true, javascriptEnabled=true, browserName=chrome, chrome={userDataDir=C:\Users\ADMINI~1\AppData\Local\Temp\2\scoped_dir4160_25186}, rotatable=false, locationContextEnabled=true, version=43.0.2357.124, takesHeapSnapshot=true, cssSelectorsEnabled=true, databaseEnabled=false, handlesAlerts=true, browserConnectionEnabled=false, webStorageEnabled=true, nativeEvents=true, applicationCacheEnabled=false, takesScreenshot=true}]
	at sun.reflect.GeneratedConstructorAccessor53.newInstance(Unknown Source)
	at sun.reflect.DelegatingConstructorAccessorImpl.newInstance(DelegatingConstructorAccessorImpl.java:45)
	at java.lang.reflect.Constructor.newInstance(Constructor.java:526)
	at org.openqa.selenium.remote.ErrorHandler.createThrowable(ErrorHandler.java:187)
	at org.openqa.selenium.remote.ErrorHandler.throwIfResponseFailed(ErrorHandler.java:145)
	at org.openqa.selenium.remote.RemoteWebDriver.execute(RemoteWebDriver.java:554)
	at org.openqa.selenium.remote.RemoteWebDriver.findElement(RemoteWebDriver.java:307)
	at org.openqa.selenium.remote.RemoteWebDriver.findElementByCssSelector(RemoteWebDriver.java:396)
	at org.openqa.selenium.By$ByCssSelector.findElement(By.java:406)
	at org.openqa.selenium.remote.RemoteWebDriver.findElement(RemoteWebDriver.java:299)
	at sun.reflect.GeneratedMethodAccessor8.invoke(Unknown Source)
	at sun.reflect.DelegatingMethodAccessorImpl.invoke(DelegatingMethodAccessorImpl.java:43)
	at java.lang.reflect.Method.invoke(Method.java:606)
	at org.openqa.selenium.support.events.EventFiringWebDriver$2.invoke(EventFiringWebDriver.java:101)
	at com.sun.proxy.$Proxy16.findElement(Unknown Source)
	at org.openqa.selenium.support.events.EventFiringWebDriver.findElement(EventFiringWebDriver.java:180)
	at org.openqa.selenium.support.ui.ExpectedConditions.findElement(ExpectedConditions.java:523)
	at org.openqa.selenium.support.ui.ExpectedConditions.access$000(ExpectedConditions.java:39)
	at org.openqa.selenium.support.ui.ExpectedConditions$4.apply(ExpectedConditions.java:130)
	at org.openqa.selenium.support.ui.ExpectedConditions$4.apply(ExpectedConditions.java:126)
	at org.openqa.selenium.support.ui.FluentWait.until(FluentWait.java:208)
	at com.mifos.pages.MifosWebPage.waitForElementToBeVisible(MifosWebPage.java:210)
	at com.mifos.pages.MifosWebPage.getElement(MifosWebPage.java:699)
	at com.mifos.pages.MifosWebPage.getElement(MifosWebPage.java:684)
	at com.mifos.pages.MifosWebPage.getSingleText(MifosWebPage.java:941)
	at com.mifos.pages.MifosWebPage.validateSame(MifosWebPage.java:947)
	at com.mifos.pages.MifosWebPage.verifySuccessMessage(MifosWebPage.java:1815)
	at com.mifos.pages.FrontPage.verifyProductLoanExcelSheet(FrontPage.java:472)
	at com.mifos.steps.LoanProductSteps.I_should_see_product_loan_created_successfully(LoanProductSteps.java:27)
	at sun.reflect.NativeMethodAccessorImpl.invoke0(Native Method)
	at sun.reflect.NativeMethodAccessorImpl.invoke(NativeMethodAccessorImpl.java:57)
	at sun.reflect.DelegatingMethodAccessorImpl.invoke(DelegatingMethodAccessorImpl.java:43)
	at java.lang.reflect.Method.invoke(Method.java:606)
	at cucumber.runtime.Utils$1.call(Utils.java:44)
	at cucumber.runtime.Timeout.timeout(Timeout.java:12)
	at cucumber.runtime.Utils.invoke(Utils.java:40)
	at cucumber.runtime.java.JavaStepDefinition.execute(JavaStepDefinition.java:35)
	at cucumber.runtime.StepDefinitionMatch.runStep(StepDefinitionMatch.java:38)
	at cucumber.runtime.Runtime.runStep(Runtime.java:268)
	at cucumber.runtime.model.StepContainer.runStep(StepContainer.java:45)
	at cucumber.runtime.model.StepContainer.runSteps(StepContainer.java:40)
	at cucumber.runtime.model.CucumberScenario.run(CucumberScenario.java:36)
	at cucumber.runtime.junit.ExecutionUnitRunner.run(ExecutionUnitRunner.java:83)
	at org.junit.runners.Suite.runChild(Suite.java:127)
	at org.junit.runners.Suite.runChild(Suite.java:26)
	at org.junit.runners.ParentRunner$3.run(ParentRunner.java:238)
	at org.junit.runners.ParentRunner$1.schedule(ParentRunner.java:63)
	at org.junit.runners.ParentRunner.runChildren(ParentRunner.java:236)
	at org.junit.runners.ParentRunner.access$000(ParentRunner.java:53)
	at org.junit.runners.ParentRunner$2.evaluate(ParentRunner.java:229)
	at org.junit.runners.ParentRunner.run(ParentRunner.java:309)
	at org.junit.runners.Suite.runChild(Suite.java:127)
	at org.junit.runners.Suite.runChild(Suite.java:26)
	at org.junit.runners.ParentRunner$3.run(ParentRunner.java:238)
	at org.junit.runners.ParentRunner$1.schedule(ParentRunner.java:63)
	at org.junit.runners.ParentRunner.runChildren(ParentRunner.java:236)
	at org.junit.runners.ParentRunner.access$000(ParentRunner.java:53)
	at org.junit.runners.ParentRunner$2.evaluate(ParentRunner.java:229)
	at org.junit.runners.ParentRunner.run(ParentRunner.java:309)
	at cucumber.runtime.junit.FeatureRunner.runChild(FeatureRunner.java:63)
	at cucumber.runtime.junit.FeatureRunner.runChild(FeatureRunner.java:18)
	at org.junit.runners.ParentRunner$3.run(ParentRunner.java:238)
	at org.junit.runners.ParentRunner$1.schedule(ParentRunner.java:63)
	at org.junit.runners.ParentRunner.runChildren(ParentRunner.java:236)
	at org.junit.runners.ParentRunner.access$000(ParentRunner.java:53)
	at org.junit.runners.ParentRunner$2.evaluate(ParentRunner.java:229)
	at org.junit.runners.ParentRunner.run(ParentRunner.java:309)
	at cucumber.runtime.junit.FeatureRunner.run(FeatureRunner.java:70)
	at cucumber.api.junit.Cucumber.runChild(Cucumber.java:77)
	at cucumber.api.junit.Cucumber.runChild(Cucumber.java:37)
	at org.junit.runners.ParentRunner$3.run(ParentRunner.java:238)
	at org.junit.runners.ParentRunner$1.schedule(ParentRunner.java:63)
	at org.junit.runners.ParentRunner.runChildren(ParentRunner.java:236)
	at org.junit.runners.ParentRunner.access$000(ParentRunner.java:53)
	at org.junit.runners.ParentRunner$2.evaluate(ParentRunner.java:229)
	at org.junit.runners.ParentRunner.run(ParentRunner.java:309)
	at cucumber.api.junit.Cucumber.run(Cucumber.java:82)
	at org.apache.maven.surefire.junit4.JUnit4Provider.execute(JUnit4Provider.java:252)
	at org.apache.maven.surefire.junit4.JUnit4Provider.executeTestSet(JUnit4Provider.java:141)
	at org.apache.maven.surefire.junit4.JUnit4Provider.invoke(JUnit4Provider.java:112)
	at sun.reflect.NativeMethodAccessorImpl.invoke0(Native Method)
	at sun.reflect.NativeMethodAccessorImpl.invoke(NativeMethodAccessorImpl.java:57)
	at sun.reflect.DelegatingMethodAccessorImpl.invoke(DelegatingMethodAccessorImpl.java:43)
	at java.lang.reflect.Method.invoke(Method.java:606)
	at org.apache.maven.surefire.util.ReflectionUtils.invokeMethodWithArray(ReflectionUtils.java:189)
	at org.apache.maven.surefire.booter.ProviderFactory$ProviderProxy.invoke(ProviderFactory.java:165)
	at org.apache.maven.surefire.booter.ProviderFactory.invokeProvider(ProviderFactory.java:85)
	at org.apache.maven.surefire.booter.ForkedBooter.runSuitesInProcess(ForkedBooter.java:113)
	at org.apache.maven.surefire.booter.ForkedBooter.main(ForkedBooter.java:75)
</error>
  </testcase>
  <testcase time="0" classname="| 390-RBI-EI-DB-DL-REC-NON-RNI-CTPD-DL-MD-TR-1-EarlyRePayment-Loanproduct4.xlsx |" name="Given I navigate to mifos"/>
  <testcase time="0" classname="| 390-RBI-EI-DB-DL-REC-NON-RNI-CTPD-DL-MD-TR-1-EarlyRePayment-Loanproduct4.xlsx |" name="And I use login folder"/>
  <testcase time="0" classname="| 390-RBI-EI-DB-DL-REC-NON-RNI-CTPD-DL-MD-TR-1-EarlyRePayment-Loanproduct4.xlsx |" name="When I login into mifos site using excel sheet"/>
  <testcase time="0" classname="| 390-RBI-EI-DB-DL-REC-NON-RNI-CTPD-DL-MD-TR-1-EarlyRePayment-Loanproduct4.xlsx |" name="Then I should see logged in successfully"/>
  <testcase time="0" classname="| 390-RBI-EI-DB-DL-REC-NON-RNI-CTPD-DL-MD-TR-1-EarlyRePayment-Loanproduct4.xlsx |" name="Given I setup the product loan"/>
  <testcase time="0" classname="| 390-RBI-EI-DB-DL-REC-NON-RNI-CTPD-DL-MD-TR-1-EarlyRePayment-Loanproduct4.xlsx |" name="And I entered the values into product loan using"/>
  <testcase time="0" classname="| 390-RBI-EI-DB-DL-REC-NON-RNI-CTPD-DL-MD-TR-1-EarlyRePayment-Loanproduct4.xlsx |" name="Then I should see product loan created successfully">
    <error message="Timed out after 100 seconds waiting for visibility of element located by By.selector: legend.ng-binding
Build info: version: &apos;2.29.1&apos;, revision: &apos;dfb1306b85be4934d23c123122e06e602a15e446&apos;, time: &apos;2013-01-22 12:58:05&apos;
System info: os.name: &apos;Windows Server 2012&apos;, os.arch: &apos;amd64&apos;, os.version: &apos;6.2&apos;, java.version: &apos;1.7.0_51&apos;
Driver info: driver.version: unknown" type="org.openqa.selenium.TimeoutException">org.openqa.selenium.TimeoutException: Timed out after 100 seconds waiting for visibility of element located by By.selector: legend.ng-binding
Build info: version: &apos;2.29.1&apos;, revision: &apos;dfb1306b85be4934d23c123122e06e602a15e446&apos;, time: &apos;2013-01-22 12:58:05&apos;
System info: os.name: &apos;Windows Server 2012&apos;, os.arch: &apos;amd64&apos;, os.version: &apos;6.2&apos;, java.version: &apos;1.7.0_51&apos;
Driver info: driver.version: unknown
	at org.openqa.selenium.support.ui.FluentWait.timeoutException(FluentWait.java:259)
	at org.openqa.selenium.support.ui.FluentWait.until(FluentWait.java:228)
	at com.mifos.pages.MifosWebPage.waitForElementToBeVisible(MifosWebPage.java:210)
	at com.mifos.pages.MifosWebPage.getElement(MifosWebPage.java:699)
	at com.mifos.pages.MifosWebPage.getElement(MifosWebPage.java:684)
	at com.mifos.pages.MifosWebPage.getSingleText(MifosWebPage.java:941)
	at com.mifos.pages.MifosWebPage.validateSame(MifosWebPage.java:947)
	at com.mifos.pages.MifosWebPage.verifySuccessMessage(MifosWebPage.java:1815)
	at com.mifos.pages.FrontPage.verifyProductLoanExcelSheet(FrontPage.java:472)
	at com.mifos.steps.LoanProductSteps.I_should_see_product_loan_created_successfully(LoanProductSteps.java:27)
	at ✽.Then I should see product loan created successfully(LoanRBI.feature:18)
Caused by: org.openqa.selenium.NoSuchElementException: no such element
  (Session info: chrome=43.0.2357.124)
  (Driver info: chromedriver=2.8.241075,platform=Windows NT 6.3 x86_64) (WARNING: The server did not provide any stacktrace information)
Command duration or timeout: 30.03 seconds
For documentation on this error, please visit: http://seleniumhq.org/exceptions/no_such_element.html
Build info: version: &apos;2.29.1&apos;, revision: &apos;dfb1306b85be4934d23c123122e06e602a15e446&apos;, time: &apos;2013-01-22 12:58:05&apos;
System info: os.name: &apos;Windows Server 2012&apos;, os.arch: &apos;amd64&apos;, os.version: &apos;6.2&apos;, java.version: &apos;1.7.0_51&apos;
Session ID: 9c46b75203e26c05df60f593b9b3207d
Driver info: org.openqa.selenium.chrome.ChromeDriver
Capabilities [{platform=XP, acceptSslCerts=true, javascriptEnabled=true, browserName=chrome, chrome={userDataDir=C:\Users\ADMINI~1\AppData\Local\Temp\2\scoped_dir4280_14908}, rotatable=false, locationContextEnabled=true, version=43.0.2357.124, takesHeapSnapshot=true, cssSelectorsEnabled=true, databaseEnabled=false, handlesAlerts=true, browserConnectionEnabled=false, webStorageEnabled=true, nativeEvents=true, applicationCacheEnabled=false, takesScreenshot=true}]
	at sun.reflect.GeneratedConstructorAccessor53.newInstance(Unknown Source)
	at sun.reflect.DelegatingConstructorAccessorImpl.newInstance(DelegatingConstructorAccessorImpl.java:45)
	at java.lang.reflect.Constructor.newInstance(Constructor.java:526)
	at org.openqa.selenium.remote.ErrorHandler.createThrowable(ErrorHandler.java:187)
	at org.openqa.selenium.remote.ErrorHandler.throwIfResponseFailed(ErrorHandler.java:145)
	at org.openqa.selenium.remote.RemoteWebDriver.execute(RemoteWebDriver.java:554)
	at org.openqa.selenium.remote.RemoteWebDriver.findElement(RemoteWebDriver.java:307)
	at org.openqa.selenium.remote.RemoteWebDriver.findElementByCssSelector(RemoteWebDriver.java:396)
	at org.openqa.selenium.By$ByCssSelector.findElement(By.java:406)
	at org.openqa.selenium.remote.RemoteWebDriver.findElement(RemoteWebDriver.java:299)
	at sun.reflect.GeneratedMethodAccessor8.invoke(Unknown Source)
	at sun.reflect.DelegatingMethodAccessorImpl.invoke(DelegatingMethodAccessorImpl.java:43)
	at java.lang.reflect.Method.invoke(Method.java:606)
	at org.openqa.selenium.support.events.EventFiringWebDriver$2.invoke(EventFiringWebDriver.java:101)
	at com.sun.proxy.$Proxy16.findElement(Unknown Source)
	at org.openqa.selenium.support.events.EventFiringWebDriver.findElement(EventFiringWebDriver.java:180)
	at org.openqa.selenium.support.ui.ExpectedConditions.findElement(ExpectedConditions.java:523)
	at org.openqa.selenium.support.ui.ExpectedConditions.access$000(ExpectedConditions.java:39)
	at org.openqa.selenium.support.ui.ExpectedConditions$4.apply(ExpectedConditions.java:130)
	at org.openqa.selenium.support.ui.ExpectedConditions$4.apply(ExpectedConditions.java:126)
	at org.openqa.selenium.support.ui.FluentWait.until(FluentWait.java:208)
	at com.mifos.pages.MifosWebPage.waitForElementToBeVisible(MifosWebPage.java:210)
	at com.mifos.pages.MifosWebPage.getElement(MifosWebPage.java:699)
	at com.mifos.pages.MifosWebPage.getElement(MifosWebPage.java:684)
	at com.mifos.pages.MifosWebPage.getSingleText(MifosWebPage.java:941)
	at com.mifos.pages.MifosWebPage.validateSame(MifosWebPage.java:947)
	at com.mifos.pages.MifosWebPage.verifySuccessMessage(MifosWebPage.java:1815)
	at com.mifos.pages.FrontPage.verifyProductLoanExcelSheet(FrontPage.java:472)
	at com.mifos.steps.LoanProductSteps.I_should_see_product_loan_created_successfully(LoanProductSteps.java:27)
	at sun.reflect.GeneratedMethodAccessor59.invoke(Unknown Source)
	at sun.reflect.DelegatingMethodAccessorImpl.invoke(DelegatingMethodAccessorImpl.java:43)
	at java.lang.reflect.Method.invoke(Method.java:606)
	at cucumber.runtime.Utils$1.call(Utils.java:44)
	at cucumber.runtime.Timeout.timeout(Timeout.java:12)
	at cucumber.runtime.Utils.invoke(Utils.java:40)
	at cucumber.runtime.java.JavaStepDefinition.execute(JavaStepDefinition.java:35)
	at cucumber.runtime.StepDefinitionMatch.runStep(StepDefinitionMatch.java:38)
	at cucumber.runtime.Runtime.runStep(Runtime.java:268)
	at cucumber.runtime.model.StepContainer.runStep(StepContainer.java:45)
	at cucumber.runtime.model.StepContainer.runSteps(StepContainer.java:40)
	at cucumber.runtime.model.CucumberScenario.run(CucumberScenario.java:36)
	at cucumber.runtime.junit.ExecutionUnitRunner.run(ExecutionUnitRunner.java:83)
	at org.junit.runners.Suite.runChild(Suite.java:127)
	at org.junit.runners.Suite.runChild(Suite.java:26)
	at org.junit.runners.ParentRunner$3.run(ParentRunner.java:238)
	at org.junit.runners.ParentRunner$1.schedule(ParentRunner.java:63)
	at org.junit.runners.ParentRunner.runChildren(ParentRunner.java:236)
	at org.junit.runners.ParentRunner.access$000(ParentRunner.java:53)
	at org.junit.runners.ParentRunner$2.evaluate(ParentRunner.java:229)
	at org.junit.runners.ParentRunner.run(ParentRunner.java:309)
	at org.junit.runners.Suite.runChild(Suite.java:127)
	at org.junit.runners.Suite.runChild(Suite.java:26)
	at org.junit.runners.ParentRunner$3.run(ParentRunner.java:238)
	at org.junit.runners.ParentRunner$1.schedule(ParentRunner.java:63)
	at org.junit.runners.ParentRunner.runChildren(ParentRunner.java:236)
	at org.junit.runners.ParentRunner.access$000(ParentRunner.java:53)
	at org.junit.runners.ParentRunner$2.evaluate(ParentRunner.java:229)
	at org.junit.runners.ParentRunner.run(ParentRunner.java:309)
	at cucumber.runtime.junit.FeatureRunner.runChild(FeatureRunner.java:63)
	at cucumber.runtime.junit.FeatureRunner.runChild(FeatureRunner.java:18)
	at org.junit.runners.ParentRunner$3.run(ParentRunner.java:238)
	at org.junit.runners.ParentRunner$1.schedule(ParentRunner.java:63)
	at org.junit.runners.ParentRunner.runChildren(ParentRunner.java:236)
	at org.junit.runners.ParentRunner.access$000(ParentRunner.java:53)
	at org.junit.runners.ParentRunner$2.evaluate(ParentRunner.java:229)
	at org.junit.runners.ParentRunner.run(ParentRunner.java:309)
	at cucumber.runtime.junit.FeatureRunner.run(FeatureRunner.java:70)
	at cucumber.api.junit.Cucumber.runChild(Cucumber.java:77)
	at cucumber.api.junit.Cucumber.runChild(Cucumber.java:37)
	at org.junit.runners.ParentRunner$3.run(ParentRunner.java:238)
	at org.junit.runners.ParentRunner$1.schedule(ParentRunner.java:63)
	at org.junit.runners.ParentRunner.runChildren(ParentRunner.java:236)
	at org.junit.runners.ParentRunner.access$000(ParentRunner.java:53)
	at org.junit.runners.ParentRunner$2.evaluate(ParentRunner.java:229)
	at org.junit.runners.ParentRunner.run(ParentRunner.java:309)
	at cucumber.api.junit.Cucumber.run(Cucumber.java:82)
	at org.apache.maven.surefire.junit4.JUnit4Provider.execute(JUnit4Provider.java:252)
	at org.apache.maven.surefire.junit4.JUnit4Provider.executeTestSet(JUnit4Provider.java:141)
	at org.apache.maven.surefire.junit4.JUnit4Provider.invoke(JUnit4Provider.java:112)
	at sun.reflect.NativeMethodAccessorImpl.invoke0(Native Method)
	at sun.reflect.NativeMethodAccessorImpl.invoke(NativeMethodAccessorImpl.java:57)
	at sun.reflect.DelegatingMethodAccessorImpl.invoke(DelegatingMethodAccessorImpl.java:43)
	at java.lang.reflect.Method.invoke(Method.java:606)
	at org.apache.maven.surefire.util.ReflectionUtils.invokeMethodWithArray(ReflectionUtils.java:189)
	at org.apache.maven.surefire.booter.ProviderFactory$ProviderProxy.invoke(ProviderFactory.java:165)
	at org.apache.maven.surefire.booter.ProviderFactory.invokeProvider(ProviderFactory.java:85)
	at org.apache.maven.surefire.booter.ForkedBooter.runSuitesInProcess(ForkedBooter.java:113)
	at org.apache.maven.surefire.booter.ForkedBooter.main(ForkedBooter.java:75)
</error>
    <system-out>welcome to mifos through excel
Cell One ... key=productname
390-RBI-EI-DB-DL-REC-NON-RNI-CTPD-DL-MD-TR-1-EarlyRePayment
390-RBI-EI-DB-DL-REC-NON-RNI-CTPD-DL-MD-TR-1-EarlyRePayment
</system-out>
  </testcase>
  <testcase time="0" classname="| 390-RBI-EI-DB-DL-REC-NON-RNI-CTPD-DL-MD-TR-1-EarlyRePayment-Loanproduct4.xlsx |" name="| 390-RBI-EI-DB-DL-REC-NON-RNI-CTPD-DL-MD-TR-1-EarlyRePayment-Loanproduct4.xlsx |">
    <error message="Timed out after 100 seconds waiting for visibility of element located by By.selector: legend.ng-binding
Build info: version: &apos;2.29.1&apos;, revision: &apos;dfb1306b85be4934d23c123122e06e602a15e446&apos;, time: &apos;2013-01-22 12:58:05&apos;
System info: os.name: &apos;Windows Server 2012&apos;, os.arch: &apos;amd64&apos;, os.version: &apos;6.2&apos;, java.version: &apos;1.7.0_51&apos;
Driver info: driver.version: unknown" type="org.openqa.selenium.TimeoutException">org.openqa.selenium.TimeoutException: Timed out after 100 seconds waiting for visibility of element located by By.selector: legend.ng-binding
Build info: version: &apos;2.29.1&apos;, revision: &apos;dfb1306b85be4934d23c123122e06e602a15e446&apos;, time: &apos;2013-01-22 12:58:05&apos;
System info: os.name: &apos;Windows Server 2012&apos;, os.arch: &apos;amd64&apos;, os.version: &apos;6.2&apos;, java.version: &apos;1.7.0_51&apos;
Driver info: driver.version: unknown
	at org.openqa.selenium.support.ui.FluentWait.timeoutException(FluentWait.java:259)
	at org.openqa.selenium.support.ui.FluentWait.until(FluentWait.java:228)
	at com.mifos.pages.MifosWebPage.waitForElementToBeVisible(MifosWebPage.java:210)
	at com.mifos.pages.MifosWebPage.getElement(MifosWebPage.java:699)
	at com.mifos.pages.MifosWebPage.getElement(MifosWebPage.java:684)
	at com.mifos.pages.MifosWebPage.getSingleText(MifosWebPage.java:941)
	at com.mifos.pages.MifosWebPage.validateSame(MifosWebPage.java:947)
	at com.mifos.pages.MifosWebPage.verifySuccessMessage(MifosWebPage.java:1815)
	at com.mifos.pages.FrontPage.verifyProductLoanExcelSheet(FrontPage.java:472)
	at com.mifos.steps.LoanProductSteps.I_should_see_product_loan_created_successfully(LoanProductSteps.java:27)
	at ✽.Then I should see product loan created successfully(LoanRBI.feature:18)
Caused by: org.openqa.selenium.NoSuchElementException: no such element
  (Session info: chrome=43.0.2357.124)
  (Driver info: chromedriver=2.8.241075,platform=Windows NT 6.3 x86_64) (WARNING: The server did not provide any stacktrace information)
Command duration or timeout: 30.03 seconds
For documentation on this error, please visit: http://seleniumhq.org/exceptions/no_such_element.html
Build info: version: &apos;2.29.1&apos;, revision: &apos;dfb1306b85be4934d23c123122e06e602a15e446&apos;, time: &apos;2013-01-22 12:58:05&apos;
System info: os.name: &apos;Windows Server 2012&apos;, os.arch: &apos;amd64&apos;, os.version: &apos;6.2&apos;, java.version: &apos;1.7.0_51&apos;
Session ID: 9c46b75203e26c05df60f593b9b3207d
Driver info: org.openqa.selenium.chrome.ChromeDriver
Capabilities [{platform=XP, acceptSslCerts=true, javascriptEnabled=true, browserName=chrome, chrome={userDataDir=C:\Users\ADMINI~1\AppData\Local\Temp\2\scoped_dir4280_14908}, rotatable=false, locationContextEnabled=true, version=43.0.2357.124, takesHeapSnapshot=true, cssSelectorsEnabled=true, databaseEnabled=false, handlesAlerts=true, browserConnectionEnabled=false, webStorageEnabled=true, nativeEvents=true, applicationCacheEnabled=false, takesScreenshot=true}]
	at sun.reflect.GeneratedConstructorAccessor53.newInstance(Unknown Source)
	at sun.reflect.DelegatingConstructorAccessorImpl.newInstance(DelegatingConstructorAccessorImpl.java:45)
	at java.lang.reflect.Constructor.newInstance(Constructor.java:526)
	at org.openqa.selenium.remote.ErrorHandler.createThrowable(ErrorHandler.java:187)
	at org.openqa.selenium.remote.ErrorHandler.throwIfResponseFailed(ErrorHandler.java:145)
	at org.openqa.selenium.remote.RemoteWebDriver.execute(RemoteWebDriver.java:554)
	at org.openqa.selenium.remote.RemoteWebDriver.findElement(RemoteWebDriver.java:307)
	at org.openqa.selenium.remote.RemoteWebDriver.findElementByCssSelector(RemoteWebDriver.java:396)
	at org.openqa.selenium.By$ByCssSelector.findElement(By.java:406)
	at org.openqa.selenium.remote.RemoteWebDriver.findElement(RemoteWebDriver.java:299)
	at sun.reflect.GeneratedMethodAccessor8.invoke(Unknown Source)
	at sun.reflect.DelegatingMethodAccessorImpl.invoke(DelegatingMethodAccessorImpl.java:43)
	at java.lang.reflect.Method.invoke(Method.java:606)
	at org.openqa.selenium.support.events.EventFiringWebDriver$2.invoke(EventFiringWebDriver.java:101)
	at com.sun.proxy.$Proxy16.findElement(Unknown Source)
	at org.openqa.selenium.support.events.EventFiringWebDriver.findElement(EventFiringWebDriver.java:180)
	at org.openqa.selenium.support.ui.ExpectedConditions.findElement(ExpectedConditions.java:523)
	at org.openqa.selenium.support.ui.ExpectedConditions.access$000(ExpectedConditions.java:39)
	at org.openqa.selenium.support.ui.ExpectedConditions$4.apply(ExpectedConditions.java:130)
	at org.openqa.selenium.support.ui.ExpectedConditions$4.apply(ExpectedConditions.java:126)
	at org.openqa.selenium.support.ui.FluentWait.until(FluentWait.java:208)
	at com.mifos.pages.MifosWebPage.waitForElementToBeVisible(MifosWebPage.java:210)
	at com.mifos.pages.MifosWebPage.getElement(MifosWebPage.java:699)
	at com.mifos.pages.MifosWebPage.getElement(MifosWebPage.java:684)
	at com.mifos.pages.MifosWebPage.getSingleText(MifosWebPage.java:941)
	at com.mifos.pages.MifosWebPage.validateSame(MifosWebPage.java:947)
	at com.mifos.pages.MifosWebPage.verifySuccessMessage(MifosWebPage.java:1815)
	at com.mifos.pages.FrontPage.verifyProductLoanExcelSheet(FrontPage.java:472)
	at com.mifos.steps.LoanProductSteps.I_should_see_product_loan_created_successfully(LoanProductSteps.java:27)
	at sun.reflect.GeneratedMethodAccessor59.invoke(Unknown Source)
	at sun.reflect.DelegatingMethodAccessorImpl.invoke(DelegatingMethodAccessorImpl.java:43)
	at java.lang.reflect.Method.invoke(Method.java:606)
	at cucumber.runtime.Utils$1.call(Utils.java:44)
	at cucumber.runtime.Timeout.timeout(Timeout.java:12)
	at cucumber.runtime.Utils.invoke(Utils.java:40)
	at cucumber.runtime.java.JavaStepDefinition.execute(JavaStepDefinition.java:35)
	at cucumber.runtime.StepDefinitionMatch.runStep(StepDefinitionMatch.java:38)
	at cucumber.runtime.Runtime.runStep(Runtime.java:268)
	at cucumber.runtime.model.StepContainer.runStep(StepContainer.java:45)
	at cucumber.runtime.model.StepContainer.runSteps(StepContainer.java:40)
	at cucumber.runtime.model.CucumberScenario.run(CucumberScenario.java:36)
	at cucumber.runtime.junit.ExecutionUnitRunner.run(ExecutionUnitRunner.java:83)
	at org.junit.runners.Suite.runChild(Suite.java:127)
	at org.junit.runners.Suite.runChild(Suite.java:26)
	at org.junit.runners.ParentRunner$3.run(ParentRunner.java:238)
	at org.junit.runners.ParentRunner$1.schedule(ParentRunner.java:63)
	at org.junit.runners.ParentRunner.runChildren(ParentRunner.java:236)
	at org.junit.runners.ParentRunner.access$000(ParentRunner.java:53)
	at org.junit.runners.ParentRunner$2.evaluate(ParentRunner.java:229)
	at org.junit.runners.ParentRunner.run(ParentRunner.java:309)
	at org.junit.runners.Suite.runChild(Suite.java:127)
	at org.junit.runners.Suite.runChild(Suite.java:26)
	at org.junit.runners.ParentRunner$3.run(ParentRunner.java:238)
	at org.junit.runners.ParentRunner$1.schedule(ParentRunner.java:63)
	at org.junit.runners.ParentRunner.runChildren(ParentRunner.java:236)
	at org.junit.runners.ParentRunner.access$000(ParentRunner.java:53)
	at org.junit.runners.ParentRunner$2.evaluate(ParentRunner.java:229)
	at org.junit.runners.ParentRunner.run(ParentRunner.java:309)
	at cucumber.runtime.junit.FeatureRunner.runChild(FeatureRunner.java:63)
	at cucumber.runtime.junit.FeatureRunner.runChild(FeatureRunner.java:18)
	at org.junit.runners.ParentRunner$3.run(ParentRunner.java:238)
	at org.junit.runners.ParentRunner$1.schedule(ParentRunner.java:63)
	at org.junit.runners.ParentRunner.runChildren(ParentRunner.java:236)
	at org.junit.runners.ParentRunner.access$000(ParentRunner.java:53)
	at org.junit.runners.ParentRunner$2.evaluate(ParentRunner.java:229)
	at org.junit.runners.ParentRunner.run(ParentRunner.java:309)
	at cucumber.runtime.junit.FeatureRunner.run(FeatureRunner.java:70)
	at cucumber.api.junit.Cucumber.runChild(Cucumber.java:77)
	at cucumber.api.junit.Cucumber.runChild(Cucumber.java:37)
	at org.junit.runners.ParentRunner$3.run(ParentRunner.java:238)
	at org.junit.runners.ParentRunner$1.schedule(ParentRunner.java:63)
	at org.junit.runners.ParentRunner.runChildren(ParentRunner.java:236)
	at org.junit.runners.ParentRunner.access$000(ParentRunner.java:53)
	at org.junit.runners.ParentRunner$2.evaluate(ParentRunner.java:229)
	at org.junit.runners.ParentRunner.run(ParentRunner.java:309)
	at cucumber.api.junit.Cucumber.run(Cucumber.java:82)
	at org.apache.maven.surefire.junit4.JUnit4Provider.execute(JUnit4Provider.java:252)
	at org.apache.maven.surefire.junit4.JUnit4Provider.executeTestSet(JUnit4Provider.java:141)
	at org.apache.maven.surefire.junit4.JUnit4Provider.invoke(JUnit4Provider.java:112)
	at sun.reflect.NativeMethodAccessorImpl.invoke0(Native Method)
	at sun.reflect.NativeMethodAccessorImpl.invoke(NativeMethodAccessorImpl.java:57)
	at sun.reflect.DelegatingMethodAccessorImpl.invoke(DelegatingMethodAccessorImpl.java:43)
	at java.lang.reflect.Method.invoke(Method.java:606)
	at org.apache.maven.surefire.util.ReflectionUtils.invokeMethodWithArray(ReflectionUtils.java:189)
	at org.apache.maven.surefire.booter.ProviderFactory$ProviderProxy.invoke(ProviderFactory.java:165)
	at org.apache.maven.surefire.booter.ProviderFactory.invokeProvider(ProviderFactory.java:85)
	at org.apache.maven.surefire.booter.ForkedBooter.runSuitesInProcess(ForkedBooter.java:113)
	at org.apache.maven.surefire.booter.ForkedBooter.main(ForkedBooter.java:75)
</error>
  </testcase>
  <testcase time="0" classname="| 391-RBI-EI-DB-DL-REC-NON-RNI-CTRFD-SAR-MD-TR-1-EarlyRePayment-Loanproduct4.xlsx |" name="Given I navigate to mifos"/>
  <testcase time="0" classname="| 391-RBI-EI-DB-DL-REC-NON-RNI-CTRFD-SAR-MD-TR-1-EarlyRePayment-Loanproduct4.xlsx |" name="And I use login folder"/>
  <testcase time="0" classname="| 391-RBI-EI-DB-DL-REC-NON-RNI-CTRFD-SAR-MD-TR-1-EarlyRePayment-Loanproduct4.xlsx |" name="When I login into mifos site using excel sheet"/>
  <testcase time="0" classname="| 391-RBI-EI-DB-DL-REC-NON-RNI-CTRFD-SAR-MD-TR-1-EarlyRePayment-Loanproduct4.xlsx |" name="Then I should see logged in successfully"/>
  <testcase time="0" classname="| 391-RBI-EI-DB-DL-REC-NON-RNI-CTRFD-SAR-MD-TR-1-EarlyRePayment-Loanproduct4.xlsx |" name="Given I setup the product loan"/>
  <testcase time="0" classname="| 391-RBI-EI-DB-DL-REC-NON-RNI-CTRFD-SAR-MD-TR-1-EarlyRePayment-Loanproduct4.xlsx |" name="And I entered the values into product loan using"/>
  <testcase time="0" classname="| 391-RBI-EI-DB-DL-REC-NON-RNI-CTRFD-SAR-MD-TR-1-EarlyRePayment-Loanproduct4.xlsx |" name="Then I should see product loan created successfully">
    <error message="Timed out after 100 seconds waiting for visibility of element located by By.selector: legend.ng-binding
Build info: version: &apos;2.29.1&apos;, revision: &apos;dfb1306b85be4934d23c123122e06e602a15e446&apos;, time: &apos;2013-01-22 12:58:05&apos;
System info: os.name: &apos;Windows Server 2012&apos;, os.arch: &apos;amd64&apos;, os.version: &apos;6.2&apos;, java.version: &apos;1.7.0_51&apos;
Driver info: driver.version: unknown" type="org.openqa.selenium.TimeoutException">org.openqa.selenium.TimeoutException: Timed out after 100 seconds waiting for visibility of element located by By.selector: legend.ng-binding
Build info: version: &apos;2.29.1&apos;, revision: &apos;dfb1306b85be4934d23c123122e06e602a15e446&apos;, time: &apos;2013-01-22 12:58:05&apos;
System info: os.name: &apos;Windows Server 2012&apos;, os.arch: &apos;amd64&apos;, os.version: &apos;6.2&apos;, java.version: &apos;1.7.0_51&apos;
Driver info: driver.version: unknown
	at org.openqa.selenium.support.ui.FluentWait.timeoutException(FluentWait.java:259)
	at org.openqa.selenium.support.ui.FluentWait.until(FluentWait.java:228)
	at com.mifos.pages.MifosWebPage.waitForElementToBeVisible(MifosWebPage.java:210)
	at com.mifos.pages.MifosWebPage.getElement(MifosWebPage.java:699)
	at com.mifos.pages.MifosWebPage.getElement(MifosWebPage.java:684)
	at com.mifos.pages.MifosWebPage.getSingleText(MifosWebPage.java:941)
	at com.mifos.pages.MifosWebPage.validateSame(MifosWebPage.java:947)
	at com.mifos.pages.MifosWebPage.verifySuccessMessage(MifosWebPage.java:1815)
	at com.mifos.pages.FrontPage.verifyProductLoanExcelSheet(FrontPage.java:472)
	at com.mifos.steps.LoanProductSteps.I_should_see_product_loan_created_successfully(LoanProductSteps.java:27)
	at ✽.Then I should see product loan created successfully(LoanRBI.feature:18)
Caused by: org.openqa.selenium.NoSuchElementException: no such element
  (Session info: chrome=43.0.2357.124)
  (Driver info: chromedriver=2.8.241075,platform=Windows NT 6.3 x86_64) (WARNING: The server did not provide any stacktrace information)
Command duration or timeout: 30.03 seconds
For documentation on this error, please visit: http://seleniumhq.org/exceptions/no_such_element.html
Build info: version: &apos;2.29.1&apos;, revision: &apos;dfb1306b85be4934d23c123122e06e602a15e446&apos;, time: &apos;2013-01-22 12:58:05&apos;
System info: os.name: &apos;Windows Server 2012&apos;, os.arch: &apos;amd64&apos;, os.version: &apos;6.2&apos;, java.version: &apos;1.7.0_51&apos;
Session ID: 406b78645fe1c8e03faf789fb01d78a8
Driver info: org.openqa.selenium.chrome.ChromeDriver
Capabilities [{platform=XP, acceptSslCerts=true, javascriptEnabled=true, browserName=chrome, chrome={userDataDir=C:\Users\ADMINI~1\AppData\Local\Temp\2\scoped_dir2468_15417}, rotatable=false, locationContextEnabled=true, version=43.0.2357.124, takesHeapSnapshot=true, cssSelectorsEnabled=true, databaseEnabled=false, handlesAlerts=true, browserConnectionEnabled=false, webStorageEnabled=true, nativeEvents=true, applicationCacheEnabled=false, takesScreenshot=true}]
	at sun.reflect.GeneratedConstructorAccessor53.newInstance(Unknown Source)
	at sun.reflect.DelegatingConstructorAccessorImpl.newInstance(DelegatingConstructorAccessorImpl.java:45)
	at java.lang.reflect.Constructor.newInstance(Constructor.java:526)
	at org.openqa.selenium.remote.ErrorHandler.createThrowable(ErrorHandler.java:187)
	at org.openqa.selenium.remote.ErrorHandler.throwIfResponseFailed(ErrorHandler.java:145)
	at org.openqa.selenium.remote.RemoteWebDriver.execute(RemoteWebDriver.java:554)
	at org.openqa.selenium.remote.RemoteWebDriver.findElement(RemoteWebDriver.java:307)
	at org.openqa.selenium.remote.RemoteWebDriver.findElementByCssSelector(RemoteWebDriver.java:396)
	at org.openqa.selenium.By$ByCssSelector.findElement(By.java:406)
	at org.openqa.selenium.remote.RemoteWebDriver.findElement(RemoteWebDriver.java:299)
	at sun.reflect.GeneratedMethodAccessor8.invoke(Unknown Source)
	at sun.reflect.DelegatingMethodAccessorImpl.invoke(DelegatingMethodAccessorImpl.java:43)
	at java.lang.reflect.Method.invoke(Method.java:606)
	at org.openqa.selenium.support.events.EventFiringWebDriver$2.invoke(EventFiringWebDriver.java:101)
	at com.sun.proxy.$Proxy16.findElement(Unknown Source)
	at org.openqa.selenium.support.events.EventFiringWebDriver.findElement(EventFiringWebDriver.java:180)
	at org.openqa.selenium.support.ui.ExpectedConditions.findElement(ExpectedConditions.java:523)
	at org.openqa.selenium.support.ui.ExpectedConditions.access$000(ExpectedConditions.java:39)
	at org.openqa.selenium.support.ui.ExpectedConditions$4.apply(ExpectedConditions.java:130)
	at org.openqa.selenium.support.ui.ExpectedConditions$4.apply(ExpectedConditions.java:126)
	at org.openqa.selenium.support.ui.FluentWait.until(FluentWait.java:208)
	at com.mifos.pages.MifosWebPage.waitForElementToBeVisible(MifosWebPage.java:210)
	at com.mifos.pages.MifosWebPage.getElement(MifosWebPage.java:699)
	at com.mifos.pages.MifosWebPage.getElement(MifosWebPage.java:684)
	at com.mifos.pages.MifosWebPage.getSingleText(MifosWebPage.java:941)
	at com.mifos.pages.MifosWebPage.validateSame(MifosWebPage.java:947)
	at com.mifos.pages.MifosWebPage.verifySuccessMessage(MifosWebPage.java:1815)
	at com.mifos.pages.FrontPage.verifyProductLoanExcelSheet(FrontPage.java:472)
	at com.mifos.steps.LoanProductSteps.I_should_see_product_loan_created_successfully(LoanProductSteps.java:27)
	at sun.reflect.GeneratedMethodAccessor59.invoke(Unknown Source)
	at sun.reflect.DelegatingMethodAccessorImpl.invoke(DelegatingMethodAccessorImpl.java:43)
	at java.lang.reflect.Method.invoke(Method.java:606)
	at cucumber.runtime.Utils$1.call(Utils.java:44)
	at cucumber.runtime.Timeout.timeout(Timeout.java:12)
	at cucumber.runtime.Utils.invoke(Utils.java:40)
	at cucumber.runtime.java.JavaStepDefinition.execute(JavaStepDefinition.java:35)
	at cucumber.runtime.StepDefinitionMatch.runStep(StepDefinitionMatch.java:38)
	at cucumber.runtime.Runtime.runStep(Runtime.java:268)
	at cucumber.runtime.model.StepContainer.runStep(StepContainer.java:45)
	at cucumber.runtime.model.StepContainer.runSteps(StepContainer.java:40)
	at cucumber.runtime.model.CucumberScenario.run(CucumberScenario.java:36)
	at cucumber.runtime.junit.ExecutionUnitRunner.run(ExecutionUnitRunner.java:83)
	at org.junit.runners.Suite.runChild(Suite.java:127)
	at org.junit.runners.Suite.runChild(Suite.java:26)
	at org.junit.runners.ParentRunner$3.run(ParentRunner.java:238)
	at org.junit.runners.ParentRunner$1.schedule(ParentRunner.java:63)
	at org.junit.runners.ParentRunner.runChildren(ParentRunner.java:236)
	at org.junit.runners.ParentRunner.access$000(ParentRunner.java:53)
	at org.junit.runners.ParentRunner$2.evaluate(ParentRunner.java:229)
	at org.junit.runners.ParentRunner.run(ParentRunner.java:309)
	at org.junit.runners.Suite.runChild(Suite.java:127)
	at org.junit.runners.Suite.runChild(Suite.java:26)
	at org.junit.runners.ParentRunner$3.run(ParentRunner.java:238)
	at org.junit.runners.ParentRunner$1.schedule(ParentRunner.java:63)
	at org.junit.runners.ParentRunner.runChildren(ParentRunner.java:236)
	at org.junit.runners.ParentRunner.access$000(ParentRunner.java:53)
	at org.junit.runners.ParentRunner$2.evaluate(ParentRunner.java:229)
	at org.junit.runners.ParentRunner.run(ParentRunner.java:309)
	at cucumber.runtime.junit.FeatureRunner.runChild(FeatureRunner.java:63)
	at cucumber.runtime.junit.FeatureRunner.runChild(FeatureRunner.java:18)
	at org.junit.runners.ParentRunner$3.run(ParentRunner.java:238)
	at org.junit.runners.ParentRunner$1.schedule(ParentRunner.java:63)
	at org.junit.runners.ParentRunner.runChildren(ParentRunner.java:236)
	at org.junit.runners.ParentRunner.access$000(ParentRunner.java:53)
	at org.junit.runners.ParentRunner$2.evaluate(ParentRunner.java:229)
	at org.junit.runners.ParentRunner.run(ParentRunner.java:309)
	at cucumber.runtime.junit.FeatureRunner.run(FeatureRunner.java:70)
	at cucumber.api.junit.Cucumber.runChild(Cucumber.java:77)
	at cucumber.api.junit.Cucumber.runChild(Cucumber.java:37)
	at org.junit.runners.ParentRunner$3.run(ParentRunner.java:238)
	at org.junit.runners.ParentRunner$1.schedule(ParentRunner.java:63)
	at org.junit.runners.ParentRunner.runChildren(ParentRunner.java:236)
	at org.junit.runners.ParentRunner.access$000(ParentRunner.java:53)
	at org.junit.runners.ParentRunner$2.evaluate(ParentRunner.java:229)
	at org.junit.runners.ParentRunner.run(ParentRunner.java:309)
	at cucumber.api.junit.Cucumber.run(Cucumber.java:82)
	at org.apache.maven.surefire.junit4.JUnit4Provider.execute(JUnit4Provider.java:252)
	at org.apache.maven.surefire.junit4.JUnit4Provider.executeTestSet(JUnit4Provider.java:141)
	at org.apache.maven.surefire.junit4.JUnit4Provider.invoke(JUnit4Provider.java:112)
	at sun.reflect.NativeMethodAccessorImpl.invoke0(Native Method)
	at sun.reflect.NativeMethodAccessorImpl.invoke(NativeMethodAccessorImpl.java:57)
	at sun.reflect.DelegatingMethodAccessorImpl.invoke(DelegatingMethodAccessorImpl.java:43)
	at java.lang.reflect.Method.invoke(Method.java:606)
	at org.apache.maven.surefire.util.ReflectionUtils.invokeMethodWithArray(ReflectionUtils.java:189)
	at org.apache.maven.surefire.booter.ProviderFactory$ProviderProxy.invoke(ProviderFactory.java:165)
	at org.apache.maven.surefire.booter.ProviderFactory.invokeProvider(ProviderFactory.java:85)
	at org.apache.maven.surefire.booter.ForkedBooter.runSuitesInProcess(ForkedBooter.java:113)
	at org.apache.maven.surefire.booter.ForkedBooter.main(ForkedBooter.java:75)
</error>
    <system-out>welcome to mifos through excel
Cell One ... key=productname
391-RBI-EI-DB-DL-REC-NON-RNI-CTRFD-SAR-MD-TR-1-EarlyRePayment
391-RBI-EI-DB-DL-REC-NON-RNI-CTRFD-SAR-MD-TR-1-EarlyRePayment
</system-out>
  </testcase>
  <testcase time="0" classname="| 391-RBI-EI-DB-DL-REC-NON-RNI-CTRFD-SAR-MD-TR-1-EarlyRePayment-Loanproduct4.xlsx |" name="| 391-RBI-EI-DB-DL-REC-NON-RNI-CTRFD-SAR-MD-TR-1-EarlyRePayment-Loanproduct4.xlsx |">
    <error message="Timed out after 100 seconds waiting for visibility of element located by By.selector: legend.ng-binding
Build info: version: &apos;2.29.1&apos;, revision: &apos;dfb1306b85be4934d23c123122e06e602a15e446&apos;, time: &apos;2013-01-22 12:58:05&apos;
System info: os.name: &apos;Windows Server 2012&apos;, os.arch: &apos;amd64&apos;, os.version: &apos;6.2&apos;, java.version: &apos;1.7.0_51&apos;
Driver info: driver.version: unknown" type="org.openqa.selenium.TimeoutException">org.openqa.selenium.TimeoutException: Timed out after 100 seconds waiting for visibility of element located by By.selector: legend.ng-binding
Build info: version: &apos;2.29.1&apos;, revision: &apos;dfb1306b85be4934d23c123122e06e602a15e446&apos;, time: &apos;2013-01-22 12:58:05&apos;
System info: os.name: &apos;Windows Server 2012&apos;, os.arch: &apos;amd64&apos;, os.version: &apos;6.2&apos;, java.version: &apos;1.7.0_51&apos;
Driver info: driver.version: unknown
	at org.openqa.selenium.support.ui.FluentWait.timeoutException(FluentWait.java:259)
	at org.openqa.selenium.support.ui.FluentWait.until(FluentWait.java:228)
	at com.mifos.pages.MifosWebPage.waitForElementToBeVisible(MifosWebPage.java:210)
	at com.mifos.pages.MifosWebPage.getElement(MifosWebPage.java:699)
	at com.mifos.pages.MifosWebPage.getElement(MifosWebPage.java:684)
	at com.mifos.pages.MifosWebPage.getSingleText(MifosWebPage.java:941)
	at com.mifos.pages.MifosWebPage.validateSame(MifosWebPage.java:947)
	at com.mifos.pages.MifosWebPage.verifySuccessMessage(MifosWebPage.java:1815)
	at com.mifos.pages.FrontPage.verifyProductLoanExcelSheet(FrontPage.java:472)
	at com.mifos.steps.LoanProductSteps.I_should_see_product_loan_created_successfully(LoanProductSteps.java:27)
	at ✽.Then I should see product loan created successfully(LoanRBI.feature:18)
Caused by: org.openqa.selenium.NoSuchElementException: no such element
  (Session info: chrome=43.0.2357.124)
  (Driver info: chromedriver=2.8.241075,platform=Windows NT 6.3 x86_64) (WARNING: The server did not provide any stacktrace information)
Command duration or timeout: 30.03 seconds
For documentation on this error, please visit: http://seleniumhq.org/exceptions/no_such_element.html
Build info: version: &apos;2.29.1&apos;, revision: &apos;dfb1306b85be4934d23c123122e06e602a15e446&apos;, time: &apos;2013-01-22 12:58:05&apos;
System info: os.name: &apos;Windows Server 2012&apos;, os.arch: &apos;amd64&apos;, os.version: &apos;6.2&apos;, java.version: &apos;1.7.0_51&apos;
Session ID: 406b78645fe1c8e03faf789fb01d78a8
Driver info: org.openqa.selenium.chrome.ChromeDriver
Capabilities [{platform=XP, acceptSslCerts=true, javascriptEnabled=true, browserName=chrome, chrome={userDataDir=C:\Users\ADMINI~1\AppData\Local\Temp\2\scoped_dir2468_15417}, rotatable=false, locationContextEnabled=true, version=43.0.2357.124, takesHeapSnapshot=true, cssSelectorsEnabled=true, databaseEnabled=false, handlesAlerts=true, browserConnectionEnabled=false, webStorageEnabled=true, nativeEvents=true, applicationCacheEnabled=false, takesScreenshot=true}]
	at sun.reflect.GeneratedConstructorAccessor53.newInstance(Unknown Source)
	at sun.reflect.DelegatingConstructorAccessorImpl.newInstance(DelegatingConstructorAccessorImpl.java:45)
	at java.lang.reflect.Constructor.newInstance(Constructor.java:526)
	at org.openqa.selenium.remote.ErrorHandler.createThrowable(ErrorHandler.java:187)
	at org.openqa.selenium.remote.ErrorHandler.throwIfResponseFailed(ErrorHandler.java:145)
	at org.openqa.selenium.remote.RemoteWebDriver.execute(RemoteWebDriver.java:554)
	at org.openqa.selenium.remote.RemoteWebDriver.findElement(RemoteWebDriver.java:307)
	at org.openqa.selenium.remote.RemoteWebDriver.findElementByCssSelector(RemoteWebDriver.java:396)
	at org.openqa.selenium.By$ByCssSelector.findElement(By.java:406)
	at org.openqa.selenium.remote.RemoteWebDriver.findElement(RemoteWebDriver.java:299)
	at sun.reflect.GeneratedMethodAccessor8.invoke(Unknown Source)
	at sun.reflect.DelegatingMethodAccessorImpl.invoke(DelegatingMethodAccessorImpl.java:43)
	at java.lang.reflect.Method.invoke(Method.java:606)
	at org.openqa.selenium.support.events.EventFiringWebDriver$2.invoke(EventFiringWebDriver.java:101)
	at com.sun.proxy.$Proxy16.findElement(Unknown Source)
	at org.openqa.selenium.support.events.EventFiringWebDriver.findElement(EventFiringWebDriver.java:180)
	at org.openqa.selenium.support.ui.ExpectedConditions.findElement(ExpectedConditions.java:523)
	at org.openqa.selenium.support.ui.ExpectedConditions.access$000(ExpectedConditions.java:39)
	at org.openqa.selenium.support.ui.ExpectedConditions$4.apply(ExpectedConditions.java:130)
	at org.openqa.selenium.support.ui.ExpectedConditions$4.apply(ExpectedConditions.java:126)
	at org.openqa.selenium.support.ui.FluentWait.until(FluentWait.java:208)
	at com.mifos.pages.MifosWebPage.waitForElementToBeVisible(MifosWebPage.java:210)
	at com.mifos.pages.MifosWebPage.getElement(MifosWebPage.java:699)
	at com.mifos.pages.MifosWebPage.getElement(MifosWebPage.java:684)
	at com.mifos.pages.MifosWebPage.getSingleText(MifosWebPage.java:941)
	at com.mifos.pages.MifosWebPage.validateSame(MifosWebPage.java:947)
	at com.mifos.pages.MifosWebPage.verifySuccessMessage(MifosWebPage.java:1815)
	at com.mifos.pages.FrontPage.verifyProductLoanExcelSheet(FrontPage.java:472)
	at com.mifos.steps.LoanProductSteps.I_should_see_product_loan_created_successfully(LoanProductSteps.java:27)
	at sun.reflect.GeneratedMethodAccessor59.invoke(Unknown Source)
	at sun.reflect.DelegatingMethodAccessorImpl.invoke(DelegatingMethodAccessorImpl.java:43)
	at java.lang.reflect.Method.invoke(Method.java:606)
	at cucumber.runtime.Utils$1.call(Utils.java:44)
	at cucumber.runtime.Timeout.timeout(Timeout.java:12)
	at cucumber.runtime.Utils.invoke(Utils.java:40)
	at cucumber.runtime.java.JavaStepDefinition.execute(JavaStepDefinition.java:35)
	at cucumber.runtime.StepDefinitionMatch.runStep(StepDefinitionMatch.java:38)
	at cucumber.runtime.Runtime.runStep(Runtime.java:268)
	at cucumber.runtime.model.StepContainer.runStep(StepContainer.java:45)
	at cucumber.runtime.model.StepContainer.runSteps(StepContainer.java:40)
	at cucumber.runtime.model.CucumberScenario.run(CucumberScenario.java:36)
	at cucumber.runtime.junit.ExecutionUnitRunner.run(ExecutionUnitRunner.java:83)
	at org.junit.runners.Suite.runChild(Suite.java:127)
	at org.junit.runners.Suite.runChild(Suite.java:26)
	at org.junit.runners.ParentRunner$3.run(ParentRunner.java:238)
	at org.junit.runners.ParentRunner$1.schedule(ParentRunner.java:63)
	at org.junit.runners.ParentRunner.runChildren(ParentRunner.java:236)
	at org.junit.runners.ParentRunner.access$000(ParentRunner.java:53)
	at org.junit.runners.ParentRunner$2.evaluate(ParentRunner.java:229)
	at org.junit.runners.ParentRunner.run(ParentRunner.java:309)
	at org.junit.runners.Suite.runChild(Suite.java:127)
	at org.junit.runners.Suite.runChild(Suite.java:26)
	at org.junit.runners.ParentRunner$3.run(ParentRunner.java:238)
	at org.junit.runners.ParentRunner$1.schedule(ParentRunner.java:63)
	at org.junit.runners.ParentRunner.runChildren(ParentRunner.java:236)
	at org.junit.runners.ParentRunner.access$000(ParentRunner.java:53)
	at org.junit.runners.ParentRunner$2.evaluate(ParentRunner.java:229)
	at org.junit.runners.ParentRunner.run(ParentRunner.java:309)
	at cucumber.runtime.junit.FeatureRunner.runChild(FeatureRunner.java:63)
	at cucumber.runtime.junit.FeatureRunner.runChild(FeatureRunner.java:18)
	at org.junit.runners.ParentRunner$3.run(ParentRunner.java:238)
	at org.junit.runners.ParentRunner$1.schedule(ParentRunner.java:63)
	at org.junit.runners.ParentRunner.runChildren(ParentRunner.java:236)
	at org.junit.runners.ParentRunner.access$000(ParentRunner.java:53)
	at org.junit.runners.ParentRunner$2.evaluate(ParentRunner.java:229)
	at org.junit.runners.ParentRunner.run(ParentRunner.java:309)
	at cucumber.runtime.junit.FeatureRunner.run(FeatureRunner.java:70)
	at cucumber.api.junit.Cucumber.runChild(Cucumber.java:77)
	at cucumber.api.junit.Cucumber.runChild(Cucumber.java:37)
	at org.junit.runners.ParentRunner$3.run(ParentRunner.java:238)
	at org.junit.runners.ParentRunner$1.schedule(ParentRunner.java:63)
	at org.junit.runners.ParentRunner.runChildren(ParentRunner.java:236)
	at org.junit.runners.ParentRunner.access$000(ParentRunner.java:53)
	at org.junit.runners.ParentRunner$2.evaluate(ParentRunner.java:229)
	at org.junit.runners.ParentRunner.run(ParentRunner.java:309)
	at cucumber.api.junit.Cucumber.run(Cucumber.java:82)
	at org.apache.maven.surefire.junit4.JUnit4Provider.execute(JUnit4Provider.java:252)
	at org.apache.maven.surefire.junit4.JUnit4Provider.executeTestSet(JUnit4Provider.java:141)
	at org.apache.maven.surefire.junit4.JUnit4Provider.invoke(JUnit4Provider.java:112)
	at sun.reflect.NativeMethodAccessorImpl.invoke0(Native Method)
	at sun.reflect.NativeMethodAccessorImpl.invoke(NativeMethodAccessorImpl.java:57)
	at sun.reflect.DelegatingMethodAccessorImpl.invoke(DelegatingMethodAccessorImpl.java:43)
	at java.lang.reflect.Method.invoke(Method.java:606)
	at org.apache.maven.surefire.util.ReflectionUtils.invokeMethodWithArray(ReflectionUtils.java:189)
	at org.apache.maven.surefire.booter.ProviderFactory$ProviderProxy.invoke(ProviderFactory.java:165)
	at org.apache.maven.surefire.booter.ProviderFactory.invokeProvider(ProviderFactory.java:85)
	at org.apache.maven.surefire.booter.ForkedBooter.runSuitesInProcess(ForkedBooter.java:113)
	at org.apache.maven.surefire.booter.ForkedBooter.main(ForkedBooter.java:75)
</error>
  </testcase>
  <testcase time="0" classname="| 392-RBI-EI-DB-DL-REC-NON-RNI-CTRFD-DL-MD-TR-1-EarlyRePayment-Loanproduct4.xlsx |" name="Given I navigate to mifos"/>
  <testcase time="0" classname="| 392-RBI-EI-DB-DL-REC-NON-RNI-CTRFD-DL-MD-TR-1-EarlyRePayment-Loanproduct4.xlsx |" name="And I use login folder"/>
  <testcase time="0" classname="| 392-RBI-EI-DB-DL-REC-NON-RNI-CTRFD-DL-MD-TR-1-EarlyRePayment-Loanproduct4.xlsx |" name="When I login into mifos site using excel sheet"/>
  <testcase time="0" classname="| 392-RBI-EI-DB-DL-REC-NON-RNI-CTRFD-DL-MD-TR-1-EarlyRePayment-Loanproduct4.xlsx |" name="Then I should see logged in successfully"/>
  <testcase time="0" classname="| 392-RBI-EI-DB-DL-REC-NON-RNI-CTRFD-DL-MD-TR-1-EarlyRePayment-Loanproduct4.xlsx |" name="Given I setup the product loan"/>
  <testcase time="0" classname="| 392-RBI-EI-DB-DL-REC-NON-RNI-CTRFD-DL-MD-TR-1-EarlyRePayment-Loanproduct4.xlsx |" name="And I entered the values into product loan using"/>
  <testcase time="0" classname="| 392-RBI-EI-DB-DL-REC-NON-RNI-CTRFD-DL-MD-TR-1-EarlyRePayment-Loanproduct4.xlsx |" name="Then I should see product loan created successfully">
    <error message="Timed out after 100 seconds waiting for visibility of element located by By.selector: legend.ng-binding
Build info: version: &apos;2.29.1&apos;, revision: &apos;dfb1306b85be4934d23c123122e06e602a15e446&apos;, time: &apos;2013-01-22 12:58:05&apos;
System info: os.name: &apos;Windows Server 2012&apos;, os.arch: &apos;amd64&apos;, os.version: &apos;6.2&apos;, java.version: &apos;1.7.0_51&apos;
Driver info: driver.version: unknown" type="org.openqa.selenium.TimeoutException">org.openqa.selenium.TimeoutException: Timed out after 100 seconds waiting for visibility of element located by By.selector: legend.ng-binding
Build info: version: &apos;2.29.1&apos;, revision: &apos;dfb1306b85be4934d23c123122e06e602a15e446&apos;, time: &apos;2013-01-22 12:58:05&apos;
System info: os.name: &apos;Windows Server 2012&apos;, os.arch: &apos;amd64&apos;, os.version: &apos;6.2&apos;, java.version: &apos;1.7.0_51&apos;
Driver info: driver.version: unknown
	at org.openqa.selenium.support.ui.FluentWait.timeoutException(FluentWait.java:259)
	at org.openqa.selenium.support.ui.FluentWait.until(FluentWait.java:228)
	at com.mifos.pages.MifosWebPage.waitForElementToBeVisible(MifosWebPage.java:210)
	at com.mifos.pages.MifosWebPage.getElement(MifosWebPage.java:699)
	at com.mifos.pages.MifosWebPage.getElement(MifosWebPage.java:684)
	at com.mifos.pages.MifosWebPage.getSingleText(MifosWebPage.java:941)
	at com.mifos.pages.MifosWebPage.validateSame(MifosWebPage.java:947)
	at com.mifos.pages.MifosWebPage.verifySuccessMessage(MifosWebPage.java:1815)
	at com.mifos.pages.FrontPage.verifyProductLoanExcelSheet(FrontPage.java:472)
	at com.mifos.steps.LoanProductSteps.I_should_see_product_loan_created_successfully(LoanProductSteps.java:27)
	at ✽.Then I should see product loan created successfully(LoanRBI.feature:18)
Caused by: org.openqa.selenium.NoSuchElementException: no such element
  (Session info: chrome=43.0.2357.124)
  (Driver info: chromedriver=2.8.241075,platform=Windows NT 6.3 x86_64) (WARNING: The server did not provide any stacktrace information)
Command duration or timeout: 30.05 seconds
For documentation on this error, please visit: http://seleniumhq.org/exceptions/no_such_element.html
Build info: version: &apos;2.29.1&apos;, revision: &apos;dfb1306b85be4934d23c123122e06e602a15e446&apos;, time: &apos;2013-01-22 12:58:05&apos;
System info: os.name: &apos;Windows Server 2012&apos;, os.arch: &apos;amd64&apos;, os.version: &apos;6.2&apos;, java.version: &apos;1.7.0_51&apos;
Session ID: 67861e27ded40b480e9112cd2ab67828
Driver info: org.openqa.selenium.chrome.ChromeDriver
Capabilities [{platform=XP, acceptSslCerts=true, javascriptEnabled=true, browserName=chrome, chrome={userDataDir=C:\Users\ADMINI~1\AppData\Local\Temp\2\scoped_dir5036_24305}, rotatable=false, locationContextEnabled=true, version=43.0.2357.124, takesHeapSnapshot=true, cssSelectorsEnabled=true, databaseEnabled=false, handlesAlerts=true, browserConnectionEnabled=false, webStorageEnabled=true, nativeEvents=true, applicationCacheEnabled=false, takesScreenshot=true}]
	at sun.reflect.GeneratedConstructorAccessor53.newInstance(Unknown Source)
	at sun.reflect.DelegatingConstructorAccessorImpl.newInstance(DelegatingConstructorAccessorImpl.java:45)
	at java.lang.reflect.Constructor.newInstance(Constructor.java:526)
	at org.openqa.selenium.remote.ErrorHandler.createThrowable(ErrorHandler.java:187)
	at org.openqa.selenium.remote.ErrorHandler.throwIfResponseFailed(ErrorHandler.java:145)
	at org.openqa.selenium.remote.RemoteWebDriver.execute(RemoteWebDriver.java:554)
	at org.openqa.selenium.remote.RemoteWebDriver.findElement(RemoteWebDriver.java:307)
	at org.openqa.selenium.remote.RemoteWebDriver.findElementByCssSelector(RemoteWebDriver.java:396)
	at org.openqa.selenium.By$ByCssSelector.findElement(By.java:406)
	at org.openqa.selenium.remote.RemoteWebDriver.findElement(RemoteWebDriver.java:299)
	at sun.reflect.GeneratedMethodAccessor8.invoke(Unknown Source)
	at sun.reflect.DelegatingMethodAccessorImpl.invoke(DelegatingMethodAccessorImpl.java:43)
	at java.lang.reflect.Method.invoke(Method.java:606)
	at org.openqa.selenium.support.events.EventFiringWebDriver$2.invoke(EventFiringWebDriver.java:101)
	at com.sun.proxy.$Proxy16.findElement(Unknown Source)
	at org.openqa.selenium.support.events.EventFiringWebDriver.findElement(EventFiringWebDriver.java:180)
	at org.openqa.selenium.support.ui.ExpectedConditions.findElement(ExpectedConditions.java:523)
	at org.openqa.selenium.support.ui.ExpectedConditions.access$000(ExpectedConditions.java:39)
	at org.openqa.selenium.support.ui.ExpectedConditions$4.apply(ExpectedConditions.java:130)
	at org.openqa.selenium.support.ui.ExpectedConditions$4.apply(ExpectedConditions.java:126)
	at org.openqa.selenium.support.ui.FluentWait.until(FluentWait.java:208)
	at com.mifos.pages.MifosWebPage.waitForElementToBeVisible(MifosWebPage.java:210)
	at com.mifos.pages.MifosWebPage.getElement(MifosWebPage.java:699)
	at com.mifos.pages.MifosWebPage.getElement(MifosWebPage.java:684)
	at com.mifos.pages.MifosWebPage.getSingleText(MifosWebPage.java:941)
	at com.mifos.pages.MifosWebPage.validateSame(MifosWebPage.java:947)
	at com.mifos.pages.MifosWebPage.verifySuccessMessage(MifosWebPage.java:1815)
	at com.mifos.pages.FrontPage.verifyProductLoanExcelSheet(FrontPage.java:472)
	at com.mifos.steps.LoanProductSteps.I_should_see_product_loan_created_successfully(LoanProductSteps.java:27)
	at sun.reflect.GeneratedMethodAccessor59.invoke(Unknown Source)
	at sun.reflect.DelegatingMethodAccessorImpl.invoke(DelegatingMethodAccessorImpl.java:43)
	at java.lang.reflect.Method.invoke(Method.java:606)
	at cucumber.runtime.Utils$1.call(Utils.java:44)
	at cucumber.runtime.Timeout.timeout(Timeout.java:12)
	at cucumber.runtime.Utils.invoke(Utils.java:40)
	at cucumber.runtime.java.JavaStepDefinition.execute(JavaStepDefinition.java:35)
	at cucumber.runtime.StepDefinitionMatch.runStep(StepDefinitionMatch.java:38)
	at cucumber.runtime.Runtime.runStep(Runtime.java:268)
	at cucumber.runtime.model.StepContainer.runStep(StepContainer.java:45)
	at cucumber.runtime.model.StepContainer.runSteps(StepContainer.java:40)
	at cucumber.runtime.model.CucumberScenario.run(CucumberScenario.java:36)
	at cucumber.runtime.junit.ExecutionUnitRunner.run(ExecutionUnitRunner.java:83)
	at org.junit.runners.Suite.runChild(Suite.java:127)
	at org.junit.runners.Suite.runChild(Suite.java:26)
	at org.junit.runners.ParentRunner$3.run(ParentRunner.java:238)
	at org.junit.runners.ParentRunner$1.schedule(ParentRunner.java:63)
	at org.junit.runners.ParentRunner.runChildren(ParentRunner.java:236)
	at org.junit.runners.ParentRunner.access$000(ParentRunner.java:53)
	at org.junit.runners.ParentRunner$2.evaluate(ParentRunner.java:229)
	at org.junit.runners.ParentRunner.run(ParentRunner.java:309)
	at org.junit.runners.Suite.runChild(Suite.java:127)
	at org.junit.runners.Suite.runChild(Suite.java:26)
	at org.junit.runners.ParentRunner$3.run(ParentRunner.java:238)
	at org.junit.runners.ParentRunner$1.schedule(ParentRunner.java:63)
	at org.junit.runners.ParentRunner.runChildren(ParentRunner.java:236)
	at org.junit.runners.ParentRunner.access$000(ParentRunner.java:53)
	at org.junit.runners.ParentRunner$2.evaluate(ParentRunner.java:229)
	at org.junit.runners.ParentRunner.run(ParentRunner.java:309)
	at cucumber.runtime.junit.FeatureRunner.runChild(FeatureRunner.java:63)
	at cucumber.runtime.junit.FeatureRunner.runChild(FeatureRunner.java:18)
	at org.junit.runners.ParentRunner$3.run(ParentRunner.java:238)
	at org.junit.runners.ParentRunner$1.schedule(ParentRunner.java:63)
	at org.junit.runners.ParentRunner.runChildren(ParentRunner.java:236)
	at org.junit.runners.ParentRunner.access$000(ParentRunner.java:53)
	at org.junit.runners.ParentRunner$2.evaluate(ParentRunner.java:229)
	at org.junit.runners.ParentRunner.run(ParentRunner.java:309)
	at cucumber.runtime.junit.FeatureRunner.run(FeatureRunner.java:70)
	at cucumber.api.junit.Cucumber.runChild(Cucumber.java:77)
	at cucumber.api.junit.Cucumber.runChild(Cucumber.java:37)
	at org.junit.runners.ParentRunner$3.run(ParentRunner.java:238)
	at org.junit.runners.ParentRunner$1.schedule(ParentRunner.java:63)
	at org.junit.runners.ParentRunner.runChildren(ParentRunner.java:236)
	at org.junit.runners.ParentRunner.access$000(ParentRunner.java:53)
	at org.junit.runners.ParentRunner$2.evaluate(ParentRunner.java:229)
	at org.junit.runners.ParentRunner.run(ParentRunner.java:309)
	at cucumber.api.junit.Cucumber.run(Cucumber.java:82)
	at org.apache.maven.surefire.junit4.JUnit4Provider.execute(JUnit4Provider.java:252)
	at org.apache.maven.surefire.junit4.JUnit4Provider.executeTestSet(JUnit4Provider.java:141)
	at org.apache.maven.surefire.junit4.JUnit4Provider.invoke(JUnit4Provider.java:112)
	at sun.reflect.NativeMethodAccessorImpl.invoke0(Native Method)
	at sun.reflect.NativeMethodAccessorImpl.invoke(NativeMethodAccessorImpl.java:57)
	at sun.reflect.DelegatingMethodAccessorImpl.invoke(DelegatingMethodAccessorImpl.java:43)
	at java.lang.reflect.Method.invoke(Method.java:606)
	at org.apache.maven.surefire.util.ReflectionUtils.invokeMethodWithArray(ReflectionUtils.java:189)
	at org.apache.maven.surefire.booter.ProviderFactory$ProviderProxy.invoke(ProviderFactory.java:165)
	at org.apache.maven.surefire.booter.ProviderFactory.invokeProvider(ProviderFactory.java:85)
	at org.apache.maven.surefire.booter.ForkedBooter.runSuitesInProcess(ForkedBooter.java:113)
	at org.apache.maven.surefire.booter.ForkedBooter.main(ForkedBooter.java:75)
</error>
    <system-out>welcome to mifos through excel
Cell One ... key=productname
392-RBI-EI-DB-DL-REC-NON-RNI-CTRFD-DL-MD-TR-1-EarlyRePayment
392-RBI-EI-DB-DL-REC-NON-RNI-CTRFD-DL-MD-TR-1-EarlyRePayment
</system-out>
  </testcase>
  <testcase time="0" classname="| 392-RBI-EI-DB-DL-REC-NON-RNI-CTRFD-DL-MD-TR-1-EarlyRePayment-Loanproduct4.xlsx |" name="| 392-RBI-EI-DB-DL-REC-NON-RNI-CTRFD-DL-MD-TR-1-EarlyRePayment-Loanproduct4.xlsx |">
    <error message="Timed out after 100 seconds waiting for visibility of element located by By.selector: legend.ng-binding
Build info: version: &apos;2.29.1&apos;, revision: &apos;dfb1306b85be4934d23c123122e06e602a15e446&apos;, time: &apos;2013-01-22 12:58:05&apos;
System info: os.name: &apos;Windows Server 2012&apos;, os.arch: &apos;amd64&apos;, os.version: &apos;6.2&apos;, java.version: &apos;1.7.0_51&apos;
Driver info: driver.version: unknown" type="org.openqa.selenium.TimeoutException">org.openqa.selenium.TimeoutException: Timed out after 100 seconds waiting for visibility of element located by By.selector: legend.ng-binding
Build info: version: &apos;2.29.1&apos;, revision: &apos;dfb1306b85be4934d23c123122e06e602a15e446&apos;, time: &apos;2013-01-22 12:58:05&apos;
System info: os.name: &apos;Windows Server 2012&apos;, os.arch: &apos;amd64&apos;, os.version: &apos;6.2&apos;, java.version: &apos;1.7.0_51&apos;
Driver info: driver.version: unknown
	at org.openqa.selenium.support.ui.FluentWait.timeoutException(FluentWait.java:259)
	at org.openqa.selenium.support.ui.FluentWait.until(FluentWait.java:228)
	at com.mifos.pages.MifosWebPage.waitForElementToBeVisible(MifosWebPage.java:210)
	at com.mifos.pages.MifosWebPage.getElement(MifosWebPage.java:699)
	at com.mifos.pages.MifosWebPage.getElement(MifosWebPage.java:684)
	at com.mifos.pages.MifosWebPage.getSingleText(MifosWebPage.java:941)
	at com.mifos.pages.MifosWebPage.validateSame(MifosWebPage.java:947)
	at com.mifos.pages.MifosWebPage.verifySuccessMessage(MifosWebPage.java:1815)
	at com.mifos.pages.FrontPage.verifyProductLoanExcelSheet(FrontPage.java:472)
	at com.mifos.steps.LoanProductSteps.I_should_see_product_loan_created_successfully(LoanProductSteps.java:27)
	at ✽.Then I should see product loan created successfully(LoanRBI.feature:18)
Caused by: org.openqa.selenium.NoSuchElementException: no such element
  (Session info: chrome=43.0.2357.124)
  (Driver info: chromedriver=2.8.241075,platform=Windows NT 6.3 x86_64) (WARNING: The server did not provide any stacktrace information)
Command duration or timeout: 30.05 seconds
For documentation on this error, please visit: http://seleniumhq.org/exceptions/no_such_element.html
Build info: version: &apos;2.29.1&apos;, revision: &apos;dfb1306b85be4934d23c123122e06e602a15e446&apos;, time: &apos;2013-01-22 12:58:05&apos;
System info: os.name: &apos;Windows Server 2012&apos;, os.arch: &apos;amd64&apos;, os.version: &apos;6.2&apos;, java.version: &apos;1.7.0_51&apos;
Session ID: 67861e27ded40b480e9112cd2ab67828
Driver info: org.openqa.selenium.chrome.ChromeDriver
Capabilities [{platform=XP, acceptSslCerts=true, javascriptEnabled=true, browserName=chrome, chrome={userDataDir=C:\Users\ADMINI~1\AppData\Local\Temp\2\scoped_dir5036_24305}, rotatable=false, locationContextEnabled=true, version=43.0.2357.124, takesHeapSnapshot=true, cssSelectorsEnabled=true, databaseEnabled=false, handlesAlerts=true, browserConnectionEnabled=false, webStorageEnabled=true, nativeEvents=true, applicationCacheEnabled=false, takesScreenshot=true}]
	at sun.reflect.GeneratedConstructorAccessor53.newInstance(Unknown Source)
	at sun.reflect.DelegatingConstructorAccessorImpl.newInstance(DelegatingConstructorAccessorImpl.java:45)
	at java.lang.reflect.Constructor.newInstance(Constructor.java:526)
	at org.openqa.selenium.remote.ErrorHandler.createThrowable(ErrorHandler.java:187)
	at org.openqa.selenium.remote.ErrorHandler.throwIfResponseFailed(ErrorHandler.java:145)
	at org.openqa.selenium.remote.RemoteWebDriver.execute(RemoteWebDriver.java:554)
	at org.openqa.selenium.remote.RemoteWebDriver.findElement(RemoteWebDriver.java:307)
	at org.openqa.selenium.remote.RemoteWebDriver.findElementByCssSelector(RemoteWebDriver.java:396)
	at org.openqa.selenium.By$ByCssSelector.findElement(By.java:406)
	at org.openqa.selenium.remote.RemoteWebDriver.findElement(RemoteWebDriver.java:299)
	at sun.reflect.GeneratedMethodAccessor8.invoke(Unknown Source)
	at sun.reflect.DelegatingMethodAccessorImpl.invoke(DelegatingMethodAccessorImpl.java:43)
	at java.lang.reflect.Method.invoke(Method.java:606)
	at org.openqa.selenium.support.events.EventFiringWebDriver$2.invoke(EventFiringWebDriver.java:101)
	at com.sun.proxy.$Proxy16.findElement(Unknown Source)
	at org.openqa.selenium.support.events.EventFiringWebDriver.findElement(EventFiringWebDriver.java:180)
	at org.openqa.selenium.support.ui.ExpectedConditions.findElement(ExpectedConditions.java:523)
	at org.openqa.selenium.support.ui.ExpectedConditions.access$000(ExpectedConditions.java:39)
	at org.openqa.selenium.support.ui.ExpectedConditions$4.apply(ExpectedConditions.java:130)
	at org.openqa.selenium.support.ui.ExpectedConditions$4.apply(ExpectedConditions.java:126)
	at org.openqa.selenium.support.ui.FluentWait.until(FluentWait.java:208)
	at com.mifos.pages.MifosWebPage.waitForElementToBeVisible(MifosWebPage.java:210)
	at com.mifos.pages.MifosWebPage.getElement(MifosWebPage.java:699)
	at com.mifos.pages.MifosWebPage.getElement(MifosWebPage.java:684)
	at com.mifos.pages.MifosWebPage.getSingleText(MifosWebPage.java:941)
	at com.mifos.pages.MifosWebPage.validateSame(MifosWebPage.java:947)
	at com.mifos.pages.MifosWebPage.verifySuccessMessage(MifosWebPage.java:1815)
	at com.mifos.pages.FrontPage.verifyProductLoanExcelSheet(FrontPage.java:472)
	at com.mifos.steps.LoanProductSteps.I_should_see_product_loan_created_successfully(LoanProductSteps.java:27)
	at sun.reflect.GeneratedMethodAccessor59.invoke(Unknown Source)
	at sun.reflect.DelegatingMethodAccessorImpl.invoke(DelegatingMethodAccessorImpl.java:43)
	at java.lang.reflect.Method.invoke(Method.java:606)
	at cucumber.runtime.Utils$1.call(Utils.java:44)
	at cucumber.runtime.Timeout.timeout(Timeout.java:12)
	at cucumber.runtime.Utils.invoke(Utils.java:40)
	at cucumber.runtime.java.JavaStepDefinition.execute(JavaStepDefinition.java:35)
	at cucumber.runtime.StepDefinitionMatch.runStep(StepDefinitionMatch.java:38)
	at cucumber.runtime.Runtime.runStep(Runtime.java:268)
	at cucumber.runtime.model.StepContainer.runStep(StepContainer.java:45)
	at cucumber.runtime.model.StepContainer.runSteps(StepContainer.java:40)
	at cucumber.runtime.model.CucumberScenario.run(CucumberScenario.java:36)
	at cucumber.runtime.junit.ExecutionUnitRunner.run(ExecutionUnitRunner.java:83)
	at org.junit.runners.Suite.runChild(Suite.java:127)
	at org.junit.runners.Suite.runChild(Suite.java:26)
	at org.junit.runners.ParentRunner$3.run(ParentRunner.java:238)
	at org.junit.runners.ParentRunner$1.schedule(ParentRunner.java:63)
	at org.junit.runners.ParentRunner.runChildren(ParentRunner.java:236)
	at org.junit.runners.ParentRunner.access$000(ParentRunner.java:53)
	at org.junit.runners.ParentRunner$2.evaluate(ParentRunner.java:229)
	at org.junit.runners.ParentRunner.run(ParentRunner.java:309)
	at org.junit.runners.Suite.runChild(Suite.java:127)
	at org.junit.runners.Suite.runChild(Suite.java:26)
	at org.junit.runners.ParentRunner$3.run(ParentRunner.java:238)
	at org.junit.runners.ParentRunner$1.schedule(ParentRunner.java:63)
	at org.junit.runners.ParentRunner.runChildren(ParentRunner.java:236)
	at org.junit.runners.ParentRunner.access$000(ParentRunner.java:53)
	at org.junit.runners.ParentRunner$2.evaluate(ParentRunner.java:229)
	at org.junit.runners.ParentRunner.run(ParentRunner.java:309)
	at cucumber.runtime.junit.FeatureRunner.runChild(FeatureRunner.java:63)
	at cucumber.runtime.junit.FeatureRunner.runChild(FeatureRunner.java:18)
	at org.junit.runners.ParentRunner$3.run(ParentRunner.java:238)
	at org.junit.runners.ParentRunner$1.schedule(ParentRunner.java:63)
	at org.junit.runners.ParentRunner.runChildren(ParentRunner.java:236)
	at org.junit.runners.ParentRunner.access$000(ParentRunner.java:53)
	at org.junit.runners.ParentRunner$2.evaluate(ParentRunner.java:229)
	at org.junit.runners.ParentRunner.run(ParentRunner.java:309)
	at cucumber.runtime.junit.FeatureRunner.run(FeatureRunner.java:70)
	at cucumber.api.junit.Cucumber.runChild(Cucumber.java:77)
	at cucumber.api.junit.Cucumber.runChild(Cucumber.java:37)
	at org.junit.runners.ParentRunner$3.run(ParentRunner.java:238)
	at org.junit.runners.ParentRunner$1.schedule(ParentRunner.java:63)
	at org.junit.runners.ParentRunner.runChildren(ParentRunner.java:236)
	at org.junit.runners.ParentRunner.access$000(ParentRunner.java:53)
	at org.junit.runners.ParentRunner$2.evaluate(ParentRunner.java:229)
	at org.junit.runners.ParentRunner.run(ParentRunner.java:309)
	at cucumber.api.junit.Cucumber.run(Cucumber.java:82)
	at org.apache.maven.surefire.junit4.JUnit4Provider.execute(JUnit4Provider.java:252)
	at org.apache.maven.surefire.junit4.JUnit4Provider.executeTestSet(JUnit4Provider.java:141)
	at org.apache.maven.surefire.junit4.JUnit4Provider.invoke(JUnit4Provider.java:112)
	at sun.reflect.NativeMethodAccessorImpl.invoke0(Native Method)
	at sun.reflect.NativeMethodAccessorImpl.invoke(NativeMethodAccessorImpl.java:57)
	at sun.reflect.DelegatingMethodAccessorImpl.invoke(DelegatingMethodAccessorImpl.java:43)
	at java.lang.reflect.Method.invoke(Method.java:606)
	at org.apache.maven.surefire.util.ReflectionUtils.invokeMethodWithArray(ReflectionUtils.java:189)
	at org.apache.maven.surefire.booter.ProviderFactory$ProviderProxy.invoke(ProviderFactory.java:165)
	at org.apache.maven.surefire.booter.ProviderFactory.invokeProvider(ProviderFactory.java:85)
	at org.apache.maven.surefire.booter.ForkedBooter.runSuitesInProcess(ForkedBooter.java:113)
	at org.apache.maven.surefire.booter.ForkedBooter.main(ForkedBooter.java:75)
</error>
  </testcase>
  <testcase time="0" classname="| 437-RBI-EI-DB-SAR-REC-NON-RNI-CTPD-SAR-MD-TR-1-EarlyRepayment-Loanproduct4.xlsx |" name="Given I navigate to mifos"/>
  <testcase time="0" classname="| 437-RBI-EI-DB-SAR-REC-NON-RNI-CTPD-SAR-MD-TR-1-EarlyRepayment-Loanproduct4.xlsx |" name="And I use login folder"/>
  <testcase time="0" classname="| 437-RBI-EI-DB-SAR-REC-NON-RNI-CTPD-SAR-MD-TR-1-EarlyRepayment-Loanproduct4.xlsx |" name="When I login into mifos site using excel sheet"/>
  <testcase time="0" classname="| 437-RBI-EI-DB-SAR-REC-NON-RNI-CTPD-SAR-MD-TR-1-EarlyRepayment-Loanproduct4.xlsx |" name="Then I should see logged in successfully"/>
  <testcase time="0" classname="| 437-RBI-EI-DB-SAR-REC-NON-RNI-CTPD-SAR-MD-TR-1-EarlyRepayment-Loanproduct4.xlsx |" name="Given I setup the product loan"/>
  <testcase time="0" classname="| 437-RBI-EI-DB-SAR-REC-NON-RNI-CTPD-SAR-MD-TR-1-EarlyRepayment-Loanproduct4.xlsx |" name="And I entered the values into product loan using"/>
  <testcase time="0" classname="| 437-RBI-EI-DB-SAR-REC-NON-RNI-CTPD-SAR-MD-TR-1-EarlyRepayment-Loanproduct4.xlsx |" name="Then I should see product loan created successfully">
    <error message="Timed out after 100 seconds waiting for visibility of element located by By.selector: legend.ng-binding
Build info: version: &apos;2.29.1&apos;, revision: &apos;dfb1306b85be4934d23c123122e06e602a15e446&apos;, time: &apos;2013-01-22 12:58:05&apos;
System info: os.name: &apos;Windows Server 2012&apos;, os.arch: &apos;amd64&apos;, os.version: &apos;6.2&apos;, java.version: &apos;1.7.0_51&apos;
Driver info: driver.version: unknown" type="org.openqa.selenium.TimeoutException">org.openqa.selenium.TimeoutException: Timed out after 100 seconds waiting for visibility of element located by By.selector: legend.ng-binding
Build info: version: &apos;2.29.1&apos;, revision: &apos;dfb1306b85be4934d23c123122e06e602a15e446&apos;, time: &apos;2013-01-22 12:58:05&apos;
System info: os.name: &apos;Windows Server 2012&apos;, os.arch: &apos;amd64&apos;, os.version: &apos;6.2&apos;, java.version: &apos;1.7.0_51&apos;
Driver info: driver.version: unknown
	at org.openqa.selenium.support.ui.FluentWait.timeoutException(FluentWait.java:259)
	at org.openqa.selenium.support.ui.FluentWait.until(FluentWait.java:228)
	at com.mifos.pages.MifosWebPage.waitForElementToBeVisible(MifosWebPage.java:210)
	at com.mifos.pages.MifosWebPage.getElement(MifosWebPage.java:699)
	at com.mifos.pages.MifosWebPage.getElement(MifosWebPage.java:684)
	at com.mifos.pages.MifosWebPage.getSingleText(MifosWebPage.java:941)
	at com.mifos.pages.MifosWebPage.validateSame(MifosWebPage.java:947)
	at com.mifos.pages.MifosWebPage.verifySuccessMessage(MifosWebPage.java:1815)
	at com.mifos.pages.FrontPage.verifyProductLoanExcelSheet(FrontPage.java:472)
	at com.mifos.steps.LoanProductSteps.I_should_see_product_loan_created_successfully(LoanProductSteps.java:27)
	at ✽.Then I should see product loan created successfully(LoanRBI.feature:18)
Caused by: org.openqa.selenium.NoSuchElementException: no such element
  (Session info: chrome=43.0.2357.124)
  (Driver info: chromedriver=2.8.241075,platform=Windows NT 6.3 x86_64) (WARNING: The server did not provide any stacktrace information)
Command duration or timeout: 30.03 seconds
For documentation on this error, please visit: http://seleniumhq.org/exceptions/no_such_element.html
Build info: version: &apos;2.29.1&apos;, revision: &apos;dfb1306b85be4934d23c123122e06e602a15e446&apos;, time: &apos;2013-01-22 12:58:05&apos;
System info: os.name: &apos;Windows Server 2012&apos;, os.arch: &apos;amd64&apos;, os.version: &apos;6.2&apos;, java.version: &apos;1.7.0_51&apos;
Session ID: 2989727ce2a64d3d521153e8e5c4a625
Driver info: org.openqa.selenium.chrome.ChromeDriver
Capabilities [{platform=XP, acceptSslCerts=true, javascriptEnabled=true, browserName=chrome, chrome={userDataDir=C:\Users\ADMINI~1\AppData\Local\Temp\2\scoped_dir3108_9376}, rotatable=false, locationContextEnabled=true, version=43.0.2357.124, takesHeapSnapshot=true, cssSelectorsEnabled=true, databaseEnabled=false, handlesAlerts=true, browserConnectionEnabled=false, webStorageEnabled=true, nativeEvents=true, applicationCacheEnabled=false, takesScreenshot=true}]
	at sun.reflect.GeneratedConstructorAccessor53.newInstance(Unknown Source)
	at sun.reflect.DelegatingConstructorAccessorImpl.newInstance(DelegatingConstructorAccessorImpl.java:45)
	at java.lang.reflect.Constructor.newInstance(Constructor.java:526)
	at org.openqa.selenium.remote.ErrorHandler.createThrowable(ErrorHandler.java:187)
	at org.openqa.selenium.remote.ErrorHandler.throwIfResponseFailed(ErrorHandler.java:145)
	at org.openqa.selenium.remote.RemoteWebDriver.execute(RemoteWebDriver.java:554)
	at org.openqa.selenium.remote.RemoteWebDriver.findElement(RemoteWebDriver.java:307)
	at org.openqa.selenium.remote.RemoteWebDriver.findElementByCssSelector(RemoteWebDriver.java:396)
	at org.openqa.selenium.By$ByCssSelector.findElement(By.java:406)
	at org.openqa.selenium.remote.RemoteWebDriver.findElement(RemoteWebDriver.java:299)
	at sun.reflect.GeneratedMethodAccessor8.invoke(Unknown Source)
	at sun.reflect.DelegatingMethodAccessorImpl.invoke(DelegatingMethodAccessorImpl.java:43)
	at java.lang.reflect.Method.invoke(Method.java:606)
	at org.openqa.selenium.support.events.EventFiringWebDriver$2.invoke(EventFiringWebDriver.java:101)
	at com.sun.proxy.$Proxy16.findElement(Unknown Source)
	at org.openqa.selenium.support.events.EventFiringWebDriver.findElement(EventFiringWebDriver.java:180)
	at org.openqa.selenium.support.ui.ExpectedConditions.findElement(ExpectedConditions.java:523)
	at org.openqa.selenium.support.ui.ExpectedConditions.access$000(ExpectedConditions.java:39)
	at org.openqa.selenium.support.ui.ExpectedConditions$4.apply(ExpectedConditions.java:130)
	at org.openqa.selenium.support.ui.ExpectedConditions$4.apply(ExpectedConditions.java:126)
	at org.openqa.selenium.support.ui.FluentWait.until(FluentWait.java:208)
	at com.mifos.pages.MifosWebPage.waitForElementToBeVisible(MifosWebPage.java:210)
	at com.mifos.pages.MifosWebPage.getElement(MifosWebPage.java:699)
	at com.mifos.pages.MifosWebPage.getElement(MifosWebPage.java:684)
	at com.mifos.pages.MifosWebPage.getSingleText(MifosWebPage.java:941)
	at com.mifos.pages.MifosWebPage.validateSame(MifosWebPage.java:947)
	at com.mifos.pages.MifosWebPage.verifySuccessMessage(MifosWebPage.java:1815)
	at com.mifos.pages.FrontPage.verifyProductLoanExcelSheet(FrontPage.java:472)
	at com.mifos.steps.LoanProductSteps.I_should_see_product_loan_created_successfully(LoanProductSteps.java:27)
	at sun.reflect.GeneratedMethodAccessor59.invoke(Unknown Source)
	at sun.reflect.DelegatingMethodAccessorImpl.invoke(DelegatingMethodAccessorImpl.java:43)
	at java.lang.reflect.Method.invoke(Method.java:606)
	at cucumber.runtime.Utils$1.call(Utils.java:44)
	at cucumber.runtime.Timeout.timeout(Timeout.java:12)
	at cucumber.runtime.Utils.invoke(Utils.java:40)
	at cucumber.runtime.java.JavaStepDefinition.execute(JavaStepDefinition.java:35)
	at cucumber.runtime.StepDefinitionMatch.runStep(StepDefinitionMatch.java:38)
	at cucumber.runtime.Runtime.runStep(Runtime.java:268)
	at cucumber.runtime.model.StepContainer.runStep(StepContainer.java:45)
	at cucumber.runtime.model.StepContainer.runSteps(StepContainer.java:40)
	at cucumber.runtime.model.CucumberScenario.run(CucumberScenario.java:36)
	at cucumber.runtime.junit.ExecutionUnitRunner.run(ExecutionUnitRunner.java:83)
	at org.junit.runners.Suite.runChild(Suite.java:127)
	at org.junit.runners.Suite.runChild(Suite.java:26)
	at org.junit.runners.ParentRunner$3.run(ParentRunner.java:238)
	at org.junit.runners.ParentRunner$1.schedule(ParentRunner.java:63)
	at org.junit.runners.ParentRunner.runChildren(ParentRunner.java:236)
	at org.junit.runners.ParentRunner.access$000(ParentRunner.java:53)
	at org.junit.runners.ParentRunner$2.evaluate(ParentRunner.java:229)
	at org.junit.runners.ParentRunner.run(ParentRunner.java:309)
	at org.junit.runners.Suite.runChild(Suite.java:127)
	at org.junit.runners.Suite.runChild(Suite.java:26)
	at org.junit.runners.ParentRunner$3.run(ParentRunner.java:238)
	at org.junit.runners.ParentRunner$1.schedule(ParentRunner.java:63)
	at org.junit.runners.ParentRunner.runChildren(ParentRunner.java:236)
	at org.junit.runners.ParentRunner.access$000(ParentRunner.java:53)
	at org.junit.runners.ParentRunner$2.evaluate(ParentRunner.java:229)
	at org.junit.runners.ParentRunner.run(ParentRunner.java:309)
	at cucumber.runtime.junit.FeatureRunner.runChild(FeatureRunner.java:63)
	at cucumber.runtime.junit.FeatureRunner.runChild(FeatureRunner.java:18)
	at org.junit.runners.ParentRunner$3.run(ParentRunner.java:238)
	at org.junit.runners.ParentRunner$1.schedule(ParentRunner.java:63)
	at org.junit.runners.ParentRunner.runChildren(ParentRunner.java:236)
	at org.junit.runners.ParentRunner.access$000(ParentRunner.java:53)
	at org.junit.runners.ParentRunner$2.evaluate(ParentRunner.java:229)
	at org.junit.runners.ParentRunner.run(ParentRunner.java:309)
	at cucumber.runtime.junit.FeatureRunner.run(FeatureRunner.java:70)
	at cucumber.api.junit.Cucumber.runChild(Cucumber.java:77)
	at cucumber.api.junit.Cucumber.runChild(Cucumber.java:37)
	at org.junit.runners.ParentRunner$3.run(ParentRunner.java:238)
	at org.junit.runners.ParentRunner$1.schedule(ParentRunner.java:63)
	at org.junit.runners.ParentRunner.runChildren(ParentRunner.java:236)
	at org.junit.runners.ParentRunner.access$000(ParentRunner.java:53)
	at org.junit.runners.ParentRunner$2.evaluate(ParentRunner.java:229)
	at org.junit.runners.ParentRunner.run(ParentRunner.java:309)
	at cucumber.api.junit.Cucumber.run(Cucumber.java:82)
	at org.apache.maven.surefire.junit4.JUnit4Provider.execute(JUnit4Provider.java:252)
	at org.apache.maven.surefire.junit4.JUnit4Provider.executeTestSet(JUnit4Provider.java:141)
	at org.apache.maven.surefire.junit4.JUnit4Provider.invoke(JUnit4Provider.java:112)
	at sun.reflect.NativeMethodAccessorImpl.invoke0(Native Method)
	at sun.reflect.NativeMethodAccessorImpl.invoke(NativeMethodAccessorImpl.java:57)
	at sun.reflect.DelegatingMethodAccessorImpl.invoke(DelegatingMethodAccessorImpl.java:43)
	at java.lang.reflect.Method.invoke(Method.java:606)
	at org.apache.maven.surefire.util.ReflectionUtils.invokeMethodWithArray(ReflectionUtils.java:189)
	at org.apache.maven.surefire.booter.ProviderFactory$ProviderProxy.invoke(ProviderFactory.java:165)
	at org.apache.maven.surefire.booter.ProviderFactory.invokeProvider(ProviderFactory.java:85)
	at org.apache.maven.surefire.booter.ForkedBooter.runSuitesInProcess(ForkedBooter.java:113)
	at org.apache.maven.surefire.booter.ForkedBooter.main(ForkedBooter.java:75)
</error>
    <system-out>welcome to mifos through excel
Cell One ... key=productname
437-RBI-EI-DB-SAR-REC-NON-RNI-CTPD-SAR-MD-TR-1-EarlyRepayment
437-RBI-EI-DB-SAR-REC-NON-RNI-CTPD-SAR-MD-TR-1-EarlyRepayment
</system-out>
  </testcase>
  <testcase time="0" classname="| 437-RBI-EI-DB-SAR-REC-NON-RNI-CTPD-SAR-MD-TR-1-EarlyRepayment-Loanproduct4.xlsx |" name="| 437-RBI-EI-DB-SAR-REC-NON-RNI-CTPD-SAR-MD-TR-1-EarlyRepayment-Loanproduct4.xlsx |">
    <error message="Timed out after 100 seconds waiting for visibility of element located by By.selector: legend.ng-binding
Build info: version: &apos;2.29.1&apos;, revision: &apos;dfb1306b85be4934d23c123122e06e602a15e446&apos;, time: &apos;2013-01-22 12:58:05&apos;
System info: os.name: &apos;Windows Server 2012&apos;, os.arch: &apos;amd64&apos;, os.version: &apos;6.2&apos;, java.version: &apos;1.7.0_51&apos;
Driver info: driver.version: unknown" type="org.openqa.selenium.TimeoutException">org.openqa.selenium.TimeoutException: Timed out after 100 seconds waiting for visibility of element located by By.selector: legend.ng-binding
Build info: version: &apos;2.29.1&apos;, revision: &apos;dfb1306b85be4934d23c123122e06e602a15e446&apos;, time: &apos;2013-01-22 12:58:05&apos;
System info: os.name: &apos;Windows Server 2012&apos;, os.arch: &apos;amd64&apos;, os.version: &apos;6.2&apos;, java.version: &apos;1.7.0_51&apos;
Driver info: driver.version: unknown
	at org.openqa.selenium.support.ui.FluentWait.timeoutException(FluentWait.java:259)
	at org.openqa.selenium.support.ui.FluentWait.until(FluentWait.java:228)
	at com.mifos.pages.MifosWebPage.waitForElementToBeVisible(MifosWebPage.java:210)
	at com.mifos.pages.MifosWebPage.getElement(MifosWebPage.java:699)
	at com.mifos.pages.MifosWebPage.getElement(MifosWebPage.java:684)
	at com.mifos.pages.MifosWebPage.getSingleText(MifosWebPage.java:941)
	at com.mifos.pages.MifosWebPage.validateSame(MifosWebPage.java:947)
	at com.mifos.pages.MifosWebPage.verifySuccessMessage(MifosWebPage.java:1815)
	at com.mifos.pages.FrontPage.verifyProductLoanExcelSheet(FrontPage.java:472)
	at com.mifos.steps.LoanProductSteps.I_should_see_product_loan_created_successfully(LoanProductSteps.java:27)
	at ✽.Then I should see product loan created successfully(LoanRBI.feature:18)
Caused by: org.openqa.selenium.NoSuchElementException: no such element
  (Session info: chrome=43.0.2357.124)
  (Driver info: chromedriver=2.8.241075,platform=Windows NT 6.3 x86_64) (WARNING: The server did not provide any stacktrace information)
Command duration or timeout: 30.03 seconds
For documentation on this error, please visit: http://seleniumhq.org/exceptions/no_such_element.html
Build info: version: &apos;2.29.1&apos;, revision: &apos;dfb1306b85be4934d23c123122e06e602a15e446&apos;, time: &apos;2013-01-22 12:58:05&apos;
System info: os.name: &apos;Windows Server 2012&apos;, os.arch: &apos;amd64&apos;, os.version: &apos;6.2&apos;, java.version: &apos;1.7.0_51&apos;
Session ID: 2989727ce2a64d3d521153e8e5c4a625
Driver info: org.openqa.selenium.chrome.ChromeDriver
Capabilities [{platform=XP, acceptSslCerts=true, javascriptEnabled=true, browserName=chrome, chrome={userDataDir=C:\Users\ADMINI~1\AppData\Local\Temp\2\scoped_dir3108_9376}, rotatable=false, locationContextEnabled=true, version=43.0.2357.124, takesHeapSnapshot=true, cssSelectorsEnabled=true, databaseEnabled=false, handlesAlerts=true, browserConnectionEnabled=false, webStorageEnabled=true, nativeEvents=true, applicationCacheEnabled=false, takesScreenshot=true}]
	at sun.reflect.GeneratedConstructorAccessor53.newInstance(Unknown Source)
	at sun.reflect.DelegatingConstructorAccessorImpl.newInstance(DelegatingConstructorAccessorImpl.java:45)
	at java.lang.reflect.Constructor.newInstance(Constructor.java:526)
	at org.openqa.selenium.remote.ErrorHandler.createThrowable(ErrorHandler.java:187)
	at org.openqa.selenium.remote.ErrorHandler.throwIfResponseFailed(ErrorHandler.java:145)
	at org.openqa.selenium.remote.RemoteWebDriver.execute(RemoteWebDriver.java:554)
	at org.openqa.selenium.remote.RemoteWebDriver.findElement(RemoteWebDriver.java:307)
	at org.openqa.selenium.remote.RemoteWebDriver.findElementByCssSelector(RemoteWebDriver.java:396)
	at org.openqa.selenium.By$ByCssSelector.findElement(By.java:406)
	at org.openqa.selenium.remote.RemoteWebDriver.findElement(RemoteWebDriver.java:299)
	at sun.reflect.GeneratedMethodAccessor8.invoke(Unknown Source)
	at sun.reflect.DelegatingMethodAccessorImpl.invoke(DelegatingMethodAccessorImpl.java:43)
	at java.lang.reflect.Method.invoke(Method.java:606)
	at org.openqa.selenium.support.events.EventFiringWebDriver$2.invoke(EventFiringWebDriver.java:101)
	at com.sun.proxy.$Proxy16.findElement(Unknown Source)
	at org.openqa.selenium.support.events.EventFiringWebDriver.findElement(EventFiringWebDriver.java:180)
	at org.openqa.selenium.support.ui.ExpectedConditions.findElement(ExpectedConditions.java:523)
	at org.openqa.selenium.support.ui.ExpectedConditions.access$000(ExpectedConditions.java:39)
	at org.openqa.selenium.support.ui.ExpectedConditions$4.apply(ExpectedConditions.java:130)
	at org.openqa.selenium.support.ui.ExpectedConditions$4.apply(ExpectedConditions.java:126)
	at org.openqa.selenium.support.ui.FluentWait.until(FluentWait.java:208)
	at com.mifos.pages.MifosWebPage.waitForElementToBeVisible(MifosWebPage.java:210)
	at com.mifos.pages.MifosWebPage.getElement(MifosWebPage.java:699)
	at com.mifos.pages.MifosWebPage.getElement(MifosWebPage.java:684)
	at com.mifos.pages.MifosWebPage.getSingleText(MifosWebPage.java:941)
	at com.mifos.pages.MifosWebPage.validateSame(MifosWebPage.java:947)
	at com.mifos.pages.MifosWebPage.verifySuccessMessage(MifosWebPage.java:1815)
	at com.mifos.pages.FrontPage.verifyProductLoanExcelSheet(FrontPage.java:472)
	at com.mifos.steps.LoanProductSteps.I_should_see_product_loan_created_successfully(LoanProductSteps.java:27)
	at sun.reflect.GeneratedMethodAccessor59.invoke(Unknown Source)
	at sun.reflect.DelegatingMethodAccessorImpl.invoke(DelegatingMethodAccessorImpl.java:43)
	at java.lang.reflect.Method.invoke(Method.java:606)
	at cucumber.runtime.Utils$1.call(Utils.java:44)
	at cucumber.runtime.Timeout.timeout(Timeout.java:12)
	at cucumber.runtime.Utils.invoke(Utils.java:40)
	at cucumber.runtime.java.JavaStepDefinition.execute(JavaStepDefinition.java:35)
	at cucumber.runtime.StepDefinitionMatch.runStep(StepDefinitionMatch.java:38)
	at cucumber.runtime.Runtime.runStep(Runtime.java:268)
	at cucumber.runtime.model.StepContainer.runStep(StepContainer.java:45)
	at cucumber.runtime.model.StepContainer.runSteps(StepContainer.java:40)
	at cucumber.runtime.model.CucumberScenario.run(CucumberScenario.java:36)
	at cucumber.runtime.junit.ExecutionUnitRunner.run(ExecutionUnitRunner.java:83)
	at org.junit.runners.Suite.runChild(Suite.java:127)
	at org.junit.runners.Suite.runChild(Suite.java:26)
	at org.junit.runners.ParentRunner$3.run(ParentRunner.java:238)
	at org.junit.runners.ParentRunner$1.schedule(ParentRunner.java:63)
	at org.junit.runners.ParentRunner.runChildren(ParentRunner.java:236)
	at org.junit.runners.ParentRunner.access$000(ParentRunner.java:53)
	at org.junit.runners.ParentRunner$2.evaluate(ParentRunner.java:229)
	at org.junit.runners.ParentRunner.run(ParentRunner.java:309)
	at org.junit.runners.Suite.runChild(Suite.java:127)
	at org.junit.runners.Suite.runChild(Suite.java:26)
	at org.junit.runners.ParentRunner$3.run(ParentRunner.java:238)
	at org.junit.runners.ParentRunner$1.schedule(ParentRunner.java:63)
	at org.junit.runners.ParentRunner.runChildren(ParentRunner.java:236)
	at org.junit.runners.ParentRunner.access$000(ParentRunner.java:53)
	at org.junit.runners.ParentRunner$2.evaluate(ParentRunner.java:229)
	at org.junit.runners.ParentRunner.run(ParentRunner.java:309)
	at cucumber.runtime.junit.FeatureRunner.runChild(FeatureRunner.java:63)
	at cucumber.runtime.junit.FeatureRunner.runChild(FeatureRunner.java:18)
	at org.junit.runners.ParentRunner$3.run(ParentRunner.java:238)
	at org.junit.runners.ParentRunner$1.schedule(ParentRunner.java:63)
	at org.junit.runners.ParentRunner.runChildren(ParentRunner.java:236)
	at org.junit.runners.ParentRunner.access$000(ParentRunner.java:53)
	at org.junit.runners.ParentRunner$2.evaluate(ParentRunner.java:229)
	at org.junit.runners.ParentRunner.run(ParentRunner.java:309)
	at cucumber.runtime.junit.FeatureRunner.run(FeatureRunner.java:70)
	at cucumber.api.junit.Cucumber.runChild(Cucumber.java:77)
	at cucumber.api.junit.Cucumber.runChild(Cucumber.java:37)
	at org.junit.runners.ParentRunner$3.run(ParentRunner.java:238)
	at org.junit.runners.ParentRunner$1.schedule(ParentRunner.java:63)
	at org.junit.runners.ParentRunner.runChildren(ParentRunner.java:236)
	at org.junit.runners.ParentRunner.access$000(ParentRunner.java:53)
	at org.junit.runners.ParentRunner$2.evaluate(ParentRunner.java:229)
	at org.junit.runners.ParentRunner.run(ParentRunner.java:309)
	at cucumber.api.junit.Cucumber.run(Cucumber.java:82)
	at org.apache.maven.surefire.junit4.JUnit4Provider.execute(JUnit4Provider.java:252)
	at org.apache.maven.surefire.junit4.JUnit4Provider.executeTestSet(JUnit4Provider.java:141)
	at org.apache.maven.surefire.junit4.JUnit4Provider.invoke(JUnit4Provider.java:112)
	at sun.reflect.NativeMethodAccessorImpl.invoke0(Native Method)
	at sun.reflect.NativeMethodAccessorImpl.invoke(NativeMethodAccessorImpl.java:57)
	at sun.reflect.DelegatingMethodAccessorImpl.invoke(DelegatingMethodAccessorImpl.java:43)
	at java.lang.reflect.Method.invoke(Method.java:606)
	at org.apache.maven.surefire.util.ReflectionUtils.invokeMethodWithArray(ReflectionUtils.java:189)
	at org.apache.maven.surefire.booter.ProviderFactory$ProviderProxy.invoke(ProviderFactory.java:165)
	at org.apache.maven.surefire.booter.ProviderFactory.invokeProvider(ProviderFactory.java:85)
	at org.apache.maven.surefire.booter.ForkedBooter.runSuitesInProcess(ForkedBooter.java:113)
	at org.apache.maven.surefire.booter.ForkedBooter.main(ForkedBooter.java:75)
</error>
  </testcase>
  <testcase time="0" classname="| 438-RBI-EI-DB-SAR-REC-NON-RNI-CTPD-DL-MD-TR-1-EarlyRePayment-Loanproduct4.xlsx |" name="Given I navigate to mifos"/>
  <testcase time="0" classname="| 438-RBI-EI-DB-SAR-REC-NON-RNI-CTPD-DL-MD-TR-1-EarlyRePayment-Loanproduct4.xlsx |" name="And I use login folder"/>
  <testcase time="0" classname="| 438-RBI-EI-DB-SAR-REC-NON-RNI-CTPD-DL-MD-TR-1-EarlyRePayment-Loanproduct4.xlsx |" name="When I login into mifos site using excel sheet"/>
  <testcase time="0" classname="| 438-RBI-EI-DB-SAR-REC-NON-RNI-CTPD-DL-MD-TR-1-EarlyRePayment-Loanproduct4.xlsx |" name="Then I should see logged in successfully"/>
  <testcase time="0" classname="| 438-RBI-EI-DB-SAR-REC-NON-RNI-CTPD-DL-MD-TR-1-EarlyRePayment-Loanproduct4.xlsx |" name="Given I setup the product loan"/>
  <testcase time="0" classname="| 438-RBI-EI-DB-SAR-REC-NON-RNI-CTPD-DL-MD-TR-1-EarlyRePayment-Loanproduct4.xlsx |" name="And I entered the values into product loan using"/>
  <testcase time="0" classname="| 438-RBI-EI-DB-SAR-REC-NON-RNI-CTPD-DL-MD-TR-1-EarlyRePayment-Loanproduct4.xlsx |" name="Then I should see product loan created successfully">
    <error message="Timed out after 100 seconds waiting for visibility of element located by By.selector: legend.ng-binding
Build info: version: &apos;2.29.1&apos;, revision: &apos;dfb1306b85be4934d23c123122e06e602a15e446&apos;, time: &apos;2013-01-22 12:58:05&apos;
System info: os.name: &apos;Windows Server 2012&apos;, os.arch: &apos;amd64&apos;, os.version: &apos;6.2&apos;, java.version: &apos;1.7.0_51&apos;
Driver info: driver.version: unknown" type="org.openqa.selenium.TimeoutException">org.openqa.selenium.TimeoutException: Timed out after 100 seconds waiting for visibility of element located by By.selector: legend.ng-binding
Build info: version: &apos;2.29.1&apos;, revision: &apos;dfb1306b85be4934d23c123122e06e602a15e446&apos;, time: &apos;2013-01-22 12:58:05&apos;
System info: os.name: &apos;Windows Server 2012&apos;, os.arch: &apos;amd64&apos;, os.version: &apos;6.2&apos;, java.version: &apos;1.7.0_51&apos;
Driver info: driver.version: unknown
	at org.openqa.selenium.support.ui.FluentWait.timeoutException(FluentWait.java:259)
	at org.openqa.selenium.support.ui.FluentWait.until(FluentWait.java:228)
	at com.mifos.pages.MifosWebPage.waitForElementToBeVisible(MifosWebPage.java:210)
	at com.mifos.pages.MifosWebPage.getElement(MifosWebPage.java:699)
	at com.mifos.pages.MifosWebPage.getElement(MifosWebPage.java:684)
	at com.mifos.pages.MifosWebPage.getSingleText(MifosWebPage.java:941)
	at com.mifos.pages.MifosWebPage.validateSame(MifosWebPage.java:947)
	at com.mifos.pages.MifosWebPage.verifySuccessMessage(MifosWebPage.java:1815)
	at com.mifos.pages.FrontPage.verifyProductLoanExcelSheet(FrontPage.java:472)
	at com.mifos.steps.LoanProductSteps.I_should_see_product_loan_created_successfully(LoanProductSteps.java:27)
	at ✽.Then I should see product loan created successfully(LoanRBI.feature:18)
Caused by: org.openqa.selenium.NoSuchElementException: no such element
  (Session info: chrome=43.0.2357.124)
  (Driver info: chromedriver=2.8.241075,platform=Windows NT 6.3 x86_64) (WARNING: The server did not provide any stacktrace information)
Command duration or timeout: 30.00 seconds
For documentation on this error, please visit: http://seleniumhq.org/exceptions/no_such_element.html
Build info: version: &apos;2.29.1&apos;, revision: &apos;dfb1306b85be4934d23c123122e06e602a15e446&apos;, time: &apos;2013-01-22 12:58:05&apos;
System info: os.name: &apos;Windows Server 2012&apos;, os.arch: &apos;amd64&apos;, os.version: &apos;6.2&apos;, java.version: &apos;1.7.0_51&apos;
Session ID: e51a2e4e8fee1719669430c244f8ba11
Driver info: org.openqa.selenium.chrome.ChromeDriver
Capabilities [{platform=XP, acceptSslCerts=true, javascriptEnabled=true, browserName=chrome, chrome={userDataDir=C:\Users\ADMINI~1\AppData\Local\Temp\2\scoped_dir5068_29518}, rotatable=false, locationContextEnabled=true, version=43.0.2357.124, takesHeapSnapshot=true, cssSelectorsEnabled=true, databaseEnabled=false, handlesAlerts=true, browserConnectionEnabled=false, webStorageEnabled=true, nativeEvents=true, applicationCacheEnabled=false, takesScreenshot=true}]
	at sun.reflect.GeneratedConstructorAccessor53.newInstance(Unknown Source)
	at sun.reflect.DelegatingConstructorAccessorImpl.newInstance(DelegatingConstructorAccessorImpl.java:45)
	at java.lang.reflect.Constructor.newInstance(Constructor.java:526)
	at org.openqa.selenium.remote.ErrorHandler.createThrowable(ErrorHandler.java:187)
	at org.openqa.selenium.remote.ErrorHandler.throwIfResponseFailed(ErrorHandler.java:145)
	at org.openqa.selenium.remote.RemoteWebDriver.execute(RemoteWebDriver.java:554)
	at org.openqa.selenium.remote.RemoteWebDriver.findElement(RemoteWebDriver.java:307)
	at org.openqa.selenium.remote.RemoteWebDriver.findElementByCssSelector(RemoteWebDriver.java:396)
	at org.openqa.selenium.By$ByCssSelector.findElement(By.java:406)
	at org.openqa.selenium.remote.RemoteWebDriver.findElement(RemoteWebDriver.java:299)
	at sun.reflect.GeneratedMethodAccessor8.invoke(Unknown Source)
	at sun.reflect.DelegatingMethodAccessorImpl.invoke(DelegatingMethodAccessorImpl.java:43)
	at java.lang.reflect.Method.invoke(Method.java:606)
	at org.openqa.selenium.support.events.EventFiringWebDriver$2.invoke(EventFiringWebDriver.java:101)
	at com.sun.proxy.$Proxy16.findElement(Unknown Source)
	at org.openqa.selenium.support.events.EventFiringWebDriver.findElement(EventFiringWebDriver.java:180)
	at org.openqa.selenium.support.ui.ExpectedConditions.findElement(ExpectedConditions.java:523)
	at org.openqa.selenium.support.ui.ExpectedConditions.access$000(ExpectedConditions.java:39)
	at org.openqa.selenium.support.ui.ExpectedConditions$4.apply(ExpectedConditions.java:130)
	at org.openqa.selenium.support.ui.ExpectedConditions$4.apply(ExpectedConditions.java:126)
	at org.openqa.selenium.support.ui.FluentWait.until(FluentWait.java:208)
	at com.mifos.pages.MifosWebPage.waitForElementToBeVisible(MifosWebPage.java:210)
	at com.mifos.pages.MifosWebPage.getElement(MifosWebPage.java:699)
	at com.mifos.pages.MifosWebPage.getElement(MifosWebPage.java:684)
	at com.mifos.pages.MifosWebPage.getSingleText(MifosWebPage.java:941)
	at com.mifos.pages.MifosWebPage.validateSame(MifosWebPage.java:947)
	at com.mifos.pages.MifosWebPage.verifySuccessMessage(MifosWebPage.java:1815)
	at com.mifos.pages.FrontPage.verifyProductLoanExcelSheet(FrontPage.java:472)
	at com.mifos.steps.LoanProductSteps.I_should_see_product_loan_created_successfully(LoanProductSteps.java:27)
	at sun.reflect.GeneratedMethodAccessor59.invoke(Unknown Source)
	at sun.reflect.DelegatingMethodAccessorImpl.invoke(DelegatingMethodAccessorImpl.java:43)
	at java.lang.reflect.Method.invoke(Method.java:606)
	at cucumber.runtime.Utils$1.call(Utils.java:44)
	at cucumber.runtime.Timeout.timeout(Timeout.java:12)
	at cucumber.runtime.Utils.invoke(Utils.java:40)
	at cucumber.runtime.java.JavaStepDefinition.execute(JavaStepDefinition.java:35)
	at cucumber.runtime.StepDefinitionMatch.runStep(StepDefinitionMatch.java:38)
	at cucumber.runtime.Runtime.runStep(Runtime.java:268)
	at cucumber.runtime.model.StepContainer.runStep(StepContainer.java:45)
	at cucumber.runtime.model.StepContainer.runSteps(StepContainer.java:40)
	at cucumber.runtime.model.CucumberScenario.run(CucumberScenario.java:36)
	at cucumber.runtime.junit.ExecutionUnitRunner.run(ExecutionUnitRunner.java:83)
	at org.junit.runners.Suite.runChild(Suite.java:127)
	at org.junit.runners.Suite.runChild(Suite.java:26)
	at org.junit.runners.ParentRunner$3.run(ParentRunner.java:238)
	at org.junit.runners.ParentRunner$1.schedule(ParentRunner.java:63)
	at org.junit.runners.ParentRunner.runChildren(ParentRunner.java:236)
	at org.junit.runners.ParentRunner.access$000(ParentRunner.java:53)
	at org.junit.runners.ParentRunner$2.evaluate(ParentRunner.java:229)
	at org.junit.runners.ParentRunner.run(ParentRunner.java:309)
	at org.junit.runners.Suite.runChild(Suite.java:127)
	at org.junit.runners.Suite.runChild(Suite.java:26)
	at org.junit.runners.ParentRunner$3.run(ParentRunner.java:238)
	at org.junit.runners.ParentRunner$1.schedule(ParentRunner.java:63)
	at org.junit.runners.ParentRunner.runChildren(ParentRunner.java:236)
	at org.junit.runners.ParentRunner.access$000(ParentRunner.java:53)
	at org.junit.runners.ParentRunner$2.evaluate(ParentRunner.java:229)
	at org.junit.runners.ParentRunner.run(ParentRunner.java:309)
	at cucumber.runtime.junit.FeatureRunner.runChild(FeatureRunner.java:63)
	at cucumber.runtime.junit.FeatureRunner.runChild(FeatureRunner.java:18)
	at org.junit.runners.ParentRunner$3.run(ParentRunner.java:238)
	at org.junit.runners.ParentRunner$1.schedule(ParentRunner.java:63)
	at org.junit.runners.ParentRunner.runChildren(ParentRunner.java:236)
	at org.junit.runners.ParentRunner.access$000(ParentRunner.java:53)
	at org.junit.runners.ParentRunner$2.evaluate(ParentRunner.java:229)
	at org.junit.runners.ParentRunner.run(ParentRunner.java:309)
	at cucumber.runtime.junit.FeatureRunner.run(FeatureRunner.java:70)
	at cucumber.api.junit.Cucumber.runChild(Cucumber.java:77)
	at cucumber.api.junit.Cucumber.runChild(Cucumber.java:37)
	at org.junit.runners.ParentRunner$3.run(ParentRunner.java:238)
	at org.junit.runners.ParentRunner$1.schedule(ParentRunner.java:63)
	at org.junit.runners.ParentRunner.runChildren(ParentRunner.java:236)
	at org.junit.runners.ParentRunner.access$000(ParentRunner.java:53)
	at org.junit.runners.ParentRunner$2.evaluate(ParentRunner.java:229)
	at org.junit.runners.ParentRunner.run(ParentRunner.java:309)
	at cucumber.api.junit.Cucumber.run(Cucumber.java:82)
	at org.apache.maven.surefire.junit4.JUnit4Provider.execute(JUnit4Provider.java:252)
	at org.apache.maven.surefire.junit4.JUnit4Provider.executeTestSet(JUnit4Provider.java:141)
	at org.apache.maven.surefire.junit4.JUnit4Provider.invoke(JUnit4Provider.java:112)
	at sun.reflect.NativeMethodAccessorImpl.invoke0(Native Method)
	at sun.reflect.NativeMethodAccessorImpl.invoke(NativeMethodAccessorImpl.java:57)
	at sun.reflect.DelegatingMethodAccessorImpl.invoke(DelegatingMethodAccessorImpl.java:43)
	at java.lang.reflect.Method.invoke(Method.java:606)
	at org.apache.maven.surefire.util.ReflectionUtils.invokeMethodWithArray(ReflectionUtils.java:189)
	at org.apache.maven.surefire.booter.ProviderFactory$ProviderProxy.invoke(ProviderFactory.java:165)
	at org.apache.maven.surefire.booter.ProviderFactory.invokeProvider(ProviderFactory.java:85)
	at org.apache.maven.surefire.booter.ForkedBooter.runSuitesInProcess(ForkedBooter.java:113)
	at org.apache.maven.surefire.booter.ForkedBooter.main(ForkedBooter.java:75)
</error>
    <system-out>welcome to mifos through excel
Cell One ... key=productname
438-RBI-EI-DB-SAR-REC-NON-RNI-CTPD-DL-MD-TR-1-EarlyRePayment
438-RBI-EI-DB-SAR-REC-NON-RNI-CTPD-DL-MD-TR-1-EarlyRePayment
</system-out>
  </testcase>
  <testcase time="0" classname="| 438-RBI-EI-DB-SAR-REC-NON-RNI-CTPD-DL-MD-TR-1-EarlyRePayment-Loanproduct4.xlsx |" name="| 438-RBI-EI-DB-SAR-REC-NON-RNI-CTPD-DL-MD-TR-1-EarlyRePayment-Loanproduct4.xlsx |">
    <error message="Timed out after 100 seconds waiting for visibility of element located by By.selector: legend.ng-binding
Build info: version: &apos;2.29.1&apos;, revision: &apos;dfb1306b85be4934d23c123122e06e602a15e446&apos;, time: &apos;2013-01-22 12:58:05&apos;
System info: os.name: &apos;Windows Server 2012&apos;, os.arch: &apos;amd64&apos;, os.version: &apos;6.2&apos;, java.version: &apos;1.7.0_51&apos;
Driver info: driver.version: unknown" type="org.openqa.selenium.TimeoutException">org.openqa.selenium.TimeoutException: Timed out after 100 seconds waiting for visibility of element located by By.selector: legend.ng-binding
Build info: version: &apos;2.29.1&apos;, revision: &apos;dfb1306b85be4934d23c123122e06e602a15e446&apos;, time: &apos;2013-01-22 12:58:05&apos;
System info: os.name: &apos;Windows Server 2012&apos;, os.arch: &apos;amd64&apos;, os.version: &apos;6.2&apos;, java.version: &apos;1.7.0_51&apos;
Driver info: driver.version: unknown
	at org.openqa.selenium.support.ui.FluentWait.timeoutException(FluentWait.java:259)
	at org.openqa.selenium.support.ui.FluentWait.until(FluentWait.java:228)
	at com.mifos.pages.MifosWebPage.waitForElementToBeVisible(MifosWebPage.java:210)
	at com.mifos.pages.MifosWebPage.getElement(MifosWebPage.java:699)
	at com.mifos.pages.MifosWebPage.getElement(MifosWebPage.java:684)
	at com.mifos.pages.MifosWebPage.getSingleText(MifosWebPage.java:941)
	at com.mifos.pages.MifosWebPage.validateSame(MifosWebPage.java:947)
	at com.mifos.pages.MifosWebPage.verifySuccessMessage(MifosWebPage.java:1815)
	at com.mifos.pages.FrontPage.verifyProductLoanExcelSheet(FrontPage.java:472)
	at com.mifos.steps.LoanProductSteps.I_should_see_product_loan_created_successfully(LoanProductSteps.java:27)
	at ✽.Then I should see product loan created successfully(LoanRBI.feature:18)
Caused by: org.openqa.selenium.NoSuchElementException: no such element
  (Session info: chrome=43.0.2357.124)
  (Driver info: chromedriver=2.8.241075,platform=Windows NT 6.3 x86_64) (WARNING: The server did not provide any stacktrace information)
Command duration or timeout: 30.00 seconds
For documentation on this error, please visit: http://seleniumhq.org/exceptions/no_such_element.html
Build info: version: &apos;2.29.1&apos;, revision: &apos;dfb1306b85be4934d23c123122e06e602a15e446&apos;, time: &apos;2013-01-22 12:58:05&apos;
System info: os.name: &apos;Windows Server 2012&apos;, os.arch: &apos;amd64&apos;, os.version: &apos;6.2&apos;, java.version: &apos;1.7.0_51&apos;
Session ID: e51a2e4e8fee1719669430c244f8ba11
Driver info: org.openqa.selenium.chrome.ChromeDriver
Capabilities [{platform=XP, acceptSslCerts=true, javascriptEnabled=true, browserName=chrome, chrome={userDataDir=C:\Users\ADMINI~1\AppData\Local\Temp\2\scoped_dir5068_29518}, rotatable=false, locationContextEnabled=true, version=43.0.2357.124, takesHeapSnapshot=true, cssSelectorsEnabled=true, databaseEnabled=false, handlesAlerts=true, browserConnectionEnabled=false, webStorageEnabled=true, nativeEvents=true, applicationCacheEnabled=false, takesScreenshot=true}]
	at sun.reflect.GeneratedConstructorAccessor53.newInstance(Unknown Source)
	at sun.reflect.DelegatingConstructorAccessorImpl.newInstance(DelegatingConstructorAccessorImpl.java:45)
	at java.lang.reflect.Constructor.newInstance(Constructor.java:526)
	at org.openqa.selenium.remote.ErrorHandler.createThrowable(ErrorHandler.java:187)
	at org.openqa.selenium.remote.ErrorHandler.throwIfResponseFailed(ErrorHandler.java:145)
	at org.openqa.selenium.remote.RemoteWebDriver.execute(RemoteWebDriver.java:554)
	at org.openqa.selenium.remote.RemoteWebDriver.findElement(RemoteWebDriver.java:307)
	at org.openqa.selenium.remote.RemoteWebDriver.findElementByCssSelector(RemoteWebDriver.java:396)
	at org.openqa.selenium.By$ByCssSelector.findElement(By.java:406)
	at org.openqa.selenium.remote.RemoteWebDriver.findElement(RemoteWebDriver.java:299)
	at sun.reflect.GeneratedMethodAccessor8.invoke(Unknown Source)
	at sun.reflect.DelegatingMethodAccessorImpl.invoke(DelegatingMethodAccessorImpl.java:43)
	at java.lang.reflect.Method.invoke(Method.java:606)
	at org.openqa.selenium.support.events.EventFiringWebDriver$2.invoke(EventFiringWebDriver.java:101)
	at com.sun.proxy.$Proxy16.findElement(Unknown Source)
	at org.openqa.selenium.support.events.EventFiringWebDriver.findElement(EventFiringWebDriver.java:180)
	at org.openqa.selenium.support.ui.ExpectedConditions.findElement(ExpectedConditions.java:523)
	at org.openqa.selenium.support.ui.ExpectedConditions.access$000(ExpectedConditions.java:39)
	at org.openqa.selenium.support.ui.ExpectedConditions$4.apply(ExpectedConditions.java:130)
	at org.openqa.selenium.support.ui.ExpectedConditions$4.apply(ExpectedConditions.java:126)
	at org.openqa.selenium.support.ui.FluentWait.until(FluentWait.java:208)
	at com.mifos.pages.MifosWebPage.waitForElementToBeVisible(MifosWebPage.java:210)
	at com.mifos.pages.MifosWebPage.getElement(MifosWebPage.java:699)
	at com.mifos.pages.MifosWebPage.getElement(MifosWebPage.java:684)
	at com.mifos.pages.MifosWebPage.getSingleText(MifosWebPage.java:941)
	at com.mifos.pages.MifosWebPage.validateSame(MifosWebPage.java:947)
	at com.mifos.pages.MifosWebPage.verifySuccessMessage(MifosWebPage.java:1815)
	at com.mifos.pages.FrontPage.verifyProductLoanExcelSheet(FrontPage.java:472)
	at com.mifos.steps.LoanProductSteps.I_should_see_product_loan_created_successfully(LoanProductSteps.java:27)
	at sun.reflect.GeneratedMethodAccessor59.invoke(Unknown Source)
	at sun.reflect.DelegatingMethodAccessorImpl.invoke(DelegatingMethodAccessorImpl.java:43)
	at java.lang.reflect.Method.invoke(Method.java:606)
	at cucumber.runtime.Utils$1.call(Utils.java:44)
	at cucumber.runtime.Timeout.timeout(Timeout.java:12)
	at cucumber.runtime.Utils.invoke(Utils.java:40)
	at cucumber.runtime.java.JavaStepDefinition.execute(JavaStepDefinition.java:35)
	at cucumber.runtime.StepDefinitionMatch.runStep(StepDefinitionMatch.java:38)
	at cucumber.runtime.Runtime.runStep(Runtime.java:268)
	at cucumber.runtime.model.StepContainer.runStep(StepContainer.java:45)
	at cucumber.runtime.model.StepContainer.runSteps(StepContainer.java:40)
	at cucumber.runtime.model.CucumberScenario.run(CucumberScenario.java:36)
	at cucumber.runtime.junit.ExecutionUnitRunner.run(ExecutionUnitRunner.java:83)
	at org.junit.runners.Suite.runChild(Suite.java:127)
	at org.junit.runners.Suite.runChild(Suite.java:26)
	at org.junit.runners.ParentRunner$3.run(ParentRunner.java:238)
	at org.junit.runners.ParentRunner$1.schedule(ParentRunner.java:63)
	at org.junit.runners.ParentRunner.runChildren(ParentRunner.java:236)
	at org.junit.runners.ParentRunner.access$000(ParentRunner.java:53)
	at org.junit.runners.ParentRunner$2.evaluate(ParentRunner.java:229)
	at org.junit.runners.ParentRunner.run(ParentRunner.java:309)
	at org.junit.runners.Suite.runChild(Suite.java:127)
	at org.junit.runners.Suite.runChild(Suite.java:26)
	at org.junit.runners.ParentRunner$3.run(ParentRunner.java:238)
	at org.junit.runners.ParentRunner$1.schedule(ParentRunner.java:63)
	at org.junit.runners.ParentRunner.runChildren(ParentRunner.java:236)
	at org.junit.runners.ParentRunner.access$000(ParentRunner.java:53)
	at org.junit.runners.ParentRunner$2.evaluate(ParentRunner.java:229)
	at org.junit.runners.ParentRunner.run(ParentRunner.java:309)
	at cucumber.runtime.junit.FeatureRunner.runChild(FeatureRunner.java:63)
	at cucumber.runtime.junit.FeatureRunner.runChild(FeatureRunner.java:18)
	at org.junit.runners.ParentRunner$3.run(ParentRunner.java:238)
	at org.junit.runners.ParentRunner$1.schedule(ParentRunner.java:63)
	at org.junit.runners.ParentRunner.runChildren(ParentRunner.java:236)
	at org.junit.runners.ParentRunner.access$000(ParentRunner.java:53)
	at org.junit.runners.ParentRunner$2.evaluate(ParentRunner.java:229)
	at org.junit.runners.ParentRunner.run(ParentRunner.java:309)
	at cucumber.runtime.junit.FeatureRunner.run(FeatureRunner.java:70)
	at cucumber.api.junit.Cucumber.runChild(Cucumber.java:77)
	at cucumber.api.junit.Cucumber.runChild(Cucumber.java:37)
	at org.junit.runners.ParentRunner$3.run(ParentRunner.java:238)
	at org.junit.runners.ParentRunner$1.schedule(ParentRunner.java:63)
	at org.junit.runners.ParentRunner.runChildren(ParentRunner.java:236)
	at org.junit.runners.ParentRunner.access$000(ParentRunner.java:53)
	at org.junit.runners.ParentRunner$2.evaluate(ParentRunner.java:229)
	at org.junit.runners.ParentRunner.run(ParentRunner.java:309)
	at cucumber.api.junit.Cucumber.run(Cucumber.java:82)
	at org.apache.maven.surefire.junit4.JUnit4Provider.execute(JUnit4Provider.java:252)
	at org.apache.maven.surefire.junit4.JUnit4Provider.executeTestSet(JUnit4Provider.java:141)
	at org.apache.maven.surefire.junit4.JUnit4Provider.invoke(JUnit4Provider.java:112)
	at sun.reflect.NativeMethodAccessorImpl.invoke0(Native Method)
	at sun.reflect.NativeMethodAccessorImpl.invoke(NativeMethodAccessorImpl.java:57)
	at sun.reflect.DelegatingMethodAccessorImpl.invoke(DelegatingMethodAccessorImpl.java:43)
	at java.lang.reflect.Method.invoke(Method.java:606)
	at org.apache.maven.surefire.util.ReflectionUtils.invokeMethodWithArray(ReflectionUtils.java:189)
	at org.apache.maven.surefire.booter.ProviderFactory$ProviderProxy.invoke(ProviderFactory.java:165)
	at org.apache.maven.surefire.booter.ProviderFactory.invokeProvider(ProviderFactory.java:85)
	at org.apache.maven.surefire.booter.ForkedBooter.runSuitesInProcess(ForkedBooter.java:113)
	at org.apache.maven.surefire.booter.ForkedBooter.main(ForkedBooter.java:75)
</error>
  </testcase>
  <testcase time="0" classname="| 439-RBI-EI-DB-SAR-REC-NON-RNI-CTRFD-SAR-MD-TR-1-B-EarlyRePayment-Loanproduct4.xlsx |" name="Given I navigate to mifos"/>
  <testcase time="0" classname="| 439-RBI-EI-DB-SAR-REC-NON-RNI-CTRFD-SAR-MD-TR-1-B-EarlyRePayment-Loanproduct4.xlsx |" name="And I use login folder"/>
  <testcase time="0" classname="| 439-RBI-EI-DB-SAR-REC-NON-RNI-CTRFD-SAR-MD-TR-1-B-EarlyRePayment-Loanproduct4.xlsx |" name="When I login into mifos site using excel sheet"/>
  <testcase time="0" classname="| 439-RBI-EI-DB-SAR-REC-NON-RNI-CTRFD-SAR-MD-TR-1-B-EarlyRePayment-Loanproduct4.xlsx |" name="Then I should see logged in successfully"/>
  <testcase time="0" classname="| 439-RBI-EI-DB-SAR-REC-NON-RNI-CTRFD-SAR-MD-TR-1-B-EarlyRePayment-Loanproduct4.xlsx |" name="Given I setup the product loan"/>
  <testcase time="0" classname="| 439-RBI-EI-DB-SAR-REC-NON-RNI-CTRFD-SAR-MD-TR-1-B-EarlyRePayment-Loanproduct4.xlsx |" name="And I entered the values into product loan using"/>
  <testcase time="0" classname="| 439-RBI-EI-DB-SAR-REC-NON-RNI-CTRFD-SAR-MD-TR-1-B-EarlyRePayment-Loanproduct4.xlsx |" name="Then I should see product loan created successfully">
    <error message="Timed out after 100 seconds waiting for visibility of element located by By.selector: legend.ng-binding
Build info: version: &apos;2.29.1&apos;, revision: &apos;dfb1306b85be4934d23c123122e06e602a15e446&apos;, time: &apos;2013-01-22 12:58:05&apos;
System info: os.name: &apos;Windows Server 2012&apos;, os.arch: &apos;amd64&apos;, os.version: &apos;6.2&apos;, java.version: &apos;1.7.0_51&apos;
Driver info: driver.version: unknown" type="org.openqa.selenium.TimeoutException">org.openqa.selenium.TimeoutException: Timed out after 100 seconds waiting for visibility of element located by By.selector: legend.ng-binding
Build info: version: &apos;2.29.1&apos;, revision: &apos;dfb1306b85be4934d23c123122e06e602a15e446&apos;, time: &apos;2013-01-22 12:58:05&apos;
System info: os.name: &apos;Windows Server 2012&apos;, os.arch: &apos;amd64&apos;, os.version: &apos;6.2&apos;, java.version: &apos;1.7.0_51&apos;
Driver info: driver.version: unknown
	at org.openqa.selenium.support.ui.FluentWait.timeoutException(FluentWait.java:259)
	at org.openqa.selenium.support.ui.FluentWait.until(FluentWait.java:228)
	at com.mifos.pages.MifosWebPage.waitForElementToBeVisible(MifosWebPage.java:210)
	at com.mifos.pages.MifosWebPage.getElement(MifosWebPage.java:699)
	at com.mifos.pages.MifosWebPage.getElement(MifosWebPage.java:684)
	at com.mifos.pages.MifosWebPage.getSingleText(MifosWebPage.java:941)
	at com.mifos.pages.MifosWebPage.validateSame(MifosWebPage.java:947)
	at com.mifos.pages.MifosWebPage.verifySuccessMessage(MifosWebPage.java:1815)
	at com.mifos.pages.FrontPage.verifyProductLoanExcelSheet(FrontPage.java:472)
	at com.mifos.steps.LoanProductSteps.I_should_see_product_loan_created_successfully(LoanProductSteps.java:27)
	at ✽.Then I should see product loan created successfully(LoanRBI.feature:18)
Caused by: org.openqa.selenium.NoSuchElementException: no such element
  (Session info: chrome=43.0.2357.124)
  (Driver info: chromedriver=2.8.241075,platform=Windows NT 6.3 x86_64) (WARNING: The server did not provide any stacktrace information)
Command duration or timeout: 30.02 seconds
For documentation on this error, please visit: http://seleniumhq.org/exceptions/no_such_element.html
Build info: version: &apos;2.29.1&apos;, revision: &apos;dfb1306b85be4934d23c123122e06e602a15e446&apos;, time: &apos;2013-01-22 12:58:05&apos;
System info: os.name: &apos;Windows Server 2012&apos;, os.arch: &apos;amd64&apos;, os.version: &apos;6.2&apos;, java.version: &apos;1.7.0_51&apos;
Session ID: 1e624de64f55f61b8c635e9de437847d
Driver info: org.openqa.selenium.chrome.ChromeDriver
Capabilities [{platform=XP, acceptSslCerts=true, javascriptEnabled=true, browserName=chrome, chrome={userDataDir=C:\Users\ADMINI~1\AppData\Local\Temp\2\scoped_dir1684_943}, rotatable=false, locationContextEnabled=true, version=43.0.2357.124, takesHeapSnapshot=true, cssSelectorsEnabled=true, databaseEnabled=false, handlesAlerts=true, browserConnectionEnabled=false, webStorageEnabled=true, nativeEvents=true, applicationCacheEnabled=false, takesScreenshot=true}]
	at sun.reflect.GeneratedConstructorAccessor53.newInstance(Unknown Source)
	at sun.reflect.DelegatingConstructorAccessorImpl.newInstance(DelegatingConstructorAccessorImpl.java:45)
	at java.lang.reflect.Constructor.newInstance(Constructor.java:526)
	at org.openqa.selenium.remote.ErrorHandler.createThrowable(ErrorHandler.java:187)
	at org.openqa.selenium.remote.ErrorHandler.throwIfResponseFailed(ErrorHandler.java:145)
	at org.openqa.selenium.remote.RemoteWebDriver.execute(RemoteWebDriver.java:554)
	at org.openqa.selenium.remote.RemoteWebDriver.findElement(RemoteWebDriver.java:307)
	at org.openqa.selenium.remote.RemoteWebDriver.findElementByCssSelector(RemoteWebDriver.java:396)
	at org.openqa.selenium.By$ByCssSelector.findElement(By.java:406)
	at org.openqa.selenium.remote.RemoteWebDriver.findElement(RemoteWebDriver.java:299)
	at sun.reflect.GeneratedMethodAccessor8.invoke(Unknown Source)
	at sun.reflect.DelegatingMethodAccessorImpl.invoke(DelegatingMethodAccessorImpl.java:43)
	at java.lang.reflect.Method.invoke(Method.java:606)
	at org.openqa.selenium.support.events.EventFiringWebDriver$2.invoke(EventFiringWebDriver.java:101)
	at com.sun.proxy.$Proxy16.findElement(Unknown Source)
	at org.openqa.selenium.support.events.EventFiringWebDriver.findElement(EventFiringWebDriver.java:180)
	at org.openqa.selenium.support.ui.ExpectedConditions.findElement(ExpectedConditions.java:523)
	at org.openqa.selenium.support.ui.ExpectedConditions.access$000(ExpectedConditions.java:39)
	at org.openqa.selenium.support.ui.ExpectedConditions$4.apply(ExpectedConditions.java:130)
	at org.openqa.selenium.support.ui.ExpectedConditions$4.apply(ExpectedConditions.java:126)
	at org.openqa.selenium.support.ui.FluentWait.until(FluentWait.java:208)
	at com.mifos.pages.MifosWebPage.waitForElementToBeVisible(MifosWebPage.java:210)
	at com.mifos.pages.MifosWebPage.getElement(MifosWebPage.java:699)
	at com.mifos.pages.MifosWebPage.getElement(MifosWebPage.java:684)
	at com.mifos.pages.MifosWebPage.getSingleText(MifosWebPage.java:941)
	at com.mifos.pages.MifosWebPage.validateSame(MifosWebPage.java:947)
	at com.mifos.pages.MifosWebPage.verifySuccessMessage(MifosWebPage.java:1815)
	at com.mifos.pages.FrontPage.verifyProductLoanExcelSheet(FrontPage.java:472)
	at com.mifos.steps.LoanProductSteps.I_should_see_product_loan_created_successfully(LoanProductSteps.java:27)
	at sun.reflect.GeneratedMethodAccessor59.invoke(Unknown Source)
	at sun.reflect.DelegatingMethodAccessorImpl.invoke(DelegatingMethodAccessorImpl.java:43)
	at java.lang.reflect.Method.invoke(Method.java:606)
	at cucumber.runtime.Utils$1.call(Utils.java:44)
	at cucumber.runtime.Timeout.timeout(Timeout.java:12)
	at cucumber.runtime.Utils.invoke(Utils.java:40)
	at cucumber.runtime.java.JavaStepDefinition.execute(JavaStepDefinition.java:35)
	at cucumber.runtime.StepDefinitionMatch.runStep(StepDefinitionMatch.java:38)
	at cucumber.runtime.Runtime.runStep(Runtime.java:268)
	at cucumber.runtime.model.StepContainer.runStep(StepContainer.java:45)
	at cucumber.runtime.model.StepContainer.runSteps(StepContainer.java:40)
	at cucumber.runtime.model.CucumberScenario.run(CucumberScenario.java:36)
	at cucumber.runtime.junit.ExecutionUnitRunner.run(ExecutionUnitRunner.java:83)
	at org.junit.runners.Suite.runChild(Suite.java:127)
	at org.junit.runners.Suite.runChild(Suite.java:26)
	at org.junit.runners.ParentRunner$3.run(ParentRunner.java:238)
	at org.junit.runners.ParentRunner$1.schedule(ParentRunner.java:63)
	at org.junit.runners.ParentRunner.runChildren(ParentRunner.java:236)
	at org.junit.runners.ParentRunner.access$000(ParentRunner.java:53)
	at org.junit.runners.ParentRunner$2.evaluate(ParentRunner.java:229)
	at org.junit.runners.ParentRunner.run(ParentRunner.java:309)
	at org.junit.runners.Suite.runChild(Suite.java:127)
	at org.junit.runners.Suite.runChild(Suite.java:26)
	at org.junit.runners.ParentRunner$3.run(ParentRunner.java:238)
	at org.junit.runners.ParentRunner$1.schedule(ParentRunner.java:63)
	at org.junit.runners.ParentRunner.runChildren(ParentRunner.java:236)
	at org.junit.runners.ParentRunner.access$000(ParentRunner.java:53)
	at org.junit.runners.ParentRunner$2.evaluate(ParentRunner.java:229)
	at org.junit.runners.ParentRunner.run(ParentRunner.java:309)
	at cucumber.runtime.junit.FeatureRunner.runChild(FeatureRunner.java:63)
	at cucumber.runtime.junit.FeatureRunner.runChild(FeatureRunner.java:18)
	at org.junit.runners.ParentRunner$3.run(ParentRunner.java:238)
	at org.junit.runners.ParentRunner$1.schedule(ParentRunner.java:63)
	at org.junit.runners.ParentRunner.runChildren(ParentRunner.java:236)
	at org.junit.runners.ParentRunner.access$000(ParentRunner.java:53)
	at org.junit.runners.ParentRunner$2.evaluate(ParentRunner.java:229)
	at org.junit.runners.ParentRunner.run(ParentRunner.java:309)
	at cucumber.runtime.junit.FeatureRunner.run(FeatureRunner.java:70)
	at cucumber.api.junit.Cucumber.runChild(Cucumber.java:77)
	at cucumber.api.junit.Cucumber.runChild(Cucumber.java:37)
	at org.junit.runners.ParentRunner$3.run(ParentRunner.java:238)
	at org.junit.runners.ParentRunner$1.schedule(ParentRunner.java:63)
	at org.junit.runners.ParentRunner.runChildren(ParentRunner.java:236)
	at org.junit.runners.ParentRunner.access$000(ParentRunner.java:53)
	at org.junit.runners.ParentRunner$2.evaluate(ParentRunner.java:229)
	at org.junit.runners.ParentRunner.run(ParentRunner.java:309)
	at cucumber.api.junit.Cucumber.run(Cucumber.java:82)
	at org.apache.maven.surefire.junit4.JUnit4Provider.execute(JUnit4Provider.java:252)
	at org.apache.maven.surefire.junit4.JUnit4Provider.executeTestSet(JUnit4Provider.java:141)
	at org.apache.maven.surefire.junit4.JUnit4Provider.invoke(JUnit4Provider.java:112)
	at sun.reflect.NativeMethodAccessorImpl.invoke0(Native Method)
	at sun.reflect.NativeMethodAccessorImpl.invoke(NativeMethodAccessorImpl.java:57)
	at sun.reflect.DelegatingMethodAccessorImpl.invoke(DelegatingMethodAccessorImpl.java:43)
	at java.lang.reflect.Method.invoke(Method.java:606)
	at org.apache.maven.surefire.util.ReflectionUtils.invokeMethodWithArray(ReflectionUtils.java:189)
	at org.apache.maven.surefire.booter.ProviderFactory$ProviderProxy.invoke(ProviderFactory.java:165)
	at org.apache.maven.surefire.booter.ProviderFactory.invokeProvider(ProviderFactory.java:85)
	at org.apache.maven.surefire.booter.ForkedBooter.runSuitesInProcess(ForkedBooter.java:113)
	at org.apache.maven.surefire.booter.ForkedBooter.main(ForkedBooter.java:75)
</error>
    <system-out>welcome to mifos through excel
Cell One ... key=productname
439-RBI-EI-DB-SAR-REC-NON-RNI-CTRFD-SAR-MD-TR-1-B-EarlyRePayment
439-RBI-EI-DB-SAR-REC-NON-RNI-CTRFD-SAR-MD-TR-1-B-EarlyRePayment
</system-out>
  </testcase>
  <testcase time="0" classname="| 439-RBI-EI-DB-SAR-REC-NON-RNI-CTRFD-SAR-MD-TR-1-B-EarlyRePayment-Loanproduct4.xlsx |" name="| 439-RBI-EI-DB-SAR-REC-NON-RNI-CTRFD-SAR-MD-TR-1-B-EarlyRePayment-Loanproduct4.xlsx |">
    <error message="Timed out after 100 seconds waiting for visibility of element located by By.selector: legend.ng-binding
Build info: version: &apos;2.29.1&apos;, revision: &apos;dfb1306b85be4934d23c123122e06e602a15e446&apos;, time: &apos;2013-01-22 12:58:05&apos;
System info: os.name: &apos;Windows Server 2012&apos;, os.arch: &apos;amd64&apos;, os.version: &apos;6.2&apos;, java.version: &apos;1.7.0_51&apos;
Driver info: driver.version: unknown" type="org.openqa.selenium.TimeoutException">org.openqa.selenium.TimeoutException: Timed out after 100 seconds waiting for visibility of element located by By.selector: legend.ng-binding
Build info: version: &apos;2.29.1&apos;, revision: &apos;dfb1306b85be4934d23c123122e06e602a15e446&apos;, time: &apos;2013-01-22 12:58:05&apos;
System info: os.name: &apos;Windows Server 2012&apos;, os.arch: &apos;amd64&apos;, os.version: &apos;6.2&apos;, java.version: &apos;1.7.0_51&apos;
Driver info: driver.version: unknown
	at org.openqa.selenium.support.ui.FluentWait.timeoutException(FluentWait.java:259)
	at org.openqa.selenium.support.ui.FluentWait.until(FluentWait.java:228)
	at com.mifos.pages.MifosWebPage.waitForElementToBeVisible(MifosWebPage.java:210)
	at com.mifos.pages.MifosWebPage.getElement(MifosWebPage.java:699)
	at com.mifos.pages.MifosWebPage.getElement(MifosWebPage.java:684)
	at com.mifos.pages.MifosWebPage.getSingleText(MifosWebPage.java:941)
	at com.mifos.pages.MifosWebPage.validateSame(MifosWebPage.java:947)
	at com.mifos.pages.MifosWebPage.verifySuccessMessage(MifosWebPage.java:1815)
	at com.mifos.pages.FrontPage.verifyProductLoanExcelSheet(FrontPage.java:472)
	at com.mifos.steps.LoanProductSteps.I_should_see_product_loan_created_successfully(LoanProductSteps.java:27)
	at ✽.Then I should see product loan created successfully(LoanRBI.feature:18)
Caused by: org.openqa.selenium.NoSuchElementException: no such element
  (Session info: chrome=43.0.2357.124)
  (Driver info: chromedriver=2.8.241075,platform=Windows NT 6.3 x86_64) (WARNING: The server did not provide any stacktrace information)
Command duration or timeout: 30.02 seconds
For documentation on this error, please visit: http://seleniumhq.org/exceptions/no_such_element.html
Build info: version: &apos;2.29.1&apos;, revision: &apos;dfb1306b85be4934d23c123122e06e602a15e446&apos;, time: &apos;2013-01-22 12:58:05&apos;
System info: os.name: &apos;Windows Server 2012&apos;, os.arch: &apos;amd64&apos;, os.version: &apos;6.2&apos;, java.version: &apos;1.7.0_51&apos;
Session ID: 1e624de64f55f61b8c635e9de437847d
Driver info: org.openqa.selenium.chrome.ChromeDriver
Capabilities [{platform=XP, acceptSslCerts=true, javascriptEnabled=true, browserName=chrome, chrome={userDataDir=C:\Users\ADMINI~1\AppData\Local\Temp\2\scoped_dir1684_943}, rotatable=false, locationContextEnabled=true, version=43.0.2357.124, takesHeapSnapshot=true, cssSelectorsEnabled=true, databaseEnabled=false, handlesAlerts=true, browserConnectionEnabled=false, webStorageEnabled=true, nativeEvents=true, applicationCacheEnabled=false, takesScreenshot=true}]
	at sun.reflect.GeneratedConstructorAccessor53.newInstance(Unknown Source)
	at sun.reflect.DelegatingConstructorAccessorImpl.newInstance(DelegatingConstructorAccessorImpl.java:45)
	at java.lang.reflect.Constructor.newInstance(Constructor.java:526)
	at org.openqa.selenium.remote.ErrorHandler.createThrowable(ErrorHandler.java:187)
	at org.openqa.selenium.remote.ErrorHandler.throwIfResponseFailed(ErrorHandler.java:145)
	at org.openqa.selenium.remote.RemoteWebDriver.execute(RemoteWebDriver.java:554)
	at org.openqa.selenium.remote.RemoteWebDriver.findElement(RemoteWebDriver.java:307)
	at org.openqa.selenium.remote.RemoteWebDriver.findElementByCssSelector(RemoteWebDriver.java:396)
	at org.openqa.selenium.By$ByCssSelector.findElement(By.java:406)
	at org.openqa.selenium.remote.RemoteWebDriver.findElement(RemoteWebDriver.java:299)
	at sun.reflect.GeneratedMethodAccessor8.invoke(Unknown Source)
	at sun.reflect.DelegatingMethodAccessorImpl.invoke(DelegatingMethodAccessorImpl.java:43)
	at java.lang.reflect.Method.invoke(Method.java:606)
	at org.openqa.selenium.support.events.EventFiringWebDriver$2.invoke(EventFiringWebDriver.java:101)
	at com.sun.proxy.$Proxy16.findElement(Unknown Source)
	at org.openqa.selenium.support.events.EventFiringWebDriver.findElement(EventFiringWebDriver.java:180)
	at org.openqa.selenium.support.ui.ExpectedConditions.findElement(ExpectedConditions.java:523)
	at org.openqa.selenium.support.ui.ExpectedConditions.access$000(ExpectedConditions.java:39)
	at org.openqa.selenium.support.ui.ExpectedConditions$4.apply(ExpectedConditions.java:130)
	at org.openqa.selenium.support.ui.ExpectedConditions$4.apply(ExpectedConditions.java:126)
	at org.openqa.selenium.support.ui.FluentWait.until(FluentWait.java:208)
	at com.mifos.pages.MifosWebPage.waitForElementToBeVisible(MifosWebPage.java:210)
	at com.mifos.pages.MifosWebPage.getElement(MifosWebPage.java:699)
	at com.mifos.pages.MifosWebPage.getElement(MifosWebPage.java:684)
	at com.mifos.pages.MifosWebPage.getSingleText(MifosWebPage.java:941)
	at com.mifos.pages.MifosWebPage.validateSame(MifosWebPage.java:947)
	at com.mifos.pages.MifosWebPage.verifySuccessMessage(MifosWebPage.java:1815)
	at com.mifos.pages.FrontPage.verifyProductLoanExcelSheet(FrontPage.java:472)
	at com.mifos.steps.LoanProductSteps.I_should_see_product_loan_created_successfully(LoanProductSteps.java:27)
	at sun.reflect.GeneratedMethodAccessor59.invoke(Unknown Source)
	at sun.reflect.DelegatingMethodAccessorImpl.invoke(DelegatingMethodAccessorImpl.java:43)
	at java.lang.reflect.Method.invoke(Method.java:606)
	at cucumber.runtime.Utils$1.call(Utils.java:44)
	at cucumber.runtime.Timeout.timeout(Timeout.java:12)
	at cucumber.runtime.Utils.invoke(Utils.java:40)
	at cucumber.runtime.java.JavaStepDefinition.execute(JavaStepDefinition.java:35)
	at cucumber.runtime.StepDefinitionMatch.runStep(StepDefinitionMatch.java:38)
	at cucumber.runtime.Runtime.runStep(Runtime.java:268)
	at cucumber.runtime.model.StepContainer.runStep(StepContainer.java:45)
	at cucumber.runtime.model.StepContainer.runSteps(StepContainer.java:40)
	at cucumber.runtime.model.CucumberScenario.run(CucumberScenario.java:36)
	at cucumber.runtime.junit.ExecutionUnitRunner.run(ExecutionUnitRunner.java:83)
	at org.junit.runners.Suite.runChild(Suite.java:127)
	at org.junit.runners.Suite.runChild(Suite.java:26)
	at org.junit.runners.ParentRunner$3.run(ParentRunner.java:238)
	at org.junit.runners.ParentRunner$1.schedule(ParentRunner.java:63)
	at org.junit.runners.ParentRunner.runChildren(ParentRunner.java:236)
	at org.junit.runners.ParentRunner.access$000(ParentRunner.java:53)
	at org.junit.runners.ParentRunner$2.evaluate(ParentRunner.java:229)
	at org.junit.runners.ParentRunner.run(ParentRunner.java:309)
	at org.junit.runners.Suite.runChild(Suite.java:127)
	at org.junit.runners.Suite.runChild(Suite.java:26)
	at org.junit.runners.ParentRunner$3.run(ParentRunner.java:238)
	at org.junit.runners.ParentRunner$1.schedule(ParentRunner.java:63)
	at org.junit.runners.ParentRunner.runChildren(ParentRunner.java:236)
	at org.junit.runners.ParentRunner.access$000(ParentRunner.java:53)
	at org.junit.runners.ParentRunner$2.evaluate(ParentRunner.java:229)
	at org.junit.runners.ParentRunner.run(ParentRunner.java:309)
	at cucumber.runtime.junit.FeatureRunner.runChild(FeatureRunner.java:63)
	at cucumber.runtime.junit.FeatureRunner.runChild(FeatureRunner.java:18)
	at org.junit.runners.ParentRunner$3.run(ParentRunner.java:238)
	at org.junit.runners.ParentRunner$1.schedule(ParentRunner.java:63)
	at org.junit.runners.ParentRunner.runChildren(ParentRunner.java:236)
	at org.junit.runners.ParentRunner.access$000(ParentRunner.java:53)
	at org.junit.runners.ParentRunner$2.evaluate(ParentRunner.java:229)
	at org.junit.runners.ParentRunner.run(ParentRunner.java:309)
	at cucumber.runtime.junit.FeatureRunner.run(FeatureRunner.java:70)
	at cucumber.api.junit.Cucumber.runChild(Cucumber.java:77)
	at cucumber.api.junit.Cucumber.runChild(Cucumber.java:37)
	at org.junit.runners.ParentRunner$3.run(ParentRunner.java:238)
	at org.junit.runners.ParentRunner$1.schedule(ParentRunner.java:63)
	at org.junit.runners.ParentRunner.runChildren(ParentRunner.java:236)
	at org.junit.runners.ParentRunner.access$000(ParentRunner.java:53)
	at org.junit.runners.ParentRunner$2.evaluate(ParentRunner.java:229)
	at org.junit.runners.ParentRunner.run(ParentRunner.java:309)
	at cucumber.api.junit.Cucumber.run(Cucumber.java:82)
	at org.apache.maven.surefire.junit4.JUnit4Provider.execute(JUnit4Provider.java:252)
	at org.apache.maven.surefire.junit4.JUnit4Provider.executeTestSet(JUnit4Provider.java:141)
	at org.apache.maven.surefire.junit4.JUnit4Provider.invoke(JUnit4Provider.java:112)
	at sun.reflect.NativeMethodAccessorImpl.invoke0(Native Method)
	at sun.reflect.NativeMethodAccessorImpl.invoke(NativeMethodAccessorImpl.java:57)
	at sun.reflect.DelegatingMethodAccessorImpl.invoke(DelegatingMethodAccessorImpl.java:43)
	at java.lang.reflect.Method.invoke(Method.java:606)
	at org.apache.maven.surefire.util.ReflectionUtils.invokeMethodWithArray(ReflectionUtils.java:189)
	at org.apache.maven.surefire.booter.ProviderFactory$ProviderProxy.invoke(ProviderFactory.java:165)
	at org.apache.maven.surefire.booter.ProviderFactory.invokeProvider(ProviderFactory.java:85)
	at org.apache.maven.surefire.booter.ForkedBooter.runSuitesInProcess(ForkedBooter.java:113)
	at org.apache.maven.surefire.booter.ForkedBooter.main(ForkedBooter.java:75)
</error>
  </testcase>
  <testcase time="0" classname="| 440-RBI-EI-DB-SAR-REC-NON-RNI-CTRFD-DL-MD-TR-1-EarlyRePayment-Loanproduct4.xlsx |" name="Given I navigate to mifos"/>
  <testcase time="0" classname="| 440-RBI-EI-DB-SAR-REC-NON-RNI-CTRFD-DL-MD-TR-1-EarlyRePayment-Loanproduct4.xlsx |" name="And I use login folder"/>
  <testcase time="0" classname="| 440-RBI-EI-DB-SAR-REC-NON-RNI-CTRFD-DL-MD-TR-1-EarlyRePayment-Loanproduct4.xlsx |" name="When I login into mifos site using excel sheet"/>
  <testcase time="0" classname="| 440-RBI-EI-DB-SAR-REC-NON-RNI-CTRFD-DL-MD-TR-1-EarlyRePayment-Loanproduct4.xlsx |" name="Then I should see logged in successfully"/>
  <testcase time="0" classname="| 440-RBI-EI-DB-SAR-REC-NON-RNI-CTRFD-DL-MD-TR-1-EarlyRePayment-Loanproduct4.xlsx |" name="Given I setup the product loan"/>
  <testcase time="0" classname="| 440-RBI-EI-DB-SAR-REC-NON-RNI-CTRFD-DL-MD-TR-1-EarlyRePayment-Loanproduct4.xlsx |" name="And I entered the values into product loan using"/>
  <testcase time="0" classname="| 440-RBI-EI-DB-SAR-REC-NON-RNI-CTRFD-DL-MD-TR-1-EarlyRePayment-Loanproduct4.xlsx |" name="Then I should see product loan created successfully">
    <error message="Timed out after 100 seconds waiting for visibility of element located by By.selector: legend.ng-binding
Build info: version: &apos;2.29.1&apos;, revision: &apos;dfb1306b85be4934d23c123122e06e602a15e446&apos;, time: &apos;2013-01-22 12:58:05&apos;
System info: os.name: &apos;Windows Server 2012&apos;, os.arch: &apos;amd64&apos;, os.version: &apos;6.2&apos;, java.version: &apos;1.7.0_51&apos;
Driver info: driver.version: unknown" type="org.openqa.selenium.TimeoutException">org.openqa.selenium.TimeoutException: Timed out after 100 seconds waiting for visibility of element located by By.selector: legend.ng-binding
Build info: version: &apos;2.29.1&apos;, revision: &apos;dfb1306b85be4934d23c123122e06e602a15e446&apos;, time: &apos;2013-01-22 12:58:05&apos;
System info: os.name: &apos;Windows Server 2012&apos;, os.arch: &apos;amd64&apos;, os.version: &apos;6.2&apos;, java.version: &apos;1.7.0_51&apos;
Driver info: driver.version: unknown
	at org.openqa.selenium.support.ui.FluentWait.timeoutException(FluentWait.java:259)
	at org.openqa.selenium.support.ui.FluentWait.until(FluentWait.java:228)
	at com.mifos.pages.MifosWebPage.waitForElementToBeVisible(MifosWebPage.java:210)
	at com.mifos.pages.MifosWebPage.getElement(MifosWebPage.java:699)
	at com.mifos.pages.MifosWebPage.getElement(MifosWebPage.java:684)
	at com.mifos.pages.MifosWebPage.getSingleText(MifosWebPage.java:941)
	at com.mifos.pages.MifosWebPage.validateSame(MifosWebPage.java:947)
	at com.mifos.pages.MifosWebPage.verifySuccessMessage(MifosWebPage.java:1815)
	at com.mifos.pages.FrontPage.verifyProductLoanExcelSheet(FrontPage.java:472)
	at com.mifos.steps.LoanProductSteps.I_should_see_product_loan_created_successfully(LoanProductSteps.java:27)
	at ✽.Then I should see product loan created successfully(LoanRBI.feature:18)
Caused by: org.openqa.selenium.NoSuchElementException: no such element
  (Session info: chrome=43.0.2357.124)
  (Driver info: chromedriver=2.8.241075,platform=Windows NT 6.3 x86_64) (WARNING: The server did not provide any stacktrace information)
Command duration or timeout: 30.03 seconds
For documentation on this error, please visit: http://seleniumhq.org/exceptions/no_such_element.html
Build info: version: &apos;2.29.1&apos;, revision: &apos;dfb1306b85be4934d23c123122e06e602a15e446&apos;, time: &apos;2013-01-22 12:58:05&apos;
System info: os.name: &apos;Windows Server 2012&apos;, os.arch: &apos;amd64&apos;, os.version: &apos;6.2&apos;, java.version: &apos;1.7.0_51&apos;
Session ID: 7e39da0f6b4c0d464a3b0157da15f95e
Driver info: org.openqa.selenium.chrome.ChromeDriver
Capabilities [{platform=XP, acceptSslCerts=true, javascriptEnabled=true, browserName=chrome, chrome={userDataDir=C:\Users\ADMINI~1\AppData\Local\Temp\2\scoped_dir4908_26146}, rotatable=false, locationContextEnabled=true, version=43.0.2357.124, takesHeapSnapshot=true, cssSelectorsEnabled=true, databaseEnabled=false, handlesAlerts=true, browserConnectionEnabled=false, webStorageEnabled=true, nativeEvents=true, applicationCacheEnabled=false, takesScreenshot=true}]
	at sun.reflect.GeneratedConstructorAccessor53.newInstance(Unknown Source)
	at sun.reflect.DelegatingConstructorAccessorImpl.newInstance(DelegatingConstructorAccessorImpl.java:45)
	at java.lang.reflect.Constructor.newInstance(Constructor.java:526)
	at org.openqa.selenium.remote.ErrorHandler.createThrowable(ErrorHandler.java:187)
	at org.openqa.selenium.remote.ErrorHandler.throwIfResponseFailed(ErrorHandler.java:145)
	at org.openqa.selenium.remote.RemoteWebDriver.execute(RemoteWebDriver.java:554)
	at org.openqa.selenium.remote.RemoteWebDriver.findElement(RemoteWebDriver.java:307)
	at org.openqa.selenium.remote.RemoteWebDriver.findElementByCssSelector(RemoteWebDriver.java:396)
	at org.openqa.selenium.By$ByCssSelector.findElement(By.java:406)
	at org.openqa.selenium.remote.RemoteWebDriver.findElement(RemoteWebDriver.java:299)
	at sun.reflect.GeneratedMethodAccessor8.invoke(Unknown Source)
	at sun.reflect.DelegatingMethodAccessorImpl.invoke(DelegatingMethodAccessorImpl.java:43)
	at java.lang.reflect.Method.invoke(Method.java:606)
	at org.openqa.selenium.support.events.EventFiringWebDriver$2.invoke(EventFiringWebDriver.java:101)
	at com.sun.proxy.$Proxy16.findElement(Unknown Source)
	at org.openqa.selenium.support.events.EventFiringWebDriver.findElement(EventFiringWebDriver.java:180)
	at org.openqa.selenium.support.ui.ExpectedConditions.findElement(ExpectedConditions.java:523)
	at org.openqa.selenium.support.ui.ExpectedConditions.access$000(ExpectedConditions.java:39)
	at org.openqa.selenium.support.ui.ExpectedConditions$4.apply(ExpectedConditions.java:130)
	at org.openqa.selenium.support.ui.ExpectedConditions$4.apply(ExpectedConditions.java:126)
	at org.openqa.selenium.support.ui.FluentWait.until(FluentWait.java:208)
	at com.mifos.pages.MifosWebPage.waitForElementToBeVisible(MifosWebPage.java:210)
	at com.mifos.pages.MifosWebPage.getElement(MifosWebPage.java:699)
	at com.mifos.pages.MifosWebPage.getElement(MifosWebPage.java:684)
	at com.mifos.pages.MifosWebPage.getSingleText(MifosWebPage.java:941)
	at com.mifos.pages.MifosWebPage.validateSame(MifosWebPage.java:947)
	at com.mifos.pages.MifosWebPage.verifySuccessMessage(MifosWebPage.java:1815)
	at com.mifos.pages.FrontPage.verifyProductLoanExcelSheet(FrontPage.java:472)
	at com.mifos.steps.LoanProductSteps.I_should_see_product_loan_created_successfully(LoanProductSteps.java:27)
	at sun.reflect.GeneratedMethodAccessor59.invoke(Unknown Source)
	at sun.reflect.DelegatingMethodAccessorImpl.invoke(DelegatingMethodAccessorImpl.java:43)
	at java.lang.reflect.Method.invoke(Method.java:606)
	at cucumber.runtime.Utils$1.call(Utils.java:44)
	at cucumber.runtime.Timeout.timeout(Timeout.java:12)
	at cucumber.runtime.Utils.invoke(Utils.java:40)
	at cucumber.runtime.java.JavaStepDefinition.execute(JavaStepDefinition.java:35)
	at cucumber.runtime.StepDefinitionMatch.runStep(StepDefinitionMatch.java:38)
	at cucumber.runtime.Runtime.runStep(Runtime.java:268)
	at cucumber.runtime.model.StepContainer.runStep(StepContainer.java:45)
	at cucumber.runtime.model.StepContainer.runSteps(StepContainer.java:40)
	at cucumber.runtime.model.CucumberScenario.run(CucumberScenario.java:36)
	at cucumber.runtime.junit.ExecutionUnitRunner.run(ExecutionUnitRunner.java:83)
	at org.junit.runners.Suite.runChild(Suite.java:127)
	at org.junit.runners.Suite.runChild(Suite.java:26)
	at org.junit.runners.ParentRunner$3.run(ParentRunner.java:238)
	at org.junit.runners.ParentRunner$1.schedule(ParentRunner.java:63)
	at org.junit.runners.ParentRunner.runChildren(ParentRunner.java:236)
	at org.junit.runners.ParentRunner.access$000(ParentRunner.java:53)
	at org.junit.runners.ParentRunner$2.evaluate(ParentRunner.java:229)
	at org.junit.runners.ParentRunner.run(ParentRunner.java:309)
	at org.junit.runners.Suite.runChild(Suite.java:127)
	at org.junit.runners.Suite.runChild(Suite.java:26)
	at org.junit.runners.ParentRunner$3.run(ParentRunner.java:238)
	at org.junit.runners.ParentRunner$1.schedule(ParentRunner.java:63)
	at org.junit.runners.ParentRunner.runChildren(ParentRunner.java:236)
	at org.junit.runners.ParentRunner.access$000(ParentRunner.java:53)
	at org.junit.runners.ParentRunner$2.evaluate(ParentRunner.java:229)
	at org.junit.runners.ParentRunner.run(ParentRunner.java:309)
	at cucumber.runtime.junit.FeatureRunner.runChild(FeatureRunner.java:63)
	at cucumber.runtime.junit.FeatureRunner.runChild(FeatureRunner.java:18)
	at org.junit.runners.ParentRunner$3.run(ParentRunner.java:238)
	at org.junit.runners.ParentRunner$1.schedule(ParentRunner.java:63)
	at org.junit.runners.ParentRunner.runChildren(ParentRunner.java:236)
	at org.junit.runners.ParentRunner.access$000(ParentRunner.java:53)
	at org.junit.runners.ParentRunner$2.evaluate(ParentRunner.java:229)
	at org.junit.runners.ParentRunner.run(ParentRunner.java:309)
	at cucumber.runtime.junit.FeatureRunner.run(FeatureRunner.java:70)
	at cucumber.api.junit.Cucumber.runChild(Cucumber.java:77)
	at cucumber.api.junit.Cucumber.runChild(Cucumber.java:37)
	at org.junit.runners.ParentRunner$3.run(ParentRunner.java:238)
	at org.junit.runners.ParentRunner$1.schedule(ParentRunner.java:63)
	at org.junit.runners.ParentRunner.runChildren(ParentRunner.java:236)
	at org.junit.runners.ParentRunner.access$000(ParentRunner.java:53)
	at org.junit.runners.ParentRunner$2.evaluate(ParentRunner.java:229)
	at org.junit.runners.ParentRunner.run(ParentRunner.java:309)
	at cucumber.api.junit.Cucumber.run(Cucumber.java:82)
	at org.apache.maven.surefire.junit4.JUnit4Provider.execute(JUnit4Provider.java:252)
	at org.apache.maven.surefire.junit4.JUnit4Provider.executeTestSet(JUnit4Provider.java:141)
	at org.apache.maven.surefire.junit4.JUnit4Provider.invoke(JUnit4Provider.java:112)
	at sun.reflect.NativeMethodAccessorImpl.invoke0(Native Method)
	at sun.reflect.NativeMethodAccessorImpl.invoke(NativeMethodAccessorImpl.java:57)
	at sun.reflect.DelegatingMethodAccessorImpl.invoke(DelegatingMethodAccessorImpl.java:43)
	at java.lang.reflect.Method.invoke(Method.java:606)
	at org.apache.maven.surefire.util.ReflectionUtils.invokeMethodWithArray(ReflectionUtils.java:189)
	at org.apache.maven.surefire.booter.ProviderFactory$ProviderProxy.invoke(ProviderFactory.java:165)
	at org.apache.maven.surefire.booter.ProviderFactory.invokeProvider(ProviderFactory.java:85)
	at org.apache.maven.surefire.booter.ForkedBooter.runSuitesInProcess(ForkedBooter.java:113)
	at org.apache.maven.surefire.booter.ForkedBooter.main(ForkedBooter.java:75)
</error>
    <system-out>welcome to mifos through excel
Cell One ... key=productname
440-RBI-EI-DB-SAR-REC-NON-RNI-CTRFD-DL-MD-TR-1-EarlyRePayment
440-RBI-EI-DB-SAR-REC-NON-RNI-CTRFD-DL-MD-TR-1-EarlyRePayment
</system-out>
  </testcase>
  <testcase time="0" classname="| 440-RBI-EI-DB-SAR-REC-NON-RNI-CTRFD-DL-MD-TR-1-EarlyRePayment-Loanproduct4.xlsx |" name="| 440-RBI-EI-DB-SAR-REC-NON-RNI-CTRFD-DL-MD-TR-1-EarlyRePayment-Loanproduct4.xlsx |">
    <error message="Timed out after 100 seconds waiting for visibility of element located by By.selector: legend.ng-binding
Build info: version: &apos;2.29.1&apos;, revision: &apos;dfb1306b85be4934d23c123122e06e602a15e446&apos;, time: &apos;2013-01-22 12:58:05&apos;
System info: os.name: &apos;Windows Server 2012&apos;, os.arch: &apos;amd64&apos;, os.version: &apos;6.2&apos;, java.version: &apos;1.7.0_51&apos;
Driver info: driver.version: unknown" type="org.openqa.selenium.TimeoutException">org.openqa.selenium.TimeoutException: Timed out after 100 seconds waiting for visibility of element located by By.selector: legend.ng-binding
Build info: version: &apos;2.29.1&apos;, revision: &apos;dfb1306b85be4934d23c123122e06e602a15e446&apos;, time: &apos;2013-01-22 12:58:05&apos;
System info: os.name: &apos;Windows Server 2012&apos;, os.arch: &apos;amd64&apos;, os.version: &apos;6.2&apos;, java.version: &apos;1.7.0_51&apos;
Driver info: driver.version: unknown
	at org.openqa.selenium.support.ui.FluentWait.timeoutException(FluentWait.java:259)
	at org.openqa.selenium.support.ui.FluentWait.until(FluentWait.java:228)
	at com.mifos.pages.MifosWebPage.waitForElementToBeVisible(MifosWebPage.java:210)
	at com.mifos.pages.MifosWebPage.getElement(MifosWebPage.java:699)
	at com.mifos.pages.MifosWebPage.getElement(MifosWebPage.java:684)
	at com.mifos.pages.MifosWebPage.getSingleText(MifosWebPage.java:941)
	at com.mifos.pages.MifosWebPage.validateSame(MifosWebPage.java:947)
	at com.mifos.pages.MifosWebPage.verifySuccessMessage(MifosWebPage.java:1815)
	at com.mifos.pages.FrontPage.verifyProductLoanExcelSheet(FrontPage.java:472)
	at com.mifos.steps.LoanProductSteps.I_should_see_product_loan_created_successfully(LoanProductSteps.java:27)
	at ✽.Then I should see product loan created successfully(LoanRBI.feature:18)
Caused by: org.openqa.selenium.NoSuchElementException: no such element
  (Session info: chrome=43.0.2357.124)
  (Driver info: chromedriver=2.8.241075,platform=Windows NT 6.3 x86_64) (WARNING: The server did not provide any stacktrace information)
Command duration or timeout: 30.03 seconds
For documentation on this error, please visit: http://seleniumhq.org/exceptions/no_such_element.html
Build info: version: &apos;2.29.1&apos;, revision: &apos;dfb1306b85be4934d23c123122e06e602a15e446&apos;, time: &apos;2013-01-22 12:58:05&apos;
System info: os.name: &apos;Windows Server 2012&apos;, os.arch: &apos;amd64&apos;, os.version: &apos;6.2&apos;, java.version: &apos;1.7.0_51&apos;
Session ID: 7e39da0f6b4c0d464a3b0157da15f95e
Driver info: org.openqa.selenium.chrome.ChromeDriver
Capabilities [{platform=XP, acceptSslCerts=true, javascriptEnabled=true, browserName=chrome, chrome={userDataDir=C:\Users\ADMINI~1\AppData\Local\Temp\2\scoped_dir4908_26146}, rotatable=false, locationContextEnabled=true, version=43.0.2357.124, takesHeapSnapshot=true, cssSelectorsEnabled=true, databaseEnabled=false, handlesAlerts=true, browserConnectionEnabled=false, webStorageEnabled=true, nativeEvents=true, applicationCacheEnabled=false, takesScreenshot=true}]
	at sun.reflect.GeneratedConstructorAccessor53.newInstance(Unknown Source)
	at sun.reflect.DelegatingConstructorAccessorImpl.newInstance(DelegatingConstructorAccessorImpl.java:45)
	at java.lang.reflect.Constructor.newInstance(Constructor.java:526)
	at org.openqa.selenium.remote.ErrorHandler.createThrowable(ErrorHandler.java:187)
	at org.openqa.selenium.remote.ErrorHandler.throwIfResponseFailed(ErrorHandler.java:145)
	at org.openqa.selenium.remote.RemoteWebDriver.execute(RemoteWebDriver.java:554)
	at org.openqa.selenium.remote.RemoteWebDriver.findElement(RemoteWebDriver.java:307)
	at org.openqa.selenium.remote.RemoteWebDriver.findElementByCssSelector(RemoteWebDriver.java:396)
	at org.openqa.selenium.By$ByCssSelector.findElement(By.java:406)
	at org.openqa.selenium.remote.RemoteWebDriver.findElement(RemoteWebDriver.java:299)
	at sun.reflect.GeneratedMethodAccessor8.invoke(Unknown Source)
	at sun.reflect.DelegatingMethodAccessorImpl.invoke(DelegatingMethodAccessorImpl.java:43)
	at java.lang.reflect.Method.invoke(Method.java:606)
	at org.openqa.selenium.support.events.EventFiringWebDriver$2.invoke(EventFiringWebDriver.java:101)
	at com.sun.proxy.$Proxy16.findElement(Unknown Source)
	at org.openqa.selenium.support.events.EventFiringWebDriver.findElement(EventFiringWebDriver.java:180)
	at org.openqa.selenium.support.ui.ExpectedConditions.findElement(ExpectedConditions.java:523)
	at org.openqa.selenium.support.ui.ExpectedConditions.access$000(ExpectedConditions.java:39)
	at org.openqa.selenium.support.ui.ExpectedConditions$4.apply(ExpectedConditions.java:130)
	at org.openqa.selenium.support.ui.ExpectedConditions$4.apply(ExpectedConditions.java:126)
	at org.openqa.selenium.support.ui.FluentWait.until(FluentWait.java:208)
	at com.mifos.pages.MifosWebPage.waitForElementToBeVisible(MifosWebPage.java:210)
	at com.mifos.pages.MifosWebPage.getElement(MifosWebPage.java:699)
	at com.mifos.pages.MifosWebPage.getElement(MifosWebPage.java:684)
	at com.mifos.pages.MifosWebPage.getSingleText(MifosWebPage.java:941)
	at com.mifos.pages.MifosWebPage.validateSame(MifosWebPage.java:947)
	at com.mifos.pages.MifosWebPage.verifySuccessMessage(MifosWebPage.java:1815)
	at com.mifos.pages.FrontPage.verifyProductLoanExcelSheet(FrontPage.java:472)
	at com.mifos.steps.LoanProductSteps.I_should_see_product_loan_created_successfully(LoanProductSteps.java:27)
	at sun.reflect.GeneratedMethodAccessor59.invoke(Unknown Source)
	at sun.reflect.DelegatingMethodAccessorImpl.invoke(DelegatingMethodAccessorImpl.java:43)
	at java.lang.reflect.Method.invoke(Method.java:606)
	at cucumber.runtime.Utils$1.call(Utils.java:44)
	at cucumber.runtime.Timeout.timeout(Timeout.java:12)
	at cucumber.runtime.Utils.invoke(Utils.java:40)
	at cucumber.runtime.java.JavaStepDefinition.execute(JavaStepDefinition.java:35)
	at cucumber.runtime.StepDefinitionMatch.runStep(StepDefinitionMatch.java:38)
	at cucumber.runtime.Runtime.runStep(Runtime.java:268)
	at cucumber.runtime.model.StepContainer.runStep(StepContainer.java:45)
	at cucumber.runtime.model.StepContainer.runSteps(StepContainer.java:40)
	at cucumber.runtime.model.CucumberScenario.run(CucumberScenario.java:36)
	at cucumber.runtime.junit.ExecutionUnitRunner.run(ExecutionUnitRunner.java:83)
	at org.junit.runners.Suite.runChild(Suite.java:127)
	at org.junit.runners.Suite.runChild(Suite.java:26)
	at org.junit.runners.ParentRunner$3.run(ParentRunner.java:238)
	at org.junit.runners.ParentRunner$1.schedule(ParentRunner.java:63)
	at org.junit.runners.ParentRunner.runChildren(ParentRunner.java:236)
	at org.junit.runners.ParentRunner.access$000(ParentRunner.java:53)
	at org.junit.runners.ParentRunner$2.evaluate(ParentRunner.java:229)
	at org.junit.runners.ParentRunner.run(ParentRunner.java:309)
	at org.junit.runners.Suite.runChild(Suite.java:127)
	at org.junit.runners.Suite.runChild(Suite.java:26)
	at org.junit.runners.ParentRunner$3.run(ParentRunner.java:238)
	at org.junit.runners.ParentRunner$1.schedule(ParentRunner.java:63)
	at org.junit.runners.ParentRunner.runChildren(ParentRunner.java:236)
	at org.junit.runners.ParentRunner.access$000(ParentRunner.java:53)
	at org.junit.runners.ParentRunner$2.evaluate(ParentRunner.java:229)
	at org.junit.runners.ParentRunner.run(ParentRunner.java:309)
	at cucumber.runtime.junit.FeatureRunner.runChild(FeatureRunner.java:63)
	at cucumber.runtime.junit.FeatureRunner.runChild(FeatureRunner.java:18)
	at org.junit.runners.ParentRunner$3.run(ParentRunner.java:238)
	at org.junit.runners.ParentRunner$1.schedule(ParentRunner.java:63)
	at org.junit.runners.ParentRunner.runChildren(ParentRunner.java:236)
	at org.junit.runners.ParentRunner.access$000(ParentRunner.java:53)
	at org.junit.runners.ParentRunner$2.evaluate(ParentRunner.java:229)
	at org.junit.runners.ParentRunner.run(ParentRunner.java:309)
	at cucumber.runtime.junit.FeatureRunner.run(FeatureRunner.java:70)
	at cucumber.api.junit.Cucumber.runChild(Cucumber.java:77)
	at cucumber.api.junit.Cucumber.runChild(Cucumber.java:37)
	at org.junit.runners.ParentRunner$3.run(ParentRunner.java:238)
	at org.junit.runners.ParentRunner$1.schedule(ParentRunner.java:63)
	at org.junit.runners.ParentRunner.runChildren(ParentRunner.java:236)
	at org.junit.runners.ParentRunner.access$000(ParentRunner.java:53)
	at org.junit.runners.ParentRunner$2.evaluate(ParentRunner.java:229)
	at org.junit.runners.ParentRunner.run(ParentRunner.java:309)
	at cucumber.api.junit.Cucumber.run(Cucumber.java:82)
	at org.apache.maven.surefire.junit4.JUnit4Provider.execute(JUnit4Provider.java:252)
	at org.apache.maven.surefire.junit4.JUnit4Provider.executeTestSet(JUnit4Provider.java:141)
	at org.apache.maven.surefire.junit4.JUnit4Provider.invoke(JUnit4Provider.java:112)
	at sun.reflect.NativeMethodAccessorImpl.invoke0(Native Method)
	at sun.reflect.NativeMethodAccessorImpl.invoke(NativeMethodAccessorImpl.java:57)
	at sun.reflect.DelegatingMethodAccessorImpl.invoke(DelegatingMethodAccessorImpl.java:43)
	at java.lang.reflect.Method.invoke(Method.java:606)
	at org.apache.maven.surefire.util.ReflectionUtils.invokeMethodWithArray(ReflectionUtils.java:189)
	at org.apache.maven.surefire.booter.ProviderFactory$ProviderProxy.invoke(ProviderFactory.java:165)
	at org.apache.maven.surefire.booter.ProviderFactory.invokeProvider(ProviderFactory.java:85)
	at org.apache.maven.surefire.booter.ForkedBooter.runSuitesInProcess(ForkedBooter.java:113)
	at org.apache.maven.surefire.booter.ForkedBooter.main(ForkedBooter.java:75)
</error>
  </testcase>
  <testcase time="0" classname="| 485-RBI-EPP-DB-DL-REC-NON-RNI-CTPD-SAR-MD-TR-1-EarlyRePayment-Loanproduct4.xlsx |" name="Given I navigate to mifos"/>
  <testcase time="0" classname="| 485-RBI-EPP-DB-DL-REC-NON-RNI-CTPD-SAR-MD-TR-1-EarlyRePayment-Loanproduct4.xlsx |" name="And I use login folder"/>
  <testcase time="0" classname="| 485-RBI-EPP-DB-DL-REC-NON-RNI-CTPD-SAR-MD-TR-1-EarlyRePayment-Loanproduct4.xlsx |" name="When I login into mifos site using excel sheet"/>
  <testcase time="0" classname="| 485-RBI-EPP-DB-DL-REC-NON-RNI-CTPD-SAR-MD-TR-1-EarlyRePayment-Loanproduct4.xlsx |" name="Then I should see logged in successfully"/>
  <testcase time="0" classname="| 485-RBI-EPP-DB-DL-REC-NON-RNI-CTPD-SAR-MD-TR-1-EarlyRePayment-Loanproduct4.xlsx |" name="Given I setup the product loan"/>
  <testcase time="0" classname="| 485-RBI-EPP-DB-DL-REC-NON-RNI-CTPD-SAR-MD-TR-1-EarlyRePayment-Loanproduct4.xlsx |" name="And I entered the values into product loan using"/>
  <testcase time="0" classname="| 485-RBI-EPP-DB-DL-REC-NON-RNI-CTPD-SAR-MD-TR-1-EarlyRePayment-Loanproduct4.xlsx |" name="Then I should see product loan created successfully">
    <error message="Timed out after 100 seconds waiting for visibility of element located by By.selector: legend.ng-binding
Build info: version: &apos;2.29.1&apos;, revision: &apos;dfb1306b85be4934d23c123122e06e602a15e446&apos;, time: &apos;2013-01-22 12:58:05&apos;
System info: os.name: &apos;Windows Server 2012&apos;, os.arch: &apos;amd64&apos;, os.version: &apos;6.2&apos;, java.version: &apos;1.7.0_51&apos;
Driver info: driver.version: unknown" type="org.openqa.selenium.TimeoutException">org.openqa.selenium.TimeoutException: Timed out after 100 seconds waiting for visibility of element located by By.selector: legend.ng-binding
Build info: version: &apos;2.29.1&apos;, revision: &apos;dfb1306b85be4934d23c123122e06e602a15e446&apos;, time: &apos;2013-01-22 12:58:05&apos;
System info: os.name: &apos;Windows Server 2012&apos;, os.arch: &apos;amd64&apos;, os.version: &apos;6.2&apos;, java.version: &apos;1.7.0_51&apos;
Driver info: driver.version: unknown
	at org.openqa.selenium.support.ui.FluentWait.timeoutException(FluentWait.java:259)
	at org.openqa.selenium.support.ui.FluentWait.until(FluentWait.java:228)
	at com.mifos.pages.MifosWebPage.waitForElementToBeVisible(MifosWebPage.java:210)
	at com.mifos.pages.MifosWebPage.getElement(MifosWebPage.java:699)
	at com.mifos.pages.MifosWebPage.getElement(MifosWebPage.java:684)
	at com.mifos.pages.MifosWebPage.getSingleText(MifosWebPage.java:941)
	at com.mifos.pages.MifosWebPage.validateSame(MifosWebPage.java:947)
	at com.mifos.pages.MifosWebPage.verifySuccessMessage(MifosWebPage.java:1815)
	at com.mifos.pages.FrontPage.verifyProductLoanExcelSheet(FrontPage.java:472)
	at com.mifos.steps.LoanProductSteps.I_should_see_product_loan_created_successfully(LoanProductSteps.java:27)
	at ✽.Then I should see product loan created successfully(LoanRBI.feature:18)
Caused by: org.openqa.selenium.NoSuchElementException: no such element
  (Session info: chrome=43.0.2357.124)
  (Driver info: chromedriver=2.8.241075,platform=Windows NT 6.3 x86_64) (WARNING: The server did not provide any stacktrace information)
Command duration or timeout: 30.00 seconds
For documentation on this error, please visit: http://seleniumhq.org/exceptions/no_such_element.html
Build info: version: &apos;2.29.1&apos;, revision: &apos;dfb1306b85be4934d23c123122e06e602a15e446&apos;, time: &apos;2013-01-22 12:58:05&apos;
System info: os.name: &apos;Windows Server 2012&apos;, os.arch: &apos;amd64&apos;, os.version: &apos;6.2&apos;, java.version: &apos;1.7.0_51&apos;
Session ID: e75ed74daef7381d65c3de3c6f723ad0
Driver info: org.openqa.selenium.chrome.ChromeDriver
Capabilities [{platform=XP, acceptSslCerts=true, javascriptEnabled=true, browserName=chrome, chrome={userDataDir=C:\Users\ADMINI~1\AppData\Local\Temp\2\scoped_dir4800_31933}, rotatable=false, locationContextEnabled=true, version=43.0.2357.124, takesHeapSnapshot=true, cssSelectorsEnabled=true, databaseEnabled=false, handlesAlerts=true, browserConnectionEnabled=false, webStorageEnabled=true, nativeEvents=true, applicationCacheEnabled=false, takesScreenshot=true}]
	at sun.reflect.GeneratedConstructorAccessor53.newInstance(Unknown Source)
	at sun.reflect.DelegatingConstructorAccessorImpl.newInstance(DelegatingConstructorAccessorImpl.java:45)
	at java.lang.reflect.Constructor.newInstance(Constructor.java:526)
	at org.openqa.selenium.remote.ErrorHandler.createThrowable(ErrorHandler.java:187)
	at org.openqa.selenium.remote.ErrorHandler.throwIfResponseFailed(ErrorHandler.java:145)
	at org.openqa.selenium.remote.RemoteWebDriver.execute(RemoteWebDriver.java:554)
	at org.openqa.selenium.remote.RemoteWebDriver.findElement(RemoteWebDriver.java:307)
	at org.openqa.selenium.remote.RemoteWebDriver.findElementByCssSelector(RemoteWebDriver.java:396)
	at org.openqa.selenium.By$ByCssSelector.findElement(By.java:406)
	at org.openqa.selenium.remote.RemoteWebDriver.findElement(RemoteWebDriver.java:299)
	at sun.reflect.GeneratedMethodAccessor8.invoke(Unknown Source)
	at sun.reflect.DelegatingMethodAccessorImpl.invoke(DelegatingMethodAccessorImpl.java:43)
	at java.lang.reflect.Method.invoke(Method.java:606)
	at org.openqa.selenium.support.events.EventFiringWebDriver$2.invoke(EventFiringWebDriver.java:101)
	at com.sun.proxy.$Proxy16.findElement(Unknown Source)
	at org.openqa.selenium.support.events.EventFiringWebDriver.findElement(EventFiringWebDriver.java:180)
	at org.openqa.selenium.support.ui.ExpectedConditions.findElement(ExpectedConditions.java:523)
	at org.openqa.selenium.support.ui.ExpectedConditions.access$000(ExpectedConditions.java:39)
	at org.openqa.selenium.support.ui.ExpectedConditions$4.apply(ExpectedConditions.java:130)
	at org.openqa.selenium.support.ui.ExpectedConditions$4.apply(ExpectedConditions.java:126)
	at org.openqa.selenium.support.ui.FluentWait.until(FluentWait.java:208)
	at com.mifos.pages.MifosWebPage.waitForElementToBeVisible(MifosWebPage.java:210)
	at com.mifos.pages.MifosWebPage.getElement(MifosWebPage.java:699)
	at com.mifos.pages.MifosWebPage.getElement(MifosWebPage.java:684)
	at com.mifos.pages.MifosWebPage.getSingleText(MifosWebPage.java:941)
	at com.mifos.pages.MifosWebPage.validateSame(MifosWebPage.java:947)
	at com.mifos.pages.MifosWebPage.verifySuccessMessage(MifosWebPage.java:1815)
	at com.mifos.pages.FrontPage.verifyProductLoanExcelSheet(FrontPage.java:472)
	at com.mifos.steps.LoanProductSteps.I_should_see_product_loan_created_successfully(LoanProductSteps.java:27)
	at sun.reflect.GeneratedMethodAccessor59.invoke(Unknown Source)
	at sun.reflect.DelegatingMethodAccessorImpl.invoke(DelegatingMethodAccessorImpl.java:43)
	at java.lang.reflect.Method.invoke(Method.java:606)
	at cucumber.runtime.Utils$1.call(Utils.java:44)
	at cucumber.runtime.Timeout.timeout(Timeout.java:12)
	at cucumber.runtime.Utils.invoke(Utils.java:40)
	at cucumber.runtime.java.JavaStepDefinition.execute(JavaStepDefinition.java:35)
	at cucumber.runtime.StepDefinitionMatch.runStep(StepDefinitionMatch.java:38)
	at cucumber.runtime.Runtime.runStep(Runtime.java:268)
	at cucumber.runtime.model.StepContainer.runStep(StepContainer.java:45)
	at cucumber.runtime.model.StepContainer.runSteps(StepContainer.java:40)
	at cucumber.runtime.model.CucumberScenario.run(CucumberScenario.java:36)
	at cucumber.runtime.junit.ExecutionUnitRunner.run(ExecutionUnitRunner.java:83)
	at org.junit.runners.Suite.runChild(Suite.java:127)
	at org.junit.runners.Suite.runChild(Suite.java:26)
	at org.junit.runners.ParentRunner$3.run(ParentRunner.java:238)
	at org.junit.runners.ParentRunner$1.schedule(ParentRunner.java:63)
	at org.junit.runners.ParentRunner.runChildren(ParentRunner.java:236)
	at org.junit.runners.ParentRunner.access$000(ParentRunner.java:53)
	at org.junit.runners.ParentRunner$2.evaluate(ParentRunner.java:229)
	at org.junit.runners.ParentRunner.run(ParentRunner.java:309)
	at org.junit.runners.Suite.runChild(Suite.java:127)
	at org.junit.runners.Suite.runChild(Suite.java:26)
	at org.junit.runners.ParentRunner$3.run(ParentRunner.java:238)
	at org.junit.runners.ParentRunner$1.schedule(ParentRunner.java:63)
	at org.junit.runners.ParentRunner.runChildren(ParentRunner.java:236)
	at org.junit.runners.ParentRunner.access$000(ParentRunner.java:53)
	at org.junit.runners.ParentRunner$2.evaluate(ParentRunner.java:229)
	at org.junit.runners.ParentRunner.run(ParentRunner.java:309)
	at cucumber.runtime.junit.FeatureRunner.runChild(FeatureRunner.java:63)
	at cucumber.runtime.junit.FeatureRunner.runChild(FeatureRunner.java:18)
	at org.junit.runners.ParentRunner$3.run(ParentRunner.java:238)
	at org.junit.runners.ParentRunner$1.schedule(ParentRunner.java:63)
	at org.junit.runners.ParentRunner.runChildren(ParentRunner.java:236)
	at org.junit.runners.ParentRunner.access$000(ParentRunner.java:53)
	at org.junit.runners.ParentRunner$2.evaluate(ParentRunner.java:229)
	at org.junit.runners.ParentRunner.run(ParentRunner.java:309)
	at cucumber.runtime.junit.FeatureRunner.run(FeatureRunner.java:70)
	at cucumber.api.junit.Cucumber.runChild(Cucumber.java:77)
	at cucumber.api.junit.Cucumber.runChild(Cucumber.java:37)
	at org.junit.runners.ParentRunner$3.run(ParentRunner.java:238)
	at org.junit.runners.ParentRunner$1.schedule(ParentRunner.java:63)
	at org.junit.runners.ParentRunner.runChildren(ParentRunner.java:236)
	at org.junit.runners.ParentRunner.access$000(ParentRunner.java:53)
	at org.junit.runners.ParentRunner$2.evaluate(ParentRunner.java:229)
	at org.junit.runners.ParentRunner.run(ParentRunner.java:309)
	at cucumber.api.junit.Cucumber.run(Cucumber.java:82)
	at org.apache.maven.surefire.junit4.JUnit4Provider.execute(JUnit4Provider.java:252)
	at org.apache.maven.surefire.junit4.JUnit4Provider.executeTestSet(JUnit4Provider.java:141)
	at org.apache.maven.surefire.junit4.JUnit4Provider.invoke(JUnit4Provider.java:112)
	at sun.reflect.NativeMethodAccessorImpl.invoke0(Native Method)
	at sun.reflect.NativeMethodAccessorImpl.invoke(NativeMethodAccessorImpl.java:57)
	at sun.reflect.DelegatingMethodAccessorImpl.invoke(DelegatingMethodAccessorImpl.java:43)
	at java.lang.reflect.Method.invoke(Method.java:606)
	at org.apache.maven.surefire.util.ReflectionUtils.invokeMethodWithArray(ReflectionUtils.java:189)
	at org.apache.maven.surefire.booter.ProviderFactory$ProviderProxy.invoke(ProviderFactory.java:165)
	at org.apache.maven.surefire.booter.ProviderFactory.invokeProvider(ProviderFactory.java:85)
	at org.apache.maven.surefire.booter.ForkedBooter.runSuitesInProcess(ForkedBooter.java:113)
	at org.apache.maven.surefire.booter.ForkedBooter.main(ForkedBooter.java:75)
</error>
    <system-out>welcome to mifos through excel
Cell One ... key=productname
485-RBI-EPP-DB-DL-REC-NON-RNI-CTPD-SAR-MD-TR-1-EarlyRePayment
485-RBI-EPP-DB-DL-REC-NON-RNI-CTPD-SAR-MD-TR-1-EarlyRePayment
</system-out>
  </testcase>
  <testcase time="0" classname="| 485-RBI-EPP-DB-DL-REC-NON-RNI-CTPD-SAR-MD-TR-1-EarlyRePayment-Loanproduct4.xlsx |" name="| 485-RBI-EPP-DB-DL-REC-NON-RNI-CTPD-SAR-MD-TR-1-EarlyRePayment-Loanproduct4.xlsx |">
    <error message="Timed out after 100 seconds waiting for visibility of element located by By.selector: legend.ng-binding
Build info: version: &apos;2.29.1&apos;, revision: &apos;dfb1306b85be4934d23c123122e06e602a15e446&apos;, time: &apos;2013-01-22 12:58:05&apos;
System info: os.name: &apos;Windows Server 2012&apos;, os.arch: &apos;amd64&apos;, os.version: &apos;6.2&apos;, java.version: &apos;1.7.0_51&apos;
Driver info: driver.version: unknown" type="org.openqa.selenium.TimeoutException">org.openqa.selenium.TimeoutException: Timed out after 100 seconds waiting for visibility of element located by By.selector: legend.ng-binding
Build info: version: &apos;2.29.1&apos;, revision: &apos;dfb1306b85be4934d23c123122e06e602a15e446&apos;, time: &apos;2013-01-22 12:58:05&apos;
System info: os.name: &apos;Windows Server 2012&apos;, os.arch: &apos;amd64&apos;, os.version: &apos;6.2&apos;, java.version: &apos;1.7.0_51&apos;
Driver info: driver.version: unknown
	at org.openqa.selenium.support.ui.FluentWait.timeoutException(FluentWait.java:259)
	at org.openqa.selenium.support.ui.FluentWait.until(FluentWait.java:228)
	at com.mifos.pages.MifosWebPage.waitForElementToBeVisible(MifosWebPage.java:210)
	at com.mifos.pages.MifosWebPage.getElement(MifosWebPage.java:699)
	at com.mifos.pages.MifosWebPage.getElement(MifosWebPage.java:684)
	at com.mifos.pages.MifosWebPage.getSingleText(MifosWebPage.java:941)
	at com.mifos.pages.MifosWebPage.validateSame(MifosWebPage.java:947)
	at com.mifos.pages.MifosWebPage.verifySuccessMessage(MifosWebPage.java:1815)
	at com.mifos.pages.FrontPage.verifyProductLoanExcelSheet(FrontPage.java:472)
	at com.mifos.steps.LoanProductSteps.I_should_see_product_loan_created_successfully(LoanProductSteps.java:27)
	at ✽.Then I should see product loan created successfully(LoanRBI.feature:18)
Caused by: org.openqa.selenium.NoSuchElementException: no such element
  (Session info: chrome=43.0.2357.124)
  (Driver info: chromedriver=2.8.241075,platform=Windows NT 6.3 x86_64) (WARNING: The server did not provide any stacktrace information)
Command duration or timeout: 30.00 seconds
For documentation on this error, please visit: http://seleniumhq.org/exceptions/no_such_element.html
Build info: version: &apos;2.29.1&apos;, revision: &apos;dfb1306b85be4934d23c123122e06e602a15e446&apos;, time: &apos;2013-01-22 12:58:05&apos;
System info: os.name: &apos;Windows Server 2012&apos;, os.arch: &apos;amd64&apos;, os.version: &apos;6.2&apos;, java.version: &apos;1.7.0_51&apos;
Session ID: e75ed74daef7381d65c3de3c6f723ad0
Driver info: org.openqa.selenium.chrome.ChromeDriver
Capabilities [{platform=XP, acceptSslCerts=true, javascriptEnabled=true, browserName=chrome, chrome={userDataDir=C:\Users\ADMINI~1\AppData\Local\Temp\2\scoped_dir4800_31933}, rotatable=false, locationContextEnabled=true, version=43.0.2357.124, takesHeapSnapshot=true, cssSelectorsEnabled=true, databaseEnabled=false, handlesAlerts=true, browserConnectionEnabled=false, webStorageEnabled=true, nativeEvents=true, applicationCacheEnabled=false, takesScreenshot=true}]
	at sun.reflect.GeneratedConstructorAccessor53.newInstance(Unknown Source)
	at sun.reflect.DelegatingConstructorAccessorImpl.newInstance(DelegatingConstructorAccessorImpl.java:45)
	at java.lang.reflect.Constructor.newInstance(Constructor.java:526)
	at org.openqa.selenium.remote.ErrorHandler.createThrowable(ErrorHandler.java:187)
	at org.openqa.selenium.remote.ErrorHandler.throwIfResponseFailed(ErrorHandler.java:145)
	at org.openqa.selenium.remote.RemoteWebDriver.execute(RemoteWebDriver.java:554)
	at org.openqa.selenium.remote.RemoteWebDriver.findElement(RemoteWebDriver.java:307)
	at org.openqa.selenium.remote.RemoteWebDriver.findElementByCssSelector(RemoteWebDriver.java:396)
	at org.openqa.selenium.By$ByCssSelector.findElement(By.java:406)
	at org.openqa.selenium.remote.RemoteWebDriver.findElement(RemoteWebDriver.java:299)
	at sun.reflect.GeneratedMethodAccessor8.invoke(Unknown Source)
	at sun.reflect.DelegatingMethodAccessorImpl.invoke(DelegatingMethodAccessorImpl.java:43)
	at java.lang.reflect.Method.invoke(Method.java:606)
	at org.openqa.selenium.support.events.EventFiringWebDriver$2.invoke(EventFiringWebDriver.java:101)
	at com.sun.proxy.$Proxy16.findElement(Unknown Source)
	at org.openqa.selenium.support.events.EventFiringWebDriver.findElement(EventFiringWebDriver.java:180)
	at org.openqa.selenium.support.ui.ExpectedConditions.findElement(ExpectedConditions.java:523)
	at org.openqa.selenium.support.ui.ExpectedConditions.access$000(ExpectedConditions.java:39)
	at org.openqa.selenium.support.ui.ExpectedConditions$4.apply(ExpectedConditions.java:130)
	at org.openqa.selenium.support.ui.ExpectedConditions$4.apply(ExpectedConditions.java:126)
	at org.openqa.selenium.support.ui.FluentWait.until(FluentWait.java:208)
	at com.mifos.pages.MifosWebPage.waitForElementToBeVisible(MifosWebPage.java:210)
	at com.mifos.pages.MifosWebPage.getElement(MifosWebPage.java:699)
	at com.mifos.pages.MifosWebPage.getElement(MifosWebPage.java:684)
	at com.mifos.pages.MifosWebPage.getSingleText(MifosWebPage.java:941)
	at com.mifos.pages.MifosWebPage.validateSame(MifosWebPage.java:947)
	at com.mifos.pages.MifosWebPage.verifySuccessMessage(MifosWebPage.java:1815)
	at com.mifos.pages.FrontPage.verifyProductLoanExcelSheet(FrontPage.java:472)
	at com.mifos.steps.LoanProductSteps.I_should_see_product_loan_created_successfully(LoanProductSteps.java:27)
	at sun.reflect.GeneratedMethodAccessor59.invoke(Unknown Source)
	at sun.reflect.DelegatingMethodAccessorImpl.invoke(DelegatingMethodAccessorImpl.java:43)
	at java.lang.reflect.Method.invoke(Method.java:606)
	at cucumber.runtime.Utils$1.call(Utils.java:44)
	at cucumber.runtime.Timeout.timeout(Timeout.java:12)
	at cucumber.runtime.Utils.invoke(Utils.java:40)
	at cucumber.runtime.java.JavaStepDefinition.execute(JavaStepDefinition.java:35)
	at cucumber.runtime.StepDefinitionMatch.runStep(StepDefinitionMatch.java:38)
	at cucumber.runtime.Runtime.runStep(Runtime.java:268)
	at cucumber.runtime.model.StepContainer.runStep(StepContainer.java:45)
	at cucumber.runtime.model.StepContainer.runSteps(StepContainer.java:40)
	at cucumber.runtime.model.CucumberScenario.run(CucumberScenario.java:36)
	at cucumber.runtime.junit.ExecutionUnitRunner.run(ExecutionUnitRunner.java:83)
	at org.junit.runners.Suite.runChild(Suite.java:127)
	at org.junit.runners.Suite.runChild(Suite.java:26)
	at org.junit.runners.ParentRunner$3.run(ParentRunner.java:238)
	at org.junit.runners.ParentRunner$1.schedule(ParentRunner.java:63)
	at org.junit.runners.ParentRunner.runChildren(ParentRunner.java:236)
	at org.junit.runners.ParentRunner.access$000(ParentRunner.java:53)
	at org.junit.runners.ParentRunner$2.evaluate(ParentRunner.java:229)
	at org.junit.runners.ParentRunner.run(ParentRunner.java:309)
	at org.junit.runners.Suite.runChild(Suite.java:127)
	at org.junit.runners.Suite.runChild(Suite.java:26)
	at org.junit.runners.ParentRunner$3.run(ParentRunner.java:238)
	at org.junit.runners.ParentRunner$1.schedule(ParentRunner.java:63)
	at org.junit.runners.ParentRunner.runChildren(ParentRunner.java:236)
	at org.junit.runners.ParentRunner.access$000(ParentRunner.java:53)
	at org.junit.runners.ParentRunner$2.evaluate(ParentRunner.java:229)
	at org.junit.runners.ParentRunner.run(ParentRunner.java:309)
	at cucumber.runtime.junit.FeatureRunner.runChild(FeatureRunner.java:63)
	at cucumber.runtime.junit.FeatureRunner.runChild(FeatureRunner.java:18)
	at org.junit.runners.ParentRunner$3.run(ParentRunner.java:238)
	at org.junit.runners.ParentRunner$1.schedule(ParentRunner.java:63)
	at org.junit.runners.ParentRunner.runChildren(ParentRunner.java:236)
	at org.junit.runners.ParentRunner.access$000(ParentRunner.java:53)
	at org.junit.runners.ParentRunner$2.evaluate(ParentRunner.java:229)
	at org.junit.runners.ParentRunner.run(ParentRunner.java:309)
	at cucumber.runtime.junit.FeatureRunner.run(FeatureRunner.java:70)
	at cucumber.api.junit.Cucumber.runChild(Cucumber.java:77)
	at cucumber.api.junit.Cucumber.runChild(Cucumber.java:37)
	at org.junit.runners.ParentRunner$3.run(ParentRunner.java:238)
	at org.junit.runners.ParentRunner$1.schedule(ParentRunner.java:63)
	at org.junit.runners.ParentRunner.runChildren(ParentRunner.java:236)
	at org.junit.runners.ParentRunner.access$000(ParentRunner.java:53)
	at org.junit.runners.ParentRunner$2.evaluate(ParentRunner.java:229)
	at org.junit.runners.ParentRunner.run(ParentRunner.java:309)
	at cucumber.api.junit.Cucumber.run(Cucumber.java:82)
	at org.apache.maven.surefire.junit4.JUnit4Provider.execute(JUnit4Provider.java:252)
	at org.apache.maven.surefire.junit4.JUnit4Provider.executeTestSet(JUnit4Provider.java:141)
	at org.apache.maven.surefire.junit4.JUnit4Provider.invoke(JUnit4Provider.java:112)
	at sun.reflect.NativeMethodAccessorImpl.invoke0(Native Method)
	at sun.reflect.NativeMethodAccessorImpl.invoke(NativeMethodAccessorImpl.java:57)
	at sun.reflect.DelegatingMethodAccessorImpl.invoke(DelegatingMethodAccessorImpl.java:43)
	at java.lang.reflect.Method.invoke(Method.java:606)
	at org.apache.maven.surefire.util.ReflectionUtils.invokeMethodWithArray(ReflectionUtils.java:189)
	at org.apache.maven.surefire.booter.ProviderFactory$ProviderProxy.invoke(ProviderFactory.java:165)
	at org.apache.maven.surefire.booter.ProviderFactory.invokeProvider(ProviderFactory.java:85)
	at org.apache.maven.surefire.booter.ForkedBooter.runSuitesInProcess(ForkedBooter.java:113)
	at org.apache.maven.surefire.booter.ForkedBooter.main(ForkedBooter.java:75)
</error>
  </testcase>
  <testcase time="0" classname="| 486-RBI-EPP-DB-DL-REC-NON-RNI-CTPD-DL-MD-TR-1-EarlyRePayment-Loanproduct4.xlsx |" name="Given I navigate to mifos"/>
  <testcase time="0" classname="| 486-RBI-EPP-DB-DL-REC-NON-RNI-CTPD-DL-MD-TR-1-EarlyRePayment-Loanproduct4.xlsx |" name="And I use login folder"/>
  <testcase time="0" classname="| 486-RBI-EPP-DB-DL-REC-NON-RNI-CTPD-DL-MD-TR-1-EarlyRePayment-Loanproduct4.xlsx |" name="When I login into mifos site using excel sheet"/>
  <testcase time="0" classname="| 486-RBI-EPP-DB-DL-REC-NON-RNI-CTPD-DL-MD-TR-1-EarlyRePayment-Loanproduct4.xlsx |" name="Then I should see logged in successfully"/>
  <testcase time="0" classname="| 486-RBI-EPP-DB-DL-REC-NON-RNI-CTPD-DL-MD-TR-1-EarlyRePayment-Loanproduct4.xlsx |" name="Given I setup the product loan"/>
  <testcase time="0" classname="| 486-RBI-EPP-DB-DL-REC-NON-RNI-CTPD-DL-MD-TR-1-EarlyRePayment-Loanproduct4.xlsx |" name="And I entered the values into product loan using"/>
  <testcase time="0" classname="| 486-RBI-EPP-DB-DL-REC-NON-RNI-CTPD-DL-MD-TR-1-EarlyRePayment-Loanproduct4.xlsx |" name="Then I should see product loan created successfully">
    <error message="Timed out after 100 seconds waiting for visibility of element located by By.selector: legend.ng-binding
Build info: version: &apos;2.29.1&apos;, revision: &apos;dfb1306b85be4934d23c123122e06e602a15e446&apos;, time: &apos;2013-01-22 12:58:05&apos;
System info: os.name: &apos;Windows Server 2012&apos;, os.arch: &apos;amd64&apos;, os.version: &apos;6.2&apos;, java.version: &apos;1.7.0_51&apos;
Driver info: driver.version: unknown" type="org.openqa.selenium.TimeoutException">org.openqa.selenium.TimeoutException: Timed out after 100 seconds waiting for visibility of element located by By.selector: legend.ng-binding
Build info: version: &apos;2.29.1&apos;, revision: &apos;dfb1306b85be4934d23c123122e06e602a15e446&apos;, time: &apos;2013-01-22 12:58:05&apos;
System info: os.name: &apos;Windows Server 2012&apos;, os.arch: &apos;amd64&apos;, os.version: &apos;6.2&apos;, java.version: &apos;1.7.0_51&apos;
Driver info: driver.version: unknown
	at org.openqa.selenium.support.ui.FluentWait.timeoutException(FluentWait.java:259)
	at org.openqa.selenium.support.ui.FluentWait.until(FluentWait.java:228)
	at com.mifos.pages.MifosWebPage.waitForElementToBeVisible(MifosWebPage.java:210)
	at com.mifos.pages.MifosWebPage.getElement(MifosWebPage.java:699)
	at com.mifos.pages.MifosWebPage.getElement(MifosWebPage.java:684)
	at com.mifos.pages.MifosWebPage.getSingleText(MifosWebPage.java:941)
	at com.mifos.pages.MifosWebPage.validateSame(MifosWebPage.java:947)
	at com.mifos.pages.MifosWebPage.verifySuccessMessage(MifosWebPage.java:1815)
	at com.mifos.pages.FrontPage.verifyProductLoanExcelSheet(FrontPage.java:472)
	at com.mifos.steps.LoanProductSteps.I_should_see_product_loan_created_successfully(LoanProductSteps.java:27)
	at ✽.Then I should see product loan created successfully(LoanRBI.feature:18)
Caused by: org.openqa.selenium.NoSuchElementException: no such element
  (Session info: chrome=43.0.2357.124)
  (Driver info: chromedriver=2.8.241075,platform=Windows NT 6.3 x86_64) (WARNING: The server did not provide any stacktrace information)
Command duration or timeout: 30.05 seconds
For documentation on this error, please visit: http://seleniumhq.org/exceptions/no_such_element.html
Build info: version: &apos;2.29.1&apos;, revision: &apos;dfb1306b85be4934d23c123122e06e602a15e446&apos;, time: &apos;2013-01-22 12:58:05&apos;
System info: os.name: &apos;Windows Server 2012&apos;, os.arch: &apos;amd64&apos;, os.version: &apos;6.2&apos;, java.version: &apos;1.7.0_51&apos;
Session ID: 495561d8c2f51586ff062bd18704d521
Driver info: org.openqa.selenium.chrome.ChromeDriver
Capabilities [{platform=XP, acceptSslCerts=true, javascriptEnabled=true, browserName=chrome, chrome={userDataDir=C:\Users\ADMINI~1\AppData\Local\Temp\2\scoped_dir5036_25269}, rotatable=false, locationContextEnabled=true, version=43.0.2357.124, takesHeapSnapshot=true, cssSelectorsEnabled=true, databaseEnabled=false, handlesAlerts=true, browserConnectionEnabled=false, webStorageEnabled=true, nativeEvents=true, applicationCacheEnabled=false, takesScreenshot=true}]
	at sun.reflect.GeneratedConstructorAccessor53.newInstance(Unknown Source)
	at sun.reflect.DelegatingConstructorAccessorImpl.newInstance(DelegatingConstructorAccessorImpl.java:45)
	at java.lang.reflect.Constructor.newInstance(Constructor.java:526)
	at org.openqa.selenium.remote.ErrorHandler.createThrowable(ErrorHandler.java:187)
	at org.openqa.selenium.remote.ErrorHandler.throwIfResponseFailed(ErrorHandler.java:145)
	at org.openqa.selenium.remote.RemoteWebDriver.execute(RemoteWebDriver.java:554)
	at org.openqa.selenium.remote.RemoteWebDriver.findElement(RemoteWebDriver.java:307)
	at org.openqa.selenium.remote.RemoteWebDriver.findElementByCssSelector(RemoteWebDriver.java:396)
	at org.openqa.selenium.By$ByCssSelector.findElement(By.java:406)
	at org.openqa.selenium.remote.RemoteWebDriver.findElement(RemoteWebDriver.java:299)
	at sun.reflect.GeneratedMethodAccessor8.invoke(Unknown Source)
	at sun.reflect.DelegatingMethodAccessorImpl.invoke(DelegatingMethodAccessorImpl.java:43)
	at java.lang.reflect.Method.invoke(Method.java:606)
	at org.openqa.selenium.support.events.EventFiringWebDriver$2.invoke(EventFiringWebDriver.java:101)
	at com.sun.proxy.$Proxy16.findElement(Unknown Source)
	at org.openqa.selenium.support.events.EventFiringWebDriver.findElement(EventFiringWebDriver.java:180)
	at org.openqa.selenium.support.ui.ExpectedConditions.findElement(ExpectedConditions.java:523)
	at org.openqa.selenium.support.ui.ExpectedConditions.access$000(ExpectedConditions.java:39)
	at org.openqa.selenium.support.ui.ExpectedConditions$4.apply(ExpectedConditions.java:130)
	at org.openqa.selenium.support.ui.ExpectedConditions$4.apply(ExpectedConditions.java:126)
	at org.openqa.selenium.support.ui.FluentWait.until(FluentWait.java:208)
	at com.mifos.pages.MifosWebPage.waitForElementToBeVisible(MifosWebPage.java:210)
	at com.mifos.pages.MifosWebPage.getElement(MifosWebPage.java:699)
	at com.mifos.pages.MifosWebPage.getElement(MifosWebPage.java:684)
	at com.mifos.pages.MifosWebPage.getSingleText(MifosWebPage.java:941)
	at com.mifos.pages.MifosWebPage.validateSame(MifosWebPage.java:947)
	at com.mifos.pages.MifosWebPage.verifySuccessMessage(MifosWebPage.java:1815)
	at com.mifos.pages.FrontPage.verifyProductLoanExcelSheet(FrontPage.java:472)
	at com.mifos.steps.LoanProductSteps.I_should_see_product_loan_created_successfully(LoanProductSteps.java:27)
	at sun.reflect.GeneratedMethodAccessor59.invoke(Unknown Source)
	at sun.reflect.DelegatingMethodAccessorImpl.invoke(DelegatingMethodAccessorImpl.java:43)
	at java.lang.reflect.Method.invoke(Method.java:606)
	at cucumber.runtime.Utils$1.call(Utils.java:44)
	at cucumber.runtime.Timeout.timeout(Timeout.java:12)
	at cucumber.runtime.Utils.invoke(Utils.java:40)
	at cucumber.runtime.java.JavaStepDefinition.execute(JavaStepDefinition.java:35)
	at cucumber.runtime.StepDefinitionMatch.runStep(StepDefinitionMatch.java:38)
	at cucumber.runtime.Runtime.runStep(Runtime.java:268)
	at cucumber.runtime.model.StepContainer.runStep(StepContainer.java:45)
	at cucumber.runtime.model.StepContainer.runSteps(StepContainer.java:40)
	at cucumber.runtime.model.CucumberScenario.run(CucumberScenario.java:36)
	at cucumber.runtime.junit.ExecutionUnitRunner.run(ExecutionUnitRunner.java:83)
	at org.junit.runners.Suite.runChild(Suite.java:127)
	at org.junit.runners.Suite.runChild(Suite.java:26)
	at org.junit.runners.ParentRunner$3.run(ParentRunner.java:238)
	at org.junit.runners.ParentRunner$1.schedule(ParentRunner.java:63)
	at org.junit.runners.ParentRunner.runChildren(ParentRunner.java:236)
	at org.junit.runners.ParentRunner.access$000(ParentRunner.java:53)
	at org.junit.runners.ParentRunner$2.evaluate(ParentRunner.java:229)
	at org.junit.runners.ParentRunner.run(ParentRunner.java:309)
	at org.junit.runners.Suite.runChild(Suite.java:127)
	at org.junit.runners.Suite.runChild(Suite.java:26)
	at org.junit.runners.ParentRunner$3.run(ParentRunner.java:238)
	at org.junit.runners.ParentRunner$1.schedule(ParentRunner.java:63)
	at org.junit.runners.ParentRunner.runChildren(ParentRunner.java:236)
	at org.junit.runners.ParentRunner.access$000(ParentRunner.java:53)
	at org.junit.runners.ParentRunner$2.evaluate(ParentRunner.java:229)
	at org.junit.runners.ParentRunner.run(ParentRunner.java:309)
	at cucumber.runtime.junit.FeatureRunner.runChild(FeatureRunner.java:63)
	at cucumber.runtime.junit.FeatureRunner.runChild(FeatureRunner.java:18)
	at org.junit.runners.ParentRunner$3.run(ParentRunner.java:238)
	at org.junit.runners.ParentRunner$1.schedule(ParentRunner.java:63)
	at org.junit.runners.ParentRunner.runChildren(ParentRunner.java:236)
	at org.junit.runners.ParentRunner.access$000(ParentRunner.java:53)
	at org.junit.runners.ParentRunner$2.evaluate(ParentRunner.java:229)
	at org.junit.runners.ParentRunner.run(ParentRunner.java:309)
	at cucumber.runtime.junit.FeatureRunner.run(FeatureRunner.java:70)
	at cucumber.api.junit.Cucumber.runChild(Cucumber.java:77)
	at cucumber.api.junit.Cucumber.runChild(Cucumber.java:37)
	at org.junit.runners.ParentRunner$3.run(ParentRunner.java:238)
	at org.junit.runners.ParentRunner$1.schedule(ParentRunner.java:63)
	at org.junit.runners.ParentRunner.runChildren(ParentRunner.java:236)
	at org.junit.runners.ParentRunner.access$000(ParentRunner.java:53)
	at org.junit.runners.ParentRunner$2.evaluate(ParentRunner.java:229)
	at org.junit.runners.ParentRunner.run(ParentRunner.java:309)
	at cucumber.api.junit.Cucumber.run(Cucumber.java:82)
	at org.apache.maven.surefire.junit4.JUnit4Provider.execute(JUnit4Provider.java:252)
	at org.apache.maven.surefire.junit4.JUnit4Provider.executeTestSet(JUnit4Provider.java:141)
	at org.apache.maven.surefire.junit4.JUnit4Provider.invoke(JUnit4Provider.java:112)
	at sun.reflect.NativeMethodAccessorImpl.invoke0(Native Method)
	at sun.reflect.NativeMethodAccessorImpl.invoke(NativeMethodAccessorImpl.java:57)
	at sun.reflect.DelegatingMethodAccessorImpl.invoke(DelegatingMethodAccessorImpl.java:43)
	at java.lang.reflect.Method.invoke(Method.java:606)
	at org.apache.maven.surefire.util.ReflectionUtils.invokeMethodWithArray(ReflectionUtils.java:189)
	at org.apache.maven.surefire.booter.ProviderFactory$ProviderProxy.invoke(ProviderFactory.java:165)
	at org.apache.maven.surefire.booter.ProviderFactory.invokeProvider(ProviderFactory.java:85)
	at org.apache.maven.surefire.booter.ForkedBooter.runSuitesInProcess(ForkedBooter.java:113)
	at org.apache.maven.surefire.booter.ForkedBooter.main(ForkedBooter.java:75)
</error>
    <system-out>.java:396)
      	at org.openqa.selenium.By$ByCssSelector.findElement(By.java:406)
      	at org.openqa.selenium.remote.RemoteWebDriver.findElement(RemoteWebDriver.java:299)
      	at sun.reflect.GeneratedMethodAccessor8.invoke(Unknown Source)
      	at sun.reflect.DelegatingMethodAccessorImpl.invoke(DelegatingMethodAccessorImpl.java:43)
      	at java.lang.reflect.Method.invoke(Method.java:606)
      	at org.openqa.selenium.support.events.EventFiringWebDriver$2.invoke(EventFiringWebDriver.java:101)
      	at com.sun.proxy.$Proxy16.findElement(Unknown Source)
      	at org.openqa.selenium.support.events.EventFiringWebDriver.findElement(EventFiringWebDriver.java:180)
      	at org.openqa.selenium.support.ui.ExpectedConditions.findElement(ExpectedConditions.java:523)
      	at org.openqa.selenium.support.ui.ExpectedConditions.access$000(ExpectedConditions.java:39)
      	at org.openqa.selenium.support.ui.ExpectedConditions$4.apply(ExpectedConditions.java:130)
      	at org.openqa.selenium.support.ui.ExpectedConditions$4.apply(ExpectedConditions.java:126)
      	at org.openqa.selenium.support.ui.FluentWait.until(FluentWait.java:208)
      	at com.mifos.pages.MifosWebPage.waitForElementToBeVisible(MifosWebPage.java:210)
      	at com.mifos.pages.MifosWebPage.getElement(MifosWebPage.java:699)
      	at com.mifos.pages.MifosWebPage.getElement(MifosWebPage.java:684)
      	at com.mifos.pages.MifosWebPage.getSingleText(MifosWebPage.java:941)
      	at com.mifos.pages.MifosWebPage.validateSame(MifosWebPage.java:947)
      	at com.mifos.pages.MifosWebPage.verifySuccessMessage(MifosWebPage.java:1815)
      	at com.mifos.pages.FrontPage.verifyProductLoanExcelSheet(FrontPage.java:472)
      	at com.mifos.steps.LoanProductSteps.I_should_see_product_loan_created_successfully(LoanProductSteps.java:27)
      	at sun.reflect.GeneratedMethodAccessor59.invoke(Unknown Source)
      	at sun.reflect.DelegatingMethodAccessorImpl.invoke(DelegatingMethodAccessorImpl.java:43)
      	at java.lang.reflect.Method.invoke(Method.java:606)
      	at cucumber.runtime.Utils$1.call(Utils.java:44)
      	at cucumber.runtime.Timeout.timeout(Timeout.java:12)
      	at cucumber.runtime.Utils.invoke(Utils.java:40)
      	at cucumber.runtime.java.JavaStepDefinition.execute(JavaStepDefinition.java:35)
      	at cucumber.runtime.StepDefinitionMatch.runStep(StepDefinitionMatch.java:38)
      	at cucumber.runtime.Runtime.runStep(Runtime.java:268)
      	at cucumber.runtime.model.StepContainer.runStep(StepContainer.java:45)
      	at cucumber.runtime.model.StepContainer.runSteps(StepContainer.java:40)
      	at cucumber.runtime.model.CucumberScenario.run(CucumberScenario.java:36)
      	at cucumber.runtime.junit.ExecutionUnitRunner.run(ExecutionUnitRunner.java:83)
      	at org.junit.runners.Suite.runChild(Suite.java:127)
      	at org.junit.runners.Suite.runChild(Suite.java:26)
      	at org.junit.runners.ParentRunner$3.run(ParentRunner.java:238)
      	at org.junit.runners.ParentRunner$1.schedule(ParentRunner.java:63)
      	at org.junit.runners.ParentRunner.runChildren(ParentRunner.java:236)
      	at org.junit.runners.ParentRunner.access$000(ParentRunner.java:53)
      	at org.junit.runners.ParentRunner$2.evaluate(ParentRunner.java:229)
      	at org.junit.runners.ParentRunner.run(ParentRunner.java:309)
      	at org.junit.runners.Suite.runChild(Suite.java:127)
      	at org.junit.runners.Suite.runChild(Suite.java:26)
      	at org.junit.runners.ParentRunner$3.run(ParentRunner.java:238)
      	at org.junit.runners.ParentRunner$1.schedule(ParentRunner.java:63)
      	at org.junit.runners.ParentRunner.runChildren(ParentRunner.java:236)
      	at org.junit.runners.ParentRunner.access$000(ParentRunner.java:53)
      	at org.junit.runners.ParentRunner$2.evaluate(ParentRunner.java:229)
      	at org.junit.runners.ParentRunner.run(ParentRunner.java:309)
      	at cucumber.runtime.junit.FeatureRunner.runChild(FeatureRunner.java:63)
      	at cucumber.runtime.junit.FeatureRunner.runChild(FeatureRunner.java:18)
      	at org.junit.runners.ParentRunner$3.run(ParentRunner.java:238)
      	at org.junit.runners.ParentRunner$1.schedule(ParentRunner.java:63)
      	at org.junit.runners.ParentRunner.runChildren(ParentRunner.java:236)
      	at org.junit.runners.ParentRunner.access$000(ParentRunner.java:53)
      	at org.junit.runners.ParentRunner$2.evaluate(ParentRunner.java:229)
      	at org.junit.runners.ParentRunner.run(ParentRunner.java:309)
      	at cucumber.runtime.junit.FeatureRunner.run(FeatureRunner.java:70)
      	at cucumber.api.junit.Cucumber.runChild(Cucumber.java:77)
      	at cucumber.api.junit.Cucumber.runChild(Cucumber.java:37)
      	at org.junit.runners.ParentRunner$3.run(ParentRunner.java:238)
      	at org.junit.runners.ParentRunner$1.schedule(ParentRunner.java:63)
      	at org.junit.runners.ParentRunner.runChildren(ParentRunner.java:236)
      	at org.junit.runners.ParentRunner.access$000(ParentRunner.java:53)
      	at org.junit.runners.ParentRunner$2.evaluate(ParentRunner.java:229)
      	at org.junit.runners.ParentRunner.run(ParentRunner.java:309)
      	at cucumber.api.junit.Cucumber.run(Cucumber.java:82)
      	at org.apache.maven.surefire.junit4.JUnit4Provider.execute(JUnit4Provider.java:252)
      	at org.apache.maven.surefire.junit4.JUnit4Provider.executeTestSet(JUnit4Provider.java:141)
      	at org.apache.maven.surefire.junit4.JUnit4Provider.invoke(JUnit4Provider.java:112)
      	at sun.reflect.NativeMethodAccessorImpl.invoke0(Native Method)
      	at sun.reflect.NativeMethodAccessorImpl.invoke(NativeMethodAccessorImpl.java:57)
      	at sun.reflect.DelegatingMethodAccessorImpl.invoke(DelegatingMethodAccessorImpl.java:43)
      	at java.lang.reflect.Method.invoke(Method.java:606)
      	at org.apache.maven.surefire.util.ReflectionUtils.invokeMethodWithArray(ReflectionUtils.java:189)
      	at org.apache.maven.surefire.booter.ProviderFactory$ProviderProxy.invoke(ProviderFactory.java:165)
      	at org.apache.maven.surefire.booter.ProviderFactory.invokeProvider(ProviderFactory.java:85)
      	at org.apache.maven.surefire.booter.ForkedBooter.runSuitesInProcess(ForkedBooter.java:113)
      	at org.apache.maven.surefire.booter.ForkedBooter.main(ForkedBooter.java:75)
      &amp;#27;[0m

  Background:                                      &amp;#27;[90m# LoanRBI.feature:3&amp;#27;[0m
    &amp;#27;[90mGiven &amp;#27;[0m&amp;#27;[90mI navigate to mifos&amp;#27;[0m                      &amp;#27;[90m# LoginSteps.I_navigate_to_mifos()&amp;#27;[0m
&amp;#27;[1A    &amp;#27;[32mGiven &amp;#27;[0m&amp;#27;[32mI navigate to mifos&amp;#27;[0m                      &amp;#27;[90m# LoginSteps.I_navigate_to_mifos()&amp;#27;[0m
    &amp;#27;[90mAnd &amp;#27;[0m&amp;#27;[90mI use login folder&amp;#27;[0m                         &amp;#27;[90m# LoginSteps.I_use_login_folder()&amp;#27;[0m
&amp;#27;[1A    &amp;#27;[32mAnd &amp;#27;[0m&amp;#27;[32mI use login folder&amp;#27;[0m                         &amp;#27;[90m# LoginSteps.I_use_login_folder()&amp;#27;[0m
    &amp;#27;[90mWhen &amp;#27;[0m&amp;#27;[90mI login into mifos site using excel sheet&amp;#27;[0m &amp;#27;[90m# LoginSteps.I_login_into_mifos_site_using_excel_sheet(String&gt;)&amp;#27;[0m
&amp;#27;[1A    &amp;#27;[32mWhen &amp;#27;[0m&amp;#27;[32mI login into mifos site using excel sheet&amp;#27;[0m &amp;#27;[90m# LoginSteps.I_login_into_mifos_site_using_excel_sheet(String&gt;)&amp;#27;[0m
    &amp;#27;[90mThen &amp;#27;[0m&amp;#27;[90mI should see logged in successfully&amp;#27;[0m       &amp;#27;[90m# LoginSteps.I_should_see_login_successfully()&amp;#27;[0m
&amp;#27;[1A    &amp;#27;[32mThen &amp;#27;[0m&amp;#27;[32mI should see logged in successfully&amp;#27;[0m       &amp;#27;[90m# LoginSteps.I_should_see_login_successfully()&amp;#27;[0m

  @LoanProduct
  Scenario Outline: Loan                                &amp;#27;[90m# LoanRBI.feature:31&amp;#27;[0m
    &amp;#27;[90mGiven &amp;#27;[0m&amp;#27;[90mI setup the product loan&amp;#27;[0m                      &amp;#27;[90m# LoanProductSteps.I_setup_the_product_loan(String&gt;)&amp;#27;[0m
&amp;#27;[1A    &amp;#27;[32mGiven &amp;#27;[0m&amp;#27;[32mI setup the product loan&amp;#27;[0m                      &amp;#27;[90m# LoanProductSteps.I_setup_the_product_loan(String&gt;)&amp;#27;[0m
    &amp;#27;[90mAnd &amp;#27;[0m&amp;#27;[90mI entered the values into product loan using&amp;#27;[0m    &amp;#27;[90m# LoanProductSteps.I_entered_the_values_into_product_loan_using(String&gt;)&amp;#27;[0m
&amp;#27;[1A    &amp;#27;[32mAnd &amp;#27;[0m&amp;#27;[32mI entered the values into product loan using&amp;#27;[0m    &amp;#27;[90m# LoanProductSteps.I_entered_the_values_into_product_loan_using(String&gt;)&amp;#27;[0m
    &amp;#27;[90mThen &amp;#27;[0m&amp;#27;[90mI should see product loan created successfully&amp;#27;welcome to mifos through excel
Cell One ... key=productname
486-RBI-EPP-DB-DL-REC-NON-RNI-CTPD-DL-MD-TR-1-EarlyRePayment
486-RBI-EPP-DB-DL-REC-NON-RNI-CTPD-DL-MD-TR-1-EarlyRePayment
</system-out>
  </testcase>
  <testcase time="0" classname="| 486-RBI-EPP-DB-DL-REC-NON-RNI-CTPD-DL-MD-TR-1-EarlyRePayment-Loanproduct4.xlsx |" name="| 486-RBI-EPP-DB-DL-REC-NON-RNI-CTPD-DL-MD-TR-1-EarlyRePayment-Loanproduct4.xlsx |">
    <error message="Timed out after 100 seconds waiting for visibility of element located by By.selector: legend.ng-binding
Build info: version: &apos;2.29.1&apos;, revision: &apos;dfb1306b85be4934d23c123122e06e602a15e446&apos;, time: &apos;2013-01-22 12:58:05&apos;
System info: os.name: &apos;Windows Server 2012&apos;, os.arch: &apos;amd64&apos;, os.version: &apos;6.2&apos;, java.version: &apos;1.7.0_51&apos;
Driver info: driver.version: unknown" type="org.openqa.selenium.TimeoutException">org.openqa.selenium.TimeoutException: Timed out after 100 seconds waiting for visibility of element located by By.selector: legend.ng-binding
Build info: version: &apos;2.29.1&apos;, revision: &apos;dfb1306b85be4934d23c123122e06e602a15e446&apos;, time: &apos;2013-01-22 12:58:05&apos;
System info: os.name: &apos;Windows Server 2012&apos;, os.arch: &apos;amd64&apos;, os.version: &apos;6.2&apos;, java.version: &apos;1.7.0_51&apos;
Driver info: driver.version: unknown
	at org.openqa.selenium.support.ui.FluentWait.timeoutException(FluentWait.java:259)
	at org.openqa.selenium.support.ui.FluentWait.until(FluentWait.java:228)
	at com.mifos.pages.MifosWebPage.waitForElementToBeVisible(MifosWebPage.java:210)
	at com.mifos.pages.MifosWebPage.getElement(MifosWebPage.java:699)
	at com.mifos.pages.MifosWebPage.getElement(MifosWebPage.java:684)
	at com.mifos.pages.MifosWebPage.getSingleText(MifosWebPage.java:941)
	at com.mifos.pages.MifosWebPage.validateSame(MifosWebPage.java:947)
	at com.mifos.pages.MifosWebPage.verifySuccessMessage(MifosWebPage.java:1815)
	at com.mifos.pages.FrontPage.verifyProductLoanExcelSheet(FrontPage.java:472)
	at com.mifos.steps.LoanProductSteps.I_should_see_product_loan_created_successfully(LoanProductSteps.java:27)
	at ✽.Then I should see product loan created successfully(LoanRBI.feature:18)
Caused by: org.openqa.selenium.NoSuchElementException: no such element
  (Session info: chrome=43.0.2357.124)
  (Driver info: chromedriver=2.8.241075,platform=Windows NT 6.3 x86_64) (WARNING: The server did not provide any stacktrace information)
Command duration or timeout: 30.05 seconds
For documentation on this error, please visit: http://seleniumhq.org/exceptions/no_such_element.html
Build info: version: &apos;2.29.1&apos;, revision: &apos;dfb1306b85be4934d23c123122e06e602a15e446&apos;, time: &apos;2013-01-22 12:58:05&apos;
System info: os.name: &apos;Windows Server 2012&apos;, os.arch: &apos;amd64&apos;, os.version: &apos;6.2&apos;, java.version: &apos;1.7.0_51&apos;
Session ID: 495561d8c2f51586ff062bd18704d521
Driver info: org.openqa.selenium.chrome.ChromeDriver
Capabilities [{platform=XP, acceptSslCerts=true, javascriptEnabled=true, browserName=chrome, chrome={userDataDir=C:\Users\ADMINI~1\AppData\Local\Temp\2\scoped_dir5036_25269}, rotatable=false, locationContextEnabled=true, version=43.0.2357.124, takesHeapSnapshot=true, cssSelectorsEnabled=true, databaseEnabled=false, handlesAlerts=true, browserConnectionEnabled=false, webStorageEnabled=true, nativeEvents=true, applicationCacheEnabled=false, takesScreenshot=true}]
	at sun.reflect.GeneratedConstructorAccessor53.newInstance(Unknown Source)
	at sun.reflect.DelegatingConstructorAccessorImpl.newInstance(DelegatingConstructorAccessorImpl.java:45)
	at java.lang.reflect.Constructor.newInstance(Constructor.java:526)
	at org.openqa.selenium.remote.ErrorHandler.createThrowable(ErrorHandler.java:187)
	at org.openqa.selenium.remote.ErrorHandler.throwIfResponseFailed(ErrorHandler.java:145)
	at org.openqa.selenium.remote.RemoteWebDriver.execute(RemoteWebDriver.java:554)
	at org.openqa.selenium.remote.RemoteWebDriver.findElement(RemoteWebDriver.java:307)
	at org.openqa.selenium.remote.RemoteWebDriver.findElementByCssSelector(RemoteWebDriver.java:396)
	at org.openqa.selenium.By$ByCssSelector.findElement(By.java:406)
	at org.openqa.selenium.remote.RemoteWebDriver.findElement(RemoteWebDriver.java:299)
	at sun.reflect.GeneratedMethodAccessor8.invoke(Unknown Source)
	at sun.reflect.DelegatingMethodAccessorImpl.invoke(DelegatingMethodAccessorImpl.java:43)
	at java.lang.reflect.Method.invoke(Method.java:606)
	at org.openqa.selenium.support.events.EventFiringWebDriver$2.invoke(EventFiringWebDriver.java:101)
	at com.sun.proxy.$Proxy16.findElement(Unknown Source)
	at org.openqa.selenium.support.events.EventFiringWebDriver.findElement(EventFiringWebDriver.java:180)
	at org.openqa.selenium.support.ui.ExpectedConditions.findElement(ExpectedConditions.java:523)
	at org.openqa.selenium.support.ui.ExpectedConditions.access$000(ExpectedConditions.java:39)
	at org.openqa.selenium.support.ui.ExpectedConditions$4.apply(ExpectedConditions.java:130)
	at org.openqa.selenium.support.ui.ExpectedConditions$4.apply(ExpectedConditions.java:126)
	at org.openqa.selenium.support.ui.FluentWait.until(FluentWait.java:208)
	at com.mifos.pages.MifosWebPage.waitForElementToBeVisible(MifosWebPage.java:210)
	at com.mifos.pages.MifosWebPage.getElement(MifosWebPage.java:699)
	at com.mifos.pages.MifosWebPage.getElement(MifosWebPage.java:684)
	at com.mifos.pages.MifosWebPage.getSingleText(MifosWebPage.java:941)
	at com.mifos.pages.MifosWebPage.validateSame(MifosWebPage.java:947)
	at com.mifos.pages.MifosWebPage.verifySuccessMessage(MifosWebPage.java:1815)
	at com.mifos.pages.FrontPage.verifyProductLoanExcelSheet(FrontPage.java:472)
	at com.mifos.steps.LoanProductSteps.I_should_see_product_loan_created_successfully(LoanProductSteps.java:27)
	at sun.reflect.GeneratedMethodAccessor59.invoke(Unknown Source)
	at sun.reflect.DelegatingMethodAccessorImpl.invoke(DelegatingMethodAccessorImpl.java:43)
	at java.lang.reflect.Method.invoke(Method.java:606)
	at cucumber.runtime.Utils$1.call(Utils.java:44)
	at cucumber.runtime.Timeout.timeout(Timeout.java:12)
	at cucumber.runtime.Utils.invoke(Utils.java:40)
	at cucumber.runtime.java.JavaStepDefinition.execute(JavaStepDefinition.java:35)
	at cucumber.runtime.StepDefinitionMatch.runStep(StepDefinitionMatch.java:38)
	at cucumber.runtime.Runtime.runStep(Runtime.java:268)
	at cucumber.runtime.model.StepContainer.runStep(StepContainer.java:45)
	at cucumber.runtime.model.StepContainer.runSteps(StepContainer.java:40)
	at cucumber.runtime.model.CucumberScenario.run(CucumberScenario.java:36)
	at cucumber.runtime.junit.ExecutionUnitRunner.run(ExecutionUnitRunner.java:83)
	at org.junit.runners.Suite.runChild(Suite.java:127)
	at org.junit.runners.Suite.runChild(Suite.java:26)
	at org.junit.runners.ParentRunner$3.run(ParentRunner.java:238)
	at org.junit.runners.ParentRunner$1.schedule(ParentRunner.java:63)
	at org.junit.runners.ParentRunner.runChildren(ParentRunner.java:236)
	at org.junit.runners.ParentRunner.access$000(ParentRunner.java:53)
	at org.junit.runners.ParentRunner$2.evaluate(ParentRunner.java:229)
	at org.junit.runners.ParentRunner.run(ParentRunner.java:309)
	at org.junit.runners.Suite.runChild(Suite.java:127)
	at org.junit.runners.Suite.runChild(Suite.java:26)
	at org.junit.runners.ParentRunner$3.run(ParentRunner.java:238)
	at org.junit.runners.ParentRunner$1.schedule(ParentRunner.java:63)
	at org.junit.runners.ParentRunner.runChildren(ParentRunner.java:236)
	at org.junit.runners.ParentRunner.access$000(ParentRunner.java:53)
	at org.junit.runners.ParentRunner$2.evaluate(ParentRunner.java:229)
	at org.junit.runners.ParentRunner.run(ParentRunner.java:309)
	at cucumber.runtime.junit.FeatureRunner.runChild(FeatureRunner.java:63)
	at cucumber.runtime.junit.FeatureRunner.runChild(FeatureRunner.java:18)
	at org.junit.runners.ParentRunner$3.run(ParentRunner.java:238)
	at org.junit.runners.ParentRunner$1.schedule(ParentRunner.java:63)
	at org.junit.runners.ParentRunner.runChildren(ParentRunner.java:236)
	at org.junit.runners.ParentRunner.access$000(ParentRunner.java:53)
	at org.junit.runners.ParentRunner$2.evaluate(ParentRunner.java:229)
	at org.junit.runners.ParentRunner.run(ParentRunner.java:309)
	at cucumber.runtime.junit.FeatureRunner.run(FeatureRunner.java:70)
	at cucumber.api.junit.Cucumber.runChild(Cucumber.java:77)
	at cucumber.api.junit.Cucumber.runChild(Cucumber.java:37)
	at org.junit.runners.ParentRunner$3.run(ParentRunner.java:238)
	at org.junit.runners.ParentRunner$1.schedule(ParentRunner.java:63)
	at org.junit.runners.ParentRunner.runChildren(ParentRunner.java:236)
	at org.junit.runners.ParentRunner.access$000(ParentRunner.java:53)
	at org.junit.runners.ParentRunner$2.evaluate(ParentRunner.java:229)
	at org.junit.runners.ParentRunner.run(ParentRunner.java:309)
	at cucumber.api.junit.Cucumber.run(Cucumber.java:82)
	at org.apache.maven.surefire.junit4.JUnit4Provider.execute(JUnit4Provider.java:252)
	at org.apache.maven.surefire.junit4.JUnit4Provider.executeTestSet(JUnit4Provider.java:141)
	at org.apache.maven.surefire.junit4.JUnit4Provider.invoke(JUnit4Provider.java:112)
	at sun.reflect.NativeMethodAccessorImpl.invoke0(Native Method)
	at sun.reflect.NativeMethodAccessorImpl.invoke(NativeMethodAccessorImpl.java:57)
	at sun.reflect.DelegatingMethodAccessorImpl.invoke(DelegatingMethodAccessorImpl.java:43)
	at java.lang.reflect.Method.invoke(Method.java:606)
	at org.apache.maven.surefire.util.ReflectionUtils.invokeMethodWithArray(ReflectionUtils.java:189)
	at org.apache.maven.surefire.booter.ProviderFactory$ProviderProxy.invoke(ProviderFactory.java:165)
	at org.apache.maven.surefire.booter.ProviderFactory.invokeProvider(ProviderFactory.java:85)
	at org.apache.maven.surefire.booter.ForkedBooter.runSuitesInProcess(ForkedBooter.java:113)
	at org.apache.maven.surefire.booter.ForkedBooter.main(ForkedBooter.java:75)
</error>
  </testcase>
  <testcase time="0" classname="| 487-RBI-EPP-DB-DL-REC-NON-RNI-CTRFD-SAR-MD-TR-1-EarlyRePayment-Loanproduct4.xlsx |" name="Given I navigate to mifos"/>
  <testcase time="0" classname="| 487-RBI-EPP-DB-DL-REC-NON-RNI-CTRFD-SAR-MD-TR-1-EarlyRePayment-Loanproduct4.xlsx |" name="And I use login folder"/>
  <testcase time="0" classname="| 487-RBI-EPP-DB-DL-REC-NON-RNI-CTRFD-SAR-MD-TR-1-EarlyRePayment-Loanproduct4.xlsx |" name="When I login into mifos site using excel sheet"/>
  <testcase time="0" classname="| 487-RBI-EPP-DB-DL-REC-NON-RNI-CTRFD-SAR-MD-TR-1-EarlyRePayment-Loanproduct4.xlsx |" name="Then I should see logged in successfully"/>
  <testcase time="0" classname="| 487-RBI-EPP-DB-DL-REC-NON-RNI-CTRFD-SAR-MD-TR-1-EarlyRePayment-Loanproduct4.xlsx |" name="Given I setup the product loan"/>
  <testcase time="0" classname="| 487-RBI-EPP-DB-DL-REC-NON-RNI-CTRFD-SAR-MD-TR-1-EarlyRePayment-Loanproduct4.xlsx |" name="And I entered the values into product loan using"/>
  <testcase time="0" classname="| 487-RBI-EPP-DB-DL-REC-NON-RNI-CTRFD-SAR-MD-TR-1-EarlyRePayment-Loanproduct4.xlsx |" name="Then I should see product loan created successfully">
    <error message="Timed out after 100 seconds waiting for visibility of element located by By.selector: legend.ng-binding
Build info: version: &apos;2.29.1&apos;, revision: &apos;dfb1306b85be4934d23c123122e06e602a15e446&apos;, time: &apos;2013-01-22 12:58:05&apos;
System info: os.name: &apos;Windows Server 2012&apos;, os.arch: &apos;amd64&apos;, os.version: &apos;6.2&apos;, java.version: &apos;1.7.0_51&apos;
Driver info: driver.version: unknown" type="org.openqa.selenium.TimeoutException">org.openqa.selenium.TimeoutException: Timed out after 100 seconds waiting for visibility of element located by By.selector: legend.ng-binding
Build info: version: &apos;2.29.1&apos;, revision: &apos;dfb1306b85be4934d23c123122e06e602a15e446&apos;, time: &apos;2013-01-22 12:58:05&apos;
System info: os.name: &apos;Windows Server 2012&apos;, os.arch: &apos;amd64&apos;, os.version: &apos;6.2&apos;, java.version: &apos;1.7.0_51&apos;
Driver info: driver.version: unknown
	at org.openqa.selenium.support.ui.FluentWait.timeoutException(FluentWait.java:259)
	at org.openqa.selenium.support.ui.FluentWait.until(FluentWait.java:228)
	at com.mifos.pages.MifosWebPage.waitForElementToBeVisible(MifosWebPage.java:210)
	at com.mifos.pages.MifosWebPage.getElement(MifosWebPage.java:699)
	at com.mifos.pages.MifosWebPage.getElement(MifosWebPage.java:684)
	at com.mifos.pages.MifosWebPage.getSingleText(MifosWebPage.java:941)
	at com.mifos.pages.MifosWebPage.validateSame(MifosWebPage.java:947)
	at com.mifos.pages.MifosWebPage.verifySuccessMessage(MifosWebPage.java:1815)
	at com.mifos.pages.FrontPage.verifyProductLoanExcelSheet(FrontPage.java:472)
	at com.mifos.steps.LoanProductSteps.I_should_see_product_loan_created_successfully(LoanProductSteps.java:27)
	at ✽.Then I should see product loan created successfully(LoanRBI.feature:18)
Caused by: org.openqa.selenium.NoSuchElementException: no such element
  (Session info: chrome=43.0.2357.124)
  (Driver info: chromedriver=2.8.241075,platform=Windows NT 6.3 x86_64) (WARNING: The server did not provide any stacktrace information)
Command duration or timeout: 30.05 seconds
For documentation on this error, please visit: http://seleniumhq.org/exceptions/no_such_element.html
Build info: version: &apos;2.29.1&apos;, revision: &apos;dfb1306b85be4934d23c123122e06e602a15e446&apos;, time: &apos;2013-01-22 12:58:05&apos;
System info: os.name: &apos;Windows Server 2012&apos;, os.arch: &apos;amd64&apos;, os.version: &apos;6.2&apos;, java.version: &apos;1.7.0_51&apos;
Session ID: ef4167dbac1c955280e93039b54d8cf1
Driver info: org.openqa.selenium.chrome.ChromeDriver
Capabilities [{platform=XP, acceptSslCerts=true, javascriptEnabled=true, browserName=chrome, chrome={userDataDir=C:\Users\ADMINI~1\AppData\Local\Temp\2\scoped_dir940_29111}, rotatable=false, locationContextEnabled=true, version=43.0.2357.124, takesHeapSnapshot=true, cssSelectorsEnabled=true, databaseEnabled=false, handlesAlerts=true, browserConnectionEnabled=false, webStorageEnabled=true, nativeEvents=true, applicationCacheEnabled=false, takesScreenshot=true}]
	at sun.reflect.GeneratedConstructorAccessor53.newInstance(Unknown Source)
	at sun.reflect.DelegatingConstructorAccessorImpl.newInstance(DelegatingConstructorAccessorImpl.java:45)
	at java.lang.reflect.Constructor.newInstance(Constructor.java:526)
	at org.openqa.selenium.remote.ErrorHandler.createThrowable(ErrorHandler.java:187)
	at org.openqa.selenium.remote.ErrorHandler.throwIfResponseFailed(ErrorHandler.java:145)
	at org.openqa.selenium.remote.RemoteWebDriver.execute(RemoteWebDriver.java:554)
	at org.openqa.selenium.remote.RemoteWebDriver.findElement(RemoteWebDriver.java:307)
	at org.openqa.selenium.remote.RemoteWebDriver.findElementByCssSelector(RemoteWebDriver.java:396)
	at org.openqa.selenium.By$ByCssSelector.findElement(By.java:406)
	at org.openqa.selenium.remote.RemoteWebDriver.findElement(RemoteWebDriver.java:299)
	at sun.reflect.GeneratedMethodAccessor8.invoke(Unknown Source)
	at sun.reflect.DelegatingMethodAccessorImpl.invoke(DelegatingMethodAccessorImpl.java:43)
	at java.lang.reflect.Method.invoke(Method.java:606)
	at org.openqa.selenium.support.events.EventFiringWebDriver$2.invoke(EventFiringWebDriver.java:101)
	at com.sun.proxy.$Proxy16.findElement(Unknown Source)
	at org.openqa.selenium.support.events.EventFiringWebDriver.findElement(EventFiringWebDriver.java:180)
	at org.openqa.selenium.support.ui.ExpectedConditions.findElement(ExpectedConditions.java:523)
	at org.openqa.selenium.support.ui.ExpectedConditions.access$000(ExpectedConditions.java:39)
	at org.openqa.selenium.support.ui.ExpectedConditions$4.apply(ExpectedConditions.java:130)
	at org.openqa.selenium.support.ui.ExpectedConditions$4.apply(ExpectedConditions.java:126)
	at org.openqa.selenium.support.ui.FluentWait.until(FluentWait.java:208)
	at com.mifos.pages.MifosWebPage.waitForElementToBeVisible(MifosWebPage.java:210)
	at com.mifos.pages.MifosWebPage.getElement(MifosWebPage.java:699)
	at com.mifos.pages.MifosWebPage.getElement(MifosWebPage.java:684)
	at com.mifos.pages.MifosWebPage.getSingleText(MifosWebPage.java:941)
	at com.mifos.pages.MifosWebPage.validateSame(MifosWebPage.java:947)
	at com.mifos.pages.MifosWebPage.verifySuccessMessage(MifosWebPage.java:1815)
	at com.mifos.pages.FrontPage.verifyProductLoanExcelSheet(FrontPage.java:472)
	at com.mifos.steps.LoanProductSteps.I_should_see_product_loan_created_successfully(LoanProductSteps.java:27)
	at sun.reflect.GeneratedMethodAccessor59.invoke(Unknown Source)
	at sun.reflect.DelegatingMethodAccessorImpl.invoke(DelegatingMethodAccessorImpl.java:43)
	at java.lang.reflect.Method.invoke(Method.java:606)
	at cucumber.runtime.Utils$1.call(Utils.java:44)
	at cucumber.runtime.Timeout.timeout(Timeout.java:12)
	at cucumber.runtime.Utils.invoke(Utils.java:40)
	at cucumber.runtime.java.JavaStepDefinition.execute(JavaStepDefinition.java:35)
	at cucumber.runtime.StepDefinitionMatch.runStep(StepDefinitionMatch.java:38)
	at cucumber.runtime.Runtime.runStep(Runtime.java:268)
	at cucumber.runtime.model.StepContainer.runStep(StepContainer.java:45)
	at cucumber.runtime.model.StepContainer.runSteps(StepContainer.java:40)
	at cucumber.runtime.model.CucumberScenario.run(CucumberScenario.java:36)
	at cucumber.runtime.junit.ExecutionUnitRunner.run(ExecutionUnitRunner.java:83)
	at org.junit.runners.Suite.runChild(Suite.java:127)
	at org.junit.runners.Suite.runChild(Suite.java:26)
	at org.junit.runners.ParentRunner$3.run(ParentRunner.java:238)
	at org.junit.runners.ParentRunner$1.schedule(ParentRunner.java:63)
	at org.junit.runners.ParentRunner.runChildren(ParentRunner.java:236)
	at org.junit.runners.ParentRunner.access$000(ParentRunner.java:53)
	at org.junit.runners.ParentRunner$2.evaluate(ParentRunner.java:229)
	at org.junit.runners.ParentRunner.run(ParentRunner.java:309)
	at org.junit.runners.Suite.runChild(Suite.java:127)
	at org.junit.runners.Suite.runChild(Suite.java:26)
	at org.junit.runners.ParentRunner$3.run(ParentRunner.java:238)
	at org.junit.runners.ParentRunner$1.schedule(ParentRunner.java:63)
	at org.junit.runners.ParentRunner.runChildren(ParentRunner.java:236)
	at org.junit.runners.ParentRunner.access$000(ParentRunner.java:53)
	at org.junit.runners.ParentRunner$2.evaluate(ParentRunner.java:229)
	at org.junit.runners.ParentRunner.run(ParentRunner.java:309)
	at cucumber.runtime.junit.FeatureRunner.runChild(FeatureRunner.java:63)
	at cucumber.runtime.junit.FeatureRunner.runChild(FeatureRunner.java:18)
	at org.junit.runners.ParentRunner$3.run(ParentRunner.java:238)
	at org.junit.runners.ParentRunner$1.schedule(ParentRunner.java:63)
	at org.junit.runners.ParentRunner.runChildren(ParentRunner.java:236)
	at org.junit.runners.ParentRunner.access$000(ParentRunner.java:53)
	at org.junit.runners.ParentRunner$2.evaluate(ParentRunner.java:229)
	at org.junit.runners.ParentRunner.run(ParentRunner.java:309)
	at cucumber.runtime.junit.FeatureRunner.run(FeatureRunner.java:70)
	at cucumber.api.junit.Cucumber.runChild(Cucumber.java:77)
	at cucumber.api.junit.Cucumber.runChild(Cucumber.java:37)
	at org.junit.runners.ParentRunner$3.run(ParentRunner.java:238)
	at org.junit.runners.ParentRunner$1.schedule(ParentRunner.java:63)
	at org.junit.runners.ParentRunner.runChildren(ParentRunner.java:236)
	at org.junit.runners.ParentRunner.access$000(ParentRunner.java:53)
	at org.junit.runners.ParentRunner$2.evaluate(ParentRunner.java:229)
	at org.junit.runners.ParentRunner.run(ParentRunner.java:309)
	at cucumber.api.junit.Cucumber.run(Cucumber.java:82)
	at org.apache.maven.surefire.junit4.JUnit4Provider.execute(JUnit4Provider.java:252)
	at org.apache.maven.surefire.junit4.JUnit4Provider.executeTestSet(JUnit4Provider.java:141)
	at org.apache.maven.surefire.junit4.JUnit4Provider.invoke(JUnit4Provider.java:112)
	at sun.reflect.NativeMethodAccessorImpl.invoke0(Native Method)
	at sun.reflect.NativeMethodAccessorImpl.invoke(NativeMethodAccessorImpl.java:57)
	at sun.reflect.DelegatingMethodAccessorImpl.invoke(DelegatingMethodAccessorImpl.java:43)
	at java.lang.reflect.Method.invoke(Method.java:606)
	at org.apache.maven.surefire.util.ReflectionUtils.invokeMethodWithArray(ReflectionUtils.java:189)
	at org.apache.maven.surefire.booter.ProviderFactory$ProviderProxy.invoke(ProviderFactory.java:165)
	at org.apache.maven.surefire.booter.ProviderFactory.invokeProvider(ProviderFactory.java:85)
	at org.apache.maven.surefire.booter.ForkedBooter.runSuitesInProcess(ForkedBooter.java:113)
	at org.apache.maven.surefire.booter.ForkedBooter.main(ForkedBooter.java:75)
</error>
    <system-out>welcome to mifos through excel
Cell One ... key=productname
487-RBI-EPP-DB-DL-REC-NON-RNI-CTRFD-SAR-MD-TR-1-B-EarlyRePayment
487-RBI-EPP-DB-DL-REC-NON-RNI-CTRFD-SAR-MD-TR-1-B-EarlyRePayment
</system-out>
  </testcase>
  <testcase time="0" classname="| 487-RBI-EPP-DB-DL-REC-NON-RNI-CTRFD-SAR-MD-TR-1-EarlyRePayment-Loanproduct4.xlsx |" name="| 487-RBI-EPP-DB-DL-REC-NON-RNI-CTRFD-SAR-MD-TR-1-EarlyRePayment-Loanproduct4.xlsx |">
    <error message="Timed out after 100 seconds waiting for visibility of element located by By.selector: legend.ng-binding
Build info: version: &apos;2.29.1&apos;, revision: &apos;dfb1306b85be4934d23c123122e06e602a15e446&apos;, time: &apos;2013-01-22 12:58:05&apos;
System info: os.name: &apos;Windows Server 2012&apos;, os.arch: &apos;amd64&apos;, os.version: &apos;6.2&apos;, java.version: &apos;1.7.0_51&apos;
Driver info: driver.version: unknown" type="org.openqa.selenium.TimeoutException">org.openqa.selenium.TimeoutException: Timed out after 100 seconds waiting for visibility of element located by By.selector: legend.ng-binding
Build info: version: &apos;2.29.1&apos;, revision: &apos;dfb1306b85be4934d23c123122e06e602a15e446&apos;, time: &apos;2013-01-22 12:58:05&apos;
System info: os.name: &apos;Windows Server 2012&apos;, os.arch: &apos;amd64&apos;, os.version: &apos;6.2&apos;, java.version: &apos;1.7.0_51&apos;
Driver info: driver.version: unknown
	at org.openqa.selenium.support.ui.FluentWait.timeoutException(FluentWait.java:259)
	at org.openqa.selenium.support.ui.FluentWait.until(FluentWait.java:228)
	at com.mifos.pages.MifosWebPage.waitForElementToBeVisible(MifosWebPage.java:210)
	at com.mifos.pages.MifosWebPage.getElement(MifosWebPage.java:699)
	at com.mifos.pages.MifosWebPage.getElement(MifosWebPage.java:684)
	at com.mifos.pages.MifosWebPage.getSingleText(MifosWebPage.java:941)
	at com.mifos.pages.MifosWebPage.validateSame(MifosWebPage.java:947)
	at com.mifos.pages.MifosWebPage.verifySuccessMessage(MifosWebPage.java:1815)
	at com.mifos.pages.FrontPage.verifyProductLoanExcelSheet(FrontPage.java:472)
	at com.mifos.steps.LoanProductSteps.I_should_see_product_loan_created_successfully(LoanProductSteps.java:27)
	at ✽.Then I should see product loan created successfully(LoanRBI.feature:18)
Caused by: org.openqa.selenium.NoSuchElementException: no such element
  (Session info: chrome=43.0.2357.124)
  (Driver info: chromedriver=2.8.241075,platform=Windows NT 6.3 x86_64) (WARNING: The server did not provide any stacktrace information)
Command duration or timeout: 30.05 seconds
For documentation on this error, please visit: http://seleniumhq.org/exceptions/no_such_element.html
Build info: version: &apos;2.29.1&apos;, revision: &apos;dfb1306b85be4934d23c123122e06e602a15e446&apos;, time: &apos;2013-01-22 12:58:05&apos;
System info: os.name: &apos;Windows Server 2012&apos;, os.arch: &apos;amd64&apos;, os.version: &apos;6.2&apos;, java.version: &apos;1.7.0_51&apos;
Session ID: ef4167dbac1c955280e93039b54d8cf1
Driver info: org.openqa.selenium.chrome.ChromeDriver
Capabilities [{platform=XP, acceptSslCerts=true, javascriptEnabled=true, browserName=chrome, chrome={userDataDir=C:\Users\ADMINI~1\AppData\Local\Temp\2\scoped_dir940_29111}, rotatable=false, locationContextEnabled=true, version=43.0.2357.124, takesHeapSnapshot=true, cssSelectorsEnabled=true, databaseEnabled=false, handlesAlerts=true, browserConnectionEnabled=false, webStorageEnabled=true, nativeEvents=true, applicationCacheEnabled=false, takesScreenshot=true}]
	at sun.reflect.GeneratedConstructorAccessor53.newInstance(Unknown Source)
	at sun.reflect.DelegatingConstructorAccessorImpl.newInstance(DelegatingConstructorAccessorImpl.java:45)
	at java.lang.reflect.Constructor.newInstance(Constructor.java:526)
	at org.openqa.selenium.remote.ErrorHandler.createThrowable(ErrorHandler.java:187)
	at org.openqa.selenium.remote.ErrorHandler.throwIfResponseFailed(ErrorHandler.java:145)
	at org.openqa.selenium.remote.RemoteWebDriver.execute(RemoteWebDriver.java:554)
	at org.openqa.selenium.remote.RemoteWebDriver.findElement(RemoteWebDriver.java:307)
	at org.openqa.selenium.remote.RemoteWebDriver.findElementByCssSelector(RemoteWebDriver.java:396)
	at org.openqa.selenium.By$ByCssSelector.findElement(By.java:406)
	at org.openqa.selenium.remote.RemoteWebDriver.findElement(RemoteWebDriver.java:299)
	at sun.reflect.GeneratedMethodAccessor8.invoke(Unknown Source)
	at sun.reflect.DelegatingMethodAccessorImpl.invoke(DelegatingMethodAccessorImpl.java:43)
	at java.lang.reflect.Method.invoke(Method.java:606)
	at org.openqa.selenium.support.events.EventFiringWebDriver$2.invoke(EventFiringWebDriver.java:101)
	at com.sun.proxy.$Proxy16.findElement(Unknown Source)
	at org.openqa.selenium.support.events.EventFiringWebDriver.findElement(EventFiringWebDriver.java:180)
	at org.openqa.selenium.support.ui.ExpectedConditions.findElement(ExpectedConditions.java:523)
	at org.openqa.selenium.support.ui.ExpectedConditions.access$000(ExpectedConditions.java:39)
	at org.openqa.selenium.support.ui.ExpectedConditions$4.apply(ExpectedConditions.java:130)
	at org.openqa.selenium.support.ui.ExpectedConditions$4.apply(ExpectedConditions.java:126)
	at org.openqa.selenium.support.ui.FluentWait.until(FluentWait.java:208)
	at com.mifos.pages.MifosWebPage.waitForElementToBeVisible(MifosWebPage.java:210)
	at com.mifos.pages.MifosWebPage.getElement(MifosWebPage.java:699)
	at com.mifos.pages.MifosWebPage.getElement(MifosWebPage.java:684)
	at com.mifos.pages.MifosWebPage.getSingleText(MifosWebPage.java:941)
	at com.mifos.pages.MifosWebPage.validateSame(MifosWebPage.java:947)
	at com.mifos.pages.MifosWebPage.verifySuccessMessage(MifosWebPage.java:1815)
	at com.mifos.pages.FrontPage.verifyProductLoanExcelSheet(FrontPage.java:472)
	at com.mifos.steps.LoanProductSteps.I_should_see_product_loan_created_successfully(LoanProductSteps.java:27)
	at sun.reflect.GeneratedMethodAccessor59.invoke(Unknown Source)
	at sun.reflect.DelegatingMethodAccessorImpl.invoke(DelegatingMethodAccessorImpl.java:43)
	at java.lang.reflect.Method.invoke(Method.java:606)
	at cucumber.runtime.Utils$1.call(Utils.java:44)
	at cucumber.runtime.Timeout.timeout(Timeout.java:12)
	at cucumber.runtime.Utils.invoke(Utils.java:40)
	at cucumber.runtime.java.JavaStepDefinition.execute(JavaStepDefinition.java:35)
	at cucumber.runtime.StepDefinitionMatch.runStep(StepDefinitionMatch.java:38)
	at cucumber.runtime.Runtime.runStep(Runtime.java:268)
	at cucumber.runtime.model.StepContainer.runStep(StepContainer.java:45)
	at cucumber.runtime.model.StepContainer.runSteps(StepContainer.java:40)
	at cucumber.runtime.model.CucumberScenario.run(CucumberScenario.java:36)
	at cucumber.runtime.junit.ExecutionUnitRunner.run(ExecutionUnitRunner.java:83)
	at org.junit.runners.Suite.runChild(Suite.java:127)
	at org.junit.runners.Suite.runChild(Suite.java:26)
	at org.junit.runners.ParentRunner$3.run(ParentRunner.java:238)
	at org.junit.runners.ParentRunner$1.schedule(ParentRunner.java:63)
	at org.junit.runners.ParentRunner.runChildren(ParentRunner.java:236)
	at org.junit.runners.ParentRunner.access$000(ParentRunner.java:53)
	at org.junit.runners.ParentRunner$2.evaluate(ParentRunner.java:229)
	at org.junit.runners.ParentRunner.run(ParentRunner.java:309)
	at org.junit.runners.Suite.runChild(Suite.java:127)
	at org.junit.runners.Suite.runChild(Suite.java:26)
	at org.junit.runners.ParentRunner$3.run(ParentRunner.java:238)
	at org.junit.runners.ParentRunner$1.schedule(ParentRunner.java:63)
	at org.junit.runners.ParentRunner.runChildren(ParentRunner.java:236)
	at org.junit.runners.ParentRunner.access$000(ParentRunner.java:53)
	at org.junit.runners.ParentRunner$2.evaluate(ParentRunner.java:229)
	at org.junit.runners.ParentRunner.run(ParentRunner.java:309)
	at cucumber.runtime.junit.FeatureRunner.runChild(FeatureRunner.java:63)
	at cucumber.runtime.junit.FeatureRunner.runChild(FeatureRunner.java:18)
	at org.junit.runners.ParentRunner$3.run(ParentRunner.java:238)
	at org.junit.runners.ParentRunner$1.schedule(ParentRunner.java:63)
	at org.junit.runners.ParentRunner.runChildren(ParentRunner.java:236)
	at org.junit.runners.ParentRunner.access$000(ParentRunner.java:53)
	at org.junit.runners.ParentRunner$2.evaluate(ParentRunner.java:229)
	at org.junit.runners.ParentRunner.run(ParentRunner.java:309)
	at cucumber.runtime.junit.FeatureRunner.run(FeatureRunner.java:70)
	at cucumber.api.junit.Cucumber.runChild(Cucumber.java:77)
	at cucumber.api.junit.Cucumber.runChild(Cucumber.java:37)
	at org.junit.runners.ParentRunner$3.run(ParentRunner.java:238)
	at org.junit.runners.ParentRunner$1.schedule(ParentRunner.java:63)
	at org.junit.runners.ParentRunner.runChildren(ParentRunner.java:236)
	at org.junit.runners.ParentRunner.access$000(ParentRunner.java:53)
	at org.junit.runners.ParentRunner$2.evaluate(ParentRunner.java:229)
	at org.junit.runners.ParentRunner.run(ParentRunner.java:309)
	at cucumber.api.junit.Cucumber.run(Cucumber.java:82)
	at org.apache.maven.surefire.junit4.JUnit4Provider.execute(JUnit4Provider.java:252)
	at org.apache.maven.surefire.junit4.JUnit4Provider.executeTestSet(JUnit4Provider.java:141)
	at org.apache.maven.surefire.junit4.JUnit4Provider.invoke(JUnit4Provider.java:112)
	at sun.reflect.NativeMethodAccessorImpl.invoke0(Native Method)
	at sun.reflect.NativeMethodAccessorImpl.invoke(NativeMethodAccessorImpl.java:57)
	at sun.reflect.DelegatingMethodAccessorImpl.invoke(DelegatingMethodAccessorImpl.java:43)
	at java.lang.reflect.Method.invoke(Method.java:606)
	at org.apache.maven.surefire.util.ReflectionUtils.invokeMethodWithArray(ReflectionUtils.java:189)
	at org.apache.maven.surefire.booter.ProviderFactory$ProviderProxy.invoke(ProviderFactory.java:165)
	at org.apache.maven.surefire.booter.ProviderFactory.invokeProvider(ProviderFactory.java:85)
	at org.apache.maven.surefire.booter.ForkedBooter.runSuitesInProcess(ForkedBooter.java:113)
	at org.apache.maven.surefire.booter.ForkedBooter.main(ForkedBooter.java:75)
</error>
  </testcase>
  <testcase time="0" classname="| 488-RBI-EPP-DB-DL-REC-NON-RNI-CTRFD-DL-MD-TR-1-EarlyRePayment-Loanproduct4.xlsx |" name="Given I navigate to mifos"/>
  <testcase time="0" classname="| 488-RBI-EPP-DB-DL-REC-NON-RNI-CTRFD-DL-MD-TR-1-EarlyRePayment-Loanproduct4.xlsx |" name="And I use login folder"/>
  <testcase time="0" classname="| 488-RBI-EPP-DB-DL-REC-NON-RNI-CTRFD-DL-MD-TR-1-EarlyRePayment-Loanproduct4.xlsx |" name="When I login into mifos site using excel sheet"/>
  <testcase time="0" classname="| 488-RBI-EPP-DB-DL-REC-NON-RNI-CTRFD-DL-MD-TR-1-EarlyRePayment-Loanproduct4.xlsx |" name="Then I should see logged in successfully"/>
  <testcase time="0" classname="| 488-RBI-EPP-DB-DL-REC-NON-RNI-CTRFD-DL-MD-TR-1-EarlyRePayment-Loanproduct4.xlsx |" name="Given I setup the product loan"/>
  <testcase time="0" classname="| 488-RBI-EPP-DB-DL-REC-NON-RNI-CTRFD-DL-MD-TR-1-EarlyRePayment-Loanproduct4.xlsx |" name="And I entered the values into product loan using"/>
  <testcase time="0" classname="| 488-RBI-EPP-DB-DL-REC-NON-RNI-CTRFD-DL-MD-TR-1-EarlyRePayment-Loanproduct4.xlsx |" name="Then I should see product loan created successfully">
    <error message="Timed out after 100 seconds waiting for visibility of element located by By.selector: legend.ng-binding
Build info: version: &apos;2.29.1&apos;, revision: &apos;dfb1306b85be4934d23c123122e06e602a15e446&apos;, time: &apos;2013-01-22 12:58:05&apos;
System info: os.name: &apos;Windows Server 2012&apos;, os.arch: &apos;amd64&apos;, os.version: &apos;6.2&apos;, java.version: &apos;1.7.0_51&apos;
Driver info: driver.version: unknown" type="org.openqa.selenium.TimeoutException">org.openqa.selenium.TimeoutException: Timed out after 100 seconds waiting for visibility of element located by By.selector: legend.ng-binding
Build info: version: &apos;2.29.1&apos;, revision: &apos;dfb1306b85be4934d23c123122e06e602a15e446&apos;, time: &apos;2013-01-22 12:58:05&apos;
System info: os.name: &apos;Windows Server 2012&apos;, os.arch: &apos;amd64&apos;, os.version: &apos;6.2&apos;, java.version: &apos;1.7.0_51&apos;
Driver info: driver.version: unknown
	at org.openqa.selenium.support.ui.FluentWait.timeoutException(FluentWait.java:259)
	at org.openqa.selenium.support.ui.FluentWait.until(FluentWait.java:228)
	at com.mifos.pages.MifosWebPage.waitForElementToBeVisible(MifosWebPage.java:210)
	at com.mifos.pages.MifosWebPage.getElement(MifosWebPage.java:699)
	at com.mifos.pages.MifosWebPage.getElement(MifosWebPage.java:684)
	at com.mifos.pages.MifosWebPage.getSingleText(MifosWebPage.java:941)
	at com.mifos.pages.MifosWebPage.validateSame(MifosWebPage.java:947)
	at com.mifos.pages.MifosWebPage.verifySuccessMessage(MifosWebPage.java:1815)
	at com.mifos.pages.FrontPage.verifyProductLoanExcelSheet(FrontPage.java:472)
	at com.mifos.steps.LoanProductSteps.I_should_see_product_loan_created_successfully(LoanProductSteps.java:27)
	at ✽.Then I should see product loan created successfully(LoanRBI.feature:18)
Caused by: org.openqa.selenium.NoSuchElementException: no such element
  (Session info: chrome=43.0.2357.124)
  (Driver info: chromedriver=2.8.241075,platform=Windows NT 6.3 x86_64) (WARNING: The server did not provide any stacktrace information)
Command duration or timeout: 30.05 seconds
For documentation on this error, please visit: http://seleniumhq.org/exceptions/no_such_element.html
Build info: version: &apos;2.29.1&apos;, revision: &apos;dfb1306b85be4934d23c123122e06e602a15e446&apos;, time: &apos;2013-01-22 12:58:05&apos;
System info: os.name: &apos;Windows Server 2012&apos;, os.arch: &apos;amd64&apos;, os.version: &apos;6.2&apos;, java.version: &apos;1.7.0_51&apos;
Session ID: 651ba0999f8190462b0360d2a6438fe7
Driver info: org.openqa.selenium.chrome.ChromeDriver
Capabilities [{platform=XP, acceptSslCerts=true, javascriptEnabled=true, browserName=chrome, chrome={userDataDir=C:\Users\ADMINI~1\AppData\Local\Temp\2\scoped_dir3712_15272}, rotatable=false, locationContextEnabled=true, version=43.0.2357.124, takesHeapSnapshot=true, cssSelectorsEnabled=true, databaseEnabled=false, handlesAlerts=true, browserConnectionEnabled=false, webStorageEnabled=true, nativeEvents=true, applicationCacheEnabled=false, takesScreenshot=true}]
	at sun.reflect.GeneratedConstructorAccessor53.newInstance(Unknown Source)
	at sun.reflect.DelegatingConstructorAccessorImpl.newInstance(DelegatingConstructorAccessorImpl.java:45)
	at java.lang.reflect.Constructor.newInstance(Constructor.java:526)
	at org.openqa.selenium.remote.ErrorHandler.createThrowable(ErrorHandler.java:187)
	at org.openqa.selenium.remote.ErrorHandler.throwIfResponseFailed(ErrorHandler.java:145)
	at org.openqa.selenium.remote.RemoteWebDriver.execute(RemoteWebDriver.java:554)
	at org.openqa.selenium.remote.RemoteWebDriver.findElement(RemoteWebDriver.java:307)
	at org.openqa.selenium.remote.RemoteWebDriver.findElementByCssSelector(RemoteWebDriver.java:396)
	at org.openqa.selenium.By$ByCssSelector.findElement(By.java:406)
	at org.openqa.selenium.remote.RemoteWebDriver.findElement(RemoteWebDriver.java:299)
	at sun.reflect.GeneratedMethodAccessor8.invoke(Unknown Source)
	at sun.reflect.DelegatingMethodAccessorImpl.invoke(DelegatingMethodAccessorImpl.java:43)
	at java.lang.reflect.Method.invoke(Method.java:606)
	at org.openqa.selenium.support.events.EventFiringWebDriver$2.invoke(EventFiringWebDriver.java:101)
	at com.sun.proxy.$Proxy16.findElement(Unknown Source)
	at org.openqa.selenium.support.events.EventFiringWebDriver.findElement(EventFiringWebDriver.java:180)
	at org.openqa.selenium.support.ui.ExpectedConditions.findElement(ExpectedConditions.java:523)
	at org.openqa.selenium.support.ui.ExpectedConditions.access$000(ExpectedConditions.java:39)
	at org.openqa.selenium.support.ui.ExpectedConditions$4.apply(ExpectedConditions.java:130)
	at org.openqa.selenium.support.ui.ExpectedConditions$4.apply(ExpectedConditions.java:126)
	at org.openqa.selenium.support.ui.FluentWait.until(FluentWait.java:208)
	at com.mifos.pages.MifosWebPage.waitForElementToBeVisible(MifosWebPage.java:210)
	at com.mifos.pages.MifosWebPage.getElement(MifosWebPage.java:699)
	at com.mifos.pages.MifosWebPage.getElement(MifosWebPage.java:684)
	at com.mifos.pages.MifosWebPage.getSingleText(MifosWebPage.java:941)
	at com.mifos.pages.MifosWebPage.validateSame(MifosWebPage.java:947)
	at com.mifos.pages.MifosWebPage.verifySuccessMessage(MifosWebPage.java:1815)
	at com.mifos.pages.FrontPage.verifyProductLoanExcelSheet(FrontPage.java:472)
	at com.mifos.steps.LoanProductSteps.I_should_see_product_loan_created_successfully(LoanProductSteps.java:27)
	at sun.reflect.GeneratedMethodAccessor59.invoke(Unknown Source)
	at sun.reflect.DelegatingMethodAccessorImpl.invoke(DelegatingMethodAccessorImpl.java:43)
	at java.lang.reflect.Method.invoke(Method.java:606)
	at cucumber.runtime.Utils$1.call(Utils.java:44)
	at cucumber.runtime.Timeout.timeout(Timeout.java:12)
	at cucumber.runtime.Utils.invoke(Utils.java:40)
	at cucumber.runtime.java.JavaStepDefinition.execute(JavaStepDefinition.java:35)
	at cucumber.runtime.StepDefinitionMatch.runStep(StepDefinitionMatch.java:38)
	at cucumber.runtime.Runtime.runStep(Runtime.java:268)
	at cucumber.runtime.model.StepContainer.runStep(StepContainer.java:45)
	at cucumber.runtime.model.StepContainer.runSteps(StepContainer.java:40)
	at cucumber.runtime.model.CucumberScenario.run(CucumberScenario.java:36)
	at cucumber.runtime.junit.ExecutionUnitRunner.run(ExecutionUnitRunner.java:83)
	at org.junit.runners.Suite.runChild(Suite.java:127)
	at org.junit.runners.Suite.runChild(Suite.java:26)
	at org.junit.runners.ParentRunner$3.run(ParentRunner.java:238)
	at org.junit.runners.ParentRunner$1.schedule(ParentRunner.java:63)
	at org.junit.runners.ParentRunner.runChildren(ParentRunner.java:236)
	at org.junit.runners.ParentRunner.access$000(ParentRunner.java:53)
	at org.junit.runners.ParentRunner$2.evaluate(ParentRunner.java:229)
	at org.junit.runners.ParentRunner.run(ParentRunner.java:309)
	at org.junit.runners.Suite.runChild(Suite.java:127)
	at org.junit.runners.Suite.runChild(Suite.java:26)
	at org.junit.runners.ParentRunner$3.run(ParentRunner.java:238)
	at org.junit.runners.ParentRunner$1.schedule(ParentRunner.java:63)
	at org.junit.runners.ParentRunner.runChildren(ParentRunner.java:236)
	at org.junit.runners.ParentRunner.access$000(ParentRunner.java:53)
	at org.junit.runners.ParentRunner$2.evaluate(ParentRunner.java:229)
	at org.junit.runners.ParentRunner.run(ParentRunner.java:309)
	at cucumber.runtime.junit.FeatureRunner.runChild(FeatureRunner.java:63)
	at cucumber.runtime.junit.FeatureRunner.runChild(FeatureRunner.java:18)
	at org.junit.runners.ParentRunner$3.run(ParentRunner.java:238)
	at org.junit.runners.ParentRunner$1.schedule(ParentRunner.java:63)
	at org.junit.runners.ParentRunner.runChildren(ParentRunner.java:236)
	at org.junit.runners.ParentRunner.access$000(ParentRunner.java:53)
	at org.junit.runners.ParentRunner$2.evaluate(ParentRunner.java:229)
	at org.junit.runners.ParentRunner.run(ParentRunner.java:309)
	at cucumber.runtime.junit.FeatureRunner.run(FeatureRunner.java:70)
	at cucumber.api.junit.Cucumber.runChild(Cucumber.java:77)
	at cucumber.api.junit.Cucumber.runChild(Cucumber.java:37)
	at org.junit.runners.ParentRunner$3.run(ParentRunner.java:238)
	at org.junit.runners.ParentRunner$1.schedule(ParentRunner.java:63)
	at org.junit.runners.ParentRunner.runChildren(ParentRunner.java:236)
	at org.junit.runners.ParentRunner.access$000(ParentRunner.java:53)
	at org.junit.runners.ParentRunner$2.evaluate(ParentRunner.java:229)
	at org.junit.runners.ParentRunner.run(ParentRunner.java:309)
	at cucumber.api.junit.Cucumber.run(Cucumber.java:82)
	at org.apache.maven.surefire.junit4.JUnit4Provider.execute(JUnit4Provider.java:252)
	at org.apache.maven.surefire.junit4.JUnit4Provider.executeTestSet(JUnit4Provider.java:141)
	at org.apache.maven.surefire.junit4.JUnit4Provider.invoke(JUnit4Provider.java:112)
	at sun.reflect.NativeMethodAccessorImpl.invoke0(Native Method)
	at sun.reflect.NativeMethodAccessorImpl.invoke(NativeMethodAccessorImpl.java:57)
	at sun.reflect.DelegatingMethodAccessorImpl.invoke(DelegatingMethodAccessorImpl.java:43)
	at java.lang.reflect.Method.invoke(Method.java:606)
	at org.apache.maven.surefire.util.ReflectionUtils.invokeMethodWithArray(ReflectionUtils.java:189)
	at org.apache.maven.surefire.booter.ProviderFactory$ProviderProxy.invoke(ProviderFactory.java:165)
	at org.apache.maven.surefire.booter.ProviderFactory.invokeProvider(ProviderFactory.java:85)
	at org.apache.maven.surefire.booter.ForkedBooter.runSuitesInProcess(ForkedBooter.java:113)
	at org.apache.maven.surefire.booter.ForkedBooter.main(ForkedBooter.java:75)
</error>
    <system-out>welcome to mifos through excel
Cell One ... key=productname
488-RBI-EPP-DB-DL-REC-NON-RNI-CTRFD-DL-MD-TR-1-B-EarlyRePayment
488-RBI-EPP-DB-DL-REC-NON-RNI-CTRFD-DL-MD-TR-1-B-EarlyRePayment
</system-out>
  </testcase>
  <testcase time="0" classname="| 488-RBI-EPP-DB-DL-REC-NON-RNI-CTRFD-DL-MD-TR-1-EarlyRePayment-Loanproduct4.xlsx |" name="| 488-RBI-EPP-DB-DL-REC-NON-RNI-CTRFD-DL-MD-TR-1-EarlyRePayment-Loanproduct4.xlsx |">
    <error message="Timed out after 100 seconds waiting for visibility of element located by By.selector: legend.ng-binding
Build info: version: &apos;2.29.1&apos;, revision: &apos;dfb1306b85be4934d23c123122e06e602a15e446&apos;, time: &apos;2013-01-22 12:58:05&apos;
System info: os.name: &apos;Windows Server 2012&apos;, os.arch: &apos;amd64&apos;, os.version: &apos;6.2&apos;, java.version: &apos;1.7.0_51&apos;
Driver info: driver.version: unknown" type="org.openqa.selenium.TimeoutException">org.openqa.selenium.TimeoutException: Timed out after 100 seconds waiting for visibility of element located by By.selector: legend.ng-binding
Build info: version: &apos;2.29.1&apos;, revision: &apos;dfb1306b85be4934d23c123122e06e602a15e446&apos;, time: &apos;2013-01-22 12:58:05&apos;
System info: os.name: &apos;Windows Server 2012&apos;, os.arch: &apos;amd64&apos;, os.version: &apos;6.2&apos;, java.version: &apos;1.7.0_51&apos;
Driver info: driver.version: unknown
	at org.openqa.selenium.support.ui.FluentWait.timeoutException(FluentWait.java:259)
	at org.openqa.selenium.support.ui.FluentWait.until(FluentWait.java:228)
	at com.mifos.pages.MifosWebPage.waitForElementToBeVisible(MifosWebPage.java:210)
	at com.mifos.pages.MifosWebPage.getElement(MifosWebPage.java:699)
	at com.mifos.pages.MifosWebPage.getElement(MifosWebPage.java:684)
	at com.mifos.pages.MifosWebPage.getSingleText(MifosWebPage.java:941)
	at com.mifos.pages.MifosWebPage.validateSame(MifosWebPage.java:947)
	at com.mifos.pages.MifosWebPage.verifySuccessMessage(MifosWebPage.java:1815)
	at com.mifos.pages.FrontPage.verifyProductLoanExcelSheet(FrontPage.java:472)
	at com.mifos.steps.LoanProductSteps.I_should_see_product_loan_created_successfully(LoanProductSteps.java:27)
	at ✽.Then I should see product loan created successfully(LoanRBI.feature:18)
Caused by: org.openqa.selenium.NoSuchElementException: no such element
  (Session info: chrome=43.0.2357.124)
  (Driver info: chromedriver=2.8.241075,platform=Windows NT 6.3 x86_64) (WARNING: The server did not provide any stacktrace information)
Command duration or timeout: 30.05 seconds
For documentation on this error, please visit: http://seleniumhq.org/exceptions/no_such_element.html
Build info: version: &apos;2.29.1&apos;, revision: &apos;dfb1306b85be4934d23c123122e06e602a15e446&apos;, time: &apos;2013-01-22 12:58:05&apos;
System info: os.name: &apos;Windows Server 2012&apos;, os.arch: &apos;amd64&apos;, os.version: &apos;6.2&apos;, java.version: &apos;1.7.0_51&apos;
Session ID: 651ba0999f8190462b0360d2a6438fe7
Driver info: org.openqa.selenium.chrome.ChromeDriver
Capabilities [{platform=XP, acceptSslCerts=true, javascriptEnabled=true, browserName=chrome, chrome={userDataDir=C:\Users\ADMINI~1\AppData\Local\Temp\2\scoped_dir3712_15272}, rotatable=false, locationContextEnabled=true, version=43.0.2357.124, takesHeapSnapshot=true, cssSelectorsEnabled=true, databaseEnabled=false, handlesAlerts=true, browserConnectionEnabled=false, webStorageEnabled=true, nativeEvents=true, applicationCacheEnabled=false, takesScreenshot=true}]
	at sun.reflect.GeneratedConstructorAccessor53.newInstance(Unknown Source)
	at sun.reflect.DelegatingConstructorAccessorImpl.newInstance(DelegatingConstructorAccessorImpl.java:45)
	at java.lang.reflect.Constructor.newInstance(Constructor.java:526)
	at org.openqa.selenium.remote.ErrorHandler.createThrowable(ErrorHandler.java:187)
	at org.openqa.selenium.remote.ErrorHandler.throwIfResponseFailed(ErrorHandler.java:145)
	at org.openqa.selenium.remote.RemoteWebDriver.execute(RemoteWebDriver.java:554)
	at org.openqa.selenium.remote.RemoteWebDriver.findElement(RemoteWebDriver.java:307)
	at org.openqa.selenium.remote.RemoteWebDriver.findElementByCssSelector(RemoteWebDriver.java:396)
	at org.openqa.selenium.By$ByCssSelector.findElement(By.java:406)
	at org.openqa.selenium.remote.RemoteWebDriver.findElement(RemoteWebDriver.java:299)
	at sun.reflect.GeneratedMethodAccessor8.invoke(Unknown Source)
	at sun.reflect.DelegatingMethodAccessorImpl.invoke(DelegatingMethodAccessorImpl.java:43)
	at java.lang.reflect.Method.invoke(Method.java:606)
	at org.openqa.selenium.support.events.EventFiringWebDriver$2.invoke(EventFiringWebDriver.java:101)
	at com.sun.proxy.$Proxy16.findElement(Unknown Source)
	at org.openqa.selenium.support.events.EventFiringWebDriver.findElement(EventFiringWebDriver.java:180)
	at org.openqa.selenium.support.ui.ExpectedConditions.findElement(ExpectedConditions.java:523)
	at org.openqa.selenium.support.ui.ExpectedConditions.access$000(ExpectedConditions.java:39)
	at org.openqa.selenium.support.ui.ExpectedConditions$4.apply(ExpectedConditions.java:130)
	at org.openqa.selenium.support.ui.ExpectedConditions$4.apply(ExpectedConditions.java:126)
	at org.openqa.selenium.support.ui.FluentWait.until(FluentWait.java:208)
	at com.mifos.pages.MifosWebPage.waitForElementToBeVisible(MifosWebPage.java:210)
	at com.mifos.pages.MifosWebPage.getElement(MifosWebPage.java:699)
	at com.mifos.pages.MifosWebPage.getElement(MifosWebPage.java:684)
	at com.mifos.pages.MifosWebPage.getSingleText(MifosWebPage.java:941)
	at com.mifos.pages.MifosWebPage.validateSame(MifosWebPage.java:947)
	at com.mifos.pages.MifosWebPage.verifySuccessMessage(MifosWebPage.java:1815)
	at com.mifos.pages.FrontPage.verifyProductLoanExcelSheet(FrontPage.java:472)
	at com.mifos.steps.LoanProductSteps.I_should_see_product_loan_created_successfully(LoanProductSteps.java:27)
	at sun.reflect.GeneratedMethodAccessor59.invoke(Unknown Source)
	at sun.reflect.DelegatingMethodAccessorImpl.invoke(DelegatingMethodAccessorImpl.java:43)
	at java.lang.reflect.Method.invoke(Method.java:606)
	at cucumber.runtime.Utils$1.call(Utils.java:44)
	at cucumber.runtime.Timeout.timeout(Timeout.java:12)
	at cucumber.runtime.Utils.invoke(Utils.java:40)
	at cucumber.runtime.java.JavaStepDefinition.execute(JavaStepDefinition.java:35)
	at cucumber.runtime.StepDefinitionMatch.runStep(StepDefinitionMatch.java:38)
	at cucumber.runtime.Runtime.runStep(Runtime.java:268)
	at cucumber.runtime.model.StepContainer.runStep(StepContainer.java:45)
	at cucumber.runtime.model.StepContainer.runSteps(StepContainer.java:40)
	at cucumber.runtime.model.CucumberScenario.run(CucumberScenario.java:36)
	at cucumber.runtime.junit.ExecutionUnitRunner.run(ExecutionUnitRunner.java:83)
	at org.junit.runners.Suite.runChild(Suite.java:127)
	at org.junit.runners.Suite.runChild(Suite.java:26)
	at org.junit.runners.ParentRunner$3.run(ParentRunner.java:238)
	at org.junit.runners.ParentRunner$1.schedule(ParentRunner.java:63)
	at org.junit.runners.ParentRunner.runChildren(ParentRunner.java:236)
	at org.junit.runners.ParentRunner.access$000(ParentRunner.java:53)
	at org.junit.runners.ParentRunner$2.evaluate(ParentRunner.java:229)
	at org.junit.runners.ParentRunner.run(ParentRunner.java:309)
	at org.junit.runners.Suite.runChild(Suite.java:127)
	at org.junit.runners.Suite.runChild(Suite.java:26)
	at org.junit.runners.ParentRunner$3.run(ParentRunner.java:238)
	at org.junit.runners.ParentRunner$1.schedule(ParentRunner.java:63)
	at org.junit.runners.ParentRunner.runChildren(ParentRunner.java:236)
	at org.junit.runners.ParentRunner.access$000(ParentRunner.java:53)
	at org.junit.runners.ParentRunner$2.evaluate(ParentRunner.java:229)
	at org.junit.runners.ParentRunner.run(ParentRunner.java:309)
	at cucumber.runtime.junit.FeatureRunner.runChild(FeatureRunner.java:63)
	at cucumber.runtime.junit.FeatureRunner.runChild(FeatureRunner.java:18)
	at org.junit.runners.ParentRunner$3.run(ParentRunner.java:238)
	at org.junit.runners.ParentRunner$1.schedule(ParentRunner.java:63)
	at org.junit.runners.ParentRunner.runChildren(ParentRunner.java:236)
	at org.junit.runners.ParentRunner.access$000(ParentRunner.java:53)
	at org.junit.runners.ParentRunner$2.evaluate(ParentRunner.java:229)
	at org.junit.runners.ParentRunner.run(ParentRunner.java:309)
	at cucumber.runtime.junit.FeatureRunner.run(FeatureRunner.java:70)
	at cucumber.api.junit.Cucumber.runChild(Cucumber.java:77)
	at cucumber.api.junit.Cucumber.runChild(Cucumber.java:37)
	at org.junit.runners.ParentRunner$3.run(ParentRunner.java:238)
	at org.junit.runners.ParentRunner$1.schedule(ParentRunner.java:63)
	at org.junit.runners.ParentRunner.runChildren(ParentRunner.java:236)
	at org.junit.runners.ParentRunner.access$000(ParentRunner.java:53)
	at org.junit.runners.ParentRunner$2.evaluate(ParentRunner.java:229)
	at org.junit.runners.ParentRunner.run(ParentRunner.java:309)
	at cucumber.api.junit.Cucumber.run(Cucumber.java:82)
	at org.apache.maven.surefire.junit4.JUnit4Provider.execute(JUnit4Provider.java:252)
	at org.apache.maven.surefire.junit4.JUnit4Provider.executeTestSet(JUnit4Provider.java:141)
	at org.apache.maven.surefire.junit4.JUnit4Provider.invoke(JUnit4Provider.java:112)
	at sun.reflect.NativeMethodAccessorImpl.invoke0(Native Method)
	at sun.reflect.NativeMethodAccessorImpl.invoke(NativeMethodAccessorImpl.java:57)
	at sun.reflect.DelegatingMethodAccessorImpl.invoke(DelegatingMethodAccessorImpl.java:43)
	at java.lang.reflect.Method.invoke(Method.java:606)
	at org.apache.maven.surefire.util.ReflectionUtils.invokeMethodWithArray(ReflectionUtils.java:189)
	at org.apache.maven.surefire.booter.ProviderFactory$ProviderProxy.invoke(ProviderFactory.java:165)
	at org.apache.maven.surefire.booter.ProviderFactory.invokeProvider(ProviderFactory.java:85)
	at org.apache.maven.surefire.booter.ForkedBooter.runSuitesInProcess(ForkedBooter.java:113)
	at org.apache.maven.surefire.booter.ForkedBooter.main(ForkedBooter.java:75)
</error>
  </testcase>
  <testcase time="0" classname="| 533-RBI-EPP-DB-SAR-REC-NON-RNI-CTPD-SAR-MD-TR-1-EarlyRePayment-Loanproduct4.xlsx |" name="Given I navigate to mifos"/>
  <testcase time="0" classname="| 533-RBI-EPP-DB-SAR-REC-NON-RNI-CTPD-SAR-MD-TR-1-EarlyRePayment-Loanproduct4.xlsx |" name="And I use login folder"/>
  <testcase time="0" classname="| 533-RBI-EPP-DB-SAR-REC-NON-RNI-CTPD-SAR-MD-TR-1-EarlyRePayment-Loanproduct4.xlsx |" name="When I login into mifos site using excel sheet"/>
  <testcase time="0" classname="| 533-RBI-EPP-DB-SAR-REC-NON-RNI-CTPD-SAR-MD-TR-1-EarlyRePayment-Loanproduct4.xlsx |" name="Then I should see logged in successfully"/>
  <testcase time="0" classname="| 533-RBI-EPP-DB-SAR-REC-NON-RNI-CTPD-SAR-MD-TR-1-EarlyRePayment-Loanproduct4.xlsx |" name="Given I setup the product loan"/>
  <testcase time="0" classname="| 533-RBI-EPP-DB-SAR-REC-NON-RNI-CTPD-SAR-MD-TR-1-EarlyRePayment-Loanproduct4.xlsx |" name="And I entered the values into product loan using"/>
  <testcase time="0" classname="| 533-RBI-EPP-DB-SAR-REC-NON-RNI-CTPD-SAR-MD-TR-1-EarlyRePayment-Loanproduct4.xlsx |" name="Then I should see product loan created successfully">
    <error message="Timed out after 100 seconds waiting for visibility of element located by By.selector: legend.ng-binding
Build info: version: &apos;2.29.1&apos;, revision: &apos;dfb1306b85be4934d23c123122e06e602a15e446&apos;, time: &apos;2013-01-22 12:58:05&apos;
System info: os.name: &apos;Windows Server 2012&apos;, os.arch: &apos;amd64&apos;, os.version: &apos;6.2&apos;, java.version: &apos;1.7.0_51&apos;
Driver info: driver.version: unknown" type="org.openqa.selenium.TimeoutException">org.openqa.selenium.TimeoutException: Timed out after 100 seconds waiting for visibility of element located by By.selector: legend.ng-binding
Build info: version: &apos;2.29.1&apos;, revision: &apos;dfb1306b85be4934d23c123122e06e602a15e446&apos;, time: &apos;2013-01-22 12:58:05&apos;
System info: os.name: &apos;Windows Server 2012&apos;, os.arch: &apos;amd64&apos;, os.version: &apos;6.2&apos;, java.version: &apos;1.7.0_51&apos;
Driver info: driver.version: unknown
	at org.openqa.selenium.support.ui.FluentWait.timeoutException(FluentWait.java:259)
	at org.openqa.selenium.support.ui.FluentWait.until(FluentWait.java:228)
	at com.mifos.pages.MifosWebPage.waitForElementToBeVisible(MifosWebPage.java:210)
	at com.mifos.pages.MifosWebPage.getElement(MifosWebPage.java:699)
	at com.mifos.pages.MifosWebPage.getElement(MifosWebPage.java:684)
	at com.mifos.pages.MifosWebPage.getSingleText(MifosWebPage.java:941)
	at com.mifos.pages.MifosWebPage.validateSame(MifosWebPage.java:947)
	at com.mifos.pages.MifosWebPage.verifySuccessMessage(MifosWebPage.java:1815)
	at com.mifos.pages.FrontPage.verifyProductLoanExcelSheet(FrontPage.java:472)
	at com.mifos.steps.LoanProductSteps.I_should_see_product_loan_created_successfully(LoanProductSteps.java:27)
	at ✽.Then I should see product loan created successfully(LoanRBI.feature:18)
Caused by: org.openqa.selenium.NoSuchElementException: no such element
  (Session info: chrome=43.0.2357.124)
  (Driver info: chromedriver=2.8.241075,platform=Windows NT 6.3 x86_64) (WARNING: The server did not provide any stacktrace information)
Command duration or timeout: 30.00 seconds
For documentation on this error, please visit: http://seleniumhq.org/exceptions/no_such_element.html
Build info: version: &apos;2.29.1&apos;, revision: &apos;dfb1306b85be4934d23c123122e06e602a15e446&apos;, time: &apos;2013-01-22 12:58:05&apos;
System info: os.name: &apos;Windows Server 2012&apos;, os.arch: &apos;amd64&apos;, os.version: &apos;6.2&apos;, java.version: &apos;1.7.0_51&apos;
Session ID: 08a2eaab65288255f33fccbfbce38ffa
Driver info: org.openqa.selenium.chrome.ChromeDriver
Capabilities [{platform=XP, acceptSslCerts=true, javascriptEnabled=true, browserName=chrome, chrome={userDataDir=C:\Users\ADMINI~1\AppData\Local\Temp\2\scoped_dir3656_211}, rotatable=false, locationContextEnabled=true, version=43.0.2357.124, takesHeapSnapshot=true, cssSelectorsEnabled=true, databaseEnabled=false, handlesAlerts=true, browserConnectionEnabled=false, webStorageEnabled=true, nativeEvents=true, applicationCacheEnabled=false, takesScreenshot=true}]
	at sun.reflect.GeneratedConstructorAccessor53.newInstance(Unknown Source)
	at sun.reflect.DelegatingConstructorAccessorImpl.newInstance(DelegatingConstructorAccessorImpl.java:45)
	at java.lang.reflect.Constructor.newInstance(Constructor.java:526)
	at org.openqa.selenium.remote.ErrorHandler.createThrowable(ErrorHandler.java:187)
	at org.openqa.selenium.remote.ErrorHandler.throwIfResponseFailed(ErrorHandler.java:145)
	at org.openqa.selenium.remote.RemoteWebDriver.execute(RemoteWebDriver.java:554)
	at org.openqa.selenium.remote.RemoteWebDriver.findElement(RemoteWebDriver.java:307)
	at org.openqa.selenium.remote.RemoteWebDriver.findElementByCssSelector(RemoteWebDriver.java:396)
	at org.openqa.selenium.By$ByCssSelector.findElement(By.java:406)
	at org.openqa.selenium.remote.RemoteWebDriver.findElement(RemoteWebDriver.java:299)
	at sun.reflect.GeneratedMethodAccessor8.invoke(Unknown Source)
	at sun.reflect.DelegatingMethodAccessorImpl.invoke(DelegatingMethodAccessorImpl.java:43)
	at java.lang.reflect.Method.invoke(Method.java:606)
	at org.openqa.selenium.support.events.EventFiringWebDriver$2.invoke(EventFiringWebDriver.java:101)
	at com.sun.proxy.$Proxy16.findElement(Unknown Source)
	at org.openqa.selenium.support.events.EventFiringWebDriver.findElement(EventFiringWebDriver.java:180)
	at org.openqa.selenium.support.ui.ExpectedConditions.findElement(ExpectedConditions.java:523)
	at org.openqa.selenium.support.ui.ExpectedConditions.access$000(ExpectedConditions.java:39)
	at org.openqa.selenium.support.ui.ExpectedConditions$4.apply(ExpectedConditions.java:130)
	at org.openqa.selenium.support.ui.ExpectedConditions$4.apply(ExpectedConditions.java:126)
	at org.openqa.selenium.support.ui.FluentWait.until(FluentWait.java:208)
	at com.mifos.pages.MifosWebPage.waitForElementToBeVisible(MifosWebPage.java:210)
	at com.mifos.pages.MifosWebPage.getElement(MifosWebPage.java:699)
	at com.mifos.pages.MifosWebPage.getElement(MifosWebPage.java:684)
	at com.mifos.pages.MifosWebPage.getSingleText(MifosWebPage.java:941)
	at com.mifos.pages.MifosWebPage.validateSame(MifosWebPage.java:947)
	at com.mifos.pages.MifosWebPage.verifySuccessMessage(MifosWebPage.java:1815)
	at com.mifos.pages.FrontPage.verifyProductLoanExcelSheet(FrontPage.java:472)
	at com.mifos.steps.LoanProductSteps.I_should_see_product_loan_created_successfully(LoanProductSteps.java:27)
	at sun.reflect.GeneratedMethodAccessor59.invoke(Unknown Source)
	at sun.reflect.DelegatingMethodAccessorImpl.invoke(DelegatingMethodAccessorImpl.java:43)
	at java.lang.reflect.Method.invoke(Method.java:606)
	at cucumber.runtime.Utils$1.call(Utils.java:44)
	at cucumber.runtime.Timeout.timeout(Timeout.java:12)
	at cucumber.runtime.Utils.invoke(Utils.java:40)
	at cucumber.runtime.java.JavaStepDefinition.execute(JavaStepDefinition.java:35)
	at cucumber.runtime.StepDefinitionMatch.runStep(StepDefinitionMatch.java:38)
	at cucumber.runtime.Runtime.runStep(Runtime.java:268)
	at cucumber.runtime.model.StepContainer.runStep(StepContainer.java:45)
	at cucumber.runtime.model.StepContainer.runSteps(StepContainer.java:40)
	at cucumber.runtime.model.CucumberScenario.run(CucumberScenario.java:36)
	at cucumber.runtime.junit.ExecutionUnitRunner.run(ExecutionUnitRunner.java:83)
	at org.junit.runners.Suite.runChild(Suite.java:127)
	at org.junit.runners.Suite.runChild(Suite.java:26)
	at org.junit.runners.ParentRunner$3.run(ParentRunner.java:238)
	at org.junit.runners.ParentRunner$1.schedule(ParentRunner.java:63)
	at org.junit.runners.ParentRunner.runChildren(ParentRunner.java:236)
	at org.junit.runners.ParentRunner.access$000(ParentRunner.java:53)
	at org.junit.runners.ParentRunner$2.evaluate(ParentRunner.java:229)
	at org.junit.runners.ParentRunner.run(ParentRunner.java:309)
	at org.junit.runners.Suite.runChild(Suite.java:127)
	at org.junit.runners.Suite.runChild(Suite.java:26)
	at org.junit.runners.ParentRunner$3.run(ParentRunner.java:238)
	at org.junit.runners.ParentRunner$1.schedule(ParentRunner.java:63)
	at org.junit.runners.ParentRunner.runChildren(ParentRunner.java:236)
	at org.junit.runners.ParentRunner.access$000(ParentRunner.java:53)
	at org.junit.runners.ParentRunner$2.evaluate(ParentRunner.java:229)
	at org.junit.runners.ParentRunner.run(ParentRunner.java:309)
	at cucumber.runtime.junit.FeatureRunner.runChild(FeatureRunner.java:63)
	at cucumber.runtime.junit.FeatureRunner.runChild(FeatureRunner.java:18)
	at org.junit.runners.ParentRunner$3.run(ParentRunner.java:238)
	at org.junit.runners.ParentRunner$1.schedule(ParentRunner.java:63)
	at org.junit.runners.ParentRunner.runChildren(ParentRunner.java:236)
	at org.junit.runners.ParentRunner.access$000(ParentRunner.java:53)
	at org.junit.runners.ParentRunner$2.evaluate(ParentRunner.java:229)
	at org.junit.runners.ParentRunner.run(ParentRunner.java:309)
	at cucumber.runtime.junit.FeatureRunner.run(FeatureRunner.java:70)
	at cucumber.api.junit.Cucumber.runChild(Cucumber.java:77)
	at cucumber.api.junit.Cucumber.runChild(Cucumber.java:37)
	at org.junit.runners.ParentRunner$3.run(ParentRunner.java:238)
	at org.junit.runners.ParentRunner$1.schedule(ParentRunner.java:63)
	at org.junit.runners.ParentRunner.runChildren(ParentRunner.java:236)
	at org.junit.runners.ParentRunner.access$000(ParentRunner.java:53)
	at org.junit.runners.ParentRunner$2.evaluate(ParentRunner.java:229)
	at org.junit.runners.ParentRunner.run(ParentRunner.java:309)
	at cucumber.api.junit.Cucumber.run(Cucumber.java:82)
	at org.apache.maven.surefire.junit4.JUnit4Provider.execute(JUnit4Provider.java:252)
	at org.apache.maven.surefire.junit4.JUnit4Provider.executeTestSet(JUnit4Provider.java:141)
	at org.apache.maven.surefire.junit4.JUnit4Provider.invoke(JUnit4Provider.java:112)
	at sun.reflect.NativeMethodAccessorImpl.invoke0(Native Method)
	at sun.reflect.NativeMethodAccessorImpl.invoke(NativeMethodAccessorImpl.java:57)
	at sun.reflect.DelegatingMethodAccessorImpl.invoke(DelegatingMethodAccessorImpl.java:43)
	at java.lang.reflect.Method.invoke(Method.java:606)
	at org.apache.maven.surefire.util.ReflectionUtils.invokeMethodWithArray(ReflectionUtils.java:189)
	at org.apache.maven.surefire.booter.ProviderFactory$ProviderProxy.invoke(ProviderFactory.java:165)
	at org.apache.maven.surefire.booter.ProviderFactory.invokeProvider(ProviderFactory.java:85)
	at org.apache.maven.surefire.booter.ForkedBooter.runSuitesInProcess(ForkedBooter.java:113)
	at org.apache.maven.surefire.booter.ForkedBooter.main(ForkedBooter.java:75)
</error>
    <system-out>welcome to mifos through excel
Cell One ... key=productname
533-RBI-EPP-DB-SAR-REC-NON-RNI-CTPD-SAR-MD-TR-1-B-EarlyRePayment
533-RBI-EPP-DB-SAR-REC-NON-RNI-CTPD-SAR-MD-TR-1-B-EarlyRePayment
</system-out>
  </testcase>
  <testcase time="0" classname="| 533-RBI-EPP-DB-SAR-REC-NON-RNI-CTPD-SAR-MD-TR-1-EarlyRePayment-Loanproduct4.xlsx |" name="| 533-RBI-EPP-DB-SAR-REC-NON-RNI-CTPD-SAR-MD-TR-1-EarlyRePayment-Loanproduct4.xlsx |">
    <error message="Timed out after 100 seconds waiting for visibility of element located by By.selector: legend.ng-binding
Build info: version: &apos;2.29.1&apos;, revision: &apos;dfb1306b85be4934d23c123122e06e602a15e446&apos;, time: &apos;2013-01-22 12:58:05&apos;
System info: os.name: &apos;Windows Server 2012&apos;, os.arch: &apos;amd64&apos;, os.version: &apos;6.2&apos;, java.version: &apos;1.7.0_51&apos;
Driver info: driver.version: unknown" type="org.openqa.selenium.TimeoutException">org.openqa.selenium.TimeoutException: Timed out after 100 seconds waiting for visibility of element located by By.selector: legend.ng-binding
Build info: version: &apos;2.29.1&apos;, revision: &apos;dfb1306b85be4934d23c123122e06e602a15e446&apos;, time: &apos;2013-01-22 12:58:05&apos;
System info: os.name: &apos;Windows Server 2012&apos;, os.arch: &apos;amd64&apos;, os.version: &apos;6.2&apos;, java.version: &apos;1.7.0_51&apos;
Driver info: driver.version: unknown
	at org.openqa.selenium.support.ui.FluentWait.timeoutException(FluentWait.java:259)
	at org.openqa.selenium.support.ui.FluentWait.until(FluentWait.java:228)
	at com.mifos.pages.MifosWebPage.waitForElementToBeVisible(MifosWebPage.java:210)
	at com.mifos.pages.MifosWebPage.getElement(MifosWebPage.java:699)
	at com.mifos.pages.MifosWebPage.getElement(MifosWebPage.java:684)
	at com.mifos.pages.MifosWebPage.getSingleText(MifosWebPage.java:941)
	at com.mifos.pages.MifosWebPage.validateSame(MifosWebPage.java:947)
	at com.mifos.pages.MifosWebPage.verifySuccessMessage(MifosWebPage.java:1815)
	at com.mifos.pages.FrontPage.verifyProductLoanExcelSheet(FrontPage.java:472)
	at com.mifos.steps.LoanProductSteps.I_should_see_product_loan_created_successfully(LoanProductSteps.java:27)
	at ✽.Then I should see product loan created successfully(LoanRBI.feature:18)
Caused by: org.openqa.selenium.NoSuchElementException: no such element
  (Session info: chrome=43.0.2357.124)
  (Driver info: chromedriver=2.8.241075,platform=Windows NT 6.3 x86_64) (WARNING: The server did not provide any stacktrace information)
Command duration or timeout: 30.00 seconds
For documentation on this error, please visit: http://seleniumhq.org/exceptions/no_such_element.html
Build info: version: &apos;2.29.1&apos;, revision: &apos;dfb1306b85be4934d23c123122e06e602a15e446&apos;, time: &apos;2013-01-22 12:58:05&apos;
System info: os.name: &apos;Windows Server 2012&apos;, os.arch: &apos;amd64&apos;, os.version: &apos;6.2&apos;, java.version: &apos;1.7.0_51&apos;
Session ID: 08a2eaab65288255f33fccbfbce38ffa
Driver info: org.openqa.selenium.chrome.ChromeDriver
Capabilities [{platform=XP, acceptSslCerts=true, javascriptEnabled=true, browserName=chrome, chrome={userDataDir=C:\Users\ADMINI~1\AppData\Local\Temp\2\scoped_dir3656_211}, rotatable=false, locationContextEnabled=true, version=43.0.2357.124, takesHeapSnapshot=true, cssSelectorsEnabled=true, databaseEnabled=false, handlesAlerts=true, browserConnectionEnabled=false, webStorageEnabled=true, nativeEvents=true, applicationCacheEnabled=false, takesScreenshot=true}]
	at sun.reflect.GeneratedConstructorAccessor53.newInstance(Unknown Source)
	at sun.reflect.DelegatingConstructorAccessorImpl.newInstance(DelegatingConstructorAccessorImpl.java:45)
	at java.lang.reflect.Constructor.newInstance(Constructor.java:526)
	at org.openqa.selenium.remote.ErrorHandler.createThrowable(ErrorHandler.java:187)
	at org.openqa.selenium.remote.ErrorHandler.throwIfResponseFailed(ErrorHandler.java:145)
	at org.openqa.selenium.remote.RemoteWebDriver.execute(RemoteWebDriver.java:554)
	at org.openqa.selenium.remote.RemoteWebDriver.findElement(RemoteWebDriver.java:307)
	at org.openqa.selenium.remote.RemoteWebDriver.findElementByCssSelector(RemoteWebDriver.java:396)
	at org.openqa.selenium.By$ByCssSelector.findElement(By.java:406)
	at org.openqa.selenium.remote.RemoteWebDriver.findElement(RemoteWebDriver.java:299)
	at sun.reflect.GeneratedMethodAccessor8.invoke(Unknown Source)
	at sun.reflect.DelegatingMethodAccessorImpl.invoke(DelegatingMethodAccessorImpl.java:43)
	at java.lang.reflect.Method.invoke(Method.java:606)
	at org.openqa.selenium.support.events.EventFiringWebDriver$2.invoke(EventFiringWebDriver.java:101)
	at com.sun.proxy.$Proxy16.findElement(Unknown Source)
	at org.openqa.selenium.support.events.EventFiringWebDriver.findElement(EventFiringWebDriver.java:180)
	at org.openqa.selenium.support.ui.ExpectedConditions.findElement(ExpectedConditions.java:523)
	at org.openqa.selenium.support.ui.ExpectedConditions.access$000(ExpectedConditions.java:39)
	at org.openqa.selenium.support.ui.ExpectedConditions$4.apply(ExpectedConditions.java:130)
	at org.openqa.selenium.support.ui.ExpectedConditions$4.apply(ExpectedConditions.java:126)
	at org.openqa.selenium.support.ui.FluentWait.until(FluentWait.java:208)
	at com.mifos.pages.MifosWebPage.waitForElementToBeVisible(MifosWebPage.java:210)
	at com.mifos.pages.MifosWebPage.getElement(MifosWebPage.java:699)
	at com.mifos.pages.MifosWebPage.getElement(MifosWebPage.java:684)
	at com.mifos.pages.MifosWebPage.getSingleText(MifosWebPage.java:941)
	at com.mifos.pages.MifosWebPage.validateSame(MifosWebPage.java:947)
	at com.mifos.pages.MifosWebPage.verifySuccessMessage(MifosWebPage.java:1815)
	at com.mifos.pages.FrontPage.verifyProductLoanExcelSheet(FrontPage.java:472)
	at com.mifos.steps.LoanProductSteps.I_should_see_product_loan_created_successfully(LoanProductSteps.java:27)
	at sun.reflect.GeneratedMethodAccessor59.invoke(Unknown Source)
	at sun.reflect.DelegatingMethodAccessorImpl.invoke(DelegatingMethodAccessorImpl.java:43)
	at java.lang.reflect.Method.invoke(Method.java:606)
	at cucumber.runtime.Utils$1.call(Utils.java:44)
	at cucumber.runtime.Timeout.timeout(Timeout.java:12)
	at cucumber.runtime.Utils.invoke(Utils.java:40)
	at cucumber.runtime.java.JavaStepDefinition.execute(JavaStepDefinition.java:35)
	at cucumber.runtime.StepDefinitionMatch.runStep(StepDefinitionMatch.java:38)
	at cucumber.runtime.Runtime.runStep(Runtime.java:268)
	at cucumber.runtime.model.StepContainer.runStep(StepContainer.java:45)
	at cucumber.runtime.model.StepContainer.runSteps(StepContainer.java:40)
	at cucumber.runtime.model.CucumberScenario.run(CucumberScenario.java:36)
	at cucumber.runtime.junit.ExecutionUnitRunner.run(ExecutionUnitRunner.java:83)
	at org.junit.runners.Suite.runChild(Suite.java:127)
	at org.junit.runners.Suite.runChild(Suite.java:26)
	at org.junit.runners.ParentRunner$3.run(ParentRunner.java:238)
	at org.junit.runners.ParentRunner$1.schedule(ParentRunner.java:63)
	at org.junit.runners.ParentRunner.runChildren(ParentRunner.java:236)
	at org.junit.runners.ParentRunner.access$000(ParentRunner.java:53)
	at org.junit.runners.ParentRunner$2.evaluate(ParentRunner.java:229)
	at org.junit.runners.ParentRunner.run(ParentRunner.java:309)
	at org.junit.runners.Suite.runChild(Suite.java:127)
	at org.junit.runners.Suite.runChild(Suite.java:26)
	at org.junit.runners.ParentRunner$3.run(ParentRunner.java:238)
	at org.junit.runners.ParentRunner$1.schedule(ParentRunner.java:63)
	at org.junit.runners.ParentRunner.runChildren(ParentRunner.java:236)
	at org.junit.runners.ParentRunner.access$000(ParentRunner.java:53)
	at org.junit.runners.ParentRunner$2.evaluate(ParentRunner.java:229)
	at org.junit.runners.ParentRunner.run(ParentRunner.java:309)
	at cucumber.runtime.junit.FeatureRunner.runChild(FeatureRunner.java:63)
	at cucumber.runtime.junit.FeatureRunner.runChild(FeatureRunner.java:18)
	at org.junit.runners.ParentRunner$3.run(ParentRunner.java:238)
	at org.junit.runners.ParentRunner$1.schedule(ParentRunner.java:63)
	at org.junit.runners.ParentRunner.runChildren(ParentRunner.java:236)
	at org.junit.runners.ParentRunner.access$000(ParentRunner.java:53)
	at org.junit.runners.ParentRunner$2.evaluate(ParentRunner.java:229)
	at org.junit.runners.ParentRunner.run(ParentRunner.java:309)
	at cucumber.runtime.junit.FeatureRunner.run(FeatureRunner.java:70)
	at cucumber.api.junit.Cucumber.runChild(Cucumber.java:77)
	at cucumber.api.junit.Cucumber.runChild(Cucumber.java:37)
	at org.junit.runners.ParentRunner$3.run(ParentRunner.java:238)
	at org.junit.runners.ParentRunner$1.schedule(ParentRunner.java:63)
	at org.junit.runners.ParentRunner.runChildren(ParentRunner.java:236)
	at org.junit.runners.ParentRunner.access$000(ParentRunner.java:53)
	at org.junit.runners.ParentRunner$2.evaluate(ParentRunner.java:229)
	at org.junit.runners.ParentRunner.run(ParentRunner.java:309)
	at cucumber.api.junit.Cucumber.run(Cucumber.java:82)
	at org.apache.maven.surefire.junit4.JUnit4Provider.execute(JUnit4Provider.java:252)
	at org.apache.maven.surefire.junit4.JUnit4Provider.executeTestSet(JUnit4Provider.java:141)
	at org.apache.maven.surefire.junit4.JUnit4Provider.invoke(JUnit4Provider.java:112)
	at sun.reflect.NativeMethodAccessorImpl.invoke0(Native Method)
	at sun.reflect.NativeMethodAccessorImpl.invoke(NativeMethodAccessorImpl.java:57)
	at sun.reflect.DelegatingMethodAccessorImpl.invoke(DelegatingMethodAccessorImpl.java:43)
	at java.lang.reflect.Method.invoke(Method.java:606)
	at org.apache.maven.surefire.util.ReflectionUtils.invokeMethodWithArray(ReflectionUtils.java:189)
	at org.apache.maven.surefire.booter.ProviderFactory$ProviderProxy.invoke(ProviderFactory.java:165)
	at org.apache.maven.surefire.booter.ProviderFactory.invokeProvider(ProviderFactory.java:85)
	at org.apache.maven.surefire.booter.ForkedBooter.runSuitesInProcess(ForkedBooter.java:113)
	at org.apache.maven.surefire.booter.ForkedBooter.main(ForkedBooter.java:75)
</error>
  </testcase>
  <testcase time="0" classname="| 534-RBI-EPP-DB-SAR-REC-NON-RNI-CTPD-DL-MD-TR-1-EarlyRePayment-Loanproduct4.xlsx |" name="Given I navigate to mifos"/>
  <testcase time="0" classname="| 534-RBI-EPP-DB-SAR-REC-NON-RNI-CTPD-DL-MD-TR-1-EarlyRePayment-Loanproduct4.xlsx |" name="And I use login folder"/>
  <testcase time="0" classname="| 534-RBI-EPP-DB-SAR-REC-NON-RNI-CTPD-DL-MD-TR-1-EarlyRePayment-Loanproduct4.xlsx |" name="When I login into mifos site using excel sheet"/>
  <testcase time="0" classname="| 534-RBI-EPP-DB-SAR-REC-NON-RNI-CTPD-DL-MD-TR-1-EarlyRePayment-Loanproduct4.xlsx |" name="Then I should see logged in successfully"/>
  <testcase time="0" classname="| 534-RBI-EPP-DB-SAR-REC-NON-RNI-CTPD-DL-MD-TR-1-EarlyRePayment-Loanproduct4.xlsx |" name="Given I setup the product loan"/>
  <testcase time="0" classname="| 534-RBI-EPP-DB-SAR-REC-NON-RNI-CTPD-DL-MD-TR-1-EarlyRePayment-Loanproduct4.xlsx |" name="And I entered the values into product loan using"/>
  <testcase time="0" classname="| 534-RBI-EPP-DB-SAR-REC-NON-RNI-CTPD-DL-MD-TR-1-EarlyRePayment-Loanproduct4.xlsx |" name="Then I should see product loan created successfully">
    <error message="Timed out after 100 seconds waiting for visibility of element located by By.selector: legend.ng-binding
Build info: version: &apos;2.29.1&apos;, revision: &apos;dfb1306b85be4934d23c123122e06e602a15e446&apos;, time: &apos;2013-01-22 12:58:05&apos;
System info: os.name: &apos;Windows Server 2012&apos;, os.arch: &apos;amd64&apos;, os.version: &apos;6.2&apos;, java.version: &apos;1.7.0_51&apos;
Driver info: driver.version: unknown" type="org.openqa.selenium.TimeoutException">org.openqa.selenium.TimeoutException: Timed out after 100 seconds waiting for visibility of element located by By.selector: legend.ng-binding
Build info: version: &apos;2.29.1&apos;, revision: &apos;dfb1306b85be4934d23c123122e06e602a15e446&apos;, time: &apos;2013-01-22 12:58:05&apos;
System info: os.name: &apos;Windows Server 2012&apos;, os.arch: &apos;amd64&apos;, os.version: &apos;6.2&apos;, java.version: &apos;1.7.0_51&apos;
Driver info: driver.version: unknown
	at org.openqa.selenium.support.ui.FluentWait.timeoutException(FluentWait.java:259)
	at org.openqa.selenium.support.ui.FluentWait.until(FluentWait.java:228)
	at com.mifos.pages.MifosWebPage.waitForElementToBeVisible(MifosWebPage.java:210)
	at com.mifos.pages.MifosWebPage.getElement(MifosWebPage.java:699)
	at com.mifos.pages.MifosWebPage.getElement(MifosWebPage.java:684)
	at com.mifos.pages.MifosWebPage.getSingleText(MifosWebPage.java:941)
	at com.mifos.pages.MifosWebPage.validateSame(MifosWebPage.java:947)
	at com.mifos.pages.MifosWebPage.verifySuccessMessage(MifosWebPage.java:1815)
	at com.mifos.pages.FrontPage.verifyProductLoanExcelSheet(FrontPage.java:472)
	at com.mifos.steps.LoanProductSteps.I_should_see_product_loan_created_successfully(LoanProductSteps.java:27)
	at ✽.Then I should see product loan created successfully(LoanRBI.feature:18)
Caused by: org.openqa.selenium.NoSuchElementException: no such element
  (Session info: chrome=43.0.2357.124)
  (Driver info: chromedriver=2.8.241075,platform=Windows NT 6.3 x86_64) (WARNING: The server did not provide any stacktrace information)
Command duration or timeout: 30.05 seconds
For documentation on this error, please visit: http://seleniumhq.org/exceptions/no_such_element.html
Build info: version: &apos;2.29.1&apos;, revision: &apos;dfb1306b85be4934d23c123122e06e602a15e446&apos;, time: &apos;2013-01-22 12:58:05&apos;
System info: os.name: &apos;Windows Server 2012&apos;, os.arch: &apos;amd64&apos;, os.version: &apos;6.2&apos;, java.version: &apos;1.7.0_51&apos;
Session ID: 34670fd01a81bbe8ba31d2096c1c3fd3
Driver info: org.openqa.selenium.chrome.ChromeDriver
Capabilities [{platform=XP, acceptSslCerts=true, javascriptEnabled=true, browserName=chrome, chrome={userDataDir=C:\Users\ADMINI~1\AppData\Local\Temp\2\scoped_dir5008_18355}, rotatable=false, locationContextEnabled=true, version=43.0.2357.124, takesHeapSnapshot=true, cssSelectorsEnabled=true, databaseEnabled=false, handlesAlerts=true, browserConnectionEnabled=false, webStorageEnabled=true, nativeEvents=true, applicationCacheEnabled=false, takesScreenshot=true}]
	at sun.reflect.GeneratedConstructorAccessor53.newInstance(Unknown Source)
	at sun.reflect.DelegatingConstructorAccessorImpl.newInstance(DelegatingConstructorAccessorImpl.java:45)
	at java.lang.reflect.Constructor.newInstance(Constructor.java:526)
	at org.openqa.selenium.remote.ErrorHandler.createThrowable(ErrorHandler.java:187)
	at org.openqa.selenium.remote.ErrorHandler.throwIfResponseFailed(ErrorHandler.java:145)
	at org.openqa.selenium.remote.RemoteWebDriver.execute(RemoteWebDriver.java:554)
	at org.openqa.selenium.remote.RemoteWebDriver.findElement(RemoteWebDriver.java:307)
	at org.openqa.selenium.remote.RemoteWebDriver.findElementByCssSelector(RemoteWebDriver.java:396)
	at org.openqa.selenium.By$ByCssSelector.findElement(By.java:406)
	at org.openqa.selenium.remote.RemoteWebDriver.findElement(RemoteWebDriver.java:299)
	at sun.reflect.GeneratedMethodAccessor8.invoke(Unknown Source)
	at sun.reflect.DelegatingMethodAccessorImpl.invoke(DelegatingMethodAccessorImpl.java:43)
	at java.lang.reflect.Method.invoke(Method.java:606)
	at org.openqa.selenium.support.events.EventFiringWebDriver$2.invoke(EventFiringWebDriver.java:101)
	at com.sun.proxy.$Proxy16.findElement(Unknown Source)
	at org.openqa.selenium.support.events.EventFiringWebDriver.findElement(EventFiringWebDriver.java:180)
	at org.openqa.selenium.support.ui.ExpectedConditions.findElement(ExpectedConditions.java:523)
	at org.openqa.selenium.support.ui.ExpectedConditions.access$000(ExpectedConditions.java:39)
	at org.openqa.selenium.support.ui.ExpectedConditions$4.apply(ExpectedConditions.java:130)
	at org.openqa.selenium.support.ui.ExpectedConditions$4.apply(ExpectedConditions.java:126)
	at org.openqa.selenium.support.ui.FluentWait.until(FluentWait.java:208)
	at com.mifos.pages.MifosWebPage.waitForElementToBeVisible(MifosWebPage.java:210)
	at com.mifos.pages.MifosWebPage.getElement(MifosWebPage.java:699)
	at com.mifos.pages.MifosWebPage.getElement(MifosWebPage.java:684)
	at com.mifos.pages.MifosWebPage.getSingleText(MifosWebPage.java:941)
	at com.mifos.pages.MifosWebPage.validateSame(MifosWebPage.java:947)
	at com.mifos.pages.MifosWebPage.verifySuccessMessage(MifosWebPage.java:1815)
	at com.mifos.pages.FrontPage.verifyProductLoanExcelSheet(FrontPage.java:472)
	at com.mifos.steps.LoanProductSteps.I_should_see_product_loan_created_successfully(LoanProductSteps.java:27)
	at sun.reflect.GeneratedMethodAccessor59.invoke(Unknown Source)
	at sun.reflect.DelegatingMethodAccessorImpl.invoke(DelegatingMethodAccessorImpl.java:43)
	at java.lang.reflect.Method.invoke(Method.java:606)
	at cucumber.runtime.Utils$1.call(Utils.java:44)
	at cucumber.runtime.Timeout.timeout(Timeout.java:12)
	at cucumber.runtime.Utils.invoke(Utils.java:40)
	at cucumber.runtime.java.JavaStepDefinition.execute(JavaStepDefinition.java:35)
	at cucumber.runtime.StepDefinitionMatch.runStep(StepDefinitionMatch.java:38)
	at cucumber.runtime.Runtime.runStep(Runtime.java:268)
	at cucumber.runtime.model.StepContainer.runStep(StepContainer.java:45)
	at cucumber.runtime.model.StepContainer.runSteps(StepContainer.java:40)
	at cucumber.runtime.model.CucumberScenario.run(CucumberScenario.java:36)
	at cucumber.runtime.junit.ExecutionUnitRunner.run(ExecutionUnitRunner.java:83)
	at org.junit.runners.Suite.runChild(Suite.java:127)
	at org.junit.runners.Suite.runChild(Suite.java:26)
	at org.junit.runners.ParentRunner$3.run(ParentRunner.java:238)
	at org.junit.runners.ParentRunner$1.schedule(ParentRunner.java:63)
	at org.junit.runners.ParentRunner.runChildren(ParentRunner.java:236)
	at org.junit.runners.ParentRunner.access$000(ParentRunner.java:53)
	at org.junit.runners.ParentRunner$2.evaluate(ParentRunner.java:229)
	at org.junit.runners.ParentRunner.run(ParentRunner.java:309)
	at org.junit.runners.Suite.runChild(Suite.java:127)
	at org.junit.runners.Suite.runChild(Suite.java:26)
	at org.junit.runners.ParentRunner$3.run(ParentRunner.java:238)
	at org.junit.runners.ParentRunner$1.schedule(ParentRunner.java:63)
	at org.junit.runners.ParentRunner.runChildren(ParentRunner.java:236)
	at org.junit.runners.ParentRunner.access$000(ParentRunner.java:53)
	at org.junit.runners.ParentRunner$2.evaluate(ParentRunner.java:229)
	at org.junit.runners.ParentRunner.run(ParentRunner.java:309)
	at cucumber.runtime.junit.FeatureRunner.runChild(FeatureRunner.java:63)
	at cucumber.runtime.junit.FeatureRunner.runChild(FeatureRunner.java:18)
	at org.junit.runners.ParentRunner$3.run(ParentRunner.java:238)
	at org.junit.runners.ParentRunner$1.schedule(ParentRunner.java:63)
	at org.junit.runners.ParentRunner.runChildren(ParentRunner.java:236)
	at org.junit.runners.ParentRunner.access$000(ParentRunner.java:53)
	at org.junit.runners.ParentRunner$2.evaluate(ParentRunner.java:229)
	at org.junit.runners.ParentRunner.run(ParentRunner.java:309)
	at cucumber.runtime.junit.FeatureRunner.run(FeatureRunner.java:70)
	at cucumber.api.junit.Cucumber.runChild(Cucumber.java:77)
	at cucumber.api.junit.Cucumber.runChild(Cucumber.java:37)
	at org.junit.runners.ParentRunner$3.run(ParentRunner.java:238)
	at org.junit.runners.ParentRunner$1.schedule(ParentRunner.java:63)
	at org.junit.runners.ParentRunner.runChildren(ParentRunner.java:236)
	at org.junit.runners.ParentRunner.access$000(ParentRunner.java:53)
	at org.junit.runners.ParentRunner$2.evaluate(ParentRunner.java:229)
	at org.junit.runners.ParentRunner.run(ParentRunner.java:309)
	at cucumber.api.junit.Cucumber.run(Cucumber.java:82)
	at org.apache.maven.surefire.junit4.JUnit4Provider.execute(JUnit4Provider.java:252)
	at org.apache.maven.surefire.junit4.JUnit4Provider.executeTestSet(JUnit4Provider.java:141)
	at org.apache.maven.surefire.junit4.JUnit4Provider.invoke(JUnit4Provider.java:112)
	at sun.reflect.NativeMethodAccessorImpl.invoke0(Native Method)
	at sun.reflect.NativeMethodAccessorImpl.invoke(NativeMethodAccessorImpl.java:57)
	at sun.reflect.DelegatingMethodAccessorImpl.invoke(DelegatingMethodAccessorImpl.java:43)
	at java.lang.reflect.Method.invoke(Method.java:606)
	at org.apache.maven.surefire.util.ReflectionUtils.invokeMethodWithArray(ReflectionUtils.java:189)
	at org.apache.maven.surefire.booter.ProviderFactory$ProviderProxy.invoke(ProviderFactory.java:165)
	at org.apache.maven.surefire.booter.ProviderFactory.invokeProvider(ProviderFactory.java:85)
	at org.apache.maven.surefire.booter.ForkedBooter.runSuitesInProcess(ForkedBooter.java:113)
	at org.apache.maven.surefire.booter.ForkedBooter.main(ForkedBooter.java:75)
</error>
    <system-out>welcome to mifos through excel
Cell One ... key=productname
534-RBI-EPP-DB-SAR-REC-NON-RNI-CTPD-DL-MD-TR-1-B-EarlyRePayment
534-RBI-EPP-DB-SAR-REC-NON-RNI-CTPD-DL-MD-TR-1-B-EarlyRePayment
</system-out>
  </testcase>
  <testcase time="0" classname="| 534-RBI-EPP-DB-SAR-REC-NON-RNI-CTPD-DL-MD-TR-1-EarlyRePayment-Loanproduct4.xlsx |" name="| 534-RBI-EPP-DB-SAR-REC-NON-RNI-CTPD-DL-MD-TR-1-EarlyRePayment-Loanproduct4.xlsx |">
    <error message="Timed out after 100 seconds waiting for visibility of element located by By.selector: legend.ng-binding
Build info: version: &apos;2.29.1&apos;, revision: &apos;dfb1306b85be4934d23c123122e06e602a15e446&apos;, time: &apos;2013-01-22 12:58:05&apos;
System info: os.name: &apos;Windows Server 2012&apos;, os.arch: &apos;amd64&apos;, os.version: &apos;6.2&apos;, java.version: &apos;1.7.0_51&apos;
Driver info: driver.version: unknown" type="org.openqa.selenium.TimeoutException">org.openqa.selenium.TimeoutException: Timed out after 100 seconds waiting for visibility of element located by By.selector: legend.ng-binding
Build info: version: &apos;2.29.1&apos;, revision: &apos;dfb1306b85be4934d23c123122e06e602a15e446&apos;, time: &apos;2013-01-22 12:58:05&apos;
System info: os.name: &apos;Windows Server 2012&apos;, os.arch: &apos;amd64&apos;, os.version: &apos;6.2&apos;, java.version: &apos;1.7.0_51&apos;
Driver info: driver.version: unknown
	at org.openqa.selenium.support.ui.FluentWait.timeoutException(FluentWait.java:259)
	at org.openqa.selenium.support.ui.FluentWait.until(FluentWait.java:228)
	at com.mifos.pages.MifosWebPage.waitForElementToBeVisible(MifosWebPage.java:210)
	at com.mifos.pages.MifosWebPage.getElement(MifosWebPage.java:699)
	at com.mifos.pages.MifosWebPage.getElement(MifosWebPage.java:684)
	at com.mifos.pages.MifosWebPage.getSingleText(MifosWebPage.java:941)
	at com.mifos.pages.MifosWebPage.validateSame(MifosWebPage.java:947)
	at com.mifos.pages.MifosWebPage.verifySuccessMessage(MifosWebPage.java:1815)
	at com.mifos.pages.FrontPage.verifyProductLoanExcelSheet(FrontPage.java:472)
	at com.mifos.steps.LoanProductSteps.I_should_see_product_loan_created_successfully(LoanProductSteps.java:27)
	at ✽.Then I should see product loan created successfully(LoanRBI.feature:18)
Caused by: org.openqa.selenium.NoSuchElementException: no such element
  (Session info: chrome=43.0.2357.124)
  (Driver info: chromedriver=2.8.241075,platform=Windows NT 6.3 x86_64) (WARNING: The server did not provide any stacktrace information)
Command duration or timeout: 30.05 seconds
For documentation on this error, please visit: http://seleniumhq.org/exceptions/no_such_element.html
Build info: version: &apos;2.29.1&apos;, revision: &apos;dfb1306b85be4934d23c123122e06e602a15e446&apos;, time: &apos;2013-01-22 12:58:05&apos;
System info: os.name: &apos;Windows Server 2012&apos;, os.arch: &apos;amd64&apos;, os.version: &apos;6.2&apos;, java.version: &apos;1.7.0_51&apos;
Session ID: 34670fd01a81bbe8ba31d2096c1c3fd3
Driver info: org.openqa.selenium.chrome.ChromeDriver
Capabilities [{platform=XP, acceptSslCerts=true, javascriptEnabled=true, browserName=chrome, chrome={userDataDir=C:\Users\ADMINI~1\AppData\Local\Temp\2\scoped_dir5008_18355}, rotatable=false, locationContextEnabled=true, version=43.0.2357.124, takesHeapSnapshot=true, cssSelectorsEnabled=true, databaseEnabled=false, handlesAlerts=true, browserConnectionEnabled=false, webStorageEnabled=true, nativeEvents=true, applicationCacheEnabled=false, takesScreenshot=true}]
	at sun.reflect.GeneratedConstructorAccessor53.newInstance(Unknown Source)
	at sun.reflect.DelegatingConstructorAccessorImpl.newInstance(DelegatingConstructorAccessorImpl.java:45)
	at java.lang.reflect.Constructor.newInstance(Constructor.java:526)
	at org.openqa.selenium.remote.ErrorHandler.createThrowable(ErrorHandler.java:187)
	at org.openqa.selenium.remote.ErrorHandler.throwIfResponseFailed(ErrorHandler.java:145)
	at org.openqa.selenium.remote.RemoteWebDriver.execute(RemoteWebDriver.java:554)
	at org.openqa.selenium.remote.RemoteWebDriver.findElement(RemoteWebDriver.java:307)
	at org.openqa.selenium.remote.RemoteWebDriver.findElementByCssSelector(RemoteWebDriver.java:396)
	at org.openqa.selenium.By$ByCssSelector.findElement(By.java:406)
	at org.openqa.selenium.remote.RemoteWebDriver.findElement(RemoteWebDriver.java:299)
	at sun.reflect.GeneratedMethodAccessor8.invoke(Unknown Source)
	at sun.reflect.DelegatingMethodAccessorImpl.invoke(DelegatingMethodAccessorImpl.java:43)
	at java.lang.reflect.Method.invoke(Method.java:606)
	at org.openqa.selenium.support.events.EventFiringWebDriver$2.invoke(EventFiringWebDriver.java:101)
	at com.sun.proxy.$Proxy16.findElement(Unknown Source)
	at org.openqa.selenium.support.events.EventFiringWebDriver.findElement(EventFiringWebDriver.java:180)
	at org.openqa.selenium.support.ui.ExpectedConditions.findElement(ExpectedConditions.java:523)
	at org.openqa.selenium.support.ui.ExpectedConditions.access$000(ExpectedConditions.java:39)
	at org.openqa.selenium.support.ui.ExpectedConditions$4.apply(ExpectedConditions.java:130)
	at org.openqa.selenium.support.ui.ExpectedConditions$4.apply(ExpectedConditions.java:126)
	at org.openqa.selenium.support.ui.FluentWait.until(FluentWait.java:208)
	at com.mifos.pages.MifosWebPage.waitForElementToBeVisible(MifosWebPage.java:210)
	at com.mifos.pages.MifosWebPage.getElement(MifosWebPage.java:699)
	at com.mifos.pages.MifosWebPage.getElement(MifosWebPage.java:684)
	at com.mifos.pages.MifosWebPage.getSingleText(MifosWebPage.java:941)
	at com.mifos.pages.MifosWebPage.validateSame(MifosWebPage.java:947)
	at com.mifos.pages.MifosWebPage.verifySuccessMessage(MifosWebPage.java:1815)
	at com.mifos.pages.FrontPage.verifyProductLoanExcelSheet(FrontPage.java:472)
	at com.mifos.steps.LoanProductSteps.I_should_see_product_loan_created_successfully(LoanProductSteps.java:27)
	at sun.reflect.GeneratedMethodAccessor59.invoke(Unknown Source)
	at sun.reflect.DelegatingMethodAccessorImpl.invoke(DelegatingMethodAccessorImpl.java:43)
	at java.lang.reflect.Method.invoke(Method.java:606)
	at cucumber.runtime.Utils$1.call(Utils.java:44)
	at cucumber.runtime.Timeout.timeout(Timeout.java:12)
	at cucumber.runtime.Utils.invoke(Utils.java:40)
	at cucumber.runtime.java.JavaStepDefinition.execute(JavaStepDefinition.java:35)
	at cucumber.runtime.StepDefinitionMatch.runStep(StepDefinitionMatch.java:38)
	at cucumber.runtime.Runtime.runStep(Runtime.java:268)
	at cucumber.runtime.model.StepContainer.runStep(StepContainer.java:45)
	at cucumber.runtime.model.StepContainer.runSteps(StepContainer.java:40)
	at cucumber.runtime.model.CucumberScenario.run(CucumberScenario.java:36)
	at cucumber.runtime.junit.ExecutionUnitRunner.run(ExecutionUnitRunner.java:83)
	at org.junit.runners.Suite.runChild(Suite.java:127)
	at org.junit.runners.Suite.runChild(Suite.java:26)
	at org.junit.runners.ParentRunner$3.run(ParentRunner.java:238)
	at org.junit.runners.ParentRunner$1.schedule(ParentRunner.java:63)
	at org.junit.runners.ParentRunner.runChildren(ParentRunner.java:236)
	at org.junit.runners.ParentRunner.access$000(ParentRunner.java:53)
	at org.junit.runners.ParentRunner$2.evaluate(ParentRunner.java:229)
	at org.junit.runners.ParentRunner.run(ParentRunner.java:309)
	at org.junit.runners.Suite.runChild(Suite.java:127)
	at org.junit.runners.Suite.runChild(Suite.java:26)
	at org.junit.runners.ParentRunner$3.run(ParentRunner.java:238)
	at org.junit.runners.ParentRunner$1.schedule(ParentRunner.java:63)
	at org.junit.runners.ParentRunner.runChildren(ParentRunner.java:236)
	at org.junit.runners.ParentRunner.access$000(ParentRunner.java:53)
	at org.junit.runners.ParentRunner$2.evaluate(ParentRunner.java:229)
	at org.junit.runners.ParentRunner.run(ParentRunner.java:309)
	at cucumber.runtime.junit.FeatureRunner.runChild(FeatureRunner.java:63)
	at cucumber.runtime.junit.FeatureRunner.runChild(FeatureRunner.java:18)
	at org.junit.runners.ParentRunner$3.run(ParentRunner.java:238)
	at org.junit.runners.ParentRunner$1.schedule(ParentRunner.java:63)
	at org.junit.runners.ParentRunner.runChildren(ParentRunner.java:236)
	at org.junit.runners.ParentRunner.access$000(ParentRunner.java:53)
	at org.junit.runners.ParentRunner$2.evaluate(ParentRunner.java:229)
	at org.junit.runners.ParentRunner.run(ParentRunner.java:309)
	at cucumber.runtime.junit.FeatureRunner.run(FeatureRunner.java:70)
	at cucumber.api.junit.Cucumber.runChild(Cucumber.java:77)
	at cucumber.api.junit.Cucumber.runChild(Cucumber.java:37)
	at org.junit.runners.ParentRunner$3.run(ParentRunner.java:238)
	at org.junit.runners.ParentRunner$1.schedule(ParentRunner.java:63)
	at org.junit.runners.ParentRunner.runChildren(ParentRunner.java:236)
	at org.junit.runners.ParentRunner.access$000(ParentRunner.java:53)
	at org.junit.runners.ParentRunner$2.evaluate(ParentRunner.java:229)
	at org.junit.runners.ParentRunner.run(ParentRunner.java:309)
	at cucumber.api.junit.Cucumber.run(Cucumber.java:82)
	at org.apache.maven.surefire.junit4.JUnit4Provider.execute(JUnit4Provider.java:252)
	at org.apache.maven.surefire.junit4.JUnit4Provider.executeTestSet(JUnit4Provider.java:141)
	at org.apache.maven.surefire.junit4.JUnit4Provider.invoke(JUnit4Provider.java:112)
	at sun.reflect.NativeMethodAccessorImpl.invoke0(Native Method)
	at sun.reflect.NativeMethodAccessorImpl.invoke(NativeMethodAccessorImpl.java:57)
	at sun.reflect.DelegatingMethodAccessorImpl.invoke(DelegatingMethodAccessorImpl.java:43)
	at java.lang.reflect.Method.invoke(Method.java:606)
	at org.apache.maven.surefire.util.ReflectionUtils.invokeMethodWithArray(ReflectionUtils.java:189)
	at org.apache.maven.surefire.booter.ProviderFactory$ProviderProxy.invoke(ProviderFactory.java:165)
	at org.apache.maven.surefire.booter.ProviderFactory.invokeProvider(ProviderFactory.java:85)
	at org.apache.maven.surefire.booter.ForkedBooter.runSuitesInProcess(ForkedBooter.java:113)
	at org.apache.maven.surefire.booter.ForkedBooter.main(ForkedBooter.java:75)
</error>
  </testcase>
  <testcase time="0" classname="| 535-RBI-EPP-DB-SAR-REC-NON-RNI-CTRFD-SAR-MD-TR-1-EarlyRePayment-Loanproduct4.xlsx |" name="Given I navigate to mifos"/>
  <testcase time="0" classname="| 535-RBI-EPP-DB-SAR-REC-NON-RNI-CTRFD-SAR-MD-TR-1-EarlyRePayment-Loanproduct4.xlsx |" name="And I use login folder"/>
  <testcase time="0" classname="| 535-RBI-EPP-DB-SAR-REC-NON-RNI-CTRFD-SAR-MD-TR-1-EarlyRePayment-Loanproduct4.xlsx |" name="When I login into mifos site using excel sheet"/>
  <testcase time="0" classname="| 535-RBI-EPP-DB-SAR-REC-NON-RNI-CTRFD-SAR-MD-TR-1-EarlyRePayment-Loanproduct4.xlsx |" name="Then I should see logged in successfully"/>
  <testcase time="0" classname="| 535-RBI-EPP-DB-SAR-REC-NON-RNI-CTRFD-SAR-MD-TR-1-EarlyRePayment-Loanproduct4.xlsx |" name="Given I setup the product loan"/>
  <testcase time="0" classname="| 535-RBI-EPP-DB-SAR-REC-NON-RNI-CTRFD-SAR-MD-TR-1-EarlyRePayment-Loanproduct4.xlsx |" name="And I entered the values into product loan using"/>
  <testcase time="0" classname="| 535-RBI-EPP-DB-SAR-REC-NON-RNI-CTRFD-SAR-MD-TR-1-EarlyRePayment-Loanproduct4.xlsx |" name="Then I should see product loan created successfully">
    <error message="Timed out after 100 seconds waiting for visibility of element located by By.selector: legend.ng-binding
Build info: version: &apos;2.29.1&apos;, revision: &apos;dfb1306b85be4934d23c123122e06e602a15e446&apos;, time: &apos;2013-01-22 12:58:05&apos;
System info: os.name: &apos;Windows Server 2012&apos;, os.arch: &apos;amd64&apos;, os.version: &apos;6.2&apos;, java.version: &apos;1.7.0_51&apos;
Driver info: driver.version: unknown" type="org.openqa.selenium.TimeoutException">org.openqa.selenium.TimeoutException: Timed out after 100 seconds waiting for visibility of element located by By.selector: legend.ng-binding
Build info: version: &apos;2.29.1&apos;, revision: &apos;dfb1306b85be4934d23c123122e06e602a15e446&apos;, time: &apos;2013-01-22 12:58:05&apos;
System info: os.name: &apos;Windows Server 2012&apos;, os.arch: &apos;amd64&apos;, os.version: &apos;6.2&apos;, java.version: &apos;1.7.0_51&apos;
Driver info: driver.version: unknown
	at org.openqa.selenium.support.ui.FluentWait.timeoutException(FluentWait.java:259)
	at org.openqa.selenium.support.ui.FluentWait.until(FluentWait.java:228)
	at com.mifos.pages.MifosWebPage.waitForElementToBeVisible(MifosWebPage.java:210)
	at com.mifos.pages.MifosWebPage.getElement(MifosWebPage.java:699)
	at com.mifos.pages.MifosWebPage.getElement(MifosWebPage.java:684)
	at com.mifos.pages.MifosWebPage.getSingleText(MifosWebPage.java:941)
	at com.mifos.pages.MifosWebPage.validateSame(MifosWebPage.java:947)
	at com.mifos.pages.MifosWebPage.verifySuccessMessage(MifosWebPage.java:1815)
	at com.mifos.pages.FrontPage.verifyProductLoanExcelSheet(FrontPage.java:472)
	at com.mifos.steps.LoanProductSteps.I_should_see_product_loan_created_successfully(LoanProductSteps.java:27)
	at ✽.Then I should see product loan created successfully(LoanRBI.feature:18)
Caused by: org.openqa.selenium.NoSuchElementException: no such element
  (Session info: chrome=43.0.2357.124)
  (Driver info: chromedriver=2.8.241075,platform=Windows NT 6.3 x86_64) (WARNING: The server did not provide any stacktrace information)
Command duration or timeout: 30.00 seconds
For documentation on this error, please visit: http://seleniumhq.org/exceptions/no_such_element.html
Build info: version: &apos;2.29.1&apos;, revision: &apos;dfb1306b85be4934d23c123122e06e602a15e446&apos;, time: &apos;2013-01-22 12:58:05&apos;
System info: os.name: &apos;Windows Server 2012&apos;, os.arch: &apos;amd64&apos;, os.version: &apos;6.2&apos;, java.version: &apos;1.7.0_51&apos;
Session ID: 7c8f0dadb8b8a3172e8362d468fec956
Driver info: org.openqa.selenium.chrome.ChromeDriver
Capabilities [{platform=XP, acceptSslCerts=true, javascriptEnabled=true, browserName=chrome, chrome={userDataDir=C:\Users\ADMINI~1\AppData\Local\Temp\2\scoped_dir4544_13773}, rotatable=false, locationContextEnabled=true, version=43.0.2357.124, takesHeapSnapshot=true, cssSelectorsEnabled=true, databaseEnabled=false, handlesAlerts=true, browserConnectionEnabled=false, webStorageEnabled=true, nativeEvents=true, applicationCacheEnabled=false, takesScreenshot=true}]
	at sun.reflect.GeneratedConstructorAccessor53.newInstance(Unknown Source)
	at sun.reflect.DelegatingConstructorAccessorImpl.newInstance(DelegatingConstructorAccessorImpl.java:45)
	at java.lang.reflect.Constructor.newInstance(Constructor.java:526)
	at org.openqa.selenium.remote.ErrorHandler.createThrowable(ErrorHandler.java:187)
	at org.openqa.selenium.remote.ErrorHandler.throwIfResponseFailed(ErrorHandler.java:145)
	at org.openqa.selenium.remote.RemoteWebDriver.execute(RemoteWebDriver.java:554)
	at org.openqa.selenium.remote.RemoteWebDriver.findElement(RemoteWebDriver.java:307)
	at org.openqa.selenium.remote.RemoteWebDriver.findElementByCssSelector(RemoteWebDriver.java:396)
	at org.openqa.selenium.By$ByCssSelector.findElement(By.java:406)
	at org.openqa.selenium.remote.RemoteWebDriver.findElement(RemoteWebDriver.java:299)
	at sun.reflect.GeneratedMethodAccessor8.invoke(Unknown Source)
	at sun.reflect.DelegatingMethodAccessorImpl.invoke(DelegatingMethodAccessorImpl.java:43)
	at java.lang.reflect.Method.invoke(Method.java:606)
	at org.openqa.selenium.support.events.EventFiringWebDriver$2.invoke(EventFiringWebDriver.java:101)
	at com.sun.proxy.$Proxy16.findElement(Unknown Source)
	at org.openqa.selenium.support.events.EventFiringWebDriver.findElement(EventFiringWebDriver.java:180)
	at org.openqa.selenium.support.ui.ExpectedConditions.findElement(ExpectedConditions.java:523)
	at org.openqa.selenium.support.ui.ExpectedConditions.access$000(ExpectedConditions.java:39)
	at org.openqa.selenium.support.ui.ExpectedConditions$4.apply(ExpectedConditions.java:130)
	at org.openqa.selenium.support.ui.ExpectedConditions$4.apply(ExpectedConditions.java:126)
	at org.openqa.selenium.support.ui.FluentWait.until(FluentWait.java:208)
	at com.mifos.pages.MifosWebPage.waitForElementToBeVisible(MifosWebPage.java:210)
	at com.mifos.pages.MifosWebPage.getElement(MifosWebPage.java:699)
	at com.mifos.pages.MifosWebPage.getElement(MifosWebPage.java:684)
	at com.mifos.pages.MifosWebPage.getSingleText(MifosWebPage.java:941)
	at com.mifos.pages.MifosWebPage.validateSame(MifosWebPage.java:947)
	at com.mifos.pages.MifosWebPage.verifySuccessMessage(MifosWebPage.java:1815)
	at com.mifos.pages.FrontPage.verifyProductLoanExcelSheet(FrontPage.java:472)
	at com.mifos.steps.LoanProductSteps.I_should_see_product_loan_created_successfully(LoanProductSteps.java:27)
	at sun.reflect.GeneratedMethodAccessor59.invoke(Unknown Source)
	at sun.reflect.DelegatingMethodAccessorImpl.invoke(DelegatingMethodAccessorImpl.java:43)
	at java.lang.reflect.Method.invoke(Method.java:606)
	at cucumber.runtime.Utils$1.call(Utils.java:44)
	at cucumber.runtime.Timeout.timeout(Timeout.java:12)
	at cucumber.runtime.Utils.invoke(Utils.java:40)
	at cucumber.runtime.java.JavaStepDefinition.execute(JavaStepDefinition.java:35)
	at cucumber.runtime.StepDefinitionMatch.runStep(StepDefinitionMatch.java:38)
	at cucumber.runtime.Runtime.runStep(Runtime.java:268)
	at cucumber.runtime.model.StepContainer.runStep(StepContainer.java:45)
	at cucumber.runtime.model.StepContainer.runSteps(StepContainer.java:40)
	at cucumber.runtime.model.CucumberScenario.run(CucumberScenario.java:36)
	at cucumber.runtime.junit.ExecutionUnitRunner.run(ExecutionUnitRunner.java:83)
	at org.junit.runners.Suite.runChild(Suite.java:127)
	at org.junit.runners.Suite.runChild(Suite.java:26)
	at org.junit.runners.ParentRunner$3.run(ParentRunner.java:238)
	at org.junit.runners.ParentRunner$1.schedule(ParentRunner.java:63)
	at org.junit.runners.ParentRunner.runChildren(ParentRunner.java:236)
	at org.junit.runners.ParentRunner.access$000(ParentRunner.java:53)
	at org.junit.runners.ParentRunner$2.evaluate(ParentRunner.java:229)
	at org.junit.runners.ParentRunner.run(ParentRunner.java:309)
	at org.junit.runners.Suite.runChild(Suite.java:127)
	at org.junit.runners.Suite.runChild(Suite.java:26)
	at org.junit.runners.ParentRunner$3.run(ParentRunner.java:238)
	at org.junit.runners.ParentRunner$1.schedule(ParentRunner.java:63)
	at org.junit.runners.ParentRunner.runChildren(ParentRunner.java:236)
	at org.junit.runners.ParentRunner.access$000(ParentRunner.java:53)
	at org.junit.runners.ParentRunner$2.evaluate(ParentRunner.java:229)
	at org.junit.runners.ParentRunner.run(ParentRunner.java:309)
	at cucumber.runtime.junit.FeatureRunner.runChild(FeatureRunner.java:63)
	at cucumber.runtime.junit.FeatureRunner.runChild(FeatureRunner.java:18)
	at org.junit.runners.ParentRunner$3.run(ParentRunner.java:238)
	at org.junit.runners.ParentRunner$1.schedule(ParentRunner.java:63)
	at org.junit.runners.ParentRunner.runChildren(ParentRunner.java:236)
	at org.junit.runners.ParentRunner.access$000(ParentRunner.java:53)
	at org.junit.runners.ParentRunner$2.evaluate(ParentRunner.java:229)
	at org.junit.runners.ParentRunner.run(ParentRunner.java:309)
	at cucumber.runtime.junit.FeatureRunner.run(FeatureRunner.java:70)
	at cucumber.api.junit.Cucumber.runChild(Cucumber.java:77)
	at cucumber.api.junit.Cucumber.runChild(Cucumber.java:37)
	at org.junit.runners.ParentRunner$3.run(ParentRunner.java:238)
	at org.junit.runners.ParentRunner$1.schedule(ParentRunner.java:63)
	at org.junit.runners.ParentRunner.runChildren(ParentRunner.java:236)
	at org.junit.runners.ParentRunner.access$000(ParentRunner.java:53)
	at org.junit.runners.ParentRunner$2.evaluate(ParentRunner.java:229)
	at org.junit.runners.ParentRunner.run(ParentRunner.java:309)
	at cucumber.api.junit.Cucumber.run(Cucumber.java:82)
	at org.apache.maven.surefire.junit4.JUnit4Provider.execute(JUnit4Provider.java:252)
	at org.apache.maven.surefire.junit4.JUnit4Provider.executeTestSet(JUnit4Provider.java:141)
	at org.apache.maven.surefire.junit4.JUnit4Provider.invoke(JUnit4Provider.java:112)
	at sun.reflect.NativeMethodAccessorImpl.invoke0(Native Method)
	at sun.reflect.NativeMethodAccessorImpl.invoke(NativeMethodAccessorImpl.java:57)
	at sun.reflect.DelegatingMethodAccessorImpl.invoke(DelegatingMethodAccessorImpl.java:43)
	at java.lang.reflect.Method.invoke(Method.java:606)
	at org.apache.maven.surefire.util.ReflectionUtils.invokeMethodWithArray(ReflectionUtils.java:189)
	at org.apache.maven.surefire.booter.ProviderFactory$ProviderProxy.invoke(ProviderFactory.java:165)
	at org.apache.maven.surefire.booter.ProviderFactory.invokeProvider(ProviderFactory.java:85)
	at org.apache.maven.surefire.booter.ForkedBooter.runSuitesInProcess(ForkedBooter.java:113)
	at org.apache.maven.surefire.booter.ForkedBooter.main(ForkedBooter.java:75)
</error>
    <system-out>welcome to mifos through excel
Cell One ... key=productname
535-RBI-EPP-DB-SAR-REC-NON-RNI-CTRFD-SAR-MD-TR-1-B-EarlyRePayment
535-RBI-EPP-DB-SAR-REC-NON-RNI-CTRFD-SAR-MD-TR-1-B-EarlyRePayment
</system-out>
  </testcase>
  <testcase time="0" classname="| 535-RBI-EPP-DB-SAR-REC-NON-RNI-CTRFD-SAR-MD-TR-1-EarlyRePayment-Loanproduct4.xlsx |" name="| 535-RBI-EPP-DB-SAR-REC-NON-RNI-CTRFD-SAR-MD-TR-1-EarlyRePayment-Loanproduct4.xlsx |">
    <error message="Timed out after 100 seconds waiting for visibility of element located by By.selector: legend.ng-binding
Build info: version: &apos;2.29.1&apos;, revision: &apos;dfb1306b85be4934d23c123122e06e602a15e446&apos;, time: &apos;2013-01-22 12:58:05&apos;
System info: os.name: &apos;Windows Server 2012&apos;, os.arch: &apos;amd64&apos;, os.version: &apos;6.2&apos;, java.version: &apos;1.7.0_51&apos;
Driver info: driver.version: unknown" type="org.openqa.selenium.TimeoutException">org.openqa.selenium.TimeoutException: Timed out after 100 seconds waiting for visibility of element located by By.selector: legend.ng-binding
Build info: version: &apos;2.29.1&apos;, revision: &apos;dfb1306b85be4934d23c123122e06e602a15e446&apos;, time: &apos;2013-01-22 12:58:05&apos;
System info: os.name: &apos;Windows Server 2012&apos;, os.arch: &apos;amd64&apos;, os.version: &apos;6.2&apos;, java.version: &apos;1.7.0_51&apos;
Driver info: driver.version: unknown
	at org.openqa.selenium.support.ui.FluentWait.timeoutException(FluentWait.java:259)
	at org.openqa.selenium.support.ui.FluentWait.until(FluentWait.java:228)
	at com.mifos.pages.MifosWebPage.waitForElementToBeVisible(MifosWebPage.java:210)
	at com.mifos.pages.MifosWebPage.getElement(MifosWebPage.java:699)
	at com.mifos.pages.MifosWebPage.getElement(MifosWebPage.java:684)
	at com.mifos.pages.MifosWebPage.getSingleText(MifosWebPage.java:941)
	at com.mifos.pages.MifosWebPage.validateSame(MifosWebPage.java:947)
	at com.mifos.pages.MifosWebPage.verifySuccessMessage(MifosWebPage.java:1815)
	at com.mifos.pages.FrontPage.verifyProductLoanExcelSheet(FrontPage.java:472)
	at com.mifos.steps.LoanProductSteps.I_should_see_product_loan_created_successfully(LoanProductSteps.java:27)
	at ✽.Then I should see product loan created successfully(LoanRBI.feature:18)
Caused by: org.openqa.selenium.NoSuchElementException: no such element
  (Session info: chrome=43.0.2357.124)
  (Driver info: chromedriver=2.8.241075,platform=Windows NT 6.3 x86_64) (WARNING: The server did not provide any stacktrace information)
Command duration or timeout: 30.00 seconds
For documentation on this error, please visit: http://seleniumhq.org/exceptions/no_such_element.html
Build info: version: &apos;2.29.1&apos;, revision: &apos;dfb1306b85be4934d23c123122e06e602a15e446&apos;, time: &apos;2013-01-22 12:58:05&apos;
System info: os.name: &apos;Windows Server 2012&apos;, os.arch: &apos;amd64&apos;, os.version: &apos;6.2&apos;, java.version: &apos;1.7.0_51&apos;
Session ID: 7c8f0dadb8b8a3172e8362d468fec956
Driver info: org.openqa.selenium.chrome.ChromeDriver
Capabilities [{platform=XP, acceptSslCerts=true, javascriptEnabled=true, browserName=chrome, chrome={userDataDir=C:\Users\ADMINI~1\AppData\Local\Temp\2\scoped_dir4544_13773}, rotatable=false, locationContextEnabled=true, version=43.0.2357.124, takesHeapSnapshot=true, cssSelectorsEnabled=true, databaseEnabled=false, handlesAlerts=true, browserConnectionEnabled=false, webStorageEnabled=true, nativeEvents=true, applicationCacheEnabled=false, takesScreenshot=true}]
	at sun.reflect.GeneratedConstructorAccessor53.newInstance(Unknown Source)
	at sun.reflect.DelegatingConstructorAccessorImpl.newInstance(DelegatingConstructorAccessorImpl.java:45)
	at java.lang.reflect.Constructor.newInstance(Constructor.java:526)
	at org.openqa.selenium.remote.ErrorHandler.createThrowable(ErrorHandler.java:187)
	at org.openqa.selenium.remote.ErrorHandler.throwIfResponseFailed(ErrorHandler.java:145)
	at org.openqa.selenium.remote.RemoteWebDriver.execute(RemoteWebDriver.java:554)
	at org.openqa.selenium.remote.RemoteWebDriver.findElement(RemoteWebDriver.java:307)
	at org.openqa.selenium.remote.RemoteWebDriver.findElementByCssSelector(RemoteWebDriver.java:396)
	at org.openqa.selenium.By$ByCssSelector.findElement(By.java:406)
	at org.openqa.selenium.remote.RemoteWebDriver.findElement(RemoteWebDriver.java:299)
	at sun.reflect.GeneratedMethodAccessor8.invoke(Unknown Source)
	at sun.reflect.DelegatingMethodAccessorImpl.invoke(DelegatingMethodAccessorImpl.java:43)
	at java.lang.reflect.Method.invoke(Method.java:606)
	at org.openqa.selenium.support.events.EventFiringWebDriver$2.invoke(EventFiringWebDriver.java:101)
	at com.sun.proxy.$Proxy16.findElement(Unknown Source)
	at org.openqa.selenium.support.events.EventFiringWebDriver.findElement(EventFiringWebDriver.java:180)
	at org.openqa.selenium.support.ui.ExpectedConditions.findElement(ExpectedConditions.java:523)
	at org.openqa.selenium.support.ui.ExpectedConditions.access$000(ExpectedConditions.java:39)
	at org.openqa.selenium.support.ui.ExpectedConditions$4.apply(ExpectedConditions.java:130)
	at org.openqa.selenium.support.ui.ExpectedConditions$4.apply(ExpectedConditions.java:126)
	at org.openqa.selenium.support.ui.FluentWait.until(FluentWait.java:208)
	at com.mifos.pages.MifosWebPage.waitForElementToBeVisible(MifosWebPage.java:210)
	at com.mifos.pages.MifosWebPage.getElement(MifosWebPage.java:699)
	at com.mifos.pages.MifosWebPage.getElement(MifosWebPage.java:684)
	at com.mifos.pages.MifosWebPage.getSingleText(MifosWebPage.java:941)
	at com.mifos.pages.MifosWebPage.validateSame(MifosWebPage.java:947)
	at com.mifos.pages.MifosWebPage.verifySuccessMessage(MifosWebPage.java:1815)
	at com.mifos.pages.FrontPage.verifyProductLoanExcelSheet(FrontPage.java:472)
	at com.mifos.steps.LoanProductSteps.I_should_see_product_loan_created_successfully(LoanProductSteps.java:27)
	at sun.reflect.GeneratedMethodAccessor59.invoke(Unknown Source)
	at sun.reflect.DelegatingMethodAccessorImpl.invoke(DelegatingMethodAccessorImpl.java:43)
	at java.lang.reflect.Method.invoke(Method.java:606)
	at cucumber.runtime.Utils$1.call(Utils.java:44)
	at cucumber.runtime.Timeout.timeout(Timeout.java:12)
	at cucumber.runtime.Utils.invoke(Utils.java:40)
	at cucumber.runtime.java.JavaStepDefinition.execute(JavaStepDefinition.java:35)
	at cucumber.runtime.StepDefinitionMatch.runStep(StepDefinitionMatch.java:38)
	at cucumber.runtime.Runtime.runStep(Runtime.java:268)
	at cucumber.runtime.model.StepContainer.runStep(StepContainer.java:45)
	at cucumber.runtime.model.StepContainer.runSteps(StepContainer.java:40)
	at cucumber.runtime.model.CucumberScenario.run(CucumberScenario.java:36)
	at cucumber.runtime.junit.ExecutionUnitRunner.run(ExecutionUnitRunner.java:83)
	at org.junit.runners.Suite.runChild(Suite.java:127)
	at org.junit.runners.Suite.runChild(Suite.java:26)
	at org.junit.runners.ParentRunner$3.run(ParentRunner.java:238)
	at org.junit.runners.ParentRunner$1.schedule(ParentRunner.java:63)
	at org.junit.runners.ParentRunner.runChildren(ParentRunner.java:236)
	at org.junit.runners.ParentRunner.access$000(ParentRunner.java:53)
	at org.junit.runners.ParentRunner$2.evaluate(ParentRunner.java:229)
	at org.junit.runners.ParentRunner.run(ParentRunner.java:309)
	at org.junit.runners.Suite.runChild(Suite.java:127)
	at org.junit.runners.Suite.runChild(Suite.java:26)
	at org.junit.runners.ParentRunner$3.run(ParentRunner.java:238)
	at org.junit.runners.ParentRunner$1.schedule(ParentRunner.java:63)
	at org.junit.runners.ParentRunner.runChildren(ParentRunner.java:236)
	at org.junit.runners.ParentRunner.access$000(ParentRunner.java:53)
	at org.junit.runners.ParentRunner$2.evaluate(ParentRunner.java:229)
	at org.junit.runners.ParentRunner.run(ParentRunner.java:309)
	at cucumber.runtime.junit.FeatureRunner.runChild(FeatureRunner.java:63)
	at cucumber.runtime.junit.FeatureRunner.runChild(FeatureRunner.java:18)
	at org.junit.runners.ParentRunner$3.run(ParentRunner.java:238)
	at org.junit.runners.ParentRunner$1.schedule(ParentRunner.java:63)
	at org.junit.runners.ParentRunner.runChildren(ParentRunner.java:236)
	at org.junit.runners.ParentRunner.access$000(ParentRunner.java:53)
	at org.junit.runners.ParentRunner$2.evaluate(ParentRunner.java:229)
	at org.junit.runners.ParentRunner.run(ParentRunner.java:309)
	at cucumber.runtime.junit.FeatureRunner.run(FeatureRunner.java:70)
	at cucumber.api.junit.Cucumber.runChild(Cucumber.java:77)
	at cucumber.api.junit.Cucumber.runChild(Cucumber.java:37)
	at org.junit.runners.ParentRunner$3.run(ParentRunner.java:238)
	at org.junit.runners.ParentRunner$1.schedule(ParentRunner.java:63)
	at org.junit.runners.ParentRunner.runChildren(ParentRunner.java:236)
	at org.junit.runners.ParentRunner.access$000(ParentRunner.java:53)
	at org.junit.runners.ParentRunner$2.evaluate(ParentRunner.java:229)
	at org.junit.runners.ParentRunner.run(ParentRunner.java:309)
	at cucumber.api.junit.Cucumber.run(Cucumber.java:82)
	at org.apache.maven.surefire.junit4.JUnit4Provider.execute(JUnit4Provider.java:252)
	at org.apache.maven.surefire.junit4.JUnit4Provider.executeTestSet(JUnit4Provider.java:141)
	at org.apache.maven.surefire.junit4.JUnit4Provider.invoke(JUnit4Provider.java:112)
	at sun.reflect.NativeMethodAccessorImpl.invoke0(Native Method)
	at sun.reflect.NativeMethodAccessorImpl.invoke(NativeMethodAccessorImpl.java:57)
	at sun.reflect.DelegatingMethodAccessorImpl.invoke(DelegatingMethodAccessorImpl.java:43)
	at java.lang.reflect.Method.invoke(Method.java:606)
	at org.apache.maven.surefire.util.ReflectionUtils.invokeMethodWithArray(ReflectionUtils.java:189)
	at org.apache.maven.surefire.booter.ProviderFactory$ProviderProxy.invoke(ProviderFactory.java:165)
	at org.apache.maven.surefire.booter.ProviderFactory.invokeProvider(ProviderFactory.java:85)
	at org.apache.maven.surefire.booter.ForkedBooter.runSuitesInProcess(ForkedBooter.java:113)
	at org.apache.maven.surefire.booter.ForkedBooter.main(ForkedBooter.java:75)
</error>
  </testcase>
  <testcase time="0" classname="| 536-RBI-EPP-DB-SAR-REC-NON-RNI-CTRFD-DL-MD-TR-1-EarlyRePayment-Loanproduct4.xlsx |" name="Given I navigate to mifos"/>
  <testcase time="0" classname="| 536-RBI-EPP-DB-SAR-REC-NON-RNI-CTRFD-DL-MD-TR-1-EarlyRePayment-Loanproduct4.xlsx |" name="And I use login folder"/>
  <testcase time="0" classname="| 536-RBI-EPP-DB-SAR-REC-NON-RNI-CTRFD-DL-MD-TR-1-EarlyRePayment-Loanproduct4.xlsx |" name="When I login into mifos site using excel sheet"/>
  <testcase time="0" classname="| 536-RBI-EPP-DB-SAR-REC-NON-RNI-CTRFD-DL-MD-TR-1-EarlyRePayment-Loanproduct4.xlsx |" name="Then I should see logged in successfully"/>
  <testcase time="0" classname="| 536-RBI-EPP-DB-SAR-REC-NON-RNI-CTRFD-DL-MD-TR-1-EarlyRePayment-Loanproduct4.xlsx |" name="Given I setup the product loan"/>
  <testcase time="0" classname="| 536-RBI-EPP-DB-SAR-REC-NON-RNI-CTRFD-DL-MD-TR-1-EarlyRePayment-Loanproduct4.xlsx |" name="And I entered the values into product loan using"/>
  <testcase time="0" classname="| 536-RBI-EPP-DB-SAR-REC-NON-RNI-CTRFD-DL-MD-TR-1-EarlyRePayment-Loanproduct4.xlsx |" name="Then I should see product loan created successfully">
    <error message="Timed out after 100 seconds waiting for visibility of element located by By.selector: legend.ng-binding
Build info: version: &apos;2.29.1&apos;, revision: &apos;dfb1306b85be4934d23c123122e06e602a15e446&apos;, time: &apos;2013-01-22 12:58:05&apos;
System info: os.name: &apos;Windows Server 2012&apos;, os.arch: &apos;amd64&apos;, os.version: &apos;6.2&apos;, java.version: &apos;1.7.0_51&apos;
Driver info: driver.version: unknown" type="org.openqa.selenium.TimeoutException">org.openqa.selenium.TimeoutException: Timed out after 100 seconds waiting for visibility of element located by By.selector: legend.ng-binding
Build info: version: &apos;2.29.1&apos;, revision: &apos;dfb1306b85be4934d23c123122e06e602a15e446&apos;, time: &apos;2013-01-22 12:58:05&apos;
System info: os.name: &apos;Windows Server 2012&apos;, os.arch: &apos;amd64&apos;, os.version: &apos;6.2&apos;, java.version: &apos;1.7.0_51&apos;
Driver info: driver.version: unknown
	at org.openqa.selenium.support.ui.FluentWait.timeoutException(FluentWait.java:259)
	at org.openqa.selenium.support.ui.FluentWait.until(FluentWait.java:228)
	at com.mifos.pages.MifosWebPage.waitForElementToBeVisible(MifosWebPage.java:210)
	at com.mifos.pages.MifosWebPage.getElement(MifosWebPage.java:699)
	at com.mifos.pages.MifosWebPage.getElement(MifosWebPage.java:684)
	at com.mifos.pages.MifosWebPage.getSingleText(MifosWebPage.java:941)
	at com.mifos.pages.MifosWebPage.validateSame(MifosWebPage.java:947)
	at com.mifos.pages.MifosWebPage.verifySuccessMessage(MifosWebPage.java:1815)
	at com.mifos.pages.FrontPage.verifyProductLoanExcelSheet(FrontPage.java:472)
	at com.mifos.steps.LoanProductSteps.I_should_see_product_loan_created_successfully(LoanProductSteps.java:27)
	at ✽.Then I should see product loan created successfully(LoanRBI.feature:18)
Caused by: org.openqa.selenium.NoSuchElementException: no such element
  (Session info: chrome=43.0.2357.124)
  (Driver info: chromedriver=2.8.241075,platform=Windows NT 6.3 x86_64) (WARNING: The server did not provide any stacktrace information)
Command duration or timeout: 30.05 seconds
For documentation on this error, please visit: http://seleniumhq.org/exceptions/no_such_element.html
Build info: version: &apos;2.29.1&apos;, revision: &apos;dfb1306b85be4934d23c123122e06e602a15e446&apos;, time: &apos;2013-01-22 12:58:05&apos;
System info: os.name: &apos;Windows Server 2012&apos;, os.arch: &apos;amd64&apos;, os.version: &apos;6.2&apos;, java.version: &apos;1.7.0_51&apos;
Session ID: 598e45b787f01aa37ebd5c8676a74cf0
Driver info: org.openqa.selenium.chrome.ChromeDriver
Capabilities [{platform=XP, acceptSslCerts=true, javascriptEnabled=true, browserName=chrome, chrome={userDataDir=C:\Users\ADMINI~1\AppData\Local\Temp\2\scoped_dir3972_5138}, rotatable=false, locationContextEnabled=true, version=43.0.2357.124, takesHeapSnapshot=true, cssSelectorsEnabled=true, databaseEnabled=false, handlesAlerts=true, browserConnectionEnabled=false, webStorageEnabled=true, nativeEvents=true, applicationCacheEnabled=false, takesScreenshot=true}]
	at sun.reflect.GeneratedConstructorAccessor53.newInstance(Unknown Source)
	at sun.reflect.DelegatingConstructorAccessorImpl.newInstance(DelegatingConstructorAccessorImpl.java:45)
	at java.lang.reflect.Constructor.newInstance(Constructor.java:526)
	at org.openqa.selenium.remote.ErrorHandler.createThrowable(ErrorHandler.java:187)
	at org.openqa.selenium.remote.ErrorHandler.throwIfResponseFailed(ErrorHandler.java:145)
	at org.openqa.selenium.remote.RemoteWebDriver.execute(RemoteWebDriver.java:554)
	at org.openqa.selenium.remote.RemoteWebDriver.findElement(RemoteWebDriver.java:307)
	at org.openqa.selenium.remote.RemoteWebDriver.findElementByCssSelector(RemoteWebDriver.java:396)
	at org.openqa.selenium.By$ByCssSelector.findElement(By.java:406)
	at org.openqa.selenium.remote.RemoteWebDriver.findElement(RemoteWebDriver.java:299)
	at sun.reflect.GeneratedMethodAccessor8.invoke(Unknown Source)
	at sun.reflect.DelegatingMethodAccessorImpl.invoke(DelegatingMethodAccessorImpl.java:43)
	at java.lang.reflect.Method.invoke(Method.java:606)
	at org.openqa.selenium.support.events.EventFiringWebDriver$2.invoke(EventFiringWebDriver.java:101)
	at com.sun.proxy.$Proxy16.findElement(Unknown Source)
	at org.openqa.selenium.support.events.EventFiringWebDriver.findElement(EventFiringWebDriver.java:180)
	at org.openqa.selenium.support.ui.ExpectedConditions.findElement(ExpectedConditions.java:523)
	at org.openqa.selenium.support.ui.ExpectedConditions.access$000(ExpectedConditions.java:39)
	at org.openqa.selenium.support.ui.ExpectedConditions$4.apply(ExpectedConditions.java:130)
	at org.openqa.selenium.support.ui.ExpectedConditions$4.apply(ExpectedConditions.java:126)
	at org.openqa.selenium.support.ui.FluentWait.until(FluentWait.java:208)
	at com.mifos.pages.MifosWebPage.waitForElementToBeVisible(MifosWebPage.java:210)
	at com.mifos.pages.MifosWebPage.getElement(MifosWebPage.java:699)
	at com.mifos.pages.MifosWebPage.getElement(MifosWebPage.java:684)
	at com.mifos.pages.MifosWebPage.getSingleText(MifosWebPage.java:941)
	at com.mifos.pages.MifosWebPage.validateSame(MifosWebPage.java:947)
	at com.mifos.pages.MifosWebPage.verifySuccessMessage(MifosWebPage.java:1815)
	at com.mifos.pages.FrontPage.verifyProductLoanExcelSheet(FrontPage.java:472)
	at com.mifos.steps.LoanProductSteps.I_should_see_product_loan_created_successfully(LoanProductSteps.java:27)
	at sun.reflect.GeneratedMethodAccessor59.invoke(Unknown Source)
	at sun.reflect.DelegatingMethodAccessorImpl.invoke(DelegatingMethodAccessorImpl.java:43)
	at java.lang.reflect.Method.invoke(Method.java:606)
	at cucumber.runtime.Utils$1.call(Utils.java:44)
	at cucumber.runtime.Timeout.timeout(Timeout.java:12)
	at cucumber.runtime.Utils.invoke(Utils.java:40)
	at cucumber.runtime.java.JavaStepDefinition.execute(JavaStepDefinition.java:35)
	at cucumber.runtime.StepDefinitionMatch.runStep(StepDefinitionMatch.java:38)
	at cucumber.runtime.Runtime.runStep(Runtime.java:268)
	at cucumber.runtime.model.StepContainer.runStep(StepContainer.java:45)
	at cucumber.runtime.model.StepContainer.runSteps(StepContainer.java:40)
	at cucumber.runtime.model.CucumberScenario.run(CucumberScenario.java:36)
	at cucumber.runtime.junit.ExecutionUnitRunner.run(ExecutionUnitRunner.java:83)
	at org.junit.runners.Suite.runChild(Suite.java:127)
	at org.junit.runners.Suite.runChild(Suite.java:26)
	at org.junit.runners.ParentRunner$3.run(ParentRunner.java:238)
	at org.junit.runners.ParentRunner$1.schedule(ParentRunner.java:63)
	at org.junit.runners.ParentRunner.runChildren(ParentRunner.java:236)
	at org.junit.runners.ParentRunner.access$000(ParentRunner.java:53)
	at org.junit.runners.ParentRunner$2.evaluate(ParentRunner.java:229)
	at org.junit.runners.ParentRunner.run(ParentRunner.java:309)
	at org.junit.runners.Suite.runChild(Suite.java:127)
	at org.junit.runners.Suite.runChild(Suite.java:26)
	at org.junit.runners.ParentRunner$3.run(ParentRunner.java:238)
	at org.junit.runners.ParentRunner$1.schedule(ParentRunner.java:63)
	at org.junit.runners.ParentRunner.runChildren(ParentRunner.java:236)
	at org.junit.runners.ParentRunner.access$000(ParentRunner.java:53)
	at org.junit.runners.ParentRunner$2.evaluate(ParentRunner.java:229)
	at org.junit.runners.ParentRunner.run(ParentRunner.java:309)
	at cucumber.runtime.junit.FeatureRunner.runChild(FeatureRunner.java:63)
	at cucumber.runtime.junit.FeatureRunner.runChild(FeatureRunner.java:18)
	at org.junit.runners.ParentRunner$3.run(ParentRunner.java:238)
	at org.junit.runners.ParentRunner$1.schedule(ParentRunner.java:63)
	at org.junit.runners.ParentRunner.runChildren(ParentRunner.java:236)
	at org.junit.runners.ParentRunner.access$000(ParentRunner.java:53)
	at org.junit.runners.ParentRunner$2.evaluate(ParentRunner.java:229)
	at org.junit.runners.ParentRunner.run(ParentRunner.java:309)
	at cucumber.runtime.junit.FeatureRunner.run(FeatureRunner.java:70)
	at cucumber.api.junit.Cucumber.runChild(Cucumber.java:77)
	at cucumber.api.junit.Cucumber.runChild(Cucumber.java:37)
	at org.junit.runners.ParentRunner$3.run(ParentRunner.java:238)
	at org.junit.runners.ParentRunner$1.schedule(ParentRunner.java:63)
	at org.junit.runners.ParentRunner.runChildren(ParentRunner.java:236)
	at org.junit.runners.ParentRunner.access$000(ParentRunner.java:53)
	at org.junit.runners.ParentRunner$2.evaluate(ParentRunner.java:229)
	at org.junit.runners.ParentRunner.run(ParentRunner.java:309)
	at cucumber.api.junit.Cucumber.run(Cucumber.java:82)
	at org.apache.maven.surefire.junit4.JUnit4Provider.execute(JUnit4Provider.java:252)
	at org.apache.maven.surefire.junit4.JUnit4Provider.executeTestSet(JUnit4Provider.java:141)
	at org.apache.maven.surefire.junit4.JUnit4Provider.invoke(JUnit4Provider.java:112)
	at sun.reflect.NativeMethodAccessorImpl.invoke0(Native Method)
	at sun.reflect.NativeMethodAccessorImpl.invoke(NativeMethodAccessorImpl.java:57)
	at sun.reflect.DelegatingMethodAccessorImpl.invoke(DelegatingMethodAccessorImpl.java:43)
	at java.lang.reflect.Method.invoke(Method.java:606)
	at org.apache.maven.surefire.util.ReflectionUtils.invokeMethodWithArray(ReflectionUtils.java:189)
	at org.apache.maven.surefire.booter.ProviderFactory$ProviderProxy.invoke(ProviderFactory.java:165)
	at org.apache.maven.surefire.booter.ProviderFactory.invokeProvider(ProviderFactory.java:85)
	at org.apache.maven.surefire.booter.ForkedBooter.runSuitesInProcess(ForkedBooter.java:113)
	at org.apache.maven.surefire.booter.ForkedBooter.main(ForkedBooter.java:75)
</error>
    <system-out>welcome to mifos through excel
Cell One ... key=productname
536-RBI-EPP-DB-SAR-REC-NON-RNI-CTPD-DL-MD-TR-1-B-EarlyRePayment
536-RBI-EPP-DB-SAR-REC-NON-RNI-CTPD-DL-MD-TR-1-B-EarlyRePayment
</system-out>
  </testcase>
  <testcase time="0" classname="| 536-RBI-EPP-DB-SAR-REC-NON-RNI-CTRFD-DL-MD-TR-1-EarlyRePayment-Loanproduct4.xlsx |" name="| 536-RBI-EPP-DB-SAR-REC-NON-RNI-CTRFD-DL-MD-TR-1-EarlyRePayment-Loanproduct4.xlsx |">
    <error message="Timed out after 100 seconds waiting for visibility of element located by By.selector: legend.ng-binding
Build info: version: &apos;2.29.1&apos;, revision: &apos;dfb1306b85be4934d23c123122e06e602a15e446&apos;, time: &apos;2013-01-22 12:58:05&apos;
System info: os.name: &apos;Windows Server 2012&apos;, os.arch: &apos;amd64&apos;, os.version: &apos;6.2&apos;, java.version: &apos;1.7.0_51&apos;
Driver info: driver.version: unknown" type="org.openqa.selenium.TimeoutException">org.openqa.selenium.TimeoutException: Timed out after 100 seconds waiting for visibility of element located by By.selector: legend.ng-binding
Build info: version: &apos;2.29.1&apos;, revision: &apos;dfb1306b85be4934d23c123122e06e602a15e446&apos;, time: &apos;2013-01-22 12:58:05&apos;
System info: os.name: &apos;Windows Server 2012&apos;, os.arch: &apos;amd64&apos;, os.version: &apos;6.2&apos;, java.version: &apos;1.7.0_51&apos;
Driver info: driver.version: unknown
	at org.openqa.selenium.support.ui.FluentWait.timeoutException(FluentWait.java:259)
	at org.openqa.selenium.support.ui.FluentWait.until(FluentWait.java:228)
	at com.mifos.pages.MifosWebPage.waitForElementToBeVisible(MifosWebPage.java:210)
	at com.mifos.pages.MifosWebPage.getElement(MifosWebPage.java:699)
	at com.mifos.pages.MifosWebPage.getElement(MifosWebPage.java:684)
	at com.mifos.pages.MifosWebPage.getSingleText(MifosWebPage.java:941)
	at com.mifos.pages.MifosWebPage.validateSame(MifosWebPage.java:947)
	at com.mifos.pages.MifosWebPage.verifySuccessMessage(MifosWebPage.java:1815)
	at com.mifos.pages.FrontPage.verifyProductLoanExcelSheet(FrontPage.java:472)
	at com.mifos.steps.LoanProductSteps.I_should_see_product_loan_created_successfully(LoanProductSteps.java:27)
	at ✽.Then I should see product loan created successfully(LoanRBI.feature:18)
Caused by: org.openqa.selenium.NoSuchElementException: no such element
  (Session info: chrome=43.0.2357.124)
  (Driver info: chromedriver=2.8.241075,platform=Windows NT 6.3 x86_64) (WARNING: The server did not provide any stacktrace information)
Command duration or timeout: 30.05 seconds
For documentation on this error, please visit: http://seleniumhq.org/exceptions/no_such_element.html
Build info: version: &apos;2.29.1&apos;, revision: &apos;dfb1306b85be4934d23c123122e06e602a15e446&apos;, time: &apos;2013-01-22 12:58:05&apos;
System info: os.name: &apos;Windows Server 2012&apos;, os.arch: &apos;amd64&apos;, os.version: &apos;6.2&apos;, java.version: &apos;1.7.0_51&apos;
Session ID: 598e45b787f01aa37ebd5c8676a74cf0
Driver info: org.openqa.selenium.chrome.ChromeDriver
Capabilities [{platform=XP, acceptSslCerts=true, javascriptEnabled=true, browserName=chrome, chrome={userDataDir=C:\Users\ADMINI~1\AppData\Local\Temp\2\scoped_dir3972_5138}, rotatable=false, locationContextEnabled=true, version=43.0.2357.124, takesHeapSnapshot=true, cssSelectorsEnabled=true, databaseEnabled=false, handlesAlerts=true, browserConnectionEnabled=false, webStorageEnabled=true, nativeEvents=true, applicationCacheEnabled=false, takesScreenshot=true}]
	at sun.reflect.GeneratedConstructorAccessor53.newInstance(Unknown Source)
	at sun.reflect.DelegatingConstructorAccessorImpl.newInstance(DelegatingConstructorAccessorImpl.java:45)
	at java.lang.reflect.Constructor.newInstance(Constructor.java:526)
	at org.openqa.selenium.remote.ErrorHandler.createThrowable(ErrorHandler.java:187)
	at org.openqa.selenium.remote.ErrorHandler.throwIfResponseFailed(ErrorHandler.java:145)
	at org.openqa.selenium.remote.RemoteWebDriver.execute(RemoteWebDriver.java:554)
	at org.openqa.selenium.remote.RemoteWebDriver.findElement(RemoteWebDriver.java:307)
	at org.openqa.selenium.remote.RemoteWebDriver.findElementByCssSelector(RemoteWebDriver.java:396)
	at org.openqa.selenium.By$ByCssSelector.findElement(By.java:406)
	at org.openqa.selenium.remote.RemoteWebDriver.findElement(RemoteWebDriver.java:299)
	at sun.reflect.GeneratedMethodAccessor8.invoke(Unknown Source)
	at sun.reflect.DelegatingMethodAccessorImpl.invoke(DelegatingMethodAccessorImpl.java:43)
	at java.lang.reflect.Method.invoke(Method.java:606)
	at org.openqa.selenium.support.events.EventFiringWebDriver$2.invoke(EventFiringWebDriver.java:101)
	at com.sun.proxy.$Proxy16.findElement(Unknown Source)
	at org.openqa.selenium.support.events.EventFiringWebDriver.findElement(EventFiringWebDriver.java:180)
	at org.openqa.selenium.support.ui.ExpectedConditions.findElement(ExpectedConditions.java:523)
	at org.openqa.selenium.support.ui.ExpectedConditions.access$000(ExpectedConditions.java:39)
	at org.openqa.selenium.support.ui.ExpectedConditions$4.apply(ExpectedConditions.java:130)
	at org.openqa.selenium.support.ui.ExpectedConditions$4.apply(ExpectedConditions.java:126)
	at org.openqa.selenium.support.ui.FluentWait.until(FluentWait.java:208)
	at com.mifos.pages.MifosWebPage.waitForElementToBeVisible(MifosWebPage.java:210)
	at com.mifos.pages.MifosWebPage.getElement(MifosWebPage.java:699)
	at com.mifos.pages.MifosWebPage.getElement(MifosWebPage.java:684)
	at com.mifos.pages.MifosWebPage.getSingleText(MifosWebPage.java:941)
	at com.mifos.pages.MifosWebPage.validateSame(MifosWebPage.java:947)
	at com.mifos.pages.MifosWebPage.verifySuccessMessage(MifosWebPage.java:1815)
	at com.mifos.pages.FrontPage.verifyProductLoanExcelSheet(FrontPage.java:472)
	at com.mifos.steps.LoanProductSteps.I_should_see_product_loan_created_successfully(LoanProductSteps.java:27)
	at sun.reflect.GeneratedMethodAccessor59.invoke(Unknown Source)
	at sun.reflect.DelegatingMethodAccessorImpl.invoke(DelegatingMethodAccessorImpl.java:43)
	at java.lang.reflect.Method.invoke(Method.java:606)
	at cucumber.runtime.Utils$1.call(Utils.java:44)
	at cucumber.runtime.Timeout.timeout(Timeout.java:12)
	at cucumber.runtime.Utils.invoke(Utils.java:40)
	at cucumber.runtime.java.JavaStepDefinition.execute(JavaStepDefinition.java:35)
	at cucumber.runtime.StepDefinitionMatch.runStep(StepDefinitionMatch.java:38)
	at cucumber.runtime.Runtime.runStep(Runtime.java:268)
	at cucumber.runtime.model.StepContainer.runStep(StepContainer.java:45)
	at cucumber.runtime.model.StepContainer.runSteps(StepContainer.java:40)
	at cucumber.runtime.model.CucumberScenario.run(CucumberScenario.java:36)
	at cucumber.runtime.junit.ExecutionUnitRunner.run(ExecutionUnitRunner.java:83)
	at org.junit.runners.Suite.runChild(Suite.java:127)
	at org.junit.runners.Suite.runChild(Suite.java:26)
	at org.junit.runners.ParentRunner$3.run(ParentRunner.java:238)
	at org.junit.runners.ParentRunner$1.schedule(ParentRunner.java:63)
	at org.junit.runners.ParentRunner.runChildren(ParentRunner.java:236)
	at org.junit.runners.ParentRunner.access$000(ParentRunner.java:53)
	at org.junit.runners.ParentRunner$2.evaluate(ParentRunner.java:229)
	at org.junit.runners.ParentRunner.run(ParentRunner.java:309)
	at org.junit.runners.Suite.runChild(Suite.java:127)
	at org.junit.runners.Suite.runChild(Suite.java:26)
	at org.junit.runners.ParentRunner$3.run(ParentRunner.java:238)
	at org.junit.runners.ParentRunner$1.schedule(ParentRunner.java:63)
	at org.junit.runners.ParentRunner.runChildren(ParentRunner.java:236)
	at org.junit.runners.ParentRunner.access$000(ParentRunner.java:53)
	at org.junit.runners.ParentRunner$2.evaluate(ParentRunner.java:229)
	at org.junit.runners.ParentRunner.run(ParentRunner.java:309)
	at cucumber.runtime.junit.FeatureRunner.runChild(FeatureRunner.java:63)
	at cucumber.runtime.junit.FeatureRunner.runChild(FeatureRunner.java:18)
	at org.junit.runners.ParentRunner$3.run(ParentRunner.java:238)
	at org.junit.runners.ParentRunner$1.schedule(ParentRunner.java:63)
	at org.junit.runners.ParentRunner.runChildren(ParentRunner.java:236)
	at org.junit.runners.ParentRunner.access$000(ParentRunner.java:53)
	at org.junit.runners.ParentRunner$2.evaluate(ParentRunner.java:229)
	at org.junit.runners.ParentRunner.run(ParentRunner.java:309)
	at cucumber.runtime.junit.FeatureRunner.run(FeatureRunner.java:70)
	at cucumber.api.junit.Cucumber.runChild(Cucumber.java:77)
	at cucumber.api.junit.Cucumber.runChild(Cucumber.java:37)
	at org.junit.runners.ParentRunner$3.run(ParentRunner.java:238)
	at org.junit.runners.ParentRunner$1.schedule(ParentRunner.java:63)
	at org.junit.runners.ParentRunner.runChildren(ParentRunner.java:236)
	at org.junit.runners.ParentRunner.access$000(ParentRunner.java:53)
	at org.junit.runners.ParentRunner$2.evaluate(ParentRunner.java:229)
	at org.junit.runners.ParentRunner.run(ParentRunner.java:309)
	at cucumber.api.junit.Cucumber.run(Cucumber.java:82)
	at org.apache.maven.surefire.junit4.JUnit4Provider.execute(JUnit4Provider.java:252)
	at org.apache.maven.surefire.junit4.JUnit4Provider.executeTestSet(JUnit4Provider.java:141)
	at org.apache.maven.surefire.junit4.JUnit4Provider.invoke(JUnit4Provider.java:112)
	at sun.reflect.NativeMethodAccessorImpl.invoke0(Native Method)
	at sun.reflect.NativeMethodAccessorImpl.invoke(NativeMethodAccessorImpl.java:57)
	at sun.reflect.DelegatingMethodAccessorImpl.invoke(DelegatingMethodAccessorImpl.java:43)
	at java.lang.reflect.Method.invoke(Method.java:606)
	at org.apache.maven.surefire.util.ReflectionUtils.invokeMethodWithArray(ReflectionUtils.java:189)
	at org.apache.maven.surefire.booter.ProviderFactory$ProviderProxy.invoke(ProviderFactory.java:165)
	at org.apache.maven.surefire.booter.ProviderFactory.invokeProvider(ProviderFactory.java:85)
	at org.apache.maven.surefire.booter.ForkedBooter.runSuitesInProcess(ForkedBooter.java:113)
	at org.apache.maven.surefire.booter.ForkedBooter.main(ForkedBooter.java:75)
</error>
  </testcase>
  <testcase time="0" classname="| 5RBI-EI-DB-DL-REC-NOCOM-RNI-CTPD-SAR-MD-TR-1-ONTIME-Loanproduct4.xlsx |" name="Given I navigate to mifos"/>
  <testcase time="0" classname="| 5RBI-EI-DB-DL-REC-NOCOM-RNI-CTPD-SAR-MD-TR-1-ONTIME-Loanproduct4.xlsx |" name="And I use login folder"/>
  <testcase time="0" classname="| 5RBI-EI-DB-DL-REC-NOCOM-RNI-CTPD-SAR-MD-TR-1-ONTIME-Loanproduct4.xlsx |" name="When I login into mifos site using excel sheet"/>
  <testcase time="0" classname="| 5RBI-EI-DB-DL-REC-NOCOM-RNI-CTPD-SAR-MD-TR-1-ONTIME-Loanproduct4.xlsx |" name="Then I should see logged in successfully"/>
  <testcase time="0" classname="| 5RBI-EI-DB-DL-REC-NOCOM-RNI-CTPD-SAR-MD-TR-1-ONTIME-Loanproduct4.xlsx |" name="Given I setup the product loan"/>
  <testcase time="0" classname="| 5RBI-EI-DB-DL-REC-NOCOM-RNI-CTPD-SAR-MD-TR-1-ONTIME-Loanproduct4.xlsx |" name="And I entered the values into product loan using"/>
  <testcase time="0" classname="| 5RBI-EI-DB-DL-REC-NOCOM-RNI-CTPD-SAR-MD-TR-1-ONTIME-Loanproduct4.xlsx |" name="Then I should see product loan created successfully">
    <error message="Timed out after 100 seconds waiting for visibility of element located by By.selector: legend.ng-binding
Build info: version: &apos;2.29.1&apos;, revision: &apos;dfb1306b85be4934d23c123122e06e602a15e446&apos;, time: &apos;2013-01-22 12:58:05&apos;
System info: os.name: &apos;Windows Server 2012&apos;, os.arch: &apos;amd64&apos;, os.version: &apos;6.2&apos;, java.version: &apos;1.7.0_51&apos;
Driver info: driver.version: unknown" type="org.openqa.selenium.TimeoutException">org.openqa.selenium.TimeoutException: Timed out after 100 seconds waiting for visibility of element located by By.selector: legend.ng-binding
Build info: version: &apos;2.29.1&apos;, revision: &apos;dfb1306b85be4934d23c123122e06e602a15e446&apos;, time: &apos;2013-01-22 12:58:05&apos;
System info: os.name: &apos;Windows Server 2012&apos;, os.arch: &apos;amd64&apos;, os.version: &apos;6.2&apos;, java.version: &apos;1.7.0_51&apos;
Driver info: driver.version: unknown
	at org.openqa.selenium.support.ui.FluentWait.timeoutException(FluentWait.java:259)
	at org.openqa.selenium.support.ui.FluentWait.until(FluentWait.java:228)
	at com.mifos.pages.MifosWebPage.waitForElementToBeVisible(MifosWebPage.java:210)
	at com.mifos.pages.MifosWebPage.getElement(MifosWebPage.java:699)
	at com.mifos.pages.MifosWebPage.getElement(MifosWebPage.java:684)
	at com.mifos.pages.MifosWebPage.getSingleText(MifosWebPage.java:941)
	at com.mifos.pages.MifosWebPage.validateSame(MifosWebPage.java:947)
	at com.mifos.pages.MifosWebPage.verifySuccessMessage(MifosWebPage.java:1815)
	at com.mifos.pages.FrontPage.verifyProductLoanExcelSheet(FrontPage.java:472)
	at com.mifos.steps.LoanProductSteps.I_should_see_product_loan_created_successfully(LoanProductSteps.java:27)
	at ✽.Then I should see product loan created successfully(LoanRBI.feature:18)
Caused by: org.openqa.selenium.NoSuchElementException: no such element
  (Session info: chrome=43.0.2357.124)
  (Driver info: chromedriver=2.8.241075,platform=Windows NT 6.3 x86_64) (WARNING: The server did not provide any stacktrace information)
Command duration or timeout: 30.00 seconds
For documentation on this error, please visit: http://seleniumhq.org/exceptions/no_such_element.html
Build info: version: &apos;2.29.1&apos;, revision: &apos;dfb1306b85be4934d23c123122e06e602a15e446&apos;, time: &apos;2013-01-22 12:58:05&apos;
System info: os.name: &apos;Windows Server 2012&apos;, os.arch: &apos;amd64&apos;, os.version: &apos;6.2&apos;, java.version: &apos;1.7.0_51&apos;
Session ID: 16ee3ef75f8c576f949bc4573a362cdc
Driver info: org.openqa.selenium.chrome.ChromeDriver
Capabilities [{platform=XP, acceptSslCerts=true, javascriptEnabled=true, browserName=chrome, chrome={userDataDir=C:\Users\ADMINI~1\AppData\Local\Temp\2\scoped_dir1452_24089}, rotatable=false, locationContextEnabled=true, version=43.0.2357.124, takesHeapSnapshot=true, cssSelectorsEnabled=true, databaseEnabled=false, handlesAlerts=true, browserConnectionEnabled=false, webStorageEnabled=true, nativeEvents=true, applicationCacheEnabled=false, takesScreenshot=true}]
	at sun.reflect.GeneratedConstructorAccessor53.newInstance(Unknown Source)
	at sun.reflect.DelegatingConstructorAccessorImpl.newInstance(DelegatingConstructorAccessorImpl.java:45)
	at java.lang.reflect.Constructor.newInstance(Constructor.java:526)
	at org.openqa.selenium.remote.ErrorHandler.createThrowable(ErrorHandler.java:187)
	at org.openqa.selenium.remote.ErrorHandler.throwIfResponseFailed(ErrorHandler.java:145)
	at org.openqa.selenium.remote.RemoteWebDriver.execute(RemoteWebDriver.java:554)
	at org.openqa.selenium.remote.RemoteWebDriver.findElement(RemoteWebDriver.java:307)
	at org.openqa.selenium.remote.RemoteWebDriver.findElementByCssSelector(RemoteWebDriver.java:396)
	at org.openqa.selenium.By$ByCssSelector.findElement(By.java:406)
	at org.openqa.selenium.remote.RemoteWebDriver.findElement(RemoteWebDriver.java:299)
	at sun.reflect.GeneratedMethodAccessor8.invoke(Unknown Source)
	at sun.reflect.DelegatingMethodAccessorImpl.invoke(DelegatingMethodAccessorImpl.java:43)
	at java.lang.reflect.Method.invoke(Method.java:606)
	at org.openqa.selenium.support.events.EventFiringWebDriver$2.invoke(EventFiringWebDriver.java:101)
	at com.sun.proxy.$Proxy16.findElement(Unknown Source)
	at org.openqa.selenium.support.events.EventFiringWebDriver.findElement(EventFiringWebDriver.java:180)
	at org.openqa.selenium.support.ui.ExpectedConditions.findElement(ExpectedConditions.java:523)
	at org.openqa.selenium.support.ui.ExpectedConditions.access$000(ExpectedConditions.java:39)
	at org.openqa.selenium.support.ui.ExpectedConditions$4.apply(ExpectedConditions.java:130)
	at org.openqa.selenium.support.ui.ExpectedConditions$4.apply(ExpectedConditions.java:126)
	at org.openqa.selenium.support.ui.FluentWait.until(FluentWait.java:208)
	at com.mifos.pages.MifosWebPage.waitForElementToBeVisible(MifosWebPage.java:210)
	at com.mifos.pages.MifosWebPage.getElement(MifosWebPage.java:699)
	at com.mifos.pages.MifosWebPage.getElement(MifosWebPage.java:684)
	at com.mifos.pages.MifosWebPage.getSingleText(MifosWebPage.java:941)
	at com.mifos.pages.MifosWebPage.validateSame(MifosWebPage.java:947)
	at com.mifos.pages.MifosWebPage.verifySuccessMessage(MifosWebPage.java:1815)
	at com.mifos.pages.FrontPage.verifyProductLoanExcelSheet(FrontPage.java:472)
	at com.mifos.steps.LoanProductSteps.I_should_see_product_loan_created_successfully(LoanProductSteps.java:27)
	at sun.reflect.GeneratedMethodAccessor59.invoke(Unknown Source)
	at sun.reflect.DelegatingMethodAccessorImpl.invoke(DelegatingMethodAccessorImpl.java:43)
	at java.lang.reflect.Method.invoke(Method.java:606)
	at cucumber.runtime.Utils$1.call(Utils.java:44)
	at cucumber.runtime.Timeout.timeout(Timeout.java:12)
	at cucumber.runtime.Utils.invoke(Utils.java:40)
	at cucumber.runtime.java.JavaStepDefinition.execute(JavaStepDefinition.java:35)
	at cucumber.runtime.StepDefinitionMatch.runStep(StepDefinitionMatch.java:38)
	at cucumber.runtime.Runtime.runStep(Runtime.java:268)
	at cucumber.runtime.model.StepContainer.runStep(StepContainer.java:45)
	at cucumber.runtime.model.StepContainer.runSteps(StepContainer.java:40)
	at cucumber.runtime.model.CucumberScenario.run(CucumberScenario.java:36)
	at cucumber.runtime.junit.ExecutionUnitRunner.run(ExecutionUnitRunner.java:83)
	at org.junit.runners.Suite.runChild(Suite.java:127)
	at org.junit.runners.Suite.runChild(Suite.java:26)
	at org.junit.runners.ParentRunner$3.run(ParentRunner.java:238)
	at org.junit.runners.ParentRunner$1.schedule(ParentRunner.java:63)
	at org.junit.runners.ParentRunner.runChildren(ParentRunner.java:236)
	at org.junit.runners.ParentRunner.access$000(ParentRunner.java:53)
	at org.junit.runners.ParentRunner$2.evaluate(ParentRunner.java:229)
	at org.junit.runners.ParentRunner.run(ParentRunner.java:309)
	at org.junit.runners.Suite.runChild(Suite.java:127)
	at org.junit.runners.Suite.runChild(Suite.java:26)
	at org.junit.runners.ParentRunner$3.run(ParentRunner.java:238)
	at org.junit.runners.ParentRunner$1.schedule(ParentRunner.java:63)
	at org.junit.runners.ParentRunner.runChildren(ParentRunner.java:236)
	at org.junit.runners.ParentRunner.access$000(ParentRunner.java:53)
	at org.junit.runners.ParentRunner$2.evaluate(ParentRunner.java:229)
	at org.junit.runners.ParentRunner.run(ParentRunner.java:309)
	at cucumber.runtime.junit.FeatureRunner.runChild(FeatureRunner.java:63)
	at cucumber.runtime.junit.FeatureRunner.runChild(FeatureRunner.java:18)
	at org.junit.runners.ParentRunner$3.run(ParentRunner.java:238)
	at org.junit.runners.ParentRunner$1.schedule(ParentRunner.java:63)
	at org.junit.runners.ParentRunner.runChildren(ParentRunner.java:236)
	at org.junit.runners.ParentRunner.access$000(ParentRunner.java:53)
	at org.junit.runners.ParentRunner$2.evaluate(ParentRunner.java:229)
	at org.junit.runners.ParentRunner.run(ParentRunner.java:309)
	at cucumber.runtime.junit.FeatureRunner.run(FeatureRunner.java:70)
	at cucumber.api.junit.Cucumber.runChild(Cucumber.java:77)
	at cucumber.api.junit.Cucumber.runChild(Cucumber.java:37)
	at org.junit.runners.ParentRunner$3.run(ParentRunner.java:238)
	at org.junit.runners.ParentRunner$1.schedule(ParentRunner.java:63)
	at org.junit.runners.ParentRunner.runChildren(ParentRunner.java:236)
	at org.junit.runners.ParentRunner.access$000(ParentRunner.java:53)
	at org.junit.runners.ParentRunner$2.evaluate(ParentRunner.java:229)
	at org.junit.runners.ParentRunner.run(ParentRunner.java:309)
	at cucumber.api.junit.Cucumber.run(Cucumber.java:82)
	at org.apache.maven.surefire.junit4.JUnit4Provider.execute(JUnit4Provider.java:252)
	at org.apache.maven.surefire.junit4.JUnit4Provider.executeTestSet(JUnit4Provider.java:141)
	at org.apache.maven.surefire.junit4.JUnit4Provider.invoke(JUnit4Provider.java:112)
	at sun.reflect.NativeMethodAccessorImpl.invoke0(Native Method)
	at sun.reflect.NativeMethodAccessorImpl.invoke(NativeMethodAccessorImpl.java:57)
	at sun.reflect.DelegatingMethodAccessorImpl.invoke(DelegatingMethodAccessorImpl.java:43)
	at java.lang.reflect.Method.invoke(Method.java:606)
	at org.apache.maven.surefire.util.ReflectionUtils.invokeMethodWithArray(ReflectionUtils.java:189)
	at org.apache.maven.surefire.booter.ProviderFactory$ProviderProxy.invoke(ProviderFactory.java:165)
	at org.apache.maven.surefire.booter.ProviderFactory.invokeProvider(ProviderFactory.java:85)
	at org.apache.maven.surefire.booter.ForkedBooter.runSuitesInProcess(ForkedBooter.java:113)
	at org.apache.maven.surefire.booter.ForkedBooter.main(ForkedBooter.java:75)
</error>
    <system-out>welcome to mifos through excel
Cell One ... key=productname
5RBI-EI-DB-DL-REC-NOCOM-RNI-CTPD-SAR-MD-TR-1-ONTIME
5RBI-EI-DB-DL-REC-NOCOM-RNI-CTPD-SAR-MD-TR-1-ONTIME
</system-out>
  </testcase>
  <testcase time="0.016" classname="| 5RBI-EI-DB-DL-REC-NOCOM-RNI-CTPD-SAR-MD-TR-1-ONTIME-Loanproduct4.xlsx |" name="| 5RBI-EI-DB-DL-REC-NOCOM-RNI-CTPD-SAR-MD-TR-1-ONTIME-Loanproduct4.xlsx |">
    <error message="Timed out after 100 seconds waiting for visibility of element located by By.selector: legend.ng-binding
Build info: version: &apos;2.29.1&apos;, revision: &apos;dfb1306b85be4934d23c123122e06e602a15e446&apos;, time: &apos;2013-01-22 12:58:05&apos;
System info: os.name: &apos;Windows Server 2012&apos;, os.arch: &apos;amd64&apos;, os.version: &apos;6.2&apos;, java.version: &apos;1.7.0_51&apos;
Driver info: driver.version: unknown" type="org.openqa.selenium.TimeoutException">org.openqa.selenium.TimeoutException: Timed out after 100 seconds waiting for visibility of element located by By.selector: legend.ng-binding
Build info: version: &apos;2.29.1&apos;, revision: &apos;dfb1306b85be4934d23c123122e06e602a15e446&apos;, time: &apos;2013-01-22 12:58:05&apos;
System info: os.name: &apos;Windows Server 2012&apos;, os.arch: &apos;amd64&apos;, os.version: &apos;6.2&apos;, java.version: &apos;1.7.0_51&apos;
Driver info: driver.version: unknown
	at org.openqa.selenium.support.ui.FluentWait.timeoutException(FluentWait.java:259)
	at org.openqa.selenium.support.ui.FluentWait.until(FluentWait.java:228)
	at com.mifos.pages.MifosWebPage.waitForElementToBeVisible(MifosWebPage.java:210)
	at com.mifos.pages.MifosWebPage.getElement(MifosWebPage.java:699)
	at com.mifos.pages.MifosWebPage.getElement(MifosWebPage.java:684)
	at com.mifos.pages.MifosWebPage.getSingleText(MifosWebPage.java:941)
	at com.mifos.pages.MifosWebPage.validateSame(MifosWebPage.java:947)
	at com.mifos.pages.MifosWebPage.verifySuccessMessage(MifosWebPage.java:1815)
	at com.mifos.pages.FrontPage.verifyProductLoanExcelSheet(FrontPage.java:472)
	at com.mifos.steps.LoanProductSteps.I_should_see_product_loan_created_successfully(LoanProductSteps.java:27)
	at ✽.Then I should see product loan created successfully(LoanRBI.feature:18)
Caused by: org.openqa.selenium.NoSuchElementException: no such element
  (Session info: chrome=43.0.2357.124)
  (Driver info: chromedriver=2.8.241075,platform=Windows NT 6.3 x86_64) (WARNING: The server did not provide any stacktrace information)
Command duration or timeout: 30.00 seconds
For documentation on this error, please visit: http://seleniumhq.org/exceptions/no_such_element.html
Build info: version: &apos;2.29.1&apos;, revision: &apos;dfb1306b85be4934d23c123122e06e602a15e446&apos;, time: &apos;2013-01-22 12:58:05&apos;
System info: os.name: &apos;Windows Server 2012&apos;, os.arch: &apos;amd64&apos;, os.version: &apos;6.2&apos;, java.version: &apos;1.7.0_51&apos;
Session ID: 16ee3ef75f8c576f949bc4573a362cdc
Driver info: org.openqa.selenium.chrome.ChromeDriver
Capabilities [{platform=XP, acceptSslCerts=true, javascriptEnabled=true, browserName=chrome, chrome={userDataDir=C:\Users\ADMINI~1\AppData\Local\Temp\2\scoped_dir1452_24089}, rotatable=false, locationContextEnabled=true, version=43.0.2357.124, takesHeapSnapshot=true, cssSelectorsEnabled=true, databaseEnabled=false, handlesAlerts=true, browserConnectionEnabled=false, webStorageEnabled=true, nativeEvents=true, applicationCacheEnabled=false, takesScreenshot=true}]
	at sun.reflect.GeneratedConstructorAccessor53.newInstance(Unknown Source)
	at sun.reflect.DelegatingConstructorAccessorImpl.newInstance(DelegatingConstructorAccessorImpl.java:45)
	at java.lang.reflect.Constructor.newInstance(Constructor.java:526)
	at org.openqa.selenium.remote.ErrorHandler.createThrowable(ErrorHandler.java:187)
	at org.openqa.selenium.remote.ErrorHandler.throwIfResponseFailed(ErrorHandler.java:145)
	at org.openqa.selenium.remote.RemoteWebDriver.execute(RemoteWebDriver.java:554)
	at org.openqa.selenium.remote.RemoteWebDriver.findElement(RemoteWebDriver.java:307)
	at org.openqa.selenium.remote.RemoteWebDriver.findElementByCssSelector(RemoteWebDriver.java:396)
	at org.openqa.selenium.By$ByCssSelector.findElement(By.java:406)
	at org.openqa.selenium.remote.RemoteWebDriver.findElement(RemoteWebDriver.java:299)
	at sun.reflect.GeneratedMethodAccessor8.invoke(Unknown Source)
	at sun.reflect.DelegatingMethodAccessorImpl.invoke(DelegatingMethodAccessorImpl.java:43)
	at java.lang.reflect.Method.invoke(Method.java:606)
	at org.openqa.selenium.support.events.EventFiringWebDriver$2.invoke(EventFiringWebDriver.java:101)
	at com.sun.proxy.$Proxy16.findElement(Unknown Source)
	at org.openqa.selenium.support.events.EventFiringWebDriver.findElement(EventFiringWebDriver.java:180)
	at org.openqa.selenium.support.ui.ExpectedConditions.findElement(ExpectedConditions.java:523)
	at org.openqa.selenium.support.ui.ExpectedConditions.access$000(ExpectedConditions.java:39)
	at org.openqa.selenium.support.ui.ExpectedConditions$4.apply(ExpectedConditions.java:130)
	at org.openqa.selenium.support.ui.ExpectedConditions$4.apply(ExpectedConditions.java:126)
	at org.openqa.selenium.support.ui.FluentWait.until(FluentWait.java:208)
	at com.mifos.pages.MifosWebPage.waitForElementToBeVisible(MifosWebPage.java:210)
	at com.mifos.pages.MifosWebPage.getElement(MifosWebPage.java:699)
	at com.mifos.pages.MifosWebPage.getElement(MifosWebPage.java:684)
	at com.mifos.pages.MifosWebPage.getSingleText(MifosWebPage.java:941)
	at com.mifos.pages.MifosWebPage.validateSame(MifosWebPage.java:947)
	at com.mifos.pages.MifosWebPage.verifySuccessMessage(MifosWebPage.java:1815)
	at com.mifos.pages.FrontPage.verifyProductLoanExcelSheet(FrontPage.java:472)
	at com.mifos.steps.LoanProductSteps.I_should_see_product_loan_created_successfully(LoanProductSteps.java:27)
	at sun.reflect.GeneratedMethodAccessor59.invoke(Unknown Source)
	at sun.reflect.DelegatingMethodAccessorImpl.invoke(DelegatingMethodAccessorImpl.java:43)
	at java.lang.reflect.Method.invoke(Method.java:606)
	at cucumber.runtime.Utils$1.call(Utils.java:44)
	at cucumber.runtime.Timeout.timeout(Timeout.java:12)
	at cucumber.runtime.Utils.invoke(Utils.java:40)
	at cucumber.runtime.java.JavaStepDefinition.execute(JavaStepDefinition.java:35)
	at cucumber.runtime.StepDefinitionMatch.runStep(StepDefinitionMatch.java:38)
	at cucumber.runtime.Runtime.runStep(Runtime.java:268)
	at cucumber.runtime.model.StepContainer.runStep(StepContainer.java:45)
	at cucumber.runtime.model.StepContainer.runSteps(StepContainer.java:40)
	at cucumber.runtime.model.CucumberScenario.run(CucumberScenario.java:36)
	at cucumber.runtime.junit.ExecutionUnitRunner.run(ExecutionUnitRunner.java:83)
	at org.junit.runners.Suite.runChild(Suite.java:127)
	at org.junit.runners.Suite.runChild(Suite.java:26)
	at org.junit.runners.ParentRunner$3.run(ParentRunner.java:238)
	at org.junit.runners.ParentRunner$1.schedule(ParentRunner.java:63)
	at org.junit.runners.ParentRunner.runChildren(ParentRunner.java:236)
	at org.junit.runners.ParentRunner.access$000(ParentRunner.java:53)
	at org.junit.runners.ParentRunner$2.evaluate(ParentRunner.java:229)
	at org.junit.runners.ParentRunner.run(ParentRunner.java:309)
	at org.junit.runners.Suite.runChild(Suite.java:127)
	at org.junit.runners.Suite.runChild(Suite.java:26)
	at org.junit.runners.ParentRunner$3.run(ParentRunner.java:238)
	at org.junit.runners.ParentRunner$1.schedule(ParentRunner.java:63)
	at org.junit.runners.ParentRunner.runChildren(ParentRunner.java:236)
	at org.junit.runners.ParentRunner.access$000(ParentRunner.java:53)
	at org.junit.runners.ParentRunner$2.evaluate(ParentRunner.java:229)
	at org.junit.runners.ParentRunner.run(ParentRunner.java:309)
	at cucumber.runtime.junit.FeatureRunner.runChild(FeatureRunner.java:63)
	at cucumber.runtime.junit.FeatureRunner.runChild(FeatureRunner.java:18)
	at org.junit.runners.ParentRunner$3.run(ParentRunner.java:238)
	at org.junit.runners.ParentRunner$1.schedule(ParentRunner.java:63)
	at org.junit.runners.ParentRunner.runChildren(ParentRunner.java:236)
	at org.junit.runners.ParentRunner.access$000(ParentRunner.java:53)
	at org.junit.runners.ParentRunner$2.evaluate(ParentRunner.java:229)
	at org.junit.runners.ParentRunner.run(ParentRunner.java:309)
	at cucumber.runtime.junit.FeatureRunner.run(FeatureRunner.java:70)
	at cucumber.api.junit.Cucumber.runChild(Cucumber.java:77)
	at cucumber.api.junit.Cucumber.runChild(Cucumber.java:37)
	at org.junit.runners.ParentRunner$3.run(ParentRunner.java:238)
	at org.junit.runners.ParentRunner$1.schedule(ParentRunner.java:63)
	at org.junit.runners.ParentRunner.runChildren(ParentRunner.java:236)
	at org.junit.runners.ParentRunner.access$000(ParentRunner.java:53)
	at org.junit.runners.ParentRunner$2.evaluate(ParentRunner.java:229)
	at org.junit.runners.ParentRunner.run(ParentRunner.java:309)
	at cucumber.api.junit.Cucumber.run(Cucumber.java:82)
	at org.apache.maven.surefire.junit4.JUnit4Provider.execute(JUnit4Provider.java:252)
	at org.apache.maven.surefire.junit4.JUnit4Provider.executeTestSet(JUnit4Provider.java:141)
	at org.apache.maven.surefire.junit4.JUnit4Provider.invoke(JUnit4Provider.java:112)
	at sun.reflect.NativeMethodAccessorImpl.invoke0(Native Method)
	at sun.reflect.NativeMethodAccessorImpl.invoke(NativeMethodAccessorImpl.java:57)
	at sun.reflect.DelegatingMethodAccessorImpl.invoke(DelegatingMethodAccessorImpl.java:43)
	at java.lang.reflect.Method.invoke(Method.java:606)
	at org.apache.maven.surefire.util.ReflectionUtils.invokeMethodWithArray(ReflectionUtils.java:189)
	at org.apache.maven.surefire.booter.ProviderFactory$ProviderProxy.invoke(ProviderFactory.java:165)
	at org.apache.maven.surefire.booter.ProviderFactory.invokeProvider(ProviderFactory.java:85)
	at org.apache.maven.surefire.booter.ForkedBooter.runSuitesInProcess(ForkedBooter.java:113)
	at org.apache.maven.surefire.booter.ForkedBooter.main(ForkedBooter.java:75)
</error>
  </testcase>
  <testcase time="0.001" classname="| 6RBI-EI-DB-DL-REC-NOCOM-RNI-CTPD-DL-MD-TR-1-ONTIME-Loanproduct4.xlsx |" name="Given I navigate to mifos"/>
  <testcase time="0" classname="| 6RBI-EI-DB-DL-REC-NOCOM-RNI-CTPD-DL-MD-TR-1-ONTIME-Loanproduct4.xlsx |" name="And I use login folder"/>
  <testcase time="0" classname="| 6RBI-EI-DB-DL-REC-NOCOM-RNI-CTPD-DL-MD-TR-1-ONTIME-Loanproduct4.xlsx |" name="When I login into mifos site using excel sheet"/>
  <testcase time="0" classname="| 6RBI-EI-DB-DL-REC-NOCOM-RNI-CTPD-DL-MD-TR-1-ONTIME-Loanproduct4.xlsx |" name="Then I should see logged in successfully"/>
  <testcase time="0" classname="| 6RBI-EI-DB-DL-REC-NOCOM-RNI-CTPD-DL-MD-TR-1-ONTIME-Loanproduct4.xlsx |" name="Given I setup the product loan"/>
  <testcase time="0" classname="| 6RBI-EI-DB-DL-REC-NOCOM-RNI-CTPD-DL-MD-TR-1-ONTIME-Loanproduct4.xlsx |" name="And I entered the values into product loan using"/>
  <testcase time="0" classname="| 6RBI-EI-DB-DL-REC-NOCOM-RNI-CTPD-DL-MD-TR-1-ONTIME-Loanproduct4.xlsx |" name="Then I should see product loan created successfully">
    <error message="Timed out after 100 seconds waiting for visibility of element located by By.selector: legend.ng-binding
Build info: version: &apos;2.29.1&apos;, revision: &apos;dfb1306b85be4934d23c123122e06e602a15e446&apos;, time: &apos;2013-01-22 12:58:05&apos;
System info: os.name: &apos;Windows Server 2012&apos;, os.arch: &apos;amd64&apos;, os.version: &apos;6.2&apos;, java.version: &apos;1.7.0_51&apos;
Driver info: driver.version: unknown" type="org.openqa.selenium.TimeoutException">org.openqa.selenium.TimeoutException: Timed out after 100 seconds waiting for visibility of element located by By.selector: legend.ng-binding
Build info: version: &apos;2.29.1&apos;, revision: &apos;dfb1306b85be4934d23c123122e06e602a15e446&apos;, time: &apos;2013-01-22 12:58:05&apos;
System info: os.name: &apos;Windows Server 2012&apos;, os.arch: &apos;amd64&apos;, os.version: &apos;6.2&apos;, java.version: &apos;1.7.0_51&apos;
Driver info: driver.version: unknown
	at org.openqa.selenium.support.ui.FluentWait.timeoutException(FluentWait.java:259)
	at org.openqa.selenium.support.ui.FluentWait.until(FluentWait.java:228)
	at com.mifos.pages.MifosWebPage.waitForElementToBeVisible(MifosWebPage.java:210)
	at com.mifos.pages.MifosWebPage.getElement(MifosWebPage.java:699)
	at com.mifos.pages.MifosWebPage.getElement(MifosWebPage.java:684)
	at com.mifos.pages.MifosWebPage.getSingleText(MifosWebPage.java:941)
	at com.mifos.pages.MifosWebPage.validateSame(MifosWebPage.java:947)
	at com.mifos.pages.MifosWebPage.verifySuccessMessage(MifosWebPage.java:1815)
	at com.mifos.pages.FrontPage.verifyProductLoanExcelSheet(FrontPage.java:472)
	at com.mifos.steps.LoanProductSteps.I_should_see_product_loan_created_successfully(LoanProductSteps.java:27)
	at ✽.Then I should see product loan created successfully(LoanRBI.feature:18)
Caused by: org.openqa.selenium.NoSuchElementException: no such element
  (Session info: chrome=43.0.2357.124)
  (Driver info: chromedriver=2.8.241075,platform=Windows NT 6.3 x86_64) (WARNING: The server did not provide any stacktrace information)
Command duration or timeout: 30.03 seconds
For documentation on this error, please visit: http://seleniumhq.org/exceptions/no_such_element.html
Build info: version: &apos;2.29.1&apos;, revision: &apos;dfb1306b85be4934d23c123122e06e602a15e446&apos;, time: &apos;2013-01-22 12:58:05&apos;
System info: os.name: &apos;Windows Server 2012&apos;, os.arch: &apos;amd64&apos;, os.version: &apos;6.2&apos;, java.version: &apos;1.7.0_51&apos;
Session ID: a9c39a58d878d175c5facb584bad0074
Driver info: org.openqa.selenium.chrome.ChromeDriver
Capabilities [{platform=XP, acceptSslCerts=true, javascriptEnabled=true, browserName=chrome, chrome={userDataDir=C:\Users\ADMINI~1\AppData\Local\Temp\2\scoped_dir336_11581}, rotatable=false, locationContextEnabled=true, version=43.0.2357.124, takesHeapSnapshot=true, cssSelectorsEnabled=true, databaseEnabled=false, handlesAlerts=true, browserConnectionEnabled=false, webStorageEnabled=true, nativeEvents=true, applicationCacheEnabled=false, takesScreenshot=true}]
	at sun.reflect.GeneratedConstructorAccessor53.newInstance(Unknown Source)
	at sun.reflect.DelegatingConstructorAccessorImpl.newInstance(DelegatingConstructorAccessorImpl.java:45)
	at java.lang.reflect.Constructor.newInstance(Constructor.java:526)
	at org.openqa.selenium.remote.ErrorHandler.createThrowable(ErrorHandler.java:187)
	at org.openqa.selenium.remote.ErrorHandler.throwIfResponseFailed(ErrorHandler.java:145)
	at org.openqa.selenium.remote.RemoteWebDriver.execute(RemoteWebDriver.java:554)
	at org.openqa.selenium.remote.RemoteWebDriver.findElement(RemoteWebDriver.java:307)
	at org.openqa.selenium.remote.RemoteWebDriver.findElementByCssSelector(RemoteWebDriver.java:396)
	at org.openqa.selenium.By$ByCssSelector.findElement(By.java:406)
	at org.openqa.selenium.remote.RemoteWebDriver.findElement(RemoteWebDriver.java:299)
	at sun.reflect.GeneratedMethodAccessor8.invoke(Unknown Source)
	at sun.reflect.DelegatingMethodAccessorImpl.invoke(DelegatingMethodAccessorImpl.java:43)
	at java.lang.reflect.Method.invoke(Method.java:606)
	at org.openqa.selenium.support.events.EventFiringWebDriver$2.invoke(EventFiringWebDriver.java:101)
	at com.sun.proxy.$Proxy16.findElement(Unknown Source)
	at org.openqa.selenium.support.events.EventFiringWebDriver.findElement(EventFiringWebDriver.java:180)
	at org.openqa.selenium.support.ui.ExpectedConditions.findElement(ExpectedConditions.java:523)
	at org.openqa.selenium.support.ui.ExpectedConditions.access$000(ExpectedConditions.java:39)
	at org.openqa.selenium.support.ui.ExpectedConditions$4.apply(ExpectedConditions.java:130)
	at org.openqa.selenium.support.ui.ExpectedConditions$4.apply(ExpectedConditions.java:126)
	at org.openqa.selenium.support.ui.FluentWait.until(FluentWait.java:208)
	at com.mifos.pages.MifosWebPage.waitForElementToBeVisible(MifosWebPage.java:210)
	at com.mifos.pages.MifosWebPage.getElement(MifosWebPage.java:699)
	at com.mifos.pages.MifosWebPage.getElement(MifosWebPage.java:684)
	at com.mifos.pages.MifosWebPage.getSingleText(MifosWebPage.java:941)
	at com.mifos.pages.MifosWebPage.validateSame(MifosWebPage.java:947)
	at com.mifos.pages.MifosWebPage.verifySuccessMessage(MifosWebPage.java:1815)
	at com.mifos.pages.FrontPage.verifyProductLoanExcelSheet(FrontPage.java:472)
	at com.mifos.steps.LoanProductSteps.I_should_see_product_loan_created_successfully(LoanProductSteps.java:27)
	at sun.reflect.GeneratedMethodAccessor59.invoke(Unknown Source)
	at sun.reflect.DelegatingMethodAccessorImpl.invoke(DelegatingMethodAccessorImpl.java:43)
	at java.lang.reflect.Method.invoke(Method.java:606)
	at cucumber.runtime.Utils$1.call(Utils.java:44)
	at cucumber.runtime.Timeout.timeout(Timeout.java:12)
	at cucumber.runtime.Utils.invoke(Utils.java:40)
	at cucumber.runtime.java.JavaStepDefinition.execute(JavaStepDefinition.java:35)
	at cucumber.runtime.StepDefinitionMatch.runStep(StepDefinitionMatch.java:38)
	at cucumber.runtime.Runtime.runStep(Runtime.java:268)
	at cucumber.runtime.model.StepContainer.runStep(StepContainer.java:45)
	at cucumber.runtime.model.StepContainer.runSteps(StepContainer.java:40)
	at cucumber.runtime.model.CucumberScenario.run(CucumberScenario.java:36)
	at cucumber.runtime.junit.ExecutionUnitRunner.run(ExecutionUnitRunner.java:83)
	at org.junit.runners.Suite.runChild(Suite.java:127)
	at org.junit.runners.Suite.runChild(Suite.java:26)
	at org.junit.runners.ParentRunner$3.run(ParentRunner.java:238)
	at org.junit.runners.ParentRunner$1.schedule(ParentRunner.java:63)
	at org.junit.runners.ParentRunner.runChildren(ParentRunner.java:236)
	at org.junit.runners.ParentRunner.access$000(ParentRunner.java:53)
	at org.junit.runners.ParentRunner$2.evaluate(ParentRunner.java:229)
	at org.junit.runners.ParentRunner.run(ParentRunner.java:309)
	at org.junit.runners.Suite.runChild(Suite.java:127)
	at org.junit.runners.Suite.runChild(Suite.java:26)
	at org.junit.runners.ParentRunner$3.run(ParentRunner.java:238)
	at org.junit.runners.ParentRunner$1.schedule(ParentRunner.java:63)
	at org.junit.runners.ParentRunner.runChildren(ParentRunner.java:236)
	at org.junit.runners.ParentRunner.access$000(ParentRunner.java:53)
	at org.junit.runners.ParentRunner$2.evaluate(ParentRunner.java:229)
	at org.junit.runners.ParentRunner.run(ParentRunner.java:309)
	at cucumber.runtime.junit.FeatureRunner.runChild(FeatureRunner.java:63)
	at cucumber.runtime.junit.FeatureRunner.runChild(FeatureRunner.java:18)
	at org.junit.runners.ParentRunner$3.run(ParentRunner.java:238)
	at org.junit.runners.ParentRunner$1.schedule(ParentRunner.java:63)
	at org.junit.runners.ParentRunner.runChildren(ParentRunner.java:236)
	at org.junit.runners.ParentRunner.access$000(ParentRunner.java:53)
	at org.junit.runners.ParentRunner$2.evaluate(ParentRunner.java:229)
	at org.junit.runners.ParentRunner.run(ParentRunner.java:309)
	at cucumber.runtime.junit.FeatureRunner.run(FeatureRunner.java:70)
	at cucumber.api.junit.Cucumber.runChild(Cucumber.java:77)
	at cucumber.api.junit.Cucumber.runChild(Cucumber.java:37)
	at org.junit.runners.ParentRunner$3.run(ParentRunner.java:238)
	at org.junit.runners.ParentRunner$1.schedule(ParentRunner.java:63)
	at org.junit.runners.ParentRunner.runChildren(ParentRunner.java:236)
	at org.junit.runners.ParentRunner.access$000(ParentRunner.java:53)
	at org.junit.runners.ParentRunner$2.evaluate(ParentRunner.java:229)
	at org.junit.runners.ParentRunner.run(ParentRunner.java:309)
	at cucumber.api.junit.Cucumber.run(Cucumber.java:82)
	at org.apache.maven.surefire.junit4.JUnit4Provider.execute(JUnit4Provider.java:252)
	at org.apache.maven.surefire.junit4.JUnit4Provider.executeTestSet(JUnit4Provider.java:141)
	at org.apache.maven.surefire.junit4.JUnit4Provider.invoke(JUnit4Provider.java:112)
	at sun.reflect.NativeMethodAccessorImpl.invoke0(Native Method)
	at sun.reflect.NativeMethodAccessorImpl.invoke(NativeMethodAccessorImpl.java:57)
	at sun.reflect.DelegatingMethodAccessorImpl.invoke(DelegatingMethodAccessorImpl.java:43)
	at java.lang.reflect.Method.invoke(Method.java:606)
	at org.apache.maven.surefire.util.ReflectionUtils.invokeMethodWithArray(ReflectionUtils.java:189)
	at org.apache.maven.surefire.booter.ProviderFactory$ProviderProxy.invoke(ProviderFactory.java:165)
	at org.apache.maven.surefire.booter.ProviderFactory.invokeProvider(ProviderFactory.java:85)
	at org.apache.maven.surefire.booter.ForkedBooter.runSuitesInProcess(ForkedBooter.java:113)
	at org.apache.maven.surefire.booter.ForkedBooter.main(ForkedBooter.java:75)
</error>
    <system-out>welcome to mifos through excel
Cell One ... key=productname
6RBI-EI-DB-DL-REC-NOCOM-RNI-CTPD-DL-MD-TR-1-ONTIME
6RBI-EI-DB-DL-REC-NOCOM-RNI-CTPD-DL-MD-TR-1-ONTIME
</system-out>
  </testcase>
  <testcase time="0" classname="| 6RBI-EI-DB-DL-REC-NOCOM-RNI-CTPD-DL-MD-TR-1-ONTIME-Loanproduct4.xlsx |" name="| 6RBI-EI-DB-DL-REC-NOCOM-RNI-CTPD-DL-MD-TR-1-ONTIME-Loanproduct4.xlsx |">
    <error message="Timed out after 100 seconds waiting for visibility of element located by By.selector: legend.ng-binding
Build info: version: &apos;2.29.1&apos;, revision: &apos;dfb1306b85be4934d23c123122e06e602a15e446&apos;, time: &apos;2013-01-22 12:58:05&apos;
System info: os.name: &apos;Windows Server 2012&apos;, os.arch: &apos;amd64&apos;, os.version: &apos;6.2&apos;, java.version: &apos;1.7.0_51&apos;
Driver info: driver.version: unknown" type="org.openqa.selenium.TimeoutException">org.openqa.selenium.TimeoutException: Timed out after 100 seconds waiting for visibility of element located by By.selector: legend.ng-binding
Build info: version: &apos;2.29.1&apos;, revision: &apos;dfb1306b85be4934d23c123122e06e602a15e446&apos;, time: &apos;2013-01-22 12:58:05&apos;
System info: os.name: &apos;Windows Server 2012&apos;, os.arch: &apos;amd64&apos;, os.version: &apos;6.2&apos;, java.version: &apos;1.7.0_51&apos;
Driver info: driver.version: unknown
	at org.openqa.selenium.support.ui.FluentWait.timeoutException(FluentWait.java:259)
	at org.openqa.selenium.support.ui.FluentWait.until(FluentWait.java:228)
	at com.mifos.pages.MifosWebPage.waitForElementToBeVisible(MifosWebPage.java:210)
	at com.mifos.pages.MifosWebPage.getElement(MifosWebPage.java:699)
	at com.mifos.pages.MifosWebPage.getElement(MifosWebPage.java:684)
	at com.mifos.pages.MifosWebPage.getSingleText(MifosWebPage.java:941)
	at com.mifos.pages.MifosWebPage.validateSame(MifosWebPage.java:947)
	at com.mifos.pages.MifosWebPage.verifySuccessMessage(MifosWebPage.java:1815)
	at com.mifos.pages.FrontPage.verifyProductLoanExcelSheet(FrontPage.java:472)
	at com.mifos.steps.LoanProductSteps.I_should_see_product_loan_created_successfully(LoanProductSteps.java:27)
	at ✽.Then I should see product loan created successfully(LoanRBI.feature:18)
Caused by: org.openqa.selenium.NoSuchElementException: no such element
  (Session info: chrome=43.0.2357.124)
  (Driver info: chromedriver=2.8.241075,platform=Windows NT 6.3 x86_64) (WARNING: The server did not provide any stacktrace information)
Command duration or timeout: 30.03 seconds
For documentation on this error, please visit: http://seleniumhq.org/exceptions/no_such_element.html
Build info: version: &apos;2.29.1&apos;, revision: &apos;dfb1306b85be4934d23c123122e06e602a15e446&apos;, time: &apos;2013-01-22 12:58:05&apos;
System info: os.name: &apos;Windows Server 2012&apos;, os.arch: &apos;amd64&apos;, os.version: &apos;6.2&apos;, java.version: &apos;1.7.0_51&apos;
Session ID: a9c39a58d878d175c5facb584bad0074
Driver info: org.openqa.selenium.chrome.ChromeDriver
Capabilities [{platform=XP, acceptSslCerts=true, javascriptEnabled=true, browserName=chrome, chrome={userDataDir=C:\Users\ADMINI~1\AppData\Local\Temp\2\scoped_dir336_11581}, rotatable=false, locationContextEnabled=true, version=43.0.2357.124, takesHeapSnapshot=true, cssSelectorsEnabled=true, databaseEnabled=false, handlesAlerts=true, browserConnectionEnabled=false, webStorageEnabled=true, nativeEvents=true, applicationCacheEnabled=false, takesScreenshot=true}]
	at sun.reflect.GeneratedConstructorAccessor53.newInstance(Unknown Source)
	at sun.reflect.DelegatingConstructorAccessorImpl.newInstance(DelegatingConstructorAccessorImpl.java:45)
	at java.lang.reflect.Constructor.newInstance(Constructor.java:526)
	at org.openqa.selenium.remote.ErrorHandler.createThrowable(ErrorHandler.java:187)
	at org.openqa.selenium.remote.ErrorHandler.throwIfResponseFailed(ErrorHandler.java:145)
	at org.openqa.selenium.remote.RemoteWebDriver.execute(RemoteWebDriver.java:554)
	at org.openqa.selenium.remote.RemoteWebDriver.findElement(RemoteWebDriver.java:307)
	at org.openqa.selenium.remote.RemoteWebDriver.findElementByCssSelector(RemoteWebDriver.java:396)
	at org.openqa.selenium.By$ByCssSelector.findElement(By.java:406)
	at org.openqa.selenium.remote.RemoteWebDriver.findElement(RemoteWebDriver.java:299)
	at sun.reflect.GeneratedMethodAccessor8.invoke(Unknown Source)
	at sun.reflect.DelegatingMethodAccessorImpl.invoke(DelegatingMethodAccessorImpl.java:43)
	at java.lang.reflect.Method.invoke(Method.java:606)
	at org.openqa.selenium.support.events.EventFiringWebDriver$2.invoke(EventFiringWebDriver.java:101)
	at com.sun.proxy.$Proxy16.findElement(Unknown Source)
	at org.openqa.selenium.support.events.EventFiringWebDriver.findElement(EventFiringWebDriver.java:180)
	at org.openqa.selenium.support.ui.ExpectedConditions.findElement(ExpectedConditions.java:523)
	at org.openqa.selenium.support.ui.ExpectedConditions.access$000(ExpectedConditions.java:39)
	at org.openqa.selenium.support.ui.ExpectedConditions$4.apply(ExpectedConditions.java:130)
	at org.openqa.selenium.support.ui.ExpectedConditions$4.apply(ExpectedConditions.java:126)
	at org.openqa.selenium.support.ui.FluentWait.until(FluentWait.java:208)
	at com.mifos.pages.MifosWebPage.waitForElementToBeVisible(MifosWebPage.java:210)
	at com.mifos.pages.MifosWebPage.getElement(MifosWebPage.java:699)
	at com.mifos.pages.MifosWebPage.getElement(MifosWebPage.java:684)
	at com.mifos.pages.MifosWebPage.getSingleText(MifosWebPage.java:941)
	at com.mifos.pages.MifosWebPage.validateSame(MifosWebPage.java:947)
	at com.mifos.pages.MifosWebPage.verifySuccessMessage(MifosWebPage.java:1815)
	at com.mifos.pages.FrontPage.verifyProductLoanExcelSheet(FrontPage.java:472)
	at com.mifos.steps.LoanProductSteps.I_should_see_product_loan_created_successfully(LoanProductSteps.java:27)
	at sun.reflect.GeneratedMethodAccessor59.invoke(Unknown Source)
	at sun.reflect.DelegatingMethodAccessorImpl.invoke(DelegatingMethodAccessorImpl.java:43)
	at java.lang.reflect.Method.invoke(Method.java:606)
	at cucumber.runtime.Utils$1.call(Utils.java:44)
	at cucumber.runtime.Timeout.timeout(Timeout.java:12)
	at cucumber.runtime.Utils.invoke(Utils.java:40)
	at cucumber.runtime.java.JavaStepDefinition.execute(JavaStepDefinition.java:35)
	at cucumber.runtime.StepDefinitionMatch.runStep(StepDefinitionMatch.java:38)
	at cucumber.runtime.Runtime.runStep(Runtime.java:268)
	at cucumber.runtime.model.StepContainer.runStep(StepContainer.java:45)
	at cucumber.runtime.model.StepContainer.runSteps(StepContainer.java:40)
	at cucumber.runtime.model.CucumberScenario.run(CucumberScenario.java:36)
	at cucumber.runtime.junit.ExecutionUnitRunner.run(ExecutionUnitRunner.java:83)
	at org.junit.runners.Suite.runChild(Suite.java:127)
	at org.junit.runners.Suite.runChild(Suite.java:26)
	at org.junit.runners.ParentRunner$3.run(ParentRunner.java:238)
	at org.junit.runners.ParentRunner$1.schedule(ParentRunner.java:63)
	at org.junit.runners.ParentRunner.runChildren(ParentRunner.java:236)
	at org.junit.runners.ParentRunner.access$000(ParentRunner.java:53)
	at org.junit.runners.ParentRunner$2.evaluate(ParentRunner.java:229)
	at org.junit.runners.ParentRunner.run(ParentRunner.java:309)
	at org.junit.runners.Suite.runChild(Suite.java:127)
	at org.junit.runners.Suite.runChild(Suite.java:26)
	at org.junit.runners.ParentRunner$3.run(ParentRunner.java:238)
	at org.junit.runners.ParentRunner$1.schedule(ParentRunner.java:63)
	at org.junit.runners.ParentRunner.runChildren(ParentRunner.java:236)
	at org.junit.runners.ParentRunner.access$000(ParentRunner.java:53)
	at org.junit.runners.ParentRunner$2.evaluate(ParentRunner.java:229)
	at org.junit.runners.ParentRunner.run(ParentRunner.java:309)
	at cucumber.runtime.junit.FeatureRunner.runChild(FeatureRunner.java:63)
	at cucumber.runtime.junit.FeatureRunner.runChild(FeatureRunner.java:18)
	at org.junit.runners.ParentRunner$3.run(ParentRunner.java:238)
	at org.junit.runners.ParentRunner$1.schedule(ParentRunner.java:63)
	at org.junit.runners.ParentRunner.runChildren(ParentRunner.java:236)
	at org.junit.runners.ParentRunner.access$000(ParentRunner.java:53)
	at org.junit.runners.ParentRunner$2.evaluate(ParentRunner.java:229)
	at org.junit.runners.ParentRunner.run(ParentRunner.java:309)
	at cucumber.runtime.junit.FeatureRunner.run(FeatureRunner.java:70)
	at cucumber.api.junit.Cucumber.runChild(Cucumber.java:77)
	at cucumber.api.junit.Cucumber.runChild(Cucumber.java:37)
	at org.junit.runners.ParentRunner$3.run(ParentRunner.java:238)
	at org.junit.runners.ParentRunner$1.schedule(ParentRunner.java:63)
	at org.junit.runners.ParentRunner.runChildren(ParentRunner.java:236)
	at org.junit.runners.ParentRunner.access$000(ParentRunner.java:53)
	at org.junit.runners.ParentRunner$2.evaluate(ParentRunner.java:229)
	at org.junit.runners.ParentRunner.run(ParentRunner.java:309)
	at cucumber.api.junit.Cucumber.run(Cucumber.java:82)
	at org.apache.maven.surefire.junit4.JUnit4Provider.execute(JUnit4Provider.java:252)
	at org.apache.maven.surefire.junit4.JUnit4Provider.executeTestSet(JUnit4Provider.java:141)
	at org.apache.maven.surefire.junit4.JUnit4Provider.invoke(JUnit4Provider.java:112)
	at sun.reflect.NativeMethodAccessorImpl.invoke0(Native Method)
	at sun.reflect.NativeMethodAccessorImpl.invoke(NativeMethodAccessorImpl.java:57)
	at sun.reflect.DelegatingMethodAccessorImpl.invoke(DelegatingMethodAccessorImpl.java:43)
	at java.lang.reflect.Method.invoke(Method.java:606)
	at org.apache.maven.surefire.util.ReflectionUtils.invokeMethodWithArray(ReflectionUtils.java:189)
	at org.apache.maven.surefire.booter.ProviderFactory$ProviderProxy.invoke(ProviderFactory.java:165)
	at org.apache.maven.surefire.booter.ProviderFactory.invokeProvider(ProviderFactory.java:85)
	at org.apache.maven.surefire.booter.ForkedBooter.runSuitesInProcess(ForkedBooter.java:113)
	at org.apache.maven.surefire.booter.ForkedBooter.main(ForkedBooter.java:75)
</error>
  </testcase>
  <testcase time="0" classname="| 7RBI-EI-DB-DL-REC-NOCOM-RNI-CTRFD-SAR-MD-TR-1-ONTIME-Loanproduct4.xlsx |" name="Given I navigate to mifos"/>
  <testcase time="0" classname="| 7RBI-EI-DB-DL-REC-NOCOM-RNI-CTRFD-SAR-MD-TR-1-ONTIME-Loanproduct4.xlsx |" name="And I use login folder"/>
  <testcase time="0" classname="| 7RBI-EI-DB-DL-REC-NOCOM-RNI-CTRFD-SAR-MD-TR-1-ONTIME-Loanproduct4.xlsx |" name="When I login into mifos site using excel sheet"/>
  <testcase time="0" classname="| 7RBI-EI-DB-DL-REC-NOCOM-RNI-CTRFD-SAR-MD-TR-1-ONTIME-Loanproduct4.xlsx |" name="Then I should see logged in successfully"/>
  <testcase time="0" classname="| 7RBI-EI-DB-DL-REC-NOCOM-RNI-CTRFD-SAR-MD-TR-1-ONTIME-Loanproduct4.xlsx |" name="Given I setup the product loan"/>
  <testcase time="0" classname="| 7RBI-EI-DB-DL-REC-NOCOM-RNI-CTRFD-SAR-MD-TR-1-ONTIME-Loanproduct4.xlsx |" name="And I entered the values into product loan using"/>
  <testcase time="0" classname="| 7RBI-EI-DB-DL-REC-NOCOM-RNI-CTRFD-SAR-MD-TR-1-ONTIME-Loanproduct4.xlsx |" name="Then I should see product loan created successfully">
    <error message="Timed out after 100 seconds waiting for visibility of element located by By.selector: legend.ng-binding
Build info: version: &apos;2.29.1&apos;, revision: &apos;dfb1306b85be4934d23c123122e06e602a15e446&apos;, time: &apos;2013-01-22 12:58:05&apos;
System info: os.name: &apos;Windows Server 2012&apos;, os.arch: &apos;amd64&apos;, os.version: &apos;6.2&apos;, java.version: &apos;1.7.0_51&apos;
Driver info: driver.version: unknown" type="org.openqa.selenium.TimeoutException">org.openqa.selenium.TimeoutException: Timed out after 100 seconds waiting for visibility of element located by By.selector: legend.ng-binding
Build info: version: &apos;2.29.1&apos;, revision: &apos;dfb1306b85be4934d23c123122e06e602a15e446&apos;, time: &apos;2013-01-22 12:58:05&apos;
System info: os.name: &apos;Windows Server 2012&apos;, os.arch: &apos;amd64&apos;, os.version: &apos;6.2&apos;, java.version: &apos;1.7.0_51&apos;
Driver info: driver.version: unknown
	at org.openqa.selenium.support.ui.FluentWait.timeoutException(FluentWait.java:259)
	at org.openqa.selenium.support.ui.FluentWait.until(FluentWait.java:228)
	at com.mifos.pages.MifosWebPage.waitForElementToBeVisible(MifosWebPage.java:210)
	at com.mifos.pages.MifosWebPage.getElement(MifosWebPage.java:699)
	at com.mifos.pages.MifosWebPage.getElement(MifosWebPage.java:684)
	at com.mifos.pages.MifosWebPage.getSingleText(MifosWebPage.java:941)
	at com.mifos.pages.MifosWebPage.validateSame(MifosWebPage.java:947)
	at com.mifos.pages.MifosWebPage.verifySuccessMessage(MifosWebPage.java:1815)
	at com.mifos.pages.FrontPage.verifyProductLoanExcelSheet(FrontPage.java:472)
	at com.mifos.steps.LoanProductSteps.I_should_see_product_loan_created_successfully(LoanProductSteps.java:27)
	at ✽.Then I should see product loan created successfully(LoanRBI.feature:18)
Caused by: org.openqa.selenium.NoSuchElementException: no such element
  (Session info: chrome=43.0.2357.124)
  (Driver info: chromedriver=2.8.241075,platform=Windows NT 6.3 x86_64) (WARNING: The server did not provide any stacktrace information)
Command duration or timeout: 30.03 seconds
For documentation on this error, please visit: http://seleniumhq.org/exceptions/no_such_element.html
Build info: version: &apos;2.29.1&apos;, revision: &apos;dfb1306b85be4934d23c123122e06e602a15e446&apos;, time: &apos;2013-01-22 12:58:05&apos;
System info: os.name: &apos;Windows Server 2012&apos;, os.arch: &apos;amd64&apos;, os.version: &apos;6.2&apos;, java.version: &apos;1.7.0_51&apos;
Session ID: b81392e4c9a0ef34892975f10dd7067e
Driver info: org.openqa.selenium.chrome.ChromeDriver
Capabilities [{platform=XP, acceptSslCerts=true, javascriptEnabled=true, browserName=chrome, chrome={userDataDir=C:\Users\ADMINI~1\AppData\Local\Temp\2\scoped_dir4552_19937}, rotatable=false, locationContextEnabled=true, version=43.0.2357.124, takesHeapSnapshot=true, cssSelectorsEnabled=true, databaseEnabled=false, handlesAlerts=true, browserConnectionEnabled=false, webStorageEnabled=true, nativeEvents=true, applicationCacheEnabled=false, takesScreenshot=true}]
	at sun.reflect.GeneratedConstructorAccessor53.newInstance(Unknown Source)
	at sun.reflect.DelegatingConstructorAccessorImpl.newInstance(DelegatingConstructorAccessorImpl.java:45)
	at java.lang.reflect.Constructor.newInstance(Constructor.java:526)
	at org.openqa.selenium.remote.ErrorHandler.createThrowable(ErrorHandler.java:187)
	at org.openqa.selenium.remote.ErrorHandler.throwIfResponseFailed(ErrorHandler.java:145)
	at org.openqa.selenium.remote.RemoteWebDriver.execute(RemoteWebDriver.java:554)
	at org.openqa.selenium.remote.RemoteWebDriver.findElement(RemoteWebDriver.java:307)
	at org.openqa.selenium.remote.RemoteWebDriver.findElementByCssSelector(RemoteWebDriver.java:396)
	at org.openqa.selenium.By$ByCssSelector.findElement(By.java:406)
	at org.openqa.selenium.remote.RemoteWebDriver.findElement(RemoteWebDriver.java:299)
	at sun.reflect.GeneratedMethodAccessor8.invoke(Unknown Source)
	at sun.reflect.DelegatingMethodAccessorImpl.invoke(DelegatingMethodAccessorImpl.java:43)
	at java.lang.reflect.Method.invoke(Method.java:606)
	at org.openqa.selenium.support.events.EventFiringWebDriver$2.invoke(EventFiringWebDriver.java:101)
	at com.sun.proxy.$Proxy16.findElement(Unknown Source)
	at org.openqa.selenium.support.events.EventFiringWebDriver.findElement(EventFiringWebDriver.java:180)
	at org.openqa.selenium.support.ui.ExpectedConditions.findElement(ExpectedConditions.java:523)
	at org.openqa.selenium.support.ui.ExpectedConditions.access$000(ExpectedConditions.java:39)
	at org.openqa.selenium.support.ui.ExpectedConditions$4.apply(ExpectedConditions.java:130)
	at org.openqa.selenium.support.ui.ExpectedConditions$4.apply(ExpectedConditions.java:126)
	at org.openqa.selenium.support.ui.FluentWait.until(FluentWait.java:208)
	at com.mifos.pages.MifosWebPage.waitForElementToBeVisible(MifosWebPage.java:210)
	at com.mifos.pages.MifosWebPage.getElement(MifosWebPage.java:699)
	at com.mifos.pages.MifosWebPage.getElement(MifosWebPage.java:684)
	at com.mifos.pages.MifosWebPage.getSingleText(MifosWebPage.java:941)
	at com.mifos.pages.MifosWebPage.validateSame(MifosWebPage.java:947)
	at com.mifos.pages.MifosWebPage.verifySuccessMessage(MifosWebPage.java:1815)
	at com.mifos.pages.FrontPage.verifyProductLoanExcelSheet(FrontPage.java:472)
	at com.mifos.steps.LoanProductSteps.I_should_see_product_loan_created_successfully(LoanProductSteps.java:27)
	at sun.reflect.GeneratedMethodAccessor59.invoke(Unknown Source)
	at sun.reflect.DelegatingMethodAccessorImpl.invoke(DelegatingMethodAccessorImpl.java:43)
	at java.lang.reflect.Method.invoke(Method.java:606)
	at cucumber.runtime.Utils$1.call(Utils.java:44)
	at cucumber.runtime.Timeout.timeout(Timeout.java:12)
	at cucumber.runtime.Utils.invoke(Utils.java:40)
	at cucumber.runtime.java.JavaStepDefinition.execute(JavaStepDefinition.java:35)
	at cucumber.runtime.StepDefinitionMatch.runStep(StepDefinitionMatch.java:38)
	at cucumber.runtime.Runtime.runStep(Runtime.java:268)
	at cucumber.runtime.model.StepContainer.runStep(StepContainer.java:45)
	at cucumber.runtime.model.StepContainer.runSteps(StepContainer.java:40)
	at cucumber.runtime.model.CucumberScenario.run(CucumberScenario.java:36)
	at cucumber.runtime.junit.ExecutionUnitRunner.run(ExecutionUnitRunner.java:83)
	at org.junit.runners.Suite.runChild(Suite.java:127)
	at org.junit.runners.Suite.runChild(Suite.java:26)
	at org.junit.runners.ParentRunner$3.run(ParentRunner.java:238)
	at org.junit.runners.ParentRunner$1.schedule(ParentRunner.java:63)
	at org.junit.runners.ParentRunner.runChildren(ParentRunner.java:236)
	at org.junit.runners.ParentRunner.access$000(ParentRunner.java:53)
	at org.junit.runners.ParentRunner$2.evaluate(ParentRunner.java:229)
	at org.junit.runners.ParentRunner.run(ParentRunner.java:309)
	at org.junit.runners.Suite.runChild(Suite.java:127)
	at org.junit.runners.Suite.runChild(Suite.java:26)
	at org.junit.runners.ParentRunner$3.run(ParentRunner.java:238)
	at org.junit.runners.ParentRunner$1.schedule(ParentRunner.java:63)
	at org.junit.runners.ParentRunner.runChildren(ParentRunner.java:236)
	at org.junit.runners.ParentRunner.access$000(ParentRunner.java:53)
	at org.junit.runners.ParentRunner$2.evaluate(ParentRunner.java:229)
	at org.junit.runners.ParentRunner.run(ParentRunner.java:309)
	at cucumber.runtime.junit.FeatureRunner.runChild(FeatureRunner.java:63)
	at cucumber.runtime.junit.FeatureRunner.runChild(FeatureRunner.java:18)
	at org.junit.runners.ParentRunner$3.run(ParentRunner.java:238)
	at org.junit.runners.ParentRunner$1.schedule(ParentRunner.java:63)
	at org.junit.runners.ParentRunner.runChildren(ParentRunner.java:236)
	at org.junit.runners.ParentRunner.access$000(ParentRunner.java:53)
	at org.junit.runners.ParentRunner$2.evaluate(ParentRunner.java:229)
	at org.junit.runners.ParentRunner.run(ParentRunner.java:309)
	at cucumber.runtime.junit.FeatureRunner.run(FeatureRunner.java:70)
	at cucumber.api.junit.Cucumber.runChild(Cucumber.java:77)
	at cucumber.api.junit.Cucumber.runChild(Cucumber.java:37)
	at org.junit.runners.ParentRunner$3.run(ParentRunner.java:238)
	at org.junit.runners.ParentRunner$1.schedule(ParentRunner.java:63)
	at org.junit.runners.ParentRunner.runChildren(ParentRunner.java:236)
	at org.junit.runners.ParentRunner.access$000(ParentRunner.java:53)
	at org.junit.runners.ParentRunner$2.evaluate(ParentRunner.java:229)
	at org.junit.runners.ParentRunner.run(ParentRunner.java:309)
	at cucumber.api.junit.Cucumber.run(Cucumber.java:82)
	at org.apache.maven.surefire.junit4.JUnit4Provider.execute(JUnit4Provider.java:252)
	at org.apache.maven.surefire.junit4.JUnit4Provider.executeTestSet(JUnit4Provider.java:141)
	at org.apache.maven.surefire.junit4.JUnit4Provider.invoke(JUnit4Provider.java:112)
	at sun.reflect.NativeMethodAccessorImpl.invoke0(Native Method)
	at sun.reflect.NativeMethodAccessorImpl.invoke(NativeMethodAccessorImpl.java:57)
	at sun.reflect.DelegatingMethodAccessorImpl.invoke(DelegatingMethodAccessorImpl.java:43)
	at java.lang.reflect.Method.invoke(Method.java:606)
	at org.apache.maven.surefire.util.ReflectionUtils.invokeMethodWithArray(ReflectionUtils.java:189)
	at org.apache.maven.surefire.booter.ProviderFactory$ProviderProxy.invoke(ProviderFactory.java:165)
	at org.apache.maven.surefire.booter.ProviderFactory.invokeProvider(ProviderFactory.java:85)
	at org.apache.maven.surefire.booter.ForkedBooter.runSuitesInProcess(ForkedBooter.java:113)
	at org.apache.maven.surefire.booter.ForkedBooter.main(ForkedBooter.java:75)
</error>
    <system-out>welcome to mifos through excel
Cell One ... key=productname
7RBI-EI-DB-DL-REC-NOCOM-RNI-CTRFD-SAR-MD-TR-1-ONTIME
7RBI-EI-DB-DL-REC-NOCOM-RNI-CTRFD-SAR-MD-TR-1-ONTIME
</system-out>
  </testcase>
  <testcase time="0" classname="| 7RBI-EI-DB-DL-REC-NOCOM-RNI-CTRFD-SAR-MD-TR-1-ONTIME-Loanproduct4.xlsx |" name="| 7RBI-EI-DB-DL-REC-NOCOM-RNI-CTRFD-SAR-MD-TR-1-ONTIME-Loanproduct4.xlsx |">
    <error message="Timed out after 100 seconds waiting for visibility of element located by By.selector: legend.ng-binding
Build info: version: &apos;2.29.1&apos;, revision: &apos;dfb1306b85be4934d23c123122e06e602a15e446&apos;, time: &apos;2013-01-22 12:58:05&apos;
System info: os.name: &apos;Windows Server 2012&apos;, os.arch: &apos;amd64&apos;, os.version: &apos;6.2&apos;, java.version: &apos;1.7.0_51&apos;
Driver info: driver.version: unknown" type="org.openqa.selenium.TimeoutException">org.openqa.selenium.TimeoutException: Timed out after 100 seconds waiting for visibility of element located by By.selector: legend.ng-binding
Build info: version: &apos;2.29.1&apos;, revision: &apos;dfb1306b85be4934d23c123122e06e602a15e446&apos;, time: &apos;2013-01-22 12:58:05&apos;
System info: os.name: &apos;Windows Server 2012&apos;, os.arch: &apos;amd64&apos;, os.version: &apos;6.2&apos;, java.version: &apos;1.7.0_51&apos;
Driver info: driver.version: unknown
	at org.openqa.selenium.support.ui.FluentWait.timeoutException(FluentWait.java:259)
	at org.openqa.selenium.support.ui.FluentWait.until(FluentWait.java:228)
	at com.mifos.pages.MifosWebPage.waitForElementToBeVisible(MifosWebPage.java:210)
	at com.mifos.pages.MifosWebPage.getElement(MifosWebPage.java:699)
	at com.mifos.pages.MifosWebPage.getElement(MifosWebPage.java:684)
	at com.mifos.pages.MifosWebPage.getSingleText(MifosWebPage.java:941)
	at com.mifos.pages.MifosWebPage.validateSame(MifosWebPage.java:947)
	at com.mifos.pages.MifosWebPage.verifySuccessMessage(MifosWebPage.java:1815)
	at com.mifos.pages.FrontPage.verifyProductLoanExcelSheet(FrontPage.java:472)
	at com.mifos.steps.LoanProductSteps.I_should_see_product_loan_created_successfully(LoanProductSteps.java:27)
	at ✽.Then I should see product loan created successfully(LoanRBI.feature:18)
Caused by: org.openqa.selenium.NoSuchElementException: no such element
  (Session info: chrome=43.0.2357.124)
  (Driver info: chromedriver=2.8.241075,platform=Windows NT 6.3 x86_64) (WARNING: The server did not provide any stacktrace information)
Command duration or timeout: 30.03 seconds
For documentation on this error, please visit: http://seleniumhq.org/exceptions/no_such_element.html
Build info: version: &apos;2.29.1&apos;, revision: &apos;dfb1306b85be4934d23c123122e06e602a15e446&apos;, time: &apos;2013-01-22 12:58:05&apos;
System info: os.name: &apos;Windows Server 2012&apos;, os.arch: &apos;amd64&apos;, os.version: &apos;6.2&apos;, java.version: &apos;1.7.0_51&apos;
Session ID: b81392e4c9a0ef34892975f10dd7067e
Driver info: org.openqa.selenium.chrome.ChromeDriver
Capabilities [{platform=XP, acceptSslCerts=true, javascriptEnabled=true, browserName=chrome, chrome={userDataDir=C:\Users\ADMINI~1\AppData\Local\Temp\2\scoped_dir4552_19937}, rotatable=false, locationContextEnabled=true, version=43.0.2357.124, takesHeapSnapshot=true, cssSelectorsEnabled=true, databaseEnabled=false, handlesAlerts=true, browserConnectionEnabled=false, webStorageEnabled=true, nativeEvents=true, applicationCacheEnabled=false, takesScreenshot=true}]
	at sun.reflect.GeneratedConstructorAccessor53.newInstance(Unknown Source)
	at sun.reflect.DelegatingConstructorAccessorImpl.newInstance(DelegatingConstructorAccessorImpl.java:45)
	at java.lang.reflect.Constructor.newInstance(Constructor.java:526)
	at org.openqa.selenium.remote.ErrorHandler.createThrowable(ErrorHandler.java:187)
	at org.openqa.selenium.remote.ErrorHandler.throwIfResponseFailed(ErrorHandler.java:145)
	at org.openqa.selenium.remote.RemoteWebDriver.execute(RemoteWebDriver.java:554)
	at org.openqa.selenium.remote.RemoteWebDriver.findElement(RemoteWebDriver.java:307)
	at org.openqa.selenium.remote.RemoteWebDriver.findElementByCssSelector(RemoteWebDriver.java:396)
	at org.openqa.selenium.By$ByCssSelector.findElement(By.java:406)
	at org.openqa.selenium.remote.RemoteWebDriver.findElement(RemoteWebDriver.java:299)
	at sun.reflect.GeneratedMethodAccessor8.invoke(Unknown Source)
	at sun.reflect.DelegatingMethodAccessorImpl.invoke(DelegatingMethodAccessorImpl.java:43)
	at java.lang.reflect.Method.invoke(Method.java:606)
	at org.openqa.selenium.support.events.EventFiringWebDriver$2.invoke(EventFiringWebDriver.java:101)
	at com.sun.proxy.$Proxy16.findElement(Unknown Source)
	at org.openqa.selenium.support.events.EventFiringWebDriver.findElement(EventFiringWebDriver.java:180)
	at org.openqa.selenium.support.ui.ExpectedConditions.findElement(ExpectedConditions.java:523)
	at org.openqa.selenium.support.ui.ExpectedConditions.access$000(ExpectedConditions.java:39)
	at org.openqa.selenium.support.ui.ExpectedConditions$4.apply(ExpectedConditions.java:130)
	at org.openqa.selenium.support.ui.ExpectedConditions$4.apply(ExpectedConditions.java:126)
	at org.openqa.selenium.support.ui.FluentWait.until(FluentWait.java:208)
	at com.mifos.pages.MifosWebPage.waitForElementToBeVisible(MifosWebPage.java:210)
	at com.mifos.pages.MifosWebPage.getElement(MifosWebPage.java:699)
	at com.mifos.pages.MifosWebPage.getElement(MifosWebPage.java:684)
	at com.mifos.pages.MifosWebPage.getSingleText(MifosWebPage.java:941)
	at com.mifos.pages.MifosWebPage.validateSame(MifosWebPage.java:947)
	at com.mifos.pages.MifosWebPage.verifySuccessMessage(MifosWebPage.java:1815)
	at com.mifos.pages.FrontPage.verifyProductLoanExcelSheet(FrontPage.java:472)
	at com.mifos.steps.LoanProductSteps.I_should_see_product_loan_created_successfully(LoanProductSteps.java:27)
	at sun.reflect.GeneratedMethodAccessor59.invoke(Unknown Source)
	at sun.reflect.DelegatingMethodAccessorImpl.invoke(DelegatingMethodAccessorImpl.java:43)
	at java.lang.reflect.Method.invoke(Method.java:606)
	at cucumber.runtime.Utils$1.call(Utils.java:44)
	at cucumber.runtime.Timeout.timeout(Timeout.java:12)
	at cucumber.runtime.Utils.invoke(Utils.java:40)
	at cucumber.runtime.java.JavaStepDefinition.execute(JavaStepDefinition.java:35)
	at cucumber.runtime.StepDefinitionMatch.runStep(StepDefinitionMatch.java:38)
	at cucumber.runtime.Runtime.runStep(Runtime.java:268)
	at cucumber.runtime.model.StepContainer.runStep(StepContainer.java:45)
	at cucumber.runtime.model.StepContainer.runSteps(StepContainer.java:40)
	at cucumber.runtime.model.CucumberScenario.run(CucumberScenario.java:36)
	at cucumber.runtime.junit.ExecutionUnitRunner.run(ExecutionUnitRunner.java:83)
	at org.junit.runners.Suite.runChild(Suite.java:127)
	at org.junit.runners.Suite.runChild(Suite.java:26)
	at org.junit.runners.ParentRunner$3.run(ParentRunner.java:238)
	at org.junit.runners.ParentRunner$1.schedule(ParentRunner.java:63)
	at org.junit.runners.ParentRunner.runChildren(ParentRunner.java:236)
	at org.junit.runners.ParentRunner.access$000(ParentRunner.java:53)
	at org.junit.runners.ParentRunner$2.evaluate(ParentRunner.java:229)
	at org.junit.runners.ParentRunner.run(ParentRunner.java:309)
	at org.junit.runners.Suite.runChild(Suite.java:127)
	at org.junit.runners.Suite.runChild(Suite.java:26)
	at org.junit.runners.ParentRunner$3.run(ParentRunner.java:238)
	at org.junit.runners.ParentRunner$1.schedule(ParentRunner.java:63)
	at org.junit.runners.ParentRunner.runChildren(ParentRunner.java:236)
	at org.junit.runners.ParentRunner.access$000(ParentRunner.java:53)
	at org.junit.runners.ParentRunner$2.evaluate(ParentRunner.java:229)
	at org.junit.runners.ParentRunner.run(ParentRunner.java:309)
	at cucumber.runtime.junit.FeatureRunner.runChild(FeatureRunner.java:63)
	at cucumber.runtime.junit.FeatureRunner.runChild(FeatureRunner.java:18)
	at org.junit.runners.ParentRunner$3.run(ParentRunner.java:238)
	at org.junit.runners.ParentRunner$1.schedule(ParentRunner.java:63)
	at org.junit.runners.ParentRunner.runChildren(ParentRunner.java:236)
	at org.junit.runners.ParentRunner.access$000(ParentRunner.java:53)
	at org.junit.runners.ParentRunner$2.evaluate(ParentRunner.java:229)
	at org.junit.runners.ParentRunner.run(ParentRunner.java:309)
	at cucumber.runtime.junit.FeatureRunner.run(FeatureRunner.java:70)
	at cucumber.api.junit.Cucumber.runChild(Cucumber.java:77)
	at cucumber.api.junit.Cucumber.runChild(Cucumber.java:37)
	at org.junit.runners.ParentRunner$3.run(ParentRunner.java:238)
	at org.junit.runners.ParentRunner$1.schedule(ParentRunner.java:63)
	at org.junit.runners.ParentRunner.runChildren(ParentRunner.java:236)
	at org.junit.runners.ParentRunner.access$000(ParentRunner.java:53)
	at org.junit.runners.ParentRunner$2.evaluate(ParentRunner.java:229)
	at org.junit.runners.ParentRunner.run(ParentRunner.java:309)
	at cucumber.api.junit.Cucumber.run(Cucumber.java:82)
	at org.apache.maven.surefire.junit4.JUnit4Provider.execute(JUnit4Provider.java:252)
	at org.apache.maven.surefire.junit4.JUnit4Provider.executeTestSet(JUnit4Provider.java:141)
	at org.apache.maven.surefire.junit4.JUnit4Provider.invoke(JUnit4Provider.java:112)
	at sun.reflect.NativeMethodAccessorImpl.invoke0(Native Method)
	at sun.reflect.NativeMethodAccessorImpl.invoke(NativeMethodAccessorImpl.java:57)
	at sun.reflect.DelegatingMethodAccessorImpl.invoke(DelegatingMethodAccessorImpl.java:43)
	at java.lang.reflect.Method.invoke(Method.java:606)
	at org.apache.maven.surefire.util.ReflectionUtils.invokeMethodWithArray(ReflectionUtils.java:189)
	at org.apache.maven.surefire.booter.ProviderFactory$ProviderProxy.invoke(ProviderFactory.java:165)
	at org.apache.maven.surefire.booter.ProviderFactory.invokeProvider(ProviderFactory.java:85)
	at org.apache.maven.surefire.booter.ForkedBooter.runSuitesInProcess(ForkedBooter.java:113)
	at org.apache.maven.surefire.booter.ForkedBooter.main(ForkedBooter.java:75)
</error>
  </testcase>
  <testcase time="0" classname="| 8RBI-EI-DB-DL-REC-NOCOM-RNI-CTRFD-DL-MD-TR-1-ONTIME-Loanproduct4.xlsx |" name="Given I navigate to mifos"/>
  <testcase time="0" classname="| 8RBI-EI-DB-DL-REC-NOCOM-RNI-CTRFD-DL-MD-TR-1-ONTIME-Loanproduct4.xlsx |" name="And I use login folder"/>
  <testcase time="0" classname="| 8RBI-EI-DB-DL-REC-NOCOM-RNI-CTRFD-DL-MD-TR-1-ONTIME-Loanproduct4.xlsx |" name="When I login into mifos site using excel sheet"/>
  <testcase time="0" classname="| 8RBI-EI-DB-DL-REC-NOCOM-RNI-CTRFD-DL-MD-TR-1-ONTIME-Loanproduct4.xlsx |" name="Then I should see logged in successfully"/>
  <testcase time="0" classname="| 8RBI-EI-DB-DL-REC-NOCOM-RNI-CTRFD-DL-MD-TR-1-ONTIME-Loanproduct4.xlsx |" name="Given I setup the product loan"/>
  <testcase time="0" classname="| 8RBI-EI-DB-DL-REC-NOCOM-RNI-CTRFD-DL-MD-TR-1-ONTIME-Loanproduct4.xlsx |" name="And I entered the values into product loan using"/>
  <testcase time="0" classname="| 8RBI-EI-DB-DL-REC-NOCOM-RNI-CTRFD-DL-MD-TR-1-ONTIME-Loanproduct4.xlsx |" name="Then I should see product loan created successfully">
    <error message="Timed out after 100 seconds waiting for visibility of element located by By.selector: legend.ng-binding
Build info: version: &apos;2.29.1&apos;, revision: &apos;dfb1306b85be4934d23c123122e06e602a15e446&apos;, time: &apos;2013-01-22 12:58:05&apos;
System info: os.name: &apos;Windows Server 2012&apos;, os.arch: &apos;amd64&apos;, os.version: &apos;6.2&apos;, java.version: &apos;1.7.0_51&apos;
Driver info: driver.version: unknown" type="org.openqa.selenium.TimeoutException">org.openqa.selenium.TimeoutException: Timed out after 100 seconds waiting for visibility of element located by By.selector: legend.ng-binding
Build info: version: &apos;2.29.1&apos;, revision: &apos;dfb1306b85be4934d23c123122e06e602a15e446&apos;, time: &apos;2013-01-22 12:58:05&apos;
System info: os.name: &apos;Windows Server 2012&apos;, os.arch: &apos;amd64&apos;, os.version: &apos;6.2&apos;, java.version: &apos;1.7.0_51&apos;
Driver info: driver.version: unknown
	at org.openqa.selenium.support.ui.FluentWait.timeoutException(FluentWait.java:259)
	at org.openqa.selenium.support.ui.FluentWait.until(FluentWait.java:228)
	at com.mifos.pages.MifosWebPage.waitForElementToBeVisible(MifosWebPage.java:210)
	at com.mifos.pages.MifosWebPage.getElement(MifosWebPage.java:699)
	at com.mifos.pages.MifosWebPage.getElement(MifosWebPage.java:684)
	at com.mifos.pages.MifosWebPage.getSingleText(MifosWebPage.java:941)
	at com.mifos.pages.MifosWebPage.validateSame(MifosWebPage.java:947)
	at com.mifos.pages.MifosWebPage.verifySuccessMessage(MifosWebPage.java:1815)
	at com.mifos.pages.FrontPage.verifyProductLoanExcelSheet(FrontPage.java:472)
	at com.mifos.steps.LoanProductSteps.I_should_see_product_loan_created_successfully(LoanProductSteps.java:27)
	at ✽.Then I should see product loan created successfully(LoanRBI.feature:18)
Caused by: org.openqa.selenium.NoSuchElementException: no such element
  (Session info: chrome=43.0.2357.124)
  (Driver info: chromedriver=2.8.241075,platform=Windows NT 6.3 x86_64) (WARNING: The server did not provide any stacktrace information)
Command duration or timeout: 30.02 seconds
For documentation on this error, please visit: http://seleniumhq.org/exceptions/no_such_element.html
Build info: version: &apos;2.29.1&apos;, revision: &apos;dfb1306b85be4934d23c123122e06e602a15e446&apos;, time: &apos;2013-01-22 12:58:05&apos;
System info: os.name: &apos;Windows Server 2012&apos;, os.arch: &apos;amd64&apos;, os.version: &apos;6.2&apos;, java.version: &apos;1.7.0_51&apos;
Session ID: 6161e378d9c1f9ce02ef7632e2295aa6
Driver info: org.openqa.selenium.chrome.ChromeDriver
Capabilities [{platform=XP, acceptSslCerts=true, javascriptEnabled=true, browserName=chrome, chrome={userDataDir=C:\Users\ADMINI~1\AppData\Local\Temp\2\scoped_dir3140_28215}, rotatable=false, locationContextEnabled=true, version=43.0.2357.124, takesHeapSnapshot=true, cssSelectorsEnabled=true, databaseEnabled=false, handlesAlerts=true, browserConnectionEnabled=false, webStorageEnabled=true, nativeEvents=true, applicationCacheEnabled=false, takesScreenshot=true}]
	at sun.reflect.GeneratedConstructorAccessor53.newInstance(Unknown Source)
	at sun.reflect.DelegatingConstructorAccessorImpl.newInstance(DelegatingConstructorAccessorImpl.java:45)
	at java.lang.reflect.Constructor.newInstance(Constructor.java:526)
	at org.openqa.selenium.remote.ErrorHandler.createThrowable(ErrorHandler.java:187)
	at org.openqa.selenium.remote.ErrorHandler.throwIfResponseFailed(ErrorHandler.java:145)
	at org.openqa.selenium.remote.RemoteWebDriver.execute(RemoteWebDriver.java:554)
	at org.openqa.selenium.remote.RemoteWebDriver.findElement(RemoteWebDriver.java:307)
	at org.openqa.selenium.remote.RemoteWebDriver.findElementByCssSelector(RemoteWebDriver.java:396)
	at org.openqa.selenium.By$ByCssSelector.findElement(By.java:406)
	at org.openqa.selenium.remote.RemoteWebDriver.findElement(RemoteWebDriver.java:299)
	at sun.reflect.GeneratedMethodAccessor8.invoke(Unknown Source)
	at sun.reflect.DelegatingMethodAccessorImpl.invoke(DelegatingMethodAccessorImpl.java:43)
	at java.lang.reflect.Method.invoke(Method.java:606)
	at org.openqa.selenium.support.events.EventFiringWebDriver$2.invoke(EventFiringWebDriver.java:101)
	at com.sun.proxy.$Proxy16.findElement(Unknown Source)
	at org.openqa.selenium.support.events.EventFiringWebDriver.findElement(EventFiringWebDriver.java:180)
	at org.openqa.selenium.support.ui.ExpectedConditions.findElement(ExpectedConditions.java:523)
	at org.openqa.selenium.support.ui.ExpectedConditions.access$000(ExpectedConditions.java:39)
	at org.openqa.selenium.support.ui.ExpectedConditions$4.apply(ExpectedConditions.java:130)
	at org.openqa.selenium.support.ui.ExpectedConditions$4.apply(ExpectedConditions.java:126)
	at org.openqa.selenium.support.ui.FluentWait.until(FluentWait.java:208)
	at com.mifos.pages.MifosWebPage.waitForElementToBeVisible(MifosWebPage.java:210)
	at com.mifos.pages.MifosWebPage.getElement(MifosWebPage.java:699)
	at com.mifos.pages.MifosWebPage.getElement(MifosWebPage.java:684)
	at com.mifos.pages.MifosWebPage.getSingleText(MifosWebPage.java:941)
	at com.mifos.pages.MifosWebPage.validateSame(MifosWebPage.java:947)
	at com.mifos.pages.MifosWebPage.verifySuccessMessage(MifosWebPage.java:1815)
	at com.mifos.pages.FrontPage.verifyProductLoanExcelSheet(FrontPage.java:472)
	at com.mifos.steps.LoanProductSteps.I_should_see_product_loan_created_successfully(LoanProductSteps.java:27)
	at sun.reflect.GeneratedMethodAccessor59.invoke(Unknown Source)
	at sun.reflect.DelegatingMethodAccessorImpl.invoke(DelegatingMethodAccessorImpl.java:43)
	at java.lang.reflect.Method.invoke(Method.java:606)
	at cucumber.runtime.Utils$1.call(Utils.java:44)
	at cucumber.runtime.Timeout.timeout(Timeout.java:12)
	at cucumber.runtime.Utils.invoke(Utils.java:40)
	at cucumber.runtime.java.JavaStepDefinition.execute(JavaStepDefinition.java:35)
	at cucumber.runtime.StepDefinitionMatch.runStep(StepDefinitionMatch.java:38)
	at cucumber.runtime.Runtime.runStep(Runtime.java:268)
	at cucumber.runtime.model.StepContainer.runStep(StepContainer.java:45)
	at cucumber.runtime.model.StepContainer.runSteps(StepContainer.java:40)
	at cucumber.runtime.model.CucumberScenario.run(CucumberScenario.java:36)
	at cucumber.runtime.junit.ExecutionUnitRunner.run(ExecutionUnitRunner.java:83)
	at org.junit.runners.Suite.runChild(Suite.java:127)
	at org.junit.runners.Suite.runChild(Suite.java:26)
	at org.junit.runners.ParentRunner$3.run(ParentRunner.java:238)
	at org.junit.runners.ParentRunner$1.schedule(ParentRunner.java:63)
	at org.junit.runners.ParentRunner.runChildren(ParentRunner.java:236)
	at org.junit.runners.ParentRunner.access$000(ParentRunner.java:53)
	at org.junit.runners.ParentRunner$2.evaluate(ParentRunner.java:229)
	at org.junit.runners.ParentRunner.run(ParentRunner.java:309)
	at org.junit.runners.Suite.runChild(Suite.java:127)
	at org.junit.runners.Suite.runChild(Suite.java:26)
	at org.junit.runners.ParentRunner$3.run(ParentRunner.java:238)
	at org.junit.runners.ParentRunner$1.schedule(ParentRunner.java:63)
	at org.junit.runners.ParentRunner.runChildren(ParentRunner.java:236)
	at org.junit.runners.ParentRunner.access$000(ParentRunner.java:53)
	at org.junit.runners.ParentRunner$2.evaluate(ParentRunner.java:229)
	at org.junit.runners.ParentRunner.run(ParentRunner.java:309)
	at cucumber.runtime.junit.FeatureRunner.runChild(FeatureRunner.java:63)
	at cucumber.runtime.junit.FeatureRunner.runChild(FeatureRunner.java:18)
	at org.junit.runners.ParentRunner$3.run(ParentRunner.java:238)
	at org.junit.runners.ParentRunner$1.schedule(ParentRunner.java:63)
	at org.junit.runners.ParentRunner.runChildren(ParentRunner.java:236)
	at org.junit.runners.ParentRunner.access$000(ParentRunner.java:53)
	at org.junit.runners.ParentRunner$2.evaluate(ParentRunner.java:229)
	at org.junit.runners.ParentRunner.run(ParentRunner.java:309)
	at cucumber.runtime.junit.FeatureRunner.run(FeatureRunner.java:70)
	at cucumber.api.junit.Cucumber.runChild(Cucumber.java:77)
	at cucumber.api.junit.Cucumber.runChild(Cucumber.java:37)
	at org.junit.runners.ParentRunner$3.run(ParentRunner.java:238)
	at org.junit.runners.ParentRunner$1.schedule(ParentRunner.java:63)
	at org.junit.runners.ParentRunner.runChildren(ParentRunner.java:236)
	at org.junit.runners.ParentRunner.access$000(ParentRunner.java:53)
	at org.junit.runners.ParentRunner$2.evaluate(ParentRunner.java:229)
	at org.junit.runners.ParentRunner.run(ParentRunner.java:309)
	at cucumber.api.junit.Cucumber.run(Cucumber.java:82)
	at org.apache.maven.surefire.junit4.JUnit4Provider.execute(JUnit4Provider.java:252)
	at org.apache.maven.surefire.junit4.JUnit4Provider.executeTestSet(JUnit4Provider.java:141)
	at org.apache.maven.surefire.junit4.JUnit4Provider.invoke(JUnit4Provider.java:112)
	at sun.reflect.NativeMethodAccessorImpl.invoke0(Native Method)
	at sun.reflect.NativeMethodAccessorImpl.invoke(NativeMethodAccessorImpl.java:57)
	at sun.reflect.DelegatingMethodAccessorImpl.invoke(DelegatingMethodAccessorImpl.java:43)
	at java.lang.reflect.Method.invoke(Method.java:606)
	at org.apache.maven.surefire.util.ReflectionUtils.invokeMethodWithArray(ReflectionUtils.java:189)
	at org.apache.maven.surefire.booter.ProviderFactory$ProviderProxy.invoke(ProviderFactory.java:165)
	at org.apache.maven.surefire.booter.ProviderFactory.invokeProvider(ProviderFactory.java:85)
	at org.apache.maven.surefire.booter.ForkedBooter.runSuitesInProcess(ForkedBooter.java:113)
	at org.apache.maven.surefire.booter.ForkedBooter.main(ForkedBooter.java:75)
</error>
    <system-out>welcome to mifos through excel
Cell One ... key=productname
8RBI-EI-DB-DL-REC-NOCOM-RNI-CTRFD-DL-MD-TR-1-ONTIME
8RBI-EI-DB-DL-REC-NOCOM-RNI-CTRFD-DL-MD-TR-1-ONTIME
</system-out>
  </testcase>
  <testcase time="0" classname="| 8RBI-EI-DB-DL-REC-NOCOM-RNI-CTRFD-DL-MD-TR-1-ONTIME-Loanproduct4.xlsx |" name="| 8RBI-EI-DB-DL-REC-NOCOM-RNI-CTRFD-DL-MD-TR-1-ONTIME-Loanproduct4.xlsx |">
    <error message="Timed out after 100 seconds waiting for visibility of element located by By.selector: legend.ng-binding
Build info: version: &apos;2.29.1&apos;, revision: &apos;dfb1306b85be4934d23c123122e06e602a15e446&apos;, time: &apos;2013-01-22 12:58:05&apos;
System info: os.name: &apos;Windows Server 2012&apos;, os.arch: &apos;amd64&apos;, os.version: &apos;6.2&apos;, java.version: &apos;1.7.0_51&apos;
Driver info: driver.version: unknown" type="org.openqa.selenium.TimeoutException">org.openqa.selenium.TimeoutException: Timed out after 100 seconds waiting for visibility of element located by By.selector: legend.ng-binding
Build info: version: &apos;2.29.1&apos;, revision: &apos;dfb1306b85be4934d23c123122e06e602a15e446&apos;, time: &apos;2013-01-22 12:58:05&apos;
System info: os.name: &apos;Windows Server 2012&apos;, os.arch: &apos;amd64&apos;, os.version: &apos;6.2&apos;, java.version: &apos;1.7.0_51&apos;
Driver info: driver.version: unknown
	at org.openqa.selenium.support.ui.FluentWait.timeoutException(FluentWait.java:259)
	at org.openqa.selenium.support.ui.FluentWait.until(FluentWait.java:228)
	at com.mifos.pages.MifosWebPage.waitForElementToBeVisible(MifosWebPage.java:210)
	at com.mifos.pages.MifosWebPage.getElement(MifosWebPage.java:699)
	at com.mifos.pages.MifosWebPage.getElement(MifosWebPage.java:684)
	at com.mifos.pages.MifosWebPage.getSingleText(MifosWebPage.java:941)
	at com.mifos.pages.MifosWebPage.validateSame(MifosWebPage.java:947)
	at com.mifos.pages.MifosWebPage.verifySuccessMessage(MifosWebPage.java:1815)
	at com.mifos.pages.FrontPage.verifyProductLoanExcelSheet(FrontPage.java:472)
	at com.mifos.steps.LoanProductSteps.I_should_see_product_loan_created_successfully(LoanProductSteps.java:27)
	at ✽.Then I should see product loan created successfully(LoanRBI.feature:18)
Caused by: org.openqa.selenium.NoSuchElementException: no such element
  (Session info: chrome=43.0.2357.124)
  (Driver info: chromedriver=2.8.241075,platform=Windows NT 6.3 x86_64) (WARNING: The server did not provide any stacktrace information)
Command duration or timeout: 30.02 seconds
For documentation on this error, please visit: http://seleniumhq.org/exceptions/no_such_element.html
Build info: version: &apos;2.29.1&apos;, revision: &apos;dfb1306b85be4934d23c123122e06e602a15e446&apos;, time: &apos;2013-01-22 12:58:05&apos;
System info: os.name: &apos;Windows Server 2012&apos;, os.arch: &apos;amd64&apos;, os.version: &apos;6.2&apos;, java.version: &apos;1.7.0_51&apos;
Session ID: 6161e378d9c1f9ce02ef7632e2295aa6
Driver info: org.openqa.selenium.chrome.ChromeDriver
Capabilities [{platform=XP, acceptSslCerts=true, javascriptEnabled=true, browserName=chrome, chrome={userDataDir=C:\Users\ADMINI~1\AppData\Local\Temp\2\scoped_dir3140_28215}, rotatable=false, locationContextEnabled=true, version=43.0.2357.124, takesHeapSnapshot=true, cssSelectorsEnabled=true, databaseEnabled=false, handlesAlerts=true, browserConnectionEnabled=false, webStorageEnabled=true, nativeEvents=true, applicationCacheEnabled=false, takesScreenshot=true}]
	at sun.reflect.GeneratedConstructorAccessor53.newInstance(Unknown Source)
	at sun.reflect.DelegatingConstructorAccessorImpl.newInstance(DelegatingConstructorAccessorImpl.java:45)
	at java.lang.reflect.Constructor.newInstance(Constructor.java:526)
	at org.openqa.selenium.remote.ErrorHandler.createThrowable(ErrorHandler.java:187)
	at org.openqa.selenium.remote.ErrorHandler.throwIfResponseFailed(ErrorHandler.java:145)
	at org.openqa.selenium.remote.RemoteWebDriver.execute(RemoteWebDriver.java:554)
	at org.openqa.selenium.remote.RemoteWebDriver.findElement(RemoteWebDriver.java:307)
	at org.openqa.selenium.remote.RemoteWebDriver.findElementByCssSelector(RemoteWebDriver.java:396)
	at org.openqa.selenium.By$ByCssSelector.findElement(By.java:406)
	at org.openqa.selenium.remote.RemoteWebDriver.findElement(RemoteWebDriver.java:299)
	at sun.reflect.GeneratedMethodAccessor8.invoke(Unknown Source)
	at sun.reflect.DelegatingMethodAccessorImpl.invoke(DelegatingMethodAccessorImpl.java:43)
	at java.lang.reflect.Method.invoke(Method.java:606)
	at org.openqa.selenium.support.events.EventFiringWebDriver$2.invoke(EventFiringWebDriver.java:101)
	at com.sun.proxy.$Proxy16.findElement(Unknown Source)
	at org.openqa.selenium.support.events.EventFiringWebDriver.findElement(EventFiringWebDriver.java:180)
	at org.openqa.selenium.support.ui.ExpectedConditions.findElement(ExpectedConditions.java:523)
	at org.openqa.selenium.support.ui.ExpectedConditions.access$000(ExpectedConditions.java:39)
	at org.openqa.selenium.support.ui.ExpectedConditions$4.apply(ExpectedConditions.java:130)
	at org.openqa.selenium.support.ui.ExpectedConditions$4.apply(ExpectedConditions.java:126)
	at org.openqa.selenium.support.ui.FluentWait.until(FluentWait.java:208)
	at com.mifos.pages.MifosWebPage.waitForElementToBeVisible(MifosWebPage.java:210)
	at com.mifos.pages.MifosWebPage.getElement(MifosWebPage.java:699)
	at com.mifos.pages.MifosWebPage.getElement(MifosWebPage.java:684)
	at com.mifos.pages.MifosWebPage.getSingleText(MifosWebPage.java:941)
	at com.mifos.pages.MifosWebPage.validateSame(MifosWebPage.java:947)
	at com.mifos.pages.MifosWebPage.verifySuccessMessage(MifosWebPage.java:1815)
	at com.mifos.pages.FrontPage.verifyProductLoanExcelSheet(FrontPage.java:472)
	at com.mifos.steps.LoanProductSteps.I_should_see_product_loan_created_successfully(LoanProductSteps.java:27)
	at sun.reflect.GeneratedMethodAccessor59.invoke(Unknown Source)
	at sun.reflect.DelegatingMethodAccessorImpl.invoke(DelegatingMethodAccessorImpl.java:43)
	at java.lang.reflect.Method.invoke(Method.java:606)
	at cucumber.runtime.Utils$1.call(Utils.java:44)
	at cucumber.runtime.Timeout.timeout(Timeout.java:12)
	at cucumber.runtime.Utils.invoke(Utils.java:40)
	at cucumber.runtime.java.JavaStepDefinition.execute(JavaStepDefinition.java:35)
	at cucumber.runtime.StepDefinitionMatch.runStep(StepDefinitionMatch.java:38)
	at cucumber.runtime.Runtime.runStep(Runtime.java:268)
	at cucumber.runtime.model.StepContainer.runStep(StepContainer.java:45)
	at cucumber.runtime.model.StepContainer.runSteps(StepContainer.java:40)
	at cucumber.runtime.model.CucumberScenario.run(CucumberScenario.java:36)
	at cucumber.runtime.junit.ExecutionUnitRunner.run(ExecutionUnitRunner.java:83)
	at org.junit.runners.Suite.runChild(Suite.java:127)
	at org.junit.runners.Suite.runChild(Suite.java:26)
	at org.junit.runners.ParentRunner$3.run(ParentRunner.java:238)
	at org.junit.runners.ParentRunner$1.schedule(ParentRunner.java:63)
	at org.junit.runners.ParentRunner.runChildren(ParentRunner.java:236)
	at org.junit.runners.ParentRunner.access$000(ParentRunner.java:53)
	at org.junit.runners.ParentRunner$2.evaluate(ParentRunner.java:229)
	at org.junit.runners.ParentRunner.run(ParentRunner.java:309)
	at org.junit.runners.Suite.runChild(Suite.java:127)
	at org.junit.runners.Suite.runChild(Suite.java:26)
	at org.junit.runners.ParentRunner$3.run(ParentRunner.java:238)
	at org.junit.runners.ParentRunner$1.schedule(ParentRunner.java:63)
	at org.junit.runners.ParentRunner.runChildren(ParentRunner.java:236)
	at org.junit.runners.ParentRunner.access$000(ParentRunner.java:53)
	at org.junit.runners.ParentRunner$2.evaluate(ParentRunner.java:229)
	at org.junit.runners.ParentRunner.run(ParentRunner.java:309)
	at cucumber.runtime.junit.FeatureRunner.runChild(FeatureRunner.java:63)
	at cucumber.runtime.junit.FeatureRunner.runChild(FeatureRunner.java:18)
	at org.junit.runners.ParentRunner$3.run(ParentRunner.java:238)
	at org.junit.runners.ParentRunner$1.schedule(ParentRunner.java:63)
	at org.junit.runners.ParentRunner.runChildren(ParentRunner.java:236)
	at org.junit.runners.ParentRunner.access$000(ParentRunner.java:53)
	at org.junit.runners.ParentRunner$2.evaluate(ParentRunner.java:229)
	at org.junit.runners.ParentRunner.run(ParentRunner.java:309)
	at cucumber.runtime.junit.FeatureRunner.run(FeatureRunner.java:70)
	at cucumber.api.junit.Cucumber.runChild(Cucumber.java:77)
	at cucumber.api.junit.Cucumber.runChild(Cucumber.java:37)
	at org.junit.runners.ParentRunner$3.run(ParentRunner.java:238)
	at org.junit.runners.ParentRunner$1.schedule(ParentRunner.java:63)
	at org.junit.runners.ParentRunner.runChildren(ParentRunner.java:236)
	at org.junit.runners.ParentRunner.access$000(ParentRunner.java:53)
	at org.junit.runners.ParentRunner$2.evaluate(ParentRunner.java:229)
	at org.junit.runners.ParentRunner.run(ParentRunner.java:309)
	at cucumber.api.junit.Cucumber.run(Cucumber.java:82)
	at org.apache.maven.surefire.junit4.JUnit4Provider.execute(JUnit4Provider.java:252)
	at org.apache.maven.surefire.junit4.JUnit4Provider.executeTestSet(JUnit4Provider.java:141)
	at org.apache.maven.surefire.junit4.JUnit4Provider.invoke(JUnit4Provider.java:112)
	at sun.reflect.NativeMethodAccessorImpl.invoke0(Native Method)
	at sun.reflect.NativeMethodAccessorImpl.invoke(NativeMethodAccessorImpl.java:57)
	at sun.reflect.DelegatingMethodAccessorImpl.invoke(DelegatingMethodAccessorImpl.java:43)
	at java.lang.reflect.Method.invoke(Method.java:606)
	at org.apache.maven.surefire.util.ReflectionUtils.invokeMethodWithArray(ReflectionUtils.java:189)
	at org.apache.maven.surefire.booter.ProviderFactory$ProviderProxy.invoke(ProviderFactory.java:165)
	at org.apache.maven.surefire.booter.ProviderFactory.invokeProvider(ProviderFactory.java:85)
	at org.apache.maven.surefire.booter.ForkedBooter.runSuitesInProcess(ForkedBooter.java:113)
	at org.apache.maven.surefire.booter.ForkedBooter.main(ForkedBooter.java:75)
</error>
  </testcase>
  <testcase time="0" classname="| 53RBI-EI-DB-SAR-REC-NOCOM-RNI-CTPD-SAR-MD-TR-1-ONTIME-Loanproduct4.xlsx |" name="Given I navigate to mifos"/>
  <testcase time="0" classname="| 53RBI-EI-DB-SAR-REC-NOCOM-RNI-CTPD-SAR-MD-TR-1-ONTIME-Loanproduct4.xlsx |" name="And I use login folder"/>
  <testcase time="0" classname="| 53RBI-EI-DB-SAR-REC-NOCOM-RNI-CTPD-SAR-MD-TR-1-ONTIME-Loanproduct4.xlsx |" name="When I login into mifos site using excel sheet"/>
  <testcase time="0" classname="| 53RBI-EI-DB-SAR-REC-NOCOM-RNI-CTPD-SAR-MD-TR-1-ONTIME-Loanproduct4.xlsx |" name="Then I should see logged in successfully"/>
  <testcase time="0" classname="| 53RBI-EI-DB-SAR-REC-NOCOM-RNI-CTPD-SAR-MD-TR-1-ONTIME-Loanproduct4.xlsx |" name="Given I setup the product loan"/>
  <testcase time="0" classname="| 53RBI-EI-DB-SAR-REC-NOCOM-RNI-CTPD-SAR-MD-TR-1-ONTIME-Loanproduct4.xlsx |" name="And I entered the values into product loan using"/>
  <testcase time="0" classname="| 53RBI-EI-DB-SAR-REC-NOCOM-RNI-CTPD-SAR-MD-TR-1-ONTIME-Loanproduct4.xlsx |" name="Then I should see product loan created successfully">
    <error message="Timed out after 100 seconds waiting for visibility of element located by By.selector: legend.ng-binding
Build info: version: &apos;2.29.1&apos;, revision: &apos;dfb1306b85be4934d23c123122e06e602a15e446&apos;, time: &apos;2013-01-22 12:58:05&apos;
System info: os.name: &apos;Windows Server 2012&apos;, os.arch: &apos;amd64&apos;, os.version: &apos;6.2&apos;, java.version: &apos;1.7.0_51&apos;
Driver info: driver.version: unknown" type="org.openqa.selenium.TimeoutException">org.openqa.selenium.TimeoutException: Timed out after 100 seconds waiting for visibility of element located by By.selector: legend.ng-binding
Build info: version: &apos;2.29.1&apos;, revision: &apos;dfb1306b85be4934d23c123122e06e602a15e446&apos;, time: &apos;2013-01-22 12:58:05&apos;
System info: os.name: &apos;Windows Server 2012&apos;, os.arch: &apos;amd64&apos;, os.version: &apos;6.2&apos;, java.version: &apos;1.7.0_51&apos;
Driver info: driver.version: unknown
	at org.openqa.selenium.support.ui.FluentWait.timeoutException(FluentWait.java:259)
	at org.openqa.selenium.support.ui.FluentWait.until(FluentWait.java:228)
	at com.mifos.pages.MifosWebPage.waitForElementToBeVisible(MifosWebPage.java:210)
	at com.mifos.pages.MifosWebPage.getElement(MifosWebPage.java:699)
	at com.mifos.pages.MifosWebPage.getElement(MifosWebPage.java:684)
	at com.mifos.pages.MifosWebPage.getSingleText(MifosWebPage.java:941)
	at com.mifos.pages.MifosWebPage.validateSame(MifosWebPage.java:947)
	at com.mifos.pages.MifosWebPage.verifySuccessMessage(MifosWebPage.java:1815)
	at com.mifos.pages.FrontPage.verifyProductLoanExcelSheet(FrontPage.java:472)
	at com.mifos.steps.LoanProductSteps.I_should_see_product_loan_created_successfully(LoanProductSteps.java:27)
	at ✽.Then I should see product loan created successfully(LoanRBI.feature:18)
Caused by: org.openqa.selenium.NoSuchElementException: no such element
  (Session info: chrome=43.0.2357.124)
  (Driver info: chromedriver=2.8.241075,platform=Windows NT 6.3 x86_64) (WARNING: The server did not provide any stacktrace information)
Command duration or timeout: 30.05 seconds
For documentation on this error, please visit: http://seleniumhq.org/exceptions/no_such_element.html
Build info: version: &apos;2.29.1&apos;, revision: &apos;dfb1306b85be4934d23c123122e06e602a15e446&apos;, time: &apos;2013-01-22 12:58:05&apos;
System info: os.name: &apos;Windows Server 2012&apos;, os.arch: &apos;amd64&apos;, os.version: &apos;6.2&apos;, java.version: &apos;1.7.0_51&apos;
Session ID: c64bc320c37142ae51ba8a0fb26cedfb
Driver info: org.openqa.selenium.chrome.ChromeDriver
Capabilities [{platform=XP, acceptSslCerts=true, javascriptEnabled=true, browserName=chrome, chrome={userDataDir=C:\Users\ADMINI~1\AppData\Local\Temp\2\scoped_dir3916_29344}, rotatable=false, locationContextEnabled=true, version=43.0.2357.124, takesHeapSnapshot=true, cssSelectorsEnabled=true, databaseEnabled=false, handlesAlerts=true, browserConnectionEnabled=false, webStorageEnabled=true, nativeEvents=true, applicationCacheEnabled=false, takesScreenshot=true}]
	at sun.reflect.GeneratedConstructorAccessor53.newInstance(Unknown Source)
	at sun.reflect.DelegatingConstructorAccessorImpl.newInstance(DelegatingConstructorAccessorImpl.java:45)
	at java.lang.reflect.Constructor.newInstance(Constructor.java:526)
	at org.openqa.selenium.remote.ErrorHandler.createThrowable(ErrorHandler.java:187)
	at org.openqa.selenium.remote.ErrorHandler.throwIfResponseFailed(ErrorHandler.java:145)
	at org.openqa.selenium.remote.RemoteWebDriver.execute(RemoteWebDriver.java:554)
	at org.openqa.selenium.remote.RemoteWebDriver.findElement(RemoteWebDriver.java:307)
	at org.openqa.selenium.remote.RemoteWebDriver.findElementByCssSelector(RemoteWebDriver.java:396)
	at org.openqa.selenium.By$ByCssSelector.findElement(By.java:406)
	at org.openqa.selenium.remote.RemoteWebDriver.findElement(RemoteWebDriver.java:299)
	at sun.reflect.GeneratedMethodAccessor8.invoke(Unknown Source)
	at sun.reflect.DelegatingMethodAccessorImpl.invoke(DelegatingMethodAccessorImpl.java:43)
	at java.lang.reflect.Method.invoke(Method.java:606)
	at org.openqa.selenium.support.events.EventFiringWebDriver$2.invoke(EventFiringWebDriver.java:101)
	at com.sun.proxy.$Proxy16.findElement(Unknown Source)
	at org.openqa.selenium.support.events.EventFiringWebDriver.findElement(EventFiringWebDriver.java:180)
	at org.openqa.selenium.support.ui.ExpectedConditions.findElement(ExpectedConditions.java:523)
	at org.openqa.selenium.support.ui.ExpectedConditions.access$000(ExpectedConditions.java:39)
	at org.openqa.selenium.support.ui.ExpectedConditions$4.apply(ExpectedConditions.java:130)
	at org.openqa.selenium.support.ui.ExpectedConditions$4.apply(ExpectedConditions.java:126)
	at org.openqa.selenium.support.ui.FluentWait.until(FluentWait.java:208)
	at com.mifos.pages.MifosWebPage.waitForElementToBeVisible(MifosWebPage.java:210)
	at com.mifos.pages.MifosWebPage.getElement(MifosWebPage.java:699)
	at com.mifos.pages.MifosWebPage.getElement(MifosWebPage.java:684)
	at com.mifos.pages.MifosWebPage.getSingleText(MifosWebPage.java:941)
	at com.mifos.pages.MifosWebPage.validateSame(MifosWebPage.java:947)
	at com.mifos.pages.MifosWebPage.verifySuccessMessage(MifosWebPage.java:1815)
	at com.mifos.pages.FrontPage.verifyProductLoanExcelSheet(FrontPage.java:472)
	at com.mifos.steps.LoanProductSteps.I_should_see_product_loan_created_successfully(LoanProductSteps.java:27)
	at sun.reflect.GeneratedMethodAccessor59.invoke(Unknown Source)
	at sun.reflect.DelegatingMethodAccessorImpl.invoke(DelegatingMethodAccessorImpl.java:43)
	at java.lang.reflect.Method.invoke(Method.java:606)
	at cucumber.runtime.Utils$1.call(Utils.java:44)
	at cucumber.runtime.Timeout.timeout(Timeout.java:12)
	at cucumber.runtime.Utils.invoke(Utils.java:40)
	at cucumber.runtime.java.JavaStepDefinition.execute(JavaStepDefinition.java:35)
	at cucumber.runtime.StepDefinitionMatch.runStep(StepDefinitionMatch.java:38)
	at cucumber.runtime.Runtime.runStep(Runtime.java:268)
	at cucumber.runtime.model.StepContainer.runStep(StepContainer.java:45)
	at cucumber.runtime.model.StepContainer.runSteps(StepContainer.java:40)
	at cucumber.runtime.model.CucumberScenario.run(CucumberScenario.java:36)
	at cucumber.runtime.junit.ExecutionUnitRunner.run(ExecutionUnitRunner.java:83)
	at org.junit.runners.Suite.runChild(Suite.java:127)
	at org.junit.runners.Suite.runChild(Suite.java:26)
	at org.junit.runners.ParentRunner$3.run(ParentRunner.java:238)
	at org.junit.runners.ParentRunner$1.schedule(ParentRunner.java:63)
	at org.junit.runners.ParentRunner.runChildren(ParentRunner.java:236)
	at org.junit.runners.ParentRunner.access$000(ParentRunner.java:53)
	at org.junit.runners.ParentRunner$2.evaluate(ParentRunner.java:229)
	at org.junit.runners.ParentRunner.run(ParentRunner.java:309)
	at org.junit.runners.Suite.runChild(Suite.java:127)
	at org.junit.runners.Suite.runChild(Suite.java:26)
	at org.junit.runners.ParentRunner$3.run(ParentRunner.java:238)
	at org.junit.runners.ParentRunner$1.schedule(ParentRunner.java:63)
	at org.junit.runners.ParentRunner.runChildren(ParentRunner.java:236)
	at org.junit.runners.ParentRunner.access$000(ParentRunner.java:53)
	at org.junit.runners.ParentRunner$2.evaluate(ParentRunner.java:229)
	at org.junit.runners.ParentRunner.run(ParentRunner.java:309)
	at cucumber.runtime.junit.FeatureRunner.runChild(FeatureRunner.java:63)
	at cucumber.runtime.junit.FeatureRunner.runChild(FeatureRunner.java:18)
	at org.junit.runners.ParentRunner$3.run(ParentRunner.java:238)
	at org.junit.runners.ParentRunner$1.schedule(ParentRunner.java:63)
	at org.junit.runners.ParentRunner.runChildren(ParentRunner.java:236)
	at org.junit.runners.ParentRunner.access$000(ParentRunner.java:53)
	at org.junit.runners.ParentRunner$2.evaluate(ParentRunner.java:229)
	at org.junit.runners.ParentRunner.run(ParentRunner.java:309)
	at cucumber.runtime.junit.FeatureRunner.run(FeatureRunner.java:70)
	at cucumber.api.junit.Cucumber.runChild(Cucumber.java:77)
	at cucumber.api.junit.Cucumber.runChild(Cucumber.java:37)
	at org.junit.runners.ParentRunner$3.run(ParentRunner.java:238)
	at org.junit.runners.ParentRunner$1.schedule(ParentRunner.java:63)
	at org.junit.runners.ParentRunner.runChildren(ParentRunner.java:236)
	at org.junit.runners.ParentRunner.access$000(ParentRunner.java:53)
	at org.junit.runners.ParentRunner$2.evaluate(ParentRunner.java:229)
	at org.junit.runners.ParentRunner.run(ParentRunner.java:309)
	at cucumber.api.junit.Cucumber.run(Cucumber.java:82)
	at org.apache.maven.surefire.junit4.JUnit4Provider.execute(JUnit4Provider.java:252)
	at org.apache.maven.surefire.junit4.JUnit4Provider.executeTestSet(JUnit4Provider.java:141)
	at org.apache.maven.surefire.junit4.JUnit4Provider.invoke(JUnit4Provider.java:112)
	at sun.reflect.NativeMethodAccessorImpl.invoke0(Native Method)
	at sun.reflect.NativeMethodAccessorImpl.invoke(NativeMethodAccessorImpl.java:57)
	at sun.reflect.DelegatingMethodAccessorImpl.invoke(DelegatingMethodAccessorImpl.java:43)
	at java.lang.reflect.Method.invoke(Method.java:606)
	at org.apache.maven.surefire.util.ReflectionUtils.invokeMethodWithArray(ReflectionUtils.java:189)
	at org.apache.maven.surefire.booter.ProviderFactory$ProviderProxy.invoke(ProviderFactory.java:165)
	at org.apache.maven.surefire.booter.ProviderFactory.invokeProvider(ProviderFactory.java:85)
	at org.apache.maven.surefire.booter.ForkedBooter.runSuitesInProcess(ForkedBooter.java:113)
	at org.apache.maven.surefire.booter.ForkedBooter.main(ForkedBooter.java:75)
</error>
    <system-out>welcome to mifos through excel
Cell One ... key=productname
53RBI-EI-DB-SAR-REC-NOCOM-RNI-CTPD-SAR-MD-TR-1-ONTIME
53RBI-EI-DB-SAR-REC-NOCOM-RNI-CTPD-SAR-MD-TR-1-ONTIME
</system-out>
  </testcase>
  <testcase time="0" classname="| 53RBI-EI-DB-SAR-REC-NOCOM-RNI-CTPD-SAR-MD-TR-1-ONTIME-Loanproduct4.xlsx |" name="| 53RBI-EI-DB-SAR-REC-NOCOM-RNI-CTPD-SAR-MD-TR-1-ONTIME-Loanproduct4.xlsx |">
    <error message="Timed out after 100 seconds waiting for visibility of element located by By.selector: legend.ng-binding
Build info: version: &apos;2.29.1&apos;, revision: &apos;dfb1306b85be4934d23c123122e06e602a15e446&apos;, time: &apos;2013-01-22 12:58:05&apos;
System info: os.name: &apos;Windows Server 2012&apos;, os.arch: &apos;amd64&apos;, os.version: &apos;6.2&apos;, java.version: &apos;1.7.0_51&apos;
Driver info: driver.version: unknown" type="org.openqa.selenium.TimeoutException">org.openqa.selenium.TimeoutException: Timed out after 100 seconds waiting for visibility of element located by By.selector: legend.ng-binding
Build info: version: &apos;2.29.1&apos;, revision: &apos;dfb1306b85be4934d23c123122e06e602a15e446&apos;, time: &apos;2013-01-22 12:58:05&apos;
System info: os.name: &apos;Windows Server 2012&apos;, os.arch: &apos;amd64&apos;, os.version: &apos;6.2&apos;, java.version: &apos;1.7.0_51&apos;
Driver info: driver.version: unknown
	at org.openqa.selenium.support.ui.FluentWait.timeoutException(FluentWait.java:259)
	at org.openqa.selenium.support.ui.FluentWait.until(FluentWait.java:228)
	at com.mifos.pages.MifosWebPage.waitForElementToBeVisible(MifosWebPage.java:210)
	at com.mifos.pages.MifosWebPage.getElement(MifosWebPage.java:699)
	at com.mifos.pages.MifosWebPage.getElement(MifosWebPage.java:684)
	at com.mifos.pages.MifosWebPage.getSingleText(MifosWebPage.java:941)
	at com.mifos.pages.MifosWebPage.validateSame(MifosWebPage.java:947)
	at com.mifos.pages.MifosWebPage.verifySuccessMessage(MifosWebPage.java:1815)
	at com.mifos.pages.FrontPage.verifyProductLoanExcelSheet(FrontPage.java:472)
	at com.mifos.steps.LoanProductSteps.I_should_see_product_loan_created_successfully(LoanProductSteps.java:27)
	at ✽.Then I should see product loan created successfully(LoanRBI.feature:18)
Caused by: org.openqa.selenium.NoSuchElementException: no such element
  (Session info: chrome=43.0.2357.124)
  (Driver info: chromedriver=2.8.241075,platform=Windows NT 6.3 x86_64) (WARNING: The server did not provide any stacktrace information)
Command duration or timeout: 30.05 seconds
For documentation on this error, please visit: http://seleniumhq.org/exceptions/no_such_element.html
Build info: version: &apos;2.29.1&apos;, revision: &apos;dfb1306b85be4934d23c123122e06e602a15e446&apos;, time: &apos;2013-01-22 12:58:05&apos;
System info: os.name: &apos;Windows Server 2012&apos;, os.arch: &apos;amd64&apos;, os.version: &apos;6.2&apos;, java.version: &apos;1.7.0_51&apos;
Session ID: c64bc320c37142ae51ba8a0fb26cedfb
Driver info: org.openqa.selenium.chrome.ChromeDriver
Capabilities [{platform=XP, acceptSslCerts=true, javascriptEnabled=true, browserName=chrome, chrome={userDataDir=C:\Users\ADMINI~1\AppData\Local\Temp\2\scoped_dir3916_29344}, rotatable=false, locationContextEnabled=true, version=43.0.2357.124, takesHeapSnapshot=true, cssSelectorsEnabled=true, databaseEnabled=false, handlesAlerts=true, browserConnectionEnabled=false, webStorageEnabled=true, nativeEvents=true, applicationCacheEnabled=false, takesScreenshot=true}]
	at sun.reflect.GeneratedConstructorAccessor53.newInstance(Unknown Source)
	at sun.reflect.DelegatingConstructorAccessorImpl.newInstance(DelegatingConstructorAccessorImpl.java:45)
	at java.lang.reflect.Constructor.newInstance(Constructor.java:526)
	at org.openqa.selenium.remote.ErrorHandler.createThrowable(ErrorHandler.java:187)
	at org.openqa.selenium.remote.ErrorHandler.throwIfResponseFailed(ErrorHandler.java:145)
	at org.openqa.selenium.remote.RemoteWebDriver.execute(RemoteWebDriver.java:554)
	at org.openqa.selenium.remote.RemoteWebDriver.findElement(RemoteWebDriver.java:307)
	at org.openqa.selenium.remote.RemoteWebDriver.findElementByCssSelector(RemoteWebDriver.java:396)
	at org.openqa.selenium.By$ByCssSelector.findElement(By.java:406)
	at org.openqa.selenium.remote.RemoteWebDriver.findElement(RemoteWebDriver.java:299)
	at sun.reflect.GeneratedMethodAccessor8.invoke(Unknown Source)
	at sun.reflect.DelegatingMethodAccessorImpl.invoke(DelegatingMethodAccessorImpl.java:43)
	at java.lang.reflect.Method.invoke(Method.java:606)
	at org.openqa.selenium.support.events.EventFiringWebDriver$2.invoke(EventFiringWebDriver.java:101)
	at com.sun.proxy.$Proxy16.findElement(Unknown Source)
	at org.openqa.selenium.support.events.EventFiringWebDriver.findElement(EventFiringWebDriver.java:180)
	at org.openqa.selenium.support.ui.ExpectedConditions.findElement(ExpectedConditions.java:523)
	at org.openqa.selenium.support.ui.ExpectedConditions.access$000(ExpectedConditions.java:39)
	at org.openqa.selenium.support.ui.ExpectedConditions$4.apply(ExpectedConditions.java:130)
	at org.openqa.selenium.support.ui.ExpectedConditions$4.apply(ExpectedConditions.java:126)
	at org.openqa.selenium.support.ui.FluentWait.until(FluentWait.java:208)
	at com.mifos.pages.MifosWebPage.waitForElementToBeVisible(MifosWebPage.java:210)
	at com.mifos.pages.MifosWebPage.getElement(MifosWebPage.java:699)
	at com.mifos.pages.MifosWebPage.getElement(MifosWebPage.java:684)
	at com.mifos.pages.MifosWebPage.getSingleText(MifosWebPage.java:941)
	at com.mifos.pages.MifosWebPage.validateSame(MifosWebPage.java:947)
	at com.mifos.pages.MifosWebPage.verifySuccessMessage(MifosWebPage.java:1815)
	at com.mifos.pages.FrontPage.verifyProductLoanExcelSheet(FrontPage.java:472)
	at com.mifos.steps.LoanProductSteps.I_should_see_product_loan_created_successfully(LoanProductSteps.java:27)
	at sun.reflect.GeneratedMethodAccessor59.invoke(Unknown Source)
	at sun.reflect.DelegatingMethodAccessorImpl.invoke(DelegatingMethodAccessorImpl.java:43)
	at java.lang.reflect.Method.invoke(Method.java:606)
	at cucumber.runtime.Utils$1.call(Utils.java:44)
	at cucumber.runtime.Timeout.timeout(Timeout.java:12)
	at cucumber.runtime.Utils.invoke(Utils.java:40)
	at cucumber.runtime.java.JavaStepDefinition.execute(JavaStepDefinition.java:35)
	at cucumber.runtime.StepDefinitionMatch.runStep(StepDefinitionMatch.java:38)
	at cucumber.runtime.Runtime.runStep(Runtime.java:268)
	at cucumber.runtime.model.StepContainer.runStep(StepContainer.java:45)
	at cucumber.runtime.model.StepContainer.runSteps(StepContainer.java:40)
	at cucumber.runtime.model.CucumberScenario.run(CucumberScenario.java:36)
	at cucumber.runtime.junit.ExecutionUnitRunner.run(ExecutionUnitRunner.java:83)
	at org.junit.runners.Suite.runChild(Suite.java:127)
	at org.junit.runners.Suite.runChild(Suite.java:26)
	at org.junit.runners.ParentRunner$3.run(ParentRunner.java:238)
	at org.junit.runners.ParentRunner$1.schedule(ParentRunner.java:63)
	at org.junit.runners.ParentRunner.runChildren(ParentRunner.java:236)
	at org.junit.runners.ParentRunner.access$000(ParentRunner.java:53)
	at org.junit.runners.ParentRunner$2.evaluate(ParentRunner.java:229)
	at org.junit.runners.ParentRunner.run(ParentRunner.java:309)
	at org.junit.runners.Suite.runChild(Suite.java:127)
	at org.junit.runners.Suite.runChild(Suite.java:26)
	at org.junit.runners.ParentRunner$3.run(ParentRunner.java:238)
	at org.junit.runners.ParentRunner$1.schedule(ParentRunner.java:63)
	at org.junit.runners.ParentRunner.runChildren(ParentRunner.java:236)
	at org.junit.runners.ParentRunner.access$000(ParentRunner.java:53)
	at org.junit.runners.ParentRunner$2.evaluate(ParentRunner.java:229)
	at org.junit.runners.ParentRunner.run(ParentRunner.java:309)
	at cucumber.runtime.junit.FeatureRunner.runChild(FeatureRunner.java:63)
	at cucumber.runtime.junit.FeatureRunner.runChild(FeatureRunner.java:18)
	at org.junit.runners.ParentRunner$3.run(ParentRunner.java:238)
	at org.junit.runners.ParentRunner$1.schedule(ParentRunner.java:63)
	at org.junit.runners.ParentRunner.runChildren(ParentRunner.java:236)
	at org.junit.runners.ParentRunner.access$000(ParentRunner.java:53)
	at org.junit.runners.ParentRunner$2.evaluate(ParentRunner.java:229)
	at org.junit.runners.ParentRunner.run(ParentRunner.java:309)
	at cucumber.runtime.junit.FeatureRunner.run(FeatureRunner.java:70)
	at cucumber.api.junit.Cucumber.runChild(Cucumber.java:77)
	at cucumber.api.junit.Cucumber.runChild(Cucumber.java:37)
	at org.junit.runners.ParentRunner$3.run(ParentRunner.java:238)
	at org.junit.runners.ParentRunner$1.schedule(ParentRunner.java:63)
	at org.junit.runners.ParentRunner.runChildren(ParentRunner.java:236)
	at org.junit.runners.ParentRunner.access$000(ParentRunner.java:53)
	at org.junit.runners.ParentRunner$2.evaluate(ParentRunner.java:229)
	at org.junit.runners.ParentRunner.run(ParentRunner.java:309)
	at cucumber.api.junit.Cucumber.run(Cucumber.java:82)
	at org.apache.maven.surefire.junit4.JUnit4Provider.execute(JUnit4Provider.java:252)
	at org.apache.maven.surefire.junit4.JUnit4Provider.executeTestSet(JUnit4Provider.java:141)
	at org.apache.maven.surefire.junit4.JUnit4Provider.invoke(JUnit4Provider.java:112)
	at sun.reflect.NativeMethodAccessorImpl.invoke0(Native Method)
	at sun.reflect.NativeMethodAccessorImpl.invoke(NativeMethodAccessorImpl.java:57)
	at sun.reflect.DelegatingMethodAccessorImpl.invoke(DelegatingMethodAccessorImpl.java:43)
	at java.lang.reflect.Method.invoke(Method.java:606)
	at org.apache.maven.surefire.util.ReflectionUtils.invokeMethodWithArray(ReflectionUtils.java:189)
	at org.apache.maven.surefire.booter.ProviderFactory$ProviderProxy.invoke(ProviderFactory.java:165)
	at org.apache.maven.surefire.booter.ProviderFactory.invokeProvider(ProviderFactory.java:85)
	at org.apache.maven.surefire.booter.ForkedBooter.runSuitesInProcess(ForkedBooter.java:113)
	at org.apache.maven.surefire.booter.ForkedBooter.main(ForkedBooter.java:75)
</error>
  </testcase>
  <testcase time="0" classname="| 54RBI-EI-DB-SAR-REC-NOCOM-RNI-CTPD-DL-MD-TR-1-ONTIME-Loanproduct4.xlsx |" name="Given I navigate to mifos"/>
  <testcase time="0" classname="| 54RBI-EI-DB-SAR-REC-NOCOM-RNI-CTPD-DL-MD-TR-1-ONTIME-Loanproduct4.xlsx |" name="And I use login folder"/>
  <testcase time="0" classname="| 54RBI-EI-DB-SAR-REC-NOCOM-RNI-CTPD-DL-MD-TR-1-ONTIME-Loanproduct4.xlsx |" name="When I login into mifos site using excel sheet"/>
  <testcase time="0" classname="| 54RBI-EI-DB-SAR-REC-NOCOM-RNI-CTPD-DL-MD-TR-1-ONTIME-Loanproduct4.xlsx |" name="Then I should see logged in successfully"/>
  <testcase time="0" classname="| 54RBI-EI-DB-SAR-REC-NOCOM-RNI-CTPD-DL-MD-TR-1-ONTIME-Loanproduct4.xlsx |" name="Given I setup the product loan"/>
  <testcase time="0" classname="| 54RBI-EI-DB-SAR-REC-NOCOM-RNI-CTPD-DL-MD-TR-1-ONTIME-Loanproduct4.xlsx |" name="And I entered the values into product loan using"/>
  <testcase time="0" classname="| 54RBI-EI-DB-SAR-REC-NOCOM-RNI-CTPD-DL-MD-TR-1-ONTIME-Loanproduct4.xlsx |" name="Then I should see product loan created successfully">
    <error message="Timed out after 100 seconds waiting for visibility of element located by By.selector: legend.ng-binding
Build info: version: &apos;2.29.1&apos;, revision: &apos;dfb1306b85be4934d23c123122e06e602a15e446&apos;, time: &apos;2013-01-22 12:58:05&apos;
System info: os.name: &apos;Windows Server 2012&apos;, os.arch: &apos;amd64&apos;, os.version: &apos;6.2&apos;, java.version: &apos;1.7.0_51&apos;
Driver info: driver.version: unknown" type="org.openqa.selenium.TimeoutException">org.openqa.selenium.TimeoutException: Timed out after 100 seconds waiting for visibility of element located by By.selector: legend.ng-binding
Build info: version: &apos;2.29.1&apos;, revision: &apos;dfb1306b85be4934d23c123122e06e602a15e446&apos;, time: &apos;2013-01-22 12:58:05&apos;
System info: os.name: &apos;Windows Server 2012&apos;, os.arch: &apos;amd64&apos;, os.version: &apos;6.2&apos;, java.version: &apos;1.7.0_51&apos;
Driver info: driver.version: unknown
	at org.openqa.selenium.support.ui.FluentWait.timeoutException(FluentWait.java:259)
	at org.openqa.selenium.support.ui.FluentWait.until(FluentWait.java:228)
	at com.mifos.pages.MifosWebPage.waitForElementToBeVisible(MifosWebPage.java:210)
	at com.mifos.pages.MifosWebPage.getElement(MifosWebPage.java:699)
	at com.mifos.pages.MifosWebPage.getElement(MifosWebPage.java:684)
	at com.mifos.pages.MifosWebPage.getSingleText(MifosWebPage.java:941)
	at com.mifos.pages.MifosWebPage.validateSame(MifosWebPage.java:947)
	at com.mifos.pages.MifosWebPage.verifySuccessMessage(MifosWebPage.java:1815)
	at com.mifos.pages.FrontPage.verifyProductLoanExcelSheet(FrontPage.java:472)
	at com.mifos.steps.LoanProductSteps.I_should_see_product_loan_created_successfully(LoanProductSteps.java:27)
	at ✽.Then I should see product loan created successfully(LoanRBI.feature:18)
Caused by: org.openqa.selenium.NoSuchElementException: no such element
  (Session info: chrome=43.0.2357.124)
  (Driver info: chromedriver=2.8.241075,platform=Windows NT 6.3 x86_64) (WARNING: The server did not provide any stacktrace information)
Command duration or timeout: 30.05 seconds
For documentation on this error, please visit: http://seleniumhq.org/exceptions/no_such_element.html
Build info: version: &apos;2.29.1&apos;, revision: &apos;dfb1306b85be4934d23c123122e06e602a15e446&apos;, time: &apos;2013-01-22 12:58:05&apos;
System info: os.name: &apos;Windows Server 2012&apos;, os.arch: &apos;amd64&apos;, os.version: &apos;6.2&apos;, java.version: &apos;1.7.0_51&apos;
Session ID: 25965b929a04601dd5b8cd95b4d5b2b0
Driver info: org.openqa.selenium.chrome.ChromeDriver
Capabilities [{platform=XP, acceptSslCerts=true, javascriptEnabled=true, browserName=chrome, chrome={userDataDir=C:\Users\ADMINI~1\AppData\Local\Temp\2\scoped_dir1520_5043}, rotatable=false, locationContextEnabled=true, version=43.0.2357.124, takesHeapSnapshot=true, cssSelectorsEnabled=true, databaseEnabled=false, handlesAlerts=true, browserConnectionEnabled=false, webStorageEnabled=true, nativeEvents=true, applicationCacheEnabled=false, takesScreenshot=true}]
	at sun.reflect.GeneratedConstructorAccessor53.newInstance(Unknown Source)
	at sun.reflect.DelegatingConstructorAccessorImpl.newInstance(DelegatingConstructorAccessorImpl.java:45)
	at java.lang.reflect.Constructor.newInstance(Constructor.java:526)
	at org.openqa.selenium.remote.ErrorHandler.createThrowable(ErrorHandler.java:187)
	at org.openqa.selenium.remote.ErrorHandler.throwIfResponseFailed(ErrorHandler.java:145)
	at org.openqa.selenium.remote.RemoteWebDriver.execute(RemoteWebDriver.java:554)
	at org.openqa.selenium.remote.RemoteWebDriver.findElement(RemoteWebDriver.java:307)
	at org.openqa.selenium.remote.RemoteWebDriver.findElementByCssSelector(RemoteWebDriver.java:396)
	at org.openqa.selenium.By$ByCssSelector.findElement(By.java:406)
	at org.openqa.selenium.remote.RemoteWebDriver.findElement(RemoteWebDriver.java:299)
	at sun.reflect.GeneratedMethodAccessor8.invoke(Unknown Source)
	at sun.reflect.DelegatingMethodAccessorImpl.invoke(DelegatingMethodAccessorImpl.java:43)
	at java.lang.reflect.Method.invoke(Method.java:606)
	at org.openqa.selenium.support.events.EventFiringWebDriver$2.invoke(EventFiringWebDriver.java:101)
	at com.sun.proxy.$Proxy16.findElement(Unknown Source)
	at org.openqa.selenium.support.events.EventFiringWebDriver.findElement(EventFiringWebDriver.java:180)
	at org.openqa.selenium.support.ui.ExpectedConditions.findElement(ExpectedConditions.java:523)
	at org.openqa.selenium.support.ui.ExpectedConditions.access$000(ExpectedConditions.java:39)
	at org.openqa.selenium.support.ui.ExpectedConditions$4.apply(ExpectedConditions.java:130)
	at org.openqa.selenium.support.ui.ExpectedConditions$4.apply(ExpectedConditions.java:126)
	at org.openqa.selenium.support.ui.FluentWait.until(FluentWait.java:208)
	at com.mifos.pages.MifosWebPage.waitForElementToBeVisible(MifosWebPage.java:210)
	at com.mifos.pages.MifosWebPage.getElement(MifosWebPage.java:699)
	at com.mifos.pages.MifosWebPage.getElement(MifosWebPage.java:684)
	at com.mifos.pages.MifosWebPage.getSingleText(MifosWebPage.java:941)
	at com.mifos.pages.MifosWebPage.validateSame(MifosWebPage.java:947)
	at com.mifos.pages.MifosWebPage.verifySuccessMessage(MifosWebPage.java:1815)
	at com.mifos.pages.FrontPage.verifyProductLoanExcelSheet(FrontPage.java:472)
	at com.mifos.steps.LoanProductSteps.I_should_see_product_loan_created_successfully(LoanProductSteps.java:27)
	at sun.reflect.GeneratedMethodAccessor59.invoke(Unknown Source)
	at sun.reflect.DelegatingMethodAccessorImpl.invoke(DelegatingMethodAccessorImpl.java:43)
	at java.lang.reflect.Method.invoke(Method.java:606)
	at cucumber.runtime.Utils$1.call(Utils.java:44)
	at cucumber.runtime.Timeout.timeout(Timeout.java:12)
	at cucumber.runtime.Utils.invoke(Utils.java:40)
	at cucumber.runtime.java.JavaStepDefinition.execute(JavaStepDefinition.java:35)
	at cucumber.runtime.StepDefinitionMatch.runStep(StepDefinitionMatch.java:38)
	at cucumber.runtime.Runtime.runStep(Runtime.java:268)
	at cucumber.runtime.model.StepContainer.runStep(StepContainer.java:45)
	at cucumber.runtime.model.StepContainer.runSteps(StepContainer.java:40)
	at cucumber.runtime.model.CucumberScenario.run(CucumberScenario.java:36)
	at cucumber.runtime.junit.ExecutionUnitRunner.run(ExecutionUnitRunner.java:83)
	at org.junit.runners.Suite.runChild(Suite.java:127)
	at org.junit.runners.Suite.runChild(Suite.java:26)
	at org.junit.runners.ParentRunner$3.run(ParentRunner.java:238)
	at org.junit.runners.ParentRunner$1.schedule(ParentRunner.java:63)
	at org.junit.runners.ParentRunner.runChildren(ParentRunner.java:236)
	at org.junit.runners.ParentRunner.access$000(ParentRunner.java:53)
	at org.junit.runners.ParentRunner$2.evaluate(ParentRunner.java:229)
	at org.junit.runners.ParentRunner.run(ParentRunner.java:309)
	at org.junit.runners.Suite.runChild(Suite.java:127)
	at org.junit.runners.Suite.runChild(Suite.java:26)
	at org.junit.runners.ParentRunner$3.run(ParentRunner.java:238)
	at org.junit.runners.ParentRunner$1.schedule(ParentRunner.java:63)
	at org.junit.runners.ParentRunner.runChildren(ParentRunner.java:236)
	at org.junit.runners.ParentRunner.access$000(ParentRunner.java:53)
	at org.junit.runners.ParentRunner$2.evaluate(ParentRunner.java:229)
	at org.junit.runners.ParentRunner.run(ParentRunner.java:309)
	at cucumber.runtime.junit.FeatureRunner.runChild(FeatureRunner.java:63)
	at cucumber.runtime.junit.FeatureRunner.runChild(FeatureRunner.java:18)
	at org.junit.runners.ParentRunner$3.run(ParentRunner.java:238)
	at org.junit.runners.ParentRunner$1.schedule(ParentRunner.java:63)
	at org.junit.runners.ParentRunner.runChildren(ParentRunner.java:236)
	at org.junit.runners.ParentRunner.access$000(ParentRunner.java:53)
	at org.junit.runners.ParentRunner$2.evaluate(ParentRunner.java:229)
	at org.junit.runners.ParentRunner.run(ParentRunner.java:309)
	at cucumber.runtime.junit.FeatureRunner.run(FeatureRunner.java:70)
	at cucumber.api.junit.Cucumber.runChild(Cucumber.java:77)
	at cucumber.api.junit.Cucumber.runChild(Cucumber.java:37)
	at org.junit.runners.ParentRunner$3.run(ParentRunner.java:238)
	at org.junit.runners.ParentRunner$1.schedule(ParentRunner.java:63)
	at org.junit.runners.ParentRunner.runChildren(ParentRunner.java:236)
	at org.junit.runners.ParentRunner.access$000(ParentRunner.java:53)
	at org.junit.runners.ParentRunner$2.evaluate(ParentRunner.java:229)
	at org.junit.runners.ParentRunner.run(ParentRunner.java:309)
	at cucumber.api.junit.Cucumber.run(Cucumber.java:82)
	at org.apache.maven.surefire.junit4.JUnit4Provider.execute(JUnit4Provider.java:252)
	at org.apache.maven.surefire.junit4.JUnit4Provider.executeTestSet(JUnit4Provider.java:141)
	at org.apache.maven.surefire.junit4.JUnit4Provider.invoke(JUnit4Provider.java:112)
	at sun.reflect.NativeMethodAccessorImpl.invoke0(Native Method)
	at sun.reflect.NativeMethodAccessorImpl.invoke(NativeMethodAccessorImpl.java:57)
	at sun.reflect.DelegatingMethodAccessorImpl.invoke(DelegatingMethodAccessorImpl.java:43)
	at java.lang.reflect.Method.invoke(Method.java:606)
	at org.apache.maven.surefire.util.ReflectionUtils.invokeMethodWithArray(ReflectionUtils.java:189)
	at org.apache.maven.surefire.booter.ProviderFactory$ProviderProxy.invoke(ProviderFactory.java:165)
	at org.apache.maven.surefire.booter.ProviderFactory.invokeProvider(ProviderFactory.java:85)
	at org.apache.maven.surefire.booter.ForkedBooter.runSuitesInProcess(ForkedBooter.java:113)
	at org.apache.maven.surefire.booter.ForkedBooter.main(ForkedBooter.java:75)
</error>
    <system-out>welcome to mifos through excel
Cell One ... key=productname
54RBI-EI-DB-SAR-REC-NOCOM-RNI-CTPD-DL-MD-TR-1-ONTIME
54RBI-EI-DB-SAR-REC-NOCOM-RNI-CTPD-DL-MD-TR-1-ONTIME
</system-out>
  </testcase>
  <testcase time="0" classname="| 54RBI-EI-DB-SAR-REC-NOCOM-RNI-CTPD-DL-MD-TR-1-ONTIME-Loanproduct4.xlsx |" name="| 54RBI-EI-DB-SAR-REC-NOCOM-RNI-CTPD-DL-MD-TR-1-ONTIME-Loanproduct4.xlsx |">
    <error message="Timed out after 100 seconds waiting for visibility of element located by By.selector: legend.ng-binding
Build info: version: &apos;2.29.1&apos;, revision: &apos;dfb1306b85be4934d23c123122e06e602a15e446&apos;, time: &apos;2013-01-22 12:58:05&apos;
System info: os.name: &apos;Windows Server 2012&apos;, os.arch: &apos;amd64&apos;, os.version: &apos;6.2&apos;, java.version: &apos;1.7.0_51&apos;
Driver info: driver.version: unknown" type="org.openqa.selenium.TimeoutException">org.openqa.selenium.TimeoutException: Timed out after 100 seconds waiting for visibility of element located by By.selector: legend.ng-binding
Build info: version: &apos;2.29.1&apos;, revision: &apos;dfb1306b85be4934d23c123122e06e602a15e446&apos;, time: &apos;2013-01-22 12:58:05&apos;
System info: os.name: &apos;Windows Server 2012&apos;, os.arch: &apos;amd64&apos;, os.version: &apos;6.2&apos;, java.version: &apos;1.7.0_51&apos;
Driver info: driver.version: unknown
	at org.openqa.selenium.support.ui.FluentWait.timeoutException(FluentWait.java:259)
	at org.openqa.selenium.support.ui.FluentWait.until(FluentWait.java:228)
	at com.mifos.pages.MifosWebPage.waitForElementToBeVisible(MifosWebPage.java:210)
	at com.mifos.pages.MifosWebPage.getElement(MifosWebPage.java:699)
	at com.mifos.pages.MifosWebPage.getElement(MifosWebPage.java:684)
	at com.mifos.pages.MifosWebPage.getSingleText(MifosWebPage.java:941)
	at com.mifos.pages.MifosWebPage.validateSame(MifosWebPage.java:947)
	at com.mifos.pages.MifosWebPage.verifySuccessMessage(MifosWebPage.java:1815)
	at com.mifos.pages.FrontPage.verifyProductLoanExcelSheet(FrontPage.java:472)
	at com.mifos.steps.LoanProductSteps.I_should_see_product_loan_created_successfully(LoanProductSteps.java:27)
	at ✽.Then I should see product loan created successfully(LoanRBI.feature:18)
Caused by: org.openqa.selenium.NoSuchElementException: no such element
  (Session info: chrome=43.0.2357.124)
  (Driver info: chromedriver=2.8.241075,platform=Windows NT 6.3 x86_64) (WARNING: The server did not provide any stacktrace information)
Command duration or timeout: 30.05 seconds
For documentation on this error, please visit: http://seleniumhq.org/exceptions/no_such_element.html
Build info: version: &apos;2.29.1&apos;, revision: &apos;dfb1306b85be4934d23c123122e06e602a15e446&apos;, time: &apos;2013-01-22 12:58:05&apos;
System info: os.name: &apos;Windows Server 2012&apos;, os.arch: &apos;amd64&apos;, os.version: &apos;6.2&apos;, java.version: &apos;1.7.0_51&apos;
Session ID: 25965b929a04601dd5b8cd95b4d5b2b0
Driver info: org.openqa.selenium.chrome.ChromeDriver
Capabilities [{platform=XP, acceptSslCerts=true, javascriptEnabled=true, browserName=chrome, chrome={userDataDir=C:\Users\ADMINI~1\AppData\Local\Temp\2\scoped_dir1520_5043}, rotatable=false, locationContextEnabled=true, version=43.0.2357.124, takesHeapSnapshot=true, cssSelectorsEnabled=true, databaseEnabled=false, handlesAlerts=true, browserConnectionEnabled=false, webStorageEnabled=true, nativeEvents=true, applicationCacheEnabled=false, takesScreenshot=true}]
	at sun.reflect.GeneratedConstructorAccessor53.newInstance(Unknown Source)
	at sun.reflect.DelegatingConstructorAccessorImpl.newInstance(DelegatingConstructorAccessorImpl.java:45)
	at java.lang.reflect.Constructor.newInstance(Constructor.java:526)
	at org.openqa.selenium.remote.ErrorHandler.createThrowable(ErrorHandler.java:187)
	at org.openqa.selenium.remote.ErrorHandler.throwIfResponseFailed(ErrorHandler.java:145)
	at org.openqa.selenium.remote.RemoteWebDriver.execute(RemoteWebDriver.java:554)
	at org.openqa.selenium.remote.RemoteWebDriver.findElement(RemoteWebDriver.java:307)
	at org.openqa.selenium.remote.RemoteWebDriver.findElementByCssSelector(RemoteWebDriver.java:396)
	at org.openqa.selenium.By$ByCssSelector.findElement(By.java:406)
	at org.openqa.selenium.remote.RemoteWebDriver.findElement(RemoteWebDriver.java:299)
	at sun.reflect.GeneratedMethodAccessor8.invoke(Unknown Source)
	at sun.reflect.DelegatingMethodAccessorImpl.invoke(DelegatingMethodAccessorImpl.java:43)
	at java.lang.reflect.Method.invoke(Method.java:606)
	at org.openqa.selenium.support.events.EventFiringWebDriver$2.invoke(EventFiringWebDriver.java:101)
	at com.sun.proxy.$Proxy16.findElement(Unknown Source)
	at org.openqa.selenium.support.events.EventFiringWebDriver.findElement(EventFiringWebDriver.java:180)
	at org.openqa.selenium.support.ui.ExpectedConditions.findElement(ExpectedConditions.java:523)
	at org.openqa.selenium.support.ui.ExpectedConditions.access$000(ExpectedConditions.java:39)
	at org.openqa.selenium.support.ui.ExpectedConditions$4.apply(ExpectedConditions.java:130)
	at org.openqa.selenium.support.ui.ExpectedConditions$4.apply(ExpectedConditions.java:126)
	at org.openqa.selenium.support.ui.FluentWait.until(FluentWait.java:208)
	at com.mifos.pages.MifosWebPage.waitForElementToBeVisible(MifosWebPage.java:210)
	at com.mifos.pages.MifosWebPage.getElement(MifosWebPage.java:699)
	at com.mifos.pages.MifosWebPage.getElement(MifosWebPage.java:684)
	at com.mifos.pages.MifosWebPage.getSingleText(MifosWebPage.java:941)
	at com.mifos.pages.MifosWebPage.validateSame(MifosWebPage.java:947)
	at com.mifos.pages.MifosWebPage.verifySuccessMessage(MifosWebPage.java:1815)
	at com.mifos.pages.FrontPage.verifyProductLoanExcelSheet(FrontPage.java:472)
	at com.mifos.steps.LoanProductSteps.I_should_see_product_loan_created_successfully(LoanProductSteps.java:27)
	at sun.reflect.GeneratedMethodAccessor59.invoke(Unknown Source)
	at sun.reflect.DelegatingMethodAccessorImpl.invoke(DelegatingMethodAccessorImpl.java:43)
	at java.lang.reflect.Method.invoke(Method.java:606)
	at cucumber.runtime.Utils$1.call(Utils.java:44)
	at cucumber.runtime.Timeout.timeout(Timeout.java:12)
	at cucumber.runtime.Utils.invoke(Utils.java:40)
	at cucumber.runtime.java.JavaStepDefinition.execute(JavaStepDefinition.java:35)
	at cucumber.runtime.StepDefinitionMatch.runStep(StepDefinitionMatch.java:38)
	at cucumber.runtime.Runtime.runStep(Runtime.java:268)
	at cucumber.runtime.model.StepContainer.runStep(StepContainer.java:45)
	at cucumber.runtime.model.StepContainer.runSteps(StepContainer.java:40)
	at cucumber.runtime.model.CucumberScenario.run(CucumberScenario.java:36)
	at cucumber.runtime.junit.ExecutionUnitRunner.run(ExecutionUnitRunner.java:83)
	at org.junit.runners.Suite.runChild(Suite.java:127)
	at org.junit.runners.Suite.runChild(Suite.java:26)
	at org.junit.runners.ParentRunner$3.run(ParentRunner.java:238)
	at org.junit.runners.ParentRunner$1.schedule(ParentRunner.java:63)
	at org.junit.runners.ParentRunner.runChildren(ParentRunner.java:236)
	at org.junit.runners.ParentRunner.access$000(ParentRunner.java:53)
	at org.junit.runners.ParentRunner$2.evaluate(ParentRunner.java:229)
	at org.junit.runners.ParentRunner.run(ParentRunner.java:309)
	at org.junit.runners.Suite.runChild(Suite.java:127)
	at org.junit.runners.Suite.runChild(Suite.java:26)
	at org.junit.runners.ParentRunner$3.run(ParentRunner.java:238)
	at org.junit.runners.ParentRunner$1.schedule(ParentRunner.java:63)
	at org.junit.runners.ParentRunner.runChildren(ParentRunner.java:236)
	at org.junit.runners.ParentRunner.access$000(ParentRunner.java:53)
	at org.junit.runners.ParentRunner$2.evaluate(ParentRunner.java:229)
	at org.junit.runners.ParentRunner.run(ParentRunner.java:309)
	at cucumber.runtime.junit.FeatureRunner.runChild(FeatureRunner.java:63)
	at cucumber.runtime.junit.FeatureRunner.runChild(FeatureRunner.java:18)
	at org.junit.runners.ParentRunner$3.run(ParentRunner.java:238)
	at org.junit.runners.ParentRunner$1.schedule(ParentRunner.java:63)
	at org.junit.runners.ParentRunner.runChildren(ParentRunner.java:236)
	at org.junit.runners.ParentRunner.access$000(ParentRunner.java:53)
	at org.junit.runners.ParentRunner$2.evaluate(ParentRunner.java:229)
	at org.junit.runners.ParentRunner.run(ParentRunner.java:309)
	at cucumber.runtime.junit.FeatureRunner.run(FeatureRunner.java:70)
	at cucumber.api.junit.Cucumber.runChild(Cucumber.java:77)
	at cucumber.api.junit.Cucumber.runChild(Cucumber.java:37)
	at org.junit.runners.ParentRunner$3.run(ParentRunner.java:238)
	at org.junit.runners.ParentRunner$1.schedule(ParentRunner.java:63)
	at org.junit.runners.ParentRunner.runChildren(ParentRunner.java:236)
	at org.junit.runners.ParentRunner.access$000(ParentRunner.java:53)
	at org.junit.runners.ParentRunner$2.evaluate(ParentRunner.java:229)
	at org.junit.runners.ParentRunner.run(ParentRunner.java:309)
	at cucumber.api.junit.Cucumber.run(Cucumber.java:82)
	at org.apache.maven.surefire.junit4.JUnit4Provider.execute(JUnit4Provider.java:252)
	at org.apache.maven.surefire.junit4.JUnit4Provider.executeTestSet(JUnit4Provider.java:141)
	at org.apache.maven.surefire.junit4.JUnit4Provider.invoke(JUnit4Provider.java:112)
	at sun.reflect.NativeMethodAccessorImpl.invoke0(Native Method)
	at sun.reflect.NativeMethodAccessorImpl.invoke(NativeMethodAccessorImpl.java:57)
	at sun.reflect.DelegatingMethodAccessorImpl.invoke(DelegatingMethodAccessorImpl.java:43)
	at java.lang.reflect.Method.invoke(Method.java:606)
	at org.apache.maven.surefire.util.ReflectionUtils.invokeMethodWithArray(ReflectionUtils.java:189)
	at org.apache.maven.surefire.booter.ProviderFactory$ProviderProxy.invoke(ProviderFactory.java:165)
	at org.apache.maven.surefire.booter.ProviderFactory.invokeProvider(ProviderFactory.java:85)
	at org.apache.maven.surefire.booter.ForkedBooter.runSuitesInProcess(ForkedBooter.java:113)
	at org.apache.maven.surefire.booter.ForkedBooter.main(ForkedBooter.java:75)
</error>
  </testcase>
  <testcase time="0" classname="| 55RBI-EI-DB-SAR-REC-NOCOM-RNI-CTRFD-SAR-MD-TR-1-ONTIME-Loanproduct4.xlsx |" name="Given I navigate to mifos"/>
  <testcase time="0" classname="| 55RBI-EI-DB-SAR-REC-NOCOM-RNI-CTRFD-SAR-MD-TR-1-ONTIME-Loanproduct4.xlsx |" name="And I use login folder"/>
  <testcase time="0" classname="| 55RBI-EI-DB-SAR-REC-NOCOM-RNI-CTRFD-SAR-MD-TR-1-ONTIME-Loanproduct4.xlsx |" name="When I login into mifos site using excel sheet"/>
  <testcase time="0" classname="| 55RBI-EI-DB-SAR-REC-NOCOM-RNI-CTRFD-SAR-MD-TR-1-ONTIME-Loanproduct4.xlsx |" name="Then I should see logged in successfully"/>
  <testcase time="0" classname="| 55RBI-EI-DB-SAR-REC-NOCOM-RNI-CTRFD-SAR-MD-TR-1-ONTIME-Loanproduct4.xlsx |" name="Given I setup the product loan"/>
  <testcase time="0" classname="| 55RBI-EI-DB-SAR-REC-NOCOM-RNI-CTRFD-SAR-MD-TR-1-ONTIME-Loanproduct4.xlsx |" name="And I entered the values into product loan using"/>
  <testcase time="0" classname="| 55RBI-EI-DB-SAR-REC-NOCOM-RNI-CTRFD-SAR-MD-TR-1-ONTIME-Loanproduct4.xlsx |" name="Then I should see product loan created successfully">
    <error message="Timed out after 100 seconds waiting for visibility of element located by By.selector: legend.ng-binding
Build info: version: &apos;2.29.1&apos;, revision: &apos;dfb1306b85be4934d23c123122e06e602a15e446&apos;, time: &apos;2013-01-22 12:58:05&apos;
System info: os.name: &apos;Windows Server 2012&apos;, os.arch: &apos;amd64&apos;, os.version: &apos;6.2&apos;, java.version: &apos;1.7.0_51&apos;
Driver info: driver.version: unknown" type="org.openqa.selenium.TimeoutException">org.openqa.selenium.TimeoutException: Timed out after 100 seconds waiting for visibility of element located by By.selector: legend.ng-binding
Build info: version: &apos;2.29.1&apos;, revision: &apos;dfb1306b85be4934d23c123122e06e602a15e446&apos;, time: &apos;2013-01-22 12:58:05&apos;
System info: os.name: &apos;Windows Server 2012&apos;, os.arch: &apos;amd64&apos;, os.version: &apos;6.2&apos;, java.version: &apos;1.7.0_51&apos;
Driver info: driver.version: unknown
	at org.openqa.selenium.support.ui.FluentWait.timeoutException(FluentWait.java:259)
	at org.openqa.selenium.support.ui.FluentWait.until(FluentWait.java:228)
	at com.mifos.pages.MifosWebPage.waitForElementToBeVisible(MifosWebPage.java:210)
	at com.mifos.pages.MifosWebPage.getElement(MifosWebPage.java:699)
	at com.mifos.pages.MifosWebPage.getElement(MifosWebPage.java:684)
	at com.mifos.pages.MifosWebPage.getSingleText(MifosWebPage.java:941)
	at com.mifos.pages.MifosWebPage.validateSame(MifosWebPage.java:947)
	at com.mifos.pages.MifosWebPage.verifySuccessMessage(MifosWebPage.java:1815)
	at com.mifos.pages.FrontPage.verifyProductLoanExcelSheet(FrontPage.java:472)
	at com.mifos.steps.LoanProductSteps.I_should_see_product_loan_created_successfully(LoanProductSteps.java:27)
	at ✽.Then I should see product loan created successfully(LoanRBI.feature:18)
Caused by: org.openqa.selenium.NoSuchElementException: no such element
  (Session info: chrome=43.0.2357.124)
  (Driver info: chromedriver=2.8.241075,platform=Windows NT 6.3 x86_64) (WARNING: The server did not provide any stacktrace information)
Command duration or timeout: 30.02 seconds
For documentation on this error, please visit: http://seleniumhq.org/exceptions/no_such_element.html
Build info: version: &apos;2.29.1&apos;, revision: &apos;dfb1306b85be4934d23c123122e06e602a15e446&apos;, time: &apos;2013-01-22 12:58:05&apos;
System info: os.name: &apos;Windows Server 2012&apos;, os.arch: &apos;amd64&apos;, os.version: &apos;6.2&apos;, java.version: &apos;1.7.0_51&apos;
Session ID: ceac230bb11436b9a77be91089c122c1
Driver info: org.openqa.selenium.chrome.ChromeDriver
Capabilities [{platform=XP, acceptSslCerts=true, javascriptEnabled=true, browserName=chrome, chrome={userDataDir=C:\Users\ADMINI~1\AppData\Local\Temp\2\scoped_dir4196_31132}, rotatable=false, locationContextEnabled=true, version=43.0.2357.124, takesHeapSnapshot=true, cssSelectorsEnabled=true, databaseEnabled=false, handlesAlerts=true, browserConnectionEnabled=false, webStorageEnabled=true, nativeEvents=true, applicationCacheEnabled=false, takesScreenshot=true}]
	at sun.reflect.GeneratedConstructorAccessor53.newInstance(Unknown Source)
	at sun.reflect.DelegatingConstructorAccessorImpl.newInstance(DelegatingConstructorAccessorImpl.java:45)
	at java.lang.reflect.Constructor.newInstance(Constructor.java:526)
	at org.openqa.selenium.remote.ErrorHandler.createThrowable(ErrorHandler.java:187)
	at org.openqa.selenium.remote.ErrorHandler.throwIfResponseFailed(ErrorHandler.java:145)
	at org.openqa.selenium.remote.RemoteWebDriver.execute(RemoteWebDriver.java:554)
	at org.openqa.selenium.remote.RemoteWebDriver.findElement(RemoteWebDriver.java:307)
	at org.openqa.selenium.remote.RemoteWebDriver.findElementByCssSelector(RemoteWebDriver.java:396)
	at org.openqa.selenium.By$ByCssSelector.findElement(By.java:406)
	at org.openqa.selenium.remote.RemoteWebDriver.findElement(RemoteWebDriver.java:299)
	at sun.reflect.GeneratedMethodAccessor8.invoke(Unknown Source)
	at sun.reflect.DelegatingMethodAccessorImpl.invoke(DelegatingMethodAccessorImpl.java:43)
	at java.lang.reflect.Method.invoke(Method.java:606)
	at org.openqa.selenium.support.events.EventFiringWebDriver$2.invoke(EventFiringWebDriver.java:101)
	at com.sun.proxy.$Proxy16.findElement(Unknown Source)
	at org.openqa.selenium.support.events.EventFiringWebDriver.findElement(EventFiringWebDriver.java:180)
	at org.openqa.selenium.support.ui.ExpectedConditions.findElement(ExpectedConditions.java:523)
	at org.openqa.selenium.support.ui.ExpectedConditions.access$000(ExpectedConditions.java:39)
	at org.openqa.selenium.support.ui.ExpectedConditions$4.apply(ExpectedConditions.java:130)
	at org.openqa.selenium.support.ui.ExpectedConditions$4.apply(ExpectedConditions.java:126)
	at org.openqa.selenium.support.ui.FluentWait.until(FluentWait.java:208)
	at com.mifos.pages.MifosWebPage.waitForElementToBeVisible(MifosWebPage.java:210)
	at com.mifos.pages.MifosWebPage.getElement(MifosWebPage.java:699)
	at com.mifos.pages.MifosWebPage.getElement(MifosWebPage.java:684)
	at com.mifos.pages.MifosWebPage.getSingleText(MifosWebPage.java:941)
	at com.mifos.pages.MifosWebPage.validateSame(MifosWebPage.java:947)
	at com.mifos.pages.MifosWebPage.verifySuccessMessage(MifosWebPage.java:1815)
	at com.mifos.pages.FrontPage.verifyProductLoanExcelSheet(FrontPage.java:472)
	at com.mifos.steps.LoanProductSteps.I_should_see_product_loan_created_successfully(LoanProductSteps.java:27)
	at sun.reflect.GeneratedMethodAccessor59.invoke(Unknown Source)
	at sun.reflect.DelegatingMethodAccessorImpl.invoke(DelegatingMethodAccessorImpl.java:43)
	at java.lang.reflect.Method.invoke(Method.java:606)
	at cucumber.runtime.Utils$1.call(Utils.java:44)
	at cucumber.runtime.Timeout.timeout(Timeout.java:12)
	at cucumber.runtime.Utils.invoke(Utils.java:40)
	at cucumber.runtime.java.JavaStepDefinition.execute(JavaStepDefinition.java:35)
	at cucumber.runtime.StepDefinitionMatch.runStep(StepDefinitionMatch.java:38)
	at cucumber.runtime.Runtime.runStep(Runtime.java:268)
	at cucumber.runtime.model.StepContainer.runStep(StepContainer.java:45)
	at cucumber.runtime.model.StepContainer.runSteps(StepContainer.java:40)
	at cucumber.runtime.model.CucumberScenario.run(CucumberScenario.java:36)
	at cucumber.runtime.junit.ExecutionUnitRunner.run(ExecutionUnitRunner.java:83)
	at org.junit.runners.Suite.runChild(Suite.java:127)
	at org.junit.runners.Suite.runChild(Suite.java:26)
	at org.junit.runners.ParentRunner$3.run(ParentRunner.java:238)
	at org.junit.runners.ParentRunner$1.schedule(ParentRunner.java:63)
	at org.junit.runners.ParentRunner.runChildren(ParentRunner.java:236)
	at org.junit.runners.ParentRunner.access$000(ParentRunner.java:53)
	at org.junit.runners.ParentRunner$2.evaluate(ParentRunner.java:229)
	at org.junit.runners.ParentRunner.run(ParentRunner.java:309)
	at org.junit.runners.Suite.runChild(Suite.java:127)
	at org.junit.runners.Suite.runChild(Suite.java:26)
	at org.junit.runners.ParentRunner$3.run(ParentRunner.java:238)
	at org.junit.runners.ParentRunner$1.schedule(ParentRunner.java:63)
	at org.junit.runners.ParentRunner.runChildren(ParentRunner.java:236)
	at org.junit.runners.ParentRunner.access$000(ParentRunner.java:53)
	at org.junit.runners.ParentRunner$2.evaluate(ParentRunner.java:229)
	at org.junit.runners.ParentRunner.run(ParentRunner.java:309)
	at cucumber.runtime.junit.FeatureRunner.runChild(FeatureRunner.java:63)
	at cucumber.runtime.junit.FeatureRunner.runChild(FeatureRunner.java:18)
	at org.junit.runners.ParentRunner$3.run(ParentRunner.java:238)
	at org.junit.runners.ParentRunner$1.schedule(ParentRunner.java:63)
	at org.junit.runners.ParentRunner.runChildren(ParentRunner.java:236)
	at org.junit.runners.ParentRunner.access$000(ParentRunner.java:53)
	at org.junit.runners.ParentRunner$2.evaluate(ParentRunner.java:229)
	at org.junit.runners.ParentRunner.run(ParentRunner.java:309)
	at cucumber.runtime.junit.FeatureRunner.run(FeatureRunner.java:70)
	at cucumber.api.junit.Cucumber.runChild(Cucumber.java:77)
	at cucumber.api.junit.Cucumber.runChild(Cucumber.java:37)
	at org.junit.runners.ParentRunner$3.run(ParentRunner.java:238)
	at org.junit.runners.ParentRunner$1.schedule(ParentRunner.java:63)
	at org.junit.runners.ParentRunner.runChildren(ParentRunner.java:236)
	at org.junit.runners.ParentRunner.access$000(ParentRunner.java:53)
	at org.junit.runners.ParentRunner$2.evaluate(ParentRunner.java:229)
	at org.junit.runners.ParentRunner.run(ParentRunner.java:309)
	at cucumber.api.junit.Cucumber.run(Cucumber.java:82)
	at org.apache.maven.surefire.junit4.JUnit4Provider.execute(JUnit4Provider.java:252)
	at org.apache.maven.surefire.junit4.JUnit4Provider.executeTestSet(JUnit4Provider.java:141)
	at org.apache.maven.surefire.junit4.JUnit4Provider.invoke(JUnit4Provider.java:112)
	at sun.reflect.NativeMethodAccessorImpl.invoke0(Native Method)
	at sun.reflect.NativeMethodAccessorImpl.invoke(NativeMethodAccessorImpl.java:57)
	at sun.reflect.DelegatingMethodAccessorImpl.invoke(DelegatingMethodAccessorImpl.java:43)
	at java.lang.reflect.Method.invoke(Method.java:606)
	at org.apache.maven.surefire.util.ReflectionUtils.invokeMethodWithArray(ReflectionUtils.java:189)
	at org.apache.maven.surefire.booter.ProviderFactory$ProviderProxy.invoke(ProviderFactory.java:165)
	at org.apache.maven.surefire.booter.ProviderFactory.invokeProvider(ProviderFactory.java:85)
	at org.apache.maven.surefire.booter.ForkedBooter.runSuitesInProcess(ForkedBooter.java:113)
	at org.apache.maven.surefire.booter.ForkedBooter.main(ForkedBooter.java:75)
</error>
    <system-out>welcome to mifos through excel
Cell One ... key=productname
55RBI-EI-DB-SAR-REC-NOCOM-RNI-CTRFD-SAR-MD-TR-1-ONTIME
55RBI-EI-DB-SAR-REC-NOCOM-RNI-CTRFD-SAR-MD-TR-1-ONTIME
</system-out>
  </testcase>
  <testcase time="0" classname="| 55RBI-EI-DB-SAR-REC-NOCOM-RNI-CTRFD-SAR-MD-TR-1-ONTIME-Loanproduct4.xlsx |" name="| 55RBI-EI-DB-SAR-REC-NOCOM-RNI-CTRFD-SAR-MD-TR-1-ONTIME-Loanproduct4.xlsx |">
    <error message="Timed out after 100 seconds waiting for visibility of element located by By.selector: legend.ng-binding
Build info: version: &apos;2.29.1&apos;, revision: &apos;dfb1306b85be4934d23c123122e06e602a15e446&apos;, time: &apos;2013-01-22 12:58:05&apos;
System info: os.name: &apos;Windows Server 2012&apos;, os.arch: &apos;amd64&apos;, os.version: &apos;6.2&apos;, java.version: &apos;1.7.0_51&apos;
Driver info: driver.version: unknown" type="org.openqa.selenium.TimeoutException">org.openqa.selenium.TimeoutException: Timed out after 100 seconds waiting for visibility of element located by By.selector: legend.ng-binding
Build info: version: &apos;2.29.1&apos;, revision: &apos;dfb1306b85be4934d23c123122e06e602a15e446&apos;, time: &apos;2013-01-22 12:58:05&apos;
System info: os.name: &apos;Windows Server 2012&apos;, os.arch: &apos;amd64&apos;, os.version: &apos;6.2&apos;, java.version: &apos;1.7.0_51&apos;
Driver info: driver.version: unknown
	at org.openqa.selenium.support.ui.FluentWait.timeoutException(FluentWait.java:259)
	at org.openqa.selenium.support.ui.FluentWait.until(FluentWait.java:228)
	at com.mifos.pages.MifosWebPage.waitForElementToBeVisible(MifosWebPage.java:210)
	at com.mifos.pages.MifosWebPage.getElement(MifosWebPage.java:699)
	at com.mifos.pages.MifosWebPage.getElement(MifosWebPage.java:684)
	at com.mifos.pages.MifosWebPage.getSingleText(MifosWebPage.java:941)
	at com.mifos.pages.MifosWebPage.validateSame(MifosWebPage.java:947)
	at com.mifos.pages.MifosWebPage.verifySuccessMessage(MifosWebPage.java:1815)
	at com.mifos.pages.FrontPage.verifyProductLoanExcelSheet(FrontPage.java:472)
	at com.mifos.steps.LoanProductSteps.I_should_see_product_loan_created_successfully(LoanProductSteps.java:27)
	at ✽.Then I should see product loan created successfully(LoanRBI.feature:18)
Caused by: org.openqa.selenium.NoSuchElementException: no such element
  (Session info: chrome=43.0.2357.124)
  (Driver info: chromedriver=2.8.241075,platform=Windows NT 6.3 x86_64) (WARNING: The server did not provide any stacktrace information)
Command duration or timeout: 30.02 seconds
For documentation on this error, please visit: http://seleniumhq.org/exceptions/no_such_element.html
Build info: version: &apos;2.29.1&apos;, revision: &apos;dfb1306b85be4934d23c123122e06e602a15e446&apos;, time: &apos;2013-01-22 12:58:05&apos;
System info: os.name: &apos;Windows Server 2012&apos;, os.arch: &apos;amd64&apos;, os.version: &apos;6.2&apos;, java.version: &apos;1.7.0_51&apos;
Session ID: ceac230bb11436b9a77be91089c122c1
Driver info: org.openqa.selenium.chrome.ChromeDriver
Capabilities [{platform=XP, acceptSslCerts=true, javascriptEnabled=true, browserName=chrome, chrome={userDataDir=C:\Users\ADMINI~1\AppData\Local\Temp\2\scoped_dir4196_31132}, rotatable=false, locationContextEnabled=true, version=43.0.2357.124, takesHeapSnapshot=true, cssSelectorsEnabled=true, databaseEnabled=false, handlesAlerts=true, browserConnectionEnabled=false, webStorageEnabled=true, nativeEvents=true, applicationCacheEnabled=false, takesScreenshot=true}]
	at sun.reflect.GeneratedConstructorAccessor53.newInstance(Unknown Source)
	at sun.reflect.DelegatingConstructorAccessorImpl.newInstance(DelegatingConstructorAccessorImpl.java:45)
	at java.lang.reflect.Constructor.newInstance(Constructor.java:526)
	at org.openqa.selenium.remote.ErrorHandler.createThrowable(ErrorHandler.java:187)
	at org.openqa.selenium.remote.ErrorHandler.throwIfResponseFailed(ErrorHandler.java:145)
	at org.openqa.selenium.remote.RemoteWebDriver.execute(RemoteWebDriver.java:554)
	at org.openqa.selenium.remote.RemoteWebDriver.findElement(RemoteWebDriver.java:307)
	at org.openqa.selenium.remote.RemoteWebDriver.findElementByCssSelector(RemoteWebDriver.java:396)
	at org.openqa.selenium.By$ByCssSelector.findElement(By.java:406)
	at org.openqa.selenium.remote.RemoteWebDriver.findElement(RemoteWebDriver.java:299)
	at sun.reflect.GeneratedMethodAccessor8.invoke(Unknown Source)
	at sun.reflect.DelegatingMethodAccessorImpl.invoke(DelegatingMethodAccessorImpl.java:43)
	at java.lang.reflect.Method.invoke(Method.java:606)
	at org.openqa.selenium.support.events.EventFiringWebDriver$2.invoke(EventFiringWebDriver.java:101)
	at com.sun.proxy.$Proxy16.findElement(Unknown Source)
	at org.openqa.selenium.support.events.EventFiringWebDriver.findElement(EventFiringWebDriver.java:180)
	at org.openqa.selenium.support.ui.ExpectedConditions.findElement(ExpectedConditions.java:523)
	at org.openqa.selenium.support.ui.ExpectedConditions.access$000(ExpectedConditions.java:39)
	at org.openqa.selenium.support.ui.ExpectedConditions$4.apply(ExpectedConditions.java:130)
	at org.openqa.selenium.support.ui.ExpectedConditions$4.apply(ExpectedConditions.java:126)
	at org.openqa.selenium.support.ui.FluentWait.until(FluentWait.java:208)
	at com.mifos.pages.MifosWebPage.waitForElementToBeVisible(MifosWebPage.java:210)
	at com.mifos.pages.MifosWebPage.getElement(MifosWebPage.java:699)
	at com.mifos.pages.MifosWebPage.getElement(MifosWebPage.java:684)
	at com.mifos.pages.MifosWebPage.getSingleText(MifosWebPage.java:941)
	at com.mifos.pages.MifosWebPage.validateSame(MifosWebPage.java:947)
	at com.mifos.pages.MifosWebPage.verifySuccessMessage(MifosWebPage.java:1815)
	at com.mifos.pages.FrontPage.verifyProductLoanExcelSheet(FrontPage.java:472)
	at com.mifos.steps.LoanProductSteps.I_should_see_product_loan_created_successfully(LoanProductSteps.java:27)
	at sun.reflect.GeneratedMethodAccessor59.invoke(Unknown Source)
	at sun.reflect.DelegatingMethodAccessorImpl.invoke(DelegatingMethodAccessorImpl.java:43)
	at java.lang.reflect.Method.invoke(Method.java:606)
	at cucumber.runtime.Utils$1.call(Utils.java:44)
	at cucumber.runtime.Timeout.timeout(Timeout.java:12)
	at cucumber.runtime.Utils.invoke(Utils.java:40)
	at cucumber.runtime.java.JavaStepDefinition.execute(JavaStepDefinition.java:35)
	at cucumber.runtime.StepDefinitionMatch.runStep(StepDefinitionMatch.java:38)
	at cucumber.runtime.Runtime.runStep(Runtime.java:268)
	at cucumber.runtime.model.StepContainer.runStep(StepContainer.java:45)
	at cucumber.runtime.model.StepContainer.runSteps(StepContainer.java:40)
	at cucumber.runtime.model.CucumberScenario.run(CucumberScenario.java:36)
	at cucumber.runtime.junit.ExecutionUnitRunner.run(ExecutionUnitRunner.java:83)
	at org.junit.runners.Suite.runChild(Suite.java:127)
	at org.junit.runners.Suite.runChild(Suite.java:26)
	at org.junit.runners.ParentRunner$3.run(ParentRunner.java:238)
	at org.junit.runners.ParentRunner$1.schedule(ParentRunner.java:63)
	at org.junit.runners.ParentRunner.runChildren(ParentRunner.java:236)
	at org.junit.runners.ParentRunner.access$000(ParentRunner.java:53)
	at org.junit.runners.ParentRunner$2.evaluate(ParentRunner.java:229)
	at org.junit.runners.ParentRunner.run(ParentRunner.java:309)
	at org.junit.runners.Suite.runChild(Suite.java:127)
	at org.junit.runners.Suite.runChild(Suite.java:26)
	at org.junit.runners.ParentRunner$3.run(ParentRunner.java:238)
	at org.junit.runners.ParentRunner$1.schedule(ParentRunner.java:63)
	at org.junit.runners.ParentRunner.runChildren(ParentRunner.java:236)
	at org.junit.runners.ParentRunner.access$000(ParentRunner.java:53)
	at org.junit.runners.ParentRunner$2.evaluate(ParentRunner.java:229)
	at org.junit.runners.ParentRunner.run(ParentRunner.java:309)
	at cucumber.runtime.junit.FeatureRunner.runChild(FeatureRunner.java:63)
	at cucumber.runtime.junit.FeatureRunner.runChild(FeatureRunner.java:18)
	at org.junit.runners.ParentRunner$3.run(ParentRunner.java:238)
	at org.junit.runners.ParentRunner$1.schedule(ParentRunner.java:63)
	at org.junit.runners.ParentRunner.runChildren(ParentRunner.java:236)
	at org.junit.runners.ParentRunner.access$000(ParentRunner.java:53)
	at org.junit.runners.ParentRunner$2.evaluate(ParentRunner.java:229)
	at org.junit.runners.ParentRunner.run(ParentRunner.java:309)
	at cucumber.runtime.junit.FeatureRunner.run(FeatureRunner.java:70)
	at cucumber.api.junit.Cucumber.runChild(Cucumber.java:77)
	at cucumber.api.junit.Cucumber.runChild(Cucumber.java:37)
	at org.junit.runners.ParentRunner$3.run(ParentRunner.java:238)
	at org.junit.runners.ParentRunner$1.schedule(ParentRunner.java:63)
	at org.junit.runners.ParentRunner.runChildren(ParentRunner.java:236)
	at org.junit.runners.ParentRunner.access$000(ParentRunner.java:53)
	at org.junit.runners.ParentRunner$2.evaluate(ParentRunner.java:229)
	at org.junit.runners.ParentRunner.run(ParentRunner.java:309)
	at cucumber.api.junit.Cucumber.run(Cucumber.java:82)
	at org.apache.maven.surefire.junit4.JUnit4Provider.execute(JUnit4Provider.java:252)
	at org.apache.maven.surefire.junit4.JUnit4Provider.executeTestSet(JUnit4Provider.java:141)
	at org.apache.maven.surefire.junit4.JUnit4Provider.invoke(JUnit4Provider.java:112)
	at sun.reflect.NativeMethodAccessorImpl.invoke0(Native Method)
	at sun.reflect.NativeMethodAccessorImpl.invoke(NativeMethodAccessorImpl.java:57)
	at sun.reflect.DelegatingMethodAccessorImpl.invoke(DelegatingMethodAccessorImpl.java:43)
	at java.lang.reflect.Method.invoke(Method.java:606)
	at org.apache.maven.surefire.util.ReflectionUtils.invokeMethodWithArray(ReflectionUtils.java:189)
	at org.apache.maven.surefire.booter.ProviderFactory$ProviderProxy.invoke(ProviderFactory.java:165)
	at org.apache.maven.surefire.booter.ProviderFactory.invokeProvider(ProviderFactory.java:85)
	at org.apache.maven.surefire.booter.ForkedBooter.runSuitesInProcess(ForkedBooter.java:113)
	at org.apache.maven.surefire.booter.ForkedBooter.main(ForkedBooter.java:75)
</error>
  </testcase>
  <testcase time="0" classname="| 56RBI-EI-DB-SAR-REC-NOCOM-RNI-CTRFD-DL-MD-TR-1-ONTIME-Loanproduct4.xlsx |" name="Given I navigate to mifos"/>
  <testcase time="0" classname="| 56RBI-EI-DB-SAR-REC-NOCOM-RNI-CTRFD-DL-MD-TR-1-ONTIME-Loanproduct4.xlsx |" name="And I use login folder"/>
  <testcase time="0" classname="| 56RBI-EI-DB-SAR-REC-NOCOM-RNI-CTRFD-DL-MD-TR-1-ONTIME-Loanproduct4.xlsx |" name="When I login into mifos site using excel sheet"/>
  <testcase time="0" classname="| 56RBI-EI-DB-SAR-REC-NOCOM-RNI-CTRFD-DL-MD-TR-1-ONTIME-Loanproduct4.xlsx |" name="Then I should see logged in successfully"/>
  <testcase time="0" classname="| 56RBI-EI-DB-SAR-REC-NOCOM-RNI-CTRFD-DL-MD-TR-1-ONTIME-Loanproduct4.xlsx |" name="Given I setup the product loan"/>
  <testcase time="0" classname="| 56RBI-EI-DB-SAR-REC-NOCOM-RNI-CTRFD-DL-MD-TR-1-ONTIME-Loanproduct4.xlsx |" name="And I entered the values into product loan using"/>
  <testcase time="0" classname="| 56RBI-EI-DB-SAR-REC-NOCOM-RNI-CTRFD-DL-MD-TR-1-ONTIME-Loanproduct4.xlsx |" name="Then I should see product loan created successfully">
    <error message="Timed out after 100 seconds waiting for visibility of element located by By.selector: legend.ng-binding
Build info: version: &apos;2.29.1&apos;, revision: &apos;dfb1306b85be4934d23c123122e06e602a15e446&apos;, time: &apos;2013-01-22 12:58:05&apos;
System info: os.name: &apos;Windows Server 2012&apos;, os.arch: &apos;amd64&apos;, os.version: &apos;6.2&apos;, java.version: &apos;1.7.0_51&apos;
Driver info: driver.version: unknown" type="org.openqa.selenium.TimeoutException">org.openqa.selenium.TimeoutException: Timed out after 100 seconds waiting for visibility of element located by By.selector: legend.ng-binding
Build info: version: &apos;2.29.1&apos;, revision: &apos;dfb1306b85be4934d23c123122e06e602a15e446&apos;, time: &apos;2013-01-22 12:58:05&apos;
System info: os.name: &apos;Windows Server 2012&apos;, os.arch: &apos;amd64&apos;, os.version: &apos;6.2&apos;, java.version: &apos;1.7.0_51&apos;
Driver info: driver.version: unknown
	at org.openqa.selenium.support.ui.FluentWait.timeoutException(FluentWait.java:259)
	at org.openqa.selenium.support.ui.FluentWait.until(FluentWait.java:228)
	at com.mifos.pages.MifosWebPage.waitForElementToBeVisible(MifosWebPage.java:210)
	at com.mifos.pages.MifosWebPage.getElement(MifosWebPage.java:699)
	at com.mifos.pages.MifosWebPage.getElement(MifosWebPage.java:684)
	at com.mifos.pages.MifosWebPage.getSingleText(MifosWebPage.java:941)
	at com.mifos.pages.MifosWebPage.validateSame(MifosWebPage.java:947)
	at com.mifos.pages.MifosWebPage.verifySuccessMessage(MifosWebPage.java:1815)
	at com.mifos.pages.FrontPage.verifyProductLoanExcelSheet(FrontPage.java:472)
	at com.mifos.steps.LoanProductSteps.I_should_see_product_loan_created_successfully(LoanProductSteps.java:27)
	at ✽.Then I should see product loan created successfully(LoanRBI.feature:18)
Caused by: org.openqa.selenium.NoSuchElementException: no such element
  (Session info: chrome=43.0.2357.124)
  (Driver info: chromedriver=2.8.241075,platform=Windows NT 6.3 x86_64) (WARNING: The server did not provide any stacktrace information)
Command duration or timeout: 30.02 seconds
For documentation on this error, please visit: http://seleniumhq.org/exceptions/no_such_element.html
Build info: version: &apos;2.29.1&apos;, revision: &apos;dfb1306b85be4934d23c123122e06e602a15e446&apos;, time: &apos;2013-01-22 12:58:05&apos;
System info: os.name: &apos;Windows Server 2012&apos;, os.arch: &apos;amd64&apos;, os.version: &apos;6.2&apos;, java.version: &apos;1.7.0_51&apos;
Session ID: b016a4db175b8bddf4bc41a6caabb8da
Driver info: org.openqa.selenium.chrome.ChromeDriver
Capabilities [{platform=XP, acceptSslCerts=true, javascriptEnabled=true, browserName=chrome, chrome={userDataDir=C:\Users\ADMINI~1\AppData\Local\Temp\2\scoped_dir3652_28289}, rotatable=false, locationContextEnabled=true, version=43.0.2357.124, takesHeapSnapshot=true, cssSelectorsEnabled=true, databaseEnabled=false, handlesAlerts=true, browserConnectionEnabled=false, webStorageEnabled=true, nativeEvents=true, applicationCacheEnabled=false, takesScreenshot=true}]
	at sun.reflect.GeneratedConstructorAccessor53.newInstance(Unknown Source)
	at sun.reflect.DelegatingConstructorAccessorImpl.newInstance(DelegatingConstructorAccessorImpl.java:45)
	at java.lang.reflect.Constructor.newInstance(Constructor.java:526)
	at org.openqa.selenium.remote.ErrorHandler.createThrowable(ErrorHandler.java:187)
	at org.openqa.selenium.remote.ErrorHandler.throwIfResponseFailed(ErrorHandler.java:145)
	at org.openqa.selenium.remote.RemoteWebDriver.execute(RemoteWebDriver.java:554)
	at org.openqa.selenium.remote.RemoteWebDriver.findElement(RemoteWebDriver.java:307)
	at org.openqa.selenium.remote.RemoteWebDriver.findElementByCssSelector(RemoteWebDriver.java:396)
	at org.openqa.selenium.By$ByCssSelector.findElement(By.java:406)
	at org.openqa.selenium.remote.RemoteWebDriver.findElement(RemoteWebDriver.java:299)
	at sun.reflect.GeneratedMethodAccessor8.invoke(Unknown Source)
	at sun.reflect.DelegatingMethodAccessorImpl.invoke(DelegatingMethodAccessorImpl.java:43)
	at java.lang.reflect.Method.invoke(Method.java:606)
	at org.openqa.selenium.support.events.EventFiringWebDriver$2.invoke(EventFiringWebDriver.java:101)
	at com.sun.proxy.$Proxy16.findElement(Unknown Source)
	at org.openqa.selenium.support.events.EventFiringWebDriver.findElement(EventFiringWebDriver.java:180)
	at org.openqa.selenium.support.ui.ExpectedConditions.findElement(ExpectedConditions.java:523)
	at org.openqa.selenium.support.ui.ExpectedConditions.access$000(ExpectedConditions.java:39)
	at org.openqa.selenium.support.ui.ExpectedConditions$4.apply(ExpectedConditions.java:130)
	at org.openqa.selenium.support.ui.ExpectedConditions$4.apply(ExpectedConditions.java:126)
	at org.openqa.selenium.support.ui.FluentWait.until(FluentWait.java:208)
	at com.mifos.pages.MifosWebPage.waitForElementToBeVisible(MifosWebPage.java:210)
	at com.mifos.pages.MifosWebPage.getElement(MifosWebPage.java:699)
	at com.mifos.pages.MifosWebPage.getElement(MifosWebPage.java:684)
	at com.mifos.pages.MifosWebPage.getSingleText(MifosWebPage.java:941)
	at com.mifos.pages.MifosWebPage.validateSame(MifosWebPage.java:947)
	at com.mifos.pages.MifosWebPage.verifySuccessMessage(MifosWebPage.java:1815)
	at com.mifos.pages.FrontPage.verifyProductLoanExcelSheet(FrontPage.java:472)
	at com.mifos.steps.LoanProductSteps.I_should_see_product_loan_created_successfully(LoanProductSteps.java:27)
	at sun.reflect.GeneratedMethodAccessor59.invoke(Unknown Source)
	at sun.reflect.DelegatingMethodAccessorImpl.invoke(DelegatingMethodAccessorImpl.java:43)
	at java.lang.reflect.Method.invoke(Method.java:606)
	at cucumber.runtime.Utils$1.call(Utils.java:44)
	at cucumber.runtime.Timeout.timeout(Timeout.java:12)
	at cucumber.runtime.Utils.invoke(Utils.java:40)
	at cucumber.runtime.java.JavaStepDefinition.execute(JavaStepDefinition.java:35)
	at cucumber.runtime.StepDefinitionMatch.runStep(StepDefinitionMatch.java:38)
	at cucumber.runtime.Runtime.runStep(Runtime.java:268)
	at cucumber.runtime.model.StepContainer.runStep(StepContainer.java:45)
	at cucumber.runtime.model.StepContainer.runSteps(StepContainer.java:40)
	at cucumber.runtime.model.CucumberScenario.run(CucumberScenario.java:36)
	at cucumber.runtime.junit.ExecutionUnitRunner.run(ExecutionUnitRunner.java:83)
	at org.junit.runners.Suite.runChild(Suite.java:127)
	at org.junit.runners.Suite.runChild(Suite.java:26)
	at org.junit.runners.ParentRunner$3.run(ParentRunner.java:238)
	at org.junit.runners.ParentRunner$1.schedule(ParentRunner.java:63)
	at org.junit.runners.ParentRunner.runChildren(ParentRunner.java:236)
	at org.junit.runners.ParentRunner.access$000(ParentRunner.java:53)
	at org.junit.runners.ParentRunner$2.evaluate(ParentRunner.java:229)
	at org.junit.runners.ParentRunner.run(ParentRunner.java:309)
	at org.junit.runners.Suite.runChild(Suite.java:127)
	at org.junit.runners.Suite.runChild(Suite.java:26)
	at org.junit.runners.ParentRunner$3.run(ParentRunner.java:238)
	at org.junit.runners.ParentRunner$1.schedule(ParentRunner.java:63)
	at org.junit.runners.ParentRunner.runChildren(ParentRunner.java:236)
	at org.junit.runners.ParentRunner.access$000(ParentRunner.java:53)
	at org.junit.runners.ParentRunner$2.evaluate(ParentRunner.java:229)
	at org.junit.runners.ParentRunner.run(ParentRunner.java:309)
	at cucumber.runtime.junit.FeatureRunner.runChild(FeatureRunner.java:63)
	at cucumber.runtime.junit.FeatureRunner.runChild(FeatureRunner.java:18)
	at org.junit.runners.ParentRunner$3.run(ParentRunner.java:238)
	at org.junit.runners.ParentRunner$1.schedule(ParentRunner.java:63)
	at org.junit.runners.ParentRunner.runChildren(ParentRunner.java:236)
	at org.junit.runners.ParentRunner.access$000(ParentRunner.java:53)
	at org.junit.runners.ParentRunner$2.evaluate(ParentRunner.java:229)
	at org.junit.runners.ParentRunner.run(ParentRunner.java:309)
	at cucumber.runtime.junit.FeatureRunner.run(FeatureRunner.java:70)
	at cucumber.api.junit.Cucumber.runChild(Cucumber.java:77)
	at cucumber.api.junit.Cucumber.runChild(Cucumber.java:37)
	at org.junit.runners.ParentRunner$3.run(ParentRunner.java:238)
	at org.junit.runners.ParentRunner$1.schedule(ParentRunner.java:63)
	at org.junit.runners.ParentRunner.runChildren(ParentRunner.java:236)
	at org.junit.runners.ParentRunner.access$000(ParentRunner.java:53)
	at org.junit.runners.ParentRunner$2.evaluate(ParentRunner.java:229)
	at org.junit.runners.ParentRunner.run(ParentRunner.java:309)
	at cucumber.api.junit.Cucumber.run(Cucumber.java:82)
	at org.apache.maven.surefire.junit4.JUnit4Provider.execute(JUnit4Provider.java:252)
	at org.apache.maven.surefire.junit4.JUnit4Provider.executeTestSet(JUnit4Provider.java:141)
	at org.apache.maven.surefire.junit4.JUnit4Provider.invoke(JUnit4Provider.java:112)
	at sun.reflect.NativeMethodAccessorImpl.invoke0(Native Method)
	at sun.reflect.NativeMethodAccessorImpl.invoke(NativeMethodAccessorImpl.java:57)
	at sun.reflect.DelegatingMethodAccessorImpl.invoke(DelegatingMethodAccessorImpl.java:43)
	at java.lang.reflect.Method.invoke(Method.java:606)
	at org.apache.maven.surefire.util.ReflectionUtils.invokeMethodWithArray(ReflectionUtils.java:189)
	at org.apache.maven.surefire.booter.ProviderFactory$ProviderProxy.invoke(ProviderFactory.java:165)
	at org.apache.maven.surefire.booter.ProviderFactory.invokeProvider(ProviderFactory.java:85)
	at org.apache.maven.surefire.booter.ForkedBooter.runSuitesInProcess(ForkedBooter.java:113)
	at org.apache.maven.surefire.booter.ForkedBooter.main(ForkedBooter.java:75)
</error>
    <system-out>welcome to mifos through excel
Cell One ... key=productname
56RBI-EI-DB-SAR-REC-NOCOM-RNI-CTRFD-DL-MD-TR-1-ONTIME
56RBI-EI-DB-SAR-REC-NOCOM-RNI-CTRFD-DL-MD-TR-1-ONTIME
</system-out>
  </testcase>
  <testcase time="0" classname="| 56RBI-EI-DB-SAR-REC-NOCOM-RNI-CTRFD-DL-MD-TR-1-ONTIME-Loanproduct4.xlsx |" name="| 56RBI-EI-DB-SAR-REC-NOCOM-RNI-CTRFD-DL-MD-TR-1-ONTIME-Loanproduct4.xlsx |">
    <error message="Timed out after 100 seconds waiting for visibility of element located by By.selector: legend.ng-binding
Build info: version: &apos;2.29.1&apos;, revision: &apos;dfb1306b85be4934d23c123122e06e602a15e446&apos;, time: &apos;2013-01-22 12:58:05&apos;
System info: os.name: &apos;Windows Server 2012&apos;, os.arch: &apos;amd64&apos;, os.version: &apos;6.2&apos;, java.version: &apos;1.7.0_51&apos;
Driver info: driver.version: unknown" type="org.openqa.selenium.TimeoutException">org.openqa.selenium.TimeoutException: Timed out after 100 seconds waiting for visibility of element located by By.selector: legend.ng-binding
Build info: version: &apos;2.29.1&apos;, revision: &apos;dfb1306b85be4934d23c123122e06e602a15e446&apos;, time: &apos;2013-01-22 12:58:05&apos;
System info: os.name: &apos;Windows Server 2012&apos;, os.arch: &apos;amd64&apos;, os.version: &apos;6.2&apos;, java.version: &apos;1.7.0_51&apos;
Driver info: driver.version: unknown
	at org.openqa.selenium.support.ui.FluentWait.timeoutException(FluentWait.java:259)
	at org.openqa.selenium.support.ui.FluentWait.until(FluentWait.java:228)
	at com.mifos.pages.MifosWebPage.waitForElementToBeVisible(MifosWebPage.java:210)
	at com.mifos.pages.MifosWebPage.getElement(MifosWebPage.java:699)
	at com.mifos.pages.MifosWebPage.getElement(MifosWebPage.java:684)
	at com.mifos.pages.MifosWebPage.getSingleText(MifosWebPage.java:941)
	at com.mifos.pages.MifosWebPage.validateSame(MifosWebPage.java:947)
	at com.mifos.pages.MifosWebPage.verifySuccessMessage(MifosWebPage.java:1815)
	at com.mifos.pages.FrontPage.verifyProductLoanExcelSheet(FrontPage.java:472)
	at com.mifos.steps.LoanProductSteps.I_should_see_product_loan_created_successfully(LoanProductSteps.java:27)
	at ✽.Then I should see product loan created successfully(LoanRBI.feature:18)
Caused by: org.openqa.selenium.NoSuchElementException: no such element
  (Session info: chrome=43.0.2357.124)
  (Driver info: chromedriver=2.8.241075,platform=Windows NT 6.3 x86_64) (WARNING: The server did not provide any stacktrace information)
Command duration or timeout: 30.02 seconds
For documentation on this error, please visit: http://seleniumhq.org/exceptions/no_such_element.html
Build info: version: &apos;2.29.1&apos;, revision: &apos;dfb1306b85be4934d23c123122e06e602a15e446&apos;, time: &apos;2013-01-22 12:58:05&apos;
System info: os.name: &apos;Windows Server 2012&apos;, os.arch: &apos;amd64&apos;, os.version: &apos;6.2&apos;, java.version: &apos;1.7.0_51&apos;
Session ID: b016a4db175b8bddf4bc41a6caabb8da
Driver info: org.openqa.selenium.chrome.ChromeDriver
Capabilities [{platform=XP, acceptSslCerts=true, javascriptEnabled=true, browserName=chrome, chrome={userDataDir=C:\Users\ADMINI~1\AppData\Local\Temp\2\scoped_dir3652_28289}, rotatable=false, locationContextEnabled=true, version=43.0.2357.124, takesHeapSnapshot=true, cssSelectorsEnabled=true, databaseEnabled=false, handlesAlerts=true, browserConnectionEnabled=false, webStorageEnabled=true, nativeEvents=true, applicationCacheEnabled=false, takesScreenshot=true}]
	at sun.reflect.GeneratedConstructorAccessor53.newInstance(Unknown Source)
	at sun.reflect.DelegatingConstructorAccessorImpl.newInstance(DelegatingConstructorAccessorImpl.java:45)
	at java.lang.reflect.Constructor.newInstance(Constructor.java:526)
	at org.openqa.selenium.remote.ErrorHandler.createThrowable(ErrorHandler.java:187)
	at org.openqa.selenium.remote.ErrorHandler.throwIfResponseFailed(ErrorHandler.java:145)
	at org.openqa.selenium.remote.RemoteWebDriver.execute(RemoteWebDriver.java:554)
	at org.openqa.selenium.remote.RemoteWebDriver.findElement(RemoteWebDriver.java:307)
	at org.openqa.selenium.remote.RemoteWebDriver.findElementByCssSelector(RemoteWebDriver.java:396)
	at org.openqa.selenium.By$ByCssSelector.findElement(By.java:406)
	at org.openqa.selenium.remote.RemoteWebDriver.findElement(RemoteWebDriver.java:299)
	at sun.reflect.GeneratedMethodAccessor8.invoke(Unknown Source)
	at sun.reflect.DelegatingMethodAccessorImpl.invoke(DelegatingMethodAccessorImpl.java:43)
	at java.lang.reflect.Method.invoke(Method.java:606)
	at org.openqa.selenium.support.events.EventFiringWebDriver$2.invoke(EventFiringWebDriver.java:101)
	at com.sun.proxy.$Proxy16.findElement(Unknown Source)
	at org.openqa.selenium.support.events.EventFiringWebDriver.findElement(EventFiringWebDriver.java:180)
	at org.openqa.selenium.support.ui.ExpectedConditions.findElement(ExpectedConditions.java:523)
	at org.openqa.selenium.support.ui.ExpectedConditions.access$000(ExpectedConditions.java:39)
	at org.openqa.selenium.support.ui.ExpectedConditions$4.apply(ExpectedConditions.java:130)
	at org.openqa.selenium.support.ui.ExpectedConditions$4.apply(ExpectedConditions.java:126)
	at org.openqa.selenium.support.ui.FluentWait.until(FluentWait.java:208)
	at com.mifos.pages.MifosWebPage.waitForElementToBeVisible(MifosWebPage.java:210)
	at com.mifos.pages.MifosWebPage.getElement(MifosWebPage.java:699)
	at com.mifos.pages.MifosWebPage.getElement(MifosWebPage.java:684)
	at com.mifos.pages.MifosWebPage.getSingleText(MifosWebPage.java:941)
	at com.mifos.pages.MifosWebPage.validateSame(MifosWebPage.java:947)
	at com.mifos.pages.MifosWebPage.verifySuccessMessage(MifosWebPage.java:1815)
	at com.mifos.pages.FrontPage.verifyProductLoanExcelSheet(FrontPage.java:472)
	at com.mifos.steps.LoanProductSteps.I_should_see_product_loan_created_successfully(LoanProductSteps.java:27)
	at sun.reflect.GeneratedMethodAccessor59.invoke(Unknown Source)
	at sun.reflect.DelegatingMethodAccessorImpl.invoke(DelegatingMethodAccessorImpl.java:43)
	at java.lang.reflect.Method.invoke(Method.java:606)
	at cucumber.runtime.Utils$1.call(Utils.java:44)
	at cucumber.runtime.Timeout.timeout(Timeout.java:12)
	at cucumber.runtime.Utils.invoke(Utils.java:40)
	at cucumber.runtime.java.JavaStepDefinition.execute(JavaStepDefinition.java:35)
	at cucumber.runtime.StepDefinitionMatch.runStep(StepDefinitionMatch.java:38)
	at cucumber.runtime.Runtime.runStep(Runtime.java:268)
	at cucumber.runtime.model.StepContainer.runStep(StepContainer.java:45)
	at cucumber.runtime.model.StepContainer.runSteps(StepContainer.java:40)
	at cucumber.runtime.model.CucumberScenario.run(CucumberScenario.java:36)
	at cucumber.runtime.junit.ExecutionUnitRunner.run(ExecutionUnitRunner.java:83)
	at org.junit.runners.Suite.runChild(Suite.java:127)
	at org.junit.runners.Suite.runChild(Suite.java:26)
	at org.junit.runners.ParentRunner$3.run(ParentRunner.java:238)
	at org.junit.runners.ParentRunner$1.schedule(ParentRunner.java:63)
	at org.junit.runners.ParentRunner.runChildren(ParentRunner.java:236)
	at org.junit.runners.ParentRunner.access$000(ParentRunner.java:53)
	at org.junit.runners.ParentRunner$2.evaluate(ParentRunner.java:229)
	at org.junit.runners.ParentRunner.run(ParentRunner.java:309)
	at org.junit.runners.Suite.runChild(Suite.java:127)
	at org.junit.runners.Suite.runChild(Suite.java:26)
	at org.junit.runners.ParentRunner$3.run(ParentRunner.java:238)
	at org.junit.runners.ParentRunner$1.schedule(ParentRunner.java:63)
	at org.junit.runners.ParentRunner.runChildren(ParentRunner.java:236)
	at org.junit.runners.ParentRunner.access$000(ParentRunner.java:53)
	at org.junit.runners.ParentRunner$2.evaluate(ParentRunner.java:229)
	at org.junit.runners.ParentRunner.run(ParentRunner.java:309)
	at cucumber.runtime.junit.FeatureRunner.runChild(FeatureRunner.java:63)
	at cucumber.runtime.junit.FeatureRunner.runChild(FeatureRunner.java:18)
	at org.junit.runners.ParentRunner$3.run(ParentRunner.java:238)
	at org.junit.runners.ParentRunner$1.schedule(ParentRunner.java:63)
	at org.junit.runners.ParentRunner.runChildren(ParentRunner.java:236)
	at org.junit.runners.ParentRunner.access$000(ParentRunner.java:53)
	at org.junit.runners.ParentRunner$2.evaluate(ParentRunner.java:229)
	at org.junit.runners.ParentRunner.run(ParentRunner.java:309)
	at cucumber.runtime.junit.FeatureRunner.run(FeatureRunner.java:70)
	at cucumber.api.junit.Cucumber.runChild(Cucumber.java:77)
	at cucumber.api.junit.Cucumber.runChild(Cucumber.java:37)
	at org.junit.runners.ParentRunner$3.run(ParentRunner.java:238)
	at org.junit.runners.ParentRunner$1.schedule(ParentRunner.java:63)
	at org.junit.runners.ParentRunner.runChildren(ParentRunner.java:236)
	at org.junit.runners.ParentRunner.access$000(ParentRunner.java:53)
	at org.junit.runners.ParentRunner$2.evaluate(ParentRunner.java:229)
	at org.junit.runners.ParentRunner.run(ParentRunner.java:309)
	at cucumber.api.junit.Cucumber.run(Cucumber.java:82)
	at org.apache.maven.surefire.junit4.JUnit4Provider.execute(JUnit4Provider.java:252)
	at org.apache.maven.surefire.junit4.JUnit4Provider.executeTestSet(JUnit4Provider.java:141)
	at org.apache.maven.surefire.junit4.JUnit4Provider.invoke(JUnit4Provider.java:112)
	at sun.reflect.NativeMethodAccessorImpl.invoke0(Native Method)
	at sun.reflect.NativeMethodAccessorImpl.invoke(NativeMethodAccessorImpl.java:57)
	at sun.reflect.DelegatingMethodAccessorImpl.invoke(DelegatingMethodAccessorImpl.java:43)
	at java.lang.reflect.Method.invoke(Method.java:606)
	at org.apache.maven.surefire.util.ReflectionUtils.invokeMethodWithArray(ReflectionUtils.java:189)
	at org.apache.maven.surefire.booter.ProviderFactory$ProviderProxy.invoke(ProviderFactory.java:165)
	at org.apache.maven.surefire.booter.ProviderFactory.invokeProvider(ProviderFactory.java:85)
	at org.apache.maven.surefire.booter.ForkedBooter.runSuitesInProcess(ForkedBooter.java:113)
	at org.apache.maven.surefire.booter.ForkedBooter.main(ForkedBooter.java:75)
</error>
  </testcase>
  <testcase time="0" classname="| 101RBI-EPP-DB-DL-REC-NOCOM-RNI-CTPD-SAR-MD-TR-1-ONTIME-Loanproduct4.xlsx |" name="Given I navigate to mifos"/>
  <testcase time="0" classname="| 101RBI-EPP-DB-DL-REC-NOCOM-RNI-CTPD-SAR-MD-TR-1-ONTIME-Loanproduct4.xlsx |" name="And I use login folder"/>
  <testcase time="0" classname="| 101RBI-EPP-DB-DL-REC-NOCOM-RNI-CTPD-SAR-MD-TR-1-ONTIME-Loanproduct4.xlsx |" name="When I login into mifos site using excel sheet"/>
  <testcase time="0" classname="| 101RBI-EPP-DB-DL-REC-NOCOM-RNI-CTPD-SAR-MD-TR-1-ONTIME-Loanproduct4.xlsx |" name="Then I should see logged in successfully"/>
  <testcase time="0" classname="| 101RBI-EPP-DB-DL-REC-NOCOM-RNI-CTPD-SAR-MD-TR-1-ONTIME-Loanproduct4.xlsx |" name="Given I setup the product loan"/>
  <testcase time="0" classname="| 101RBI-EPP-DB-DL-REC-NOCOM-RNI-CTPD-SAR-MD-TR-1-ONTIME-Loanproduct4.xlsx |" name="And I entered the values into product loan using"/>
  <testcase time="0" classname="| 101RBI-EPP-DB-DL-REC-NOCOM-RNI-CTPD-SAR-MD-TR-1-ONTIME-Loanproduct4.xlsx |" name="Then I should see product loan created successfully">
    <error message="Timed out after 100 seconds waiting for visibility of element located by By.selector: legend.ng-binding
Build info: version: &apos;2.29.1&apos;, revision: &apos;dfb1306b85be4934d23c123122e06e602a15e446&apos;, time: &apos;2013-01-22 12:58:05&apos;
System info: os.name: &apos;Windows Server 2012&apos;, os.arch: &apos;amd64&apos;, os.version: &apos;6.2&apos;, java.version: &apos;1.7.0_51&apos;
Driver info: driver.version: unknown" type="org.openqa.selenium.TimeoutException">org.openqa.selenium.TimeoutException: Timed out after 100 seconds waiting for visibility of element located by By.selector: legend.ng-binding
Build info: version: &apos;2.29.1&apos;, revision: &apos;dfb1306b85be4934d23c123122e06e602a15e446&apos;, time: &apos;2013-01-22 12:58:05&apos;
System info: os.name: &apos;Windows Server 2012&apos;, os.arch: &apos;amd64&apos;, os.version: &apos;6.2&apos;, java.version: &apos;1.7.0_51&apos;
Driver info: driver.version: unknown
	at org.openqa.selenium.support.ui.FluentWait.timeoutException(FluentWait.java:259)
	at org.openqa.selenium.support.ui.FluentWait.until(FluentWait.java:228)
	at com.mifos.pages.MifosWebPage.waitForElementToBeVisible(MifosWebPage.java:210)
	at com.mifos.pages.MifosWebPage.getElement(MifosWebPage.java:699)
	at com.mifos.pages.MifosWebPage.getElement(MifosWebPage.java:684)
	at com.mifos.pages.MifosWebPage.getSingleText(MifosWebPage.java:941)
	at com.mifos.pages.MifosWebPage.validateSame(MifosWebPage.java:947)
	at com.mifos.pages.MifosWebPage.verifySuccessMessage(MifosWebPage.java:1815)
	at com.mifos.pages.FrontPage.verifyProductLoanExcelSheet(FrontPage.java:472)
	at com.mifos.steps.LoanProductSteps.I_should_see_product_loan_created_successfully(LoanProductSteps.java:27)
	at ✽.Then I should see product loan created successfully(LoanRBI.feature:18)
Caused by: org.openqa.selenium.NoSuchElementException: no such element
  (Session info: chrome=43.0.2357.124)
  (Driver info: chromedriver=2.8.241075,platform=Windows NT 6.3 x86_64) (WARNING: The server did not provide any stacktrace information)
Command duration or timeout: 30.03 seconds
For documentation on this error, please visit: http://seleniumhq.org/exceptions/no_such_element.html
Build info: version: &apos;2.29.1&apos;, revision: &apos;dfb1306b85be4934d23c123122e06e602a15e446&apos;, time: &apos;2013-01-22 12:58:05&apos;
System info: os.name: &apos;Windows Server 2012&apos;, os.arch: &apos;amd64&apos;, os.version: &apos;6.2&apos;, java.version: &apos;1.7.0_51&apos;
Session ID: f6baf3a9a70265622394d356cbf9224f
Driver info: org.openqa.selenium.chrome.ChromeDriver
Capabilities [{platform=XP, acceptSslCerts=true, javascriptEnabled=true, browserName=chrome, chrome={userDataDir=C:\Users\ADMINI~1\AppData\Local\Temp\2\scoped_dir988_23420}, rotatable=false, locationContextEnabled=true, version=43.0.2357.124, takesHeapSnapshot=true, cssSelectorsEnabled=true, databaseEnabled=false, handlesAlerts=true, browserConnectionEnabled=false, webStorageEnabled=true, nativeEvents=true, applicationCacheEnabled=false, takesScreenshot=true}]
	at sun.reflect.GeneratedConstructorAccessor53.newInstance(Unknown Source)
	at sun.reflect.DelegatingConstructorAccessorImpl.newInstance(DelegatingConstructorAccessorImpl.java:45)
	at java.lang.reflect.Constructor.newInstance(Constructor.java:526)
	at org.openqa.selenium.remote.ErrorHandler.createThrowable(ErrorHandler.java:187)
	at org.openqa.selenium.remote.ErrorHandler.throwIfResponseFailed(ErrorHandler.java:145)
	at org.openqa.selenium.remote.RemoteWebDriver.execute(RemoteWebDriver.java:554)
	at org.openqa.selenium.remote.RemoteWebDriver.findElement(RemoteWebDriver.java:307)
	at org.openqa.selenium.remote.RemoteWebDriver.findElementByCssSelector(RemoteWebDriver.java:396)
	at org.openqa.selenium.By$ByCssSelector.findElement(By.java:406)
	at org.openqa.selenium.remote.RemoteWebDriver.findElement(RemoteWebDriver.java:299)
	at sun.reflect.GeneratedMethodAccessor8.invoke(Unknown Source)
	at sun.reflect.DelegatingMethodAccessorImpl.invoke(DelegatingMethodAccessorImpl.java:43)
	at java.lang.reflect.Method.invoke(Method.java:606)
	at org.openqa.selenium.support.events.EventFiringWebDriver$2.invoke(EventFiringWebDriver.java:101)
	at com.sun.proxy.$Proxy16.findElement(Unknown Source)
	at org.openqa.selenium.support.events.EventFiringWebDriver.findElement(EventFiringWebDriver.java:180)
	at org.openqa.selenium.support.ui.ExpectedConditions.findElement(ExpectedConditions.java:523)
	at org.openqa.selenium.support.ui.ExpectedConditions.access$000(ExpectedConditions.java:39)
	at org.openqa.selenium.support.ui.ExpectedConditions$4.apply(ExpectedConditions.java:130)
	at org.openqa.selenium.support.ui.ExpectedConditions$4.apply(ExpectedConditions.java:126)
	at org.openqa.selenium.support.ui.FluentWait.until(FluentWait.java:208)
	at com.mifos.pages.MifosWebPage.waitForElementToBeVisible(MifosWebPage.java:210)
	at com.mifos.pages.MifosWebPage.getElement(MifosWebPage.java:699)
	at com.mifos.pages.MifosWebPage.getElement(MifosWebPage.java:684)
	at com.mifos.pages.MifosWebPage.getSingleText(MifosWebPage.java:941)
	at com.mifos.pages.MifosWebPage.validateSame(MifosWebPage.java:947)
	at com.mifos.pages.MifosWebPage.verifySuccessMessage(MifosWebPage.java:1815)
	at com.mifos.pages.FrontPage.verifyProductLoanExcelSheet(FrontPage.java:472)
	at com.mifos.steps.LoanProductSteps.I_should_see_product_loan_created_successfully(LoanProductSteps.java:27)
	at sun.reflect.GeneratedMethodAccessor59.invoke(Unknown Source)
	at sun.reflect.DelegatingMethodAccessorImpl.invoke(DelegatingMethodAccessorImpl.java:43)
	at java.lang.reflect.Method.invoke(Method.java:606)
	at cucumber.runtime.Utils$1.call(Utils.java:44)
	at cucumber.runtime.Timeout.timeout(Timeout.java:12)
	at cucumber.runtime.Utils.invoke(Utils.java:40)
	at cucumber.runtime.java.JavaStepDefinition.execute(JavaStepDefinition.java:35)
	at cucumber.runtime.StepDefinitionMatch.runStep(StepDefinitionMatch.java:38)
	at cucumber.runtime.Runtime.runStep(Runtime.java:268)
	at cucumber.runtime.model.StepContainer.runStep(StepContainer.java:45)
	at cucumber.runtime.model.StepContainer.runSteps(StepContainer.java:40)
	at cucumber.runtime.model.CucumberScenario.run(CucumberScenario.java:36)
	at cucumber.runtime.junit.ExecutionUnitRunner.run(ExecutionUnitRunner.java:83)
	at org.junit.runners.Suite.runChild(Suite.java:127)
	at org.junit.runners.Suite.runChild(Suite.java:26)
	at org.junit.runners.ParentRunner$3.run(ParentRunner.java:238)
	at org.junit.runners.ParentRunner$1.schedule(ParentRunner.java:63)
	at org.junit.runners.ParentRunner.runChildren(ParentRunner.java:236)
	at org.junit.runners.ParentRunner.access$000(ParentRunner.java:53)
	at org.junit.runners.ParentRunner$2.evaluate(ParentRunner.java:229)
	at org.junit.runners.ParentRunner.run(ParentRunner.java:309)
	at org.junit.runners.Suite.runChild(Suite.java:127)
	at org.junit.runners.Suite.runChild(Suite.java:26)
	at org.junit.runners.ParentRunner$3.run(ParentRunner.java:238)
	at org.junit.runners.ParentRunner$1.schedule(ParentRunner.java:63)
	at org.junit.runners.ParentRunner.runChildren(ParentRunner.java:236)
	at org.junit.runners.ParentRunner.access$000(ParentRunner.java:53)
	at org.junit.runners.ParentRunner$2.evaluate(ParentRunner.java:229)
	at org.junit.runners.ParentRunner.run(ParentRunner.java:309)
	at cucumber.runtime.junit.FeatureRunner.runChild(FeatureRunner.java:63)
	at cucumber.runtime.junit.FeatureRunner.runChild(FeatureRunner.java:18)
	at org.junit.runners.ParentRunner$3.run(ParentRunner.java:238)
	at org.junit.runners.ParentRunner$1.schedule(ParentRunner.java:63)
	at org.junit.runners.ParentRunner.runChildren(ParentRunner.java:236)
	at org.junit.runners.ParentRunner.access$000(ParentRunner.java:53)
	at org.junit.runners.ParentRunner$2.evaluate(ParentRunner.java:229)
	at org.junit.runners.ParentRunner.run(ParentRunner.java:309)
	at cucumber.runtime.junit.FeatureRunner.run(FeatureRunner.java:70)
	at cucumber.api.junit.Cucumber.runChild(Cucumber.java:77)
	at cucumber.api.junit.Cucumber.runChild(Cucumber.java:37)
	at org.junit.runners.ParentRunner$3.run(ParentRunner.java:238)
	at org.junit.runners.ParentRunner$1.schedule(ParentRunner.java:63)
	at org.junit.runners.ParentRunner.runChildren(ParentRunner.java:236)
	at org.junit.runners.ParentRunner.access$000(ParentRunner.java:53)
	at org.junit.runners.ParentRunner$2.evaluate(ParentRunner.java:229)
	at org.junit.runners.ParentRunner.run(ParentRunner.java:309)
	at cucumber.api.junit.Cucumber.run(Cucumber.java:82)
	at org.apache.maven.surefire.junit4.JUnit4Provider.execute(JUnit4Provider.java:252)
	at org.apache.maven.surefire.junit4.JUnit4Provider.executeTestSet(JUnit4Provider.java:141)
	at org.apache.maven.surefire.junit4.JUnit4Provider.invoke(JUnit4Provider.java:112)
	at sun.reflect.NativeMethodAccessorImpl.invoke0(Native Method)
	at sun.reflect.NativeMethodAccessorImpl.invoke(NativeMethodAccessorImpl.java:57)
	at sun.reflect.DelegatingMethodAccessorImpl.invoke(DelegatingMethodAccessorImpl.java:43)
	at java.lang.reflect.Method.invoke(Method.java:606)
	at org.apache.maven.surefire.util.ReflectionUtils.invokeMethodWithArray(ReflectionUtils.java:189)
	at org.apache.maven.surefire.booter.ProviderFactory$ProviderProxy.invoke(ProviderFactory.java:165)
	at org.apache.maven.surefire.booter.ProviderFactory.invokeProvider(ProviderFactory.java:85)
	at org.apache.maven.surefire.booter.ForkedBooter.runSuitesInProcess(ForkedBooter.java:113)
	at org.apache.maven.surefire.booter.ForkedBooter.main(ForkedBooter.java:75)
</error>
    <system-out>welcome to mifos through excel
Cell One ... key=productname
101-RBI-EPP-DB-DL-REC-NOCOM-RNI-CTPD-SAR-MD-TR-1-ONTIME
101-RBI-EPP-DB-DL-REC-NOCOM-RNI-CTPD-SAR-MD-TR-1-ONTIME
</system-out>
  </testcase>
  <testcase time="0.016" classname="| 101RBI-EPP-DB-DL-REC-NOCOM-RNI-CTPD-SAR-MD-TR-1-ONTIME-Loanproduct4.xlsx |" name="| 101RBI-EPP-DB-DL-REC-NOCOM-RNI-CTPD-SAR-MD-TR-1-ONTIME-Loanproduct4.xlsx |">
    <error message="Timed out after 100 seconds waiting for visibility of element located by By.selector: legend.ng-binding
Build info: version: &apos;2.29.1&apos;, revision: &apos;dfb1306b85be4934d23c123122e06e602a15e446&apos;, time: &apos;2013-01-22 12:58:05&apos;
System info: os.name: &apos;Windows Server 2012&apos;, os.arch: &apos;amd64&apos;, os.version: &apos;6.2&apos;, java.version: &apos;1.7.0_51&apos;
Driver info: driver.version: unknown" type="org.openqa.selenium.TimeoutException">org.openqa.selenium.TimeoutException: Timed out after 100 seconds waiting for visibility of element located by By.selector: legend.ng-binding
Build info: version: &apos;2.29.1&apos;, revision: &apos;dfb1306b85be4934d23c123122e06e602a15e446&apos;, time: &apos;2013-01-22 12:58:05&apos;
System info: os.name: &apos;Windows Server 2012&apos;, os.arch: &apos;amd64&apos;, os.version: &apos;6.2&apos;, java.version: &apos;1.7.0_51&apos;
Driver info: driver.version: unknown
	at org.openqa.selenium.support.ui.FluentWait.timeoutException(FluentWait.java:259)
	at org.openqa.selenium.support.ui.FluentWait.until(FluentWait.java:228)
	at com.mifos.pages.MifosWebPage.waitForElementToBeVisible(MifosWebPage.java:210)
	at com.mifos.pages.MifosWebPage.getElement(MifosWebPage.java:699)
	at com.mifos.pages.MifosWebPage.getElement(MifosWebPage.java:684)
	at com.mifos.pages.MifosWebPage.getSingleText(MifosWebPage.java:941)
	at com.mifos.pages.MifosWebPage.validateSame(MifosWebPage.java:947)
	at com.mifos.pages.MifosWebPage.verifySuccessMessage(MifosWebPage.java:1815)
	at com.mifos.pages.FrontPage.verifyProductLoanExcelSheet(FrontPage.java:472)
	at com.mifos.steps.LoanProductSteps.I_should_see_product_loan_created_successfully(LoanProductSteps.java:27)
	at ✽.Then I should see product loan created successfully(LoanRBI.feature:18)
Caused by: org.openqa.selenium.NoSuchElementException: no such element
  (Session info: chrome=43.0.2357.124)
  (Driver info: chromedriver=2.8.241075,platform=Windows NT 6.3 x86_64) (WARNING: The server did not provide any stacktrace information)
Command duration or timeout: 30.03 seconds
For documentation on this error, please visit: http://seleniumhq.org/exceptions/no_such_element.html
Build info: version: &apos;2.29.1&apos;, revision: &apos;dfb1306b85be4934d23c123122e06e602a15e446&apos;, time: &apos;2013-01-22 12:58:05&apos;
System info: os.name: &apos;Windows Server 2012&apos;, os.arch: &apos;amd64&apos;, os.version: &apos;6.2&apos;, java.version: &apos;1.7.0_51&apos;
Session ID: f6baf3a9a70265622394d356cbf9224f
Driver info: org.openqa.selenium.chrome.ChromeDriver
Capabilities [{platform=XP, acceptSslCerts=true, javascriptEnabled=true, browserName=chrome, chrome={userDataDir=C:\Users\ADMINI~1\AppData\Local\Temp\2\scoped_dir988_23420}, rotatable=false, locationContextEnabled=true, version=43.0.2357.124, takesHeapSnapshot=true, cssSelectorsEnabled=true, databaseEnabled=false, handlesAlerts=true, browserConnectionEnabled=false, webStorageEnabled=true, nativeEvents=true, applicationCacheEnabled=false, takesScreenshot=true}]
	at sun.reflect.GeneratedConstructorAccessor53.newInstance(Unknown Source)
	at sun.reflect.DelegatingConstructorAccessorImpl.newInstance(DelegatingConstructorAccessorImpl.java:45)
	at java.lang.reflect.Constructor.newInstance(Constructor.java:526)
	at org.openqa.selenium.remote.ErrorHandler.createThrowable(ErrorHandler.java:187)
	at org.openqa.selenium.remote.ErrorHandler.throwIfResponseFailed(ErrorHandler.java:145)
	at org.openqa.selenium.remote.RemoteWebDriver.execute(RemoteWebDriver.java:554)
	at org.openqa.selenium.remote.RemoteWebDriver.findElement(RemoteWebDriver.java:307)
	at org.openqa.selenium.remote.RemoteWebDriver.findElementByCssSelector(RemoteWebDriver.java:396)
	at org.openqa.selenium.By$ByCssSelector.findElement(By.java:406)
	at org.openqa.selenium.remote.RemoteWebDriver.findElement(RemoteWebDriver.java:299)
	at sun.reflect.GeneratedMethodAccessor8.invoke(Unknown Source)
	at sun.reflect.DelegatingMethodAccessorImpl.invoke(DelegatingMethodAccessorImpl.java:43)
	at java.lang.reflect.Method.invoke(Method.java:606)
	at org.openqa.selenium.support.events.EventFiringWebDriver$2.invoke(EventFiringWebDriver.java:101)
	at com.sun.proxy.$Proxy16.findElement(Unknown Source)
	at org.openqa.selenium.support.events.EventFiringWebDriver.findElement(EventFiringWebDriver.java:180)
	at org.openqa.selenium.support.ui.ExpectedConditions.findElement(ExpectedConditions.java:523)
	at org.openqa.selenium.support.ui.ExpectedConditions.access$000(ExpectedConditions.java:39)
	at org.openqa.selenium.support.ui.ExpectedConditions$4.apply(ExpectedConditions.java:130)
	at org.openqa.selenium.support.ui.ExpectedConditions$4.apply(ExpectedConditions.java:126)
	at org.openqa.selenium.support.ui.FluentWait.until(FluentWait.java:208)
	at com.mifos.pages.MifosWebPage.waitForElementToBeVisible(MifosWebPage.java:210)
	at com.mifos.pages.MifosWebPage.getElement(MifosWebPage.java:699)
	at com.mifos.pages.MifosWebPage.getElement(MifosWebPage.java:684)
	at com.mifos.pages.MifosWebPage.getSingleText(MifosWebPage.java:941)
	at com.mifos.pages.MifosWebPage.validateSame(MifosWebPage.java:947)
	at com.mifos.pages.MifosWebPage.verifySuccessMessage(MifosWebPage.java:1815)
	at com.mifos.pages.FrontPage.verifyProductLoanExcelSheet(FrontPage.java:472)
	at com.mifos.steps.LoanProductSteps.I_should_see_product_loan_created_successfully(LoanProductSteps.java:27)
	at sun.reflect.GeneratedMethodAccessor59.invoke(Unknown Source)
	at sun.reflect.DelegatingMethodAccessorImpl.invoke(DelegatingMethodAccessorImpl.java:43)
	at java.lang.reflect.Method.invoke(Method.java:606)
	at cucumber.runtime.Utils$1.call(Utils.java:44)
	at cucumber.runtime.Timeout.timeout(Timeout.java:12)
	at cucumber.runtime.Utils.invoke(Utils.java:40)
	at cucumber.runtime.java.JavaStepDefinition.execute(JavaStepDefinition.java:35)
	at cucumber.runtime.StepDefinitionMatch.runStep(StepDefinitionMatch.java:38)
	at cucumber.runtime.Runtime.runStep(Runtime.java:268)
	at cucumber.runtime.model.StepContainer.runStep(StepContainer.java:45)
	at cucumber.runtime.model.StepContainer.runSteps(StepContainer.java:40)
	at cucumber.runtime.model.CucumberScenario.run(CucumberScenario.java:36)
	at cucumber.runtime.junit.ExecutionUnitRunner.run(ExecutionUnitRunner.java:83)
	at org.junit.runners.Suite.runChild(Suite.java:127)
	at org.junit.runners.Suite.runChild(Suite.java:26)
	at org.junit.runners.ParentRunner$3.run(ParentRunner.java:238)
	at org.junit.runners.ParentRunner$1.schedule(ParentRunner.java:63)
	at org.junit.runners.ParentRunner.runChildren(ParentRunner.java:236)
	at org.junit.runners.ParentRunner.access$000(ParentRunner.java:53)
	at org.junit.runners.ParentRunner$2.evaluate(ParentRunner.java:229)
	at org.junit.runners.ParentRunner.run(ParentRunner.java:309)
	at org.junit.runners.Suite.runChild(Suite.java:127)
	at org.junit.runners.Suite.runChild(Suite.java:26)
	at org.junit.runners.ParentRunner$3.run(ParentRunner.java:238)
	at org.junit.runners.ParentRunner$1.schedule(ParentRunner.java:63)
	at org.junit.runners.ParentRunner.runChildren(ParentRunner.java:236)
	at org.junit.runners.ParentRunner.access$000(ParentRunner.java:53)
	at org.junit.runners.ParentRunner$2.evaluate(ParentRunner.java:229)
	at org.junit.runners.ParentRunner.run(ParentRunner.java:309)
	at cucumber.runtime.junit.FeatureRunner.runChild(FeatureRunner.java:63)
	at cucumber.runtime.junit.FeatureRunner.runChild(FeatureRunner.java:18)
	at org.junit.runners.ParentRunner$3.run(ParentRunner.java:238)
	at org.junit.runners.ParentRunner$1.schedule(ParentRunner.java:63)
	at org.junit.runners.ParentRunner.runChildren(ParentRunner.java:236)
	at org.junit.runners.ParentRunner.access$000(ParentRunner.java:53)
	at org.junit.runners.ParentRunner$2.evaluate(ParentRunner.java:229)
	at org.junit.runners.ParentRunner.run(ParentRunner.java:309)
	at cucumber.runtime.junit.FeatureRunner.run(FeatureRunner.java:70)
	at cucumber.api.junit.Cucumber.runChild(Cucumber.java:77)
	at cucumber.api.junit.Cucumber.runChild(Cucumber.java:37)
	at org.junit.runners.ParentRunner$3.run(ParentRunner.java:238)
	at org.junit.runners.ParentRunner$1.schedule(ParentRunner.java:63)
	at org.junit.runners.ParentRunner.runChildren(ParentRunner.java:236)
	at org.junit.runners.ParentRunner.access$000(ParentRunner.java:53)
	at org.junit.runners.ParentRunner$2.evaluate(ParentRunner.java:229)
	at org.junit.runners.ParentRunner.run(ParentRunner.java:309)
	at cucumber.api.junit.Cucumber.run(Cucumber.java:82)
	at org.apache.maven.surefire.junit4.JUnit4Provider.execute(JUnit4Provider.java:252)
	at org.apache.maven.surefire.junit4.JUnit4Provider.executeTestSet(JUnit4Provider.java:141)
	at org.apache.maven.surefire.junit4.JUnit4Provider.invoke(JUnit4Provider.java:112)
	at sun.reflect.NativeMethodAccessorImpl.invoke0(Native Method)
	at sun.reflect.NativeMethodAccessorImpl.invoke(NativeMethodAccessorImpl.java:57)
	at sun.reflect.DelegatingMethodAccessorImpl.invoke(DelegatingMethodAccessorImpl.java:43)
	at java.lang.reflect.Method.invoke(Method.java:606)
	at org.apache.maven.surefire.util.ReflectionUtils.invokeMethodWithArray(ReflectionUtils.java:189)
	at org.apache.maven.surefire.booter.ProviderFactory$ProviderProxy.invoke(ProviderFactory.java:165)
	at org.apache.maven.surefire.booter.ProviderFactory.invokeProvider(ProviderFactory.java:85)
	at org.apache.maven.surefire.booter.ForkedBooter.runSuitesInProcess(ForkedBooter.java:113)
	at org.apache.maven.surefire.booter.ForkedBooter.main(ForkedBooter.java:75)
</error>
  </testcase>
  <testcase time="0" classname="| 102RBI-EPP-DB-DL-REC-NON-RNI-CTPD-DL-MD-TR-1-ONTIME-Loanproduct4.xlsx |" name="Given I navigate to mifos"/>
  <testcase time="0" classname="| 102RBI-EPP-DB-DL-REC-NON-RNI-CTPD-DL-MD-TR-1-ONTIME-Loanproduct4.xlsx |" name="And I use login folder"/>
  <testcase time="0" classname="| 102RBI-EPP-DB-DL-REC-NON-RNI-CTPD-DL-MD-TR-1-ONTIME-Loanproduct4.xlsx |" name="When I login into mifos site using excel sheet"/>
  <testcase time="0" classname="| 102RBI-EPP-DB-DL-REC-NON-RNI-CTPD-DL-MD-TR-1-ONTIME-Loanproduct4.xlsx |" name="Then I should see logged in successfully"/>
  <testcase time="0" classname="| 102RBI-EPP-DB-DL-REC-NON-RNI-CTPD-DL-MD-TR-1-ONTIME-Loanproduct4.xlsx |" name="Given I setup the product loan"/>
  <testcase time="0" classname="| 102RBI-EPP-DB-DL-REC-NON-RNI-CTPD-DL-MD-TR-1-ONTIME-Loanproduct4.xlsx |" name="And I entered the values into product loan using"/>
  <testcase time="0" classname="| 102RBI-EPP-DB-DL-REC-NON-RNI-CTPD-DL-MD-TR-1-ONTIME-Loanproduct4.xlsx |" name="Then I should see product loan created successfully">
    <error message="Timed out after 100 seconds waiting for visibility of element located by By.selector: legend.ng-binding
Build info: version: &apos;2.29.1&apos;, revision: &apos;dfb1306b85be4934d23c123122e06e602a15e446&apos;, time: &apos;2013-01-22 12:58:05&apos;
System info: os.name: &apos;Windows Server 2012&apos;, os.arch: &apos;amd64&apos;, os.version: &apos;6.2&apos;, java.version: &apos;1.7.0_51&apos;
Driver info: driver.version: unknown" type="org.openqa.selenium.TimeoutException">org.openqa.selenium.TimeoutException: Timed out after 100 seconds waiting for visibility of element located by By.selector: legend.ng-binding
Build info: version: &apos;2.29.1&apos;, revision: &apos;dfb1306b85be4934d23c123122e06e602a15e446&apos;, time: &apos;2013-01-22 12:58:05&apos;
System info: os.name: &apos;Windows Server 2012&apos;, os.arch: &apos;amd64&apos;, os.version: &apos;6.2&apos;, java.version: &apos;1.7.0_51&apos;
Driver info: driver.version: unknown
	at org.openqa.selenium.support.ui.FluentWait.timeoutException(FluentWait.java:259)
	at org.openqa.selenium.support.ui.FluentWait.until(FluentWait.java:228)
	at com.mifos.pages.MifosWebPage.waitForElementToBeVisible(MifosWebPage.java:210)
	at com.mifos.pages.MifosWebPage.getElement(MifosWebPage.java:699)
	at com.mifos.pages.MifosWebPage.getElement(MifosWebPage.java:684)
	at com.mifos.pages.MifosWebPage.getSingleText(MifosWebPage.java:941)
	at com.mifos.pages.MifosWebPage.validateSame(MifosWebPage.java:947)
	at com.mifos.pages.MifosWebPage.verifySuccessMessage(MifosWebPage.java:1815)
	at com.mifos.pages.FrontPage.verifyProductLoanExcelSheet(FrontPage.java:472)
	at com.mifos.steps.LoanProductSteps.I_should_see_product_loan_created_successfully(LoanProductSteps.java:27)
	at ✽.Then I should see product loan created successfully(LoanRBI.feature:18)
Caused by: org.openqa.selenium.NoSuchElementException: no such element
  (Session info: chrome=43.0.2357.124)
  (Driver info: chromedriver=2.8.241075,platform=Windows NT 6.3 x86_64) (WARNING: The server did not provide any stacktrace information)
Command duration or timeout: 30.05 seconds
For documentation on this error, please visit: http://seleniumhq.org/exceptions/no_such_element.html
Build info: version: &apos;2.29.1&apos;, revision: &apos;dfb1306b85be4934d23c123122e06e602a15e446&apos;, time: &apos;2013-01-22 12:58:05&apos;
System info: os.name: &apos;Windows Server 2012&apos;, os.arch: &apos;amd64&apos;, os.version: &apos;6.2&apos;, java.version: &apos;1.7.0_51&apos;
Session ID: 8ad2a97bb2112d48c81807b41c44458c
Driver info: org.openqa.selenium.chrome.ChromeDriver
Capabilities [{platform=XP, acceptSslCerts=true, javascriptEnabled=true, browserName=chrome, chrome={userDataDir=C:\Users\ADMINI~1\AppData\Local\Temp\2\scoped_dir4000_26664}, rotatable=false, locationContextEnabled=true, version=43.0.2357.124, takesHeapSnapshot=true, cssSelectorsEnabled=true, databaseEnabled=false, handlesAlerts=true, browserConnectionEnabled=false, webStorageEnabled=true, nativeEvents=true, applicationCacheEnabled=false, takesScreenshot=true}]
	at sun.reflect.GeneratedConstructorAccessor53.newInstance(Unknown Source)
	at sun.reflect.DelegatingConstructorAccessorImpl.newInstance(DelegatingConstructorAccessorImpl.java:45)
	at java.lang.reflect.Constructor.newInstance(Constructor.java:526)
	at org.openqa.selenium.remote.ErrorHandler.createThrowable(ErrorHandler.java:187)
	at org.openqa.selenium.remote.ErrorHandler.throwIfResponseFailed(ErrorHandler.java:145)
	at org.openqa.selenium.remote.RemoteWebDriver.execute(RemoteWebDriver.java:554)
	at org.openqa.selenium.remote.RemoteWebDriver.findElement(RemoteWebDriver.java:307)
	at org.openqa.selenium.remote.RemoteWebDriver.findElementByCssSelector(RemoteWebDriver.java:396)
	at org.openqa.selenium.By$ByCssSelector.findElement(By.java:406)
	at org.openqa.selenium.remote.RemoteWebDriver.findElement(RemoteWebDriver.java:299)
	at sun.reflect.GeneratedMethodAccessor8.invoke(Unknown Source)
	at sun.reflect.DelegatingMethodAccessorImpl.invoke(DelegatingMethodAccessorImpl.java:43)
	at java.lang.reflect.Method.invoke(Method.java:606)
	at org.openqa.selenium.support.events.EventFiringWebDriver$2.invoke(EventFiringWebDriver.java:101)
	at com.sun.proxy.$Proxy16.findElement(Unknown Source)
	at org.openqa.selenium.support.events.EventFiringWebDriver.findElement(EventFiringWebDriver.java:180)
	at org.openqa.selenium.support.ui.ExpectedConditions.findElement(ExpectedConditions.java:523)
	at org.openqa.selenium.support.ui.ExpectedConditions.access$000(ExpectedConditions.java:39)
	at org.openqa.selenium.support.ui.ExpectedConditions$4.apply(ExpectedConditions.java:130)
	at org.openqa.selenium.support.ui.ExpectedConditions$4.apply(ExpectedConditions.java:126)
	at org.openqa.selenium.support.ui.FluentWait.until(FluentWait.java:208)
	at com.mifos.pages.MifosWebPage.waitForElementToBeVisible(MifosWebPage.java:210)
	at com.mifos.pages.MifosWebPage.getElement(MifosWebPage.java:699)
	at com.mifos.pages.MifosWebPage.getElement(MifosWebPage.java:684)
	at com.mifos.pages.MifosWebPage.getSingleText(MifosWebPage.java:941)
	at com.mifos.pages.MifosWebPage.validateSame(MifosWebPage.java:947)
	at com.mifos.pages.MifosWebPage.verifySuccessMessage(MifosWebPage.java:1815)
	at com.mifos.pages.FrontPage.verifyProductLoanExcelSheet(FrontPage.java:472)
	at com.mifos.steps.LoanProductSteps.I_should_see_product_loan_created_successfully(LoanProductSteps.java:27)
	at sun.reflect.GeneratedMethodAccessor59.invoke(Unknown Source)
	at sun.reflect.DelegatingMethodAccessorImpl.invoke(DelegatingMethodAccessorImpl.java:43)
	at java.lang.reflect.Method.invoke(Method.java:606)
	at cucumber.runtime.Utils$1.call(Utils.java:44)
	at cucumber.runtime.Timeout.timeout(Timeout.java:12)
	at cucumber.runtime.Utils.invoke(Utils.java:40)
	at cucumber.runtime.java.JavaStepDefinition.execute(JavaStepDefinition.java:35)
	at cucumber.runtime.StepDefinitionMatch.runStep(StepDefinitionMatch.java:38)
	at cucumber.runtime.Runtime.runStep(Runtime.java:268)
	at cucumber.runtime.model.StepContainer.runStep(StepContainer.java:45)
	at cucumber.runtime.model.StepContainer.runSteps(StepContainer.java:40)
	at cucumber.runtime.model.CucumberScenario.run(CucumberScenario.java:36)
	at cucumber.runtime.junit.ExecutionUnitRunner.run(ExecutionUnitRunner.java:83)
	at org.junit.runners.Suite.runChild(Suite.java:127)
	at org.junit.runners.Suite.runChild(Suite.java:26)
	at org.junit.runners.ParentRunner$3.run(ParentRunner.java:238)
	at org.junit.runners.ParentRunner$1.schedule(ParentRunner.java:63)
	at org.junit.runners.ParentRunner.runChildren(ParentRunner.java:236)
	at org.junit.runners.ParentRunner.access$000(ParentRunner.java:53)
	at org.junit.runners.ParentRunner$2.evaluate(ParentRunner.java:229)
	at org.junit.runners.ParentRunner.run(ParentRunner.java:309)
	at org.junit.runners.Suite.runChild(Suite.java:127)
	at org.junit.runners.Suite.runChild(Suite.java:26)
	at org.junit.runners.ParentRunner$3.run(ParentRunner.java:238)
	at org.junit.runners.ParentRunner$1.schedule(ParentRunner.java:63)
	at org.junit.runners.ParentRunner.runChildren(ParentRunner.java:236)
	at org.junit.runners.ParentRunner.access$000(ParentRunner.java:53)
	at org.junit.runners.ParentRunner$2.evaluate(ParentRunner.java:229)
	at org.junit.runners.ParentRunner.run(ParentRunner.java:309)
	at cucumber.runtime.junit.FeatureRunner.runChild(FeatureRunner.java:63)
	at cucumber.runtime.junit.FeatureRunner.runChild(FeatureRunner.java:18)
	at org.junit.runners.ParentRunner$3.run(ParentRunner.java:238)
	at org.junit.runners.ParentRunner$1.schedule(ParentRunner.java:63)
	at org.junit.runners.ParentRunner.runChildren(ParentRunner.java:236)
	at org.junit.runners.ParentRunner.access$000(ParentRunner.java:53)
	at org.junit.runners.ParentRunner$2.evaluate(ParentRunner.java:229)
	at org.junit.runners.ParentRunner.run(ParentRunner.java:309)
	at cucumber.runtime.junit.FeatureRunner.run(FeatureRunner.java:70)
	at cucumber.api.junit.Cucumber.runChild(Cucumber.java:77)
	at cucumber.api.junit.Cucumber.runChild(Cucumber.java:37)
	at org.junit.runners.ParentRunner$3.run(ParentRunner.java:238)
	at org.junit.runners.ParentRunner$1.schedule(ParentRunner.java:63)
	at org.junit.runners.ParentRunner.runChildren(ParentRunner.java:236)
	at org.junit.runners.ParentRunner.access$000(ParentRunner.java:53)
	at org.junit.runners.ParentRunner$2.evaluate(ParentRunner.java:229)
	at org.junit.runners.ParentRunner.run(ParentRunner.java:309)
	at cucumber.api.junit.Cucumber.run(Cucumber.java:82)
	at org.apache.maven.surefire.junit4.JUnit4Provider.execute(JUnit4Provider.java:252)
	at org.apache.maven.surefire.junit4.JUnit4Provider.executeTestSet(JUnit4Provider.java:141)
	at org.apache.maven.surefire.junit4.JUnit4Provider.invoke(JUnit4Provider.java:112)
	at sun.reflect.NativeMethodAccessorImpl.invoke0(Native Method)
	at sun.reflect.NativeMethodAccessorImpl.invoke(NativeMethodAccessorImpl.java:57)
	at sun.reflect.DelegatingMethodAccessorImpl.invoke(DelegatingMethodAccessorImpl.java:43)
	at java.lang.reflect.Method.invoke(Method.java:606)
	at org.apache.maven.surefire.util.ReflectionUtils.invokeMethodWithArray(ReflectionUtils.java:189)
	at org.apache.maven.surefire.booter.ProviderFactory$ProviderProxy.invoke(ProviderFactory.java:165)
	at org.apache.maven.surefire.booter.ProviderFactory.invokeProvider(ProviderFactory.java:85)
	at org.apache.maven.surefire.booter.ForkedBooter.runSuitesInProcess(ForkedBooter.java:113)
	at org.apache.maven.surefire.booter.ForkedBooter.main(ForkedBooter.java:75)
</error>
    <system-out>welcome to mifos through excel
Cell One ... key=productname
102-RBI-EPP-DB-DL-REC-NON-RNI-CTPD-DL-MD-TR-1-ONTIME
102-RBI-EPP-DB-DL-REC-NON-RNI-CTPD-DL-MD-TR-1-ONTIME
</system-out>
  </testcase>
  <testcase time="0" classname="| 102RBI-EPP-DB-DL-REC-NON-RNI-CTPD-DL-MD-TR-1-ONTIME-Loanproduct4.xlsx |" name="| 102RBI-EPP-DB-DL-REC-NON-RNI-CTPD-DL-MD-TR-1-ONTIME-Loanproduct4.xlsx |">
    <error message="Timed out after 100 seconds waiting for visibility of element located by By.selector: legend.ng-binding
Build info: version: &apos;2.29.1&apos;, revision: &apos;dfb1306b85be4934d23c123122e06e602a15e446&apos;, time: &apos;2013-01-22 12:58:05&apos;
System info: os.name: &apos;Windows Server 2012&apos;, os.arch: &apos;amd64&apos;, os.version: &apos;6.2&apos;, java.version: &apos;1.7.0_51&apos;
Driver info: driver.version: unknown" type="org.openqa.selenium.TimeoutException">org.openqa.selenium.TimeoutException: Timed out after 100 seconds waiting for visibility of element located by By.selector: legend.ng-binding
Build info: version: &apos;2.29.1&apos;, revision: &apos;dfb1306b85be4934d23c123122e06e602a15e446&apos;, time: &apos;2013-01-22 12:58:05&apos;
System info: os.name: &apos;Windows Server 2012&apos;, os.arch: &apos;amd64&apos;, os.version: &apos;6.2&apos;, java.version: &apos;1.7.0_51&apos;
Driver info: driver.version: unknown
	at org.openqa.selenium.support.ui.FluentWait.timeoutException(FluentWait.java:259)
	at org.openqa.selenium.support.ui.FluentWait.until(FluentWait.java:228)
	at com.mifos.pages.MifosWebPage.waitForElementToBeVisible(MifosWebPage.java:210)
	at com.mifos.pages.MifosWebPage.getElement(MifosWebPage.java:699)
	at com.mifos.pages.MifosWebPage.getElement(MifosWebPage.java:684)
	at com.mifos.pages.MifosWebPage.getSingleText(MifosWebPage.java:941)
	at com.mifos.pages.MifosWebPage.validateSame(MifosWebPage.java:947)
	at com.mifos.pages.MifosWebPage.verifySuccessMessage(MifosWebPage.java:1815)
	at com.mifos.pages.FrontPage.verifyProductLoanExcelSheet(FrontPage.java:472)
	at com.mifos.steps.LoanProductSteps.I_should_see_product_loan_created_successfully(LoanProductSteps.java:27)
	at ✽.Then I should see product loan created successfully(LoanRBI.feature:18)
Caused by: org.openqa.selenium.NoSuchElementException: no such element
  (Session info: chrome=43.0.2357.124)
  (Driver info: chromedriver=2.8.241075,platform=Windows NT 6.3 x86_64) (WARNING: The server did not provide any stacktrace information)
Command duration or timeout: 30.05 seconds
For documentation on this error, please visit: http://seleniumhq.org/exceptions/no_such_element.html
Build info: version: &apos;2.29.1&apos;, revision: &apos;dfb1306b85be4934d23c123122e06e602a15e446&apos;, time: &apos;2013-01-22 12:58:05&apos;
System info: os.name: &apos;Windows Server 2012&apos;, os.arch: &apos;amd64&apos;, os.version: &apos;6.2&apos;, java.version: &apos;1.7.0_51&apos;
Session ID: 8ad2a97bb2112d48c81807b41c44458c
Driver info: org.openqa.selenium.chrome.ChromeDriver
Capabilities [{platform=XP, acceptSslCerts=true, javascriptEnabled=true, browserName=chrome, chrome={userDataDir=C:\Users\ADMINI~1\AppData\Local\Temp\2\scoped_dir4000_26664}, rotatable=false, locationContextEnabled=true, version=43.0.2357.124, takesHeapSnapshot=true, cssSelectorsEnabled=true, databaseEnabled=false, handlesAlerts=true, browserConnectionEnabled=false, webStorageEnabled=true, nativeEvents=true, applicationCacheEnabled=false, takesScreenshot=true}]
	at sun.reflect.GeneratedConstructorAccessor53.newInstance(Unknown Source)
	at sun.reflect.DelegatingConstructorAccessorImpl.newInstance(DelegatingConstructorAccessorImpl.java:45)
	at java.lang.reflect.Constructor.newInstance(Constructor.java:526)
	at org.openqa.selenium.remote.ErrorHandler.createThrowable(ErrorHandler.java:187)
	at org.openqa.selenium.remote.ErrorHandler.throwIfResponseFailed(ErrorHandler.java:145)
	at org.openqa.selenium.remote.RemoteWebDriver.execute(RemoteWebDriver.java:554)
	at org.openqa.selenium.remote.RemoteWebDriver.findElement(RemoteWebDriver.java:307)
	at org.openqa.selenium.remote.RemoteWebDriver.findElementByCssSelector(RemoteWebDriver.java:396)
	at org.openqa.selenium.By$ByCssSelector.findElement(By.java:406)
	at org.openqa.selenium.remote.RemoteWebDriver.findElement(RemoteWebDriver.java:299)
	at sun.reflect.GeneratedMethodAccessor8.invoke(Unknown Source)
	at sun.reflect.DelegatingMethodAccessorImpl.invoke(DelegatingMethodAccessorImpl.java:43)
	at java.lang.reflect.Method.invoke(Method.java:606)
	at org.openqa.selenium.support.events.EventFiringWebDriver$2.invoke(EventFiringWebDriver.java:101)
	at com.sun.proxy.$Proxy16.findElement(Unknown Source)
	at org.openqa.selenium.support.events.EventFiringWebDriver.findElement(EventFiringWebDriver.java:180)
	at org.openqa.selenium.support.ui.ExpectedConditions.findElement(ExpectedConditions.java:523)
	at org.openqa.selenium.support.ui.ExpectedConditions.access$000(ExpectedConditions.java:39)
	at org.openqa.selenium.support.ui.ExpectedConditions$4.apply(ExpectedConditions.java:130)
	at org.openqa.selenium.support.ui.ExpectedConditions$4.apply(ExpectedConditions.java:126)
	at org.openqa.selenium.support.ui.FluentWait.until(FluentWait.java:208)
	at com.mifos.pages.MifosWebPage.waitForElementToBeVisible(MifosWebPage.java:210)
	at com.mifos.pages.MifosWebPage.getElement(MifosWebPage.java:699)
	at com.mifos.pages.MifosWebPage.getElement(MifosWebPage.java:684)
	at com.mifos.pages.MifosWebPage.getSingleText(MifosWebPage.java:941)
	at com.mifos.pages.MifosWebPage.validateSame(MifosWebPage.java:947)
	at com.mifos.pages.MifosWebPage.verifySuccessMessage(MifosWebPage.java:1815)
	at com.mifos.pages.FrontPage.verifyProductLoanExcelSheet(FrontPage.java:472)
	at com.mifos.steps.LoanProductSteps.I_should_see_product_loan_created_successfully(LoanProductSteps.java:27)
	at sun.reflect.GeneratedMethodAccessor59.invoke(Unknown Source)
	at sun.reflect.DelegatingMethodAccessorImpl.invoke(DelegatingMethodAccessorImpl.java:43)
	at java.lang.reflect.Method.invoke(Method.java:606)
	at cucumber.runtime.Utils$1.call(Utils.java:44)
	at cucumber.runtime.Timeout.timeout(Timeout.java:12)
	at cucumber.runtime.Utils.invoke(Utils.java:40)
	at cucumber.runtime.java.JavaStepDefinition.execute(JavaStepDefinition.java:35)
	at cucumber.runtime.StepDefinitionMatch.runStep(StepDefinitionMatch.java:38)
	at cucumber.runtime.Runtime.runStep(Runtime.java:268)
	at cucumber.runtime.model.StepContainer.runStep(StepContainer.java:45)
	at cucumber.runtime.model.StepContainer.runSteps(StepContainer.java:40)
	at cucumber.runtime.model.CucumberScenario.run(CucumberScenario.java:36)
	at cucumber.runtime.junit.ExecutionUnitRunner.run(ExecutionUnitRunner.java:83)
	at org.junit.runners.Suite.runChild(Suite.java:127)
	at org.junit.runners.Suite.runChild(Suite.java:26)
	at org.junit.runners.ParentRunner$3.run(ParentRunner.java:238)
	at org.junit.runners.ParentRunner$1.schedule(ParentRunner.java:63)
	at org.junit.runners.ParentRunner.runChildren(ParentRunner.java:236)
	at org.junit.runners.ParentRunner.access$000(ParentRunner.java:53)
	at org.junit.runners.ParentRunner$2.evaluate(ParentRunner.java:229)
	at org.junit.runners.ParentRunner.run(ParentRunner.java:309)
	at org.junit.runners.Suite.runChild(Suite.java:127)
	at org.junit.runners.Suite.runChild(Suite.java:26)
	at org.junit.runners.ParentRunner$3.run(ParentRunner.java:238)
	at org.junit.runners.ParentRunner$1.schedule(ParentRunner.java:63)
	at org.junit.runners.ParentRunner.runChildren(ParentRunner.java:236)
	at org.junit.runners.ParentRunner.access$000(ParentRunner.java:53)
	at org.junit.runners.ParentRunner$2.evaluate(ParentRunner.java:229)
	at org.junit.runners.ParentRunner.run(ParentRunner.java:309)
	at cucumber.runtime.junit.FeatureRunner.runChild(FeatureRunner.java:63)
	at cucumber.runtime.junit.FeatureRunner.runChild(FeatureRunner.java:18)
	at org.junit.runners.ParentRunner$3.run(ParentRunner.java:238)
	at org.junit.runners.ParentRunner$1.schedule(ParentRunner.java:63)
	at org.junit.runners.ParentRunner.runChildren(ParentRunner.java:236)
	at org.junit.runners.ParentRunner.access$000(ParentRunner.java:53)
	at org.junit.runners.ParentRunner$2.evaluate(ParentRunner.java:229)
	at org.junit.runners.ParentRunner.run(ParentRunner.java:309)
	at cucumber.runtime.junit.FeatureRunner.run(FeatureRunner.java:70)
	at cucumber.api.junit.Cucumber.runChild(Cucumber.java:77)
	at cucumber.api.junit.Cucumber.runChild(Cucumber.java:37)
	at org.junit.runners.ParentRunner$3.run(ParentRunner.java:238)
	at org.junit.runners.ParentRunner$1.schedule(ParentRunner.java:63)
	at org.junit.runners.ParentRunner.runChildren(ParentRunner.java:236)
	at org.junit.runners.ParentRunner.access$000(ParentRunner.java:53)
	at org.junit.runners.ParentRunner$2.evaluate(ParentRunner.java:229)
	at org.junit.runners.ParentRunner.run(ParentRunner.java:309)
	at cucumber.api.junit.Cucumber.run(Cucumber.java:82)
	at org.apache.maven.surefire.junit4.JUnit4Provider.execute(JUnit4Provider.java:252)
	at org.apache.maven.surefire.junit4.JUnit4Provider.executeTestSet(JUnit4Provider.java:141)
	at org.apache.maven.surefire.junit4.JUnit4Provider.invoke(JUnit4Provider.java:112)
	at sun.reflect.NativeMethodAccessorImpl.invoke0(Native Method)
	at sun.reflect.NativeMethodAccessorImpl.invoke(NativeMethodAccessorImpl.java:57)
	at sun.reflect.DelegatingMethodAccessorImpl.invoke(DelegatingMethodAccessorImpl.java:43)
	at java.lang.reflect.Method.invoke(Method.java:606)
	at org.apache.maven.surefire.util.ReflectionUtils.invokeMethodWithArray(ReflectionUtils.java:189)
	at org.apache.maven.surefire.booter.ProviderFactory$ProviderProxy.invoke(ProviderFactory.java:165)
	at org.apache.maven.surefire.booter.ProviderFactory.invokeProvider(ProviderFactory.java:85)
	at org.apache.maven.surefire.booter.ForkedBooter.runSuitesInProcess(ForkedBooter.java:113)
	at org.apache.maven.surefire.booter.ForkedBooter.main(ForkedBooter.java:75)
</error>
  </testcase>
  <testcase time="0" classname="| 103RBI-EPP-DB-DL-REC-NON-RNI-CTRFD-SAR-MD-TR-1-ONTIME-Loanproduct4.xlsx |" name="Given I navigate to mifos"/>
  <testcase time="0" classname="| 103RBI-EPP-DB-DL-REC-NON-RNI-CTRFD-SAR-MD-TR-1-ONTIME-Loanproduct4.xlsx |" name="And I use login folder"/>
  <testcase time="0" classname="| 103RBI-EPP-DB-DL-REC-NON-RNI-CTRFD-SAR-MD-TR-1-ONTIME-Loanproduct4.xlsx |" name="When I login into mifos site using excel sheet"/>
  <testcase time="0" classname="| 103RBI-EPP-DB-DL-REC-NON-RNI-CTRFD-SAR-MD-TR-1-ONTIME-Loanproduct4.xlsx |" name="Then I should see logged in successfully"/>
  <testcase time="0" classname="| 103RBI-EPP-DB-DL-REC-NON-RNI-CTRFD-SAR-MD-TR-1-ONTIME-Loanproduct4.xlsx |" name="Given I setup the product loan"/>
  <testcase time="0" classname="| 103RBI-EPP-DB-DL-REC-NON-RNI-CTRFD-SAR-MD-TR-1-ONTIME-Loanproduct4.xlsx |" name="And I entered the values into product loan using"/>
  <testcase time="0" classname="| 103RBI-EPP-DB-DL-REC-NON-RNI-CTRFD-SAR-MD-TR-1-ONTIME-Loanproduct4.xlsx |" name="Then I should see product loan created successfully">
    <error message="Timed out after 100 seconds waiting for visibility of element located by By.selector: legend.ng-binding
Build info: version: &apos;2.29.1&apos;, revision: &apos;dfb1306b85be4934d23c123122e06e602a15e446&apos;, time: &apos;2013-01-22 12:58:05&apos;
System info: os.name: &apos;Windows Server 2012&apos;, os.arch: &apos;amd64&apos;, os.version: &apos;6.2&apos;, java.version: &apos;1.7.0_51&apos;
Driver info: driver.version: unknown" type="org.openqa.selenium.TimeoutException">org.openqa.selenium.TimeoutException: Timed out after 100 seconds waiting for visibility of element located by By.selector: legend.ng-binding
Build info: version: &apos;2.29.1&apos;, revision: &apos;dfb1306b85be4934d23c123122e06e602a15e446&apos;, time: &apos;2013-01-22 12:58:05&apos;
System info: os.name: &apos;Windows Server 2012&apos;, os.arch: &apos;amd64&apos;, os.version: &apos;6.2&apos;, java.version: &apos;1.7.0_51&apos;
Driver info: driver.version: unknown
	at org.openqa.selenium.support.ui.FluentWait.timeoutException(FluentWait.java:259)
	at org.openqa.selenium.support.ui.FluentWait.until(FluentWait.java:228)
	at com.mifos.pages.MifosWebPage.waitForElementToBeVisible(MifosWebPage.java:210)
	at com.mifos.pages.MifosWebPage.getElement(MifosWebPage.java:699)
	at com.mifos.pages.MifosWebPage.getElement(MifosWebPage.java:684)
	at com.mifos.pages.MifosWebPage.getSingleText(MifosWebPage.java:941)
	at com.mifos.pages.MifosWebPage.validateSame(MifosWebPage.java:947)
	at com.mifos.pages.MifosWebPage.verifySuccessMessage(MifosWebPage.java:1815)
	at com.mifos.pages.FrontPage.verifyProductLoanExcelSheet(FrontPage.java:472)
	at com.mifos.steps.LoanProductSteps.I_should_see_product_loan_created_successfully(LoanProductSteps.java:27)
	at ✽.Then I should see product loan created successfully(LoanRBI.feature:18)
Caused by: org.openqa.selenium.NoSuchElementException: no such element
  (Session info: chrome=43.0.2357.124)
  (Driver info: chromedriver=2.8.241075,platform=Windows NT 6.3 x86_64) (WARNING: The server did not provide any stacktrace information)
Command duration or timeout: 30.02 seconds
For documentation on this error, please visit: http://seleniumhq.org/exceptions/no_such_element.html
Build info: version: &apos;2.29.1&apos;, revision: &apos;dfb1306b85be4934d23c123122e06e602a15e446&apos;, time: &apos;2013-01-22 12:58:05&apos;
System info: os.name: &apos;Windows Server 2012&apos;, os.arch: &apos;amd64&apos;, os.version: &apos;6.2&apos;, java.version: &apos;1.7.0_51&apos;
Session ID: 82720e8d03c04989824b66aff5ba197e
Driver info: org.openqa.selenium.chrome.ChromeDriver
Capabilities [{platform=XP, acceptSslCerts=true, javascriptEnabled=true, browserName=chrome, chrome={userDataDir=C:\Users\ADMINI~1\AppData\Local\Temp\2\scoped_dir3588_8485}, rotatable=false, locationContextEnabled=true, version=43.0.2357.124, takesHeapSnapshot=true, cssSelectorsEnabled=true, databaseEnabled=false, handlesAlerts=true, browserConnectionEnabled=false, webStorageEnabled=true, nativeEvents=true, applicationCacheEnabled=false, takesScreenshot=true}]
	at sun.reflect.GeneratedConstructorAccessor53.newInstance(Unknown Source)
	at sun.reflect.DelegatingConstructorAccessorImpl.newInstance(DelegatingConstructorAccessorImpl.java:45)
	at java.lang.reflect.Constructor.newInstance(Constructor.java:526)
	at org.openqa.selenium.remote.ErrorHandler.createThrowable(ErrorHandler.java:187)
	at org.openqa.selenium.remote.ErrorHandler.throwIfResponseFailed(ErrorHandler.java:145)
	at org.openqa.selenium.remote.RemoteWebDriver.execute(RemoteWebDriver.java:554)
	at org.openqa.selenium.remote.RemoteWebDriver.findElement(RemoteWebDriver.java:307)
	at org.openqa.selenium.remote.RemoteWebDriver.findElementByCssSelector(RemoteWebDriver.java:396)
	at org.openqa.selenium.By$ByCssSelector.findElement(By.java:406)
	at org.openqa.selenium.remote.RemoteWebDriver.findElement(RemoteWebDriver.java:299)
	at sun.reflect.GeneratedMethodAccessor8.invoke(Unknown Source)
	at sun.reflect.DelegatingMethodAccessorImpl.invoke(DelegatingMethodAccessorImpl.java:43)
	at java.lang.reflect.Method.invoke(Method.java:606)
	at org.openqa.selenium.support.events.EventFiringWebDriver$2.invoke(EventFiringWebDriver.java:101)
	at com.sun.proxy.$Proxy16.findElement(Unknown Source)
	at org.openqa.selenium.support.events.EventFiringWebDriver.findElement(EventFiringWebDriver.java:180)
	at org.openqa.selenium.support.ui.ExpectedConditions.findElement(ExpectedConditions.java:523)
	at org.openqa.selenium.support.ui.ExpectedConditions.access$000(ExpectedConditions.java:39)
	at org.openqa.selenium.support.ui.ExpectedConditions$4.apply(ExpectedConditions.java:130)
	at org.openqa.selenium.support.ui.ExpectedConditions$4.apply(ExpectedConditions.java:126)
	at org.openqa.selenium.support.ui.FluentWait.until(FluentWait.java:208)
	at com.mifos.pages.MifosWebPage.waitForElementToBeVisible(MifosWebPage.java:210)
	at com.mifos.pages.MifosWebPage.getElement(MifosWebPage.java:699)
	at com.mifos.pages.MifosWebPage.getElement(MifosWebPage.java:684)
	at com.mifos.pages.MifosWebPage.getSingleText(MifosWebPage.java:941)
	at com.mifos.pages.MifosWebPage.validateSame(MifosWebPage.java:947)
	at com.mifos.pages.MifosWebPage.verifySuccessMessage(MifosWebPage.java:1815)
	at com.mifos.pages.FrontPage.verifyProductLoanExcelSheet(FrontPage.java:472)
	at com.mifos.steps.LoanProductSteps.I_should_see_product_loan_created_successfully(LoanProductSteps.java:27)
	at sun.reflect.GeneratedMethodAccessor59.invoke(Unknown Source)
	at sun.reflect.DelegatingMethodAccessorImpl.invoke(DelegatingMethodAccessorImpl.java:43)
	at java.lang.reflect.Method.invoke(Method.java:606)
	at cucumber.runtime.Utils$1.call(Utils.java:44)
	at cucumber.runtime.Timeout.timeout(Timeout.java:12)
	at cucumber.runtime.Utils.invoke(Utils.java:40)
	at cucumber.runtime.java.JavaStepDefinition.execute(JavaStepDefinition.java:35)
	at cucumber.runtime.StepDefinitionMatch.runStep(StepDefinitionMatch.java:38)
	at cucumber.runtime.Runtime.runStep(Runtime.java:268)
	at cucumber.runtime.model.StepContainer.runStep(StepContainer.java:45)
	at cucumber.runtime.model.StepContainer.runSteps(StepContainer.java:40)
	at cucumber.runtime.model.CucumberScenario.run(CucumberScenario.java:36)
	at cucumber.runtime.junit.ExecutionUnitRunner.run(ExecutionUnitRunner.java:83)
	at org.junit.runners.Suite.runChild(Suite.java:127)
	at org.junit.runners.Suite.runChild(Suite.java:26)
	at org.junit.runners.ParentRunner$3.run(ParentRunner.java:238)
	at org.junit.runners.ParentRunner$1.schedule(ParentRunner.java:63)
	at org.junit.runners.ParentRunner.runChildren(ParentRunner.java:236)
	at org.junit.runners.ParentRunner.access$000(ParentRunner.java:53)
	at org.junit.runners.ParentRunner$2.evaluate(ParentRunner.java:229)
	at org.junit.runners.ParentRunner.run(ParentRunner.java:309)
	at org.junit.runners.Suite.runChild(Suite.java:127)
	at org.junit.runners.Suite.runChild(Suite.java:26)
	at org.junit.runners.ParentRunner$3.run(ParentRunner.java:238)
	at org.junit.runners.ParentRunner$1.schedule(ParentRunner.java:63)
	at org.junit.runners.ParentRunner.runChildren(ParentRunner.java:236)
	at org.junit.runners.ParentRunner.access$000(ParentRunner.java:53)
	at org.junit.runners.ParentRunner$2.evaluate(ParentRunner.java:229)
	at org.junit.runners.ParentRunner.run(ParentRunner.java:309)
	at cucumber.runtime.junit.FeatureRunner.runChild(FeatureRunner.java:63)
	at cucumber.runtime.junit.FeatureRunner.runChild(FeatureRunner.java:18)
	at org.junit.runners.ParentRunner$3.run(ParentRunner.java:238)
	at org.junit.runners.ParentRunner$1.schedule(ParentRunner.java:63)
	at org.junit.runners.ParentRunner.runChildren(ParentRunner.java:236)
	at org.junit.runners.ParentRunner.access$000(ParentRunner.java:53)
	at org.junit.runners.ParentRunner$2.evaluate(ParentRunner.java:229)
	at org.junit.runners.ParentRunner.run(ParentRunner.java:309)
	at cucumber.runtime.junit.FeatureRunner.run(FeatureRunner.java:70)
	at cucumber.api.junit.Cucumber.runChild(Cucumber.java:77)
	at cucumber.api.junit.Cucumber.runChild(Cucumber.java:37)
	at org.junit.runners.ParentRunner$3.run(ParentRunner.java:238)
	at org.junit.runners.ParentRunner$1.schedule(ParentRunner.java:63)
	at org.junit.runners.ParentRunner.runChildren(ParentRunner.java:236)
	at org.junit.runners.ParentRunner.access$000(ParentRunner.java:53)
	at org.junit.runners.ParentRunner$2.evaluate(ParentRunner.java:229)
	at org.junit.runners.ParentRunner.run(ParentRunner.java:309)
	at cucumber.api.junit.Cucumber.run(Cucumber.java:82)
	at org.apache.maven.surefire.junit4.JUnit4Provider.execute(JUnit4Provider.java:252)
	at org.apache.maven.surefire.junit4.JUnit4Provider.executeTestSet(JUnit4Provider.java:141)
	at org.apache.maven.surefire.junit4.JUnit4Provider.invoke(JUnit4Provider.java:112)
	at sun.reflect.NativeMethodAccessorImpl.invoke0(Native Method)
	at sun.reflect.NativeMethodAccessorImpl.invoke(NativeMethodAccessorImpl.java:57)
	at sun.reflect.DelegatingMethodAccessorImpl.invoke(DelegatingMethodAccessorImpl.java:43)
	at java.lang.reflect.Method.invoke(Method.java:606)
	at org.apache.maven.surefire.util.ReflectionUtils.invokeMethodWithArray(ReflectionUtils.java:189)
	at org.apache.maven.surefire.booter.ProviderFactory$ProviderProxy.invoke(ProviderFactory.java:165)
	at org.apache.maven.surefire.booter.ProviderFactory.invokeProvider(ProviderFactory.java:85)
	at org.apache.maven.surefire.booter.ForkedBooter.runSuitesInProcess(ForkedBooter.java:113)
	at org.apache.maven.surefire.booter.ForkedBooter.main(ForkedBooter.java:75)
</error>
    <system-out>welcome to mifos through excel
Cell One ... key=productname
103-RBI-EPP-DB-DL-REC-NOCOM-RNI-CTRFD-SAR-MD-TR-1-ONTIME
103-RBI-EPP-DB-DL-REC-NOCOM-RNI-CTRFD-SAR-MD-TR-1-ONTIME
</system-out>
  </testcase>
  <testcase time="0" classname="| 103RBI-EPP-DB-DL-REC-NON-RNI-CTRFD-SAR-MD-TR-1-ONTIME-Loanproduct4.xlsx |" name="| 103RBI-EPP-DB-DL-REC-NON-RNI-CTRFD-SAR-MD-TR-1-ONTIME-Loanproduct4.xlsx |">
    <error message="Timed out after 100 seconds waiting for visibility of element located by By.selector: legend.ng-binding
Build info: version: &apos;2.29.1&apos;, revision: &apos;dfb1306b85be4934d23c123122e06e602a15e446&apos;, time: &apos;2013-01-22 12:58:05&apos;
System info: os.name: &apos;Windows Server 2012&apos;, os.arch: &apos;amd64&apos;, os.version: &apos;6.2&apos;, java.version: &apos;1.7.0_51&apos;
Driver info: driver.version: unknown" type="org.openqa.selenium.TimeoutException">org.openqa.selenium.TimeoutException: Timed out after 100 seconds waiting for visibility of element located by By.selector: legend.ng-binding
Build info: version: &apos;2.29.1&apos;, revision: &apos;dfb1306b85be4934d23c123122e06e602a15e446&apos;, time: &apos;2013-01-22 12:58:05&apos;
System info: os.name: &apos;Windows Server 2012&apos;, os.arch: &apos;amd64&apos;, os.version: &apos;6.2&apos;, java.version: &apos;1.7.0_51&apos;
Driver info: driver.version: unknown
	at org.openqa.selenium.support.ui.FluentWait.timeoutException(FluentWait.java:259)
	at org.openqa.selenium.support.ui.FluentWait.until(FluentWait.java:228)
	at com.mifos.pages.MifosWebPage.waitForElementToBeVisible(MifosWebPage.java:210)
	at com.mifos.pages.MifosWebPage.getElement(MifosWebPage.java:699)
	at com.mifos.pages.MifosWebPage.getElement(MifosWebPage.java:684)
	at com.mifos.pages.MifosWebPage.getSingleText(MifosWebPage.java:941)
	at com.mifos.pages.MifosWebPage.validateSame(MifosWebPage.java:947)
	at com.mifos.pages.MifosWebPage.verifySuccessMessage(MifosWebPage.java:1815)
	at com.mifos.pages.FrontPage.verifyProductLoanExcelSheet(FrontPage.java:472)
	at com.mifos.steps.LoanProductSteps.I_should_see_product_loan_created_successfully(LoanProductSteps.java:27)
	at ✽.Then I should see product loan created successfully(LoanRBI.feature:18)
Caused by: org.openqa.selenium.NoSuchElementException: no such element
  (Session info: chrome=43.0.2357.124)
  (Driver info: chromedriver=2.8.241075,platform=Windows NT 6.3 x86_64) (WARNING: The server did not provide any stacktrace information)
Command duration or timeout: 30.02 seconds
For documentation on this error, please visit: http://seleniumhq.org/exceptions/no_such_element.html
Build info: version: &apos;2.29.1&apos;, revision: &apos;dfb1306b85be4934d23c123122e06e602a15e446&apos;, time: &apos;2013-01-22 12:58:05&apos;
System info: os.name: &apos;Windows Server 2012&apos;, os.arch: &apos;amd64&apos;, os.version: &apos;6.2&apos;, java.version: &apos;1.7.0_51&apos;
Session ID: 82720e8d03c04989824b66aff5ba197e
Driver info: org.openqa.selenium.chrome.ChromeDriver
Capabilities [{platform=XP, acceptSslCerts=true, javascriptEnabled=true, browserName=chrome, chrome={userDataDir=C:\Users\ADMINI~1\AppData\Local\Temp\2\scoped_dir3588_8485}, rotatable=false, locationContextEnabled=true, version=43.0.2357.124, takesHeapSnapshot=true, cssSelectorsEnabled=true, databaseEnabled=false, handlesAlerts=true, browserConnectionEnabled=false, webStorageEnabled=true, nativeEvents=true, applicationCacheEnabled=false, takesScreenshot=true}]
	at sun.reflect.GeneratedConstructorAccessor53.newInstance(Unknown Source)
	at sun.reflect.DelegatingConstructorAccessorImpl.newInstance(DelegatingConstructorAccessorImpl.java:45)
	at java.lang.reflect.Constructor.newInstance(Constructor.java:526)
	at org.openqa.selenium.remote.ErrorHandler.createThrowable(ErrorHandler.java:187)
	at org.openqa.selenium.remote.ErrorHandler.throwIfResponseFailed(ErrorHandler.java:145)
	at org.openqa.selenium.remote.RemoteWebDriver.execute(RemoteWebDriver.java:554)
	at org.openqa.selenium.remote.RemoteWebDriver.findElement(RemoteWebDriver.java:307)
	at org.openqa.selenium.remote.RemoteWebDriver.findElementByCssSelector(RemoteWebDriver.java:396)
	at org.openqa.selenium.By$ByCssSelector.findElement(By.java:406)
	at org.openqa.selenium.remote.RemoteWebDriver.findElement(RemoteWebDriver.java:299)
	at sun.reflect.GeneratedMethodAccessor8.invoke(Unknown Source)
	at sun.reflect.DelegatingMethodAccessorImpl.invoke(DelegatingMethodAccessorImpl.java:43)
	at java.lang.reflect.Method.invoke(Method.java:606)
	at org.openqa.selenium.support.events.EventFiringWebDriver$2.invoke(EventFiringWebDriver.java:101)
	at com.sun.proxy.$Proxy16.findElement(Unknown Source)
	at org.openqa.selenium.support.events.EventFiringWebDriver.findElement(EventFiringWebDriver.java:180)
	at org.openqa.selenium.support.ui.ExpectedConditions.findElement(ExpectedConditions.java:523)
	at org.openqa.selenium.support.ui.ExpectedConditions.access$000(ExpectedConditions.java:39)
	at org.openqa.selenium.support.ui.ExpectedConditions$4.apply(ExpectedConditions.java:130)
	at org.openqa.selenium.support.ui.ExpectedConditions$4.apply(ExpectedConditions.java:126)
	at org.openqa.selenium.support.ui.FluentWait.until(FluentWait.java:208)
	at com.mifos.pages.MifosWebPage.waitForElementToBeVisible(MifosWebPage.java:210)
	at com.mifos.pages.MifosWebPage.getElement(MifosWebPage.java:699)
	at com.mifos.pages.MifosWebPage.getElement(MifosWebPage.java:684)
	at com.mifos.pages.MifosWebPage.getSingleText(MifosWebPage.java:941)
	at com.mifos.pages.MifosWebPage.validateSame(MifosWebPage.java:947)
	at com.mifos.pages.MifosWebPage.verifySuccessMessage(MifosWebPage.java:1815)
	at com.mifos.pages.FrontPage.verifyProductLoanExcelSheet(FrontPage.java:472)
	at com.mifos.steps.LoanProductSteps.I_should_see_product_loan_created_successfully(LoanProductSteps.java:27)
	at sun.reflect.GeneratedMethodAccessor59.invoke(Unknown Source)
	at sun.reflect.DelegatingMethodAccessorImpl.invoke(DelegatingMethodAccessorImpl.java:43)
	at java.lang.reflect.Method.invoke(Method.java:606)
	at cucumber.runtime.Utils$1.call(Utils.java:44)
	at cucumber.runtime.Timeout.timeout(Timeout.java:12)
	at cucumber.runtime.Utils.invoke(Utils.java:40)
	at cucumber.runtime.java.JavaStepDefinition.execute(JavaStepDefinition.java:35)
	at cucumber.runtime.StepDefinitionMatch.runStep(StepDefinitionMatch.java:38)
	at cucumber.runtime.Runtime.runStep(Runtime.java:268)
	at cucumber.runtime.model.StepContainer.runStep(StepContainer.java:45)
	at cucumber.runtime.model.StepContainer.runSteps(StepContainer.java:40)
	at cucumber.runtime.model.CucumberScenario.run(CucumberScenario.java:36)
	at cucumber.runtime.junit.ExecutionUnitRunner.run(ExecutionUnitRunner.java:83)
	at org.junit.runners.Suite.runChild(Suite.java:127)
	at org.junit.runners.Suite.runChild(Suite.java:26)
	at org.junit.runners.ParentRunner$3.run(ParentRunner.java:238)
	at org.junit.runners.ParentRunner$1.schedule(ParentRunner.java:63)
	at org.junit.runners.ParentRunner.runChildren(ParentRunner.java:236)
	at org.junit.runners.ParentRunner.access$000(ParentRunner.java:53)
	at org.junit.runners.ParentRunner$2.evaluate(ParentRunner.java:229)
	at org.junit.runners.ParentRunner.run(ParentRunner.java:309)
	at org.junit.runners.Suite.runChild(Suite.java:127)
	at org.junit.runners.Suite.runChild(Suite.java:26)
	at org.junit.runners.ParentRunner$3.run(ParentRunner.java:238)
	at org.junit.runners.ParentRunner$1.schedule(ParentRunner.java:63)
	at org.junit.runners.ParentRunner.runChildren(ParentRunner.java:236)
	at org.junit.runners.ParentRunner.access$000(ParentRunner.java:53)
	at org.junit.runners.ParentRunner$2.evaluate(ParentRunner.java:229)
	at org.junit.runners.ParentRunner.run(ParentRunner.java:309)
	at cucumber.runtime.junit.FeatureRunner.runChild(FeatureRunner.java:63)
	at cucumber.runtime.junit.FeatureRunner.runChild(FeatureRunner.java:18)
	at org.junit.runners.ParentRunner$3.run(ParentRunner.java:238)
	at org.junit.runners.ParentRunner$1.schedule(ParentRunner.java:63)
	at org.junit.runners.ParentRunner.runChildren(ParentRunner.java:236)
	at org.junit.runners.ParentRunner.access$000(ParentRunner.java:53)
	at org.junit.runners.ParentRunner$2.evaluate(ParentRunner.java:229)
	at org.junit.runners.ParentRunner.run(ParentRunner.java:309)
	at cucumber.runtime.junit.FeatureRunner.run(FeatureRunner.java:70)
	at cucumber.api.junit.Cucumber.runChild(Cucumber.java:77)
	at cucumber.api.junit.Cucumber.runChild(Cucumber.java:37)
	at org.junit.runners.ParentRunner$3.run(ParentRunner.java:238)
	at org.junit.runners.ParentRunner$1.schedule(ParentRunner.java:63)
	at org.junit.runners.ParentRunner.runChildren(ParentRunner.java:236)
	at org.junit.runners.ParentRunner.access$000(ParentRunner.java:53)
	at org.junit.runners.ParentRunner$2.evaluate(ParentRunner.java:229)
	at org.junit.runners.ParentRunner.run(ParentRunner.java:309)
	at cucumber.api.junit.Cucumber.run(Cucumber.java:82)
	at org.apache.maven.surefire.junit4.JUnit4Provider.execute(JUnit4Provider.java:252)
	at org.apache.maven.surefire.junit4.JUnit4Provider.executeTestSet(JUnit4Provider.java:141)
	at org.apache.maven.surefire.junit4.JUnit4Provider.invoke(JUnit4Provider.java:112)
	at sun.reflect.NativeMethodAccessorImpl.invoke0(Native Method)
	at sun.reflect.NativeMethodAccessorImpl.invoke(NativeMethodAccessorImpl.java:57)
	at sun.reflect.DelegatingMethodAccessorImpl.invoke(DelegatingMethodAccessorImpl.java:43)
	at java.lang.reflect.Method.invoke(Method.java:606)
	at org.apache.maven.surefire.util.ReflectionUtils.invokeMethodWithArray(ReflectionUtils.java:189)
	at org.apache.maven.surefire.booter.ProviderFactory$ProviderProxy.invoke(ProviderFactory.java:165)
	at org.apache.maven.surefire.booter.ProviderFactory.invokeProvider(ProviderFactory.java:85)
	at org.apache.maven.surefire.booter.ForkedBooter.runSuitesInProcess(ForkedBooter.java:113)
	at org.apache.maven.surefire.booter.ForkedBooter.main(ForkedBooter.java:75)
</error>
  </testcase>
  <testcase time="0" classname="| 104RBI-EPP-DB-DL-REC-NON-RNI-CTRFD-DL-MD-TR-1-ONTIME-Loanproduct4.xlsx |" name="Given I navigate to mifos"/>
  <testcase time="0" classname="| 104RBI-EPP-DB-DL-REC-NON-RNI-CTRFD-DL-MD-TR-1-ONTIME-Loanproduct4.xlsx |" name="And I use login folder"/>
  <testcase time="0" classname="| 104RBI-EPP-DB-DL-REC-NON-RNI-CTRFD-DL-MD-TR-1-ONTIME-Loanproduct4.xlsx |" name="When I login into mifos site using excel sheet"/>
  <testcase time="0" classname="| 104RBI-EPP-DB-DL-REC-NON-RNI-CTRFD-DL-MD-TR-1-ONTIME-Loanproduct4.xlsx |" name="Then I should see logged in successfully"/>
  <testcase time="0" classname="| 104RBI-EPP-DB-DL-REC-NON-RNI-CTRFD-DL-MD-TR-1-ONTIME-Loanproduct4.xlsx |" name="Given I setup the product loan"/>
  <testcase time="0" classname="| 104RBI-EPP-DB-DL-REC-NON-RNI-CTRFD-DL-MD-TR-1-ONTIME-Loanproduct4.xlsx |" name="And I entered the values into product loan using"/>
  <testcase time="0" classname="| 104RBI-EPP-DB-DL-REC-NON-RNI-CTRFD-DL-MD-TR-1-ONTIME-Loanproduct4.xlsx |" name="Then I should see product loan created successfully">
    <error message="Timed out after 100 seconds waiting for visibility of element located by By.selector: legend.ng-binding
Build info: version: &apos;2.29.1&apos;, revision: &apos;dfb1306b85be4934d23c123122e06e602a15e446&apos;, time: &apos;2013-01-22 12:58:05&apos;
System info: os.name: &apos;Windows Server 2012&apos;, os.arch: &apos;amd64&apos;, os.version: &apos;6.2&apos;, java.version: &apos;1.7.0_51&apos;
Driver info: driver.version: unknown" type="org.openqa.selenium.TimeoutException">org.openqa.selenium.TimeoutException: Timed out after 100 seconds waiting for visibility of element located by By.selector: legend.ng-binding
Build info: version: &apos;2.29.1&apos;, revision: &apos;dfb1306b85be4934d23c123122e06e602a15e446&apos;, time: &apos;2013-01-22 12:58:05&apos;
System info: os.name: &apos;Windows Server 2012&apos;, os.arch: &apos;amd64&apos;, os.version: &apos;6.2&apos;, java.version: &apos;1.7.0_51&apos;
Driver info: driver.version: unknown
	at org.openqa.selenium.support.ui.FluentWait.timeoutException(FluentWait.java:259)
	at org.openqa.selenium.support.ui.FluentWait.until(FluentWait.java:228)
	at com.mifos.pages.MifosWebPage.waitForElementToBeVisible(MifosWebPage.java:210)
	at com.mifos.pages.MifosWebPage.getElement(MifosWebPage.java:699)
	at com.mifos.pages.MifosWebPage.getElement(MifosWebPage.java:684)
	at com.mifos.pages.MifosWebPage.getSingleText(MifosWebPage.java:941)
	at com.mifos.pages.MifosWebPage.validateSame(MifosWebPage.java:947)
	at com.mifos.pages.MifosWebPage.verifySuccessMessage(MifosWebPage.java:1815)
	at com.mifos.pages.FrontPage.verifyProductLoanExcelSheet(FrontPage.java:472)
	at com.mifos.steps.LoanProductSteps.I_should_see_product_loan_created_successfully(LoanProductSteps.java:27)
	at ✽.Then I should see product loan created successfully(LoanRBI.feature:18)
Caused by: org.openqa.selenium.NoSuchElementException: no such element
  (Session info: chrome=43.0.2357.124)
  (Driver info: chromedriver=2.8.241075,platform=Windows NT 6.3 x86_64) (WARNING: The server did not provide any stacktrace information)
Command duration or timeout: 30.02 seconds
For documentation on this error, please visit: http://seleniumhq.org/exceptions/no_such_element.html
Build info: version: &apos;2.29.1&apos;, revision: &apos;dfb1306b85be4934d23c123122e06e602a15e446&apos;, time: &apos;2013-01-22 12:58:05&apos;
System info: os.name: &apos;Windows Server 2012&apos;, os.arch: &apos;amd64&apos;, os.version: &apos;6.2&apos;, java.version: &apos;1.7.0_51&apos;
Session ID: d4aea34a3f58b1238da2b04c36c823a1
Driver info: org.openqa.selenium.chrome.ChromeDriver
Capabilities [{platform=XP, acceptSslCerts=true, javascriptEnabled=true, browserName=chrome, chrome={userDataDir=C:\Users\ADMINI~1\AppData\Local\Temp\2\scoped_dir3876_26518}, rotatable=false, locationContextEnabled=true, version=43.0.2357.124, takesHeapSnapshot=true, cssSelectorsEnabled=true, databaseEnabled=false, handlesAlerts=true, browserConnectionEnabled=false, webStorageEnabled=true, nativeEvents=true, applicationCacheEnabled=false, takesScreenshot=true}]
	at sun.reflect.GeneratedConstructorAccessor53.newInstance(Unknown Source)
	at sun.reflect.DelegatingConstructorAccessorImpl.newInstance(DelegatingConstructorAccessorImpl.java:45)
	at java.lang.reflect.Constructor.newInstance(Constructor.java:526)
	at org.openqa.selenium.remote.ErrorHandler.createThrowable(ErrorHandler.java:187)
	at org.openqa.selenium.remote.ErrorHandler.throwIfResponseFailed(ErrorHandler.java:145)
	at org.openqa.selenium.remote.RemoteWebDriver.execute(RemoteWebDriver.java:554)
	at org.openqa.selenium.remote.RemoteWebDriver.findElement(RemoteWebDriver.java:307)
	at org.openqa.selenium.remote.RemoteWebDriver.findElementByCssSelector(RemoteWebDriver.java:396)
	at org.openqa.selenium.By$ByCssSelector.findElement(By.java:406)
	at org.openqa.selenium.remote.RemoteWebDriver.findElement(RemoteWebDriver.java:299)
	at sun.reflect.GeneratedMethodAccessor8.invoke(Unknown Source)
	at sun.reflect.DelegatingMethodAccessorImpl.invoke(DelegatingMethodAccessorImpl.java:43)
	at java.lang.reflect.Method.invoke(Method.java:606)
	at org.openqa.selenium.support.events.EventFiringWebDriver$2.invoke(EventFiringWebDriver.java:101)
	at com.sun.proxy.$Proxy16.findElement(Unknown Source)
	at org.openqa.selenium.support.events.EventFiringWebDriver.findElement(EventFiringWebDriver.java:180)
	at org.openqa.selenium.support.ui.ExpectedConditions.findElement(ExpectedConditions.java:523)
	at org.openqa.selenium.support.ui.ExpectedConditions.access$000(ExpectedConditions.java:39)
	at org.openqa.selenium.support.ui.ExpectedConditions$4.apply(ExpectedConditions.java:130)
	at org.openqa.selenium.support.ui.ExpectedConditions$4.apply(ExpectedConditions.java:126)
	at org.openqa.selenium.support.ui.FluentWait.until(FluentWait.java:208)
	at com.mifos.pages.MifosWebPage.waitForElementToBeVisible(MifosWebPage.java:210)
	at com.mifos.pages.MifosWebPage.getElement(MifosWebPage.java:699)
	at com.mifos.pages.MifosWebPage.getElement(MifosWebPage.java:684)
	at com.mifos.pages.MifosWebPage.getSingleText(MifosWebPage.java:941)
	at com.mifos.pages.MifosWebPage.validateSame(MifosWebPage.java:947)
	at com.mifos.pages.MifosWebPage.verifySuccessMessage(MifosWebPage.java:1815)
	at com.mifos.pages.FrontPage.verifyProductLoanExcelSheet(FrontPage.java:472)
	at com.mifos.steps.LoanProductSteps.I_should_see_product_loan_created_successfully(LoanProductSteps.java:27)
	at sun.reflect.GeneratedMethodAccessor59.invoke(Unknown Source)
	at sun.reflect.DelegatingMethodAccessorImpl.invoke(DelegatingMethodAccessorImpl.java:43)
	at java.lang.reflect.Method.invoke(Method.java:606)
	at cucumber.runtime.Utils$1.call(Utils.java:44)
	at cucumber.runtime.Timeout.timeout(Timeout.java:12)
	at cucumber.runtime.Utils.invoke(Utils.java:40)
	at cucumber.runtime.java.JavaStepDefinition.execute(JavaStepDefinition.java:35)
	at cucumber.runtime.StepDefinitionMatch.runStep(StepDefinitionMatch.java:38)
	at cucumber.runtime.Runtime.runStep(Runtime.java:268)
	at cucumber.runtime.model.StepContainer.runStep(StepContainer.java:45)
	at cucumber.runtime.model.StepContainer.runSteps(StepContainer.java:40)
	at cucumber.runtime.model.CucumberScenario.run(CucumberScenario.java:36)
	at cucumber.runtime.junit.ExecutionUnitRunner.run(ExecutionUnitRunner.java:83)
	at org.junit.runners.Suite.runChild(Suite.java:127)
	at org.junit.runners.Suite.runChild(Suite.java:26)
	at org.junit.runners.ParentRunner$3.run(ParentRunner.java:238)
	at org.junit.runners.ParentRunner$1.schedule(ParentRunner.java:63)
	at org.junit.runners.ParentRunner.runChildren(ParentRunner.java:236)
	at org.junit.runners.ParentRunner.access$000(ParentRunner.java:53)
	at org.junit.runners.ParentRunner$2.evaluate(ParentRunner.java:229)
	at org.junit.runners.ParentRunner.run(ParentRunner.java:309)
	at org.junit.runners.Suite.runChild(Suite.java:127)
	at org.junit.runners.Suite.runChild(Suite.java:26)
	at org.junit.runners.ParentRunner$3.run(ParentRunner.java:238)
	at org.junit.runners.ParentRunner$1.schedule(ParentRunner.java:63)
	at org.junit.runners.ParentRunner.runChildren(ParentRunner.java:236)
	at org.junit.runners.ParentRunner.access$000(ParentRunner.java:53)
	at org.junit.runners.ParentRunner$2.evaluate(ParentRunner.java:229)
	at org.junit.runners.ParentRunner.run(ParentRunner.java:309)
	at cucumber.runtime.junit.FeatureRunner.runChild(FeatureRunner.java:63)
	at cucumber.runtime.junit.FeatureRunner.runChild(FeatureRunner.java:18)
	at org.junit.runners.ParentRunner$3.run(ParentRunner.java:238)
	at org.junit.runners.ParentRunner$1.schedule(ParentRunner.java:63)
	at org.junit.runners.ParentRunner.runChildren(ParentRunner.java:236)
	at org.junit.runners.ParentRunner.access$000(ParentRunner.java:53)
	at org.junit.runners.ParentRunner$2.evaluate(ParentRunner.java:229)
	at org.junit.runners.ParentRunner.run(ParentRunner.java:309)
	at cucumber.runtime.junit.FeatureRunner.run(FeatureRunner.java:70)
	at cucumber.api.junit.Cucumber.runChild(Cucumber.java:77)
	at cucumber.api.junit.Cucumber.runChild(Cucumber.java:37)
	at org.junit.runners.ParentRunner$3.run(ParentRunner.java:238)
	at org.junit.runners.ParentRunner$1.schedule(ParentRunner.java:63)
	at org.junit.runners.ParentRunner.runChildren(ParentRunner.java:236)
	at org.junit.runners.ParentRunner.access$000(ParentRunner.java:53)
	at org.junit.runners.ParentRunner$2.evaluate(ParentRunner.java:229)
	at org.junit.runners.ParentRunner.run(ParentRunner.java:309)
	at cucumber.api.junit.Cucumber.run(Cucumber.java:82)
	at org.apache.maven.surefire.junit4.JUnit4Provider.execute(JUnit4Provider.java:252)
	at org.apache.maven.surefire.junit4.JUnit4Provider.executeTestSet(JUnit4Provider.java:141)
	at org.apache.maven.surefire.junit4.JUnit4Provider.invoke(JUnit4Provider.java:112)
	at sun.reflect.NativeMethodAccessorImpl.invoke0(Native Method)
	at sun.reflect.NativeMethodAccessorImpl.invoke(NativeMethodAccessorImpl.java:57)
	at sun.reflect.DelegatingMethodAccessorImpl.invoke(DelegatingMethodAccessorImpl.java:43)
	at java.lang.reflect.Method.invoke(Method.java:606)
	at org.apache.maven.surefire.util.ReflectionUtils.invokeMethodWithArray(ReflectionUtils.java:189)
	at org.apache.maven.surefire.booter.ProviderFactory$ProviderProxy.invoke(ProviderFactory.java:165)
	at org.apache.maven.surefire.booter.ProviderFactory.invokeProvider(ProviderFactory.java:85)
	at org.apache.maven.surefire.booter.ForkedBooter.runSuitesInProcess(ForkedBooter.java:113)
	at org.apache.maven.surefire.booter.ForkedBooter.main(ForkedBooter.java:75)
</error>
    <system-out>welcome to mifos through excel
Cell One ... key=productname
104RBI-EPP-DB-DL-REC-NON-RNI-CTRFD-DL-MD-TR-1-ONTIME
104RBI-EPP-DB-DL-REC-NON-RNI-CTRFD-DL-MD-TR-1-ONTIME
</system-out>
  </testcase>
  <testcase time="0" classname="| 104RBI-EPP-DB-DL-REC-NON-RNI-CTRFD-DL-MD-TR-1-ONTIME-Loanproduct4.xlsx |" name="| 104RBI-EPP-DB-DL-REC-NON-RNI-CTRFD-DL-MD-TR-1-ONTIME-Loanproduct4.xlsx |">
    <error message="Timed out after 100 seconds waiting for visibility of element located by By.selector: legend.ng-binding
Build info: version: &apos;2.29.1&apos;, revision: &apos;dfb1306b85be4934d23c123122e06e602a15e446&apos;, time: &apos;2013-01-22 12:58:05&apos;
System info: os.name: &apos;Windows Server 2012&apos;, os.arch: &apos;amd64&apos;, os.version: &apos;6.2&apos;, java.version: &apos;1.7.0_51&apos;
Driver info: driver.version: unknown" type="org.openqa.selenium.TimeoutException">org.openqa.selenium.TimeoutException: Timed out after 100 seconds waiting for visibility of element located by By.selector: legend.ng-binding
Build info: version: &apos;2.29.1&apos;, revision: &apos;dfb1306b85be4934d23c123122e06e602a15e446&apos;, time: &apos;2013-01-22 12:58:05&apos;
System info: os.name: &apos;Windows Server 2012&apos;, os.arch: &apos;amd64&apos;, os.version: &apos;6.2&apos;, java.version: &apos;1.7.0_51&apos;
Driver info: driver.version: unknown
	at org.openqa.selenium.support.ui.FluentWait.timeoutException(FluentWait.java:259)
	at org.openqa.selenium.support.ui.FluentWait.until(FluentWait.java:228)
	at com.mifos.pages.MifosWebPage.waitForElementToBeVisible(MifosWebPage.java:210)
	at com.mifos.pages.MifosWebPage.getElement(MifosWebPage.java:699)
	at com.mifos.pages.MifosWebPage.getElement(MifosWebPage.java:684)
	at com.mifos.pages.MifosWebPage.getSingleText(MifosWebPage.java:941)
	at com.mifos.pages.MifosWebPage.validateSame(MifosWebPage.java:947)
	at com.mifos.pages.MifosWebPage.verifySuccessMessage(MifosWebPage.java:1815)
	at com.mifos.pages.FrontPage.verifyProductLoanExcelSheet(FrontPage.java:472)
	at com.mifos.steps.LoanProductSteps.I_should_see_product_loan_created_successfully(LoanProductSteps.java:27)
	at ✽.Then I should see product loan created successfully(LoanRBI.feature:18)
Caused by: org.openqa.selenium.NoSuchElementException: no such element
  (Session info: chrome=43.0.2357.124)
  (Driver info: chromedriver=2.8.241075,platform=Windows NT 6.3 x86_64) (WARNING: The server did not provide any stacktrace information)
Command duration or timeout: 30.02 seconds
For documentation on this error, please visit: http://seleniumhq.org/exceptions/no_such_element.html
Build info: version: &apos;2.29.1&apos;, revision: &apos;dfb1306b85be4934d23c123122e06e602a15e446&apos;, time: &apos;2013-01-22 12:58:05&apos;
System info: os.name: &apos;Windows Server 2012&apos;, os.arch: &apos;amd64&apos;, os.version: &apos;6.2&apos;, java.version: &apos;1.7.0_51&apos;
Session ID: d4aea34a3f58b1238da2b04c36c823a1
Driver info: org.openqa.selenium.chrome.ChromeDriver
Capabilities [{platform=XP, acceptSslCerts=true, javascriptEnabled=true, browserName=chrome, chrome={userDataDir=C:\Users\ADMINI~1\AppData\Local\Temp\2\scoped_dir3876_26518}, rotatable=false, locationContextEnabled=true, version=43.0.2357.124, takesHeapSnapshot=true, cssSelectorsEnabled=true, databaseEnabled=false, handlesAlerts=true, browserConnectionEnabled=false, webStorageEnabled=true, nativeEvents=true, applicationCacheEnabled=false, takesScreenshot=true}]
	at sun.reflect.GeneratedConstructorAccessor53.newInstance(Unknown Source)
	at sun.reflect.DelegatingConstructorAccessorImpl.newInstance(DelegatingConstructorAccessorImpl.java:45)
	at java.lang.reflect.Constructor.newInstance(Constructor.java:526)
	at org.openqa.selenium.remote.ErrorHandler.createThrowable(ErrorHandler.java:187)
	at org.openqa.selenium.remote.ErrorHandler.throwIfResponseFailed(ErrorHandler.java:145)
	at org.openqa.selenium.remote.RemoteWebDriver.execute(RemoteWebDriver.java:554)
	at org.openqa.selenium.remote.RemoteWebDriver.findElement(RemoteWebDriver.java:307)
	at org.openqa.selenium.remote.RemoteWebDriver.findElementByCssSelector(RemoteWebDriver.java:396)
	at org.openqa.selenium.By$ByCssSelector.findElement(By.java:406)
	at org.openqa.selenium.remote.RemoteWebDriver.findElement(RemoteWebDriver.java:299)
	at sun.reflect.GeneratedMethodAccessor8.invoke(Unknown Source)
	at sun.reflect.DelegatingMethodAccessorImpl.invoke(DelegatingMethodAccessorImpl.java:43)
	at java.lang.reflect.Method.invoke(Method.java:606)
	at org.openqa.selenium.support.events.EventFiringWebDriver$2.invoke(EventFiringWebDriver.java:101)
	at com.sun.proxy.$Proxy16.findElement(Unknown Source)
	at org.openqa.selenium.support.events.EventFiringWebDriver.findElement(EventFiringWebDriver.java:180)
	at org.openqa.selenium.support.ui.ExpectedConditions.findElement(ExpectedConditions.java:523)
	at org.openqa.selenium.support.ui.ExpectedConditions.access$000(ExpectedConditions.java:39)
	at org.openqa.selenium.support.ui.ExpectedConditions$4.apply(ExpectedConditions.java:130)
	at org.openqa.selenium.support.ui.ExpectedConditions$4.apply(ExpectedConditions.java:126)
	at org.openqa.selenium.support.ui.FluentWait.until(FluentWait.java:208)
	at com.mifos.pages.MifosWebPage.waitForElementToBeVisible(MifosWebPage.java:210)
	at com.mifos.pages.MifosWebPage.getElement(MifosWebPage.java:699)
	at com.mifos.pages.MifosWebPage.getElement(MifosWebPage.java:684)
	at com.mifos.pages.MifosWebPage.getSingleText(MifosWebPage.java:941)
	at com.mifos.pages.MifosWebPage.validateSame(MifosWebPage.java:947)
	at com.mifos.pages.MifosWebPage.verifySuccessMessage(MifosWebPage.java:1815)
	at com.mifos.pages.FrontPage.verifyProductLoanExcelSheet(FrontPage.java:472)
	at com.mifos.steps.LoanProductSteps.I_should_see_product_loan_created_successfully(LoanProductSteps.java:27)
	at sun.reflect.GeneratedMethodAccessor59.invoke(Unknown Source)
	at sun.reflect.DelegatingMethodAccessorImpl.invoke(DelegatingMethodAccessorImpl.java:43)
	at java.lang.reflect.Method.invoke(Method.java:606)
	at cucumber.runtime.Utils$1.call(Utils.java:44)
	at cucumber.runtime.Timeout.timeout(Timeout.java:12)
	at cucumber.runtime.Utils.invoke(Utils.java:40)
	at cucumber.runtime.java.JavaStepDefinition.execute(JavaStepDefinition.java:35)
	at cucumber.runtime.StepDefinitionMatch.runStep(StepDefinitionMatch.java:38)
	at cucumber.runtime.Runtime.runStep(Runtime.java:268)
	at cucumber.runtime.model.StepContainer.runStep(StepContainer.java:45)
	at cucumber.runtime.model.StepContainer.runSteps(StepContainer.java:40)
	at cucumber.runtime.model.CucumberScenario.run(CucumberScenario.java:36)
	at cucumber.runtime.junit.ExecutionUnitRunner.run(ExecutionUnitRunner.java:83)
	at org.junit.runners.Suite.runChild(Suite.java:127)
	at org.junit.runners.Suite.runChild(Suite.java:26)
	at org.junit.runners.ParentRunner$3.run(ParentRunner.java:238)
	at org.junit.runners.ParentRunner$1.schedule(ParentRunner.java:63)
	at org.junit.runners.ParentRunner.runChildren(ParentRunner.java:236)
	at org.junit.runners.ParentRunner.access$000(ParentRunner.java:53)
	at org.junit.runners.ParentRunner$2.evaluate(ParentRunner.java:229)
	at org.junit.runners.ParentRunner.run(ParentRunner.java:309)
	at org.junit.runners.Suite.runChild(Suite.java:127)
	at org.junit.runners.Suite.runChild(Suite.java:26)
	at org.junit.runners.ParentRunner$3.run(ParentRunner.java:238)
	at org.junit.runners.ParentRunner$1.schedule(ParentRunner.java:63)
	at org.junit.runners.ParentRunner.runChildren(ParentRunner.java:236)
	at org.junit.runners.ParentRunner.access$000(ParentRunner.java:53)
	at org.junit.runners.ParentRunner$2.evaluate(ParentRunner.java:229)
	at org.junit.runners.ParentRunner.run(ParentRunner.java:309)
	at cucumber.runtime.junit.FeatureRunner.runChild(FeatureRunner.java:63)
	at cucumber.runtime.junit.FeatureRunner.runChild(FeatureRunner.java:18)
	at org.junit.runners.ParentRunner$3.run(ParentRunner.java:238)
	at org.junit.runners.ParentRunner$1.schedule(ParentRunner.java:63)
	at org.junit.runners.ParentRunner.runChildren(ParentRunner.java:236)
	at org.junit.runners.ParentRunner.access$000(ParentRunner.java:53)
	at org.junit.runners.ParentRunner$2.evaluate(ParentRunner.java:229)
	at org.junit.runners.ParentRunner.run(ParentRunner.java:309)
	at cucumber.runtime.junit.FeatureRunner.run(FeatureRunner.java:70)
	at cucumber.api.junit.Cucumber.runChild(Cucumber.java:77)
	at cucumber.api.junit.Cucumber.runChild(Cucumber.java:37)
	at org.junit.runners.ParentRunner$3.run(ParentRunner.java:238)
	at org.junit.runners.ParentRunner$1.schedule(ParentRunner.java:63)
	at org.junit.runners.ParentRunner.runChildren(ParentRunner.java:236)
	at org.junit.runners.ParentRunner.access$000(ParentRunner.java:53)
	at org.junit.runners.ParentRunner$2.evaluate(ParentRunner.java:229)
	at org.junit.runners.ParentRunner.run(ParentRunner.java:309)
	at cucumber.api.junit.Cucumber.run(Cucumber.java:82)
	at org.apache.maven.surefire.junit4.JUnit4Provider.execute(JUnit4Provider.java:252)
	at org.apache.maven.surefire.junit4.JUnit4Provider.executeTestSet(JUnit4Provider.java:141)
	at org.apache.maven.surefire.junit4.JUnit4Provider.invoke(JUnit4Provider.java:112)
	at sun.reflect.NativeMethodAccessorImpl.invoke0(Native Method)
	at sun.reflect.NativeMethodAccessorImpl.invoke(NativeMethodAccessorImpl.java:57)
	at sun.reflect.DelegatingMethodAccessorImpl.invoke(DelegatingMethodAccessorImpl.java:43)
	at java.lang.reflect.Method.invoke(Method.java:606)
	at org.apache.maven.surefire.util.ReflectionUtils.invokeMethodWithArray(ReflectionUtils.java:189)
	at org.apache.maven.surefire.booter.ProviderFactory$ProviderProxy.invoke(ProviderFactory.java:165)
	at org.apache.maven.surefire.booter.ProviderFactory.invokeProvider(ProviderFactory.java:85)
	at org.apache.maven.surefire.booter.ForkedBooter.runSuitesInProcess(ForkedBooter.java:113)
	at org.apache.maven.surefire.booter.ForkedBooter.main(ForkedBooter.java:75)
</error>
  </testcase>
  <testcase time="0" classname="| 149RBI-EPP-DB-SAR-REC-NON-RNI-CTPD-SAR-MD-TR-1-ONTIME-Loanproduct4.xlsx |" name="Given I navigate to mifos"/>
  <testcase time="0" classname="| 149RBI-EPP-DB-SAR-REC-NON-RNI-CTPD-SAR-MD-TR-1-ONTIME-Loanproduct4.xlsx |" name="And I use login folder"/>
  <testcase time="0" classname="| 149RBI-EPP-DB-SAR-REC-NON-RNI-CTPD-SAR-MD-TR-1-ONTIME-Loanproduct4.xlsx |" name="When I login into mifos site using excel sheet"/>
  <testcase time="0" classname="| 149RBI-EPP-DB-SAR-REC-NON-RNI-CTPD-SAR-MD-TR-1-ONTIME-Loanproduct4.xlsx |" name="Then I should see logged in successfully"/>
  <testcase time="0" classname="| 149RBI-EPP-DB-SAR-REC-NON-RNI-CTPD-SAR-MD-TR-1-ONTIME-Loanproduct4.xlsx |" name="Given I setup the product loan"/>
  <testcase time="0" classname="| 149RBI-EPP-DB-SAR-REC-NON-RNI-CTPD-SAR-MD-TR-1-ONTIME-Loanproduct4.xlsx |" name="And I entered the values into product loan using">
    <error message="Timed out after 100 seconds waiting for visibility of element located by By.id: interestType
Build info: version: &apos;2.29.1&apos;, revision: &apos;dfb1306b85be4934d23c123122e06e602a15e446&apos;, time: &apos;2013-01-22 12:58:05&apos;
System info: os.name: &apos;Windows Server 2012&apos;, os.arch: &apos;amd64&apos;, os.version: &apos;6.2&apos;, java.version: &apos;1.7.0_51&apos;
Driver info: driver.version: unknown" type="org.openqa.selenium.TimeoutException">org.openqa.selenium.TimeoutException: Timed out after 100 seconds waiting for visibility of element located by By.id: interestType
Build info: version: &apos;2.29.1&apos;, revision: &apos;dfb1306b85be4934d23c123122e06e602a15e446&apos;, time: &apos;2013-01-22 12:58:05&apos;
System info: os.name: &apos;Windows Server 2012&apos;, os.arch: &apos;amd64&apos;, os.version: &apos;6.2&apos;, java.version: &apos;1.7.0_51&apos;
Driver info: driver.version: unknown
	at org.openqa.selenium.support.ui.FluentWait.timeoutException(FluentWait.java:259)
	at org.openqa.selenium.support.ui.FluentWait.until(FluentWait.java:228)
	at com.mifos.pages.MifosWebPage.waitForElementToBeVisible(MifosWebPage.java:210)
	at com.mifos.pages.MifosWebPage.getElement(MifosWebPage.java:699)
	at com.mifos.pages.MifosWebPage.getElement(MifosWebPage.java:748)
	at com.mifos.pages.MifosWebPage.getElement(MifosWebPage.java:761)
	at com.mifos.pages.MifosWebPage.selectDropDownvalues(MifosWebPage.java:1532)
	at com.mifos.pages.FrontPage.createLoanProductExcelsheet(FrontPage.java:345)
	at com.mifos.pages.FrontPage.productLoanExcelSheet(FrontPage.java:237)
	at com.mifos.steps.LoanProductSteps.I_entered_the_values_into_product_loan_using(LoanProductSteps.java:22)
	at ✽.And I entered the values into product loan using(LoanRBI.feature:16)
Caused by: org.openqa.selenium.NoSuchElementException: no such element
  (Session info: chrome=43.0.2357.124)
  (Driver info: chromedriver=2.8.241075,platform=Windows NT 6.3 x86_64) (WARNING: The server did not provide any stacktrace information)
Command duration or timeout: 30.00 seconds
For documentation on this error, please visit: http://seleniumhq.org/exceptions/no_such_element.html
Build info: version: &apos;2.29.1&apos;, revision: &apos;dfb1306b85be4934d23c123122e06e602a15e446&apos;, time: &apos;2013-01-22 12:58:05&apos;
System info: os.name: &apos;Windows Server 2012&apos;, os.arch: &apos;amd64&apos;, os.version: &apos;6.2&apos;, java.version: &apos;1.7.0_51&apos;
Session ID: 87c0ca5ff791a287dd8b6a40e6ce65ec
Driver info: org.openqa.selenium.chrome.ChromeDriver
Capabilities [{platform=XP, acceptSslCerts=true, javascriptEnabled=true, browserName=chrome, chrome={userDataDir=C:\Users\ADMINI~1\AppData\Local\Temp\2\scoped_dir1584_13957}, rotatable=false, locationContextEnabled=true, version=43.0.2357.124, takesHeapSnapshot=true, cssSelectorsEnabled=true, databaseEnabled=false, handlesAlerts=true, browserConnectionEnabled=false, webStorageEnabled=true, nativeEvents=true, applicationCacheEnabled=false, takesScreenshot=true}]
	at sun.reflect.GeneratedConstructorAccessor53.newInstance(Unknown Source)
	at sun.reflect.DelegatingConstructorAccessorImpl.newInstance(DelegatingConstructorAccessorImpl.java:45)
	at java.lang.reflect.Constructor.newInstance(Constructor.java:526)
	at org.openqa.selenium.remote.ErrorHandler.createThrowable(ErrorHandler.java:187)
	at org.openqa.selenium.remote.ErrorHandler.throwIfResponseFailed(ErrorHandler.java:145)
	at org.openqa.selenium.remote.RemoteWebDriver.execute(RemoteWebDriver.java:554)
	at org.openqa.selenium.remote.RemoteWebDriver.findElement(RemoteWebDriver.java:307)
	at org.openqa.selenium.remote.RemoteWebDriver.findElementById(RemoteWebDriver.java:348)
	at org.openqa.selenium.By$ById.findElement(By.java:216)
	at org.openqa.selenium.remote.RemoteWebDriver.findElement(RemoteWebDriver.java:299)
	at sun.reflect.GeneratedMethodAccessor8.invoke(Unknown Source)
	at sun.reflect.DelegatingMethodAccessorImpl.invoke(DelegatingMethodAccessorImpl.java:43)
	at java.lang.reflect.Method.invoke(Method.java:606)
	at org.openqa.selenium.support.events.EventFiringWebDriver$2.invoke(EventFiringWebDriver.java:101)
	at com.sun.proxy.$Proxy16.findElement(Unknown Source)
	at org.openqa.selenium.support.events.EventFiringWebDriver.findElement(EventFiringWebDriver.java:180)
	at org.openqa.selenium.support.ui.ExpectedConditions.findElement(ExpectedConditions.java:523)
	at org.openqa.selenium.support.ui.ExpectedConditions.access$000(ExpectedConditions.java:39)
	at org.openqa.selenium.support.ui.ExpectedConditions$4.apply(ExpectedConditions.java:130)
	at org.openqa.selenium.support.ui.ExpectedConditions$4.apply(ExpectedConditions.java:126)
	at org.openqa.selenium.support.ui.FluentWait.until(FluentWait.java:208)
	at com.mifos.pages.MifosWebPage.waitForElementToBeVisible(MifosWebPage.java:210)
	at com.mifos.pages.MifosWebPage.getElement(MifosWebPage.java:699)
	at com.mifos.pages.MifosWebPage.getElement(MifosWebPage.java:748)
	at com.mifos.pages.MifosWebPage.getElement(MifosWebPage.java:761)
	at com.mifos.pages.MifosWebPage.selectDropDownvalues(MifosWebPage.java:1532)
	at com.mifos.pages.FrontPage.createLoanProductExcelsheet(FrontPage.java:345)
	at com.mifos.pages.FrontPage.productLoanExcelSheet(FrontPage.java:237)
	at com.mifos.steps.LoanProductSteps.I_entered_the_values_into_product_loan_using(LoanProductSteps.java:22)
	at sun.reflect.GeneratedMethodAccessor48.invoke(Unknown Source)
	at sun.reflect.DelegatingMethodAccessorImpl.invoke(DelegatingMethodAccessorImpl.java:43)
	at java.lang.reflect.Method.invoke(Method.java:606)
	at cucumber.runtime.Utils$1.call(Utils.java:44)
	at cucumber.runtime.Timeout.timeout(Timeout.java:12)
	at cucumber.runtime.Utils.invoke(Utils.java:40)
	at cucumber.runtime.java.JavaStepDefinition.execute(JavaStepDefinition.java:35)
	at cucumber.runtime.StepDefinitionMatch.runStep(StepDefinitionMatch.java:38)
	at cucumber.runtime.Runtime.runStep(Runtime.java:268)
	at cucumber.runtime.model.StepContainer.runStep(StepContainer.java:45)
	at cucumber.runtime.model.StepContainer.runSteps(StepContainer.java:40)
	at cucumber.runtime.model.CucumberScenario.run(CucumberScenario.java:36)
	at cucumber.runtime.junit.ExecutionUnitRunner.run(ExecutionUnitRunner.java:83)
	at org.junit.runners.Suite.runChild(Suite.java:127)
	at org.junit.runners.Suite.runChild(Suite.java:26)
	at org.junit.runners.ParentRunner$3.run(ParentRunner.java:238)
	at org.junit.runners.ParentRunner$1.schedule(ParentRunner.java:63)
	at org.junit.runners.ParentRunner.runChildren(ParentRunner.java:236)
	at org.junit.runners.ParentRunner.access$000(ParentRunner.java:53)
	at org.junit.runners.ParentRunner$2.evaluate(ParentRunner.java:229)
	at org.junit.runners.ParentRunner.run(ParentRunner.java:309)
	at org.junit.runners.Suite.runChild(Suite.java:127)
	at org.junit.runners.Suite.runChild(Suite.java:26)
	at org.junit.runners.ParentRunner$3.run(ParentRunner.java:238)
	at org.junit.runners.ParentRunner$1.schedule(ParentRunner.java:63)
	at org.junit.runners.ParentRunner.runChildren(ParentRunner.java:236)
	at org.junit.runners.ParentRunner.access$000(ParentRunner.java:53)
	at org.junit.runners.ParentRunner$2.evaluate(ParentRunner.java:229)
	at org.junit.runners.ParentRunner.run(ParentRunner.java:309)
	at cucumber.runtime.junit.FeatureRunner.runChild(FeatureRunner.java:63)
	at cucumber.runtime.junit.FeatureRunner.runChild(FeatureRunner.java:18)
	at org.junit.runners.ParentRunner$3.run(ParentRunner.java:238)
	at org.junit.runners.ParentRunner$1.schedule(ParentRunner.java:63)
	at org.junit.runners.ParentRunner.runChildren(ParentRunner.java:236)
	at org.junit.runners.ParentRunner.access$000(ParentRunner.java:53)
	at org.junit.runners.ParentRunner$2.evaluate(ParentRunner.java:229)
	at org.junit.runners.ParentRunner.run(ParentRunner.java:309)
	at cucumber.runtime.junit.FeatureRunner.run(FeatureRunner.java:70)
	at cucumber.api.junit.Cucumber.runChild(Cucumber.java:77)
	at cucumber.api.junit.Cucumber.runChild(Cucumber.java:37)
	at org.junit.runners.ParentRunner$3.run(ParentRunner.java:238)
	at org.junit.runners.ParentRunner$1.schedule(ParentRunner.java:63)
	at org.junit.runners.ParentRunner.runChildren(ParentRunner.java:236)
	at org.junit.runners.ParentRunner.access$000(ParentRunner.java:53)
	at org.junit.runners.ParentRunner$2.evaluate(ParentRunner.java:229)
	at org.junit.runners.ParentRunner.run(ParentRunner.java:309)
	at cucumber.api.junit.Cucumber.run(Cucumber.java:82)
	at org.apache.maven.surefire.junit4.JUnit4Provider.execute(JUnit4Provider.java:252)
	at org.apache.maven.surefire.junit4.JUnit4Provider.executeTestSet(JUnit4Provider.java:141)
	at org.apache.maven.surefire.junit4.JUnit4Provider.invoke(JUnit4Provider.java:112)
	at sun.reflect.NativeMethodAccessorImpl.invoke0(Native Method)
	at sun.reflect.NativeMethodAccessorImpl.invoke(NativeMethodAccessorImpl.java:57)
	at sun.reflect.DelegatingMethodAccessorImpl.invoke(DelegatingMethodAccessorImpl.java:43)
	at java.lang.reflect.Method.invoke(Method.java:606)
	at org.apache.maven.surefire.util.ReflectionUtils.invokeMethodWithArray(ReflectionUtils.java:189)
	at org.apache.maven.surefire.booter.ProviderFactory$ProviderProxy.invoke(ProviderFactory.java:165)
	at org.apache.maven.surefire.booter.ProviderFactory.invokeProvider(ProviderFactory.java:85)
	at org.apache.maven.surefire.booter.ForkedBooter.runSuitesInProcess(ForkedBooter.java:113)
	at org.apache.maven.surefire.booter.ForkedBooter.main(ForkedBooter.java:75)
</error>
    <system-out>welcome to mifos through excel
Cell One ... key=productname
Cell Two ... value=149RBI-EPP-DB-SAR-REC-NON-RNI-CTPD-SAR-MD-TR-1-ONTIME
SubmitValueBy.id: name:149RBI-EPP-DB-SAR-REC-NON-RNI-CTPD-SAR-MD-TR-1-ONTIME
Cell One ... key=shortname
SubmitValueBy.id: shortName:149
Cell One ... key=description
Cell One ... key=startdate
Cell Two ... value=  01-01-2015
SubmitValueBy.id: startDate:  01-01-2015
Cell One ... key=includeincustomerloancounter
Cell Two ... value=checked
Cell One ... key=Currency
Cell Two ... value=US Dollar 
Cell One ... key=decimalplaces
SubmitValueBy.id: digitsAfterDecimal:2
Cell One ... key=currencyinmultiplesof
SubmitValueBy.id: inMultiplesOf:0
Cell One ... key=principaldefault
SubmitValueBy.id: principal:10000
Cell One ... key=numberofrepaymentsdefault
SubmitValueBy.id: numberOfRepayments:12
Cell One ... key=nominalinterestratedefault
SubmitValueBy.id: interestRatePerPeriod:1
Cell One ... key=nominalinterestratefrequency
Cell Two ... value=Per month
Cell One ... key=rapidevery
SubmitValueBy.id: repaymentEvery:1
Cell One ... key=repaideveryfrequency
Cell Two ... value=Months
Cell One ... key=amortization
Cell Two ... value=Equal principal payments
Cell One ... key=interestmethod
Cell Two ... value=Declining Balance
</system-out>
  </testcase>
  <testcase time="0" classname="| 149RBI-EPP-DB-SAR-REC-NON-RNI-CTPD-SAR-MD-TR-1-ONTIME-Loanproduct4.xlsx |" name="| 149RBI-EPP-DB-SAR-REC-NON-RNI-CTPD-SAR-MD-TR-1-ONTIME-Loanproduct4.xlsx |">
    <error message="Timed out after 100 seconds waiting for visibility of element located by By.id: interestType
Build info: version: &apos;2.29.1&apos;, revision: &apos;dfb1306b85be4934d23c123122e06e602a15e446&apos;, time: &apos;2013-01-22 12:58:05&apos;
System info: os.name: &apos;Windows Server 2012&apos;, os.arch: &apos;amd64&apos;, os.version: &apos;6.2&apos;, java.version: &apos;1.7.0_51&apos;
Driver info: driver.version: unknown" type="org.openqa.selenium.TimeoutException">org.openqa.selenium.TimeoutException: Timed out after 100 seconds waiting for visibility of element located by By.id: interestType
Build info: version: &apos;2.29.1&apos;, revision: &apos;dfb1306b85be4934d23c123122e06e602a15e446&apos;, time: &apos;2013-01-22 12:58:05&apos;
System info: os.name: &apos;Windows Server 2012&apos;, os.arch: &apos;amd64&apos;, os.version: &apos;6.2&apos;, java.version: &apos;1.7.0_51&apos;
Driver info: driver.version: unknown
	at org.openqa.selenium.support.ui.FluentWait.timeoutException(FluentWait.java:259)
	at org.openqa.selenium.support.ui.FluentWait.until(FluentWait.java:228)
	at com.mifos.pages.MifosWebPage.waitForElementToBeVisible(MifosWebPage.java:210)
	at com.mifos.pages.MifosWebPage.getElement(MifosWebPage.java:699)
	at com.mifos.pages.MifosWebPage.getElement(MifosWebPage.java:748)
	at com.mifos.pages.MifosWebPage.getElement(MifosWebPage.java:761)
	at com.mifos.pages.MifosWebPage.selectDropDownvalues(MifosWebPage.java:1532)
	at com.mifos.pages.FrontPage.createLoanProductExcelsheet(FrontPage.java:345)
	at com.mifos.pages.FrontPage.productLoanExcelSheet(FrontPage.java:237)
	at com.mifos.steps.LoanProductSteps.I_entered_the_values_into_product_loan_using(LoanProductSteps.java:22)
	at ✽.And I entered the values into product loan using(LoanRBI.feature:16)
Caused by: org.openqa.selenium.NoSuchElementException: no such element
  (Session info: chrome=43.0.2357.124)
  (Driver info: chromedriver=2.8.241075,platform=Windows NT 6.3 x86_64) (WARNING: The server did not provide any stacktrace information)
Command duration or timeout: 30.00 seconds
For documentation on this error, please visit: http://seleniumhq.org/exceptions/no_such_element.html
Build info: version: &apos;2.29.1&apos;, revision: &apos;dfb1306b85be4934d23c123122e06e602a15e446&apos;, time: &apos;2013-01-22 12:58:05&apos;
System info: os.name: &apos;Windows Server 2012&apos;, os.arch: &apos;amd64&apos;, os.version: &apos;6.2&apos;, java.version: &apos;1.7.0_51&apos;
Session ID: 87c0ca5ff791a287dd8b6a40e6ce65ec
Driver info: org.openqa.selenium.chrome.ChromeDriver
Capabilities [{platform=XP, acceptSslCerts=true, javascriptEnabled=true, browserName=chrome, chrome={userDataDir=C:\Users\ADMINI~1\AppData\Local\Temp\2\scoped_dir1584_13957}, rotatable=false, locationContextEnabled=true, version=43.0.2357.124, takesHeapSnapshot=true, cssSelectorsEnabled=true, databaseEnabled=false, handlesAlerts=true, browserConnectionEnabled=false, webStorageEnabled=true, nativeEvents=true, applicationCacheEnabled=false, takesScreenshot=true}]
	at sun.reflect.GeneratedConstructorAccessor53.newInstance(Unknown Source)
	at sun.reflect.DelegatingConstructorAccessorImpl.newInstance(DelegatingConstructorAccessorImpl.java:45)
	at java.lang.reflect.Constructor.newInstance(Constructor.java:526)
	at org.openqa.selenium.remote.ErrorHandler.createThrowable(ErrorHandler.java:187)
	at org.openqa.selenium.remote.ErrorHandler.throwIfResponseFailed(ErrorHandler.java:145)
	at org.openqa.selenium.remote.RemoteWebDriver.execute(RemoteWebDriver.java:554)
	at org.openqa.selenium.remote.RemoteWebDriver.findElement(RemoteWebDriver.java:307)
	at org.openqa.selenium.remote.RemoteWebDriver.findElementById(RemoteWebDriver.java:348)
	at org.openqa.selenium.By$ById.findElement(By.java:216)
	at org.openqa.selenium.remote.RemoteWebDriver.findElement(RemoteWebDriver.java:299)
	at sun.reflect.GeneratedMethodAccessor8.invoke(Unknown Source)
	at sun.reflect.DelegatingMethodAccessorImpl.invoke(DelegatingMethodAccessorImpl.java:43)
	at java.lang.reflect.Method.invoke(Method.java:606)
	at org.openqa.selenium.support.events.EventFiringWebDriver$2.invoke(EventFiringWebDriver.java:101)
	at com.sun.proxy.$Proxy16.findElement(Unknown Source)
	at org.openqa.selenium.support.events.EventFiringWebDriver.findElement(EventFiringWebDriver.java:180)
	at org.openqa.selenium.support.ui.ExpectedConditions.findElement(ExpectedConditions.java:523)
	at org.openqa.selenium.support.ui.ExpectedConditions.access$000(ExpectedConditions.java:39)
	at org.openqa.selenium.support.ui.ExpectedConditions$4.apply(ExpectedConditions.java:130)
	at org.openqa.selenium.support.ui.ExpectedConditions$4.apply(ExpectedConditions.java:126)
	at org.openqa.selenium.support.ui.FluentWait.until(FluentWait.java:208)
	at com.mifos.pages.MifosWebPage.waitForElementToBeVisible(MifosWebPage.java:210)
	at com.mifos.pages.MifosWebPage.getElement(MifosWebPage.java:699)
	at com.mifos.pages.MifosWebPage.getElement(MifosWebPage.java:748)
	at com.mifos.pages.MifosWebPage.getElement(MifosWebPage.java:761)
	at com.mifos.pages.MifosWebPage.selectDropDownvalues(MifosWebPage.java:1532)
	at com.mifos.pages.FrontPage.createLoanProductExcelsheet(FrontPage.java:345)
	at com.mifos.pages.FrontPage.productLoanExcelSheet(FrontPage.java:237)
	at com.mifos.steps.LoanProductSteps.I_entered_the_values_into_product_loan_using(LoanProductSteps.java:22)
	at sun.reflect.GeneratedMethodAccessor48.invoke(Unknown Source)
	at sun.reflect.DelegatingMethodAccessorImpl.invoke(DelegatingMethodAccessorImpl.java:43)
	at java.lang.reflect.Method.invoke(Method.java:606)
	at cucumber.runtime.Utils$1.call(Utils.java:44)
	at cucumber.runtime.Timeout.timeout(Timeout.java:12)
	at cucumber.runtime.Utils.invoke(Utils.java:40)
	at cucumber.runtime.java.JavaStepDefinition.execute(JavaStepDefinition.java:35)
	at cucumber.runtime.StepDefinitionMatch.runStep(StepDefinitionMatch.java:38)
	at cucumber.runtime.Runtime.runStep(Runtime.java:268)
	at cucumber.runtime.model.StepContainer.runStep(StepContainer.java:45)
	at cucumber.runtime.model.StepContainer.runSteps(StepContainer.java:40)
	at cucumber.runtime.model.CucumberScenario.run(CucumberScenario.java:36)
	at cucumber.runtime.junit.ExecutionUnitRunner.run(ExecutionUnitRunner.java:83)
	at org.junit.runners.Suite.runChild(Suite.java:127)
	at org.junit.runners.Suite.runChild(Suite.java:26)
	at org.junit.runners.ParentRunner$3.run(ParentRunner.java:238)
	at org.junit.runners.ParentRunner$1.schedule(ParentRunner.java:63)
	at org.junit.runners.ParentRunner.runChildren(ParentRunner.java:236)
	at org.junit.runners.ParentRunner.access$000(ParentRunner.java:53)
	at org.junit.runners.ParentRunner$2.evaluate(ParentRunner.java:229)
	at org.junit.runners.ParentRunner.run(ParentRunner.java:309)
	at org.junit.runners.Suite.runChild(Suite.java:127)
	at org.junit.runners.Suite.runChild(Suite.java:26)
	at org.junit.runners.ParentRunner$3.run(ParentRunner.java:238)
	at org.junit.runners.ParentRunner$1.schedule(ParentRunner.java:63)
	at org.junit.runners.ParentRunner.runChildren(ParentRunner.java:236)
	at org.junit.runners.ParentRunner.access$000(ParentRunner.java:53)
	at org.junit.runners.ParentRunner$2.evaluate(ParentRunner.java:229)
	at org.junit.runners.ParentRunner.run(ParentRunner.java:309)
	at cucumber.runtime.junit.FeatureRunner.runChild(FeatureRunner.java:63)
	at cucumber.runtime.junit.FeatureRunner.runChild(FeatureRunner.java:18)
	at org.junit.runners.ParentRunner$3.run(ParentRunner.java:238)
	at org.junit.runners.ParentRunner$1.schedule(ParentRunner.java:63)
	at org.junit.runners.ParentRunner.runChildren(ParentRunner.java:236)
	at org.junit.runners.ParentRunner.access$000(ParentRunner.java:53)
	at org.junit.runners.ParentRunner$2.evaluate(ParentRunner.java:229)
	at org.junit.runners.ParentRunner.run(ParentRunner.java:309)
	at cucumber.runtime.junit.FeatureRunner.run(FeatureRunner.java:70)
	at cucumber.api.junit.Cucumber.runChild(Cucumber.java:77)
	at cucumber.api.junit.Cucumber.runChild(Cucumber.java:37)
	at org.junit.runners.ParentRunner$3.run(ParentRunner.java:238)
	at org.junit.runners.ParentRunner$1.schedule(ParentRunner.java:63)
	at org.junit.runners.ParentRunner.runChildren(ParentRunner.java:236)
	at org.junit.runners.ParentRunner.access$000(ParentRunner.java:53)
	at org.junit.runners.ParentRunner$2.evaluate(ParentRunner.java:229)
	at org.junit.runners.ParentRunner.run(ParentRunner.java:309)
	at cucumber.api.junit.Cucumber.run(Cucumber.java:82)
	at org.apache.maven.surefire.junit4.JUnit4Provider.execute(JUnit4Provider.java:252)
	at org.apache.maven.surefire.junit4.JUnit4Provider.executeTestSet(JUnit4Provider.java:141)
	at org.apache.maven.surefire.junit4.JUnit4Provider.invoke(JUnit4Provider.java:112)
	at sun.reflect.NativeMethodAccessorImpl.invoke0(Native Method)
	at sun.reflect.NativeMethodAccessorImpl.invoke(NativeMethodAccessorImpl.java:57)
	at sun.reflect.DelegatingMethodAccessorImpl.invoke(DelegatingMethodAccessorImpl.java:43)
	at java.lang.reflect.Method.invoke(Method.java:606)
	at org.apache.maven.surefire.util.ReflectionUtils.invokeMethodWithArray(ReflectionUtils.java:189)
	at org.apache.maven.surefire.booter.ProviderFactory$ProviderProxy.invoke(ProviderFactory.java:165)
	at org.apache.maven.surefire.booter.ProviderFactory.invokeProvider(ProviderFactory.java:85)
	at org.apache.maven.surefire.booter.ForkedBooter.runSuitesInProcess(ForkedBooter.java:113)
	at org.apache.maven.surefire.booter.ForkedBooter.main(ForkedBooter.java:75)
</error>
  </testcase>
  <testcase time="0" classname="| 149RBI-EPP-DB-SAR-REC-NON-RNI-CTPD-SAR-MD-TR-1-ONTIME-Loanproduct4.xlsx |" name="Then I should see product loan created successfully">
    <skipped/>
  </testcase>
  <testcase time="0" classname="| 150RBI-EPP-DB-SAR-REC-NON-RNI-CTPD-DL-MD-TR-1-ONTIME-Loanproduct4.xlsx |" name="Given I navigate to mifos"/>
  <testcase time="0" classname="| 150RBI-EPP-DB-SAR-REC-NON-RNI-CTPD-DL-MD-TR-1-ONTIME-Loanproduct4.xlsx |" name="And I use login folder"/>
  <testcase time="0" classname="| 150RBI-EPP-DB-SAR-REC-NON-RNI-CTPD-DL-MD-TR-1-ONTIME-Loanproduct4.xlsx |" name="When I login into mifos site using excel sheet"/>
  <testcase time="0" classname="| 150RBI-EPP-DB-SAR-REC-NON-RNI-CTPD-DL-MD-TR-1-ONTIME-Loanproduct4.xlsx |" name="Then I should see logged in successfully"/>
  <testcase time="0" classname="| 150RBI-EPP-DB-SAR-REC-NON-RNI-CTPD-DL-MD-TR-1-ONTIME-Loanproduct4.xlsx |" name="Given I setup the product loan"/>
  <testcase time="0" classname="| 150RBI-EPP-DB-SAR-REC-NON-RNI-CTPD-DL-MD-TR-1-ONTIME-Loanproduct4.xlsx |" name="And I entered the values into product loan using"/>
  <testcase time="0" classname="| 150RBI-EPP-DB-SAR-REC-NON-RNI-CTPD-DL-MD-TR-1-ONTIME-Loanproduct4.xlsx |" name="Then I should see product loan created successfully">
    <error message="Timed out after 100 seconds waiting for visibility of element located by By.selector: legend.ng-binding
Build info: version: &apos;2.29.1&apos;, revision: &apos;dfb1306b85be4934d23c123122e06e602a15e446&apos;, time: &apos;2013-01-22 12:58:05&apos;
System info: os.name: &apos;Windows Server 2012&apos;, os.arch: &apos;amd64&apos;, os.version: &apos;6.2&apos;, java.version: &apos;1.7.0_51&apos;
Driver info: driver.version: unknown" type="org.openqa.selenium.TimeoutException">org.openqa.selenium.TimeoutException: Timed out after 100 seconds waiting for visibility of element located by By.selector: legend.ng-binding
Build info: version: &apos;2.29.1&apos;, revision: &apos;dfb1306b85be4934d23c123122e06e602a15e446&apos;, time: &apos;2013-01-22 12:58:05&apos;
System info: os.name: &apos;Windows Server 2012&apos;, os.arch: &apos;amd64&apos;, os.version: &apos;6.2&apos;, java.version: &apos;1.7.0_51&apos;
Driver info: driver.version: unknown
	at org.openqa.selenium.support.ui.FluentWait.timeoutException(FluentWait.java:259)
	at org.openqa.selenium.support.ui.FluentWait.until(FluentWait.java:228)
	at com.mifos.pages.MifosWebPage.waitForElementToBeVisible(MifosWebPage.java:210)
	at com.mifos.pages.MifosWebPage.getElement(MifosWebPage.java:699)
	at com.mifos.pages.MifosWebPage.getElement(MifosWebPage.java:684)
	at com.mifos.pages.MifosWebPage.getSingleText(MifosWebPage.java:941)
	at com.mifos.pages.MifosWebPage.validateSame(MifosWebPage.java:947)
	at com.mifos.pages.MifosWebPage.verifySuccessMessage(MifosWebPage.java:1815)
	at com.mifos.pages.FrontPage.verifyProductLoanExcelSheet(FrontPage.java:472)
	at com.mifos.steps.LoanProductSteps.I_should_see_product_loan_created_successfully(LoanProductSteps.java:27)
	at ✽.Then I should see product loan created successfully(LoanRBI.feature:18)
Caused by: org.openqa.selenium.NoSuchElementException: no such element
  (Session info: chrome=43.0.2357.124)
  (Driver info: chromedriver=2.8.241075,platform=Windows NT 6.3 x86_64) (WARNING: The server did not provide any stacktrace information)
Command duration or timeout: 30.05 seconds
For documentation on this error, please visit: http://seleniumhq.org/exceptions/no_such_element.html
Build info: version: &apos;2.29.1&apos;, revision: &apos;dfb1306b85be4934d23c123122e06e602a15e446&apos;, time: &apos;2013-01-22 12:58:05&apos;
System info: os.name: &apos;Windows Server 2012&apos;, os.arch: &apos;amd64&apos;, os.version: &apos;6.2&apos;, java.version: &apos;1.7.0_51&apos;
Session ID: 3d14325bcfd4269c3c3aaa091c23235e
Driver info: org.openqa.selenium.chrome.ChromeDriver
Capabilities [{platform=XP, acceptSslCerts=true, javascriptEnabled=true, browserName=chrome, chrome={userDataDir=C:\Users\ADMINI~1\AppData\Local\Temp\2\scoped_dir2136_27469}, rotatable=false, locationContextEnabled=true, version=43.0.2357.124, takesHeapSnapshot=true, cssSelectorsEnabled=true, databaseEnabled=false, handlesAlerts=true, browserConnectionEnabled=false, webStorageEnabled=true, nativeEvents=true, applicationCacheEnabled=false, takesScreenshot=true}]
	at sun.reflect.GeneratedConstructorAccessor53.newInstance(Unknown Source)
	at sun.reflect.DelegatingConstructorAccessorImpl.newInstance(DelegatingConstructorAccessorImpl.java:45)
	at java.lang.reflect.Constructor.newInstance(Constructor.java:526)
	at org.openqa.selenium.remote.ErrorHandler.createThrowable(ErrorHandler.java:187)
	at org.openqa.selenium.remote.ErrorHandler.throwIfResponseFailed(ErrorHandler.java:145)
	at org.openqa.selenium.remote.RemoteWebDriver.execute(RemoteWebDriver.java:554)
	at org.openqa.selenium.remote.RemoteWebDriver.findElement(RemoteWebDriver.java:307)
	at org.openqa.selenium.remote.RemoteWebDriver.findElementByCssSelector(RemoteWebDriver.java:396)
	at org.openqa.selenium.By$ByCssSelector.findElement(By.java:406)
	at org.openqa.selenium.remote.RemoteWebDriver.findElement(RemoteWebDriver.java:299)
	at sun.reflect.GeneratedMethodAccessor8.invoke(Unknown Source)
	at sun.reflect.DelegatingMethodAccessorImpl.invoke(DelegatingMethodAccessorImpl.java:43)
	at java.lang.reflect.Method.invoke(Method.java:606)
	at org.openqa.selenium.support.events.EventFiringWebDriver$2.invoke(EventFiringWebDriver.java:101)
	at com.sun.proxy.$Proxy16.findElement(Unknown Source)
	at org.openqa.selenium.support.events.EventFiringWebDriver.findElement(EventFiringWebDriver.java:180)
	at org.openqa.selenium.support.ui.ExpectedConditions.findElement(ExpectedConditions.java:523)
	at org.openqa.selenium.support.ui.ExpectedConditions.access$000(ExpectedConditions.java:39)
	at org.openqa.selenium.support.ui.ExpectedConditions$4.apply(ExpectedConditions.java:130)
	at org.openqa.selenium.support.ui.ExpectedConditions$4.apply(ExpectedConditions.java:126)
	at org.openqa.selenium.support.ui.FluentWait.until(FluentWait.java:208)
	at com.mifos.pages.MifosWebPage.waitForElementToBeVisible(MifosWebPage.java:210)
	at com.mifos.pages.MifosWebPage.getElement(MifosWebPage.java:699)
	at com.mifos.pages.MifosWebPage.getElement(MifosWebPage.java:684)
	at com.mifos.pages.MifosWebPage.getSingleText(MifosWebPage.java:941)
	at com.mifos.pages.MifosWebPage.validateSame(MifosWebPage.java:947)
	at com.mifos.pages.MifosWebPage.verifySuccessMessage(MifosWebPage.java:1815)
	at com.mifos.pages.FrontPage.verifyProductLoanExcelSheet(FrontPage.java:472)
	at com.mifos.steps.LoanProductSteps.I_should_see_product_loan_created_successfully(LoanProductSteps.java:27)
	at sun.reflect.GeneratedMethodAccessor59.invoke(Unknown Source)
	at sun.reflect.DelegatingMethodAccessorImpl.invoke(DelegatingMethodAccessorImpl.java:43)
	at java.lang.reflect.Method.invoke(Method.java:606)
	at cucumber.runtime.Utils$1.call(Utils.java:44)
	at cucumber.runtime.Timeout.timeout(Timeout.java:12)
	at cucumber.runtime.Utils.invoke(Utils.java:40)
	at cucumber.runtime.java.JavaStepDefinition.execute(JavaStepDefinition.java:35)
	at cucumber.runtime.StepDefinitionMatch.runStep(StepDefinitionMatch.java:38)
	at cucumber.runtime.Runtime.runStep(Runtime.java:268)
	at cucumber.runtime.model.StepContainer.runStep(StepContainer.java:45)
	at cucumber.runtime.model.StepContainer.runSteps(StepContainer.java:40)
	at cucumber.runtime.model.CucumberScenario.run(CucumberScenario.java:36)
	at cucumber.runtime.junit.ExecutionUnitRunner.run(ExecutionUnitRunner.java:83)
	at org.junit.runners.Suite.runChild(Suite.java:127)
	at org.junit.runners.Suite.runChild(Suite.java:26)
	at org.junit.runners.ParentRunner$3.run(ParentRunner.java:238)
	at org.junit.runners.ParentRunner$1.schedule(ParentRunner.java:63)
	at org.junit.runners.ParentRunner.runChildren(ParentRunner.java:236)
	at org.junit.runners.ParentRunner.access$000(ParentRunner.java:53)
	at org.junit.runners.ParentRunner$2.evaluate(ParentRunner.java:229)
	at org.junit.runners.ParentRunner.run(ParentRunner.java:309)
	at org.junit.runners.Suite.runChild(Suite.java:127)
	at org.junit.runners.Suite.runChild(Suite.java:26)
	at org.junit.runners.ParentRunner$3.run(ParentRunner.java:238)
	at org.junit.runners.ParentRunner$1.schedule(ParentRunner.java:63)
	at org.junit.runners.ParentRunner.runChildren(ParentRunner.java:236)
	at org.junit.runners.ParentRunner.access$000(ParentRunner.java:53)
	at org.junit.runners.ParentRunner$2.evaluate(ParentRunner.java:229)
	at org.junit.runners.ParentRunner.run(ParentRunner.java:309)
	at cucumber.runtime.junit.FeatureRunner.runChild(FeatureRunner.java:63)
	at cucumber.runtime.junit.FeatureRunner.runChild(FeatureRunner.java:18)
	at org.junit.runners.ParentRunner$3.run(ParentRunner.java:238)
	at org.junit.runners.ParentRunner$1.schedule(ParentRunner.java:63)
	at org.junit.runners.ParentRunner.runChildren(ParentRunner.java:236)
	at org.junit.runners.ParentRunner.access$000(ParentRunner.java:53)
	at org.junit.runners.ParentRunner$2.evaluate(ParentRunner.java:229)
	at org.junit.runners.ParentRunner.run(ParentRunner.java:309)
	at cucumber.runtime.junit.FeatureRunner.run(FeatureRunner.java:70)
	at cucumber.api.junit.Cucumber.runChild(Cucumber.java:77)
	at cucumber.api.junit.Cucumber.runChild(Cucumber.java:37)
	at org.junit.runners.ParentRunner$3.run(ParentRunner.java:238)
	at org.junit.runners.ParentRunner$1.schedule(ParentRunner.java:63)
	at org.junit.runners.ParentRunner.runChildren(ParentRunner.java:236)
	at org.junit.runners.ParentRunner.access$000(ParentRunner.java:53)
	at org.junit.runners.ParentRunner$2.evaluate(ParentRunner.java:229)
	at org.junit.runners.ParentRunner.run(ParentRunner.java:309)
	at cucumber.api.junit.Cucumber.run(Cucumber.java:82)
	at org.apache.maven.surefire.junit4.JUnit4Provider.execute(JUnit4Provider.java:252)
	at org.apache.maven.surefire.junit4.JUnit4Provider.executeTestSet(JUnit4Provider.java:141)
	at org.apache.maven.surefire.junit4.JUnit4Provider.invoke(JUnit4Provider.java:112)
	at sun.reflect.NativeMethodAccessorImpl.invoke0(Native Method)
	at sun.reflect.NativeMethodAccessorImpl.invoke(NativeMethodAccessorImpl.java:57)
	at sun.reflect.DelegatingMethodAccessorImpl.invoke(DelegatingMethodAccessorImpl.java:43)
	at java.lang.reflect.Method.invoke(Method.java:606)
	at org.apache.maven.surefire.util.ReflectionUtils.invokeMethodWithArray(ReflectionUtils.java:189)
	at org.apache.maven.surefire.booter.ProviderFactory$ProviderProxy.invoke(ProviderFactory.java:165)
	at org.apache.maven.surefire.booter.ProviderFactory.invokeProvider(ProviderFactory.java:85)
	at org.apache.maven.surefire.booter.ForkedBooter.runSuitesInProcess(ForkedBooter.java:113)
	at org.apache.maven.surefire.booter.ForkedBooter.main(ForkedBooter.java:75)
</error>
    <system-out>welcome to mifos through excel
Cell One ... key=productname
150RBI-EPP-DB-SAR-REC-NON-RNI-CTPD-DL-MD-TR-1-ONTIME
150RBI-EPP-DB-SAR-REC-NON-RNI-CTPD-DL-MD-TR-1-ONTIME
</system-out>
  </testcase>
  <testcase time="0" classname="| 150RBI-EPP-DB-SAR-REC-NON-RNI-CTPD-DL-MD-TR-1-ONTIME-Loanproduct4.xlsx |" name="| 150RBI-EPP-DB-SAR-REC-NON-RNI-CTPD-DL-MD-TR-1-ONTIME-Loanproduct4.xlsx |">
    <error message="Timed out after 100 seconds waiting for visibility of element located by By.selector: legend.ng-binding
Build info: version: &apos;2.29.1&apos;, revision: &apos;dfb1306b85be4934d23c123122e06e602a15e446&apos;, time: &apos;2013-01-22 12:58:05&apos;
System info: os.name: &apos;Windows Server 2012&apos;, os.arch: &apos;amd64&apos;, os.version: &apos;6.2&apos;, java.version: &apos;1.7.0_51&apos;
Driver info: driver.version: unknown" type="org.openqa.selenium.TimeoutException">org.openqa.selenium.TimeoutException: Timed out after 100 seconds waiting for visibility of element located by By.selector: legend.ng-binding
Build info: version: &apos;2.29.1&apos;, revision: &apos;dfb1306b85be4934d23c123122e06e602a15e446&apos;, time: &apos;2013-01-22 12:58:05&apos;
System info: os.name: &apos;Windows Server 2012&apos;, os.arch: &apos;amd64&apos;, os.version: &apos;6.2&apos;, java.version: &apos;1.7.0_51&apos;
Driver info: driver.version: unknown
	at org.openqa.selenium.support.ui.FluentWait.timeoutException(FluentWait.java:259)
	at org.openqa.selenium.support.ui.FluentWait.until(FluentWait.java:228)
	at com.mifos.pages.MifosWebPage.waitForElementToBeVisible(MifosWebPage.java:210)
	at com.mifos.pages.MifosWebPage.getElement(MifosWebPage.java:699)
	at com.mifos.pages.MifosWebPage.getElement(MifosWebPage.java:684)
	at com.mifos.pages.MifosWebPage.getSingleText(MifosWebPage.java:941)
	at com.mifos.pages.MifosWebPage.validateSame(MifosWebPage.java:947)
	at com.mifos.pages.MifosWebPage.verifySuccessMessage(MifosWebPage.java:1815)
	at com.mifos.pages.FrontPage.verifyProductLoanExcelSheet(FrontPage.java:472)
	at com.mifos.steps.LoanProductSteps.I_should_see_product_loan_created_successfully(LoanProductSteps.java:27)
	at ✽.Then I should see product loan created successfully(LoanRBI.feature:18)
Caused by: org.openqa.selenium.NoSuchElementException: no such element
  (Session info: chrome=43.0.2357.124)
  (Driver info: chromedriver=2.8.241075,platform=Windows NT 6.3 x86_64) (WARNING: The server did not provide any stacktrace information)
Command duration or timeout: 30.05 seconds
For documentation on this error, please visit: http://seleniumhq.org/exceptions/no_such_element.html
Build info: version: &apos;2.29.1&apos;, revision: &apos;dfb1306b85be4934d23c123122e06e602a15e446&apos;, time: &apos;2013-01-22 12:58:05&apos;
System info: os.name: &apos;Windows Server 2012&apos;, os.arch: &apos;amd64&apos;, os.version: &apos;6.2&apos;, java.version: &apos;1.7.0_51&apos;
Session ID: 3d14325bcfd4269c3c3aaa091c23235e
Driver info: org.openqa.selenium.chrome.ChromeDriver
Capabilities [{platform=XP, acceptSslCerts=true, javascriptEnabled=true, browserName=chrome, chrome={userDataDir=C:\Users\ADMINI~1\AppData\Local\Temp\2\scoped_dir2136_27469}, rotatable=false, locationContextEnabled=true, version=43.0.2357.124, takesHeapSnapshot=true, cssSelectorsEnabled=true, databaseEnabled=false, handlesAlerts=true, browserConnectionEnabled=false, webStorageEnabled=true, nativeEvents=true, applicationCacheEnabled=false, takesScreenshot=true}]
	at sun.reflect.GeneratedConstructorAccessor53.newInstance(Unknown Source)
	at sun.reflect.DelegatingConstructorAccessorImpl.newInstance(DelegatingConstructorAccessorImpl.java:45)
	at java.lang.reflect.Constructor.newInstance(Constructor.java:526)
	at org.openqa.selenium.remote.ErrorHandler.createThrowable(ErrorHandler.java:187)
	at org.openqa.selenium.remote.ErrorHandler.throwIfResponseFailed(ErrorHandler.java:145)
	at org.openqa.selenium.remote.RemoteWebDriver.execute(RemoteWebDriver.java:554)
	at org.openqa.selenium.remote.RemoteWebDriver.findElement(RemoteWebDriver.java:307)
	at org.openqa.selenium.remote.RemoteWebDriver.findElementByCssSelector(RemoteWebDriver.java:396)
	at org.openqa.selenium.By$ByCssSelector.findElement(By.java:406)
	at org.openqa.selenium.remote.RemoteWebDriver.findElement(RemoteWebDriver.java:299)
	at sun.reflect.GeneratedMethodAccessor8.invoke(Unknown Source)
	at sun.reflect.DelegatingMethodAccessorImpl.invoke(DelegatingMethodAccessorImpl.java:43)
	at java.lang.reflect.Method.invoke(Method.java:606)
	at org.openqa.selenium.support.events.EventFiringWebDriver$2.invoke(EventFiringWebDriver.java:101)
	at com.sun.proxy.$Proxy16.findElement(Unknown Source)
	at org.openqa.selenium.support.events.EventFiringWebDriver.findElement(EventFiringWebDriver.java:180)
	at org.openqa.selenium.support.ui.ExpectedConditions.findElement(ExpectedConditions.java:523)
	at org.openqa.selenium.support.ui.ExpectedConditions.access$000(ExpectedConditions.java:39)
	at org.openqa.selenium.support.ui.ExpectedConditions$4.apply(ExpectedConditions.java:130)
	at org.openqa.selenium.support.ui.ExpectedConditions$4.apply(ExpectedConditions.java:126)
	at org.openqa.selenium.support.ui.FluentWait.until(FluentWait.java:208)
	at com.mifos.pages.MifosWebPage.waitForElementToBeVisible(MifosWebPage.java:210)
	at com.mifos.pages.MifosWebPage.getElement(MifosWebPage.java:699)
	at com.mifos.pages.MifosWebPage.getElement(MifosWebPage.java:684)
	at com.mifos.pages.MifosWebPage.getSingleText(MifosWebPage.java:941)
	at com.mifos.pages.MifosWebPage.validateSame(MifosWebPage.java:947)
	at com.mifos.pages.MifosWebPage.verifySuccessMessage(MifosWebPage.java:1815)
	at com.mifos.pages.FrontPage.verifyProductLoanExcelSheet(FrontPage.java:472)
	at com.mifos.steps.LoanProductSteps.I_should_see_product_loan_created_successfully(LoanProductSteps.java:27)
	at sun.reflect.GeneratedMethodAccessor59.invoke(Unknown Source)
	at sun.reflect.DelegatingMethodAccessorImpl.invoke(DelegatingMethodAccessorImpl.java:43)
	at java.lang.reflect.Method.invoke(Method.java:606)
	at cucumber.runtime.Utils$1.call(Utils.java:44)
	at cucumber.runtime.Timeout.timeout(Timeout.java:12)
	at cucumber.runtime.Utils.invoke(Utils.java:40)
	at cucumber.runtime.java.JavaStepDefinition.execute(JavaStepDefinition.java:35)
	at cucumber.runtime.StepDefinitionMatch.runStep(StepDefinitionMatch.java:38)
	at cucumber.runtime.Runtime.runStep(Runtime.java:268)
	at cucumber.runtime.model.StepContainer.runStep(StepContainer.java:45)
	at cucumber.runtime.model.StepContainer.runSteps(StepContainer.java:40)
	at cucumber.runtime.model.CucumberScenario.run(CucumberScenario.java:36)
	at cucumber.runtime.junit.ExecutionUnitRunner.run(ExecutionUnitRunner.java:83)
	at org.junit.runners.Suite.runChild(Suite.java:127)
	at org.junit.runners.Suite.runChild(Suite.java:26)
	at org.junit.runners.ParentRunner$3.run(ParentRunner.java:238)
	at org.junit.runners.ParentRunner$1.schedule(ParentRunner.java:63)
	at org.junit.runners.ParentRunner.runChildren(ParentRunner.java:236)
	at org.junit.runners.ParentRunner.access$000(ParentRunner.java:53)
	at org.junit.runners.ParentRunner$2.evaluate(ParentRunner.java:229)
	at org.junit.runners.ParentRunner.run(ParentRunner.java:309)
	at org.junit.runners.Suite.runChild(Suite.java:127)
	at org.junit.runners.Suite.runChild(Suite.java:26)
	at org.junit.runners.ParentRunner$3.run(ParentRunner.java:238)
	at org.junit.runners.ParentRunner$1.schedule(ParentRunner.java:63)
	at org.junit.runners.ParentRunner.runChildren(ParentRunner.java:236)
	at org.junit.runners.ParentRunner.access$000(ParentRunner.java:53)
	at org.junit.runners.ParentRunner$2.evaluate(ParentRunner.java:229)
	at org.junit.runners.ParentRunner.run(ParentRunner.java:309)
	at cucumber.runtime.junit.FeatureRunner.runChild(FeatureRunner.java:63)
	at cucumber.runtime.junit.FeatureRunner.runChild(FeatureRunner.java:18)
	at org.junit.runners.ParentRunner$3.run(ParentRunner.java:238)
	at org.junit.runners.ParentRunner$1.schedule(ParentRunner.java:63)
	at org.junit.runners.ParentRunner.runChildren(ParentRunner.java:236)
	at org.junit.runners.ParentRunner.access$000(ParentRunner.java:53)
	at org.junit.runners.ParentRunner$2.evaluate(ParentRunner.java:229)
	at org.junit.runners.ParentRunner.run(ParentRunner.java:309)
	at cucumber.runtime.junit.FeatureRunner.run(FeatureRunner.java:70)
	at cucumber.api.junit.Cucumber.runChild(Cucumber.java:77)
	at cucumber.api.junit.Cucumber.runChild(Cucumber.java:37)
	at org.junit.runners.ParentRunner$3.run(ParentRunner.java:238)
	at org.junit.runners.ParentRunner$1.schedule(ParentRunner.java:63)
	at org.junit.runners.ParentRunner.runChildren(ParentRunner.java:236)
	at org.junit.runners.ParentRunner.access$000(ParentRunner.java:53)
	at org.junit.runners.ParentRunner$2.evaluate(ParentRunner.java:229)
	at org.junit.runners.ParentRunner.run(ParentRunner.java:309)
	at cucumber.api.junit.Cucumber.run(Cucumber.java:82)
	at org.apache.maven.surefire.junit4.JUnit4Provider.execute(JUnit4Provider.java:252)
	at org.apache.maven.surefire.junit4.JUnit4Provider.executeTestSet(JUnit4Provider.java:141)
	at org.apache.maven.surefire.junit4.JUnit4Provider.invoke(JUnit4Provider.java:112)
	at sun.reflect.NativeMethodAccessorImpl.invoke0(Native Method)
	at sun.reflect.NativeMethodAccessorImpl.invoke(NativeMethodAccessorImpl.java:57)
	at sun.reflect.DelegatingMethodAccessorImpl.invoke(DelegatingMethodAccessorImpl.java:43)
	at java.lang.reflect.Method.invoke(Method.java:606)
	at org.apache.maven.surefire.util.ReflectionUtils.invokeMethodWithArray(ReflectionUtils.java:189)
	at org.apache.maven.surefire.booter.ProviderFactory$ProviderProxy.invoke(ProviderFactory.java:165)
	at org.apache.maven.surefire.booter.ProviderFactory.invokeProvider(ProviderFactory.java:85)
	at org.apache.maven.surefire.booter.ForkedBooter.runSuitesInProcess(ForkedBooter.java:113)
	at org.apache.maven.surefire.booter.ForkedBooter.main(ForkedBooter.java:75)
</error>
  </testcase>
  <testcase time="0" classname="| 151RBI-EPP-DB-SAR-REC-NON-RNI-CTRFD-SAR-MD-TR-1-ONTIME-Loanproduct4.xlsx |" name="Given I navigate to mifos"/>
  <testcase time="0" classname="| 151RBI-EPP-DB-SAR-REC-NON-RNI-CTRFD-SAR-MD-TR-1-ONTIME-Loanproduct4.xlsx |" name="And I use login folder"/>
  <testcase time="0" classname="| 151RBI-EPP-DB-SAR-REC-NON-RNI-CTRFD-SAR-MD-TR-1-ONTIME-Loanproduct4.xlsx |" name="When I login into mifos site using excel sheet"/>
  <testcase time="0" classname="| 151RBI-EPP-DB-SAR-REC-NON-RNI-CTRFD-SAR-MD-TR-1-ONTIME-Loanproduct4.xlsx |" name="Then I should see logged in successfully"/>
  <testcase time="0" classname="| 151RBI-EPP-DB-SAR-REC-NON-RNI-CTRFD-SAR-MD-TR-1-ONTIME-Loanproduct4.xlsx |" name="Given I setup the product loan"/>
  <testcase time="0" classname="| 151RBI-EPP-DB-SAR-REC-NON-RNI-CTRFD-SAR-MD-TR-1-ONTIME-Loanproduct4.xlsx |" name="And I entered the values into product loan using"/>
  <testcase time="0" classname="| 151RBI-EPP-DB-SAR-REC-NON-RNI-CTRFD-SAR-MD-TR-1-ONTIME-Loanproduct4.xlsx |" name="Then I should see product loan created successfully">
    <error message="Timed out after 100 seconds waiting for visibility of element located by By.selector: legend.ng-binding
Build info: version: &apos;2.29.1&apos;, revision: &apos;dfb1306b85be4934d23c123122e06e602a15e446&apos;, time: &apos;2013-01-22 12:58:05&apos;
System info: os.name: &apos;Windows Server 2012&apos;, os.arch: &apos;amd64&apos;, os.version: &apos;6.2&apos;, java.version: &apos;1.7.0_51&apos;
Driver info: driver.version: unknown" type="org.openqa.selenium.TimeoutException">org.openqa.selenium.TimeoutException: Timed out after 100 seconds waiting for visibility of element located by By.selector: legend.ng-binding
Build info: version: &apos;2.29.1&apos;, revision: &apos;dfb1306b85be4934d23c123122e06e602a15e446&apos;, time: &apos;2013-01-22 12:58:05&apos;
System info: os.name: &apos;Windows Server 2012&apos;, os.arch: &apos;amd64&apos;, os.version: &apos;6.2&apos;, java.version: &apos;1.7.0_51&apos;
Driver info: driver.version: unknown
	at org.openqa.selenium.support.ui.FluentWait.timeoutException(FluentWait.java:259)
	at org.openqa.selenium.support.ui.FluentWait.until(FluentWait.java:228)
	at com.mifos.pages.MifosWebPage.waitForElementToBeVisible(MifosWebPage.java:210)
	at com.mifos.pages.MifosWebPage.getElement(MifosWebPage.java:699)
	at com.mifos.pages.MifosWebPage.getElement(MifosWebPage.java:684)
	at com.mifos.pages.MifosWebPage.getSingleText(MifosWebPage.java:941)
	at com.mifos.pages.MifosWebPage.validateSame(MifosWebPage.java:947)
	at com.mifos.pages.MifosWebPage.verifySuccessMessage(MifosWebPage.java:1815)
	at com.mifos.pages.FrontPage.verifyProductLoanExcelSheet(FrontPage.java:472)
	at com.mifos.steps.LoanProductSteps.I_should_see_product_loan_created_successfully(LoanProductSteps.java:27)
	at ✽.Then I should see product loan created successfully(LoanRBI.feature:18)
Caused by: org.openqa.selenium.NoSuchElementException: no such element
  (Session info: chrome=43.0.2357.124)
  (Driver info: chromedriver=2.8.241075,platform=Windows NT 6.3 x86_64) (WARNING: The server did not provide any stacktrace information)
Command duration or timeout: 30.05 seconds
For documentation on this error, please visit: http://seleniumhq.org/exceptions/no_such_element.html
Build info: version: &apos;2.29.1&apos;, revision: &apos;dfb1306b85be4934d23c123122e06e602a15e446&apos;, time: &apos;2013-01-22 12:58:05&apos;
System info: os.name: &apos;Windows Server 2012&apos;, os.arch: &apos;amd64&apos;, os.version: &apos;6.2&apos;, java.version: &apos;1.7.0_51&apos;
Session ID: 818aa66f5d1dffd51c05d9aaf8772036
Driver info: org.openqa.selenium.chrome.ChromeDriver
Capabilities [{platform=XP, acceptSslCerts=true, javascriptEnabled=true, browserName=chrome, chrome={userDataDir=C:\Users\ADMINI~1\AppData\Local\Temp\2\scoped_dir4860_6575}, rotatable=false, locationContextEnabled=true, version=43.0.2357.124, takesHeapSnapshot=true, cssSelectorsEnabled=true, databaseEnabled=false, handlesAlerts=true, browserConnectionEnabled=false, webStorageEnabled=true, nativeEvents=true, applicationCacheEnabled=false, takesScreenshot=true}]
	at sun.reflect.GeneratedConstructorAccessor53.newInstance(Unknown Source)
	at sun.reflect.DelegatingConstructorAccessorImpl.newInstance(DelegatingConstructorAccessorImpl.java:45)
	at java.lang.reflect.Constructor.newInstance(Constructor.java:526)
	at org.openqa.selenium.remote.ErrorHandler.createThrowable(ErrorHandler.java:187)
	at org.openqa.selenium.remote.ErrorHandler.throwIfResponseFailed(ErrorHandler.java:145)
	at org.openqa.selenium.remote.RemoteWebDriver.execute(RemoteWebDriver.java:554)
	at org.openqa.selenium.remote.RemoteWebDriver.findElement(RemoteWebDriver.java:307)
	at org.openqa.selenium.remote.RemoteWebDriver.findElementByCssSelector(RemoteWebDriver.java:396)
	at org.openqa.selenium.By$ByCssSelector.findElement(By.java:406)
	at org.openqa.selenium.remote.RemoteWebDriver.findElement(RemoteWebDriver.java:299)
	at sun.reflect.GeneratedMethodAccessor8.invoke(Unknown Source)
	at sun.reflect.DelegatingMethodAccessorImpl.invoke(DelegatingMethodAccessorImpl.java:43)
	at java.lang.reflect.Method.invoke(Method.java:606)
	at org.openqa.selenium.support.events.EventFiringWebDriver$2.invoke(EventFiringWebDriver.java:101)
	at com.sun.proxy.$Proxy16.findElement(Unknown Source)
	at org.openqa.selenium.support.events.EventFiringWebDriver.findElement(EventFiringWebDriver.java:180)
	at org.openqa.selenium.support.ui.ExpectedConditions.findElement(ExpectedConditions.java:523)
	at org.openqa.selenium.support.ui.ExpectedConditions.access$000(ExpectedConditions.java:39)
	at org.openqa.selenium.support.ui.ExpectedConditions$4.apply(ExpectedConditions.java:130)
	at org.openqa.selenium.support.ui.ExpectedConditions$4.apply(ExpectedConditions.java:126)
	at org.openqa.selenium.support.ui.FluentWait.until(FluentWait.java:208)
	at com.mifos.pages.MifosWebPage.waitForElementToBeVisible(MifosWebPage.java:210)
	at com.mifos.pages.MifosWebPage.getElement(MifosWebPage.java:699)
	at com.mifos.pages.MifosWebPage.getElement(MifosWebPage.java:684)
	at com.mifos.pages.MifosWebPage.getSingleText(MifosWebPage.java:941)
	at com.mifos.pages.MifosWebPage.validateSame(MifosWebPage.java:947)
	at com.mifos.pages.MifosWebPage.verifySuccessMessage(MifosWebPage.java:1815)
	at com.mifos.pages.FrontPage.verifyProductLoanExcelSheet(FrontPage.java:472)
	at com.mifos.steps.LoanProductSteps.I_should_see_product_loan_created_successfully(LoanProductSteps.java:27)
	at sun.reflect.GeneratedMethodAccessor59.invoke(Unknown Source)
	at sun.reflect.DelegatingMethodAccessorImpl.invoke(DelegatingMethodAccessorImpl.java:43)
	at java.lang.reflect.Method.invoke(Method.java:606)
	at cucumber.runtime.Utils$1.call(Utils.java:44)
	at cucumber.runtime.Timeout.timeout(Timeout.java:12)
	at cucumber.runtime.Utils.invoke(Utils.java:40)
	at cucumber.runtime.java.JavaStepDefinition.execute(JavaStepDefinition.java:35)
	at cucumber.runtime.StepDefinitionMatch.runStep(StepDefinitionMatch.java:38)
	at cucumber.runtime.Runtime.runStep(Runtime.java:268)
	at cucumber.runtime.model.StepContainer.runStep(StepContainer.java:45)
	at cucumber.runtime.model.StepContainer.runSteps(StepContainer.java:40)
	at cucumber.runtime.model.CucumberScenario.run(CucumberScenario.java:36)
	at cucumber.runtime.junit.ExecutionUnitRunner.run(ExecutionUnitRunner.java:83)
	at org.junit.runners.Suite.runChild(Suite.java:127)
	at org.junit.runners.Suite.runChild(Suite.java:26)
	at org.junit.runners.ParentRunner$3.run(ParentRunner.java:238)
	at org.junit.runners.ParentRunner$1.schedule(ParentRunner.java:63)
	at org.junit.runners.ParentRunner.runChildren(ParentRunner.java:236)
	at org.junit.runners.ParentRunner.access$000(ParentRunner.java:53)
	at org.junit.runners.ParentRunner$2.evaluate(ParentRunner.java:229)
	at org.junit.runners.ParentRunner.run(ParentRunner.java:309)
	at org.junit.runners.Suite.runChild(Suite.java:127)
	at org.junit.runners.Suite.runChild(Suite.java:26)
	at org.junit.runners.ParentRunner$3.run(ParentRunner.java:238)
	at org.junit.runners.ParentRunner$1.schedule(ParentRunner.java:63)
	at org.junit.runners.ParentRunner.runChildren(ParentRunner.java:236)
	at org.junit.runners.ParentRunner.access$000(ParentRunner.java:53)
	at org.junit.runners.ParentRunner$2.evaluate(ParentRunner.java:229)
	at org.junit.runners.ParentRunner.run(ParentRunner.java:309)
	at cucumber.runtime.junit.FeatureRunner.runChild(FeatureRunner.java:63)
	at cucumber.runtime.junit.FeatureRunner.runChild(FeatureRunner.java:18)
	at org.junit.runners.ParentRunner$3.run(ParentRunner.java:238)
	at org.junit.runners.ParentRunner$1.schedule(ParentRunner.java:63)
	at org.junit.runners.ParentRunner.runChildren(ParentRunner.java:236)
	at org.junit.runners.ParentRunner.access$000(ParentRunner.java:53)
	at org.junit.runners.ParentRunner$2.evaluate(ParentRunner.java:229)
	at org.junit.runners.ParentRunner.run(ParentRunner.java:309)
	at cucumber.runtime.junit.FeatureRunner.run(FeatureRunner.java:70)
	at cucumber.api.junit.Cucumber.runChild(Cucumber.java:77)
	at cucumber.api.junit.Cucumber.runChild(Cucumber.java:37)
	at org.junit.runners.ParentRunner$3.run(ParentRunner.java:238)
	at org.junit.runners.ParentRunner$1.schedule(ParentRunner.java:63)
	at org.junit.runners.ParentRunner.runChildren(ParentRunner.java:236)
	at org.junit.runners.ParentRunner.access$000(ParentRunner.java:53)
	at org.junit.runners.ParentRunner$2.evaluate(ParentRunner.java:229)
	at org.junit.runners.ParentRunner.run(ParentRunner.java:309)
	at cucumber.api.junit.Cucumber.run(Cucumber.java:82)
	at org.apache.maven.surefire.junit4.JUnit4Provider.execute(JUnit4Provider.java:252)
	at org.apache.maven.surefire.junit4.JUnit4Provider.executeTestSet(JUnit4Provider.java:141)
	at org.apache.maven.surefire.junit4.JUnit4Provider.invoke(JUnit4Provider.java:112)
	at sun.reflect.NativeMethodAccessorImpl.invoke0(Native Method)
	at sun.reflect.NativeMethodAccessorImpl.invoke(NativeMethodAccessorImpl.java:57)
	at sun.reflect.DelegatingMethodAccessorImpl.invoke(DelegatingMethodAccessorImpl.java:43)
	at java.lang.reflect.Method.invoke(Method.java:606)
	at org.apache.maven.surefire.util.ReflectionUtils.invokeMethodWithArray(ReflectionUtils.java:189)
	at org.apache.maven.surefire.booter.ProviderFactory$ProviderProxy.invoke(ProviderFactory.java:165)
	at org.apache.maven.surefire.booter.ProviderFactory.invokeProvider(ProviderFactory.java:85)
	at org.apache.maven.surefire.booter.ForkedBooter.runSuitesInProcess(ForkedBooter.java:113)
	at org.apache.maven.surefire.booter.ForkedBooter.main(ForkedBooter.java:75)
</error>
    <system-out>welcome to mifos through excel
Cell One ... key=productname
151RBI-EPP-DB-SAR-REC-NON-RNI-CTRFD-SAR-MD-TR-1-ONTIME
151RBI-EPP-DB-SAR-REC-NON-RNI-CTRFD-SAR-MD-TR-1-ONTIME
</system-out>
  </testcase>
  <testcase time="0" classname="| 151RBI-EPP-DB-SAR-REC-NON-RNI-CTRFD-SAR-MD-TR-1-ONTIME-Loanproduct4.xlsx |" name="| 151RBI-EPP-DB-SAR-REC-NON-RNI-CTRFD-SAR-MD-TR-1-ONTIME-Loanproduct4.xlsx |">
    <error message="Timed out after 100 seconds waiting for visibility of element located by By.selector: legend.ng-binding
Build info: version: &apos;2.29.1&apos;, revision: &apos;dfb1306b85be4934d23c123122e06e602a15e446&apos;, time: &apos;2013-01-22 12:58:05&apos;
System info: os.name: &apos;Windows Server 2012&apos;, os.arch: &apos;amd64&apos;, os.version: &apos;6.2&apos;, java.version: &apos;1.7.0_51&apos;
Driver info: driver.version: unknown" type="org.openqa.selenium.TimeoutException">org.openqa.selenium.TimeoutException: Timed out after 100 seconds waiting for visibility of element located by By.selector: legend.ng-binding
Build info: version: &apos;2.29.1&apos;, revision: &apos;dfb1306b85be4934d23c123122e06e602a15e446&apos;, time: &apos;2013-01-22 12:58:05&apos;
System info: os.name: &apos;Windows Server 2012&apos;, os.arch: &apos;amd64&apos;, os.version: &apos;6.2&apos;, java.version: &apos;1.7.0_51&apos;
Driver info: driver.version: unknown
	at org.openqa.selenium.support.ui.FluentWait.timeoutException(FluentWait.java:259)
	at org.openqa.selenium.support.ui.FluentWait.until(FluentWait.java:228)
	at com.mifos.pages.MifosWebPage.waitForElementToBeVisible(MifosWebPage.java:210)
	at com.mifos.pages.MifosWebPage.getElement(MifosWebPage.java:699)
	at com.mifos.pages.MifosWebPage.getElement(MifosWebPage.java:684)
	at com.mifos.pages.MifosWebPage.getSingleText(MifosWebPage.java:941)
	at com.mifos.pages.MifosWebPage.validateSame(MifosWebPage.java:947)
	at com.mifos.pages.MifosWebPage.verifySuccessMessage(MifosWebPage.java:1815)
	at com.mifos.pages.FrontPage.verifyProductLoanExcelSheet(FrontPage.java:472)
	at com.mifos.steps.LoanProductSteps.I_should_see_product_loan_created_successfully(LoanProductSteps.java:27)
	at ✽.Then I should see product loan created successfully(LoanRBI.feature:18)
Caused by: org.openqa.selenium.NoSuchElementException: no such element
  (Session info: chrome=43.0.2357.124)
  (Driver info: chromedriver=2.8.241075,platform=Windows NT 6.3 x86_64) (WARNING: The server did not provide any stacktrace information)
Command duration or timeout: 30.05 seconds
For documentation on this error, please visit: http://seleniumhq.org/exceptions/no_such_element.html
Build info: version: &apos;2.29.1&apos;, revision: &apos;dfb1306b85be4934d23c123122e06e602a15e446&apos;, time: &apos;2013-01-22 12:58:05&apos;
System info: os.name: &apos;Windows Server 2012&apos;, os.arch: &apos;amd64&apos;, os.version: &apos;6.2&apos;, java.version: &apos;1.7.0_51&apos;
Session ID: 818aa66f5d1dffd51c05d9aaf8772036
Driver info: org.openqa.selenium.chrome.ChromeDriver
Capabilities [{platform=XP, acceptSslCerts=true, javascriptEnabled=true, browserName=chrome, chrome={userDataDir=C:\Users\ADMINI~1\AppData\Local\Temp\2\scoped_dir4860_6575}, rotatable=false, locationContextEnabled=true, version=43.0.2357.124, takesHeapSnapshot=true, cssSelectorsEnabled=true, databaseEnabled=false, handlesAlerts=true, browserConnectionEnabled=false, webStorageEnabled=true, nativeEvents=true, applicationCacheEnabled=false, takesScreenshot=true}]
	at sun.reflect.GeneratedConstructorAccessor53.newInstance(Unknown Source)
	at sun.reflect.DelegatingConstructorAccessorImpl.newInstance(DelegatingConstructorAccessorImpl.java:45)
	at java.lang.reflect.Constructor.newInstance(Constructor.java:526)
	at org.openqa.selenium.remote.ErrorHandler.createThrowable(ErrorHandler.java:187)
	at org.openqa.selenium.remote.ErrorHandler.throwIfResponseFailed(ErrorHandler.java:145)
	at org.openqa.selenium.remote.RemoteWebDriver.execute(RemoteWebDriver.java:554)
	at org.openqa.selenium.remote.RemoteWebDriver.findElement(RemoteWebDriver.java:307)
	at org.openqa.selenium.remote.RemoteWebDriver.findElementByCssSelector(RemoteWebDriver.java:396)
	at org.openqa.selenium.By$ByCssSelector.findElement(By.java:406)
	at org.openqa.selenium.remote.RemoteWebDriver.findElement(RemoteWebDriver.java:299)
	at sun.reflect.GeneratedMethodAccessor8.invoke(Unknown Source)
	at sun.reflect.DelegatingMethodAccessorImpl.invoke(DelegatingMethodAccessorImpl.java:43)
	at java.lang.reflect.Method.invoke(Method.java:606)
	at org.openqa.selenium.support.events.EventFiringWebDriver$2.invoke(EventFiringWebDriver.java:101)
	at com.sun.proxy.$Proxy16.findElement(Unknown Source)
	at org.openqa.selenium.support.events.EventFiringWebDriver.findElement(EventFiringWebDriver.java:180)
	at org.openqa.selenium.support.ui.ExpectedConditions.findElement(ExpectedConditions.java:523)
	at org.openqa.selenium.support.ui.ExpectedConditions.access$000(ExpectedConditions.java:39)
	at org.openqa.selenium.support.ui.ExpectedConditions$4.apply(ExpectedConditions.java:130)
	at org.openqa.selenium.support.ui.ExpectedConditions$4.apply(ExpectedConditions.java:126)
	at org.openqa.selenium.support.ui.FluentWait.until(FluentWait.java:208)
	at com.mifos.pages.MifosWebPage.waitForElementToBeVisible(MifosWebPage.java:210)
	at com.mifos.pages.MifosWebPage.getElement(MifosWebPage.java:699)
	at com.mifos.pages.MifosWebPage.getElement(MifosWebPage.java:684)
	at com.mifos.pages.MifosWebPage.getSingleText(MifosWebPage.java:941)
	at com.mifos.pages.MifosWebPage.validateSame(MifosWebPage.java:947)
	at com.mifos.pages.MifosWebPage.verifySuccessMessage(MifosWebPage.java:1815)
	at com.mifos.pages.FrontPage.verifyProductLoanExcelSheet(FrontPage.java:472)
	at com.mifos.steps.LoanProductSteps.I_should_see_product_loan_created_successfully(LoanProductSteps.java:27)
	at sun.reflect.GeneratedMethodAccessor59.invoke(Unknown Source)
	at sun.reflect.DelegatingMethodAccessorImpl.invoke(DelegatingMethodAccessorImpl.java:43)
	at java.lang.reflect.Method.invoke(Method.java:606)
	at cucumber.runtime.Utils$1.call(Utils.java:44)
	at cucumber.runtime.Timeout.timeout(Timeout.java:12)
	at cucumber.runtime.Utils.invoke(Utils.java:40)
	at cucumber.runtime.java.JavaStepDefinition.execute(JavaStepDefinition.java:35)
	at cucumber.runtime.StepDefinitionMatch.runStep(StepDefinitionMatch.java:38)
	at cucumber.runtime.Runtime.runStep(Runtime.java:268)
	at cucumber.runtime.model.StepContainer.runStep(StepContainer.java:45)
	at cucumber.runtime.model.StepContainer.runSteps(StepContainer.java:40)
	at cucumber.runtime.model.CucumberScenario.run(CucumberScenario.java:36)
	at cucumber.runtime.junit.ExecutionUnitRunner.run(ExecutionUnitRunner.java:83)
	at org.junit.runners.Suite.runChild(Suite.java:127)
	at org.junit.runners.Suite.runChild(Suite.java:26)
	at org.junit.runners.ParentRunner$3.run(ParentRunner.java:238)
	at org.junit.runners.ParentRunner$1.schedule(ParentRunner.java:63)
	at org.junit.runners.ParentRunner.runChildren(ParentRunner.java:236)
	at org.junit.runners.ParentRunner.access$000(ParentRunner.java:53)
	at org.junit.runners.ParentRunner$2.evaluate(ParentRunner.java:229)
	at org.junit.runners.ParentRunner.run(ParentRunner.java:309)
	at org.junit.runners.Suite.runChild(Suite.java:127)
	at org.junit.runners.Suite.runChild(Suite.java:26)
	at org.junit.runners.ParentRunner$3.run(ParentRunner.java:238)
	at org.junit.runners.ParentRunner$1.schedule(ParentRunner.java:63)
	at org.junit.runners.ParentRunner.runChildren(ParentRunner.java:236)
	at org.junit.runners.ParentRunner.access$000(ParentRunner.java:53)
	at org.junit.runners.ParentRunner$2.evaluate(ParentRunner.java:229)
	at org.junit.runners.ParentRunner.run(ParentRunner.java:309)
	at cucumber.runtime.junit.FeatureRunner.runChild(FeatureRunner.java:63)
	at cucumber.runtime.junit.FeatureRunner.runChild(FeatureRunner.java:18)
	at org.junit.runners.ParentRunner$3.run(ParentRunner.java:238)
	at org.junit.runners.ParentRunner$1.schedule(ParentRunner.java:63)
	at org.junit.runners.ParentRunner.runChildren(ParentRunner.java:236)
	at org.junit.runners.ParentRunner.access$000(ParentRunner.java:53)
	at org.junit.runners.ParentRunner$2.evaluate(ParentRunner.java:229)
	at org.junit.runners.ParentRunner.run(ParentRunner.java:309)
	at cucumber.runtime.junit.FeatureRunner.run(FeatureRunner.java:70)
	at cucumber.api.junit.Cucumber.runChild(Cucumber.java:77)
	at cucumber.api.junit.Cucumber.runChild(Cucumber.java:37)
	at org.junit.runners.ParentRunner$3.run(ParentRunner.java:238)
	at org.junit.runners.ParentRunner$1.schedule(ParentRunner.java:63)
	at org.junit.runners.ParentRunner.runChildren(ParentRunner.java:236)
	at org.junit.runners.ParentRunner.access$000(ParentRunner.java:53)
	at org.junit.runners.ParentRunner$2.evaluate(ParentRunner.java:229)
	at org.junit.runners.ParentRunner.run(ParentRunner.java:309)
	at cucumber.api.junit.Cucumber.run(Cucumber.java:82)
	at org.apache.maven.surefire.junit4.JUnit4Provider.execute(JUnit4Provider.java:252)
	at org.apache.maven.surefire.junit4.JUnit4Provider.executeTestSet(JUnit4Provider.java:141)
	at org.apache.maven.surefire.junit4.JUnit4Provider.invoke(JUnit4Provider.java:112)
	at sun.reflect.NativeMethodAccessorImpl.invoke0(Native Method)
	at sun.reflect.NativeMethodAccessorImpl.invoke(NativeMethodAccessorImpl.java:57)
	at sun.reflect.DelegatingMethodAccessorImpl.invoke(DelegatingMethodAccessorImpl.java:43)
	at java.lang.reflect.Method.invoke(Method.java:606)
	at org.apache.maven.surefire.util.ReflectionUtils.invokeMethodWithArray(ReflectionUtils.java:189)
	at org.apache.maven.surefire.booter.ProviderFactory$ProviderProxy.invoke(ProviderFactory.java:165)
	at org.apache.maven.surefire.booter.ProviderFactory.invokeProvider(ProviderFactory.java:85)
	at org.apache.maven.surefire.booter.ForkedBooter.runSuitesInProcess(ForkedBooter.java:113)
	at org.apache.maven.surefire.booter.ForkedBooter.main(ForkedBooter.java:75)
</error>
  </testcase>
  <testcase time="0.001" classname="| 152RBI-EPP-DB-SAR-REC-NON-RNI-CTRFD-DL-MD-TR-1-ONTIME-Loanproduct4.xlsx |" name="Given I navigate to mifos"/>
  <testcase time="0" classname="| 152RBI-EPP-DB-SAR-REC-NON-RNI-CTRFD-DL-MD-TR-1-ONTIME-Loanproduct4.xlsx |" name="And I use login folder"/>
  <testcase time="0" classname="| 152RBI-EPP-DB-SAR-REC-NON-RNI-CTRFD-DL-MD-TR-1-ONTIME-Loanproduct4.xlsx |" name="When I login into mifos site using excel sheet"/>
  <testcase time="0" classname="| 152RBI-EPP-DB-SAR-REC-NON-RNI-CTRFD-DL-MD-TR-1-ONTIME-Loanproduct4.xlsx |" name="Then I should see logged in successfully"/>
  <testcase time="0" classname="| 152RBI-EPP-DB-SAR-REC-NON-RNI-CTRFD-DL-MD-TR-1-ONTIME-Loanproduct4.xlsx |" name="Given I setup the product loan"/>
  <testcase time="0" classname="| 152RBI-EPP-DB-SAR-REC-NON-RNI-CTRFD-DL-MD-TR-1-ONTIME-Loanproduct4.xlsx |" name="And I entered the values into product loan using"/>
  <testcase time="0" classname="| 152RBI-EPP-DB-SAR-REC-NON-RNI-CTRFD-DL-MD-TR-1-ONTIME-Loanproduct4.xlsx |" name="Then I should see product loan created successfully">
    <error message="Timed out after 100 seconds waiting for visibility of element located by By.selector: legend.ng-binding
Build info: version: &apos;2.29.1&apos;, revision: &apos;dfb1306b85be4934d23c123122e06e602a15e446&apos;, time: &apos;2013-01-22 12:58:05&apos;
System info: os.name: &apos;Windows Server 2012&apos;, os.arch: &apos;amd64&apos;, os.version: &apos;6.2&apos;, java.version: &apos;1.7.0_51&apos;
Driver info: driver.version: unknown" type="org.openqa.selenium.TimeoutException">org.openqa.selenium.TimeoutException: Timed out after 100 seconds waiting for visibility of element located by By.selector: legend.ng-binding
Build info: version: &apos;2.29.1&apos;, revision: &apos;dfb1306b85be4934d23c123122e06e602a15e446&apos;, time: &apos;2013-01-22 12:58:05&apos;
System info: os.name: &apos;Windows Server 2012&apos;, os.arch: &apos;amd64&apos;, os.version: &apos;6.2&apos;, java.version: &apos;1.7.0_51&apos;
Driver info: driver.version: unknown
	at org.openqa.selenium.support.ui.FluentWait.timeoutException(FluentWait.java:259)
	at org.openqa.selenium.support.ui.FluentWait.until(FluentWait.java:228)
	at com.mifos.pages.MifosWebPage.waitForElementToBeVisible(MifosWebPage.java:210)
	at com.mifos.pages.MifosWebPage.getElement(MifosWebPage.java:699)
	at com.mifos.pages.MifosWebPage.getElement(MifosWebPage.java:684)
	at com.mifos.pages.MifosWebPage.getSingleText(MifosWebPage.java:941)
	at com.mifos.pages.MifosWebPage.validateSame(MifosWebPage.java:947)
	at com.mifos.pages.MifosWebPage.verifySuccessMessage(MifosWebPage.java:1815)
	at com.mifos.pages.FrontPage.verifyProductLoanExcelSheet(FrontPage.java:472)
	at com.mifos.steps.LoanProductSteps.I_should_see_product_loan_created_successfully(LoanProductSteps.java:27)
	at ✽.Then I should see product loan created successfully(LoanRBI.feature:18)
Caused by: org.openqa.selenium.NoSuchElementException: no such element
  (Session info: chrome=43.0.2357.124)
  (Driver info: chromedriver=2.8.241075,platform=Windows NT 6.3 x86_64) (WARNING: The server did not provide any stacktrace information)
Command duration or timeout: 30.02 seconds
For documentation on this error, please visit: http://seleniumhq.org/exceptions/no_such_element.html
Build info: version: &apos;2.29.1&apos;, revision: &apos;dfb1306b85be4934d23c123122e06e602a15e446&apos;, time: &apos;2013-01-22 12:58:05&apos;
System info: os.name: &apos;Windows Server 2012&apos;, os.arch: &apos;amd64&apos;, os.version: &apos;6.2&apos;, java.version: &apos;1.7.0_51&apos;
Session ID: 50a0b2b7ec6dc63ad30943a84fc9c566
Driver info: org.openqa.selenium.chrome.ChromeDriver
Capabilities [{platform=XP, acceptSslCerts=true, javascriptEnabled=true, browserName=chrome, chrome={userDataDir=C:\Users\ADMINI~1\AppData\Local\Temp\2\scoped_dir4208_29364}, rotatable=false, locationContextEnabled=true, version=43.0.2357.124, takesHeapSnapshot=true, cssSelectorsEnabled=true, databaseEnabled=false, handlesAlerts=true, browserConnectionEnabled=false, webStorageEnabled=true, nativeEvents=true, applicationCacheEnabled=false, takesScreenshot=true}]
	at sun.reflect.GeneratedConstructorAccessor53.newInstance(Unknown Source)
	at sun.reflect.DelegatingConstructorAccessorImpl.newInstance(DelegatingConstructorAccessorImpl.java:45)
	at java.lang.reflect.Constructor.newInstance(Constructor.java:526)
	at org.openqa.selenium.remote.ErrorHandler.createThrowable(ErrorHandler.java:187)
	at org.openqa.selenium.remote.ErrorHandler.throwIfResponseFailed(ErrorHandler.java:145)
	at org.openqa.selenium.remote.RemoteWebDriver.execute(RemoteWebDriver.java:554)
	at org.openqa.selenium.remote.RemoteWebDriver.findElement(RemoteWebDriver.java:307)
	at org.openqa.selenium.remote.RemoteWebDriver.findElementByCssSelector(RemoteWebDriver.java:396)
	at org.openqa.selenium.By$ByCssSelector.findElement(By.java:406)
	at org.openqa.selenium.remote.RemoteWebDriver.findElement(RemoteWebDriver.java:299)
	at sun.reflect.GeneratedMethodAccessor8.invoke(Unknown Source)
	at sun.reflect.DelegatingMethodAccessorImpl.invoke(DelegatingMethodAccessorImpl.java:43)
	at java.lang.reflect.Method.invoke(Method.java:606)
	at org.openqa.selenium.support.events.EventFiringWebDriver$2.invoke(EventFiringWebDriver.java:101)
	at com.sun.proxy.$Proxy16.findElement(Unknown Source)
	at org.openqa.selenium.support.events.EventFiringWebDriver.findElement(EventFiringWebDriver.java:180)
	at org.openqa.selenium.support.ui.ExpectedConditions.findElement(ExpectedConditions.java:523)
	at org.openqa.selenium.support.ui.ExpectedConditions.access$000(ExpectedConditions.java:39)
	at org.openqa.selenium.support.ui.ExpectedConditions$4.apply(ExpectedConditions.java:130)
	at org.openqa.selenium.support.ui.ExpectedConditions$4.apply(ExpectedConditions.java:126)
	at org.openqa.selenium.support.ui.FluentWait.until(FluentWait.java:208)
	at com.mifos.pages.MifosWebPage.waitForElementToBeVisible(MifosWebPage.java:210)
	at com.mifos.pages.MifosWebPage.getElement(MifosWebPage.java:699)
	at com.mifos.pages.MifosWebPage.getElement(MifosWebPage.java:684)
	at com.mifos.pages.MifosWebPage.getSingleText(MifosWebPage.java:941)
	at com.mifos.pages.MifosWebPage.validateSame(MifosWebPage.java:947)
	at com.mifos.pages.MifosWebPage.verifySuccessMessage(MifosWebPage.java:1815)
	at com.mifos.pages.FrontPage.verifyProductLoanExcelSheet(FrontPage.java:472)
	at com.mifos.steps.LoanProductSteps.I_should_see_product_loan_created_successfully(LoanProductSteps.java:27)
	at sun.reflect.GeneratedMethodAccessor59.invoke(Unknown Source)
	at sun.reflect.DelegatingMethodAccessorImpl.invoke(DelegatingMethodAccessorImpl.java:43)
	at java.lang.reflect.Method.invoke(Method.java:606)
	at cucumber.runtime.Utils$1.call(Utils.java:44)
	at cucumber.runtime.Timeout.timeout(Timeout.java:12)
	at cucumber.runtime.Utils.invoke(Utils.java:40)
	at cucumber.runtime.java.JavaStepDefinition.execute(JavaStepDefinition.java:35)
	at cucumber.runtime.StepDefinitionMatch.runStep(StepDefinitionMatch.java:38)
	at cucumber.runtime.Runtime.runStep(Runtime.java:268)
	at cucumber.runtime.model.StepContainer.runStep(StepContainer.java:45)
	at cucumber.runtime.model.StepContainer.runSteps(StepContainer.java:40)
	at cucumber.runtime.model.CucumberScenario.run(CucumberScenario.java:36)
	at cucumber.runtime.junit.ExecutionUnitRunner.run(ExecutionUnitRunner.java:83)
	at org.junit.runners.Suite.runChild(Suite.java:127)
	at org.junit.runners.Suite.runChild(Suite.java:26)
	at org.junit.runners.ParentRunner$3.run(ParentRunner.java:238)
	at org.junit.runners.ParentRunner$1.schedule(ParentRunner.java:63)
	at org.junit.runners.ParentRunner.runChildren(ParentRunner.java:236)
	at org.junit.runners.ParentRunner.access$000(ParentRunner.java:53)
	at org.junit.runners.ParentRunner$2.evaluate(ParentRunner.java:229)
	at org.junit.runners.ParentRunner.run(ParentRunner.java:309)
	at org.junit.runners.Suite.runChild(Suite.java:127)
	at org.junit.runners.Suite.runChild(Suite.java:26)
	at org.junit.runners.ParentRunner$3.run(ParentRunner.java:238)
	at org.junit.runners.ParentRunner$1.schedule(ParentRunner.java:63)
	at org.junit.runners.ParentRunner.runChildren(ParentRunner.java:236)
	at org.junit.runners.ParentRunner.access$000(ParentRunner.java:53)
	at org.junit.runners.ParentRunner$2.evaluate(ParentRunner.java:229)
	at org.junit.runners.ParentRunner.run(ParentRunner.java:309)
	at cucumber.runtime.junit.FeatureRunner.runChild(FeatureRunner.java:63)
	at cucumber.runtime.junit.FeatureRunner.runChild(FeatureRunner.java:18)
	at org.junit.runners.ParentRunner$3.run(ParentRunner.java:238)
	at org.junit.runners.ParentRunner$1.schedule(ParentRunner.java:63)
	at org.junit.runners.ParentRunner.runChildren(ParentRunner.java:236)
	at org.junit.runners.ParentRunner.access$000(ParentRunner.java:53)
	at org.junit.runners.ParentRunner$2.evaluate(ParentRunner.java:229)
	at org.junit.runners.ParentRunner.run(ParentRunner.java:309)
	at cucumber.runtime.junit.FeatureRunner.run(FeatureRunner.java:70)
	at cucumber.api.junit.Cucumber.runChild(Cucumber.java:77)
	at cucumber.api.junit.Cucumber.runChild(Cucumber.java:37)
	at org.junit.runners.ParentRunner$3.run(ParentRunner.java:238)
	at org.junit.runners.ParentRunner$1.schedule(ParentRunner.java:63)
	at org.junit.runners.ParentRunner.runChildren(ParentRunner.java:236)
	at org.junit.runners.ParentRunner.access$000(ParentRunner.java:53)
	at org.junit.runners.ParentRunner$2.evaluate(ParentRunner.java:229)
	at org.junit.runners.ParentRunner.run(ParentRunner.java:309)
	at cucumber.api.junit.Cucumber.run(Cucumber.java:82)
	at org.apache.maven.surefire.junit4.JUnit4Provider.execute(JUnit4Provider.java:252)
	at org.apache.maven.surefire.junit4.JUnit4Provider.executeTestSet(JUnit4Provider.java:141)
	at org.apache.maven.surefire.junit4.JUnit4Provider.invoke(JUnit4Provider.java:112)
	at sun.reflect.NativeMethodAccessorImpl.invoke0(Native Method)
	at sun.reflect.NativeMethodAccessorImpl.invoke(NativeMethodAccessorImpl.java:57)
	at sun.reflect.DelegatingMethodAccessorImpl.invoke(DelegatingMethodAccessorImpl.java:43)
	at java.lang.reflect.Method.invoke(Method.java:606)
	at org.apache.maven.surefire.util.ReflectionUtils.invokeMethodWithArray(ReflectionUtils.java:189)
	at org.apache.maven.surefire.booter.ProviderFactory$ProviderProxy.invoke(ProviderFactory.java:165)
	at org.apache.maven.surefire.booter.ProviderFactory.invokeProvider(ProviderFactory.java:85)
	at org.apache.maven.surefire.booter.ForkedBooter.runSuitesInProcess(ForkedBooter.java:113)
	at org.apache.maven.surefire.booter.ForkedBooter.main(ForkedBooter.java:75)
</error>
    <system-out>welcome to mifos through excel
Cell One ... key=productname
152RBI-EPP-DB-SAR-REC-NON-RNI-CTRFD-DL-MD-TR-1-ONTIME
152RBI-EPP-DB-SAR-REC-NON-RNI-CTRFD-DL-MD-TR-1-ONTIME
</system-out>
  </testcase>
  <testcase time="0" classname="| 152RBI-EPP-DB-SAR-REC-NON-RNI-CTRFD-DL-MD-TR-1-ONTIME-Loanproduct4.xlsx |" name="| 152RBI-EPP-DB-SAR-REC-NON-RNI-CTRFD-DL-MD-TR-1-ONTIME-Loanproduct4.xlsx |">
    <error message="Timed out after 100 seconds waiting for visibility of element located by By.selector: legend.ng-binding
Build info: version: &apos;2.29.1&apos;, revision: &apos;dfb1306b85be4934d23c123122e06e602a15e446&apos;, time: &apos;2013-01-22 12:58:05&apos;
System info: os.name: &apos;Windows Server 2012&apos;, os.arch: &apos;amd64&apos;, os.version: &apos;6.2&apos;, java.version: &apos;1.7.0_51&apos;
Driver info: driver.version: unknown" type="org.openqa.selenium.TimeoutException">org.openqa.selenium.TimeoutException: Timed out after 100 seconds waiting for visibility of element located by By.selector: legend.ng-binding
Build info: version: &apos;2.29.1&apos;, revision: &apos;dfb1306b85be4934d23c123122e06e602a15e446&apos;, time: &apos;2013-01-22 12:58:05&apos;
System info: os.name: &apos;Windows Server 2012&apos;, os.arch: &apos;amd64&apos;, os.version: &apos;6.2&apos;, java.version: &apos;1.7.0_51&apos;
Driver info: driver.version: unknown
	at org.openqa.selenium.support.ui.FluentWait.timeoutException(FluentWait.java:259)
	at org.openqa.selenium.support.ui.FluentWait.until(FluentWait.java:228)
	at com.mifos.pages.MifosWebPage.waitForElementToBeVisible(MifosWebPage.java:210)
	at com.mifos.pages.MifosWebPage.getElement(MifosWebPage.java:699)
	at com.mifos.pages.MifosWebPage.getElement(MifosWebPage.java:684)
	at com.mifos.pages.MifosWebPage.getSingleText(MifosWebPage.java:941)
	at com.mifos.pages.MifosWebPage.validateSame(MifosWebPage.java:947)
	at com.mifos.pages.MifosWebPage.verifySuccessMessage(MifosWebPage.java:1815)
	at com.mifos.pages.FrontPage.verifyProductLoanExcelSheet(FrontPage.java:472)
	at com.mifos.steps.LoanProductSteps.I_should_see_product_loan_created_successfully(LoanProductSteps.java:27)
	at ✽.Then I should see product loan created successfully(LoanRBI.feature:18)
Caused by: org.openqa.selenium.NoSuchElementException: no such element
  (Session info: chrome=43.0.2357.124)
  (Driver info: chromedriver=2.8.241075,platform=Windows NT 6.3 x86_64) (WARNING: The server did not provide any stacktrace information)
Command duration or timeout: 30.02 seconds
For documentation on this error, please visit: http://seleniumhq.org/exceptions/no_such_element.html
Build info: version: &apos;2.29.1&apos;, revision: &apos;dfb1306b85be4934d23c123122e06e602a15e446&apos;, time: &apos;2013-01-22 12:58:05&apos;
System info: os.name: &apos;Windows Server 2012&apos;, os.arch: &apos;amd64&apos;, os.version: &apos;6.2&apos;, java.version: &apos;1.7.0_51&apos;
Session ID: 50a0b2b7ec6dc63ad30943a84fc9c566
Driver info: org.openqa.selenium.chrome.ChromeDriver
Capabilities [{platform=XP, acceptSslCerts=true, javascriptEnabled=true, browserName=chrome, chrome={userDataDir=C:\Users\ADMINI~1\AppData\Local\Temp\2\scoped_dir4208_29364}, rotatable=false, locationContextEnabled=true, version=43.0.2357.124, takesHeapSnapshot=true, cssSelectorsEnabled=true, databaseEnabled=false, handlesAlerts=true, browserConnectionEnabled=false, webStorageEnabled=true, nativeEvents=true, applicationCacheEnabled=false, takesScreenshot=true}]
	at sun.reflect.GeneratedConstructorAccessor53.newInstance(Unknown Source)
	at sun.reflect.DelegatingConstructorAccessorImpl.newInstance(DelegatingConstructorAccessorImpl.java:45)
	at java.lang.reflect.Constructor.newInstance(Constructor.java:526)
	at org.openqa.selenium.remote.ErrorHandler.createThrowable(ErrorHandler.java:187)
	at org.openqa.selenium.remote.ErrorHandler.throwIfResponseFailed(ErrorHandler.java:145)
	at org.openqa.selenium.remote.RemoteWebDriver.execute(RemoteWebDriver.java:554)
	at org.openqa.selenium.remote.RemoteWebDriver.findElement(RemoteWebDriver.java:307)
	at org.openqa.selenium.remote.RemoteWebDriver.findElementByCssSelector(RemoteWebDriver.java:396)
	at org.openqa.selenium.By$ByCssSelector.findElement(By.java:406)
	at org.openqa.selenium.remote.RemoteWebDriver.findElement(RemoteWebDriver.java:299)
	at sun.reflect.GeneratedMethodAccessor8.invoke(Unknown Source)
	at sun.reflect.DelegatingMethodAccessorImpl.invoke(DelegatingMethodAccessorImpl.java:43)
	at java.lang.reflect.Method.invoke(Method.java:606)
	at org.openqa.selenium.support.events.EventFiringWebDriver$2.invoke(EventFiringWebDriver.java:101)
	at com.sun.proxy.$Proxy16.findElement(Unknown Source)
	at org.openqa.selenium.support.events.EventFiringWebDriver.findElement(EventFiringWebDriver.java:180)
	at org.openqa.selenium.support.ui.ExpectedConditions.findElement(ExpectedConditions.java:523)
	at org.openqa.selenium.support.ui.ExpectedConditions.access$000(ExpectedConditions.java:39)
	at org.openqa.selenium.support.ui.ExpectedConditions$4.apply(ExpectedConditions.java:130)
	at org.openqa.selenium.support.ui.ExpectedConditions$4.apply(ExpectedConditions.java:126)
	at org.openqa.selenium.support.ui.FluentWait.until(FluentWait.java:208)
	at com.mifos.pages.MifosWebPage.waitForElementToBeVisible(MifosWebPage.java:210)
	at com.mifos.pages.MifosWebPage.getElement(MifosWebPage.java:699)
	at com.mifos.pages.MifosWebPage.getElement(MifosWebPage.java:684)
	at com.mifos.pages.MifosWebPage.getSingleText(MifosWebPage.java:941)
	at com.mifos.pages.MifosWebPage.validateSame(MifosWebPage.java:947)
	at com.mifos.pages.MifosWebPage.verifySuccessMessage(MifosWebPage.java:1815)
	at com.mifos.pages.FrontPage.verifyProductLoanExcelSheet(FrontPage.java:472)
	at com.mifos.steps.LoanProductSteps.I_should_see_product_loan_created_successfully(LoanProductSteps.java:27)
	at sun.reflect.GeneratedMethodAccessor59.invoke(Unknown Source)
	at sun.reflect.DelegatingMethodAccessorImpl.invoke(DelegatingMethodAccessorImpl.java:43)
	at java.lang.reflect.Method.invoke(Method.java:606)
	at cucumber.runtime.Utils$1.call(Utils.java:44)
	at cucumber.runtime.Timeout.timeout(Timeout.java:12)
	at cucumber.runtime.Utils.invoke(Utils.java:40)
	at cucumber.runtime.java.JavaStepDefinition.execute(JavaStepDefinition.java:35)
	at cucumber.runtime.StepDefinitionMatch.runStep(StepDefinitionMatch.java:38)
	at cucumber.runtime.Runtime.runStep(Runtime.java:268)
	at cucumber.runtime.model.StepContainer.runStep(StepContainer.java:45)
	at cucumber.runtime.model.StepContainer.runSteps(StepContainer.java:40)
	at cucumber.runtime.model.CucumberScenario.run(CucumberScenario.java:36)
	at cucumber.runtime.junit.ExecutionUnitRunner.run(ExecutionUnitRunner.java:83)
	at org.junit.runners.Suite.runChild(Suite.java:127)
	at org.junit.runners.Suite.runChild(Suite.java:26)
	at org.junit.runners.ParentRunner$3.run(ParentRunner.java:238)
	at org.junit.runners.ParentRunner$1.schedule(ParentRunner.java:63)
	at org.junit.runners.ParentRunner.runChildren(ParentRunner.java:236)
	at org.junit.runners.ParentRunner.access$000(ParentRunner.java:53)
	at org.junit.runners.ParentRunner$2.evaluate(ParentRunner.java:229)
	at org.junit.runners.ParentRunner.run(ParentRunner.java:309)
	at org.junit.runners.Suite.runChild(Suite.java:127)
	at org.junit.runners.Suite.runChild(Suite.java:26)
	at org.junit.runners.ParentRunner$3.run(ParentRunner.java:238)
	at org.junit.runners.ParentRunner$1.schedule(ParentRunner.java:63)
	at org.junit.runners.ParentRunner.runChildren(ParentRunner.java:236)
	at org.junit.runners.ParentRunner.access$000(ParentRunner.java:53)
	at org.junit.runners.ParentRunner$2.evaluate(ParentRunner.java:229)
	at org.junit.runners.ParentRunner.run(ParentRunner.java:309)
	at cucumber.runtime.junit.FeatureRunner.runChild(FeatureRunner.java:63)
	at cucumber.runtime.junit.FeatureRunner.runChild(FeatureRunner.java:18)
	at org.junit.runners.ParentRunner$3.run(ParentRunner.java:238)
	at org.junit.runners.ParentRunner$1.schedule(ParentRunner.java:63)
	at org.junit.runners.ParentRunner.runChildren(ParentRunner.java:236)
	at org.junit.runners.ParentRunner.access$000(ParentRunner.java:53)
	at org.junit.runners.ParentRunner$2.evaluate(ParentRunner.java:229)
	at org.junit.runners.ParentRunner.run(ParentRunner.java:309)
	at cucumber.runtime.junit.FeatureRunner.run(FeatureRunner.java:70)
	at cucumber.api.junit.Cucumber.runChild(Cucumber.java:77)
	at cucumber.api.junit.Cucumber.runChild(Cucumber.java:37)
	at org.junit.runners.ParentRunner$3.run(ParentRunner.java:238)
	at org.junit.runners.ParentRunner$1.schedule(ParentRunner.java:63)
	at org.junit.runners.ParentRunner.runChildren(ParentRunner.java:236)
	at org.junit.runners.ParentRunner.access$000(ParentRunner.java:53)
	at org.junit.runners.ParentRunner$2.evaluate(ParentRunner.java:229)
	at org.junit.runners.ParentRunner.run(ParentRunner.java:309)
	at cucumber.api.junit.Cucumber.run(Cucumber.java:82)
	at org.apache.maven.surefire.junit4.JUnit4Provider.execute(JUnit4Provider.java:252)
	at org.apache.maven.surefire.junit4.JUnit4Provider.executeTestSet(JUnit4Provider.java:141)
	at org.apache.maven.surefire.junit4.JUnit4Provider.invoke(JUnit4Provider.java:112)
	at sun.reflect.NativeMethodAccessorImpl.invoke0(Native Method)
	at sun.reflect.NativeMethodAccessorImpl.invoke(NativeMethodAccessorImpl.java:57)
	at sun.reflect.DelegatingMethodAccessorImpl.invoke(DelegatingMethodAccessorImpl.java:43)
	at java.lang.reflect.Method.invoke(Method.java:606)
	at org.apache.maven.surefire.util.ReflectionUtils.invokeMethodWithArray(ReflectionUtils.java:189)
	at org.apache.maven.surefire.booter.ProviderFactory$ProviderProxy.invoke(ProviderFactory.java:165)
	at org.apache.maven.surefire.booter.ProviderFactory.invokeProvider(ProviderFactory.java:85)
	at org.apache.maven.surefire.booter.ForkedBooter.runSuitesInProcess(ForkedBooter.java:113)
	at org.apache.maven.surefire.booter.ForkedBooter.main(ForkedBooter.java:75)
</error>
  </testcase>
  <testcase time="0" classname="| 773-RBI-EI-DB-DL-REC-NON-RNI-CTPD-SAR-MD-TR-1-Late Repayment-Loanproduct4.xlsx |" name="Given I navigate to mifos"/>
  <testcase time="0" classname="| 773-RBI-EI-DB-DL-REC-NON-RNI-CTPD-SAR-MD-TR-1-Late Repayment-Loanproduct4.xlsx |" name="And I use login folder"/>
  <testcase time="0" classname="| 773-RBI-EI-DB-DL-REC-NON-RNI-CTPD-SAR-MD-TR-1-Late Repayment-Loanproduct4.xlsx |" name="When I login into mifos site using excel sheet"/>
  <testcase time="0" classname="| 773-RBI-EI-DB-DL-REC-NON-RNI-CTPD-SAR-MD-TR-1-Late Repayment-Loanproduct4.xlsx |" name="Then I should see logged in successfully"/>
  <testcase time="0" classname="| 773-RBI-EI-DB-DL-REC-NON-RNI-CTPD-SAR-MD-TR-1-Late Repayment-Loanproduct4.xlsx |" name="Given I setup the product loan"/>
  <testcase time="0" classname="| 773-RBI-EI-DB-DL-REC-NON-RNI-CTPD-SAR-MD-TR-1-Late Repayment-Loanproduct4.xlsx |" name="And I entered the values into product loan using"/>
  <testcase time="0" classname="| 773-RBI-EI-DB-DL-REC-NON-RNI-CTPD-SAR-MD-TR-1-Late Repayment-Loanproduct4.xlsx |" name="Then I should see product loan created successfully">
    <error message="Timed out after 100 seconds waiting for visibility of element located by By.selector: legend.ng-binding
Build info: version: &apos;2.29.1&apos;, revision: &apos;dfb1306b85be4934d23c123122e06e602a15e446&apos;, time: &apos;2013-01-22 12:58:05&apos;
System info: os.name: &apos;Windows Server 2012&apos;, os.arch: &apos;amd64&apos;, os.version: &apos;6.2&apos;, java.version: &apos;1.7.0_51&apos;
Driver info: driver.version: unknown" type="org.openqa.selenium.TimeoutException">org.openqa.selenium.TimeoutException: Timed out after 100 seconds waiting for visibility of element located by By.selector: legend.ng-binding
Build info: version: &apos;2.29.1&apos;, revision: &apos;dfb1306b85be4934d23c123122e06e602a15e446&apos;, time: &apos;2013-01-22 12:58:05&apos;
System info: os.name: &apos;Windows Server 2012&apos;, os.arch: &apos;amd64&apos;, os.version: &apos;6.2&apos;, java.version: &apos;1.7.0_51&apos;
Driver info: driver.version: unknown
	at org.openqa.selenium.support.ui.FluentWait.timeoutException(FluentWait.java:259)
	at org.openqa.selenium.support.ui.FluentWait.until(FluentWait.java:228)
	at com.mifos.pages.MifosWebPage.waitForElementToBeVisible(MifosWebPage.java:210)
	at com.mifos.pages.MifosWebPage.getElement(MifosWebPage.java:699)
	at com.mifos.pages.MifosWebPage.getElement(MifosWebPage.java:684)
	at com.mifos.pages.MifosWebPage.getSingleText(MifosWebPage.java:941)
	at com.mifos.pages.MifosWebPage.validateSame(MifosWebPage.java:947)
	at com.mifos.pages.MifosWebPage.verifySuccessMessage(MifosWebPage.java:1815)
	at com.mifos.pages.FrontPage.verifyProductLoanExcelSheet(FrontPage.java:472)
	at com.mifos.steps.LoanProductSteps.I_should_see_product_loan_created_successfully(LoanProductSteps.java:27)
	at ✽.Then I should see product loan created successfully(LoanRBI.feature:18)
Caused by: org.openqa.selenium.NoSuchElementException: no such element
  (Session info: chrome=43.0.2357.124)
  (Driver info: chromedriver=2.8.241075,platform=Windows NT 6.3 x86_64) (WARNING: The server did not provide any stacktrace information)
Command duration or timeout: 30.05 seconds
For documentation on this error, please visit: http://seleniumhq.org/exceptions/no_such_element.html
Build info: version: &apos;2.29.1&apos;, revision: &apos;dfb1306b85be4934d23c123122e06e602a15e446&apos;, time: &apos;2013-01-22 12:58:05&apos;
System info: os.name: &apos;Windows Server 2012&apos;, os.arch: &apos;amd64&apos;, os.version: &apos;6.2&apos;, java.version: &apos;1.7.0_51&apos;
Session ID: 573afcd45cb489b96b5b14b7bfbef909
Driver info: org.openqa.selenium.chrome.ChromeDriver
Capabilities [{platform=XP, acceptSslCerts=true, javascriptEnabled=true, browserName=chrome, chrome={userDataDir=C:\Users\ADMINI~1\AppData\Local\Temp\2\scoped_dir3144_5838}, rotatable=false, locationContextEnabled=true, version=43.0.2357.124, takesHeapSnapshot=true, cssSelectorsEnabled=true, databaseEnabled=false, handlesAlerts=true, browserConnectionEnabled=false, webStorageEnabled=true, nativeEvents=true, applicationCacheEnabled=false, takesScreenshot=true}]
	at sun.reflect.GeneratedConstructorAccessor53.newInstance(Unknown Source)
	at sun.reflect.DelegatingConstructorAccessorImpl.newInstance(DelegatingConstructorAccessorImpl.java:45)
	at java.lang.reflect.Constructor.newInstance(Constructor.java:526)
	at org.openqa.selenium.remote.ErrorHandler.createThrowable(ErrorHandler.java:187)
	at org.openqa.selenium.remote.ErrorHandler.throwIfResponseFailed(ErrorHandler.java:145)
	at org.openqa.selenium.remote.RemoteWebDriver.execute(RemoteWebDriver.java:554)
	at org.openqa.selenium.remote.RemoteWebDriver.findElement(RemoteWebDriver.java:307)
	at org.openqa.selenium.remote.RemoteWebDriver.findElementByCssSelector(RemoteWebDriver.java:396)
	at org.openqa.selenium.By$ByCssSelector.findElement(By.java:406)
	at org.openqa.selenium.remote.RemoteWebDriver.findElement(RemoteWebDriver.java:299)
	at sun.reflect.GeneratedMethodAccessor8.invoke(Unknown Source)
	at sun.reflect.DelegatingMethodAccessorImpl.invoke(DelegatingMethodAccessorImpl.java:43)
	at java.lang.reflect.Method.invoke(Method.java:606)
	at org.openqa.selenium.support.events.EventFiringWebDriver$2.invoke(EventFiringWebDriver.java:101)
	at com.sun.proxy.$Proxy16.findElement(Unknown Source)
	at org.openqa.selenium.support.events.EventFiringWebDriver.findElement(EventFiringWebDriver.java:180)
	at org.openqa.selenium.support.ui.ExpectedConditions.findElement(ExpectedConditions.java:523)
	at org.openqa.selenium.support.ui.ExpectedConditions.access$000(ExpectedConditions.java:39)
	at org.openqa.selenium.support.ui.ExpectedConditions$4.apply(ExpectedConditions.java:130)
	at org.openqa.selenium.support.ui.ExpectedConditions$4.apply(ExpectedConditions.java:126)
	at org.openqa.selenium.support.ui.FluentWait.until(FluentWait.java:208)
	at com.mifos.pages.MifosWebPage.waitForElementToBeVisible(MifosWebPage.java:210)
	at com.mifos.pages.MifosWebPage.getElement(MifosWebPage.java:699)
	at com.mifos.pages.MifosWebPage.getElement(MifosWebPage.java:684)
	at com.mifos.pages.MifosWebPage.getSingleText(MifosWebPage.java:941)
	at com.mifos.pages.MifosWebPage.validateSame(MifosWebPage.java:947)
	at com.mifos.pages.MifosWebPage.verifySuccessMessage(MifosWebPage.java:1815)
	at com.mifos.pages.FrontPage.verifyProductLoanExcelSheet(FrontPage.java:472)
	at com.mifos.steps.LoanProductSteps.I_should_see_product_loan_created_successfully(LoanProductSteps.java:27)
	at sun.reflect.GeneratedMethodAccessor59.invoke(Unknown Source)
	at sun.reflect.DelegatingMethodAccessorImpl.invoke(DelegatingMethodAccessorImpl.java:43)
	at java.lang.reflect.Method.invoke(Method.java:606)
	at cucumber.runtime.Utils$1.call(Utils.java:44)
	at cucumber.runtime.Timeout.timeout(Timeout.java:12)
	at cucumber.runtime.Utils.invoke(Utils.java:40)
	at cucumber.runtime.java.JavaStepDefinition.execute(JavaStepDefinition.java:35)
	at cucumber.runtime.StepDefinitionMatch.runStep(StepDefinitionMatch.java:38)
	at cucumber.runtime.Runtime.runStep(Runtime.java:268)
	at cucumber.runtime.model.StepContainer.runStep(StepContainer.java:45)
	at cucumber.runtime.model.StepContainer.runSteps(StepContainer.java:40)
	at cucumber.runtime.model.CucumberScenario.run(CucumberScenario.java:36)
	at cucumber.runtime.junit.ExecutionUnitRunner.run(ExecutionUnitRunner.java:83)
	at org.junit.runners.Suite.runChild(Suite.java:127)
	at org.junit.runners.Suite.runChild(Suite.java:26)
	at org.junit.runners.ParentRunner$3.run(ParentRunner.java:238)
	at org.junit.runners.ParentRunner$1.schedule(ParentRunner.java:63)
	at org.junit.runners.ParentRunner.runChildren(ParentRunner.java:236)
	at org.junit.runners.ParentRunner.access$000(ParentRunner.java:53)
	at org.junit.runners.ParentRunner$2.evaluate(ParentRunner.java:229)
	at org.junit.runners.ParentRunner.run(ParentRunner.java:309)
	at org.junit.runners.Suite.runChild(Suite.java:127)
	at org.junit.runners.Suite.runChild(Suite.java:26)
	at org.junit.runners.ParentRunner$3.run(ParentRunner.java:238)
	at org.junit.runners.ParentRunner$1.schedule(ParentRunner.java:63)
	at org.junit.runners.ParentRunner.runChildren(ParentRunner.java:236)
	at org.junit.runners.ParentRunner.access$000(ParentRunner.java:53)
	at org.junit.runners.ParentRunner$2.evaluate(ParentRunner.java:229)
	at org.junit.runners.ParentRunner.run(ParentRunner.java:309)
	at cucumber.runtime.junit.FeatureRunner.runChild(FeatureRunner.java:63)
	at cucumber.runtime.junit.FeatureRunner.runChild(FeatureRunner.java:18)
	at org.junit.runners.ParentRunner$3.run(ParentRunner.java:238)
	at org.junit.runners.ParentRunner$1.schedule(ParentRunner.java:63)
	at org.junit.runners.ParentRunner.runChildren(ParentRunner.java:236)
	at org.junit.runners.ParentRunner.access$000(ParentRunner.java:53)
	at org.junit.runners.ParentRunner$2.evaluate(ParentRunner.java:229)
	at org.junit.runners.ParentRunner.run(ParentRunner.java:309)
	at cucumber.runtime.junit.FeatureRunner.run(FeatureRunner.java:70)
	at cucumber.api.junit.Cucumber.runChild(Cucumber.java:77)
	at cucumber.api.junit.Cucumber.runChild(Cucumber.java:37)
	at org.junit.runners.ParentRunner$3.run(ParentRunner.java:238)
	at org.junit.runners.ParentRunner$1.schedule(ParentRunner.java:63)
	at org.junit.runners.ParentRunner.runChildren(ParentRunner.java:236)
	at org.junit.runners.ParentRunner.access$000(ParentRunner.java:53)
	at org.junit.runners.ParentRunner$2.evaluate(ParentRunner.java:229)
	at org.junit.runners.ParentRunner.run(ParentRunner.java:309)
	at cucumber.api.junit.Cucumber.run(Cucumber.java:82)
	at org.apache.maven.surefire.junit4.JUnit4Provider.execute(JUnit4Provider.java:252)
	at org.apache.maven.surefire.junit4.JUnit4Provider.executeTestSet(JUnit4Provider.java:141)
	at org.apache.maven.surefire.junit4.JUnit4Provider.invoke(JUnit4Provider.java:112)
	at sun.reflect.NativeMethodAccessorImpl.invoke0(Native Method)
	at sun.reflect.NativeMethodAccessorImpl.invoke(NativeMethodAccessorImpl.java:57)
	at sun.reflect.DelegatingMethodAccessorImpl.invoke(DelegatingMethodAccessorImpl.java:43)
	at java.lang.reflect.Method.invoke(Method.java:606)
	at org.apache.maven.surefire.util.ReflectionUtils.invokeMethodWithArray(ReflectionUtils.java:189)
	at org.apache.maven.surefire.booter.ProviderFactory$ProviderProxy.invoke(ProviderFactory.java:165)
	at org.apache.maven.surefire.booter.ProviderFactory.invokeProvider(ProviderFactory.java:85)
	at org.apache.maven.surefire.booter.ForkedBooter.runSuitesInProcess(ForkedBooter.java:113)
	at org.apache.maven.surefire.booter.ForkedBooter.main(ForkedBooter.java:75)
</error>
    <system-out>welcome to mifos through excel
Cell One ... key=productname
773-RBI-EI-DB-DL-REC-NON-RNI-CTPD-SAR-MD-TR-1-Late Repayment
773-RBI-EI-DB-DL-REC-NON-RNI-CTPD-SAR-MD-TR-1-Late Repayment
</system-out>
  </testcase>
  <testcase time="0" classname="| 773-RBI-EI-DB-DL-REC-NON-RNI-CTPD-SAR-MD-TR-1-Late Repayment-Loanproduct4.xlsx |" name="| 773-RBI-EI-DB-DL-REC-NON-RNI-CTPD-SAR-MD-TR-1-Late Repayment-Loanproduct4.xlsx |">
    <error message="Timed out after 100 seconds waiting for visibility of element located by By.selector: legend.ng-binding
Build info: version: &apos;2.29.1&apos;, revision: &apos;dfb1306b85be4934d23c123122e06e602a15e446&apos;, time: &apos;2013-01-22 12:58:05&apos;
System info: os.name: &apos;Windows Server 2012&apos;, os.arch: &apos;amd64&apos;, os.version: &apos;6.2&apos;, java.version: &apos;1.7.0_51&apos;
Driver info: driver.version: unknown" type="org.openqa.selenium.TimeoutException">org.openqa.selenium.TimeoutException: Timed out after 100 seconds waiting for visibility of element located by By.selector: legend.ng-binding
Build info: version: &apos;2.29.1&apos;, revision: &apos;dfb1306b85be4934d23c123122e06e602a15e446&apos;, time: &apos;2013-01-22 12:58:05&apos;
System info: os.name: &apos;Windows Server 2012&apos;, os.arch: &apos;amd64&apos;, os.version: &apos;6.2&apos;, java.version: &apos;1.7.0_51&apos;
Driver info: driver.version: unknown
	at org.openqa.selenium.support.ui.FluentWait.timeoutException(FluentWait.java:259)
	at org.openqa.selenium.support.ui.FluentWait.until(FluentWait.java:228)
	at com.mifos.pages.MifosWebPage.waitForElementToBeVisible(MifosWebPage.java:210)
	at com.mifos.pages.MifosWebPage.getElement(MifosWebPage.java:699)
	at com.mifos.pages.MifosWebPage.getElement(MifosWebPage.java:684)
	at com.mifos.pages.MifosWebPage.getSingleText(MifosWebPage.java:941)
	at com.mifos.pages.MifosWebPage.validateSame(MifosWebPage.java:947)
	at com.mifos.pages.MifosWebPage.verifySuccessMessage(MifosWebPage.java:1815)
	at com.mifos.pages.FrontPage.verifyProductLoanExcelSheet(FrontPage.java:472)
	at com.mifos.steps.LoanProductSteps.I_should_see_product_loan_created_successfully(LoanProductSteps.java:27)
	at ✽.Then I should see product loan created successfully(LoanRBI.feature:18)
Caused by: org.openqa.selenium.NoSuchElementException: no such element
  (Session info: chrome=43.0.2357.124)
  (Driver info: chromedriver=2.8.241075,platform=Windows NT 6.3 x86_64) (WARNING: The server did not provide any stacktrace information)
Command duration or timeout: 30.05 seconds
For documentation on this error, please visit: http://seleniumhq.org/exceptions/no_such_element.html
Build info: version: &apos;2.29.1&apos;, revision: &apos;dfb1306b85be4934d23c123122e06e602a15e446&apos;, time: &apos;2013-01-22 12:58:05&apos;
System info: os.name: &apos;Windows Server 2012&apos;, os.arch: &apos;amd64&apos;, os.version: &apos;6.2&apos;, java.version: &apos;1.7.0_51&apos;
Session ID: 573afcd45cb489b96b5b14b7bfbef909
Driver info: org.openqa.selenium.chrome.ChromeDriver
Capabilities [{platform=XP, acceptSslCerts=true, javascriptEnabled=true, browserName=chrome, chrome={userDataDir=C:\Users\ADMINI~1\AppData\Local\Temp\2\scoped_dir3144_5838}, rotatable=false, locationContextEnabled=true, version=43.0.2357.124, takesHeapSnapshot=true, cssSelectorsEnabled=true, databaseEnabled=false, handlesAlerts=true, browserConnectionEnabled=false, webStorageEnabled=true, nativeEvents=true, applicationCacheEnabled=false, takesScreenshot=true}]
	at sun.reflect.GeneratedConstructorAccessor53.newInstance(Unknown Source)
	at sun.reflect.DelegatingConstructorAccessorImpl.newInstance(DelegatingConstructorAccessorImpl.java:45)
	at java.lang.reflect.Constructor.newInstance(Constructor.java:526)
	at org.openqa.selenium.remote.ErrorHandler.createThrowable(ErrorHandler.java:187)
	at org.openqa.selenium.remote.ErrorHandler.throwIfResponseFailed(ErrorHandler.java:145)
	at org.openqa.selenium.remote.RemoteWebDriver.execute(RemoteWebDriver.java:554)
	at org.openqa.selenium.remote.RemoteWebDriver.findElement(RemoteWebDriver.java:307)
	at org.openqa.selenium.remote.RemoteWebDriver.findElementByCssSelector(RemoteWebDriver.java:396)
	at org.openqa.selenium.By$ByCssSelector.findElement(By.java:406)
	at org.openqa.selenium.remote.RemoteWebDriver.findElement(RemoteWebDriver.java:299)
	at sun.reflect.GeneratedMethodAccessor8.invoke(Unknown Source)
	at sun.reflect.DelegatingMethodAccessorImpl.invoke(DelegatingMethodAccessorImpl.java:43)
	at java.lang.reflect.Method.invoke(Method.java:606)
	at org.openqa.selenium.support.events.EventFiringWebDriver$2.invoke(EventFiringWebDriver.java:101)
	at com.sun.proxy.$Proxy16.findElement(Unknown Source)
	at org.openqa.selenium.support.events.EventFiringWebDriver.findElement(EventFiringWebDriver.java:180)
	at org.openqa.selenium.support.ui.ExpectedConditions.findElement(ExpectedConditions.java:523)
	at org.openqa.selenium.support.ui.ExpectedConditions.access$000(ExpectedConditions.java:39)
	at org.openqa.selenium.support.ui.ExpectedConditions$4.apply(ExpectedConditions.java:130)
	at org.openqa.selenium.support.ui.ExpectedConditions$4.apply(ExpectedConditions.java:126)
	at org.openqa.selenium.support.ui.FluentWait.until(FluentWait.java:208)
	at com.mifos.pages.MifosWebPage.waitForElementToBeVisible(MifosWebPage.java:210)
	at com.mifos.pages.MifosWebPage.getElement(MifosWebPage.java:699)
	at com.mifos.pages.MifosWebPage.getElement(MifosWebPage.java:684)
	at com.mifos.pages.MifosWebPage.getSingleText(MifosWebPage.java:941)
	at com.mifos.pages.MifosWebPage.validateSame(MifosWebPage.java:947)
	at com.mifos.pages.MifosWebPage.verifySuccessMessage(MifosWebPage.java:1815)
	at com.mifos.pages.FrontPage.verifyProductLoanExcelSheet(FrontPage.java:472)
	at com.mifos.steps.LoanProductSteps.I_should_see_product_loan_created_successfully(LoanProductSteps.java:27)
	at sun.reflect.GeneratedMethodAccessor59.invoke(Unknown Source)
	at sun.reflect.DelegatingMethodAccessorImpl.invoke(DelegatingMethodAccessorImpl.java:43)
	at java.lang.reflect.Method.invoke(Method.java:606)
	at cucumber.runtime.Utils$1.call(Utils.java:44)
	at cucumber.runtime.Timeout.timeout(Timeout.java:12)
	at cucumber.runtime.Utils.invoke(Utils.java:40)
	at cucumber.runtime.java.JavaStepDefinition.execute(JavaStepDefinition.java:35)
	at cucumber.runtime.StepDefinitionMatch.runStep(StepDefinitionMatch.java:38)
	at cucumber.runtime.Runtime.runStep(Runtime.java:268)
	at cucumber.runtime.model.StepContainer.runStep(StepContainer.java:45)
	at cucumber.runtime.model.StepContainer.runSteps(StepContainer.java:40)
	at cucumber.runtime.model.CucumberScenario.run(CucumberScenario.java:36)
	at cucumber.runtime.junit.ExecutionUnitRunner.run(ExecutionUnitRunner.java:83)
	at org.junit.runners.Suite.runChild(Suite.java:127)
	at org.junit.runners.Suite.runChild(Suite.java:26)
	at org.junit.runners.ParentRunner$3.run(ParentRunner.java:238)
	at org.junit.runners.ParentRunner$1.schedule(ParentRunner.java:63)
	at org.junit.runners.ParentRunner.runChildren(ParentRunner.java:236)
	at org.junit.runners.ParentRunner.access$000(ParentRunner.java:53)
	at org.junit.runners.ParentRunner$2.evaluate(ParentRunner.java:229)
	at org.junit.runners.ParentRunner.run(ParentRunner.java:309)
	at org.junit.runners.Suite.runChild(Suite.java:127)
	at org.junit.runners.Suite.runChild(Suite.java:26)
	at org.junit.runners.ParentRunner$3.run(ParentRunner.java:238)
	at org.junit.runners.ParentRunner$1.schedule(ParentRunner.java:63)
	at org.junit.runners.ParentRunner.runChildren(ParentRunner.java:236)
	at org.junit.runners.ParentRunner.access$000(ParentRunner.java:53)
	at org.junit.runners.ParentRunner$2.evaluate(ParentRunner.java:229)
	at org.junit.runners.ParentRunner.run(ParentRunner.java:309)
	at cucumber.runtime.junit.FeatureRunner.runChild(FeatureRunner.java:63)
	at cucumber.runtime.junit.FeatureRunner.runChild(FeatureRunner.java:18)
	at org.junit.runners.ParentRunner$3.run(ParentRunner.java:238)
	at org.junit.runners.ParentRunner$1.schedule(ParentRunner.java:63)
	at org.junit.runners.ParentRunner.runChildren(ParentRunner.java:236)
	at org.junit.runners.ParentRunner.access$000(ParentRunner.java:53)
	at org.junit.runners.ParentRunner$2.evaluate(ParentRunner.java:229)
	at org.junit.runners.ParentRunner.run(ParentRunner.java:309)
	at cucumber.runtime.junit.FeatureRunner.run(FeatureRunner.java:70)
	at cucumber.api.junit.Cucumber.runChild(Cucumber.java:77)
	at cucumber.api.junit.Cucumber.runChild(Cucumber.java:37)
	at org.junit.runners.ParentRunner$3.run(ParentRunner.java:238)
	at org.junit.runners.ParentRunner$1.schedule(ParentRunner.java:63)
	at org.junit.runners.ParentRunner.runChildren(ParentRunner.java:236)
	at org.junit.runners.ParentRunner.access$000(ParentRunner.java:53)
	at org.junit.runners.ParentRunner$2.evaluate(ParentRunner.java:229)
	at org.junit.runners.ParentRunner.run(ParentRunner.java:309)
	at cucumber.api.junit.Cucumber.run(Cucumber.java:82)
	at org.apache.maven.surefire.junit4.JUnit4Provider.execute(JUnit4Provider.java:252)
	at org.apache.maven.surefire.junit4.JUnit4Provider.executeTestSet(JUnit4Provider.java:141)
	at org.apache.maven.surefire.junit4.JUnit4Provider.invoke(JUnit4Provider.java:112)
	at sun.reflect.NativeMethodAccessorImpl.invoke0(Native Method)
	at sun.reflect.NativeMethodAccessorImpl.invoke(NativeMethodAccessorImpl.java:57)
	at sun.reflect.DelegatingMethodAccessorImpl.invoke(DelegatingMethodAccessorImpl.java:43)
	at java.lang.reflect.Method.invoke(Method.java:606)
	at org.apache.maven.surefire.util.ReflectionUtils.invokeMethodWithArray(ReflectionUtils.java:189)
	at org.apache.maven.surefire.booter.ProviderFactory$ProviderProxy.invoke(ProviderFactory.java:165)
	at org.apache.maven.surefire.booter.ProviderFactory.invokeProvider(ProviderFactory.java:85)
	at org.apache.maven.surefire.booter.ForkedBooter.runSuitesInProcess(ForkedBooter.java:113)
	at org.apache.maven.surefire.booter.ForkedBooter.main(ForkedBooter.java:75)
</error>
  </testcase>
  <testcase time="0" classname="| 774-RBI-EI-DB-DL-REC-NON-RNI-CTPD-DL-MD-TR-1-Late Repayment-Loanproduct4.xlsx |" name="Given I navigate to mifos"/>
  <testcase time="0" classname="| 774-RBI-EI-DB-DL-REC-NON-RNI-CTPD-DL-MD-TR-1-Late Repayment-Loanproduct4.xlsx |" name="And I use login folder"/>
  <testcase time="0" classname="| 774-RBI-EI-DB-DL-REC-NON-RNI-CTPD-DL-MD-TR-1-Late Repayment-Loanproduct4.xlsx |" name="When I login into mifos site using excel sheet"/>
  <testcase time="0" classname="| 774-RBI-EI-DB-DL-REC-NON-RNI-CTPD-DL-MD-TR-1-Late Repayment-Loanproduct4.xlsx |" name="Then I should see logged in successfully"/>
  <testcase time="0" classname="| 774-RBI-EI-DB-DL-REC-NON-RNI-CTPD-DL-MD-TR-1-Late Repayment-Loanproduct4.xlsx |" name="Given I setup the product loan"/>
  <testcase time="0" classname="| 774-RBI-EI-DB-DL-REC-NON-RNI-CTPD-DL-MD-TR-1-Late Repayment-Loanproduct4.xlsx |" name="And I entered the values into product loan using"/>
  <testcase time="0" classname="| 774-RBI-EI-DB-DL-REC-NON-RNI-CTPD-DL-MD-TR-1-Late Repayment-Loanproduct4.xlsx |" name="Then I should see product loan created successfully">
    <error message="Timed out after 100 seconds waiting for visibility of element located by By.selector: legend.ng-binding
Build info: version: &apos;2.29.1&apos;, revision: &apos;dfb1306b85be4934d23c123122e06e602a15e446&apos;, time: &apos;2013-01-22 12:58:05&apos;
System info: os.name: &apos;Windows Server 2012&apos;, os.arch: &apos;amd64&apos;, os.version: &apos;6.2&apos;, java.version: &apos;1.7.0_51&apos;
Driver info: driver.version: unknown" type="org.openqa.selenium.TimeoutException">org.openqa.selenium.TimeoutException: Timed out after 100 seconds waiting for visibility of element located by By.selector: legend.ng-binding
Build info: version: &apos;2.29.1&apos;, revision: &apos;dfb1306b85be4934d23c123122e06e602a15e446&apos;, time: &apos;2013-01-22 12:58:05&apos;
System info: os.name: &apos;Windows Server 2012&apos;, os.arch: &apos;amd64&apos;, os.version: &apos;6.2&apos;, java.version: &apos;1.7.0_51&apos;
Driver info: driver.version: unknown
	at org.openqa.selenium.support.ui.FluentWait.timeoutException(FluentWait.java:259)
	at org.openqa.selenium.support.ui.FluentWait.until(FluentWait.java:228)
	at com.mifos.pages.MifosWebPage.waitForElementToBeVisible(MifosWebPage.java:210)
	at com.mifos.pages.MifosWebPage.getElement(MifosWebPage.java:699)
	at com.mifos.pages.MifosWebPage.getElement(MifosWebPage.java:684)
	at com.mifos.pages.MifosWebPage.getSingleText(MifosWebPage.java:941)
	at com.mifos.pages.MifosWebPage.validateSame(MifosWebPage.java:947)
	at com.mifos.pages.MifosWebPage.verifySuccessMessage(MifosWebPage.java:1815)
	at com.mifos.pages.FrontPage.verifyProductLoanExcelSheet(FrontPage.java:472)
	at com.mifos.steps.LoanProductSteps.I_should_see_product_loan_created_successfully(LoanProductSteps.java:27)
	at ✽.Then I should see product loan created successfully(LoanRBI.feature:18)
Caused by: org.openqa.selenium.NoSuchElementException: no such element
  (Session info: chrome=43.0.2357.124)
  (Driver info: chromedriver=2.8.241075,platform=Windows NT 6.3 x86_64) (WARNING: The server did not provide any stacktrace information)
Command duration or timeout: 30.02 seconds
For documentation on this error, please visit: http://seleniumhq.org/exceptions/no_such_element.html
Build info: version: &apos;2.29.1&apos;, revision: &apos;dfb1306b85be4934d23c123122e06e602a15e446&apos;, time: &apos;2013-01-22 12:58:05&apos;
System info: os.name: &apos;Windows Server 2012&apos;, os.arch: &apos;amd64&apos;, os.version: &apos;6.2&apos;, java.version: &apos;1.7.0_51&apos;
Session ID: be0ded2ce63059d0d38b599539080f14
Driver info: org.openqa.selenium.chrome.ChromeDriver
Capabilities [{platform=XP, acceptSslCerts=true, javascriptEnabled=true, browserName=chrome, chrome={userDataDir=C:\Users\ADMINI~1\AppData\Local\Temp\2\scoped_dir4928_32110}, rotatable=false, locationContextEnabled=true, version=43.0.2357.124, takesHeapSnapshot=true, cssSelectorsEnabled=true, databaseEnabled=false, handlesAlerts=true, browserConnectionEnabled=false, webStorageEnabled=true, nativeEvents=true, applicationCacheEnabled=false, takesScreenshot=true}]
	at sun.reflect.GeneratedConstructorAccessor53.newInstance(Unknown Source)
	at sun.reflect.DelegatingConstructorAccessorImpl.newInstance(DelegatingConstructorAccessorImpl.java:45)
	at java.lang.reflect.Constructor.newInstance(Constructor.java:526)
	at org.openqa.selenium.remote.ErrorHandler.createThrowable(ErrorHandler.java:187)
	at org.openqa.selenium.remote.ErrorHandler.throwIfResponseFailed(ErrorHandler.java:145)
	at org.openqa.selenium.remote.RemoteWebDriver.execute(RemoteWebDriver.java:554)
	at org.openqa.selenium.remote.RemoteWebDriver.findElement(RemoteWebDriver.java:307)
	at org.openqa.selenium.remote.RemoteWebDriver.findElementByCssSelector(RemoteWebDriver.java:396)
	at org.openqa.selenium.By$ByCssSelector.findElement(By.java:406)
	at org.openqa.selenium.remote.RemoteWebDriver.findElement(RemoteWebDriver.java:299)
	at sun.reflect.GeneratedMethodAccessor8.invoke(Unknown Source)
	at sun.reflect.DelegatingMethodAccessorImpl.invoke(DelegatingMethodAccessorImpl.java:43)
	at java.lang.reflect.Method.invoke(Method.java:606)
	at org.openqa.selenium.support.events.EventFiringWebDriver$2.invoke(EventFiringWebDriver.java:101)
	at com.sun.proxy.$Proxy16.findElement(Unknown Source)
	at org.openqa.selenium.support.events.EventFiringWebDriver.findElement(EventFiringWebDriver.java:180)
	at org.openqa.selenium.support.ui.ExpectedConditions.findElement(ExpectedConditions.java:523)
	at org.openqa.selenium.support.ui.ExpectedConditions.access$000(ExpectedConditions.java:39)
	at org.openqa.selenium.support.ui.ExpectedConditions$4.apply(ExpectedConditions.java:130)
	at org.openqa.selenium.support.ui.ExpectedConditions$4.apply(ExpectedConditions.java:126)
	at org.openqa.selenium.support.ui.FluentWait.until(FluentWait.java:208)
	at com.mifos.pages.MifosWebPage.waitForElementToBeVisible(MifosWebPage.java:210)
	at com.mifos.pages.MifosWebPage.getElement(MifosWebPage.java:699)
	at com.mifos.pages.MifosWebPage.getElement(MifosWebPage.java:684)
	at com.mifos.pages.MifosWebPage.getSingleText(MifosWebPage.java:941)
	at com.mifos.pages.MifosWebPage.validateSame(MifosWebPage.java:947)
	at com.mifos.pages.MifosWebPage.verifySuccessMessage(MifosWebPage.java:1815)
	at com.mifos.pages.FrontPage.verifyProductLoanExcelSheet(FrontPage.java:472)
	at com.mifos.steps.LoanProductSteps.I_should_see_product_loan_created_successfully(LoanProductSteps.java:27)
	at sun.reflect.GeneratedMethodAccessor59.invoke(Unknown Source)
	at sun.reflect.DelegatingMethodAccessorImpl.invoke(DelegatingMethodAccessorImpl.java:43)
	at java.lang.reflect.Method.invoke(Method.java:606)
	at cucumber.runtime.Utils$1.call(Utils.java:44)
	at cucumber.runtime.Timeout.timeout(Timeout.java:12)
	at cucumber.runtime.Utils.invoke(Utils.java:40)
	at cucumber.runtime.java.JavaStepDefinition.execute(JavaStepDefinition.java:35)
	at cucumber.runtime.StepDefinitionMatch.runStep(StepDefinitionMatch.java:38)
	at cucumber.runtime.Runtime.runStep(Runtime.java:268)
	at cucumber.runtime.model.StepContainer.runStep(StepContainer.java:45)
	at cucumber.runtime.model.StepContainer.runSteps(StepContainer.java:40)
	at cucumber.runtime.model.CucumberScenario.run(CucumberScenario.java:36)
	at cucumber.runtime.junit.ExecutionUnitRunner.run(ExecutionUnitRunner.java:83)
	at org.junit.runners.Suite.runChild(Suite.java:127)
	at org.junit.runners.Suite.runChild(Suite.java:26)
	at org.junit.runners.ParentRunner$3.run(ParentRunner.java:238)
	at org.junit.runners.ParentRunner$1.schedule(ParentRunner.java:63)
	at org.junit.runners.ParentRunner.runChildren(ParentRunner.java:236)
	at org.junit.runners.ParentRunner.access$000(ParentRunner.java:53)
	at org.junit.runners.ParentRunner$2.evaluate(ParentRunner.java:229)
	at org.junit.runners.ParentRunner.run(ParentRunner.java:309)
	at org.junit.runners.Suite.runChild(Suite.java:127)
	at org.junit.runners.Suite.runChild(Suite.java:26)
	at org.junit.runners.ParentRunner$3.run(ParentRunner.java:238)
	at org.junit.runners.ParentRunner$1.schedule(ParentRunner.java:63)
	at org.junit.runners.ParentRunner.runChildren(ParentRunner.java:236)
	at org.junit.runners.ParentRunner.access$000(ParentRunner.java:53)
	at org.junit.runners.ParentRunner$2.evaluate(ParentRunner.java:229)
	at org.junit.runners.ParentRunner.run(ParentRunner.java:309)
	at cucumber.runtime.junit.FeatureRunner.runChild(FeatureRunner.java:63)
	at cucumber.runtime.junit.FeatureRunner.runChild(FeatureRunner.java:18)
	at org.junit.runners.ParentRunner$3.run(ParentRunner.java:238)
	at org.junit.runners.ParentRunner$1.schedule(ParentRunner.java:63)
	at org.junit.runners.ParentRunner.runChildren(ParentRunner.java:236)
	at org.junit.runners.ParentRunner.access$000(ParentRunner.java:53)
	at org.junit.runners.ParentRunner$2.evaluate(ParentRunner.java:229)
	at org.junit.runners.ParentRunner.run(ParentRunner.java:309)
	at cucumber.runtime.junit.FeatureRunner.run(FeatureRunner.java:70)
	at cucumber.api.junit.Cucumber.runChild(Cucumber.java:77)
	at cucumber.api.junit.Cucumber.runChild(Cucumber.java:37)
	at org.junit.runners.ParentRunner$3.run(ParentRunner.java:238)
	at org.junit.runners.ParentRunner$1.schedule(ParentRunner.java:63)
	at org.junit.runners.ParentRunner.runChildren(ParentRunner.java:236)
	at org.junit.runners.ParentRunner.access$000(ParentRunner.java:53)
	at org.junit.runners.ParentRunner$2.evaluate(ParentRunner.java:229)
	at org.junit.runners.ParentRunner.run(ParentRunner.java:309)
	at cucumber.api.junit.Cucumber.run(Cucumber.java:82)
	at org.apache.maven.surefire.junit4.JUnit4Provider.execute(JUnit4Provider.java:252)
	at org.apache.maven.surefire.junit4.JUnit4Provider.executeTestSet(JUnit4Provider.java:141)
	at org.apache.maven.surefire.junit4.JUnit4Provider.invoke(JUnit4Provider.java:112)
	at sun.reflect.NativeMethodAccessorImpl.invoke0(Native Method)
	at sun.reflect.NativeMethodAccessorImpl.invoke(NativeMethodAccessorImpl.java:57)
	at sun.reflect.DelegatingMethodAccessorImpl.invoke(DelegatingMethodAccessorImpl.java:43)
	at java.lang.reflect.Method.invoke(Method.java:606)
	at org.apache.maven.surefire.util.ReflectionUtils.invokeMethodWithArray(ReflectionUtils.java:189)
	at org.apache.maven.surefire.booter.ProviderFactory$ProviderProxy.invoke(ProviderFactory.java:165)
	at org.apache.maven.surefire.booter.ProviderFactory.invokeProvider(ProviderFactory.java:85)
	at org.apache.maven.surefire.booter.ForkedBooter.runSuitesInProcess(ForkedBooter.java:113)
	at org.apache.maven.surefire.booter.ForkedBooter.main(ForkedBooter.java:75)
</error>
    <system-out>welcome to mifos through excel
Cell One ... key=productname
774-RBI-EI-DB-DL-REC-NON-RNI-CTPD-DL-MD-TR-1-Late Repayment
774-RBI-EI-DB-DL-REC-NON-RNI-CTPD-DL-MD-TR-1-Late Repayment
</system-out>
  </testcase>
  <testcase time="0" classname="| 774-RBI-EI-DB-DL-REC-NON-RNI-CTPD-DL-MD-TR-1-Late Repayment-Loanproduct4.xlsx |" name="| 774-RBI-EI-DB-DL-REC-NON-RNI-CTPD-DL-MD-TR-1-Late Repayment-Loanproduct4.xlsx |">
    <error message="Timed out after 100 seconds waiting for visibility of element located by By.selector: legend.ng-binding
Build info: version: &apos;2.29.1&apos;, revision: &apos;dfb1306b85be4934d23c123122e06e602a15e446&apos;, time: &apos;2013-01-22 12:58:05&apos;
System info: os.name: &apos;Windows Server 2012&apos;, os.arch: &apos;amd64&apos;, os.version: &apos;6.2&apos;, java.version: &apos;1.7.0_51&apos;
Driver info: driver.version: unknown" type="org.openqa.selenium.TimeoutException">org.openqa.selenium.TimeoutException: Timed out after 100 seconds waiting for visibility of element located by By.selector: legend.ng-binding
Build info: version: &apos;2.29.1&apos;, revision: &apos;dfb1306b85be4934d23c123122e06e602a15e446&apos;, time: &apos;2013-01-22 12:58:05&apos;
System info: os.name: &apos;Windows Server 2012&apos;, os.arch: &apos;amd64&apos;, os.version: &apos;6.2&apos;, java.version: &apos;1.7.0_51&apos;
Driver info: driver.version: unknown
	at org.openqa.selenium.support.ui.FluentWait.timeoutException(FluentWait.java:259)
	at org.openqa.selenium.support.ui.FluentWait.until(FluentWait.java:228)
	at com.mifos.pages.MifosWebPage.waitForElementToBeVisible(MifosWebPage.java:210)
	at com.mifos.pages.MifosWebPage.getElement(MifosWebPage.java:699)
	at com.mifos.pages.MifosWebPage.getElement(MifosWebPage.java:684)
	at com.mifos.pages.MifosWebPage.getSingleText(MifosWebPage.java:941)
	at com.mifos.pages.MifosWebPage.validateSame(MifosWebPage.java:947)
	at com.mifos.pages.MifosWebPage.verifySuccessMessage(MifosWebPage.java:1815)
	at com.mifos.pages.FrontPage.verifyProductLoanExcelSheet(FrontPage.java:472)
	at com.mifos.steps.LoanProductSteps.I_should_see_product_loan_created_successfully(LoanProductSteps.java:27)
	at ✽.Then I should see product loan created successfully(LoanRBI.feature:18)
Caused by: org.openqa.selenium.NoSuchElementException: no such element
  (Session info: chrome=43.0.2357.124)
  (Driver info: chromedriver=2.8.241075,platform=Windows NT 6.3 x86_64) (WARNING: The server did not provide any stacktrace information)
Command duration or timeout: 30.02 seconds
For documentation on this error, please visit: http://seleniumhq.org/exceptions/no_such_element.html
Build info: version: &apos;2.29.1&apos;, revision: &apos;dfb1306b85be4934d23c123122e06e602a15e446&apos;, time: &apos;2013-01-22 12:58:05&apos;
System info: os.name: &apos;Windows Server 2012&apos;, os.arch: &apos;amd64&apos;, os.version: &apos;6.2&apos;, java.version: &apos;1.7.0_51&apos;
Session ID: be0ded2ce63059d0d38b599539080f14
Driver info: org.openqa.selenium.chrome.ChromeDriver
Capabilities [{platform=XP, acceptSslCerts=true, javascriptEnabled=true, browserName=chrome, chrome={userDataDir=C:\Users\ADMINI~1\AppData\Local\Temp\2\scoped_dir4928_32110}, rotatable=false, locationContextEnabled=true, version=43.0.2357.124, takesHeapSnapshot=true, cssSelectorsEnabled=true, databaseEnabled=false, handlesAlerts=true, browserConnectionEnabled=false, webStorageEnabled=true, nativeEvents=true, applicationCacheEnabled=false, takesScreenshot=true}]
	at sun.reflect.GeneratedConstructorAccessor53.newInstance(Unknown Source)
	at sun.reflect.DelegatingConstructorAccessorImpl.newInstance(DelegatingConstructorAccessorImpl.java:45)
	at java.lang.reflect.Constructor.newInstance(Constructor.java:526)
	at org.openqa.selenium.remote.ErrorHandler.createThrowable(ErrorHandler.java:187)
	at org.openqa.selenium.remote.ErrorHandler.throwIfResponseFailed(ErrorHandler.java:145)
	at org.openqa.selenium.remote.RemoteWebDriver.execute(RemoteWebDriver.java:554)
	at org.openqa.selenium.remote.RemoteWebDriver.findElement(RemoteWebDriver.java:307)
	at org.openqa.selenium.remote.RemoteWebDriver.findElementByCssSelector(RemoteWebDriver.java:396)
	at org.openqa.selenium.By$ByCssSelector.findElement(By.java:406)
	at org.openqa.selenium.remote.RemoteWebDriver.findElement(RemoteWebDriver.java:299)
	at sun.reflect.GeneratedMethodAccessor8.invoke(Unknown Source)
	at sun.reflect.DelegatingMethodAccessorImpl.invoke(DelegatingMethodAccessorImpl.java:43)
	at java.lang.reflect.Method.invoke(Method.java:606)
	at org.openqa.selenium.support.events.EventFiringWebDriver$2.invoke(EventFiringWebDriver.java:101)
	at com.sun.proxy.$Proxy16.findElement(Unknown Source)
	at org.openqa.selenium.support.events.EventFiringWebDriver.findElement(EventFiringWebDriver.java:180)
	at org.openqa.selenium.support.ui.ExpectedConditions.findElement(ExpectedConditions.java:523)
	at org.openqa.selenium.support.ui.ExpectedConditions.access$000(ExpectedConditions.java:39)
	at org.openqa.selenium.support.ui.ExpectedConditions$4.apply(ExpectedConditions.java:130)
	at org.openqa.selenium.support.ui.ExpectedConditions$4.apply(ExpectedConditions.java:126)
	at org.openqa.selenium.support.ui.FluentWait.until(FluentWait.java:208)
	at com.mifos.pages.MifosWebPage.waitForElementToBeVisible(MifosWebPage.java:210)
	at com.mifos.pages.MifosWebPage.getElement(MifosWebPage.java:699)
	at com.mifos.pages.MifosWebPage.getElement(MifosWebPage.java:684)
	at com.mifos.pages.MifosWebPage.getSingleText(MifosWebPage.java:941)
	at com.mifos.pages.MifosWebPage.validateSame(MifosWebPage.java:947)
	at com.mifos.pages.MifosWebPage.verifySuccessMessage(MifosWebPage.java:1815)
	at com.mifos.pages.FrontPage.verifyProductLoanExcelSheet(FrontPage.java:472)
	at com.mifos.steps.LoanProductSteps.I_should_see_product_loan_created_successfully(LoanProductSteps.java:27)
	at sun.reflect.GeneratedMethodAccessor59.invoke(Unknown Source)
	at sun.reflect.DelegatingMethodAccessorImpl.invoke(DelegatingMethodAccessorImpl.java:43)
	at java.lang.reflect.Method.invoke(Method.java:606)
	at cucumber.runtime.Utils$1.call(Utils.java:44)
	at cucumber.runtime.Timeout.timeout(Timeout.java:12)
	at cucumber.runtime.Utils.invoke(Utils.java:40)
	at cucumber.runtime.java.JavaStepDefinition.execute(JavaStepDefinition.java:35)
	at cucumber.runtime.StepDefinitionMatch.runStep(StepDefinitionMatch.java:38)
	at cucumber.runtime.Runtime.runStep(Runtime.java:268)
	at cucumber.runtime.model.StepContainer.runStep(StepContainer.java:45)
	at cucumber.runtime.model.StepContainer.runSteps(StepContainer.java:40)
	at cucumber.runtime.model.CucumberScenario.run(CucumberScenario.java:36)
	at cucumber.runtime.junit.ExecutionUnitRunner.run(ExecutionUnitRunner.java:83)
	at org.junit.runners.Suite.runChild(Suite.java:127)
	at org.junit.runners.Suite.runChild(Suite.java:26)
	at org.junit.runners.ParentRunner$3.run(ParentRunner.java:238)
	at org.junit.runners.ParentRunner$1.schedule(ParentRunner.java:63)
	at org.junit.runners.ParentRunner.runChildren(ParentRunner.java:236)
	at org.junit.runners.ParentRunner.access$000(ParentRunner.java:53)
	at org.junit.runners.ParentRunner$2.evaluate(ParentRunner.java:229)
	at org.junit.runners.ParentRunner.run(ParentRunner.java:309)
	at org.junit.runners.Suite.runChild(Suite.java:127)
	at org.junit.runners.Suite.runChild(Suite.java:26)
	at org.junit.runners.ParentRunner$3.run(ParentRunner.java:238)
	at org.junit.runners.ParentRunner$1.schedule(ParentRunner.java:63)
	at org.junit.runners.ParentRunner.runChildren(ParentRunner.java:236)
	at org.junit.runners.ParentRunner.access$000(ParentRunner.java:53)
	at org.junit.runners.ParentRunner$2.evaluate(ParentRunner.java:229)
	at org.junit.runners.ParentRunner.run(ParentRunner.java:309)
	at cucumber.runtime.junit.FeatureRunner.runChild(FeatureRunner.java:63)
	at cucumber.runtime.junit.FeatureRunner.runChild(FeatureRunner.java:18)
	at org.junit.runners.ParentRunner$3.run(ParentRunner.java:238)
	at org.junit.runners.ParentRunner$1.schedule(ParentRunner.java:63)
	at org.junit.runners.ParentRunner.runChildren(ParentRunner.java:236)
	at org.junit.runners.ParentRunner.access$000(ParentRunner.java:53)
	at org.junit.runners.ParentRunner$2.evaluate(ParentRunner.java:229)
	at org.junit.runners.ParentRunner.run(ParentRunner.java:309)
	at cucumber.runtime.junit.FeatureRunner.run(FeatureRunner.java:70)
	at cucumber.api.junit.Cucumber.runChild(Cucumber.java:77)
	at cucumber.api.junit.Cucumber.runChild(Cucumber.java:37)
	at org.junit.runners.ParentRunner$3.run(ParentRunner.java:238)
	at org.junit.runners.ParentRunner$1.schedule(ParentRunner.java:63)
	at org.junit.runners.ParentRunner.runChildren(ParentRunner.java:236)
	at org.junit.runners.ParentRunner.access$000(ParentRunner.java:53)
	at org.junit.runners.ParentRunner$2.evaluate(ParentRunner.java:229)
	at org.junit.runners.ParentRunner.run(ParentRunner.java:309)
	at cucumber.api.junit.Cucumber.run(Cucumber.java:82)
	at org.apache.maven.surefire.junit4.JUnit4Provider.execute(JUnit4Provider.java:252)
	at org.apache.maven.surefire.junit4.JUnit4Provider.executeTestSet(JUnit4Provider.java:141)
	at org.apache.maven.surefire.junit4.JUnit4Provider.invoke(JUnit4Provider.java:112)
	at sun.reflect.NativeMethodAccessorImpl.invoke0(Native Method)
	at sun.reflect.NativeMethodAccessorImpl.invoke(NativeMethodAccessorImpl.java:57)
	at sun.reflect.DelegatingMethodAccessorImpl.invoke(DelegatingMethodAccessorImpl.java:43)
	at java.lang.reflect.Method.invoke(Method.java:606)
	at org.apache.maven.surefire.util.ReflectionUtils.invokeMethodWithArray(ReflectionUtils.java:189)
	at org.apache.maven.surefire.booter.ProviderFactory$ProviderProxy.invoke(ProviderFactory.java:165)
	at org.apache.maven.surefire.booter.ProviderFactory.invokeProvider(ProviderFactory.java:85)
	at org.apache.maven.surefire.booter.ForkedBooter.runSuitesInProcess(ForkedBooter.java:113)
	at org.apache.maven.surefire.booter.ForkedBooter.main(ForkedBooter.java:75)
</error>
  </testcase>
  <testcase time="0" classname="| 775-RBI-EI-DB-DL-REC-NON-RNI-CTRFD-SAR-MD-TR-1-Late Repayment-Loanproduct4.xlsx |" name="Given I navigate to mifos"/>
  <testcase time="0" classname="| 775-RBI-EI-DB-DL-REC-NON-RNI-CTRFD-SAR-MD-TR-1-Late Repayment-Loanproduct4.xlsx |" name="And I use login folder"/>
  <testcase time="0" classname="| 775-RBI-EI-DB-DL-REC-NON-RNI-CTRFD-SAR-MD-TR-1-Late Repayment-Loanproduct4.xlsx |" name="When I login into mifos site using excel sheet"/>
  <testcase time="0" classname="| 775-RBI-EI-DB-DL-REC-NON-RNI-CTRFD-SAR-MD-TR-1-Late Repayment-Loanproduct4.xlsx |" name="Then I should see logged in successfully"/>
  <testcase time="0" classname="| 775-RBI-EI-DB-DL-REC-NON-RNI-CTRFD-SAR-MD-TR-1-Late Repayment-Loanproduct4.xlsx |" name="Given I setup the product loan"/>
  <testcase time="0" classname="| 775-RBI-EI-DB-DL-REC-NON-RNI-CTRFD-SAR-MD-TR-1-Late Repayment-Loanproduct4.xlsx |" name="And I entered the values into product loan using"/>
  <testcase time="0" classname="| 775-RBI-EI-DB-DL-REC-NON-RNI-CTRFD-SAR-MD-TR-1-Late Repayment-Loanproduct4.xlsx |" name="Then I should see product loan created successfully">
    <error message="Timed out after 100 seconds waiting for visibility of element located by By.selector: legend.ng-binding
Build info: version: &apos;2.29.1&apos;, revision: &apos;dfb1306b85be4934d23c123122e06e602a15e446&apos;, time: &apos;2013-01-22 12:58:05&apos;
System info: os.name: &apos;Windows Server 2012&apos;, os.arch: &apos;amd64&apos;, os.version: &apos;6.2&apos;, java.version: &apos;1.7.0_51&apos;
Driver info: driver.version: unknown" type="org.openqa.selenium.TimeoutException">org.openqa.selenium.TimeoutException: Timed out after 100 seconds waiting for visibility of element located by By.selector: legend.ng-binding
Build info: version: &apos;2.29.1&apos;, revision: &apos;dfb1306b85be4934d23c123122e06e602a15e446&apos;, time: &apos;2013-01-22 12:58:05&apos;
System info: os.name: &apos;Windows Server 2012&apos;, os.arch: &apos;amd64&apos;, os.version: &apos;6.2&apos;, java.version: &apos;1.7.0_51&apos;
Driver info: driver.version: unknown
	at org.openqa.selenium.support.ui.FluentWait.timeoutException(FluentWait.java:259)
	at org.openqa.selenium.support.ui.FluentWait.until(FluentWait.java:228)
	at com.mifos.pages.MifosWebPage.waitForElementToBeVisible(MifosWebPage.java:210)
	at com.mifos.pages.MifosWebPage.getElement(MifosWebPage.java:699)
	at com.mifos.pages.MifosWebPage.getElement(MifosWebPage.java:684)
	at com.mifos.pages.MifosWebPage.getSingleText(MifosWebPage.java:941)
	at com.mifos.pages.MifosWebPage.validateSame(MifosWebPage.java:947)
	at com.mifos.pages.MifosWebPage.verifySuccessMessage(MifosWebPage.java:1815)
	at com.mifos.pages.FrontPage.verifyProductLoanExcelSheet(FrontPage.java:472)
	at com.mifos.steps.LoanProductSteps.I_should_see_product_loan_created_successfully(LoanProductSteps.java:27)
	at ✽.Then I should see product loan created successfully(LoanRBI.feature:18)
Caused by: org.openqa.selenium.NoSuchElementException: no such element
  (Session info: chrome=43.0.2357.124)
  (Driver info: chromedriver=2.8.241075,platform=Windows NT 6.3 x86_64) (WARNING: The server did not provide any stacktrace information)
Command duration or timeout: 30.05 seconds
For documentation on this error, please visit: http://seleniumhq.org/exceptions/no_such_element.html
Build info: version: &apos;2.29.1&apos;, revision: &apos;dfb1306b85be4934d23c123122e06e602a15e446&apos;, time: &apos;2013-01-22 12:58:05&apos;
System info: os.name: &apos;Windows Server 2012&apos;, os.arch: &apos;amd64&apos;, os.version: &apos;6.2&apos;, java.version: &apos;1.7.0_51&apos;
Session ID: b8cba0c6af7cf5c29ba0abe8445d1a5d
Driver info: org.openqa.selenium.chrome.ChromeDriver
Capabilities [{platform=XP, acceptSslCerts=true, javascriptEnabled=true, browserName=chrome, chrome={userDataDir=C:\Users\ADMINI~1\AppData\Local\Temp\2\scoped_dir4636_8848}, rotatable=false, locationContextEnabled=true, version=43.0.2357.124, takesHeapSnapshot=true, cssSelectorsEnabled=true, databaseEnabled=false, handlesAlerts=true, browserConnectionEnabled=false, webStorageEnabled=true, nativeEvents=true, applicationCacheEnabled=false, takesScreenshot=true}]
	at sun.reflect.GeneratedConstructorAccessor53.newInstance(Unknown Source)
	at sun.reflect.DelegatingConstructorAccessorImpl.newInstance(DelegatingConstructorAccessorImpl.java:45)
	at java.lang.reflect.Constructor.newInstance(Constructor.java:526)
	at org.openqa.selenium.remote.ErrorHandler.createThrowable(ErrorHandler.java:187)
	at org.openqa.selenium.remote.ErrorHandler.throwIfResponseFailed(ErrorHandler.java:145)
	at org.openqa.selenium.remote.RemoteWebDriver.execute(RemoteWebDriver.java:554)
	at org.openqa.selenium.remote.RemoteWebDriver.findElement(RemoteWebDriver.java:307)
	at org.openqa.selenium.remote.RemoteWebDriver.findElementByCssSelector(RemoteWebDriver.java:396)
	at org.openqa.selenium.By$ByCssSelector.findElement(By.java:406)
	at org.openqa.selenium.remote.RemoteWebDriver.findElement(RemoteWebDriver.java:299)
	at sun.reflect.GeneratedMethodAccessor8.invoke(Unknown Source)
	at sun.reflect.DelegatingMethodAccessorImpl.invoke(DelegatingMethodAccessorImpl.java:43)
	at java.lang.reflect.Method.invoke(Method.java:606)
	at org.openqa.selenium.support.events.EventFiringWebDriver$2.invoke(EventFiringWebDriver.java:101)
	at com.sun.proxy.$Proxy16.findElement(Unknown Source)
	at org.openqa.selenium.support.events.EventFiringWebDriver.findElement(EventFiringWebDriver.java:180)
	at org.openqa.selenium.support.ui.ExpectedConditions.findElement(ExpectedConditions.java:523)
	at org.openqa.selenium.support.ui.ExpectedConditions.access$000(ExpectedConditions.java:39)
	at org.openqa.selenium.support.ui.ExpectedConditions$4.apply(ExpectedConditions.java:130)
	at org.openqa.selenium.support.ui.ExpectedConditions$4.apply(ExpectedConditions.java:126)
	at org.openqa.selenium.support.ui.FluentWait.until(FluentWait.java:208)
	at com.mifos.pages.MifosWebPage.waitForElementToBeVisible(MifosWebPage.java:210)
	at com.mifos.pages.MifosWebPage.getElement(MifosWebPage.java:699)
	at com.mifos.pages.MifosWebPage.getElement(MifosWebPage.java:684)
	at com.mifos.pages.MifosWebPage.getSingleText(MifosWebPage.java:941)
	at com.mifos.pages.MifosWebPage.validateSame(MifosWebPage.java:947)
	at com.mifos.pages.MifosWebPage.verifySuccessMessage(MifosWebPage.java:1815)
	at com.mifos.pages.FrontPage.verifyProductLoanExcelSheet(FrontPage.java:472)
	at com.mifos.steps.LoanProductSteps.I_should_see_product_loan_created_successfully(LoanProductSteps.java:27)
	at sun.reflect.GeneratedMethodAccessor59.invoke(Unknown Source)
	at sun.reflect.DelegatingMethodAccessorImpl.invoke(DelegatingMethodAccessorImpl.java:43)
	at java.lang.reflect.Method.invoke(Method.java:606)
	at cucumber.runtime.Utils$1.call(Utils.java:44)
	at cucumber.runtime.Timeout.timeout(Timeout.java:12)
	at cucumber.runtime.Utils.invoke(Utils.java:40)
	at cucumber.runtime.java.JavaStepDefinition.execute(JavaStepDefinition.java:35)
	at cucumber.runtime.StepDefinitionMatch.runStep(StepDefinitionMatch.java:38)
	at cucumber.runtime.Runtime.runStep(Runtime.java:268)
	at cucumber.runtime.model.StepContainer.runStep(StepContainer.java:45)
	at cucumber.runtime.model.StepContainer.runSteps(StepContainer.java:40)
	at cucumber.runtime.model.CucumberScenario.run(CucumberScenario.java:36)
	at cucumber.runtime.junit.ExecutionUnitRunner.run(ExecutionUnitRunner.java:83)
	at org.junit.runners.Suite.runChild(Suite.java:127)
	at org.junit.runners.Suite.runChild(Suite.java:26)
	at org.junit.runners.ParentRunner$3.run(ParentRunner.java:238)
	at org.junit.runners.ParentRunner$1.schedule(ParentRunner.java:63)
	at org.junit.runners.ParentRunner.runChildren(ParentRunner.java:236)
	at org.junit.runners.ParentRunner.access$000(ParentRunner.java:53)
	at org.junit.runners.ParentRunner$2.evaluate(ParentRunner.java:229)
	at org.junit.runners.ParentRunner.run(ParentRunner.java:309)
	at org.junit.runners.Suite.runChild(Suite.java:127)
	at org.junit.runners.Suite.runChild(Suite.java:26)
	at org.junit.runners.ParentRunner$3.run(ParentRunner.java:238)
	at org.junit.runners.ParentRunner$1.schedule(ParentRunner.java:63)
	at org.junit.runners.ParentRunner.runChildren(ParentRunner.java:236)
	at org.junit.runners.ParentRunner.access$000(ParentRunner.java:53)
	at org.junit.runners.ParentRunner$2.evaluate(ParentRunner.java:229)
	at org.junit.runners.ParentRunner.run(ParentRunner.java:309)
	at cucumber.runtime.junit.FeatureRunner.runChild(FeatureRunner.java:63)
	at cucumber.runtime.junit.FeatureRunner.runChild(FeatureRunner.java:18)
	at org.junit.runners.ParentRunner$3.run(ParentRunner.java:238)
	at org.junit.runners.ParentRunner$1.schedule(ParentRunner.java:63)
	at org.junit.runners.ParentRunner.runChildren(ParentRunner.java:236)
	at org.junit.runners.ParentRunner.access$000(ParentRunner.java:53)
	at org.junit.runners.ParentRunner$2.evaluate(ParentRunner.java:229)
	at org.junit.runners.ParentRunner.run(ParentRunner.java:309)
	at cucumber.runtime.junit.FeatureRunner.run(FeatureRunner.java:70)
	at cucumber.api.junit.Cucumber.runChild(Cucumber.java:77)
	at cucumber.api.junit.Cucumber.runChild(Cucumber.java:37)
	at org.junit.runners.ParentRunner$3.run(ParentRunner.java:238)
	at org.junit.runners.ParentRunner$1.schedule(ParentRunner.java:63)
	at org.junit.runners.ParentRunner.runChildren(ParentRunner.java:236)
	at org.junit.runners.ParentRunner.access$000(ParentRunner.java:53)
	at org.junit.runners.ParentRunner$2.evaluate(ParentRunner.java:229)
	at org.junit.runners.ParentRunner.run(ParentRunner.java:309)
	at cucumber.api.junit.Cucumber.run(Cucumber.java:82)
	at org.apache.maven.surefire.junit4.JUnit4Provider.execute(JUnit4Provider.java:252)
	at org.apache.maven.surefire.junit4.JUnit4Provider.executeTestSet(JUnit4Provider.java:141)
	at org.apache.maven.surefire.junit4.JUnit4Provider.invoke(JUnit4Provider.java:112)
	at sun.reflect.NativeMethodAccessorImpl.invoke0(Native Method)
	at sun.reflect.NativeMethodAccessorImpl.invoke(NativeMethodAccessorImpl.java:57)
	at sun.reflect.DelegatingMethodAccessorImpl.invoke(DelegatingMethodAccessorImpl.java:43)
	at java.lang.reflect.Method.invoke(Method.java:606)
	at org.apache.maven.surefire.util.ReflectionUtils.invokeMethodWithArray(ReflectionUtils.java:189)
	at org.apache.maven.surefire.booter.ProviderFactory$ProviderProxy.invoke(ProviderFactory.java:165)
	at org.apache.maven.surefire.booter.ProviderFactory.invokeProvider(ProviderFactory.java:85)
	at org.apache.maven.surefire.booter.ForkedBooter.runSuitesInProcess(ForkedBooter.java:113)
	at org.apache.maven.surefire.booter.ForkedBooter.main(ForkedBooter.java:75)
</error>
    <system-out>welcome to mifos through excel
Cell One ... key=productname
775-RBI-EI-DB-DL-REC-NON-RNI-CTRFD-SAR-MD-TR-1-Late Repayment
775-RBI-EI-DB-DL-REC-NON-RNI-CTRFD-SAR-MD-TR-1-Late Repayment
</system-out>
  </testcase>
  <testcase time="0" classname="| 775-RBI-EI-DB-DL-REC-NON-RNI-CTRFD-SAR-MD-TR-1-Late Repayment-Loanproduct4.xlsx |" name="| 775-RBI-EI-DB-DL-REC-NON-RNI-CTRFD-SAR-MD-TR-1-Late Repayment-Loanproduct4.xlsx |">
    <error message="Timed out after 100 seconds waiting for visibility of element located by By.selector: legend.ng-binding
Build info: version: &apos;2.29.1&apos;, revision: &apos;dfb1306b85be4934d23c123122e06e602a15e446&apos;, time: &apos;2013-01-22 12:58:05&apos;
System info: os.name: &apos;Windows Server 2012&apos;, os.arch: &apos;amd64&apos;, os.version: &apos;6.2&apos;, java.version: &apos;1.7.0_51&apos;
Driver info: driver.version: unknown" type="org.openqa.selenium.TimeoutException">org.openqa.selenium.TimeoutException: Timed out after 100 seconds waiting for visibility of element located by By.selector: legend.ng-binding
Build info: version: &apos;2.29.1&apos;, revision: &apos;dfb1306b85be4934d23c123122e06e602a15e446&apos;, time: &apos;2013-01-22 12:58:05&apos;
System info: os.name: &apos;Windows Server 2012&apos;, os.arch: &apos;amd64&apos;, os.version: &apos;6.2&apos;, java.version: &apos;1.7.0_51&apos;
Driver info: driver.version: unknown
	at org.openqa.selenium.support.ui.FluentWait.timeoutException(FluentWait.java:259)
	at org.openqa.selenium.support.ui.FluentWait.until(FluentWait.java:228)
	at com.mifos.pages.MifosWebPage.waitForElementToBeVisible(MifosWebPage.java:210)
	at com.mifos.pages.MifosWebPage.getElement(MifosWebPage.java:699)
	at com.mifos.pages.MifosWebPage.getElement(MifosWebPage.java:684)
	at com.mifos.pages.MifosWebPage.getSingleText(MifosWebPage.java:941)
	at com.mifos.pages.MifosWebPage.validateSame(MifosWebPage.java:947)
	at com.mifos.pages.MifosWebPage.verifySuccessMessage(MifosWebPage.java:1815)
	at com.mifos.pages.FrontPage.verifyProductLoanExcelSheet(FrontPage.java:472)
	at com.mifos.steps.LoanProductSteps.I_should_see_product_loan_created_successfully(LoanProductSteps.java:27)
	at ✽.Then I should see product loan created successfully(LoanRBI.feature:18)
Caused by: org.openqa.selenium.NoSuchElementException: no such element
  (Session info: chrome=43.0.2357.124)
  (Driver info: chromedriver=2.8.241075,platform=Windows NT 6.3 x86_64) (WARNING: The server did not provide any stacktrace information)
Command duration or timeout: 30.05 seconds
For documentation on this error, please visit: http://seleniumhq.org/exceptions/no_such_element.html
Build info: version: &apos;2.29.1&apos;, revision: &apos;dfb1306b85be4934d23c123122e06e602a15e446&apos;, time: &apos;2013-01-22 12:58:05&apos;
System info: os.name: &apos;Windows Server 2012&apos;, os.arch: &apos;amd64&apos;, os.version: &apos;6.2&apos;, java.version: &apos;1.7.0_51&apos;
Session ID: b8cba0c6af7cf5c29ba0abe8445d1a5d
Driver info: org.openqa.selenium.chrome.ChromeDriver
Capabilities [{platform=XP, acceptSslCerts=true, javascriptEnabled=true, browserName=chrome, chrome={userDataDir=C:\Users\ADMINI~1\AppData\Local\Temp\2\scoped_dir4636_8848}, rotatable=false, locationContextEnabled=true, version=43.0.2357.124, takesHeapSnapshot=true, cssSelectorsEnabled=true, databaseEnabled=false, handlesAlerts=true, browserConnectionEnabled=false, webStorageEnabled=true, nativeEvents=true, applicationCacheEnabled=false, takesScreenshot=true}]
	at sun.reflect.GeneratedConstructorAccessor53.newInstance(Unknown Source)
	at sun.reflect.DelegatingConstructorAccessorImpl.newInstance(DelegatingConstructorAccessorImpl.java:45)
	at java.lang.reflect.Constructor.newInstance(Constructor.java:526)
	at org.openqa.selenium.remote.ErrorHandler.createThrowable(ErrorHandler.java:187)
	at org.openqa.selenium.remote.ErrorHandler.throwIfResponseFailed(ErrorHandler.java:145)
	at org.openqa.selenium.remote.RemoteWebDriver.execute(RemoteWebDriver.java:554)
	at org.openqa.selenium.remote.RemoteWebDriver.findElement(RemoteWebDriver.java:307)
	at org.openqa.selenium.remote.RemoteWebDriver.findElementByCssSelector(RemoteWebDriver.java:396)
	at org.openqa.selenium.By$ByCssSelector.findElement(By.java:406)
	at org.openqa.selenium.remote.RemoteWebDriver.findElement(RemoteWebDriver.java:299)
	at sun.reflect.GeneratedMethodAccessor8.invoke(Unknown Source)
	at sun.reflect.DelegatingMethodAccessorImpl.invoke(DelegatingMethodAccessorImpl.java:43)
	at java.lang.reflect.Method.invoke(Method.java:606)
	at org.openqa.selenium.support.events.EventFiringWebDriver$2.invoke(EventFiringWebDriver.java:101)
	at com.sun.proxy.$Proxy16.findElement(Unknown Source)
	at org.openqa.selenium.support.events.EventFiringWebDriver.findElement(EventFiringWebDriver.java:180)
	at org.openqa.selenium.support.ui.ExpectedConditions.findElement(ExpectedConditions.java:523)
	at org.openqa.selenium.support.ui.ExpectedConditions.access$000(ExpectedConditions.java:39)
	at org.openqa.selenium.support.ui.ExpectedConditions$4.apply(ExpectedConditions.java:130)
	at org.openqa.selenium.support.ui.ExpectedConditions$4.apply(ExpectedConditions.java:126)
	at org.openqa.selenium.support.ui.FluentWait.until(FluentWait.java:208)
	at com.mifos.pages.MifosWebPage.waitForElementToBeVisible(MifosWebPage.java:210)
	at com.mifos.pages.MifosWebPage.getElement(MifosWebPage.java:699)
	at com.mifos.pages.MifosWebPage.getElement(MifosWebPage.java:684)
	at com.mifos.pages.MifosWebPage.getSingleText(MifosWebPage.java:941)
	at com.mifos.pages.MifosWebPage.validateSame(MifosWebPage.java:947)
	at com.mifos.pages.MifosWebPage.verifySuccessMessage(MifosWebPage.java:1815)
	at com.mifos.pages.FrontPage.verifyProductLoanExcelSheet(FrontPage.java:472)
	at com.mifos.steps.LoanProductSteps.I_should_see_product_loan_created_successfully(LoanProductSteps.java:27)
	at sun.reflect.GeneratedMethodAccessor59.invoke(Unknown Source)
	at sun.reflect.DelegatingMethodAccessorImpl.invoke(DelegatingMethodAccessorImpl.java:43)
	at java.lang.reflect.Method.invoke(Method.java:606)
	at cucumber.runtime.Utils$1.call(Utils.java:44)
	at cucumber.runtime.Timeout.timeout(Timeout.java:12)
	at cucumber.runtime.Utils.invoke(Utils.java:40)
	at cucumber.runtime.java.JavaStepDefinition.execute(JavaStepDefinition.java:35)
	at cucumber.runtime.StepDefinitionMatch.runStep(StepDefinitionMatch.java:38)
	at cucumber.runtime.Runtime.runStep(Runtime.java:268)
	at cucumber.runtime.model.StepContainer.runStep(StepContainer.java:45)
	at cucumber.runtime.model.StepContainer.runSteps(StepContainer.java:40)
	at cucumber.runtime.model.CucumberScenario.run(CucumberScenario.java:36)
	at cucumber.runtime.junit.ExecutionUnitRunner.run(ExecutionUnitRunner.java:83)
	at org.junit.runners.Suite.runChild(Suite.java:127)
	at org.junit.runners.Suite.runChild(Suite.java:26)
	at org.junit.runners.ParentRunner$3.run(ParentRunner.java:238)
	at org.junit.runners.ParentRunner$1.schedule(ParentRunner.java:63)
	at org.junit.runners.ParentRunner.runChildren(ParentRunner.java:236)
	at org.junit.runners.ParentRunner.access$000(ParentRunner.java:53)
	at org.junit.runners.ParentRunner$2.evaluate(ParentRunner.java:229)
	at org.junit.runners.ParentRunner.run(ParentRunner.java:309)
	at org.junit.runners.Suite.runChild(Suite.java:127)
	at org.junit.runners.Suite.runChild(Suite.java:26)
	at org.junit.runners.ParentRunner$3.run(ParentRunner.java:238)
	at org.junit.runners.ParentRunner$1.schedule(ParentRunner.java:63)
	at org.junit.runners.ParentRunner.runChildren(ParentRunner.java:236)
	at org.junit.runners.ParentRunner.access$000(ParentRunner.java:53)
	at org.junit.runners.ParentRunner$2.evaluate(ParentRunner.java:229)
	at org.junit.runners.ParentRunner.run(ParentRunner.java:309)
	at cucumber.runtime.junit.FeatureRunner.runChild(FeatureRunner.java:63)
	at cucumber.runtime.junit.FeatureRunner.runChild(FeatureRunner.java:18)
	at org.junit.runners.ParentRunner$3.run(ParentRunner.java:238)
	at org.junit.runners.ParentRunner$1.schedule(ParentRunner.java:63)
	at org.junit.runners.ParentRunner.runChildren(ParentRunner.java:236)
	at org.junit.runners.ParentRunner.access$000(ParentRunner.java:53)
	at org.junit.runners.ParentRunner$2.evaluate(ParentRunner.java:229)
	at org.junit.runners.ParentRunner.run(ParentRunner.java:309)
	at cucumber.runtime.junit.FeatureRunner.run(FeatureRunner.java:70)
	at cucumber.api.junit.Cucumber.runChild(Cucumber.java:77)
	at cucumber.api.junit.Cucumber.runChild(Cucumber.java:37)
	at org.junit.runners.ParentRunner$3.run(ParentRunner.java:238)
	at org.junit.runners.ParentRunner$1.schedule(ParentRunner.java:63)
	at org.junit.runners.ParentRunner.runChildren(ParentRunner.java:236)
	at org.junit.runners.ParentRunner.access$000(ParentRunner.java:53)
	at org.junit.runners.ParentRunner$2.evaluate(ParentRunner.java:229)
	at org.junit.runners.ParentRunner.run(ParentRunner.java:309)
	at cucumber.api.junit.Cucumber.run(Cucumber.java:82)
	at org.apache.maven.surefire.junit4.JUnit4Provider.execute(JUnit4Provider.java:252)
	at org.apache.maven.surefire.junit4.JUnit4Provider.executeTestSet(JUnit4Provider.java:141)
	at org.apache.maven.surefire.junit4.JUnit4Provider.invoke(JUnit4Provider.java:112)
	at sun.reflect.NativeMethodAccessorImpl.invoke0(Native Method)
	at sun.reflect.NativeMethodAccessorImpl.invoke(NativeMethodAccessorImpl.java:57)
	at sun.reflect.DelegatingMethodAccessorImpl.invoke(DelegatingMethodAccessorImpl.java:43)
	at java.lang.reflect.Method.invoke(Method.java:606)
	at org.apache.maven.surefire.util.ReflectionUtils.invokeMethodWithArray(ReflectionUtils.java:189)
	at org.apache.maven.surefire.booter.ProviderFactory$ProviderProxy.invoke(ProviderFactory.java:165)
	at org.apache.maven.surefire.booter.ProviderFactory.invokeProvider(ProviderFactory.java:85)
	at org.apache.maven.surefire.booter.ForkedBooter.runSuitesInProcess(ForkedBooter.java:113)
	at org.apache.maven.surefire.booter.ForkedBooter.main(ForkedBooter.java:75)
</error>
  </testcase>
  <testcase time="0" classname="| 776-RBI-EI-DB-DL-REC-NON-RNI-CTRFD-DL-MD-TR-1-Late Repayment-Loanproduct4.xlsx |" name="Given I navigate to mifos"/>
  <testcase time="0" classname="| 776-RBI-EI-DB-DL-REC-NON-RNI-CTRFD-DL-MD-TR-1-Late Repayment-Loanproduct4.xlsx |" name="And I use login folder"/>
  <testcase time="0" classname="| 776-RBI-EI-DB-DL-REC-NON-RNI-CTRFD-DL-MD-TR-1-Late Repayment-Loanproduct4.xlsx |" name="When I login into mifos site using excel sheet"/>
  <testcase time="0" classname="| 776-RBI-EI-DB-DL-REC-NON-RNI-CTRFD-DL-MD-TR-1-Late Repayment-Loanproduct4.xlsx |" name="Then I should see logged in successfully"/>
  <testcase time="0" classname="| 776-RBI-EI-DB-DL-REC-NON-RNI-CTRFD-DL-MD-TR-1-Late Repayment-Loanproduct4.xlsx |" name="Given I setup the product loan"/>
  <testcase time="0" classname="| 776-RBI-EI-DB-DL-REC-NON-RNI-CTRFD-DL-MD-TR-1-Late Repayment-Loanproduct4.xlsx |" name="And I entered the values into product loan using"/>
  <testcase time="0" classname="| 776-RBI-EI-DB-DL-REC-NON-RNI-CTRFD-DL-MD-TR-1-Late Repayment-Loanproduct4.xlsx |" name="Then I should see product loan created successfully">
    <error message="Timed out after 100 seconds waiting for visibility of element located by By.selector: legend.ng-binding
Build info: version: &apos;2.29.1&apos;, revision: &apos;dfb1306b85be4934d23c123122e06e602a15e446&apos;, time: &apos;2013-01-22 12:58:05&apos;
System info: os.name: &apos;Windows Server 2012&apos;, os.arch: &apos;amd64&apos;, os.version: &apos;6.2&apos;, java.version: &apos;1.7.0_51&apos;
Driver info: driver.version: unknown" type="org.openqa.selenium.TimeoutException">org.openqa.selenium.TimeoutException: Timed out after 100 seconds waiting for visibility of element located by By.selector: legend.ng-binding
Build info: version: &apos;2.29.1&apos;, revision: &apos;dfb1306b85be4934d23c123122e06e602a15e446&apos;, time: &apos;2013-01-22 12:58:05&apos;
System info: os.name: &apos;Windows Server 2012&apos;, os.arch: &apos;amd64&apos;, os.version: &apos;6.2&apos;, java.version: &apos;1.7.0_51&apos;
Driver info: driver.version: unknown
	at org.openqa.selenium.support.ui.FluentWait.timeoutException(FluentWait.java:259)
	at org.openqa.selenium.support.ui.FluentWait.until(FluentWait.java:228)
	at com.mifos.pages.MifosWebPage.waitForElementToBeVisible(MifosWebPage.java:210)
	at com.mifos.pages.MifosWebPage.getElement(MifosWebPage.java:699)
	at com.mifos.pages.MifosWebPage.getElement(MifosWebPage.java:684)
	at com.mifos.pages.MifosWebPage.getSingleText(MifosWebPage.java:941)
	at com.mifos.pages.MifosWebPage.validateSame(MifosWebPage.java:947)
	at com.mifos.pages.MifosWebPage.verifySuccessMessage(MifosWebPage.java:1815)
	at com.mifos.pages.FrontPage.verifyProductLoanExcelSheet(FrontPage.java:472)
	at com.mifos.steps.LoanProductSteps.I_should_see_product_loan_created_successfully(LoanProductSteps.java:27)
	at ✽.Then I should see product loan created successfully(LoanRBI.feature:18)
Caused by: org.openqa.selenium.NoSuchElementException: no such element
  (Session info: chrome=43.0.2357.124)
  (Driver info: chromedriver=2.8.241075,platform=Windows NT 6.3 x86_64) (WARNING: The server did not provide any stacktrace information)
Command duration or timeout: 30.05 seconds
For documentation on this error, please visit: http://seleniumhq.org/exceptions/no_such_element.html
Build info: version: &apos;2.29.1&apos;, revision: &apos;dfb1306b85be4934d23c123122e06e602a15e446&apos;, time: &apos;2013-01-22 12:58:05&apos;
System info: os.name: &apos;Windows Server 2012&apos;, os.arch: &apos;amd64&apos;, os.version: &apos;6.2&apos;, java.version: &apos;1.7.0_51&apos;
Session ID: c2725f5cd4fbf07c7325aca1765e99ff
Driver info: org.openqa.selenium.chrome.ChromeDriver
Capabilities [{platform=XP, acceptSslCerts=true, javascriptEnabled=true, browserName=chrome, chrome={userDataDir=C:\Users\ADMINI~1\AppData\Local\Temp\2\scoped_dir5096_32528}, rotatable=false, locationContextEnabled=true, version=43.0.2357.124, takesHeapSnapshot=true, cssSelectorsEnabled=true, databaseEnabled=false, handlesAlerts=true, browserConnectionEnabled=false, webStorageEnabled=true, nativeEvents=true, applicationCacheEnabled=false, takesScreenshot=true}]
	at sun.reflect.GeneratedConstructorAccessor53.newInstance(Unknown Source)
	at sun.reflect.DelegatingConstructorAccessorImpl.newInstance(DelegatingConstructorAccessorImpl.java:45)
	at java.lang.reflect.Constructor.newInstance(Constructor.java:526)
	at org.openqa.selenium.remote.ErrorHandler.createThrowable(ErrorHandler.java:187)
	at org.openqa.selenium.remote.ErrorHandler.throwIfResponseFailed(ErrorHandler.java:145)
	at org.openqa.selenium.remote.RemoteWebDriver.execute(RemoteWebDriver.java:554)
	at org.openqa.selenium.remote.RemoteWebDriver.findElement(RemoteWebDriver.java:307)
	at org.openqa.selenium.remote.RemoteWebDriver.findElementByCssSelector(RemoteWebDriver.java:396)
	at org.openqa.selenium.By$ByCssSelector.findElement(By.java:406)
	at org.openqa.selenium.remote.RemoteWebDriver.findElement(RemoteWebDriver.java:299)
	at sun.reflect.GeneratedMethodAccessor8.invoke(Unknown Source)
	at sun.reflect.DelegatingMethodAccessorImpl.invoke(DelegatingMethodAccessorImpl.java:43)
	at java.lang.reflect.Method.invoke(Method.java:606)
	at org.openqa.selenium.support.events.EventFiringWebDriver$2.invoke(EventFiringWebDriver.java:101)
	at com.sun.proxy.$Proxy16.findElement(Unknown Source)
	at org.openqa.selenium.support.events.EventFiringWebDriver.findElement(EventFiringWebDriver.java:180)
	at org.openqa.selenium.support.ui.ExpectedConditions.findElement(ExpectedConditions.java:523)
	at org.openqa.selenium.support.ui.ExpectedConditions.access$000(ExpectedConditions.java:39)
	at org.openqa.selenium.support.ui.ExpectedConditions$4.apply(ExpectedConditions.java:130)
	at org.openqa.selenium.support.ui.ExpectedConditions$4.apply(ExpectedConditions.java:126)
	at org.openqa.selenium.support.ui.FluentWait.until(FluentWait.java:208)
	at com.mifos.pages.MifosWebPage.waitForElementToBeVisible(MifosWebPage.java:210)
	at com.mifos.pages.MifosWebPage.getElement(MifosWebPage.java:699)
	at com.mifos.pages.MifosWebPage.getElement(MifosWebPage.java:684)
	at com.mifos.pages.MifosWebPage.getSingleText(MifosWebPage.java:941)
	at com.mifos.pages.MifosWebPage.validateSame(MifosWebPage.java:947)
	at com.mifos.pages.MifosWebPage.verifySuccessMessage(MifosWebPage.java:1815)
	at com.mifos.pages.FrontPage.verifyProductLoanExcelSheet(FrontPage.java:472)
	at com.mifos.steps.LoanProductSteps.I_should_see_product_loan_created_successfully(LoanProductSteps.java:27)
	at sun.reflect.GeneratedMethodAccessor59.invoke(Unknown Source)
	at sun.reflect.DelegatingMethodAccessorImpl.invoke(DelegatingMethodAccessorImpl.java:43)
	at java.lang.reflect.Method.invoke(Method.java:606)
	at cucumber.runtime.Utils$1.call(Utils.java:44)
	at cucumber.runtime.Timeout.timeout(Timeout.java:12)
	at cucumber.runtime.Utils.invoke(Utils.java:40)
	at cucumber.runtime.java.JavaStepDefinition.execute(JavaStepDefinition.java:35)
	at cucumber.runtime.StepDefinitionMatch.runStep(StepDefinitionMatch.java:38)
	at cucumber.runtime.Runtime.runStep(Runtime.java:268)
	at cucumber.runtime.model.StepContainer.runStep(StepContainer.java:45)
	at cucumber.runtime.model.StepContainer.runSteps(StepContainer.java:40)
	at cucumber.runtime.model.CucumberScenario.run(CucumberScenario.java:36)
	at cucumber.runtime.junit.ExecutionUnitRunner.run(ExecutionUnitRunner.java:83)
	at org.junit.runners.Suite.runChild(Suite.java:127)
	at org.junit.runners.Suite.runChild(Suite.java:26)
	at org.junit.runners.ParentRunner$3.run(ParentRunner.java:238)
	at org.junit.runners.ParentRunner$1.schedule(ParentRunner.java:63)
	at org.junit.runners.ParentRunner.runChildren(ParentRunner.java:236)
	at org.junit.runners.ParentRunner.access$000(ParentRunner.java:53)
	at org.junit.runners.ParentRunner$2.evaluate(ParentRunner.java:229)
	at org.junit.runners.ParentRunner.run(ParentRunner.java:309)
	at org.junit.runners.Suite.runChild(Suite.java:127)
	at org.junit.runners.Suite.runChild(Suite.java:26)
	at org.junit.runners.ParentRunner$3.run(ParentRunner.java:238)
	at org.junit.runners.ParentRunner$1.schedule(ParentRunner.java:63)
	at org.junit.runners.ParentRunner.runChildren(ParentRunner.java:236)
	at org.junit.runners.ParentRunner.access$000(ParentRunner.java:53)
	at org.junit.runners.ParentRunner$2.evaluate(ParentRunner.java:229)
	at org.junit.runners.ParentRunner.run(ParentRunner.java:309)
	at cucumber.runtime.junit.FeatureRunner.runChild(FeatureRunner.java:63)
	at cucumber.runtime.junit.FeatureRunner.runChild(FeatureRunner.java:18)
	at org.junit.runners.ParentRunner$3.run(ParentRunner.java:238)
	at org.junit.runners.ParentRunner$1.schedule(ParentRunner.java:63)
	at org.junit.runners.ParentRunner.runChildren(ParentRunner.java:236)
	at org.junit.runners.ParentRunner.access$000(ParentRunner.java:53)
	at org.junit.runners.ParentRunner$2.evaluate(ParentRunner.java:229)
	at org.junit.runners.ParentRunner.run(ParentRunner.java:309)
	at cucumber.runtime.junit.FeatureRunner.run(FeatureRunner.java:70)
	at cucumber.api.junit.Cucumber.runChild(Cucumber.java:77)
	at cucumber.api.junit.Cucumber.runChild(Cucumber.java:37)
	at org.junit.runners.ParentRunner$3.run(ParentRunner.java:238)
	at org.junit.runners.ParentRunner$1.schedule(ParentRunner.java:63)
	at org.junit.runners.ParentRunner.runChildren(ParentRunner.java:236)
	at org.junit.runners.ParentRunner.access$000(ParentRunner.java:53)
	at org.junit.runners.ParentRunner$2.evaluate(ParentRunner.java:229)
	at org.junit.runners.ParentRunner.run(ParentRunner.java:309)
	at cucumber.api.junit.Cucumber.run(Cucumber.java:82)
	at org.apache.maven.surefire.junit4.JUnit4Provider.execute(JUnit4Provider.java:252)
	at org.apache.maven.surefire.junit4.JUnit4Provider.executeTestSet(JUnit4Provider.java:141)
	at org.apache.maven.surefire.junit4.JUnit4Provider.invoke(JUnit4Provider.java:112)
	at sun.reflect.NativeMethodAccessorImpl.invoke0(Native Method)
	at sun.reflect.NativeMethodAccessorImpl.invoke(NativeMethodAccessorImpl.java:57)
	at sun.reflect.DelegatingMethodAccessorImpl.invoke(DelegatingMethodAccessorImpl.java:43)
	at java.lang.reflect.Method.invoke(Method.java:606)
	at org.apache.maven.surefire.util.ReflectionUtils.invokeMethodWithArray(ReflectionUtils.java:189)
	at org.apache.maven.surefire.booter.ProviderFactory$ProviderProxy.invoke(ProviderFactory.java:165)
	at org.apache.maven.surefire.booter.ProviderFactory.invokeProvider(ProviderFactory.java:85)
	at org.apache.maven.surefire.booter.ForkedBooter.runSuitesInProcess(ForkedBooter.java:113)
	at org.apache.maven.surefire.booter.ForkedBooter.main(ForkedBooter.java:75)
</error>
    <system-out>welcome to mifos through excel
Cell One ... key=productname
776-RBI-EI-DB-DL-REC-NON-RNI-CTRFD-DL-MD-TR-1-Late Repayment
776-RBI-EI-DB-DL-REC-NON-RNI-CTRFD-DL-MD-TR-1-Late Repayment
</system-out>
  </testcase>
  <testcase time="0" classname="| 776-RBI-EI-DB-DL-REC-NON-RNI-CTRFD-DL-MD-TR-1-Late Repayment-Loanproduct4.xlsx |" name="| 776-RBI-EI-DB-DL-REC-NON-RNI-CTRFD-DL-MD-TR-1-Late Repayment-Loanproduct4.xlsx |">
    <error message="Timed out after 100 seconds waiting for visibility of element located by By.selector: legend.ng-binding
Build info: version: &apos;2.29.1&apos;, revision: &apos;dfb1306b85be4934d23c123122e06e602a15e446&apos;, time: &apos;2013-01-22 12:58:05&apos;
System info: os.name: &apos;Windows Server 2012&apos;, os.arch: &apos;amd64&apos;, os.version: &apos;6.2&apos;, java.version: &apos;1.7.0_51&apos;
Driver info: driver.version: unknown" type="org.openqa.selenium.TimeoutException">org.openqa.selenium.TimeoutException: Timed out after 100 seconds waiting for visibility of element located by By.selector: legend.ng-binding
Build info: version: &apos;2.29.1&apos;, revision: &apos;dfb1306b85be4934d23c123122e06e602a15e446&apos;, time: &apos;2013-01-22 12:58:05&apos;
System info: os.name: &apos;Windows Server 2012&apos;, os.arch: &apos;amd64&apos;, os.version: &apos;6.2&apos;, java.version: &apos;1.7.0_51&apos;
Driver info: driver.version: unknown
	at org.openqa.selenium.support.ui.FluentWait.timeoutException(FluentWait.java:259)
	at org.openqa.selenium.support.ui.FluentWait.until(FluentWait.java:228)
	at com.mifos.pages.MifosWebPage.waitForElementToBeVisible(MifosWebPage.java:210)
	at com.mifos.pages.MifosWebPage.getElement(MifosWebPage.java:699)
	at com.mifos.pages.MifosWebPage.getElement(MifosWebPage.java:684)
	at com.mifos.pages.MifosWebPage.getSingleText(MifosWebPage.java:941)
	at com.mifos.pages.MifosWebPage.validateSame(MifosWebPage.java:947)
	at com.mifos.pages.MifosWebPage.verifySuccessMessage(MifosWebPage.java:1815)
	at com.mifos.pages.FrontPage.verifyProductLoanExcelSheet(FrontPage.java:472)
	at com.mifos.steps.LoanProductSteps.I_should_see_product_loan_created_successfully(LoanProductSteps.java:27)
	at ✽.Then I should see product loan created successfully(LoanRBI.feature:18)
Caused by: org.openqa.selenium.NoSuchElementException: no such element
  (Session info: chrome=43.0.2357.124)
  (Driver info: chromedriver=2.8.241075,platform=Windows NT 6.3 x86_64) (WARNING: The server did not provide any stacktrace information)
Command duration or timeout: 30.05 seconds
For documentation on this error, please visit: http://seleniumhq.org/exceptions/no_such_element.html
Build info: version: &apos;2.29.1&apos;, revision: &apos;dfb1306b85be4934d23c123122e06e602a15e446&apos;, time: &apos;2013-01-22 12:58:05&apos;
System info: os.name: &apos;Windows Server 2012&apos;, os.arch: &apos;amd64&apos;, os.version: &apos;6.2&apos;, java.version: &apos;1.7.0_51&apos;
Session ID: c2725f5cd4fbf07c7325aca1765e99ff
Driver info: org.openqa.selenium.chrome.ChromeDriver
Capabilities [{platform=XP, acceptSslCerts=true, javascriptEnabled=true, browserName=chrome, chrome={userDataDir=C:\Users\ADMINI~1\AppData\Local\Temp\2\scoped_dir5096_32528}, rotatable=false, locationContextEnabled=true, version=43.0.2357.124, takesHeapSnapshot=true, cssSelectorsEnabled=true, databaseEnabled=false, handlesAlerts=true, browserConnectionEnabled=false, webStorageEnabled=true, nativeEvents=true, applicationCacheEnabled=false, takesScreenshot=true}]
	at sun.reflect.GeneratedConstructorAccessor53.newInstance(Unknown Source)
	at sun.reflect.DelegatingConstructorAccessorImpl.newInstance(DelegatingConstructorAccessorImpl.java:45)
	at java.lang.reflect.Constructor.newInstance(Constructor.java:526)
	at org.openqa.selenium.remote.ErrorHandler.createThrowable(ErrorHandler.java:187)
	at org.openqa.selenium.remote.ErrorHandler.throwIfResponseFailed(ErrorHandler.java:145)
	at org.openqa.selenium.remote.RemoteWebDriver.execute(RemoteWebDriver.java:554)
	at org.openqa.selenium.remote.RemoteWebDriver.findElement(RemoteWebDriver.java:307)
	at org.openqa.selenium.remote.RemoteWebDriver.findElementByCssSelector(RemoteWebDriver.java:396)
	at org.openqa.selenium.By$ByCssSelector.findElement(By.java:406)
	at org.openqa.selenium.remote.RemoteWebDriver.findElement(RemoteWebDriver.java:299)
	at sun.reflect.GeneratedMethodAccessor8.invoke(Unknown Source)
	at sun.reflect.DelegatingMethodAccessorImpl.invoke(DelegatingMethodAccessorImpl.java:43)
	at java.lang.reflect.Method.invoke(Method.java:606)
	at org.openqa.selenium.support.events.EventFiringWebDriver$2.invoke(EventFiringWebDriver.java:101)
	at com.sun.proxy.$Proxy16.findElement(Unknown Source)
	at org.openqa.selenium.support.events.EventFiringWebDriver.findElement(EventFiringWebDriver.java:180)
	at org.openqa.selenium.support.ui.ExpectedConditions.findElement(ExpectedConditions.java:523)
	at org.openqa.selenium.support.ui.ExpectedConditions.access$000(ExpectedConditions.java:39)
	at org.openqa.selenium.support.ui.ExpectedConditions$4.apply(ExpectedConditions.java:130)
	at org.openqa.selenium.support.ui.ExpectedConditions$4.apply(ExpectedConditions.java:126)
	at org.openqa.selenium.support.ui.FluentWait.until(FluentWait.java:208)
	at com.mifos.pages.MifosWebPage.waitForElementToBeVisible(MifosWebPage.java:210)
	at com.mifos.pages.MifosWebPage.getElement(MifosWebPage.java:699)
	at com.mifos.pages.MifosWebPage.getElement(MifosWebPage.java:684)
	at com.mifos.pages.MifosWebPage.getSingleText(MifosWebPage.java:941)
	at com.mifos.pages.MifosWebPage.validateSame(MifosWebPage.java:947)
	at com.mifos.pages.MifosWebPage.verifySuccessMessage(MifosWebPage.java:1815)
	at com.mifos.pages.FrontPage.verifyProductLoanExcelSheet(FrontPage.java:472)
	at com.mifos.steps.LoanProductSteps.I_should_see_product_loan_created_successfully(LoanProductSteps.java:27)
	at sun.reflect.GeneratedMethodAccessor59.invoke(Unknown Source)
	at sun.reflect.DelegatingMethodAccessorImpl.invoke(DelegatingMethodAccessorImpl.java:43)
	at java.lang.reflect.Method.invoke(Method.java:606)
	at cucumber.runtime.Utils$1.call(Utils.java:44)
	at cucumber.runtime.Timeout.timeout(Timeout.java:12)
	at cucumber.runtime.Utils.invoke(Utils.java:40)
	at cucumber.runtime.java.JavaStepDefinition.execute(JavaStepDefinition.java:35)
	at cucumber.runtime.StepDefinitionMatch.runStep(StepDefinitionMatch.java:38)
	at cucumber.runtime.Runtime.runStep(Runtime.java:268)
	at cucumber.runtime.model.StepContainer.runStep(StepContainer.java:45)
	at cucumber.runtime.model.StepContainer.runSteps(StepContainer.java:40)
	at cucumber.runtime.model.CucumberScenario.run(CucumberScenario.java:36)
	at cucumber.runtime.junit.ExecutionUnitRunner.run(ExecutionUnitRunner.java:83)
	at org.junit.runners.Suite.runChild(Suite.java:127)
	at org.junit.runners.Suite.runChild(Suite.java:26)
	at org.junit.runners.ParentRunner$3.run(ParentRunner.java:238)
	at org.junit.runners.ParentRunner$1.schedule(ParentRunner.java:63)
	at org.junit.runners.ParentRunner.runChildren(ParentRunner.java:236)
	at org.junit.runners.ParentRunner.access$000(ParentRunner.java:53)
	at org.junit.runners.ParentRunner$2.evaluate(ParentRunner.java:229)
	at org.junit.runners.ParentRunner.run(ParentRunner.java:309)
	at org.junit.runners.Suite.runChild(Suite.java:127)
	at org.junit.runners.Suite.runChild(Suite.java:26)
	at org.junit.runners.ParentRunner$3.run(ParentRunner.java:238)
	at org.junit.runners.ParentRunner$1.schedule(ParentRunner.java:63)
	at org.junit.runners.ParentRunner.runChildren(ParentRunner.java:236)
	at org.junit.runners.ParentRunner.access$000(ParentRunner.java:53)
	at org.junit.runners.ParentRunner$2.evaluate(ParentRunner.java:229)
	at org.junit.runners.ParentRunner.run(ParentRunner.java:309)
	at cucumber.runtime.junit.FeatureRunner.runChild(FeatureRunner.java:63)
	at cucumber.runtime.junit.FeatureRunner.runChild(FeatureRunner.java:18)
	at org.junit.runners.ParentRunner$3.run(ParentRunner.java:238)
	at org.junit.runners.ParentRunner$1.schedule(ParentRunner.java:63)
	at org.junit.runners.ParentRunner.runChildren(ParentRunner.java:236)
	at org.junit.runners.ParentRunner.access$000(ParentRunner.java:53)
	at org.junit.runners.ParentRunner$2.evaluate(ParentRunner.java:229)
	at org.junit.runners.ParentRunner.run(ParentRunner.java:309)
	at cucumber.runtime.junit.FeatureRunner.run(FeatureRunner.java:70)
	at cucumber.api.junit.Cucumber.runChild(Cucumber.java:77)
	at cucumber.api.junit.Cucumber.runChild(Cucumber.java:37)
	at org.junit.runners.ParentRunner$3.run(ParentRunner.java:238)
	at org.junit.runners.ParentRunner$1.schedule(ParentRunner.java:63)
	at org.junit.runners.ParentRunner.runChildren(ParentRunner.java:236)
	at org.junit.runners.ParentRunner.access$000(ParentRunner.java:53)
	at org.junit.runners.ParentRunner$2.evaluate(ParentRunner.java:229)
	at org.junit.runners.ParentRunner.run(ParentRunner.java:309)
	at cucumber.api.junit.Cucumber.run(Cucumber.java:82)
	at org.apache.maven.surefire.junit4.JUnit4Provider.execute(JUnit4Provider.java:252)
	at org.apache.maven.surefire.junit4.JUnit4Provider.executeTestSet(JUnit4Provider.java:141)
	at org.apache.maven.surefire.junit4.JUnit4Provider.invoke(JUnit4Provider.java:112)
	at sun.reflect.NativeMethodAccessorImpl.invoke0(Native Method)
	at sun.reflect.NativeMethodAccessorImpl.invoke(NativeMethodAccessorImpl.java:57)
	at sun.reflect.DelegatingMethodAccessorImpl.invoke(DelegatingMethodAccessorImpl.java:43)
	at java.lang.reflect.Method.invoke(Method.java:606)
	at org.apache.maven.surefire.util.ReflectionUtils.invokeMethodWithArray(ReflectionUtils.java:189)
	at org.apache.maven.surefire.booter.ProviderFactory$ProviderProxy.invoke(ProviderFactory.java:165)
	at org.apache.maven.surefire.booter.ProviderFactory.invokeProvider(ProviderFactory.java:85)
	at org.apache.maven.surefire.booter.ForkedBooter.runSuitesInProcess(ForkedBooter.java:113)
	at org.apache.maven.surefire.booter.ForkedBooter.main(ForkedBooter.java:75)
</error>
  </testcase>
  <testcase time="0" classname="| 821-RBI-EI-DB-SAR-REC-NON-RNI-CTPD-SAR-MD-TR-1-Late Repayment-Loanproduct4.xlsx |" name="Given I navigate to mifos"/>
  <testcase time="0" classname="| 821-RBI-EI-DB-SAR-REC-NON-RNI-CTPD-SAR-MD-TR-1-Late Repayment-Loanproduct4.xlsx |" name="And I use login folder"/>
  <testcase time="0" classname="| 821-RBI-EI-DB-SAR-REC-NON-RNI-CTPD-SAR-MD-TR-1-Late Repayment-Loanproduct4.xlsx |" name="When I login into mifos site using excel sheet"/>
  <testcase time="0" classname="| 821-RBI-EI-DB-SAR-REC-NON-RNI-CTPD-SAR-MD-TR-1-Late Repayment-Loanproduct4.xlsx |" name="Then I should see logged in successfully"/>
  <testcase time="0" classname="| 821-RBI-EI-DB-SAR-REC-NON-RNI-CTPD-SAR-MD-TR-1-Late Repayment-Loanproduct4.xlsx |" name="Given I setup the product loan"/>
  <testcase time="0" classname="| 821-RBI-EI-DB-SAR-REC-NON-RNI-CTPD-SAR-MD-TR-1-Late Repayment-Loanproduct4.xlsx |" name="And I entered the values into product loan using"/>
  <testcase time="0" classname="| 821-RBI-EI-DB-SAR-REC-NON-RNI-CTPD-SAR-MD-TR-1-Late Repayment-Loanproduct4.xlsx |" name="Then I should see product loan created successfully">
    <error message="Timed out after 100 seconds waiting for visibility of element located by By.selector: legend.ng-binding
Build info: version: &apos;2.29.1&apos;, revision: &apos;dfb1306b85be4934d23c123122e06e602a15e446&apos;, time: &apos;2013-01-22 12:58:05&apos;
System info: os.name: &apos;Windows Server 2012&apos;, os.arch: &apos;amd64&apos;, os.version: &apos;6.2&apos;, java.version: &apos;1.7.0_51&apos;
Driver info: driver.version: unknown" type="org.openqa.selenium.TimeoutException">org.openqa.selenium.TimeoutException: Timed out after 100 seconds waiting for visibility of element located by By.selector: legend.ng-binding
Build info: version: &apos;2.29.1&apos;, revision: &apos;dfb1306b85be4934d23c123122e06e602a15e446&apos;, time: &apos;2013-01-22 12:58:05&apos;
System info: os.name: &apos;Windows Server 2012&apos;, os.arch: &apos;amd64&apos;, os.version: &apos;6.2&apos;, java.version: &apos;1.7.0_51&apos;
Driver info: driver.version: unknown
	at org.openqa.selenium.support.ui.FluentWait.timeoutException(FluentWait.java:259)
	at org.openqa.selenium.support.ui.FluentWait.until(FluentWait.java:228)
	at com.mifos.pages.MifosWebPage.waitForElementToBeVisible(MifosWebPage.java:210)
	at com.mifos.pages.MifosWebPage.getElement(MifosWebPage.java:699)
	at com.mifos.pages.MifosWebPage.getElement(MifosWebPage.java:684)
	at com.mifos.pages.MifosWebPage.getSingleText(MifosWebPage.java:941)
	at com.mifos.pages.MifosWebPage.validateSame(MifosWebPage.java:947)
	at com.mifos.pages.MifosWebPage.verifySuccessMessage(MifosWebPage.java:1815)
	at com.mifos.pages.FrontPage.verifyProductLoanExcelSheet(FrontPage.java:472)
	at com.mifos.steps.LoanProductSteps.I_should_see_product_loan_created_successfully(LoanProductSteps.java:27)
	at ✽.Then I should see product loan created successfully(LoanRBI.feature:18)
Caused by: org.openqa.selenium.NoSuchElementException: no such element
  (Session info: chrome=43.0.2357.124)
  (Driver info: chromedriver=2.8.241075,platform=Windows NT 6.3 x86_64) (WARNING: The server did not provide any stacktrace information)
Command duration or timeout: 30.00 seconds
For documentation on this error, please visit: http://seleniumhq.org/exceptions/no_such_element.html
Build info: version: &apos;2.29.1&apos;, revision: &apos;dfb1306b85be4934d23c123122e06e602a15e446&apos;, time: &apos;2013-01-22 12:58:05&apos;
System info: os.name: &apos;Windows Server 2012&apos;, os.arch: &apos;amd64&apos;, os.version: &apos;6.2&apos;, java.version: &apos;1.7.0_51&apos;
Session ID: 6f1ddd31c0817da8d37ce22dfbcf022c
Driver info: org.openqa.selenium.chrome.ChromeDriver
Capabilities [{platform=XP, acceptSslCerts=true, javascriptEnabled=true, browserName=chrome, chrome={userDataDir=C:\Users\ADMINI~1\AppData\Local\Temp\2\scoped_dir2816_9206}, rotatable=false, locationContextEnabled=true, version=43.0.2357.124, takesHeapSnapshot=true, cssSelectorsEnabled=true, databaseEnabled=false, handlesAlerts=true, browserConnectionEnabled=false, webStorageEnabled=true, nativeEvents=true, applicationCacheEnabled=false, takesScreenshot=true}]
	at sun.reflect.GeneratedConstructorAccessor53.newInstance(Unknown Source)
	at sun.reflect.DelegatingConstructorAccessorImpl.newInstance(DelegatingConstructorAccessorImpl.java:45)
	at java.lang.reflect.Constructor.newInstance(Constructor.java:526)
	at org.openqa.selenium.remote.ErrorHandler.createThrowable(ErrorHandler.java:187)
	at org.openqa.selenium.remote.ErrorHandler.throwIfResponseFailed(ErrorHandler.java:145)
	at org.openqa.selenium.remote.RemoteWebDriver.execute(RemoteWebDriver.java:554)
	at org.openqa.selenium.remote.RemoteWebDriver.findElement(RemoteWebDriver.java:307)
	at org.openqa.selenium.remote.RemoteWebDriver.findElementByCssSelector(RemoteWebDriver.java:396)
	at org.openqa.selenium.By$ByCssSelector.findElement(By.java:406)
	at org.openqa.selenium.remote.RemoteWebDriver.findElement(RemoteWebDriver.java:299)
	at sun.reflect.GeneratedMethodAccessor8.invoke(Unknown Source)
	at sun.reflect.DelegatingMethodAccessorImpl.invoke(DelegatingMethodAccessorImpl.java:43)
	at java.lang.reflect.Method.invoke(Method.java:606)
	at org.openqa.selenium.support.events.EventFiringWebDriver$2.invoke(EventFiringWebDriver.java:101)
	at com.sun.proxy.$Proxy16.findElement(Unknown Source)
	at org.openqa.selenium.support.events.EventFiringWebDriver.findElement(EventFiringWebDriver.java:180)
	at org.openqa.selenium.support.ui.ExpectedConditions.findElement(ExpectedConditions.java:523)
	at org.openqa.selenium.support.ui.ExpectedConditions.access$000(ExpectedConditions.java:39)
	at org.openqa.selenium.support.ui.ExpectedConditions$4.apply(ExpectedConditions.java:130)
	at org.openqa.selenium.support.ui.ExpectedConditions$4.apply(ExpectedConditions.java:126)
	at org.openqa.selenium.support.ui.FluentWait.until(FluentWait.java:208)
	at com.mifos.pages.MifosWebPage.waitForElementToBeVisible(MifosWebPage.java:210)
	at com.mifos.pages.MifosWebPage.getElement(MifosWebPage.java:699)
	at com.mifos.pages.MifosWebPage.getElement(MifosWebPage.java:684)
	at com.mifos.pages.MifosWebPage.getSingleText(MifosWebPage.java:941)
	at com.mifos.pages.MifosWebPage.validateSame(MifosWebPage.java:947)
	at com.mifos.pages.MifosWebPage.verifySuccessMessage(MifosWebPage.java:1815)
	at com.mifos.pages.FrontPage.verifyProductLoanExcelSheet(FrontPage.java:472)
	at com.mifos.steps.LoanProductSteps.I_should_see_product_loan_created_successfully(LoanProductSteps.java:27)
	at sun.reflect.GeneratedMethodAccessor59.invoke(Unknown Source)
	at sun.reflect.DelegatingMethodAccessorImpl.invoke(DelegatingMethodAccessorImpl.java:43)
	at java.lang.reflect.Method.invoke(Method.java:606)
	at cucumber.runtime.Utils$1.call(Utils.java:44)
	at cucumber.runtime.Timeout.timeout(Timeout.java:12)
	at cucumber.runtime.Utils.invoke(Utils.java:40)
	at cucumber.runtime.java.JavaStepDefinition.execute(JavaStepDefinition.java:35)
	at cucumber.runtime.StepDefinitionMatch.runStep(StepDefinitionMatch.java:38)
	at cucumber.runtime.Runtime.runStep(Runtime.java:268)
	at cucumber.runtime.model.StepContainer.runStep(StepContainer.java:45)
	at cucumber.runtime.model.StepContainer.runSteps(StepContainer.java:40)
	at cucumber.runtime.model.CucumberScenario.run(CucumberScenario.java:36)
	at cucumber.runtime.junit.ExecutionUnitRunner.run(ExecutionUnitRunner.java:83)
	at org.junit.runners.Suite.runChild(Suite.java:127)
	at org.junit.runners.Suite.runChild(Suite.java:26)
	at org.junit.runners.ParentRunner$3.run(ParentRunner.java:238)
	at org.junit.runners.ParentRunner$1.schedule(ParentRunner.java:63)
	at org.junit.runners.ParentRunner.runChildren(ParentRunner.java:236)
	at org.junit.runners.ParentRunner.access$000(ParentRunner.java:53)
	at org.junit.runners.ParentRunner$2.evaluate(ParentRunner.java:229)
	at org.junit.runners.ParentRunner.run(ParentRunner.java:309)
	at org.junit.runners.Suite.runChild(Suite.java:127)
	at org.junit.runners.Suite.runChild(Suite.java:26)
	at org.junit.runners.ParentRunner$3.run(ParentRunner.java:238)
	at org.junit.runners.ParentRunner$1.schedule(ParentRunner.java:63)
	at org.junit.runners.ParentRunner.runChildren(ParentRunner.java:236)
	at org.junit.runners.ParentRunner.access$000(ParentRunner.java:53)
	at org.junit.runners.ParentRunner$2.evaluate(ParentRunner.java:229)
	at org.junit.runners.ParentRunner.run(ParentRunner.java:309)
	at cucumber.runtime.junit.FeatureRunner.runChild(FeatureRunner.java:63)
	at cucumber.runtime.junit.FeatureRunner.runChild(FeatureRunner.java:18)
	at org.junit.runners.ParentRunner$3.run(ParentRunner.java:238)
	at org.junit.runners.ParentRunner$1.schedule(ParentRunner.java:63)
	at org.junit.runners.ParentRunner.runChildren(ParentRunner.java:236)
	at org.junit.runners.ParentRunner.access$000(ParentRunner.java:53)
	at org.junit.runners.ParentRunner$2.evaluate(ParentRunner.java:229)
	at org.junit.runners.ParentRunner.run(ParentRunner.java:309)
	at cucumber.runtime.junit.FeatureRunner.run(FeatureRunner.java:70)
	at cucumber.api.junit.Cucumber.runChild(Cucumber.java:77)
	at cucumber.api.junit.Cucumber.runChild(Cucumber.java:37)
	at org.junit.runners.ParentRunner$3.run(ParentRunner.java:238)
	at org.junit.runners.ParentRunner$1.schedule(ParentRunner.java:63)
	at org.junit.runners.ParentRunner.runChildren(ParentRunner.java:236)
	at org.junit.runners.ParentRunner.access$000(ParentRunner.java:53)
	at org.junit.runners.ParentRunner$2.evaluate(ParentRunner.java:229)
	at org.junit.runners.ParentRunner.run(ParentRunner.java:309)
	at cucumber.api.junit.Cucumber.run(Cucumber.java:82)
	at org.apache.maven.surefire.junit4.JUnit4Provider.execute(JUnit4Provider.java:252)
	at org.apache.maven.surefire.junit4.JUnit4Provider.executeTestSet(JUnit4Provider.java:141)
	at org.apache.maven.surefire.junit4.JUnit4Provider.invoke(JUnit4Provider.java:112)
	at sun.reflect.NativeMethodAccessorImpl.invoke0(Native Method)
	at sun.reflect.NativeMethodAccessorImpl.invoke(NativeMethodAccessorImpl.java:57)
	at sun.reflect.DelegatingMethodAccessorImpl.invoke(DelegatingMethodAccessorImpl.java:43)
	at java.lang.reflect.Method.invoke(Method.java:606)
	at org.apache.maven.surefire.util.ReflectionUtils.invokeMethodWithArray(ReflectionUtils.java:189)
	at org.apache.maven.surefire.booter.ProviderFactory$ProviderProxy.invoke(ProviderFactory.java:165)
	at org.apache.maven.surefire.booter.ProviderFactory.invokeProvider(ProviderFactory.java:85)
	at org.apache.maven.surefire.booter.ForkedBooter.runSuitesInProcess(ForkedBooter.java:113)
	at org.apache.maven.surefire.booter.ForkedBooter.main(ForkedBooter.java:75)
</error>
    <system-out>welcome to mifos through excel
Cell One ... key=productname
821-RBI-EI-DB-SAR-REC-NON-RNI-CTPD-SAR-MD-TR-1-Late Repayment
821-RBI-EI-DB-SAR-REC-NON-RNI-CTPD-SAR-MD-TR-1-Late Repayment
</system-out>
  </testcase>
  <testcase time="0.016" classname="| 821-RBI-EI-DB-SAR-REC-NON-RNI-CTPD-SAR-MD-TR-1-Late Repayment-Loanproduct4.xlsx |" name="| 821-RBI-EI-DB-SAR-REC-NON-RNI-CTPD-SAR-MD-TR-1-Late Repayment-Loanproduct4.xlsx |">
    <error message="Timed out after 100 seconds waiting for visibility of element located by By.selector: legend.ng-binding
Build info: version: &apos;2.29.1&apos;, revision: &apos;dfb1306b85be4934d23c123122e06e602a15e446&apos;, time: &apos;2013-01-22 12:58:05&apos;
System info: os.name: &apos;Windows Server 2012&apos;, os.arch: &apos;amd64&apos;, os.version: &apos;6.2&apos;, java.version: &apos;1.7.0_51&apos;
Driver info: driver.version: unknown" type="org.openqa.selenium.TimeoutException">org.openqa.selenium.TimeoutException: Timed out after 100 seconds waiting for visibility of element located by By.selector: legend.ng-binding
Build info: version: &apos;2.29.1&apos;, revision: &apos;dfb1306b85be4934d23c123122e06e602a15e446&apos;, time: &apos;2013-01-22 12:58:05&apos;
System info: os.name: &apos;Windows Server 2012&apos;, os.arch: &apos;amd64&apos;, os.version: &apos;6.2&apos;, java.version: &apos;1.7.0_51&apos;
Driver info: driver.version: unknown
	at org.openqa.selenium.support.ui.FluentWait.timeoutException(FluentWait.java:259)
	at org.openqa.selenium.support.ui.FluentWait.until(FluentWait.java:228)
	at com.mifos.pages.MifosWebPage.waitForElementToBeVisible(MifosWebPage.java:210)
	at com.mifos.pages.MifosWebPage.getElement(MifosWebPage.java:699)
	at com.mifos.pages.MifosWebPage.getElement(MifosWebPage.java:684)
	at com.mifos.pages.MifosWebPage.getSingleText(MifosWebPage.java:941)
	at com.mifos.pages.MifosWebPage.validateSame(MifosWebPage.java:947)
	at com.mifos.pages.MifosWebPage.verifySuccessMessage(MifosWebPage.java:1815)
	at com.mifos.pages.FrontPage.verifyProductLoanExcelSheet(FrontPage.java:472)
	at com.mifos.steps.LoanProductSteps.I_should_see_product_loan_created_successfully(LoanProductSteps.java:27)
	at ✽.Then I should see product loan created successfully(LoanRBI.feature:18)
Caused by: org.openqa.selenium.NoSuchElementException: no such element
  (Session info: chrome=43.0.2357.124)
  (Driver info: chromedriver=2.8.241075,platform=Windows NT 6.3 x86_64) (WARNING: The server did not provide any stacktrace information)
Command duration or timeout: 30.00 seconds
For documentation on this error, please visit: http://seleniumhq.org/exceptions/no_such_element.html
Build info: version: &apos;2.29.1&apos;, revision: &apos;dfb1306b85be4934d23c123122e06e602a15e446&apos;, time: &apos;2013-01-22 12:58:05&apos;
System info: os.name: &apos;Windows Server 2012&apos;, os.arch: &apos;amd64&apos;, os.version: &apos;6.2&apos;, java.version: &apos;1.7.0_51&apos;
Session ID: 6f1ddd31c0817da8d37ce22dfbcf022c
Driver info: org.openqa.selenium.chrome.ChromeDriver
Capabilities [{platform=XP, acceptSslCerts=true, javascriptEnabled=true, browserName=chrome, chrome={userDataDir=C:\Users\ADMINI~1\AppData\Local\Temp\2\scoped_dir2816_9206}, rotatable=false, locationContextEnabled=true, version=43.0.2357.124, takesHeapSnapshot=true, cssSelectorsEnabled=true, databaseEnabled=false, handlesAlerts=true, browserConnectionEnabled=false, webStorageEnabled=true, nativeEvents=true, applicationCacheEnabled=false, takesScreenshot=true}]
	at sun.reflect.GeneratedConstructorAccessor53.newInstance(Unknown Source)
	at sun.reflect.DelegatingConstructorAccessorImpl.newInstance(DelegatingConstructorAccessorImpl.java:45)
	at java.lang.reflect.Constructor.newInstance(Constructor.java:526)
	at org.openqa.selenium.remote.ErrorHandler.createThrowable(ErrorHandler.java:187)
	at org.openqa.selenium.remote.ErrorHandler.throwIfResponseFailed(ErrorHandler.java:145)
	at org.openqa.selenium.remote.RemoteWebDriver.execute(RemoteWebDriver.java:554)
	at org.openqa.selenium.remote.RemoteWebDriver.findElement(RemoteWebDriver.java:307)
	at org.openqa.selenium.remote.RemoteWebDriver.findElementByCssSelector(RemoteWebDriver.java:396)
	at org.openqa.selenium.By$ByCssSelector.findElement(By.java:406)
	at org.openqa.selenium.remote.RemoteWebDriver.findElement(RemoteWebDriver.java:299)
	at sun.reflect.GeneratedMethodAccessor8.invoke(Unknown Source)
	at sun.reflect.DelegatingMethodAccessorImpl.invoke(DelegatingMethodAccessorImpl.java:43)
	at java.lang.reflect.Method.invoke(Method.java:606)
	at org.openqa.selenium.support.events.EventFiringWebDriver$2.invoke(EventFiringWebDriver.java:101)
	at com.sun.proxy.$Proxy16.findElement(Unknown Source)
	at org.openqa.selenium.support.events.EventFiringWebDriver.findElement(EventFiringWebDriver.java:180)
	at org.openqa.selenium.support.ui.ExpectedConditions.findElement(ExpectedConditions.java:523)
	at org.openqa.selenium.support.ui.ExpectedConditions.access$000(ExpectedConditions.java:39)
	at org.openqa.selenium.support.ui.ExpectedConditions$4.apply(ExpectedConditions.java:130)
	at org.openqa.selenium.support.ui.ExpectedConditions$4.apply(ExpectedConditions.java:126)
	at org.openqa.selenium.support.ui.FluentWait.until(FluentWait.java:208)
	at com.mifos.pages.MifosWebPage.waitForElementToBeVisible(MifosWebPage.java:210)
	at com.mifos.pages.MifosWebPage.getElement(MifosWebPage.java:699)
	at com.mifos.pages.MifosWebPage.getElement(MifosWebPage.java:684)
	at com.mifos.pages.MifosWebPage.getSingleText(MifosWebPage.java:941)
	at com.mifos.pages.MifosWebPage.validateSame(MifosWebPage.java:947)
	at com.mifos.pages.MifosWebPage.verifySuccessMessage(MifosWebPage.java:1815)
	at com.mifos.pages.FrontPage.verifyProductLoanExcelSheet(FrontPage.java:472)
	at com.mifos.steps.LoanProductSteps.I_should_see_product_loan_created_successfully(LoanProductSteps.java:27)
	at sun.reflect.GeneratedMethodAccessor59.invoke(Unknown Source)
	at sun.reflect.DelegatingMethodAccessorImpl.invoke(DelegatingMethodAccessorImpl.java:43)
	at java.lang.reflect.Method.invoke(Method.java:606)
	at cucumber.runtime.Utils$1.call(Utils.java:44)
	at cucumber.runtime.Timeout.timeout(Timeout.java:12)
	at cucumber.runtime.Utils.invoke(Utils.java:40)
	at cucumber.runtime.java.JavaStepDefinition.execute(JavaStepDefinition.java:35)
	at cucumber.runtime.StepDefinitionMatch.runStep(StepDefinitionMatch.java:38)
	at cucumber.runtime.Runtime.runStep(Runtime.java:268)
	at cucumber.runtime.model.StepContainer.runStep(StepContainer.java:45)
	at cucumber.runtime.model.StepContainer.runSteps(StepContainer.java:40)
	at cucumber.runtime.model.CucumberScenario.run(CucumberScenario.java:36)
	at cucumber.runtime.junit.ExecutionUnitRunner.run(ExecutionUnitRunner.java:83)
	at org.junit.runners.Suite.runChild(Suite.java:127)
	at org.junit.runners.Suite.runChild(Suite.java:26)
	at org.junit.runners.ParentRunner$3.run(ParentRunner.java:238)
	at org.junit.runners.ParentRunner$1.schedule(ParentRunner.java:63)
	at org.junit.runners.ParentRunner.runChildren(ParentRunner.java:236)
	at org.junit.runners.ParentRunner.access$000(ParentRunner.java:53)
	at org.junit.runners.ParentRunner$2.evaluate(ParentRunner.java:229)
	at org.junit.runners.ParentRunner.run(ParentRunner.java:309)
	at org.junit.runners.Suite.runChild(Suite.java:127)
	at org.junit.runners.Suite.runChild(Suite.java:26)
	at org.junit.runners.ParentRunner$3.run(ParentRunner.java:238)
	at org.junit.runners.ParentRunner$1.schedule(ParentRunner.java:63)
	at org.junit.runners.ParentRunner.runChildren(ParentRunner.java:236)
	at org.junit.runners.ParentRunner.access$000(ParentRunner.java:53)
	at org.junit.runners.ParentRunner$2.evaluate(ParentRunner.java:229)
	at org.junit.runners.ParentRunner.run(ParentRunner.java:309)
	at cucumber.runtime.junit.FeatureRunner.runChild(FeatureRunner.java:63)
	at cucumber.runtime.junit.FeatureRunner.runChild(FeatureRunner.java:18)
	at org.junit.runners.ParentRunner$3.run(ParentRunner.java:238)
	at org.junit.runners.ParentRunner$1.schedule(ParentRunner.java:63)
	at org.junit.runners.ParentRunner.runChildren(ParentRunner.java:236)
	at org.junit.runners.ParentRunner.access$000(ParentRunner.java:53)
	at org.junit.runners.ParentRunner$2.evaluate(ParentRunner.java:229)
	at org.junit.runners.ParentRunner.run(ParentRunner.java:309)
	at cucumber.runtime.junit.FeatureRunner.run(FeatureRunner.java:70)
	at cucumber.api.junit.Cucumber.runChild(Cucumber.java:77)
	at cucumber.api.junit.Cucumber.runChild(Cucumber.java:37)
	at org.junit.runners.ParentRunner$3.run(ParentRunner.java:238)
	at org.junit.runners.ParentRunner$1.schedule(ParentRunner.java:63)
	at org.junit.runners.ParentRunner.runChildren(ParentRunner.java:236)
	at org.junit.runners.ParentRunner.access$000(ParentRunner.java:53)
	at org.junit.runners.ParentRunner$2.evaluate(ParentRunner.java:229)
	at org.junit.runners.ParentRunner.run(ParentRunner.java:309)
	at cucumber.api.junit.Cucumber.run(Cucumber.java:82)
	at org.apache.maven.surefire.junit4.JUnit4Provider.execute(JUnit4Provider.java:252)
	at org.apache.maven.surefire.junit4.JUnit4Provider.executeTestSet(JUnit4Provider.java:141)
	at org.apache.maven.surefire.junit4.JUnit4Provider.invoke(JUnit4Provider.java:112)
	at sun.reflect.NativeMethodAccessorImpl.invoke0(Native Method)
	at sun.reflect.NativeMethodAccessorImpl.invoke(NativeMethodAccessorImpl.java:57)
	at sun.reflect.DelegatingMethodAccessorImpl.invoke(DelegatingMethodAccessorImpl.java:43)
	at java.lang.reflect.Method.invoke(Method.java:606)
	at org.apache.maven.surefire.util.ReflectionUtils.invokeMethodWithArray(ReflectionUtils.java:189)
	at org.apache.maven.surefire.booter.ProviderFactory$ProviderProxy.invoke(ProviderFactory.java:165)
	at org.apache.maven.surefire.booter.ProviderFactory.invokeProvider(ProviderFactory.java:85)
	at org.apache.maven.surefire.booter.ForkedBooter.runSuitesInProcess(ForkedBooter.java:113)
	at org.apache.maven.surefire.booter.ForkedBooter.main(ForkedBooter.java:75)
</error>
  </testcase>
  <testcase time="0" classname="| 822-RBI-EI-DB-SAR-REC-NON-RNI-CTPD-DL-MD-TR-1-Late Repayment-Loanproduct4.xlsx |" name="Given I navigate to mifos"/>
  <testcase time="0" classname="| 822-RBI-EI-DB-SAR-REC-NON-RNI-CTPD-DL-MD-TR-1-Late Repayment-Loanproduct4.xlsx |" name="And I use login folder"/>
  <testcase time="0" classname="| 822-RBI-EI-DB-SAR-REC-NON-RNI-CTPD-DL-MD-TR-1-Late Repayment-Loanproduct4.xlsx |" name="When I login into mifos site using excel sheet"/>
  <testcase time="0" classname="| 822-RBI-EI-DB-SAR-REC-NON-RNI-CTPD-DL-MD-TR-1-Late Repayment-Loanproduct4.xlsx |" name="Then I should see logged in successfully"/>
  <testcase time="0" classname="| 822-RBI-EI-DB-SAR-REC-NON-RNI-CTPD-DL-MD-TR-1-Late Repayment-Loanproduct4.xlsx |" name="Given I setup the product loan"/>
  <testcase time="0" classname="| 822-RBI-EI-DB-SAR-REC-NON-RNI-CTPD-DL-MD-TR-1-Late Repayment-Loanproduct4.xlsx |" name="And I entered the values into product loan using"/>
  <testcase time="0" classname="| 822-RBI-EI-DB-SAR-REC-NON-RNI-CTPD-DL-MD-TR-1-Late Repayment-Loanproduct4.xlsx |" name="Then I should see product loan created successfully"/>
  <testcase time="1.281" classname="| 822-RBI-EI-DB-SAR-REC-NON-RNI-CTPD-DL-MD-TR-1-Late Repayment-Loanproduct4.xlsx |" name="| 822-RBI-EI-DB-SAR-REC-NON-RNI-CTPD-DL-MD-TR-1-Late Repayment-Loanproduct4.xlsx |"/>
  <testcase time="0" classname="| 823-RBI-EI-DB-SAR-Y-NON-RNI-CTRFD-SAR-MD-Y-1-Late Repayment-Loanproduct4.xlsx |" name="Given I navigate to mifos"/>
  <testcase time="0" classname="| 823-RBI-EI-DB-SAR-Y-NON-RNI-CTRFD-SAR-MD-Y-1-Late Repayment-Loanproduct4.xlsx |" name="And I use login folder"/>
  <testcase time="0" classname="| 823-RBI-EI-DB-SAR-Y-NON-RNI-CTRFD-SAR-MD-Y-1-Late Repayment-Loanproduct4.xlsx |" name="When I login into mifos site using excel sheet"/>
  <testcase time="0" classname="| 823-RBI-EI-DB-SAR-Y-NON-RNI-CTRFD-SAR-MD-Y-1-Late Repayment-Loanproduct4.xlsx |" name="Then I should see logged in successfully"/>
  <testcase time="0" classname="| 823-RBI-EI-DB-SAR-Y-NON-RNI-CTRFD-SAR-MD-Y-1-Late Repayment-Loanproduct4.xlsx |" name="Given I setup the product loan"/>
  <testcase time="0" classname="| 823-RBI-EI-DB-SAR-Y-NON-RNI-CTRFD-SAR-MD-Y-1-Late Repayment-Loanproduct4.xlsx |" name="And I entered the values into product loan using"/>
  <testcase time="0" classname="| 823-RBI-EI-DB-SAR-Y-NON-RNI-CTRFD-SAR-MD-Y-1-Late Repayment-Loanproduct4.xlsx |" name="Then I should see product loan created successfully"/>
  <testcase time="1.296" classname="| 823-RBI-EI-DB-SAR-Y-NON-RNI-CTRFD-SAR-MD-Y-1-Late Repayment-Loanproduct4.xlsx |" name="| 823-RBI-EI-DB-SAR-Y-NON-RNI-CTRFD-SAR-MD-Y-1-Late Repayment-Loanproduct4.xlsx |"/>
  <testcase time="0" classname="| 824-RBI-EI-DB-SAR-REC-NON-RNI-CTRFD-DL-MD-TR-1-Late Repayment-Loanproduct4.xlsx |" name="Given I navigate to mifos"/>
  <testcase time="0" classname="| 824-RBI-EI-DB-SAR-REC-NON-RNI-CTRFD-DL-MD-TR-1-Late Repayment-Loanproduct4.xlsx |" name="And I use login folder"/>
  <testcase time="0" classname="| 824-RBI-EI-DB-SAR-REC-NON-RNI-CTRFD-DL-MD-TR-1-Late Repayment-Loanproduct4.xlsx |" name="When I login into mifos site using excel sheet"/>
  <testcase time="0" classname="| 824-RBI-EI-DB-SAR-REC-NON-RNI-CTRFD-DL-MD-TR-1-Late Repayment-Loanproduct4.xlsx |" name="Then I should see logged in successfully"/>
  <testcase time="0" classname="| 824-RBI-EI-DB-SAR-REC-NON-RNI-CTRFD-DL-MD-TR-1-Late Repayment-Loanproduct4.xlsx |" name="Given I setup the product loan"/>
  <testcase time="0" classname="| 824-RBI-EI-DB-SAR-REC-NON-RNI-CTRFD-DL-MD-TR-1-Late Repayment-Loanproduct4.xlsx |" name="And I entered the values into product loan using"/>
  <testcase time="0" classname="| 824-RBI-EI-DB-SAR-REC-NON-RNI-CTRFD-DL-MD-TR-1-Late Repayment-Loanproduct4.xlsx |" name="Then I should see product loan created successfully">
    <error message="Timed out after 100 seconds waiting for visibility of element located by By.selector: legend.ng-binding
Build info: version: &apos;2.29.1&apos;, revision: &apos;dfb1306b85be4934d23c123122e06e602a15e446&apos;, time: &apos;2013-01-22 12:58:05&apos;
System info: os.name: &apos;Windows Server 2012&apos;, os.arch: &apos;amd64&apos;, os.version: &apos;6.2&apos;, java.version: &apos;1.7.0_51&apos;
Driver info: driver.version: unknown" type="org.openqa.selenium.TimeoutException">org.openqa.selenium.TimeoutException: Timed out after 100 seconds waiting for visibility of element located by By.selector: legend.ng-binding
Build info: version: &apos;2.29.1&apos;, revision: &apos;dfb1306b85be4934d23c123122e06e602a15e446&apos;, time: &apos;2013-01-22 12:58:05&apos;
System info: os.name: &apos;Windows Server 2012&apos;, os.arch: &apos;amd64&apos;, os.version: &apos;6.2&apos;, java.version: &apos;1.7.0_51&apos;
Driver info: driver.version: unknown
	at org.openqa.selenium.support.ui.FluentWait.timeoutException(FluentWait.java:259)
	at org.openqa.selenium.support.ui.FluentWait.until(FluentWait.java:228)
	at com.mifos.pages.MifosWebPage.waitForElementToBeVisible(MifosWebPage.java:210)
	at com.mifos.pages.MifosWebPage.getElement(MifosWebPage.java:699)
	at com.mifos.pages.MifosWebPage.getElement(MifosWebPage.java:684)
	at com.mifos.pages.MifosWebPage.getSingleText(MifosWebPage.java:941)
	at com.mifos.pages.MifosWebPage.validateSame(MifosWebPage.java:947)
	at com.mifos.pages.MifosWebPage.verifySuccessMessage(MifosWebPage.java:1815)
	at com.mifos.pages.FrontPage.verifyProductLoanExcelSheet(FrontPage.java:472)
	at com.mifos.steps.LoanProductSteps.I_should_see_product_loan_created_successfully(LoanProductSteps.java:27)
	at ✽.Then I should see product loan created successfully(LoanRBI.feature:18)
Caused by: org.openqa.selenium.NoSuchElementException: no such element
  (Session info: chrome=43.0.2357.124)
  (Driver info: chromedriver=2.8.241075,platform=Windows NT 6.3 x86_64) (WARNING: The server did not provide any stacktrace information)
Command duration or timeout: 30.05 seconds
For documentation on this error, please visit: http://seleniumhq.org/exceptions/no_such_element.html
Build info: version: &apos;2.29.1&apos;, revision: &apos;dfb1306b85be4934d23c123122e06e602a15e446&apos;, time: &apos;2013-01-22 12:58:05&apos;
System info: os.name: &apos;Windows Server 2012&apos;, os.arch: &apos;amd64&apos;, os.version: &apos;6.2&apos;, java.version: &apos;1.7.0_51&apos;
Session ID: 39e16ceb1811666c3660bc8be616034a
Driver info: org.openqa.selenium.chrome.ChromeDriver
Capabilities [{platform=XP, acceptSslCerts=true, javascriptEnabled=true, browserName=chrome, chrome={userDataDir=C:\Users\ADMINI~1\AppData\Local\Temp\2\scoped_dir4948_25870}, rotatable=false, locationContextEnabled=true, version=43.0.2357.124, takesHeapSnapshot=true, cssSelectorsEnabled=true, databaseEnabled=false, handlesAlerts=true, browserConnectionEnabled=false, webStorageEnabled=true, nativeEvents=true, applicationCacheEnabled=false, takesScreenshot=true}]
	at sun.reflect.GeneratedConstructorAccessor53.newInstance(Unknown Source)
	at sun.reflect.DelegatingConstructorAccessorImpl.newInstance(DelegatingConstructorAccessorImpl.java:45)
	at java.lang.reflect.Constructor.newInstance(Constructor.java:526)
	at org.openqa.selenium.remote.ErrorHandler.createThrowable(ErrorHandler.java:187)
	at org.openqa.selenium.remote.ErrorHandler.throwIfResponseFailed(ErrorHandler.java:145)
	at org.openqa.selenium.remote.RemoteWebDriver.execute(RemoteWebDriver.java:554)
	at org.openqa.selenium.remote.RemoteWebDriver.findElement(RemoteWebDriver.java:307)
	at org.openqa.selenium.remote.RemoteWebDriver.findElementByCssSelector(RemoteWebDriver.java:396)
	at org.openqa.selenium.By$ByCssSelector.findElement(By.java:406)
	at org.openqa.selenium.remote.RemoteWebDriver.findElement(RemoteWebDriver.java:299)
	at sun.reflect.GeneratedMethodAccessor8.invoke(Unknown Source)
	at sun.reflect.DelegatingMethodAccessorImpl.invoke(DelegatingMethodAccessorImpl.java:43)
	at java.lang.reflect.Method.invoke(Method.java:606)
	at org.openqa.selenium.support.events.EventFiringWebDriver$2.invoke(EventFiringWebDriver.java:101)
	at com.sun.proxy.$Proxy16.findElement(Unknown Source)
	at org.openqa.selenium.support.events.EventFiringWebDriver.findElement(EventFiringWebDriver.java:180)
	at org.openqa.selenium.support.ui.ExpectedConditions.findElement(ExpectedConditions.java:523)
	at org.openqa.selenium.support.ui.ExpectedConditions.access$000(ExpectedConditions.java:39)
	at org.openqa.selenium.support.ui.ExpectedConditions$4.apply(ExpectedConditions.java:130)
	at org.openqa.selenium.support.ui.ExpectedConditions$4.apply(ExpectedConditions.java:126)
	at org.openqa.selenium.support.ui.FluentWait.until(FluentWait.java:208)
	at com.mifos.pages.MifosWebPage.waitForElementToBeVisible(MifosWebPage.java:210)
	at com.mifos.pages.MifosWebPage.getElement(MifosWebPage.java:699)
	at com.mifos.pages.MifosWebPage.getElement(MifosWebPage.java:684)
	at com.mifos.pages.MifosWebPage.getSingleText(MifosWebPage.java:941)
	at com.mifos.pages.MifosWebPage.validateSame(MifosWebPage.java:947)
	at com.mifos.pages.MifosWebPage.verifySuccessMessage(MifosWebPage.java:1815)
	at com.mifos.pages.FrontPage.verifyProductLoanExcelSheet(FrontPage.java:472)
	at com.mifos.steps.LoanProductSteps.I_should_see_product_loan_created_successfully(LoanProductSteps.java:27)
	at sun.reflect.GeneratedMethodAccessor59.invoke(Unknown Source)
	at sun.reflect.DelegatingMethodAccessorImpl.invoke(DelegatingMethodAccessorImpl.java:43)
	at java.lang.reflect.Method.invoke(Method.java:606)
	at cucumber.runtime.Utils$1.call(Utils.java:44)
	at cucumber.runtime.Timeout.timeout(Timeout.java:12)
	at cucumber.runtime.Utils.invoke(Utils.java:40)
	at cucumber.runtime.java.JavaStepDefinition.execute(JavaStepDefinition.java:35)
	at cucumber.runtime.StepDefinitionMatch.runStep(StepDefinitionMatch.java:38)
	at cucumber.runtime.Runtime.runStep(Runtime.java:268)
	at cucumber.runtime.model.StepContainer.runStep(StepContainer.java:45)
	at cucumber.runtime.model.StepContainer.runSteps(StepContainer.java:40)
	at cucumber.runtime.model.CucumberScenario.run(CucumberScenario.java:36)
	at cucumber.runtime.junit.ExecutionUnitRunner.run(ExecutionUnitRunner.java:83)
	at org.junit.runners.Suite.runChild(Suite.java:127)
	at org.junit.runners.Suite.runChild(Suite.java:26)
	at org.junit.runners.ParentRunner$3.run(ParentRunner.java:238)
	at org.junit.runners.ParentRunner$1.schedule(ParentRunner.java:63)
	at org.junit.runners.ParentRunner.runChildren(ParentRunner.java:236)
	at org.junit.runners.ParentRunner.access$000(ParentRunner.java:53)
	at org.junit.runners.ParentRunner$2.evaluate(ParentRunner.java:229)
	at org.junit.runners.ParentRunner.run(ParentRunner.java:309)
	at org.junit.runners.Suite.runChild(Suite.java:127)
	at org.junit.runners.Suite.runChild(Suite.java:26)
	at org.junit.runners.ParentRunner$3.run(ParentRunner.java:238)
	at org.junit.runners.ParentRunner$1.schedule(ParentRunner.java:63)
	at org.junit.runners.ParentRunner.runChildren(ParentRunner.java:236)
	at org.junit.runners.ParentRunner.access$000(ParentRunner.java:53)
	at org.junit.runners.ParentRunner$2.evaluate(ParentRunner.java:229)
	at org.junit.runners.ParentRunner.run(ParentRunner.java:309)
	at cucumber.runtime.junit.FeatureRunner.runChild(FeatureRunner.java:63)
	at cucumber.runtime.junit.FeatureRunner.runChild(FeatureRunner.java:18)
	at org.junit.runners.ParentRunner$3.run(ParentRunner.java:238)
	at org.junit.runners.ParentRunner$1.schedule(ParentRunner.java:63)
	at org.junit.runners.ParentRunner.runChildren(ParentRunner.java:236)
	at org.junit.runners.ParentRunner.access$000(ParentRunner.java:53)
	at org.junit.runners.ParentRunner$2.evaluate(ParentRunner.java:229)
	at org.junit.runners.ParentRunner.run(ParentRunner.java:309)
	at cucumber.runtime.junit.FeatureRunner.run(FeatureRunner.java:70)
	at cucumber.api.junit.Cucumber.runChild(Cucumber.java:77)
	at cucumber.api.junit.Cucumber.runChild(Cucumber.java:37)
	at org.junit.runners.ParentRunner$3.run(ParentRunner.java:238)
	at org.junit.runners.ParentRunner$1.schedule(ParentRunner.java:63)
	at org.junit.runners.ParentRunner.runChildren(ParentRunner.java:236)
	at org.junit.runners.ParentRunner.access$000(ParentRunner.java:53)
	at org.junit.runners.ParentRunner$2.evaluate(ParentRunner.java:229)
	at org.junit.runners.ParentRunner.run(ParentRunner.java:309)
	at cucumber.api.junit.Cucumber.run(Cucumber.java:82)
	at org.apache.maven.surefire.junit4.JUnit4Provider.execute(JUnit4Provider.java:252)
	at org.apache.maven.surefire.junit4.JUnit4Provider.executeTestSet(JUnit4Provider.java:141)
	at org.apache.maven.surefire.junit4.JUnit4Provider.invoke(JUnit4Provider.java:112)
	at sun.reflect.NativeMethodAccessorImpl.invoke0(Native Method)
	at sun.reflect.NativeMethodAccessorImpl.invoke(NativeMethodAccessorImpl.java:57)
	at sun.reflect.DelegatingMethodAccessorImpl.invoke(DelegatingMethodAccessorImpl.java:43)
	at java.lang.reflect.Method.invoke(Method.java:606)
	at org.apache.maven.surefire.util.ReflectionUtils.invokeMethodWithArray(ReflectionUtils.java:189)
	at org.apache.maven.surefire.booter.ProviderFactory$ProviderProxy.invoke(ProviderFactory.java:165)
	at org.apache.maven.surefire.booter.ProviderFactory.invokeProvider(ProviderFactory.java:85)
	at org.apache.maven.surefire.booter.ForkedBooter.runSuitesInProcess(ForkedBooter.java:113)
	at org.apache.maven.surefire.booter.ForkedBooter.main(ForkedBooter.java:75)
</error>
    <system-out>welcome to mifos through excel
Cell One ... key=productname
824RBI-EI-DB-SAR-REC-NON-RNI-CTRFD-DL-MD-TR-1-Late Repayment
824RBI-EI-DB-SAR-REC-NON-RNI-CTRFD-DL-MD-TR-1-Late Repayment
</system-out>
  </testcase>
  <testcase time="0" classname="| 824-RBI-EI-DB-SAR-REC-NON-RNI-CTRFD-DL-MD-TR-1-Late Repayment-Loanproduct4.xlsx |" name="| 824-RBI-EI-DB-SAR-REC-NON-RNI-CTRFD-DL-MD-TR-1-Late Repayment-Loanproduct4.xlsx |">
    <error message="Timed out after 100 seconds waiting for visibility of element located by By.selector: legend.ng-binding
Build info: version: &apos;2.29.1&apos;, revision: &apos;dfb1306b85be4934d23c123122e06e602a15e446&apos;, time: &apos;2013-01-22 12:58:05&apos;
System info: os.name: &apos;Windows Server 2012&apos;, os.arch: &apos;amd64&apos;, os.version: &apos;6.2&apos;, java.version: &apos;1.7.0_51&apos;
Driver info: driver.version: unknown" type="org.openqa.selenium.TimeoutException">org.openqa.selenium.TimeoutException: Timed out after 100 seconds waiting for visibility of element located by By.selector: legend.ng-binding
Build info: version: &apos;2.29.1&apos;, revision: &apos;dfb1306b85be4934d23c123122e06e602a15e446&apos;, time: &apos;2013-01-22 12:58:05&apos;
System info: os.name: &apos;Windows Server 2012&apos;, os.arch: &apos;amd64&apos;, os.version: &apos;6.2&apos;, java.version: &apos;1.7.0_51&apos;
Driver info: driver.version: unknown
	at org.openqa.selenium.support.ui.FluentWait.timeoutException(FluentWait.java:259)
	at org.openqa.selenium.support.ui.FluentWait.until(FluentWait.java:228)
	at com.mifos.pages.MifosWebPage.waitForElementToBeVisible(MifosWebPage.java:210)
	at com.mifos.pages.MifosWebPage.getElement(MifosWebPage.java:699)
	at com.mifos.pages.MifosWebPage.getElement(MifosWebPage.java:684)
	at com.mifos.pages.MifosWebPage.getSingleText(MifosWebPage.java:941)
	at com.mifos.pages.MifosWebPage.validateSame(MifosWebPage.java:947)
	at com.mifos.pages.MifosWebPage.verifySuccessMessage(MifosWebPage.java:1815)
	at com.mifos.pages.FrontPage.verifyProductLoanExcelSheet(FrontPage.java:472)
	at com.mifos.steps.LoanProductSteps.I_should_see_product_loan_created_successfully(LoanProductSteps.java:27)
	at ✽.Then I should see product loan created successfully(LoanRBI.feature:18)
Caused by: org.openqa.selenium.NoSuchElementException: no such element
  (Session info: chrome=43.0.2357.124)
  (Driver info: chromedriver=2.8.241075,platform=Windows NT 6.3 x86_64) (WARNING: The server did not provide any stacktrace information)
Command duration or timeout: 30.05 seconds
For documentation on this error, please visit: http://seleniumhq.org/exceptions/no_such_element.html
Build info: version: &apos;2.29.1&apos;, revision: &apos;dfb1306b85be4934d23c123122e06e602a15e446&apos;, time: &apos;2013-01-22 12:58:05&apos;
System info: os.name: &apos;Windows Server 2012&apos;, os.arch: &apos;amd64&apos;, os.version: &apos;6.2&apos;, java.version: &apos;1.7.0_51&apos;
Session ID: 39e16ceb1811666c3660bc8be616034a
Driver info: org.openqa.selenium.chrome.ChromeDriver
Capabilities [{platform=XP, acceptSslCerts=true, javascriptEnabled=true, browserName=chrome, chrome={userDataDir=C:\Users\ADMINI~1\AppData\Local\Temp\2\scoped_dir4948_25870}, rotatable=false, locationContextEnabled=true, version=43.0.2357.124, takesHeapSnapshot=true, cssSelectorsEnabled=true, databaseEnabled=false, handlesAlerts=true, browserConnectionEnabled=false, webStorageEnabled=true, nativeEvents=true, applicationCacheEnabled=false, takesScreenshot=true}]
	at sun.reflect.GeneratedConstructorAccessor53.newInstance(Unknown Source)
	at sun.reflect.DelegatingConstructorAccessorImpl.newInstance(DelegatingConstructorAccessorImpl.java:45)
	at java.lang.reflect.Constructor.newInstance(Constructor.java:526)
	at org.openqa.selenium.remote.ErrorHandler.createThrowable(ErrorHandler.java:187)
	at org.openqa.selenium.remote.ErrorHandler.throwIfResponseFailed(ErrorHandler.java:145)
	at org.openqa.selenium.remote.RemoteWebDriver.execute(RemoteWebDriver.java:554)
	at org.openqa.selenium.remote.RemoteWebDriver.findElement(RemoteWebDriver.java:307)
	at org.openqa.selenium.remote.RemoteWebDriver.findElementByCssSelector(RemoteWebDriver.java:396)
	at org.openqa.selenium.By$ByCssSelector.findElement(By.java:406)
	at org.openqa.selenium.remote.RemoteWebDriver.findElement(RemoteWebDriver.java:299)
	at sun.reflect.GeneratedMethodAccessor8.invoke(Unknown Source)
	at sun.reflect.DelegatingMethodAccessorImpl.invoke(DelegatingMethodAccessorImpl.java:43)
	at java.lang.reflect.Method.invoke(Method.java:606)
	at org.openqa.selenium.support.events.EventFiringWebDriver$2.invoke(EventFiringWebDriver.java:101)
	at com.sun.proxy.$Proxy16.findElement(Unknown Source)
	at org.openqa.selenium.support.events.EventFiringWebDriver.findElement(EventFiringWebDriver.java:180)
	at org.openqa.selenium.support.ui.ExpectedConditions.findElement(ExpectedConditions.java:523)
	at org.openqa.selenium.support.ui.ExpectedConditions.access$000(ExpectedConditions.java:39)
	at org.openqa.selenium.support.ui.ExpectedConditions$4.apply(ExpectedConditions.java:130)
	at org.openqa.selenium.support.ui.ExpectedConditions$4.apply(ExpectedConditions.java:126)
	at org.openqa.selenium.support.ui.FluentWait.until(FluentWait.java:208)
	at com.mifos.pages.MifosWebPage.waitForElementToBeVisible(MifosWebPage.java:210)
	at com.mifos.pages.MifosWebPage.getElement(MifosWebPage.java:699)
	at com.mifos.pages.MifosWebPage.getElement(MifosWebPage.java:684)
	at com.mifos.pages.MifosWebPage.getSingleText(MifosWebPage.java:941)
	at com.mifos.pages.MifosWebPage.validateSame(MifosWebPage.java:947)
	at com.mifos.pages.MifosWebPage.verifySuccessMessage(MifosWebPage.java:1815)
	at com.mifos.pages.FrontPage.verifyProductLoanExcelSheet(FrontPage.java:472)
	at com.mifos.steps.LoanProductSteps.I_should_see_product_loan_created_successfully(LoanProductSteps.java:27)
	at sun.reflect.GeneratedMethodAccessor59.invoke(Unknown Source)
	at sun.reflect.DelegatingMethodAccessorImpl.invoke(DelegatingMethodAccessorImpl.java:43)
	at java.lang.reflect.Method.invoke(Method.java:606)
	at cucumber.runtime.Utils$1.call(Utils.java:44)
	at cucumber.runtime.Timeout.timeout(Timeout.java:12)
	at cucumber.runtime.Utils.invoke(Utils.java:40)
	at cucumber.runtime.java.JavaStepDefinition.execute(JavaStepDefinition.java:35)
	at cucumber.runtime.StepDefinitionMatch.runStep(StepDefinitionMatch.java:38)
	at cucumber.runtime.Runtime.runStep(Runtime.java:268)
	at cucumber.runtime.model.StepContainer.runStep(StepContainer.java:45)
	at cucumber.runtime.model.StepContainer.runSteps(StepContainer.java:40)
	at cucumber.runtime.model.CucumberScenario.run(CucumberScenario.java:36)
	at cucumber.runtime.junit.ExecutionUnitRunner.run(ExecutionUnitRunner.java:83)
	at org.junit.runners.Suite.runChild(Suite.java:127)
	at org.junit.runners.Suite.runChild(Suite.java:26)
	at org.junit.runners.ParentRunner$3.run(ParentRunner.java:238)
	at org.junit.runners.ParentRunner$1.schedule(ParentRunner.java:63)
	at org.junit.runners.ParentRunner.runChildren(ParentRunner.java:236)
	at org.junit.runners.ParentRunner.access$000(ParentRunner.java:53)
	at org.junit.runners.ParentRunner$2.evaluate(ParentRunner.java:229)
	at org.junit.runners.ParentRunner.run(ParentRunner.java:309)
	at org.junit.runners.Suite.runChild(Suite.java:127)
	at org.junit.runners.Suite.runChild(Suite.java:26)
	at org.junit.runners.ParentRunner$3.run(ParentRunner.java:238)
	at org.junit.runners.ParentRunner$1.schedule(ParentRunner.java:63)
	at org.junit.runners.ParentRunner.runChildren(ParentRunner.java:236)
	at org.junit.runners.ParentRunner.access$000(ParentRunner.java:53)
	at org.junit.runners.ParentRunner$2.evaluate(ParentRunner.java:229)
	at org.junit.runners.ParentRunner.run(ParentRunner.java:309)
	at cucumber.runtime.junit.FeatureRunner.runChild(FeatureRunner.java:63)
	at cucumber.runtime.junit.FeatureRunner.runChild(FeatureRunner.java:18)
	at org.junit.runners.ParentRunner$3.run(ParentRunner.java:238)
	at org.junit.runners.ParentRunner$1.schedule(ParentRunner.java:63)
	at org.junit.runners.ParentRunner.runChildren(ParentRunner.java:236)
	at org.junit.runners.ParentRunner.access$000(ParentRunner.java:53)
	at org.junit.runners.ParentRunner$2.evaluate(ParentRunner.java:229)
	at org.junit.runners.ParentRunner.run(ParentRunner.java:309)
	at cucumber.runtime.junit.FeatureRunner.run(FeatureRunner.java:70)
	at cucumber.api.junit.Cucumber.runChild(Cucumber.java:77)
	at cucumber.api.junit.Cucumber.runChild(Cucumber.java:37)
	at org.junit.runners.ParentRunner$3.run(ParentRunner.java:238)
	at org.junit.runners.ParentRunner$1.schedule(ParentRunner.java:63)
	at org.junit.runners.ParentRunner.runChildren(ParentRunner.java:236)
	at org.junit.runners.ParentRunner.access$000(ParentRunner.java:53)
	at org.junit.runners.ParentRunner$2.evaluate(ParentRunner.java:229)
	at org.junit.runners.ParentRunner.run(ParentRunner.java:309)
	at cucumber.api.junit.Cucumber.run(Cucumber.java:82)
	at org.apache.maven.surefire.junit4.JUnit4Provider.execute(JUnit4Provider.java:252)
	at org.apache.maven.surefire.junit4.JUnit4Provider.executeTestSet(JUnit4Provider.java:141)
	at org.apache.maven.surefire.junit4.JUnit4Provider.invoke(JUnit4Provider.java:112)
	at sun.reflect.NativeMethodAccessorImpl.invoke0(Native Method)
	at sun.reflect.NativeMethodAccessorImpl.invoke(NativeMethodAccessorImpl.java:57)
	at sun.reflect.DelegatingMethodAccessorImpl.invoke(DelegatingMethodAccessorImpl.java:43)
	at java.lang.reflect.Method.invoke(Method.java:606)
	at org.apache.maven.surefire.util.ReflectionUtils.invokeMethodWithArray(ReflectionUtils.java:189)
	at org.apache.maven.surefire.booter.ProviderFactory$ProviderProxy.invoke(ProviderFactory.java:165)
	at org.apache.maven.surefire.booter.ProviderFactory.invokeProvider(ProviderFactory.java:85)
	at org.apache.maven.surefire.booter.ForkedBooter.runSuitesInProcess(ForkedBooter.java:113)
	at org.apache.maven.surefire.booter.ForkedBooter.main(ForkedBooter.java:75)
</error>
  </testcase>
  <testcase time="0" classname="| 869-RBI-EPP-DB-DL-REC-NON-RNI-CTPD-SAR-MD-TR-1-Late Repayment-Loanproduct4.xlsx |" name="Given I navigate to mifos"/>
  <testcase time="0" classname="| 869-RBI-EPP-DB-DL-REC-NON-RNI-CTPD-SAR-MD-TR-1-Late Repayment-Loanproduct4.xlsx |" name="And I use login folder"/>
  <testcase time="0" classname="| 869-RBI-EPP-DB-DL-REC-NON-RNI-CTPD-SAR-MD-TR-1-Late Repayment-Loanproduct4.xlsx |" name="When I login into mifos site using excel sheet"/>
  <testcase time="0" classname="| 869-RBI-EPP-DB-DL-REC-NON-RNI-CTPD-SAR-MD-TR-1-Late Repayment-Loanproduct4.xlsx |" name="Then I should see logged in successfully"/>
  <testcase time="0" classname="| 869-RBI-EPP-DB-DL-REC-NON-RNI-CTPD-SAR-MD-TR-1-Late Repayment-Loanproduct4.xlsx |" name="Given I setup the product loan"/>
  <testcase time="0" classname="| 869-RBI-EPP-DB-DL-REC-NON-RNI-CTPD-SAR-MD-TR-1-Late Repayment-Loanproduct4.xlsx |" name="And I entered the values into product loan using"/>
  <testcase time="0" classname="| 869-RBI-EPP-DB-DL-REC-NON-RNI-CTPD-SAR-MD-TR-1-Late Repayment-Loanproduct4.xlsx |" name="Then I should see product loan created successfully">
    <error message="Timed out after 100 seconds waiting for visibility of element located by By.selector: legend.ng-binding
Build info: version: &apos;2.29.1&apos;, revision: &apos;dfb1306b85be4934d23c123122e06e602a15e446&apos;, time: &apos;2013-01-22 12:58:05&apos;
System info: os.name: &apos;Windows Server 2012&apos;, os.arch: &apos;amd64&apos;, os.version: &apos;6.2&apos;, java.version: &apos;1.7.0_51&apos;
Driver info: driver.version: unknown" type="org.openqa.selenium.TimeoutException">org.openqa.selenium.TimeoutException: Timed out after 100 seconds waiting for visibility of element located by By.selector: legend.ng-binding
Build info: version: &apos;2.29.1&apos;, revision: &apos;dfb1306b85be4934d23c123122e06e602a15e446&apos;, time: &apos;2013-01-22 12:58:05&apos;
System info: os.name: &apos;Windows Server 2012&apos;, os.arch: &apos;amd64&apos;, os.version: &apos;6.2&apos;, java.version: &apos;1.7.0_51&apos;
Driver info: driver.version: unknown
	at org.openqa.selenium.support.ui.FluentWait.timeoutException(FluentWait.java:259)
	at org.openqa.selenium.support.ui.FluentWait.until(FluentWait.java:228)
	at com.mifos.pages.MifosWebPage.waitForElementToBeVisible(MifosWebPage.java:210)
	at com.mifos.pages.MifosWebPage.getElement(MifosWebPage.java:699)
	at com.mifos.pages.MifosWebPage.getElement(MifosWebPage.java:684)
	at com.mifos.pages.MifosWebPage.getSingleText(MifosWebPage.java:941)
	at com.mifos.pages.MifosWebPage.validateSame(MifosWebPage.java:947)
	at com.mifos.pages.MifosWebPage.verifySuccessMessage(MifosWebPage.java:1815)
	at com.mifos.pages.FrontPage.verifyProductLoanExcelSheet(FrontPage.java:472)
	at com.mifos.steps.LoanProductSteps.I_should_see_product_loan_created_successfully(LoanProductSteps.java:27)
	at ✽.Then I should see product loan created successfully(LoanRBI.feature:18)
Caused by: org.openqa.selenium.NoSuchElementException: no such element
  (Session info: chrome=43.0.2357.124)
  (Driver info: chromedriver=2.8.241075,platform=Windows NT 6.3 x86_64) (WARNING: The server did not provide any stacktrace information)
Command duration or timeout: 30.00 seconds
For documentation on this error, please visit: http://seleniumhq.org/exceptions/no_such_element.html
Build info: version: &apos;2.29.1&apos;, revision: &apos;dfb1306b85be4934d23c123122e06e602a15e446&apos;, time: &apos;2013-01-22 12:58:05&apos;
System info: os.name: &apos;Windows Server 2012&apos;, os.arch: &apos;amd64&apos;, os.version: &apos;6.2&apos;, java.version: &apos;1.7.0_51&apos;
Session ID: 917b4824524a46e67d1f0b2621e6c0f3
Driver info: org.openqa.selenium.chrome.ChromeDriver
Capabilities [{platform=XP, acceptSslCerts=true, javascriptEnabled=true, browserName=chrome, chrome={userDataDir=C:\Users\ADMINI~1\AppData\Local\Temp\2\scoped_dir4532_20301}, rotatable=false, locationContextEnabled=true, version=43.0.2357.124, takesHeapSnapshot=true, cssSelectorsEnabled=true, databaseEnabled=false, handlesAlerts=true, browserConnectionEnabled=false, webStorageEnabled=true, nativeEvents=true, applicationCacheEnabled=false, takesScreenshot=true}]
	at sun.reflect.GeneratedConstructorAccessor53.newInstance(Unknown Source)
	at sun.reflect.DelegatingConstructorAccessorImpl.newInstance(DelegatingConstructorAccessorImpl.java:45)
	at java.lang.reflect.Constructor.newInstance(Constructor.java:526)
	at org.openqa.selenium.remote.ErrorHandler.createThrowable(ErrorHandler.java:187)
	at org.openqa.selenium.remote.ErrorHandler.throwIfResponseFailed(ErrorHandler.java:145)
	at org.openqa.selenium.remote.RemoteWebDriver.execute(RemoteWebDriver.java:554)
	at org.openqa.selenium.remote.RemoteWebDriver.findElement(RemoteWebDriver.java:307)
	at org.openqa.selenium.remote.RemoteWebDriver.findElementByCssSelector(RemoteWebDriver.java:396)
	at org.openqa.selenium.By$ByCssSelector.findElement(By.java:406)
	at org.openqa.selenium.remote.RemoteWebDriver.findElement(RemoteWebDriver.java:299)
	at sun.reflect.GeneratedMethodAccessor8.invoke(Unknown Source)
	at sun.reflect.DelegatingMethodAccessorImpl.invoke(DelegatingMethodAccessorImpl.java:43)
	at java.lang.reflect.Method.invoke(Method.java:606)
	at org.openqa.selenium.support.events.EventFiringWebDriver$2.invoke(EventFiringWebDriver.java:101)
	at com.sun.proxy.$Proxy16.findElement(Unknown Source)
	at org.openqa.selenium.support.events.EventFiringWebDriver.findElement(EventFiringWebDriver.java:180)
	at org.openqa.selenium.support.ui.ExpectedConditions.findElement(ExpectedConditions.java:523)
	at org.openqa.selenium.support.ui.ExpectedConditions.access$000(ExpectedConditions.java:39)
	at org.openqa.selenium.support.ui.ExpectedConditions$4.apply(ExpectedConditions.java:130)
	at org.openqa.selenium.support.ui.ExpectedConditions$4.apply(ExpectedConditions.java:126)
	at org.openqa.selenium.support.ui.FluentWait.until(FluentWait.java:208)
	at com.mifos.pages.MifosWebPage.waitForElementToBeVisible(MifosWebPage.java:210)
	at com.mifos.pages.MifosWebPage.getElement(MifosWebPage.java:699)
	at com.mifos.pages.MifosWebPage.getElement(MifosWebPage.java:684)
	at com.mifos.pages.MifosWebPage.getSingleText(MifosWebPage.java:941)
	at com.mifos.pages.MifosWebPage.validateSame(MifosWebPage.java:947)
	at com.mifos.pages.MifosWebPage.verifySuccessMessage(MifosWebPage.java:1815)
	at com.mifos.pages.FrontPage.verifyProductLoanExcelSheet(FrontPage.java:472)
	at com.mifos.steps.LoanProductSteps.I_should_see_product_loan_created_successfully(LoanProductSteps.java:27)
	at sun.reflect.GeneratedMethodAccessor59.invoke(Unknown Source)
	at sun.reflect.DelegatingMethodAccessorImpl.invoke(DelegatingMethodAccessorImpl.java:43)
	at java.lang.reflect.Method.invoke(Method.java:606)
	at cucumber.runtime.Utils$1.call(Utils.java:44)
	at cucumber.runtime.Timeout.timeout(Timeout.java:12)
	at cucumber.runtime.Utils.invoke(Utils.java:40)
	at cucumber.runtime.java.JavaStepDefinition.execute(JavaStepDefinition.java:35)
	at cucumber.runtime.StepDefinitionMatch.runStep(StepDefinitionMatch.java:38)
	at cucumber.runtime.Runtime.runStep(Runtime.java:268)
	at cucumber.runtime.model.StepContainer.runStep(StepContainer.java:45)
	at cucumber.runtime.model.StepContainer.runSteps(StepContainer.java:40)
	at cucumber.runtime.model.CucumberScenario.run(CucumberScenario.java:36)
	at cucumber.runtime.junit.ExecutionUnitRunner.run(ExecutionUnitRunner.java:83)
	at org.junit.runners.Suite.runChild(Suite.java:127)
	at org.junit.runners.Suite.runChild(Suite.java:26)
	at org.junit.runners.ParentRunner$3.run(ParentRunner.java:238)
	at org.junit.runners.ParentRunner$1.schedule(ParentRunner.java:63)
	at org.junit.runners.ParentRunner.runChildren(ParentRunner.java:236)
	at org.junit.runners.ParentRunner.access$000(ParentRunner.java:53)
	at org.junit.runners.ParentRunner$2.evaluate(ParentRunner.java:229)
	at org.junit.runners.ParentRunner.run(ParentRunner.java:309)
	at org.junit.runners.Suite.runChild(Suite.java:127)
	at org.junit.runners.Suite.runChild(Suite.java:26)
	at org.junit.runners.ParentRunner$3.run(ParentRunner.java:238)
	at org.junit.runners.ParentRunner$1.schedule(ParentRunner.java:63)
	at org.junit.runners.ParentRunner.runChildren(ParentRunner.java:236)
	at org.junit.runners.ParentRunner.access$000(ParentRunner.java:53)
	at org.junit.runners.ParentRunner$2.evaluate(ParentRunner.java:229)
	at org.junit.runners.ParentRunner.run(ParentRunner.java:309)
	at cucumber.runtime.junit.FeatureRunner.runChild(FeatureRunner.java:63)
	at cucumber.runtime.junit.FeatureRunner.runChild(FeatureRunner.java:18)
	at org.junit.runners.ParentRunner$3.run(ParentRunner.java:238)
	at org.junit.runners.ParentRunner$1.schedule(ParentRunner.java:63)
	at org.junit.runners.ParentRunner.runChildren(ParentRunner.java:236)
	at org.junit.runners.ParentRunner.access$000(ParentRunner.java:53)
	at org.junit.runners.ParentRunner$2.evaluate(ParentRunner.java:229)
	at org.junit.runners.ParentRunner.run(ParentRunner.java:309)
	at cucumber.runtime.junit.FeatureRunner.run(FeatureRunner.java:70)
	at cucumber.api.junit.Cucumber.runChild(Cucumber.java:77)
	at cucumber.api.junit.Cucumber.runChild(Cucumber.java:37)
	at org.junit.runners.ParentRunner$3.run(ParentRunner.java:238)
	at org.junit.runners.ParentRunner$1.schedule(ParentRunner.java:63)
	at org.junit.runners.ParentRunner.runChildren(ParentRunner.java:236)
	at org.junit.runners.ParentRunner.access$000(ParentRunner.java:53)
	at org.junit.runners.ParentRunner$2.evaluate(ParentRunner.java:229)
	at org.junit.runners.ParentRunner.run(ParentRunner.java:309)
	at cucumber.api.junit.Cucumber.run(Cucumber.java:82)
	at org.apache.maven.surefire.junit4.JUnit4Provider.execute(JUnit4Provider.java:252)
	at org.apache.maven.surefire.junit4.JUnit4Provider.executeTestSet(JUnit4Provider.java:141)
	at org.apache.maven.surefire.junit4.JUnit4Provider.invoke(JUnit4Provider.java:112)
	at sun.reflect.NativeMethodAccessorImpl.invoke0(Native Method)
	at sun.reflect.NativeMethodAccessorImpl.invoke(NativeMethodAccessorImpl.java:57)
	at sun.reflect.DelegatingMethodAccessorImpl.invoke(DelegatingMethodAccessorImpl.java:43)
	at java.lang.reflect.Method.invoke(Method.java:606)
	at org.apache.maven.surefire.util.ReflectionUtils.invokeMethodWithArray(ReflectionUtils.java:189)
	at org.apache.maven.surefire.booter.ProviderFactory$ProviderProxy.invoke(ProviderFactory.java:165)
	at org.apache.maven.surefire.booter.ProviderFactory.invokeProvider(ProviderFactory.java:85)
	at org.apache.maven.surefire.booter.ForkedBooter.runSuitesInProcess(ForkedBooter.java:113)
	at org.apache.maven.surefire.booter.ForkedBooter.main(ForkedBooter.java:75)
</error>
    <system-out>welcome to mifos through excel
Cell One ... key=productname
869RBI-EPP-DB-DL-REC-NON-RNI-CTPD-SAR-MD-TR-1-Late Repayment
869RBI-EPP-DB-DL-REC-NON-RNI-CTPD-SAR-MD-TR-1-Late Repayment
</system-out>
  </testcase>
  <testcase time="0" classname="| 869-RBI-EPP-DB-DL-REC-NON-RNI-CTPD-SAR-MD-TR-1-Late Repayment-Loanproduct4.xlsx |" name="| 869-RBI-EPP-DB-DL-REC-NON-RNI-CTPD-SAR-MD-TR-1-Late Repayment-Loanproduct4.xlsx |">
    <error message="Timed out after 100 seconds waiting for visibility of element located by By.selector: legend.ng-binding
Build info: version: &apos;2.29.1&apos;, revision: &apos;dfb1306b85be4934d23c123122e06e602a15e446&apos;, time: &apos;2013-01-22 12:58:05&apos;
System info: os.name: &apos;Windows Server 2012&apos;, os.arch: &apos;amd64&apos;, os.version: &apos;6.2&apos;, java.version: &apos;1.7.0_51&apos;
Driver info: driver.version: unknown" type="org.openqa.selenium.TimeoutException">org.openqa.selenium.TimeoutException: Timed out after 100 seconds waiting for visibility of element located by By.selector: legend.ng-binding
Build info: version: &apos;2.29.1&apos;, revision: &apos;dfb1306b85be4934d23c123122e06e602a15e446&apos;, time: &apos;2013-01-22 12:58:05&apos;
System info: os.name: &apos;Windows Server 2012&apos;, os.arch: &apos;amd64&apos;, os.version: &apos;6.2&apos;, java.version: &apos;1.7.0_51&apos;
Driver info: driver.version: unknown
	at org.openqa.selenium.support.ui.FluentWait.timeoutException(FluentWait.java:259)
	at org.openqa.selenium.support.ui.FluentWait.until(FluentWait.java:228)
	at com.mifos.pages.MifosWebPage.waitForElementToBeVisible(MifosWebPage.java:210)
	at com.mifos.pages.MifosWebPage.getElement(MifosWebPage.java:699)
	at com.mifos.pages.MifosWebPage.getElement(MifosWebPage.java:684)
	at com.mifos.pages.MifosWebPage.getSingleText(MifosWebPage.java:941)
	at com.mifos.pages.MifosWebPage.validateSame(MifosWebPage.java:947)
	at com.mifos.pages.MifosWebPage.verifySuccessMessage(MifosWebPage.java:1815)
	at com.mifos.pages.FrontPage.verifyProductLoanExcelSheet(FrontPage.java:472)
	at com.mifos.steps.LoanProductSteps.I_should_see_product_loan_created_successfully(LoanProductSteps.java:27)
	at ✽.Then I should see product loan created successfully(LoanRBI.feature:18)
Caused by: org.openqa.selenium.NoSuchElementException: no such element
  (Session info: chrome=43.0.2357.124)
  (Driver info: chromedriver=2.8.241075,platform=Windows NT 6.3 x86_64) (WARNING: The server did not provide any stacktrace information)
Command duration or timeout: 30.00 seconds
For documentation on this error, please visit: http://seleniumhq.org/exceptions/no_such_element.html
Build info: version: &apos;2.29.1&apos;, revision: &apos;dfb1306b85be4934d23c123122e06e602a15e446&apos;, time: &apos;2013-01-22 12:58:05&apos;
System info: os.name: &apos;Windows Server 2012&apos;, os.arch: &apos;amd64&apos;, os.version: &apos;6.2&apos;, java.version: &apos;1.7.0_51&apos;
Session ID: 917b4824524a46e67d1f0b2621e6c0f3
Driver info: org.openqa.selenium.chrome.ChromeDriver
Capabilities [{platform=XP, acceptSslCerts=true, javascriptEnabled=true, browserName=chrome, chrome={userDataDir=C:\Users\ADMINI~1\AppData\Local\Temp\2\scoped_dir4532_20301}, rotatable=false, locationContextEnabled=true, version=43.0.2357.124, takesHeapSnapshot=true, cssSelectorsEnabled=true, databaseEnabled=false, handlesAlerts=true, browserConnectionEnabled=false, webStorageEnabled=true, nativeEvents=true, applicationCacheEnabled=false, takesScreenshot=true}]
	at sun.reflect.GeneratedConstructorAccessor53.newInstance(Unknown Source)
	at sun.reflect.DelegatingConstructorAccessorImpl.newInstance(DelegatingConstructorAccessorImpl.java:45)
	at java.lang.reflect.Constructor.newInstance(Constructor.java:526)
	at org.openqa.selenium.remote.ErrorHandler.createThrowable(ErrorHandler.java:187)
	at org.openqa.selenium.remote.ErrorHandler.throwIfResponseFailed(ErrorHandler.java:145)
	at org.openqa.selenium.remote.RemoteWebDriver.execute(RemoteWebDriver.java:554)
	at org.openqa.selenium.remote.RemoteWebDriver.findElement(RemoteWebDriver.java:307)
	at org.openqa.selenium.remote.RemoteWebDriver.findElementByCssSelector(RemoteWebDriver.java:396)
	at org.openqa.selenium.By$ByCssSelector.findElement(By.java:406)
	at org.openqa.selenium.remote.RemoteWebDriver.findElement(RemoteWebDriver.java:299)
	at sun.reflect.GeneratedMethodAccessor8.invoke(Unknown Source)
	at sun.reflect.DelegatingMethodAccessorImpl.invoke(DelegatingMethodAccessorImpl.java:43)
	at java.lang.reflect.Method.invoke(Method.java:606)
	at org.openqa.selenium.support.events.EventFiringWebDriver$2.invoke(EventFiringWebDriver.java:101)
	at com.sun.proxy.$Proxy16.findElement(Unknown Source)
	at org.openqa.selenium.support.events.EventFiringWebDriver.findElement(EventFiringWebDriver.java:180)
	at org.openqa.selenium.support.ui.ExpectedConditions.findElement(ExpectedConditions.java:523)
	at org.openqa.selenium.support.ui.ExpectedConditions.access$000(ExpectedConditions.java:39)
	at org.openqa.selenium.support.ui.ExpectedConditions$4.apply(ExpectedConditions.java:130)
	at org.openqa.selenium.support.ui.ExpectedConditions$4.apply(ExpectedConditions.java:126)
	at org.openqa.selenium.support.ui.FluentWait.until(FluentWait.java:208)
	at com.mifos.pages.MifosWebPage.waitForElementToBeVisible(MifosWebPage.java:210)
	at com.mifos.pages.MifosWebPage.getElement(MifosWebPage.java:699)
	at com.mifos.pages.MifosWebPage.getElement(MifosWebPage.java:684)
	at com.mifos.pages.MifosWebPage.getSingleText(MifosWebPage.java:941)
	at com.mifos.pages.MifosWebPage.validateSame(MifosWebPage.java:947)
	at com.mifos.pages.MifosWebPage.verifySuccessMessage(MifosWebPage.java:1815)
	at com.mifos.pages.FrontPage.verifyProductLoanExcelSheet(FrontPage.java:472)
	at com.mifos.steps.LoanProductSteps.I_should_see_product_loan_created_successfully(LoanProductSteps.java:27)
	at sun.reflect.GeneratedMethodAccessor59.invoke(Unknown Source)
	at sun.reflect.DelegatingMethodAccessorImpl.invoke(DelegatingMethodAccessorImpl.java:43)
	at java.lang.reflect.Method.invoke(Method.java:606)
	at cucumber.runtime.Utils$1.call(Utils.java:44)
	at cucumber.runtime.Timeout.timeout(Timeout.java:12)
	at cucumber.runtime.Utils.invoke(Utils.java:40)
	at cucumber.runtime.java.JavaStepDefinition.execute(JavaStepDefinition.java:35)
	at cucumber.runtime.StepDefinitionMatch.runStep(StepDefinitionMatch.java:38)
	at cucumber.runtime.Runtime.runStep(Runtime.java:268)
	at cucumber.runtime.model.StepContainer.runStep(StepContainer.java:45)
	at cucumber.runtime.model.StepContainer.runSteps(StepContainer.java:40)
	at cucumber.runtime.model.CucumberScenario.run(CucumberScenario.java:36)
	at cucumber.runtime.junit.ExecutionUnitRunner.run(ExecutionUnitRunner.java:83)
	at org.junit.runners.Suite.runChild(Suite.java:127)
	at org.junit.runners.Suite.runChild(Suite.java:26)
	at org.junit.runners.ParentRunner$3.run(ParentRunner.java:238)
	at org.junit.runners.ParentRunner$1.schedule(ParentRunner.java:63)
	at org.junit.runners.ParentRunner.runChildren(ParentRunner.java:236)
	at org.junit.runners.ParentRunner.access$000(ParentRunner.java:53)
	at org.junit.runners.ParentRunner$2.evaluate(ParentRunner.java:229)
	at org.junit.runners.ParentRunner.run(ParentRunner.java:309)
	at org.junit.runners.Suite.runChild(Suite.java:127)
	at org.junit.runners.Suite.runChild(Suite.java:26)
	at org.junit.runners.ParentRunner$3.run(ParentRunner.java:238)
	at org.junit.runners.ParentRunner$1.schedule(ParentRunner.java:63)
	at org.junit.runners.ParentRunner.runChildren(ParentRunner.java:236)
	at org.junit.runners.ParentRunner.access$000(ParentRunner.java:53)
	at org.junit.runners.ParentRunner$2.evaluate(ParentRunner.java:229)
	at org.junit.runners.ParentRunner.run(ParentRunner.java:309)
	at cucumber.runtime.junit.FeatureRunner.runChild(FeatureRunner.java:63)
	at cucumber.runtime.junit.FeatureRunner.runChild(FeatureRunner.java:18)
	at org.junit.runners.ParentRunner$3.run(ParentRunner.java:238)
	at org.junit.runners.ParentRunner$1.schedule(ParentRunner.java:63)
	at org.junit.runners.ParentRunner.runChildren(ParentRunner.java:236)
	at org.junit.runners.ParentRunner.access$000(ParentRunner.java:53)
	at org.junit.runners.ParentRunner$2.evaluate(ParentRunner.java:229)
	at org.junit.runners.ParentRunner.run(ParentRunner.java:309)
	at cucumber.runtime.junit.FeatureRunner.run(FeatureRunner.java:70)
	at cucumber.api.junit.Cucumber.runChild(Cucumber.java:77)
	at cucumber.api.junit.Cucumber.runChild(Cucumber.java:37)
	at org.junit.runners.ParentRunner$3.run(ParentRunner.java:238)
	at org.junit.runners.ParentRunner$1.schedule(ParentRunner.java:63)
	at org.junit.runners.ParentRunner.runChildren(ParentRunner.java:236)
	at org.junit.runners.ParentRunner.access$000(ParentRunner.java:53)
	at org.junit.runners.ParentRunner$2.evaluate(ParentRunner.java:229)
	at org.junit.runners.ParentRunner.run(ParentRunner.java:309)
	at cucumber.api.junit.Cucumber.run(Cucumber.java:82)
	at org.apache.maven.surefire.junit4.JUnit4Provider.execute(JUnit4Provider.java:252)
	at org.apache.maven.surefire.junit4.JUnit4Provider.executeTestSet(JUnit4Provider.java:141)
	at org.apache.maven.surefire.junit4.JUnit4Provider.invoke(JUnit4Provider.java:112)
	at sun.reflect.NativeMethodAccessorImpl.invoke0(Native Method)
	at sun.reflect.NativeMethodAccessorImpl.invoke(NativeMethodAccessorImpl.java:57)
	at sun.reflect.DelegatingMethodAccessorImpl.invoke(DelegatingMethodAccessorImpl.java:43)
	at java.lang.reflect.Method.invoke(Method.java:606)
	at org.apache.maven.surefire.util.ReflectionUtils.invokeMethodWithArray(ReflectionUtils.java:189)
	at org.apache.maven.surefire.booter.ProviderFactory$ProviderProxy.invoke(ProviderFactory.java:165)
	at org.apache.maven.surefire.booter.ProviderFactory.invokeProvider(ProviderFactory.java:85)
	at org.apache.maven.surefire.booter.ForkedBooter.runSuitesInProcess(ForkedBooter.java:113)
	at org.apache.maven.surefire.booter.ForkedBooter.main(ForkedBooter.java:75)
</error>
  </testcase>
  <testcase time="0" classname="| 870-RBI-EPP-DB-DL-REC-NON-RNI-CTPD-DL-MD-TR-1-Late Repayment-Loanproduct4.xlsx |" name="Given I navigate to mifos"/>
  <testcase time="0" classname="| 870-RBI-EPP-DB-DL-REC-NON-RNI-CTPD-DL-MD-TR-1-Late Repayment-Loanproduct4.xlsx |" name="And I use login folder"/>
  <testcase time="0" classname="| 870-RBI-EPP-DB-DL-REC-NON-RNI-CTPD-DL-MD-TR-1-Late Repayment-Loanproduct4.xlsx |" name="When I login into mifos site using excel sheet"/>
  <testcase time="0" classname="| 870-RBI-EPP-DB-DL-REC-NON-RNI-CTPD-DL-MD-TR-1-Late Repayment-Loanproduct4.xlsx |" name="Then I should see logged in successfully"/>
  <testcase time="0" classname="| 870-RBI-EPP-DB-DL-REC-NON-RNI-CTPD-DL-MD-TR-1-Late Repayment-Loanproduct4.xlsx |" name="Given I setup the product loan"/>
  <testcase time="0" classname="| 870-RBI-EPP-DB-DL-REC-NON-RNI-CTPD-DL-MD-TR-1-Late Repayment-Loanproduct4.xlsx |" name="And I entered the values into product loan using"/>
  <testcase time="0" classname="| 870-RBI-EPP-DB-DL-REC-NON-RNI-CTPD-DL-MD-TR-1-Late Repayment-Loanproduct4.xlsx |" name="Then I should see product loan created successfully">
    <error message="Timed out after 100 seconds waiting for visibility of element located by By.selector: legend.ng-binding
Build info: version: &apos;2.29.1&apos;, revision: &apos;dfb1306b85be4934d23c123122e06e602a15e446&apos;, time: &apos;2013-01-22 12:58:05&apos;
System info: os.name: &apos;Windows Server 2012&apos;, os.arch: &apos;amd64&apos;, os.version: &apos;6.2&apos;, java.version: &apos;1.7.0_51&apos;
Driver info: driver.version: unknown" type="org.openqa.selenium.TimeoutException">org.openqa.selenium.TimeoutException: Timed out after 100 seconds waiting for visibility of element located by By.selector: legend.ng-binding
Build info: version: &apos;2.29.1&apos;, revision: &apos;dfb1306b85be4934d23c123122e06e602a15e446&apos;, time: &apos;2013-01-22 12:58:05&apos;
System info: os.name: &apos;Windows Server 2012&apos;, os.arch: &apos;amd64&apos;, os.version: &apos;6.2&apos;, java.version: &apos;1.7.0_51&apos;
Driver info: driver.version: unknown
	at org.openqa.selenium.support.ui.FluentWait.timeoutException(FluentWait.java:259)
	at org.openqa.selenium.support.ui.FluentWait.until(FluentWait.java:228)
	at com.mifos.pages.MifosWebPage.waitForElementToBeVisible(MifosWebPage.java:210)
	at com.mifos.pages.MifosWebPage.getElement(MifosWebPage.java:699)
	at com.mifos.pages.MifosWebPage.getElement(MifosWebPage.java:684)
	at com.mifos.pages.MifosWebPage.getSingleText(MifosWebPage.java:941)
	at com.mifos.pages.MifosWebPage.validateSame(MifosWebPage.java:947)
	at com.mifos.pages.MifosWebPage.verifySuccessMessage(MifosWebPage.java:1815)
	at com.mifos.pages.FrontPage.verifyProductLoanExcelSheet(FrontPage.java:472)
	at com.mifos.steps.LoanProductSteps.I_should_see_product_loan_created_successfully(LoanProductSteps.java:27)
	at ✽.Then I should see product loan created successfully(LoanRBI.feature:18)
Caused by: org.openqa.selenium.NoSuchElementException: no such element
  (Session info: chrome=43.0.2357.124)
  (Driver info: chromedriver=2.8.241075,platform=Windows NT 6.3 x86_64) (WARNING: The server did not provide any stacktrace information)
Command duration or timeout: 30.03 seconds
For documentation on this error, please visit: http://seleniumhq.org/exceptions/no_such_element.html
Build info: version: &apos;2.29.1&apos;, revision: &apos;dfb1306b85be4934d23c123122e06e602a15e446&apos;, time: &apos;2013-01-22 12:58:05&apos;
System info: os.name: &apos;Windows Server 2012&apos;, os.arch: &apos;amd64&apos;, os.version: &apos;6.2&apos;, java.version: &apos;1.7.0_51&apos;
Session ID: 09052d3fb3e1b55bb5006f9772c0119c
Driver info: org.openqa.selenium.chrome.ChromeDriver
Capabilities [{platform=XP, acceptSslCerts=true, javascriptEnabled=true, browserName=chrome, chrome={userDataDir=C:\Users\ADMINI~1\AppData\Local\Temp\2\scoped_dir1656_26113}, rotatable=false, locationContextEnabled=true, version=43.0.2357.124, takesHeapSnapshot=true, cssSelectorsEnabled=true, databaseEnabled=false, handlesAlerts=true, browserConnectionEnabled=false, webStorageEnabled=true, nativeEvents=true, applicationCacheEnabled=false, takesScreenshot=true}]
	at sun.reflect.GeneratedConstructorAccessor53.newInstance(Unknown Source)
	at sun.reflect.DelegatingConstructorAccessorImpl.newInstance(DelegatingConstructorAccessorImpl.java:45)
	at java.lang.reflect.Constructor.newInstance(Constructor.java:526)
	at org.openqa.selenium.remote.ErrorHandler.createThrowable(ErrorHandler.java:187)
	at org.openqa.selenium.remote.ErrorHandler.throwIfResponseFailed(ErrorHandler.java:145)
	at org.openqa.selenium.remote.RemoteWebDriver.execute(RemoteWebDriver.java:554)
	at org.openqa.selenium.remote.RemoteWebDriver.findElement(RemoteWebDriver.java:307)
	at org.openqa.selenium.remote.RemoteWebDriver.findElementByCssSelector(RemoteWebDriver.java:396)
	at org.openqa.selenium.By$ByCssSelector.findElement(By.java:406)
	at org.openqa.selenium.remote.RemoteWebDriver.findElement(RemoteWebDriver.java:299)
	at sun.reflect.GeneratedMethodAccessor8.invoke(Unknown Source)
	at sun.reflect.DelegatingMethodAccessorImpl.invoke(DelegatingMethodAccessorImpl.java:43)
	at java.lang.reflect.Method.invoke(Method.java:606)
	at org.openqa.selenium.support.events.EventFiringWebDriver$2.invoke(EventFiringWebDriver.java:101)
	at com.sun.proxy.$Proxy16.findElement(Unknown Source)
	at org.openqa.selenium.support.events.EventFiringWebDriver.findElement(EventFiringWebDriver.java:180)
	at org.openqa.selenium.support.ui.ExpectedConditions.findElement(ExpectedConditions.java:523)
	at org.openqa.selenium.support.ui.ExpectedConditions.access$000(ExpectedConditions.java:39)
	at org.openqa.selenium.support.ui.ExpectedConditions$4.apply(ExpectedConditions.java:130)
	at org.openqa.selenium.support.ui.ExpectedConditions$4.apply(ExpectedConditions.java:126)
	at org.openqa.selenium.support.ui.FluentWait.until(FluentWait.java:208)
	at com.mifos.pages.MifosWebPage.waitForElementToBeVisible(MifosWebPage.java:210)
	at com.mifos.pages.MifosWebPage.getElement(MifosWebPage.java:699)
	at com.mifos.pages.MifosWebPage.getElement(MifosWebPage.java:684)
	at com.mifos.pages.MifosWebPage.getSingleText(MifosWebPage.java:941)
	at com.mifos.pages.MifosWebPage.validateSame(MifosWebPage.java:947)
	at com.mifos.pages.MifosWebPage.verifySuccessMessage(MifosWebPage.java:1815)
	at com.mifos.pages.FrontPage.verifyProductLoanExcelSheet(FrontPage.java:472)
	at com.mifos.steps.LoanProductSteps.I_should_see_product_loan_created_successfully(LoanProductSteps.java:27)
	at sun.reflect.GeneratedMethodAccessor59.invoke(Unknown Source)
	at sun.reflect.DelegatingMethodAccessorImpl.invoke(DelegatingMethodAccessorImpl.java:43)
	at java.lang.reflect.Method.invoke(Method.java:606)
	at cucumber.runtime.Utils$1.call(Utils.java:44)
	at cucumber.runtime.Timeout.timeout(Timeout.java:12)
	at cucumber.runtime.Utils.invoke(Utils.java:40)
	at cucumber.runtime.java.JavaStepDefinition.execute(JavaStepDefinition.java:35)
	at cucumber.runtime.StepDefinitionMatch.runStep(StepDefinitionMatch.java:38)
	at cucumber.runtime.Runtime.runStep(Runtime.java:268)
	at cucumber.runtime.model.StepContainer.runStep(StepContainer.java:45)
	at cucumber.runtime.model.StepContainer.runSteps(StepContainer.java:40)
	at cucumber.runtime.model.CucumberScenario.run(CucumberScenario.java:36)
	at cucumber.runtime.junit.ExecutionUnitRunner.run(ExecutionUnitRunner.java:83)
	at org.junit.runners.Suite.runChild(Suite.java:127)
	at org.junit.runners.Suite.runChild(Suite.java:26)
	at org.junit.runners.ParentRunner$3.run(ParentRunner.java:238)
	at org.junit.runners.ParentRunner$1.schedule(ParentRunner.java:63)
	at org.junit.runners.ParentRunner.runChildren(ParentRunner.java:236)
	at org.junit.runners.ParentRunner.access$000(ParentRunner.java:53)
	at org.junit.runners.ParentRunner$2.evaluate(ParentRunner.java:229)
	at org.junit.runners.ParentRunner.run(ParentRunner.java:309)
	at org.junit.runners.Suite.runChild(Suite.java:127)
	at org.junit.runners.Suite.runChild(Suite.java:26)
	at org.junit.runners.ParentRunner$3.run(ParentRunner.java:238)
	at org.junit.runners.ParentRunner$1.schedule(ParentRunner.java:63)
	at org.junit.runners.ParentRunner.runChildren(ParentRunner.java:236)
	at org.junit.runners.ParentRunner.access$000(ParentRunner.java:53)
	at org.junit.runners.ParentRunner$2.evaluate(ParentRunner.java:229)
	at org.junit.runners.ParentRunner.run(ParentRunner.java:309)
	at cucumber.runtime.junit.FeatureRunner.runChild(FeatureRunner.java:63)
	at cucumber.runtime.junit.FeatureRunner.runChild(FeatureRunner.java:18)
	at org.junit.runners.ParentRunner$3.run(ParentRunner.java:238)
	at org.junit.runners.ParentRunner$1.schedule(ParentRunner.java:63)
	at org.junit.runners.ParentRunner.runChildren(ParentRunner.java:236)
	at org.junit.runners.ParentRunner.access$000(ParentRunner.java:53)
	at org.junit.runners.ParentRunner$2.evaluate(ParentRunner.java:229)
	at org.junit.runners.ParentRunner.run(ParentRunner.java:309)
	at cucumber.runtime.junit.FeatureRunner.run(FeatureRunner.java:70)
	at cucumber.api.junit.Cucumber.runChild(Cucumber.java:77)
	at cucumber.api.junit.Cucumber.runChild(Cucumber.java:37)
	at org.junit.runners.ParentRunner$3.run(ParentRunner.java:238)
	at org.junit.runners.ParentRunner$1.schedule(ParentRunner.java:63)
	at org.junit.runners.ParentRunner.runChildren(ParentRunner.java:236)
	at org.junit.runners.ParentRunner.access$000(ParentRunner.java:53)
	at org.junit.runners.ParentRunner$2.evaluate(ParentRunner.java:229)
	at org.junit.runners.ParentRunner.run(ParentRunner.java:309)
	at cucumber.api.junit.Cucumber.run(Cucumber.java:82)
	at org.apache.maven.surefire.junit4.JUnit4Provider.execute(JUnit4Provider.java:252)
	at org.apache.maven.surefire.junit4.JUnit4Provider.executeTestSet(JUnit4Provider.java:141)
	at org.apache.maven.surefire.junit4.JUnit4Provider.invoke(JUnit4Provider.java:112)
	at sun.reflect.NativeMethodAccessorImpl.invoke0(Native Method)
	at sun.reflect.NativeMethodAccessorImpl.invoke(NativeMethodAccessorImpl.java:57)
	at sun.reflect.DelegatingMethodAccessorImpl.invoke(DelegatingMethodAccessorImpl.java:43)
	at java.lang.reflect.Method.invoke(Method.java:606)
	at org.apache.maven.surefire.util.ReflectionUtils.invokeMethodWithArray(ReflectionUtils.java:189)
	at org.apache.maven.surefire.booter.ProviderFactory$ProviderProxy.invoke(ProviderFactory.java:165)
	at org.apache.maven.surefire.booter.ProviderFactory.invokeProvider(ProviderFactory.java:85)
	at org.apache.maven.surefire.booter.ForkedBooter.runSuitesInProcess(ForkedBooter.java:113)
	at org.apache.maven.surefire.booter.ForkedBooter.main(ForkedBooter.java:75)
</error>
    <system-out>welcome to mifos through excel
Cell One ... key=productname
870RBI-EPP-DB-DL-REC-NON-RNI-CTPD-DL-MD-TR-1-Late Repayment
870RBI-EPP-DB-DL-REC-NON-RNI-CTPD-DL-MD-TR-1-Late Repayment
</system-out>
  </testcase>
  <testcase time="0" classname="| 870-RBI-EPP-DB-DL-REC-NON-RNI-CTPD-DL-MD-TR-1-Late Repayment-Loanproduct4.xlsx |" name="| 870-RBI-EPP-DB-DL-REC-NON-RNI-CTPD-DL-MD-TR-1-Late Repayment-Loanproduct4.xlsx |">
    <error message="Timed out after 100 seconds waiting for visibility of element located by By.selector: legend.ng-binding
Build info: version: &apos;2.29.1&apos;, revision: &apos;dfb1306b85be4934d23c123122e06e602a15e446&apos;, time: &apos;2013-01-22 12:58:05&apos;
System info: os.name: &apos;Windows Server 2012&apos;, os.arch: &apos;amd64&apos;, os.version: &apos;6.2&apos;, java.version: &apos;1.7.0_51&apos;
Driver info: driver.version: unknown" type="org.openqa.selenium.TimeoutException">org.openqa.selenium.TimeoutException: Timed out after 100 seconds waiting for visibility of element located by By.selector: legend.ng-binding
Build info: version: &apos;2.29.1&apos;, revision: &apos;dfb1306b85be4934d23c123122e06e602a15e446&apos;, time: &apos;2013-01-22 12:58:05&apos;
System info: os.name: &apos;Windows Server 2012&apos;, os.arch: &apos;amd64&apos;, os.version: &apos;6.2&apos;, java.version: &apos;1.7.0_51&apos;
Driver info: driver.version: unknown
	at org.openqa.selenium.support.ui.FluentWait.timeoutException(FluentWait.java:259)
	at org.openqa.selenium.support.ui.FluentWait.until(FluentWait.java:228)
	at com.mifos.pages.MifosWebPage.waitForElementToBeVisible(MifosWebPage.java:210)
	at com.mifos.pages.MifosWebPage.getElement(MifosWebPage.java:699)
	at com.mifos.pages.MifosWebPage.getElement(MifosWebPage.java:684)
	at com.mifos.pages.MifosWebPage.getSingleText(MifosWebPage.java:941)
	at com.mifos.pages.MifosWebPage.validateSame(MifosWebPage.java:947)
	at com.mifos.pages.MifosWebPage.verifySuccessMessage(MifosWebPage.java:1815)
	at com.mifos.pages.FrontPage.verifyProductLoanExcelSheet(FrontPage.java:472)
	at com.mifos.steps.LoanProductSteps.I_should_see_product_loan_created_successfully(LoanProductSteps.java:27)
	at ✽.Then I should see product loan created successfully(LoanRBI.feature:18)
Caused by: org.openqa.selenium.NoSuchElementException: no such element
  (Session info: chrome=43.0.2357.124)
  (Driver info: chromedriver=2.8.241075,platform=Windows NT 6.3 x86_64) (WARNING: The server did not provide any stacktrace information)
Command duration or timeout: 30.03 seconds
For documentation on this error, please visit: http://seleniumhq.org/exceptions/no_such_element.html
Build info: version: &apos;2.29.1&apos;, revision: &apos;dfb1306b85be4934d23c123122e06e602a15e446&apos;, time: &apos;2013-01-22 12:58:05&apos;
System info: os.name: &apos;Windows Server 2012&apos;, os.arch: &apos;amd64&apos;, os.version: &apos;6.2&apos;, java.version: &apos;1.7.0_51&apos;
Session ID: 09052d3fb3e1b55bb5006f9772c0119c
Driver info: org.openqa.selenium.chrome.ChromeDriver
Capabilities [{platform=XP, acceptSslCerts=true, javascriptEnabled=true, browserName=chrome, chrome={userDataDir=C:\Users\ADMINI~1\AppData\Local\Temp\2\scoped_dir1656_26113}, rotatable=false, locationContextEnabled=true, version=43.0.2357.124, takesHeapSnapshot=true, cssSelectorsEnabled=true, databaseEnabled=false, handlesAlerts=true, browserConnectionEnabled=false, webStorageEnabled=true, nativeEvents=true, applicationCacheEnabled=false, takesScreenshot=true}]
	at sun.reflect.GeneratedConstructorAccessor53.newInstance(Unknown Source)
	at sun.reflect.DelegatingConstructorAccessorImpl.newInstance(DelegatingConstructorAccessorImpl.java:45)
	at java.lang.reflect.Constructor.newInstance(Constructor.java:526)
	at org.openqa.selenium.remote.ErrorHandler.createThrowable(ErrorHandler.java:187)
	at org.openqa.selenium.remote.ErrorHandler.throwIfResponseFailed(ErrorHandler.java:145)
	at org.openqa.selenium.remote.RemoteWebDriver.execute(RemoteWebDriver.java:554)
	at org.openqa.selenium.remote.RemoteWebDriver.findElement(RemoteWebDriver.java:307)
	at org.openqa.selenium.remote.RemoteWebDriver.findElementByCssSelector(RemoteWebDriver.java:396)
	at org.openqa.selenium.By$ByCssSelector.findElement(By.java:406)
	at org.openqa.selenium.remote.RemoteWebDriver.findElement(RemoteWebDriver.java:299)
	at sun.reflect.GeneratedMethodAccessor8.invoke(Unknown Source)
	at sun.reflect.DelegatingMethodAccessorImpl.invoke(DelegatingMethodAccessorImpl.java:43)
	at java.lang.reflect.Method.invoke(Method.java:606)
	at org.openqa.selenium.support.events.EventFiringWebDriver$2.invoke(EventFiringWebDriver.java:101)
	at com.sun.proxy.$Proxy16.findElement(Unknown Source)
	at org.openqa.selenium.support.events.EventFiringWebDriver.findElement(EventFiringWebDriver.java:180)
	at org.openqa.selenium.support.ui.ExpectedConditions.findElement(ExpectedConditions.java:523)
	at org.openqa.selenium.support.ui.ExpectedConditions.access$000(ExpectedConditions.java:39)
	at org.openqa.selenium.support.ui.ExpectedConditions$4.apply(ExpectedConditions.java:130)
	at org.openqa.selenium.support.ui.ExpectedConditions$4.apply(ExpectedConditions.java:126)
	at org.openqa.selenium.support.ui.FluentWait.until(FluentWait.java:208)
	at com.mifos.pages.MifosWebPage.waitForElementToBeVisible(MifosWebPage.java:210)
	at com.mifos.pages.MifosWebPage.getElement(MifosWebPage.java:699)
	at com.mifos.pages.MifosWebPage.getElement(MifosWebPage.java:684)
	at com.mifos.pages.MifosWebPage.getSingleText(MifosWebPage.java:941)
	at com.mifos.pages.MifosWebPage.validateSame(MifosWebPage.java:947)
	at com.mifos.pages.MifosWebPage.verifySuccessMessage(MifosWebPage.java:1815)
	at com.mifos.pages.FrontPage.verifyProductLoanExcelSheet(FrontPage.java:472)
	at com.mifos.steps.LoanProductSteps.I_should_see_product_loan_created_successfully(LoanProductSteps.java:27)
	at sun.reflect.GeneratedMethodAccessor59.invoke(Unknown Source)
	at sun.reflect.DelegatingMethodAccessorImpl.invoke(DelegatingMethodAccessorImpl.java:43)
	at java.lang.reflect.Method.invoke(Method.java:606)
	at cucumber.runtime.Utils$1.call(Utils.java:44)
	at cucumber.runtime.Timeout.timeout(Timeout.java:12)
	at cucumber.runtime.Utils.invoke(Utils.java:40)
	at cucumber.runtime.java.JavaStepDefinition.execute(JavaStepDefinition.java:35)
	at cucumber.runtime.StepDefinitionMatch.runStep(StepDefinitionMatch.java:38)
	at cucumber.runtime.Runtime.runStep(Runtime.java:268)
	at cucumber.runtime.model.StepContainer.runStep(StepContainer.java:45)
	at cucumber.runtime.model.StepContainer.runSteps(StepContainer.java:40)
	at cucumber.runtime.model.CucumberScenario.run(CucumberScenario.java:36)
	at cucumber.runtime.junit.ExecutionUnitRunner.run(ExecutionUnitRunner.java:83)
	at org.junit.runners.Suite.runChild(Suite.java:127)
	at org.junit.runners.Suite.runChild(Suite.java:26)
	at org.junit.runners.ParentRunner$3.run(ParentRunner.java:238)
	at org.junit.runners.ParentRunner$1.schedule(ParentRunner.java:63)
	at org.junit.runners.ParentRunner.runChildren(ParentRunner.java:236)
	at org.junit.runners.ParentRunner.access$000(ParentRunner.java:53)
	at org.junit.runners.ParentRunner$2.evaluate(ParentRunner.java:229)
	at org.junit.runners.ParentRunner.run(ParentRunner.java:309)
	at org.junit.runners.Suite.runChild(Suite.java:127)
	at org.junit.runners.Suite.runChild(Suite.java:26)
	at org.junit.runners.ParentRunner$3.run(ParentRunner.java:238)
	at org.junit.runners.ParentRunner$1.schedule(ParentRunner.java:63)
	at org.junit.runners.ParentRunner.runChildren(ParentRunner.java:236)
	at org.junit.runners.ParentRunner.access$000(ParentRunner.java:53)
	at org.junit.runners.ParentRunner$2.evaluate(ParentRunner.java:229)
	at org.junit.runners.ParentRunner.run(ParentRunner.java:309)
	at cucumber.runtime.junit.FeatureRunner.runChild(FeatureRunner.java:63)
	at cucumber.runtime.junit.FeatureRunner.runChild(FeatureRunner.java:18)
	at org.junit.runners.ParentRunner$3.run(ParentRunner.java:238)
	at org.junit.runners.ParentRunner$1.schedule(ParentRunner.java:63)
	at org.junit.runners.ParentRunner.runChildren(ParentRunner.java:236)
	at org.junit.runners.ParentRunner.access$000(ParentRunner.java:53)
	at org.junit.runners.ParentRunner$2.evaluate(ParentRunner.java:229)
	at org.junit.runners.ParentRunner.run(ParentRunner.java:309)
	at cucumber.runtime.junit.FeatureRunner.run(FeatureRunner.java:70)
	at cucumber.api.junit.Cucumber.runChild(Cucumber.java:77)
	at cucumber.api.junit.Cucumber.runChild(Cucumber.java:37)
	at org.junit.runners.ParentRunner$3.run(ParentRunner.java:238)
	at org.junit.runners.ParentRunner$1.schedule(ParentRunner.java:63)
	at org.junit.runners.ParentRunner.runChildren(ParentRunner.java:236)
	at org.junit.runners.ParentRunner.access$000(ParentRunner.java:53)
	at org.junit.runners.ParentRunner$2.evaluate(ParentRunner.java:229)
	at org.junit.runners.ParentRunner.run(ParentRunner.java:309)
	at cucumber.api.junit.Cucumber.run(Cucumber.java:82)
	at org.apache.maven.surefire.junit4.JUnit4Provider.execute(JUnit4Provider.java:252)
	at org.apache.maven.surefire.junit4.JUnit4Provider.executeTestSet(JUnit4Provider.java:141)
	at org.apache.maven.surefire.junit4.JUnit4Provider.invoke(JUnit4Provider.java:112)
	at sun.reflect.NativeMethodAccessorImpl.invoke0(Native Method)
	at sun.reflect.NativeMethodAccessorImpl.invoke(NativeMethodAccessorImpl.java:57)
	at sun.reflect.DelegatingMethodAccessorImpl.invoke(DelegatingMethodAccessorImpl.java:43)
	at java.lang.reflect.Method.invoke(Method.java:606)
	at org.apache.maven.surefire.util.ReflectionUtils.invokeMethodWithArray(ReflectionUtils.java:189)
	at org.apache.maven.surefire.booter.ProviderFactory$ProviderProxy.invoke(ProviderFactory.java:165)
	at org.apache.maven.surefire.booter.ProviderFactory.invokeProvider(ProviderFactory.java:85)
	at org.apache.maven.surefire.booter.ForkedBooter.runSuitesInProcess(ForkedBooter.java:113)
	at org.apache.maven.surefire.booter.ForkedBooter.main(ForkedBooter.java:75)
</error>
  </testcase>
  <testcase time="0" classname="| 871-RBI-EPP-DB-DL-REC-NON-RNI-CTRFD-SAR-MD-TR-1-LateRepayment-Loanproduct4.xlsx |" name="Given I navigate to mifos"/>
  <testcase time="0" classname="| 871-RBI-EPP-DB-DL-REC-NON-RNI-CTRFD-SAR-MD-TR-1-LateRepayment-Loanproduct4.xlsx |" name="And I use login folder"/>
  <testcase time="0" classname="| 871-RBI-EPP-DB-DL-REC-NON-RNI-CTRFD-SAR-MD-TR-1-LateRepayment-Loanproduct4.xlsx |" name="When I login into mifos site using excel sheet"/>
  <testcase time="0" classname="| 871-RBI-EPP-DB-DL-REC-NON-RNI-CTRFD-SAR-MD-TR-1-LateRepayment-Loanproduct4.xlsx |" name="Then I should see logged in successfully"/>
  <testcase time="0" classname="| 871-RBI-EPP-DB-DL-REC-NON-RNI-CTRFD-SAR-MD-TR-1-LateRepayment-Loanproduct4.xlsx |" name="Given I setup the product loan"/>
  <testcase time="0" classname="| 871-RBI-EPP-DB-DL-REC-NON-RNI-CTRFD-SAR-MD-TR-1-LateRepayment-Loanproduct4.xlsx |" name="And I entered the values into product loan using"/>
  <testcase time="0" classname="| 871-RBI-EPP-DB-DL-REC-NON-RNI-CTRFD-SAR-MD-TR-1-LateRepayment-Loanproduct4.xlsx |" name="Then I should see product loan created successfully">
    <error message="Timed out after 100 seconds waiting for visibility of element located by By.selector: legend.ng-binding
Build info: version: &apos;2.29.1&apos;, revision: &apos;dfb1306b85be4934d23c123122e06e602a15e446&apos;, time: &apos;2013-01-22 12:58:05&apos;
System info: os.name: &apos;Windows Server 2012&apos;, os.arch: &apos;amd64&apos;, os.version: &apos;6.2&apos;, java.version: &apos;1.7.0_51&apos;
Driver info: driver.version: unknown" type="org.openqa.selenium.TimeoutException">org.openqa.selenium.TimeoutException: Timed out after 100 seconds waiting for visibility of element located by By.selector: legend.ng-binding
Build info: version: &apos;2.29.1&apos;, revision: &apos;dfb1306b85be4934d23c123122e06e602a15e446&apos;, time: &apos;2013-01-22 12:58:05&apos;
System info: os.name: &apos;Windows Server 2012&apos;, os.arch: &apos;amd64&apos;, os.version: &apos;6.2&apos;, java.version: &apos;1.7.0_51&apos;
Driver info: driver.version: unknown
	at org.openqa.selenium.support.ui.FluentWait.timeoutException(FluentWait.java:259)
	at org.openqa.selenium.support.ui.FluentWait.until(FluentWait.java:228)
	at com.mifos.pages.MifosWebPage.waitForElementToBeVisible(MifosWebPage.java:210)
	at com.mifos.pages.MifosWebPage.getElement(MifosWebPage.java:699)
	at com.mifos.pages.MifosWebPage.getElement(MifosWebPage.java:684)
	at com.mifos.pages.MifosWebPage.getSingleText(MifosWebPage.java:941)
	at com.mifos.pages.MifosWebPage.validateSame(MifosWebPage.java:947)
	at com.mifos.pages.MifosWebPage.verifySuccessMessage(MifosWebPage.java:1815)
	at com.mifos.pages.FrontPage.verifyProductLoanExcelSheet(FrontPage.java:472)
	at com.mifos.steps.LoanProductSteps.I_should_see_product_loan_created_successfully(LoanProductSteps.java:27)
	at ✽.Then I should see product loan created successfully(LoanRBI.feature:18)
Caused by: org.openqa.selenium.NoSuchElementException: no such element
  (Session info: chrome=43.0.2357.124)
  (Driver info: chromedriver=2.8.241075,platform=Windows NT 6.3 x86_64) (WARNING: The server did not provide any stacktrace information)
Command duration or timeout: 30.00 seconds
For documentation on this error, please visit: http://seleniumhq.org/exceptions/no_such_element.html
Build info: version: &apos;2.29.1&apos;, revision: &apos;dfb1306b85be4934d23c123122e06e602a15e446&apos;, time: &apos;2013-01-22 12:58:05&apos;
System info: os.name: &apos;Windows Server 2012&apos;, os.arch: &apos;amd64&apos;, os.version: &apos;6.2&apos;, java.version: &apos;1.7.0_51&apos;
Session ID: 0887777856c747153ebccfacf11d6d83
Driver info: org.openqa.selenium.chrome.ChromeDriver
Capabilities [{platform=XP, acceptSslCerts=true, javascriptEnabled=true, browserName=chrome, chrome={userDataDir=C:\Users\ADMINI~1\AppData\Local\Temp\2\scoped_dir4788_3261}, rotatable=false, locationContextEnabled=true, version=43.0.2357.124, takesHeapSnapshot=true, cssSelectorsEnabled=true, databaseEnabled=false, handlesAlerts=true, browserConnectionEnabled=false, webStorageEnabled=true, nativeEvents=true, applicationCacheEnabled=false, takesScreenshot=true}]
	at sun.reflect.GeneratedConstructorAccessor53.newInstance(Unknown Source)
	at sun.reflect.DelegatingConstructorAccessorImpl.newInstance(DelegatingConstructorAccessorImpl.java:45)
	at java.lang.reflect.Constructor.newInstance(Constructor.java:526)
	at org.openqa.selenium.remote.ErrorHandler.createThrowable(ErrorHandler.java:187)
	at org.openqa.selenium.remote.ErrorHandler.throwIfResponseFailed(ErrorHandler.java:145)
	at org.openqa.selenium.remote.RemoteWebDriver.execute(RemoteWebDriver.java:554)
	at org.openqa.selenium.remote.RemoteWebDriver.findElement(RemoteWebDriver.java:307)
	at org.openqa.selenium.remote.RemoteWebDriver.findElementByCssSelector(RemoteWebDriver.java:396)
	at org.openqa.selenium.By$ByCssSelector.findElement(By.java:406)
	at org.openqa.selenium.remote.RemoteWebDriver.findElement(RemoteWebDriver.java:299)
	at sun.reflect.GeneratedMethodAccessor8.invoke(Unknown Source)
	at sun.reflect.DelegatingMethodAccessorImpl.invoke(DelegatingMethodAccessorImpl.java:43)
	at java.lang.reflect.Method.invoke(Method.java:606)
	at org.openqa.selenium.support.events.EventFiringWebDriver$2.invoke(EventFiringWebDriver.java:101)
	at com.sun.proxy.$Proxy16.findElement(Unknown Source)
	at org.openqa.selenium.support.events.EventFiringWebDriver.findElement(EventFiringWebDriver.java:180)
	at org.openqa.selenium.support.ui.ExpectedConditions.findElement(ExpectedConditions.java:523)
	at org.openqa.selenium.support.ui.ExpectedConditions.access$000(ExpectedConditions.java:39)
	at org.openqa.selenium.support.ui.ExpectedConditions$4.apply(ExpectedConditions.java:130)
	at org.openqa.selenium.support.ui.ExpectedConditions$4.apply(ExpectedConditions.java:126)
	at org.openqa.selenium.support.ui.FluentWait.until(FluentWait.java:208)
	at com.mifos.pages.MifosWebPage.waitForElementToBeVisible(MifosWebPage.java:210)
	at com.mifos.pages.MifosWebPage.getElement(MifosWebPage.java:699)
	at com.mifos.pages.MifosWebPage.getElement(MifosWebPage.java:684)
	at com.mifos.pages.MifosWebPage.getSingleText(MifosWebPage.java:941)
	at com.mifos.pages.MifosWebPage.validateSame(MifosWebPage.java:947)
	at com.mifos.pages.MifosWebPage.verifySuccessMessage(MifosWebPage.java:1815)
	at com.mifos.pages.FrontPage.verifyProductLoanExcelSheet(FrontPage.java:472)
	at com.mifos.steps.LoanProductSteps.I_should_see_product_loan_created_successfully(LoanProductSteps.java:27)
	at sun.reflect.GeneratedMethodAccessor59.invoke(Unknown Source)
	at sun.reflect.DelegatingMethodAccessorImpl.invoke(DelegatingMethodAccessorImpl.java:43)
	at java.lang.reflect.Method.invoke(Method.java:606)
	at cucumber.runtime.Utils$1.call(Utils.java:44)
	at cucumber.runtime.Timeout.timeout(Timeout.java:12)
	at cucumber.runtime.Utils.invoke(Utils.java:40)
	at cucumber.runtime.java.JavaStepDefinition.execute(JavaStepDefinition.java:35)
	at cucumber.runtime.StepDefinitionMatch.runStep(StepDefinitionMatch.java:38)
	at cucumber.runtime.Runtime.runStep(Runtime.java:268)
	at cucumber.runtime.model.StepContainer.runStep(StepContainer.java:45)
	at cucumber.runtime.model.StepContainer.runSteps(StepContainer.java:40)
	at cucumber.runtime.model.CucumberScenario.run(CucumberScenario.java:36)
	at cucumber.runtime.junit.ExecutionUnitRunner.run(ExecutionUnitRunner.java:83)
	at org.junit.runners.Suite.runChild(Suite.java:127)
	at org.junit.runners.Suite.runChild(Suite.java:26)
	at org.junit.runners.ParentRunner$3.run(ParentRunner.java:238)
	at org.junit.runners.ParentRunner$1.schedule(ParentRunner.java:63)
	at org.junit.runners.ParentRunner.runChildren(ParentRunner.java:236)
	at org.junit.runners.ParentRunner.access$000(ParentRunner.java:53)
	at org.junit.runners.ParentRunner$2.evaluate(ParentRunner.java:229)
	at org.junit.runners.ParentRunner.run(ParentRunner.java:309)
	at org.junit.runners.Suite.runChild(Suite.java:127)
	at org.junit.runners.Suite.runChild(Suite.java:26)
	at org.junit.runners.ParentRunner$3.run(ParentRunner.java:238)
	at org.junit.runners.ParentRunner$1.schedule(ParentRunner.java:63)
	at org.junit.runners.ParentRunner.runChildren(ParentRunner.java:236)
	at org.junit.runners.ParentRunner.access$000(ParentRunner.java:53)
	at org.junit.runners.ParentRunner$2.evaluate(ParentRunner.java:229)
	at org.junit.runners.ParentRunner.run(ParentRunner.java:309)
	at cucumber.runtime.junit.FeatureRunner.runChild(FeatureRunner.java:63)
	at cucumber.runtime.junit.FeatureRunner.runChild(FeatureRunner.java:18)
	at org.junit.runners.ParentRunner$3.run(ParentRunner.java:238)
	at org.junit.runners.ParentRunner$1.schedule(ParentRunner.java:63)
	at org.junit.runners.ParentRunner.runChildren(ParentRunner.java:236)
	at org.junit.runners.ParentRunner.access$000(ParentRunner.java:53)
	at org.junit.runners.ParentRunner$2.evaluate(ParentRunner.java:229)
	at org.junit.runners.ParentRunner.run(ParentRunner.java:309)
	at cucumber.runtime.junit.FeatureRunner.run(FeatureRunner.java:70)
	at cucumber.api.junit.Cucumber.runChild(Cucumber.java:77)
	at cucumber.api.junit.Cucumber.runChild(Cucumber.java:37)
	at org.junit.runners.ParentRunner$3.run(ParentRunner.java:238)
	at org.junit.runners.ParentRunner$1.schedule(ParentRunner.java:63)
	at org.junit.runners.ParentRunner.runChildren(ParentRunner.java:236)
	at org.junit.runners.ParentRunner.access$000(ParentRunner.java:53)
	at org.junit.runners.ParentRunner$2.evaluate(ParentRunner.java:229)
	at org.junit.runners.ParentRunner.run(ParentRunner.java:309)
	at cucumber.api.junit.Cucumber.run(Cucumber.java:82)
	at org.apache.maven.surefire.junit4.JUnit4Provider.execute(JUnit4Provider.java:252)
	at org.apache.maven.surefire.junit4.JUnit4Provider.executeTestSet(JUnit4Provider.java:141)
	at org.apache.maven.surefire.junit4.JUnit4Provider.invoke(JUnit4Provider.java:112)
	at sun.reflect.NativeMethodAccessorImpl.invoke0(Native Method)
	at sun.reflect.NativeMethodAccessorImpl.invoke(NativeMethodAccessorImpl.java:57)
	at sun.reflect.DelegatingMethodAccessorImpl.invoke(DelegatingMethodAccessorImpl.java:43)
	at java.lang.reflect.Method.invoke(Method.java:606)
	at org.apache.maven.surefire.util.ReflectionUtils.invokeMethodWithArray(ReflectionUtils.java:189)
	at org.apache.maven.surefire.booter.ProviderFactory$ProviderProxy.invoke(ProviderFactory.java:165)
	at org.apache.maven.surefire.booter.ProviderFactory.invokeProvider(ProviderFactory.java:85)
	at org.apache.maven.surefire.booter.ForkedBooter.runSuitesInProcess(ForkedBooter.java:113)
	at org.apache.maven.surefire.booter.ForkedBooter.main(ForkedBooter.java:75)
</error>
    <system-out>welcome to mifos through excel
Cell One ... key=productname
871-RBI-EPP-DB-DL-REC-NON-RNI-CTRFD-SAR-MD-TR-1-LateRepayment
871-RBI-EPP-DB-DL-REC-NON-RNI-CTRFD-SAR-MD-TR-1-LateRepayment
</system-out>
  </testcase>
  <testcase time="0" classname="| 871-RBI-EPP-DB-DL-REC-NON-RNI-CTRFD-SAR-MD-TR-1-LateRepayment-Loanproduct4.xlsx |" name="| 871-RBI-EPP-DB-DL-REC-NON-RNI-CTRFD-SAR-MD-TR-1-LateRepayment-Loanproduct4.xlsx |">
    <error message="Timed out after 100 seconds waiting for visibility of element located by By.selector: legend.ng-binding
Build info: version: &apos;2.29.1&apos;, revision: &apos;dfb1306b85be4934d23c123122e06e602a15e446&apos;, time: &apos;2013-01-22 12:58:05&apos;
System info: os.name: &apos;Windows Server 2012&apos;, os.arch: &apos;amd64&apos;, os.version: &apos;6.2&apos;, java.version: &apos;1.7.0_51&apos;
Driver info: driver.version: unknown" type="org.openqa.selenium.TimeoutException">org.openqa.selenium.TimeoutException: Timed out after 100 seconds waiting for visibility of element located by By.selector: legend.ng-binding
Build info: version: &apos;2.29.1&apos;, revision: &apos;dfb1306b85be4934d23c123122e06e602a15e446&apos;, time: &apos;2013-01-22 12:58:05&apos;
System info: os.name: &apos;Windows Server 2012&apos;, os.arch: &apos;amd64&apos;, os.version: &apos;6.2&apos;, java.version: &apos;1.7.0_51&apos;
Driver info: driver.version: unknown
	at org.openqa.selenium.support.ui.FluentWait.timeoutException(FluentWait.java:259)
	at org.openqa.selenium.support.ui.FluentWait.until(FluentWait.java:228)
	at com.mifos.pages.MifosWebPage.waitForElementToBeVisible(MifosWebPage.java:210)
	at com.mifos.pages.MifosWebPage.getElement(MifosWebPage.java:699)
	at com.mifos.pages.MifosWebPage.getElement(MifosWebPage.java:684)
	at com.mifos.pages.MifosWebPage.getSingleText(MifosWebPage.java:941)
	at com.mifos.pages.MifosWebPage.validateSame(MifosWebPage.java:947)
	at com.mifos.pages.MifosWebPage.verifySuccessMessage(MifosWebPage.java:1815)
	at com.mifos.pages.FrontPage.verifyProductLoanExcelSheet(FrontPage.java:472)
	at com.mifos.steps.LoanProductSteps.I_should_see_product_loan_created_successfully(LoanProductSteps.java:27)
	at ✽.Then I should see product loan created successfully(LoanRBI.feature:18)
Caused by: org.openqa.selenium.NoSuchElementException: no such element
  (Session info: chrome=43.0.2357.124)
  (Driver info: chromedriver=2.8.241075,platform=Windows NT 6.3 x86_64) (WARNING: The server did not provide any stacktrace information)
Command duration or timeout: 30.00 seconds
For documentation on this error, please visit: http://seleniumhq.org/exceptions/no_such_element.html
Build info: version: &apos;2.29.1&apos;, revision: &apos;dfb1306b85be4934d23c123122e06e602a15e446&apos;, time: &apos;2013-01-22 12:58:05&apos;
System info: os.name: &apos;Windows Server 2012&apos;, os.arch: &apos;amd64&apos;, os.version: &apos;6.2&apos;, java.version: &apos;1.7.0_51&apos;
Session ID: 0887777856c747153ebccfacf11d6d83
Driver info: org.openqa.selenium.chrome.ChromeDriver
Capabilities [{platform=XP, acceptSslCerts=true, javascriptEnabled=true, browserName=chrome, chrome={userDataDir=C:\Users\ADMINI~1\AppData\Local\Temp\2\scoped_dir4788_3261}, rotatable=false, locationContextEnabled=true, version=43.0.2357.124, takesHeapSnapshot=true, cssSelectorsEnabled=true, databaseEnabled=false, handlesAlerts=true, browserConnectionEnabled=false, webStorageEnabled=true, nativeEvents=true, applicationCacheEnabled=false, takesScreenshot=true}]
	at sun.reflect.GeneratedConstructorAccessor53.newInstance(Unknown Source)
	at sun.reflect.DelegatingConstructorAccessorImpl.newInstance(DelegatingConstructorAccessorImpl.java:45)
	at java.lang.reflect.Constructor.newInstance(Constructor.java:526)
	at org.openqa.selenium.remote.ErrorHandler.createThrowable(ErrorHandler.java:187)
	at org.openqa.selenium.remote.ErrorHandler.throwIfResponseFailed(ErrorHandler.java:145)
	at org.openqa.selenium.remote.RemoteWebDriver.execute(RemoteWebDriver.java:554)
	at org.openqa.selenium.remote.RemoteWebDriver.findElement(RemoteWebDriver.java:307)
	at org.openqa.selenium.remote.RemoteWebDriver.findElementByCssSelector(RemoteWebDriver.java:396)
	at org.openqa.selenium.By$ByCssSelector.findElement(By.java:406)
	at org.openqa.selenium.remote.RemoteWebDriver.findElement(RemoteWebDriver.java:299)
	at sun.reflect.GeneratedMethodAccessor8.invoke(Unknown Source)
	at sun.reflect.DelegatingMethodAccessorImpl.invoke(DelegatingMethodAccessorImpl.java:43)
	at java.lang.reflect.Method.invoke(Method.java:606)
	at org.openqa.selenium.support.events.EventFiringWebDriver$2.invoke(EventFiringWebDriver.java:101)
	at com.sun.proxy.$Proxy16.findElement(Unknown Source)
	at org.openqa.selenium.support.events.EventFiringWebDriver.findElement(EventFiringWebDriver.java:180)
	at org.openqa.selenium.support.ui.ExpectedConditions.findElement(ExpectedConditions.java:523)
	at org.openqa.selenium.support.ui.ExpectedConditions.access$000(ExpectedConditions.java:39)
	at org.openqa.selenium.support.ui.ExpectedConditions$4.apply(ExpectedConditions.java:130)
	at org.openqa.selenium.support.ui.ExpectedConditions$4.apply(ExpectedConditions.java:126)
	at org.openqa.selenium.support.ui.FluentWait.until(FluentWait.java:208)
	at com.mifos.pages.MifosWebPage.waitForElementToBeVisible(MifosWebPage.java:210)
	at com.mifos.pages.MifosWebPage.getElement(MifosWebPage.java:699)
	at com.mifos.pages.MifosWebPage.getElement(MifosWebPage.java:684)
	at com.mifos.pages.MifosWebPage.getSingleText(MifosWebPage.java:941)
	at com.mifos.pages.MifosWebPage.validateSame(MifosWebPage.java:947)
	at com.mifos.pages.MifosWebPage.verifySuccessMessage(MifosWebPage.java:1815)
	at com.mifos.pages.FrontPage.verifyProductLoanExcelSheet(FrontPage.java:472)
	at com.mifos.steps.LoanProductSteps.I_should_see_product_loan_created_successfully(LoanProductSteps.java:27)
	at sun.reflect.GeneratedMethodAccessor59.invoke(Unknown Source)
	at sun.reflect.DelegatingMethodAccessorImpl.invoke(DelegatingMethodAccessorImpl.java:43)
	at java.lang.reflect.Method.invoke(Method.java:606)
	at cucumber.runtime.Utils$1.call(Utils.java:44)
	at cucumber.runtime.Timeout.timeout(Timeout.java:12)
	at cucumber.runtime.Utils.invoke(Utils.java:40)
	at cucumber.runtime.java.JavaStepDefinition.execute(JavaStepDefinition.java:35)
	at cucumber.runtime.StepDefinitionMatch.runStep(StepDefinitionMatch.java:38)
	at cucumber.runtime.Runtime.runStep(Runtime.java:268)
	at cucumber.runtime.model.StepContainer.runStep(StepContainer.java:45)
	at cucumber.runtime.model.StepContainer.runSteps(StepContainer.java:40)
	at cucumber.runtime.model.CucumberScenario.run(CucumberScenario.java:36)
	at cucumber.runtime.junit.ExecutionUnitRunner.run(ExecutionUnitRunner.java:83)
	at org.junit.runners.Suite.runChild(Suite.java:127)
	at org.junit.runners.Suite.runChild(Suite.java:26)
	at org.junit.runners.ParentRunner$3.run(ParentRunner.java:238)
	at org.junit.runners.ParentRunner$1.schedule(ParentRunner.java:63)
	at org.junit.runners.ParentRunner.runChildren(ParentRunner.java:236)
	at org.junit.runners.ParentRunner.access$000(ParentRunner.java:53)
	at org.junit.runners.ParentRunner$2.evaluate(ParentRunner.java:229)
	at org.junit.runners.ParentRunner.run(ParentRunner.java:309)
	at org.junit.runners.Suite.runChild(Suite.java:127)
	at org.junit.runners.Suite.runChild(Suite.java:26)
	at org.junit.runners.ParentRunner$3.run(ParentRunner.java:238)
	at org.junit.runners.ParentRunner$1.schedule(ParentRunner.java:63)
	at org.junit.runners.ParentRunner.runChildren(ParentRunner.java:236)
	at org.junit.runners.ParentRunner.access$000(ParentRunner.java:53)
	at org.junit.runners.ParentRunner$2.evaluate(ParentRunner.java:229)
	at org.junit.runners.ParentRunner.run(ParentRunner.java:309)
	at cucumber.runtime.junit.FeatureRunner.runChild(FeatureRunner.java:63)
	at cucumber.runtime.junit.FeatureRunner.runChild(FeatureRunner.java:18)
	at org.junit.runners.ParentRunner$3.run(ParentRunner.java:238)
	at org.junit.runners.ParentRunner$1.schedule(ParentRunner.java:63)
	at org.junit.runners.ParentRunner.runChildren(ParentRunner.java:236)
	at org.junit.runners.ParentRunner.access$000(ParentRunner.java:53)
	at org.junit.runners.ParentRunner$2.evaluate(ParentRunner.java:229)
	at org.junit.runners.ParentRunner.run(ParentRunner.java:309)
	at cucumber.runtime.junit.FeatureRunner.run(FeatureRunner.java:70)
	at cucumber.api.junit.Cucumber.runChild(Cucumber.java:77)
	at cucumber.api.junit.Cucumber.runChild(Cucumber.java:37)
	at org.junit.runners.ParentRunner$3.run(ParentRunner.java:238)
	at org.junit.runners.ParentRunner$1.schedule(ParentRunner.java:63)
	at org.junit.runners.ParentRunner.runChildren(ParentRunner.java:236)
	at org.junit.runners.ParentRunner.access$000(ParentRunner.java:53)
	at org.junit.runners.ParentRunner$2.evaluate(ParentRunner.java:229)
	at org.junit.runners.ParentRunner.run(ParentRunner.java:309)
	at cucumber.api.junit.Cucumber.run(Cucumber.java:82)
	at org.apache.maven.surefire.junit4.JUnit4Provider.execute(JUnit4Provider.java:252)
	at org.apache.maven.surefire.junit4.JUnit4Provider.executeTestSet(JUnit4Provider.java:141)
	at org.apache.maven.surefire.junit4.JUnit4Provider.invoke(JUnit4Provider.java:112)
	at sun.reflect.NativeMethodAccessorImpl.invoke0(Native Method)
	at sun.reflect.NativeMethodAccessorImpl.invoke(NativeMethodAccessorImpl.java:57)
	at sun.reflect.DelegatingMethodAccessorImpl.invoke(DelegatingMethodAccessorImpl.java:43)
	at java.lang.reflect.Method.invoke(Method.java:606)
	at org.apache.maven.surefire.util.ReflectionUtils.invokeMethodWithArray(ReflectionUtils.java:189)
	at org.apache.maven.surefire.booter.ProviderFactory$ProviderProxy.invoke(ProviderFactory.java:165)
	at org.apache.maven.surefire.booter.ProviderFactory.invokeProvider(ProviderFactory.java:85)
	at org.apache.maven.surefire.booter.ForkedBooter.runSuitesInProcess(ForkedBooter.java:113)
	at org.apache.maven.surefire.booter.ForkedBooter.main(ForkedBooter.java:75)
</error>
  </testcase>
  <testcase time="0" classname="| 872-RBI-EPP-DB-DL-REC-NON-RNI-CTRFD-DL-MD-TR-1-LateRepayment-Loanproduct4.xlsx |" name="Given I navigate to mifos"/>
  <testcase time="0" classname="| 872-RBI-EPP-DB-DL-REC-NON-RNI-CTRFD-DL-MD-TR-1-LateRepayment-Loanproduct4.xlsx |" name="And I use login folder"/>
  <testcase time="0" classname="| 872-RBI-EPP-DB-DL-REC-NON-RNI-CTRFD-DL-MD-TR-1-LateRepayment-Loanproduct4.xlsx |" name="When I login into mifos site using excel sheet"/>
  <testcase time="0" classname="| 872-RBI-EPP-DB-DL-REC-NON-RNI-CTRFD-DL-MD-TR-1-LateRepayment-Loanproduct4.xlsx |" name="Then I should see logged in successfully"/>
  <testcase time="0" classname="| 872-RBI-EPP-DB-DL-REC-NON-RNI-CTRFD-DL-MD-TR-1-LateRepayment-Loanproduct4.xlsx |" name="Given I setup the product loan"/>
  <testcase time="0" classname="| 872-RBI-EPP-DB-DL-REC-NON-RNI-CTRFD-DL-MD-TR-1-LateRepayment-Loanproduct4.xlsx |" name="And I entered the values into product loan using"/>
  <testcase time="0" classname="| 872-RBI-EPP-DB-DL-REC-NON-RNI-CTRFD-DL-MD-TR-1-LateRepayment-Loanproduct4.xlsx |" name="Then I should see product loan created successfully">
    <error message="Timed out after 100 seconds waiting for visibility of element located by By.selector: legend.ng-binding
Build info: version: &apos;2.29.1&apos;, revision: &apos;dfb1306b85be4934d23c123122e06e602a15e446&apos;, time: &apos;2013-01-22 12:58:05&apos;
System info: os.name: &apos;Windows Server 2012&apos;, os.arch: &apos;amd64&apos;, os.version: &apos;6.2&apos;, java.version: &apos;1.7.0_51&apos;
Driver info: driver.version: unknown" type="org.openqa.selenium.TimeoutException">org.openqa.selenium.TimeoutException: Timed out after 100 seconds waiting for visibility of element located by By.selector: legend.ng-binding
Build info: version: &apos;2.29.1&apos;, revision: &apos;dfb1306b85be4934d23c123122e06e602a15e446&apos;, time: &apos;2013-01-22 12:58:05&apos;
System info: os.name: &apos;Windows Server 2012&apos;, os.arch: &apos;amd64&apos;, os.version: &apos;6.2&apos;, java.version: &apos;1.7.0_51&apos;
Driver info: driver.version: unknown
	at org.openqa.selenium.support.ui.FluentWait.timeoutException(FluentWait.java:259)
	at org.openqa.selenium.support.ui.FluentWait.until(FluentWait.java:228)
	at com.mifos.pages.MifosWebPage.waitForElementToBeVisible(MifosWebPage.java:210)
	at com.mifos.pages.MifosWebPage.getElement(MifosWebPage.java:699)
	at com.mifos.pages.MifosWebPage.getElement(MifosWebPage.java:684)
	at com.mifos.pages.MifosWebPage.getSingleText(MifosWebPage.java:941)
	at com.mifos.pages.MifosWebPage.validateSame(MifosWebPage.java:947)
	at com.mifos.pages.MifosWebPage.verifySuccessMessage(MifosWebPage.java:1815)
	at com.mifos.pages.FrontPage.verifyProductLoanExcelSheet(FrontPage.java:472)
	at com.mifos.steps.LoanProductSteps.I_should_see_product_loan_created_successfully(LoanProductSteps.java:27)
	at ✽.Then I should see product loan created successfully(LoanRBI.feature:18)
Caused by: org.openqa.selenium.NoSuchElementException: no such element
  (Session info: chrome=43.0.2357.124)
  (Driver info: chromedriver=2.8.241075,platform=Windows NT 6.3 x86_64) (WARNING: The server did not provide any stacktrace information)
Command duration or timeout: 30.00 seconds
For documentation on this error, please visit: http://seleniumhq.org/exceptions/no_such_element.html
Build info: version: &apos;2.29.1&apos;, revision: &apos;dfb1306b85be4934d23c123122e06e602a15e446&apos;, time: &apos;2013-01-22 12:58:05&apos;
System info: os.name: &apos;Windows Server 2012&apos;, os.arch: &apos;amd64&apos;, os.version: &apos;6.2&apos;, java.version: &apos;1.7.0_51&apos;
Session ID: 748278f61745c7452ff6eb91f0dbdd8a
Driver info: org.openqa.selenium.chrome.ChromeDriver
Capabilities [{platform=XP, acceptSslCerts=true, javascriptEnabled=true, browserName=chrome, chrome={userDataDir=C:\Users\ADMINI~1\AppData\Local\Temp\2\scoped_dir4252_29625}, rotatable=false, locationContextEnabled=true, version=43.0.2357.124, takesHeapSnapshot=true, cssSelectorsEnabled=true, databaseEnabled=false, handlesAlerts=true, browserConnectionEnabled=false, webStorageEnabled=true, nativeEvents=true, applicationCacheEnabled=false, takesScreenshot=true}]
	at sun.reflect.GeneratedConstructorAccessor53.newInstance(Unknown Source)
	at sun.reflect.DelegatingConstructorAccessorImpl.newInstance(DelegatingConstructorAccessorImpl.java:45)
	at java.lang.reflect.Constructor.newInstance(Constructor.java:526)
	at org.openqa.selenium.remote.ErrorHandler.createThrowable(ErrorHandler.java:187)
	at org.openqa.selenium.remote.ErrorHandler.throwIfResponseFailed(ErrorHandler.java:145)
	at org.openqa.selenium.remote.RemoteWebDriver.execute(RemoteWebDriver.java:554)
	at org.openqa.selenium.remote.RemoteWebDriver.findElement(RemoteWebDriver.java:307)
	at org.openqa.selenium.remote.RemoteWebDriver.findElementByCssSelector(RemoteWebDriver.java:396)
	at org.openqa.selenium.By$ByCssSelector.findElement(By.java:406)
	at org.openqa.selenium.remote.RemoteWebDriver.findElement(RemoteWebDriver.java:299)
	at sun.reflect.GeneratedMethodAccessor8.invoke(Unknown Source)
	at sun.reflect.DelegatingMethodAccessorImpl.invoke(DelegatingMethodAccessorImpl.java:43)
	at java.lang.reflect.Method.invoke(Method.java:606)
	at org.openqa.selenium.support.events.EventFiringWebDriver$2.invoke(EventFiringWebDriver.java:101)
	at com.sun.proxy.$Proxy16.findElement(Unknown Source)
	at org.openqa.selenium.support.events.EventFiringWebDriver.findElement(EventFiringWebDriver.java:180)
	at org.openqa.selenium.support.ui.ExpectedConditions.findElement(ExpectedConditions.java:523)
	at org.openqa.selenium.support.ui.ExpectedConditions.access$000(ExpectedConditions.java:39)
	at org.openqa.selenium.support.ui.ExpectedConditions$4.apply(ExpectedConditions.java:130)
	at org.openqa.selenium.support.ui.ExpectedConditions$4.apply(ExpectedConditions.java:126)
	at org.openqa.selenium.support.ui.FluentWait.until(FluentWait.java:208)
	at com.mifos.pages.MifosWebPage.waitForElementToBeVisible(MifosWebPage.java:210)
	at com.mifos.pages.MifosWebPage.getElement(MifosWebPage.java:699)
	at com.mifos.pages.MifosWebPage.getElement(MifosWebPage.java:684)
	at com.mifos.pages.MifosWebPage.getSingleText(MifosWebPage.java:941)
	at com.mifos.pages.MifosWebPage.validateSame(MifosWebPage.java:947)
	at com.mifos.pages.MifosWebPage.verifySuccessMessage(MifosWebPage.java:1815)
	at com.mifos.pages.FrontPage.verifyProductLoanExcelSheet(FrontPage.java:472)
	at com.mifos.steps.LoanProductSteps.I_should_see_product_loan_created_successfully(LoanProductSteps.java:27)
	at sun.reflect.GeneratedMethodAccessor59.invoke(Unknown Source)
	at sun.reflect.DelegatingMethodAccessorImpl.invoke(DelegatingMethodAccessorImpl.java:43)
	at java.lang.reflect.Method.invoke(Method.java:606)
	at cucumber.runtime.Utils$1.call(Utils.java:44)
	at cucumber.runtime.Timeout.timeout(Timeout.java:12)
	at cucumber.runtime.Utils.invoke(Utils.java:40)
	at cucumber.runtime.java.JavaStepDefinition.execute(JavaStepDefinition.java:35)
	at cucumber.runtime.StepDefinitionMatch.runStep(StepDefinitionMatch.java:38)
	at cucumber.runtime.Runtime.runStep(Runtime.java:268)
	at cucumber.runtime.model.StepContainer.runStep(StepContainer.java:45)
	at cucumber.runtime.model.StepContainer.runSteps(StepContainer.java:40)
	at cucumber.runtime.model.CucumberScenario.run(CucumberScenario.java:36)
	at cucumber.runtime.junit.ExecutionUnitRunner.run(ExecutionUnitRunner.java:83)
	at org.junit.runners.Suite.runChild(Suite.java:127)
	at org.junit.runners.Suite.runChild(Suite.java:26)
	at org.junit.runners.ParentRunner$3.run(ParentRunner.java:238)
	at org.junit.runners.ParentRunner$1.schedule(ParentRunner.java:63)
	at org.junit.runners.ParentRunner.runChildren(ParentRunner.java:236)
	at org.junit.runners.ParentRunner.access$000(ParentRunner.java:53)
	at org.junit.runners.ParentRunner$2.evaluate(ParentRunner.java:229)
	at org.junit.runners.ParentRunner.run(ParentRunner.java:309)
	at org.junit.runners.Suite.runChild(Suite.java:127)
	at org.junit.runners.Suite.runChild(Suite.java:26)
	at org.junit.runners.ParentRunner$3.run(ParentRunner.java:238)
	at org.junit.runners.ParentRunner$1.schedule(ParentRunner.java:63)
	at org.junit.runners.ParentRunner.runChildren(ParentRunner.java:236)
	at org.junit.runners.ParentRunner.access$000(ParentRunner.java:53)
	at org.junit.runners.ParentRunner$2.evaluate(ParentRunner.java:229)
	at org.junit.runners.ParentRunner.run(ParentRunner.java:309)
	at cucumber.runtime.junit.FeatureRunner.runChild(FeatureRunner.java:63)
	at cucumber.runtime.junit.FeatureRunner.runChild(FeatureRunner.java:18)
	at org.junit.runners.ParentRunner$3.run(ParentRunner.java:238)
	at org.junit.runners.ParentRunner$1.schedule(ParentRunner.java:63)
	at org.junit.runners.ParentRunner.runChildren(ParentRunner.java:236)
	at org.junit.runners.ParentRunner.access$000(ParentRunner.java:53)
	at org.junit.runners.ParentRunner$2.evaluate(ParentRunner.java:229)
	at org.junit.runners.ParentRunner.run(ParentRunner.java:309)
	at cucumber.runtime.junit.FeatureRunner.run(FeatureRunner.java:70)
	at cucumber.api.junit.Cucumber.runChild(Cucumber.java:77)
	at cucumber.api.junit.Cucumber.runChild(Cucumber.java:37)
	at org.junit.runners.ParentRunner$3.run(ParentRunner.java:238)
	at org.junit.runners.ParentRunner$1.schedule(ParentRunner.java:63)
	at org.junit.runners.ParentRunner.runChildren(ParentRunner.java:236)
	at org.junit.runners.ParentRunner.access$000(ParentRunner.java:53)
	at org.junit.runners.ParentRunner$2.evaluate(ParentRunner.java:229)
	at org.junit.runners.ParentRunner.run(ParentRunner.java:309)
	at cucumber.api.junit.Cucumber.run(Cucumber.java:82)
	at org.apache.maven.surefire.junit4.JUnit4Provider.execute(JUnit4Provider.java:252)
	at org.apache.maven.surefire.junit4.JUnit4Provider.executeTestSet(JUnit4Provider.java:141)
	at org.apache.maven.surefire.junit4.JUnit4Provider.invoke(JUnit4Provider.java:112)
	at sun.reflect.NativeMethodAccessorImpl.invoke0(Native Method)
	at sun.reflect.NativeMethodAccessorImpl.invoke(NativeMethodAccessorImpl.java:57)
	at sun.reflect.DelegatingMethodAccessorImpl.invoke(DelegatingMethodAccessorImpl.java:43)
	at java.lang.reflect.Method.invoke(Method.java:606)
	at org.apache.maven.surefire.util.ReflectionUtils.invokeMethodWithArray(ReflectionUtils.java:189)
	at org.apache.maven.surefire.booter.ProviderFactory$ProviderProxy.invoke(ProviderFactory.java:165)
	at org.apache.maven.surefire.booter.ProviderFactory.invokeProvider(ProviderFactory.java:85)
	at org.apache.maven.surefire.booter.ForkedBooter.runSuitesInProcess(ForkedBooter.java:113)
	at org.apache.maven.surefire.booter.ForkedBooter.main(ForkedBooter.java:75)
</error>
    <system-out>welcome to mifos through excel
Cell One ... key=productname
872-RBI-EPP-DB-DL-REC-NON-RNI-CTRFD-DL-MD-TR-1-LateRepayment
872-RBI-EPP-DB-DL-REC-NON-RNI-CTRFD-DL-MD-TR-1-LateRepayment
</system-out>
  </testcase>
  <testcase time="0" classname="| 872-RBI-EPP-DB-DL-REC-NON-RNI-CTRFD-DL-MD-TR-1-LateRepayment-Loanproduct4.xlsx |" name="| 872-RBI-EPP-DB-DL-REC-NON-RNI-CTRFD-DL-MD-TR-1-LateRepayment-Loanproduct4.xlsx |">
    <error message="Timed out after 100 seconds waiting for visibility of element located by By.selector: legend.ng-binding
Build info: version: &apos;2.29.1&apos;, revision: &apos;dfb1306b85be4934d23c123122e06e602a15e446&apos;, time: &apos;2013-01-22 12:58:05&apos;
System info: os.name: &apos;Windows Server 2012&apos;, os.arch: &apos;amd64&apos;, os.version: &apos;6.2&apos;, java.version: &apos;1.7.0_51&apos;
Driver info: driver.version: unknown" type="org.openqa.selenium.TimeoutException">org.openqa.selenium.TimeoutException: Timed out after 100 seconds waiting for visibility of element located by By.selector: legend.ng-binding
Build info: version: &apos;2.29.1&apos;, revision: &apos;dfb1306b85be4934d23c123122e06e602a15e446&apos;, time: &apos;2013-01-22 12:58:05&apos;
System info: os.name: &apos;Windows Server 2012&apos;, os.arch: &apos;amd64&apos;, os.version: &apos;6.2&apos;, java.version: &apos;1.7.0_51&apos;
Driver info: driver.version: unknown
	at org.openqa.selenium.support.ui.FluentWait.timeoutException(FluentWait.java:259)
	at org.openqa.selenium.support.ui.FluentWait.until(FluentWait.java:228)
	at com.mifos.pages.MifosWebPage.waitForElementToBeVisible(MifosWebPage.java:210)
	at com.mifos.pages.MifosWebPage.getElement(MifosWebPage.java:699)
	at com.mifos.pages.MifosWebPage.getElement(MifosWebPage.java:684)
	at com.mifos.pages.MifosWebPage.getSingleText(MifosWebPage.java:941)
	at com.mifos.pages.MifosWebPage.validateSame(MifosWebPage.java:947)
	at com.mifos.pages.MifosWebPage.verifySuccessMessage(MifosWebPage.java:1815)
	at com.mifos.pages.FrontPage.verifyProductLoanExcelSheet(FrontPage.java:472)
	at com.mifos.steps.LoanProductSteps.I_should_see_product_loan_created_successfully(LoanProductSteps.java:27)
	at ✽.Then I should see product loan created successfully(LoanRBI.feature:18)
Caused by: org.openqa.selenium.NoSuchElementException: no such element
  (Session info: chrome=43.0.2357.124)
  (Driver info: chromedriver=2.8.241075,platform=Windows NT 6.3 x86_64) (WARNING: The server did not provide any stacktrace information)
Command duration or timeout: 30.00 seconds
For documentation on this error, please visit: http://seleniumhq.org/exceptions/no_such_element.html
Build info: version: &apos;2.29.1&apos;, revision: &apos;dfb1306b85be4934d23c123122e06e602a15e446&apos;, time: &apos;2013-01-22 12:58:05&apos;
System info: os.name: &apos;Windows Server 2012&apos;, os.arch: &apos;amd64&apos;, os.version: &apos;6.2&apos;, java.version: &apos;1.7.0_51&apos;
Session ID: 748278f61745c7452ff6eb91f0dbdd8a
Driver info: org.openqa.selenium.chrome.ChromeDriver
Capabilities [{platform=XP, acceptSslCerts=true, javascriptEnabled=true, browserName=chrome, chrome={userDataDir=C:\Users\ADMINI~1\AppData\Local\Temp\2\scoped_dir4252_29625}, rotatable=false, locationContextEnabled=true, version=43.0.2357.124, takesHeapSnapshot=true, cssSelectorsEnabled=true, databaseEnabled=false, handlesAlerts=true, browserConnectionEnabled=false, webStorageEnabled=true, nativeEvents=true, applicationCacheEnabled=false, takesScreenshot=true}]
	at sun.reflect.GeneratedConstructorAccessor53.newInstance(Unknown Source)
	at sun.reflect.DelegatingConstructorAccessorImpl.newInstance(DelegatingConstructorAccessorImpl.java:45)
	at java.lang.reflect.Constructor.newInstance(Constructor.java:526)
	at org.openqa.selenium.remote.ErrorHandler.createThrowable(ErrorHandler.java:187)
	at org.openqa.selenium.remote.ErrorHandler.throwIfResponseFailed(ErrorHandler.java:145)
	at org.openqa.selenium.remote.RemoteWebDriver.execute(RemoteWebDriver.java:554)
	at org.openqa.selenium.remote.RemoteWebDriver.findElement(RemoteWebDriver.java:307)
	at org.openqa.selenium.remote.RemoteWebDriver.findElementByCssSelector(RemoteWebDriver.java:396)
	at org.openqa.selenium.By$ByCssSelector.findElement(By.java:406)
	at org.openqa.selenium.remote.RemoteWebDriver.findElement(RemoteWebDriver.java:299)
	at sun.reflect.GeneratedMethodAccessor8.invoke(Unknown Source)
	at sun.reflect.DelegatingMethodAccessorImpl.invoke(DelegatingMethodAccessorImpl.java:43)
	at java.lang.reflect.Method.invoke(Method.java:606)
	at org.openqa.selenium.support.events.EventFiringWebDriver$2.invoke(EventFiringWebDriver.java:101)
	at com.sun.proxy.$Proxy16.findElement(Unknown Source)
	at org.openqa.selenium.support.events.EventFiringWebDriver.findElement(EventFiringWebDriver.java:180)
	at org.openqa.selenium.support.ui.ExpectedConditions.findElement(ExpectedConditions.java:523)
	at org.openqa.selenium.support.ui.ExpectedConditions.access$000(ExpectedConditions.java:39)
	at org.openqa.selenium.support.ui.ExpectedConditions$4.apply(ExpectedConditions.java:130)
	at org.openqa.selenium.support.ui.ExpectedConditions$4.apply(ExpectedConditions.java:126)
	at org.openqa.selenium.support.ui.FluentWait.until(FluentWait.java:208)
	at com.mifos.pages.MifosWebPage.waitForElementToBeVisible(MifosWebPage.java:210)
	at com.mifos.pages.MifosWebPage.getElement(MifosWebPage.java:699)
	at com.mifos.pages.MifosWebPage.getElement(MifosWebPage.java:684)
	at com.mifos.pages.MifosWebPage.getSingleText(MifosWebPage.java:941)
	at com.mifos.pages.MifosWebPage.validateSame(MifosWebPage.java:947)
	at com.mifos.pages.MifosWebPage.verifySuccessMessage(MifosWebPage.java:1815)
	at com.mifos.pages.FrontPage.verifyProductLoanExcelSheet(FrontPage.java:472)
	at com.mifos.steps.LoanProductSteps.I_should_see_product_loan_created_successfully(LoanProductSteps.java:27)
	at sun.reflect.GeneratedMethodAccessor59.invoke(Unknown Source)
	at sun.reflect.DelegatingMethodAccessorImpl.invoke(DelegatingMethodAccessorImpl.java:43)
	at java.lang.reflect.Method.invoke(Method.java:606)
	at cucumber.runtime.Utils$1.call(Utils.java:44)
	at cucumber.runtime.Timeout.timeout(Timeout.java:12)
	at cucumber.runtime.Utils.invoke(Utils.java:40)
	at cucumber.runtime.java.JavaStepDefinition.execute(JavaStepDefinition.java:35)
	at cucumber.runtime.StepDefinitionMatch.runStep(StepDefinitionMatch.java:38)
	at cucumber.runtime.Runtime.runStep(Runtime.java:268)
	at cucumber.runtime.model.StepContainer.runStep(StepContainer.java:45)
	at cucumber.runtime.model.StepContainer.runSteps(StepContainer.java:40)
	at cucumber.runtime.model.CucumberScenario.run(CucumberScenario.java:36)
	at cucumber.runtime.junit.ExecutionUnitRunner.run(ExecutionUnitRunner.java:83)
	at org.junit.runners.Suite.runChild(Suite.java:127)
	at org.junit.runners.Suite.runChild(Suite.java:26)
	at org.junit.runners.ParentRunner$3.run(ParentRunner.java:238)
	at org.junit.runners.ParentRunner$1.schedule(ParentRunner.java:63)
	at org.junit.runners.ParentRunner.runChildren(ParentRunner.java:236)
	at org.junit.runners.ParentRunner.access$000(ParentRunner.java:53)
	at org.junit.runners.ParentRunner$2.evaluate(ParentRunner.java:229)
	at org.junit.runners.ParentRunner.run(ParentRunner.java:309)
	at org.junit.runners.Suite.runChild(Suite.java:127)
	at org.junit.runners.Suite.runChild(Suite.java:26)
	at org.junit.runners.ParentRunner$3.run(ParentRunner.java:238)
	at org.junit.runners.ParentRunner$1.schedule(ParentRunner.java:63)
	at org.junit.runners.ParentRunner.runChildren(ParentRunner.java:236)
	at org.junit.runners.ParentRunner.access$000(ParentRunner.java:53)
	at org.junit.runners.ParentRunner$2.evaluate(ParentRunner.java:229)
	at org.junit.runners.ParentRunner.run(ParentRunner.java:309)
	at cucumber.runtime.junit.FeatureRunner.runChild(FeatureRunner.java:63)
	at cucumber.runtime.junit.FeatureRunner.runChild(FeatureRunner.java:18)
	at org.junit.runners.ParentRunner$3.run(ParentRunner.java:238)
	at org.junit.runners.ParentRunner$1.schedule(ParentRunner.java:63)
	at org.junit.runners.ParentRunner.runChildren(ParentRunner.java:236)
	at org.junit.runners.ParentRunner.access$000(ParentRunner.java:53)
	at org.junit.runners.ParentRunner$2.evaluate(ParentRunner.java:229)
	at org.junit.runners.ParentRunner.run(ParentRunner.java:309)
	at cucumber.runtime.junit.FeatureRunner.run(FeatureRunner.java:70)
	at cucumber.api.junit.Cucumber.runChild(Cucumber.java:77)
	at cucumber.api.junit.Cucumber.runChild(Cucumber.java:37)
	at org.junit.runners.ParentRunner$3.run(ParentRunner.java:238)
	at org.junit.runners.ParentRunner$1.schedule(ParentRunner.java:63)
	at org.junit.runners.ParentRunner.runChildren(ParentRunner.java:236)
	at org.junit.runners.ParentRunner.access$000(ParentRunner.java:53)
	at org.junit.runners.ParentRunner$2.evaluate(ParentRunner.java:229)
	at org.junit.runners.ParentRunner.run(ParentRunner.java:309)
	at cucumber.api.junit.Cucumber.run(Cucumber.java:82)
	at org.apache.maven.surefire.junit4.JUnit4Provider.execute(JUnit4Provider.java:252)
	at org.apache.maven.surefire.junit4.JUnit4Provider.executeTestSet(JUnit4Provider.java:141)
	at org.apache.maven.surefire.junit4.JUnit4Provider.invoke(JUnit4Provider.java:112)
	at sun.reflect.NativeMethodAccessorImpl.invoke0(Native Method)
	at sun.reflect.NativeMethodAccessorImpl.invoke(NativeMethodAccessorImpl.java:57)
	at sun.reflect.DelegatingMethodAccessorImpl.invoke(DelegatingMethodAccessorImpl.java:43)
	at java.lang.reflect.Method.invoke(Method.java:606)
	at org.apache.maven.surefire.util.ReflectionUtils.invokeMethodWithArray(ReflectionUtils.java:189)
	at org.apache.maven.surefire.booter.ProviderFactory$ProviderProxy.invoke(ProviderFactory.java:165)
	at org.apache.maven.surefire.booter.ProviderFactory.invokeProvider(ProviderFactory.java:85)
	at org.apache.maven.surefire.booter.ForkedBooter.runSuitesInProcess(ForkedBooter.java:113)
	at org.apache.maven.surefire.booter.ForkedBooter.main(ForkedBooter.java:75)
</error>
  </testcase>
  <testcase time="0" classname="| 917-RBI-EPP-DB-SAR-REC-NON-RNI-CTPD-SAR-MD-TR-1-LateRepayment-Loanproduct4.xlsx |" name="Given I navigate to mifos"/>
  <testcase time="0" classname="| 917-RBI-EPP-DB-SAR-REC-NON-RNI-CTPD-SAR-MD-TR-1-LateRepayment-Loanproduct4.xlsx |" name="And I use login folder"/>
  <testcase time="0" classname="| 917-RBI-EPP-DB-SAR-REC-NON-RNI-CTPD-SAR-MD-TR-1-LateRepayment-Loanproduct4.xlsx |" name="When I login into mifos site using excel sheet"/>
  <testcase time="0" classname="| 917-RBI-EPP-DB-SAR-REC-NON-RNI-CTPD-SAR-MD-TR-1-LateRepayment-Loanproduct4.xlsx |" name="Then I should see logged in successfully"/>
  <testcase time="0" classname="| 917-RBI-EPP-DB-SAR-REC-NON-RNI-CTPD-SAR-MD-TR-1-LateRepayment-Loanproduct4.xlsx |" name="Given I setup the product loan"/>
  <testcase time="0" classname="| 917-RBI-EPP-DB-SAR-REC-NON-RNI-CTPD-SAR-MD-TR-1-LateRepayment-Loanproduct4.xlsx |" name="And I entered the values into product loan using"/>
  <testcase time="0" classname="| 917-RBI-EPP-DB-SAR-REC-NON-RNI-CTPD-SAR-MD-TR-1-LateRepayment-Loanproduct4.xlsx |" name="Then I should see product loan created successfully">
    <error message="Timed out after 100 seconds waiting for visibility of element located by By.selector: legend.ng-binding
Build info: version: &apos;2.29.1&apos;, revision: &apos;dfb1306b85be4934d23c123122e06e602a15e446&apos;, time: &apos;2013-01-22 12:58:05&apos;
System info: os.name: &apos;Windows Server 2012&apos;, os.arch: &apos;amd64&apos;, os.version: &apos;6.2&apos;, java.version: &apos;1.7.0_51&apos;
Driver info: driver.version: unknown" type="org.openqa.selenium.TimeoutException">org.openqa.selenium.TimeoutException: Timed out after 100 seconds waiting for visibility of element located by By.selector: legend.ng-binding
Build info: version: &apos;2.29.1&apos;, revision: &apos;dfb1306b85be4934d23c123122e06e602a15e446&apos;, time: &apos;2013-01-22 12:58:05&apos;
System info: os.name: &apos;Windows Server 2012&apos;, os.arch: &apos;amd64&apos;, os.version: &apos;6.2&apos;, java.version: &apos;1.7.0_51&apos;
Driver info: driver.version: unknown
	at org.openqa.selenium.support.ui.FluentWait.timeoutException(FluentWait.java:259)
	at org.openqa.selenium.support.ui.FluentWait.until(FluentWait.java:228)
	at com.mifos.pages.MifosWebPage.waitForElementToBeVisible(MifosWebPage.java:210)
	at com.mifos.pages.MifosWebPage.getElement(MifosWebPage.java:699)
	at com.mifos.pages.MifosWebPage.getElement(MifosWebPage.java:684)
	at com.mifos.pages.MifosWebPage.getSingleText(MifosWebPage.java:941)
	at com.mifos.pages.MifosWebPage.validateSame(MifosWebPage.java:947)
	at com.mifos.pages.MifosWebPage.verifySuccessMessage(MifosWebPage.java:1815)
	at com.mifos.pages.FrontPage.verifyProductLoanExcelSheet(FrontPage.java:472)
	at com.mifos.steps.LoanProductSteps.I_should_see_product_loan_created_successfully(LoanProductSteps.java:27)
	at ✽.Then I should see product loan created successfully(LoanRBI.feature:18)
Caused by: org.openqa.selenium.NoSuchElementException: no such element
  (Session info: chrome=43.0.2357.124)
  (Driver info: chromedriver=2.8.241075,platform=Windows NT 6.3 x86_64) (WARNING: The server did not provide any stacktrace information)
Command duration or timeout: 30.05 seconds
For documentation on this error, please visit: http://seleniumhq.org/exceptions/no_such_element.html
Build info: version: &apos;2.29.1&apos;, revision: &apos;dfb1306b85be4934d23c123122e06e602a15e446&apos;, time: &apos;2013-01-22 12:58:05&apos;
System info: os.name: &apos;Windows Server 2012&apos;, os.arch: &apos;amd64&apos;, os.version: &apos;6.2&apos;, java.version: &apos;1.7.0_51&apos;
Session ID: 161f4a63e7e8c563ec306cc0fdfb0192
Driver info: org.openqa.selenium.chrome.ChromeDriver
Capabilities [{platform=XP, acceptSslCerts=true, javascriptEnabled=true, browserName=chrome, chrome={userDataDir=C:\Users\ADMINI~1\AppData\Local\Temp\2\scoped_dir4196_11984}, rotatable=false, locationContextEnabled=true, version=43.0.2357.124, takesHeapSnapshot=true, cssSelectorsEnabled=true, databaseEnabled=false, handlesAlerts=true, browserConnectionEnabled=false, webStorageEnabled=true, nativeEvents=true, applicationCacheEnabled=false, takesScreenshot=true}]
	at sun.reflect.GeneratedConstructorAccessor53.newInstance(Unknown Source)
	at sun.reflect.DelegatingConstructorAccessorImpl.newInstance(DelegatingConstructorAccessorImpl.java:45)
	at java.lang.reflect.Constructor.newInstance(Constructor.java:526)
	at org.openqa.selenium.remote.ErrorHandler.createThrowable(ErrorHandler.java:187)
	at org.openqa.selenium.remote.ErrorHandler.throwIfResponseFailed(ErrorHandler.java:145)
	at org.openqa.selenium.remote.RemoteWebDriver.execute(RemoteWebDriver.java:554)
	at org.openqa.selenium.remote.RemoteWebDriver.findElement(RemoteWebDriver.java:307)
	at org.openqa.selenium.remote.RemoteWebDriver.findElementByCssSelector(RemoteWebDriver.java:396)
	at org.openqa.selenium.By$ByCssSelector.findElement(By.java:406)
	at org.openqa.selenium.remote.RemoteWebDriver.findElement(RemoteWebDriver.java:299)
	at sun.reflect.GeneratedMethodAccessor8.invoke(Unknown Source)
	at sun.reflect.DelegatingMethodAccessorImpl.invoke(DelegatingMethodAccessorImpl.java:43)
	at java.lang.reflect.Method.invoke(Method.java:606)
	at org.openqa.selenium.support.events.EventFiringWebDriver$2.invoke(EventFiringWebDriver.java:101)
	at com.sun.proxy.$Proxy16.findElement(Unknown Source)
	at org.openqa.selenium.support.events.EventFiringWebDriver.findElement(EventFiringWebDriver.java:180)
	at org.openqa.selenium.support.ui.ExpectedConditions.findElement(ExpectedConditions.java:523)
	at org.openqa.selenium.support.ui.ExpectedConditions.access$000(ExpectedConditions.java:39)
	at org.openqa.selenium.support.ui.ExpectedConditions$4.apply(ExpectedConditions.java:130)
	at org.openqa.selenium.support.ui.ExpectedConditions$4.apply(ExpectedConditions.java:126)
	at org.openqa.selenium.support.ui.FluentWait.until(FluentWait.java:208)
	at com.mifos.pages.MifosWebPage.waitForElementToBeVisible(MifosWebPage.java:210)
	at com.mifos.pages.MifosWebPage.getElement(MifosWebPage.java:699)
	at com.mifos.pages.MifosWebPage.getElement(MifosWebPage.java:684)
	at com.mifos.pages.MifosWebPage.getSingleText(MifosWebPage.java:941)
	at com.mifos.pages.MifosWebPage.validateSame(MifosWebPage.java:947)
	at com.mifos.pages.MifosWebPage.verifySuccessMessage(MifosWebPage.java:1815)
	at com.mifos.pages.FrontPage.verifyProductLoanExcelSheet(FrontPage.java:472)
	at com.mifos.steps.LoanProductSteps.I_should_see_product_loan_created_successfully(LoanProductSteps.java:27)
	at sun.reflect.GeneratedMethodAccessor59.invoke(Unknown Source)
	at sun.reflect.DelegatingMethodAccessorImpl.invoke(DelegatingMethodAccessorImpl.java:43)
	at java.lang.reflect.Method.invoke(Method.java:606)
	at cucumber.runtime.Utils$1.call(Utils.java:44)
	at cucumber.runtime.Timeout.timeout(Timeout.java:12)
	at cucumber.runtime.Utils.invoke(Utils.java:40)
	at cucumber.runtime.java.JavaStepDefinition.execute(JavaStepDefinition.java:35)
	at cucumber.runtime.StepDefinitionMatch.runStep(StepDefinitionMatch.java:38)
	at cucumber.runtime.Runtime.runStep(Runtime.java:268)
	at cucumber.runtime.model.StepContainer.runStep(StepContainer.java:45)
	at cucumber.runtime.model.StepContainer.runSteps(StepContainer.java:40)
	at cucumber.runtime.model.CucumberScenario.run(CucumberScenario.java:36)
	at cucumber.runtime.junit.ExecutionUnitRunner.run(ExecutionUnitRunner.java:83)
	at org.junit.runners.Suite.runChild(Suite.java:127)
	at org.junit.runners.Suite.runChild(Suite.java:26)
	at org.junit.runners.ParentRunner$3.run(ParentRunner.java:238)
	at org.junit.runners.ParentRunner$1.schedule(ParentRunner.java:63)
	at org.junit.runners.ParentRunner.runChildren(ParentRunner.java:236)
	at org.junit.runners.ParentRunner.access$000(ParentRunner.java:53)
	at org.junit.runners.ParentRunner$2.evaluate(ParentRunner.java:229)
	at org.junit.runners.ParentRunner.run(ParentRunner.java:309)
	at org.junit.runners.Suite.runChild(Suite.java:127)
	at org.junit.runners.Suite.runChild(Suite.java:26)
	at org.junit.runners.ParentRunner$3.run(ParentRunner.java:238)
	at org.junit.runners.ParentRunner$1.schedule(ParentRunner.java:63)
	at org.junit.runners.ParentRunner.runChildren(ParentRunner.java:236)
	at org.junit.runners.ParentRunner.access$000(ParentRunner.java:53)
	at org.junit.runners.ParentRunner$2.evaluate(ParentRunner.java:229)
	at org.junit.runners.ParentRunner.run(ParentRunner.java:309)
	at cucumber.runtime.junit.FeatureRunner.runChild(FeatureRunner.java:63)
	at cucumber.runtime.junit.FeatureRunner.runChild(FeatureRunner.java:18)
	at org.junit.runners.ParentRunner$3.run(ParentRunner.java:238)
	at org.junit.runners.ParentRunner$1.schedule(ParentRunner.java:63)
	at org.junit.runners.ParentRunner.runChildren(ParentRunner.java:236)
	at org.junit.runners.ParentRunner.access$000(ParentRunner.java:53)
	at org.junit.runners.ParentRunner$2.evaluate(ParentRunner.java:229)
	at org.junit.runners.ParentRunner.run(ParentRunner.java:309)
	at cucumber.runtime.junit.FeatureRunner.run(FeatureRunner.java:70)
	at cucumber.api.junit.Cucumber.runChild(Cucumber.java:77)
	at cucumber.api.junit.Cucumber.runChild(Cucumber.java:37)
	at org.junit.runners.ParentRunner$3.run(ParentRunner.java:238)
	at org.junit.runners.ParentRunner$1.schedule(ParentRunner.java:63)
	at org.junit.runners.ParentRunner.runChildren(ParentRunner.java:236)
	at org.junit.runners.ParentRunner.access$000(ParentRunner.java:53)
	at org.junit.runners.ParentRunner$2.evaluate(ParentRunner.java:229)
	at org.junit.runners.ParentRunner.run(ParentRunner.java:309)
	at cucumber.api.junit.Cucumber.run(Cucumber.java:82)
	at org.apache.maven.surefire.junit4.JUnit4Provider.execute(JUnit4Provider.java:252)
	at org.apache.maven.surefire.junit4.JUnit4Provider.executeTestSet(JUnit4Provider.java:141)
	at org.apache.maven.surefire.junit4.JUnit4Provider.invoke(JUnit4Provider.java:112)
	at sun.reflect.NativeMethodAccessorImpl.invoke0(Native Method)
	at sun.reflect.NativeMethodAccessorImpl.invoke(NativeMethodAccessorImpl.java:57)
	at sun.reflect.DelegatingMethodAccessorImpl.invoke(DelegatingMethodAccessorImpl.java:43)
	at java.lang.reflect.Method.invoke(Method.java:606)
	at org.apache.maven.surefire.util.ReflectionUtils.invokeMethodWithArray(ReflectionUtils.java:189)
	at org.apache.maven.surefire.booter.ProviderFactory$ProviderProxy.invoke(ProviderFactory.java:165)
	at org.apache.maven.surefire.booter.ProviderFactory.invokeProvider(ProviderFactory.java:85)
	at org.apache.maven.surefire.booter.ForkedBooter.runSuitesInProcess(ForkedBooter.java:113)
	at org.apache.maven.surefire.booter.ForkedBooter.main(ForkedBooter.java:75)
</error>
    <system-out>welcome to mifos through excel
Cell One ... key=productname
917-RBI-EPP-DB-SAR-REC-NON-RNI-CTPD-SAR-MD-TR-1-LateRepayment
917-RBI-EPP-DB-SAR-REC-NON-RNI-CTPD-SAR-MD-TR-1-LateRepayment
</system-out>
  </testcase>
  <testcase time="0" classname="| 917-RBI-EPP-DB-SAR-REC-NON-RNI-CTPD-SAR-MD-TR-1-LateRepayment-Loanproduct4.xlsx |" name="| 917-RBI-EPP-DB-SAR-REC-NON-RNI-CTPD-SAR-MD-TR-1-LateRepayment-Loanproduct4.xlsx |">
    <error message="Timed out after 100 seconds waiting for visibility of element located by By.selector: legend.ng-binding
Build info: version: &apos;2.29.1&apos;, revision: &apos;dfb1306b85be4934d23c123122e06e602a15e446&apos;, time: &apos;2013-01-22 12:58:05&apos;
System info: os.name: &apos;Windows Server 2012&apos;, os.arch: &apos;amd64&apos;, os.version: &apos;6.2&apos;, java.version: &apos;1.7.0_51&apos;
Driver info: driver.version: unknown" type="org.openqa.selenium.TimeoutException">org.openqa.selenium.TimeoutException: Timed out after 100 seconds waiting for visibility of element located by By.selector: legend.ng-binding
Build info: version: &apos;2.29.1&apos;, revision: &apos;dfb1306b85be4934d23c123122e06e602a15e446&apos;, time: &apos;2013-01-22 12:58:05&apos;
System info: os.name: &apos;Windows Server 2012&apos;, os.arch: &apos;amd64&apos;, os.version: &apos;6.2&apos;, java.version: &apos;1.7.0_51&apos;
Driver info: driver.version: unknown
	at org.openqa.selenium.support.ui.FluentWait.timeoutException(FluentWait.java:259)
	at org.openqa.selenium.support.ui.FluentWait.until(FluentWait.java:228)
	at com.mifos.pages.MifosWebPage.waitForElementToBeVisible(MifosWebPage.java:210)
	at com.mifos.pages.MifosWebPage.getElement(MifosWebPage.java:699)
	at com.mifos.pages.MifosWebPage.getElement(MifosWebPage.java:684)
	at com.mifos.pages.MifosWebPage.getSingleText(MifosWebPage.java:941)
	at com.mifos.pages.MifosWebPage.validateSame(MifosWebPage.java:947)
	at com.mifos.pages.MifosWebPage.verifySuccessMessage(MifosWebPage.java:1815)
	at com.mifos.pages.FrontPage.verifyProductLoanExcelSheet(FrontPage.java:472)
	at com.mifos.steps.LoanProductSteps.I_should_see_product_loan_created_successfully(LoanProductSteps.java:27)
	at ✽.Then I should see product loan created successfully(LoanRBI.feature:18)
Caused by: org.openqa.selenium.NoSuchElementException: no such element
  (Session info: chrome=43.0.2357.124)
  (Driver info: chromedriver=2.8.241075,platform=Windows NT 6.3 x86_64) (WARNING: The server did not provide any stacktrace information)
Command duration or timeout: 30.05 seconds
For documentation on this error, please visit: http://seleniumhq.org/exceptions/no_such_element.html
Build info: version: &apos;2.29.1&apos;, revision: &apos;dfb1306b85be4934d23c123122e06e602a15e446&apos;, time: &apos;2013-01-22 12:58:05&apos;
System info: os.name: &apos;Windows Server 2012&apos;, os.arch: &apos;amd64&apos;, os.version: &apos;6.2&apos;, java.version: &apos;1.7.0_51&apos;
Session ID: 161f4a63e7e8c563ec306cc0fdfb0192
Driver info: org.openqa.selenium.chrome.ChromeDriver
Capabilities [{platform=XP, acceptSslCerts=true, javascriptEnabled=true, browserName=chrome, chrome={userDataDir=C:\Users\ADMINI~1\AppData\Local\Temp\2\scoped_dir4196_11984}, rotatable=false, locationContextEnabled=true, version=43.0.2357.124, takesHeapSnapshot=true, cssSelectorsEnabled=true, databaseEnabled=false, handlesAlerts=true, browserConnectionEnabled=false, webStorageEnabled=true, nativeEvents=true, applicationCacheEnabled=false, takesScreenshot=true}]
	at sun.reflect.GeneratedConstructorAccessor53.newInstance(Unknown Source)
	at sun.reflect.DelegatingConstructorAccessorImpl.newInstance(DelegatingConstructorAccessorImpl.java:45)
	at java.lang.reflect.Constructor.newInstance(Constructor.java:526)
	at org.openqa.selenium.remote.ErrorHandler.createThrowable(ErrorHandler.java:187)
	at org.openqa.selenium.remote.ErrorHandler.throwIfResponseFailed(ErrorHandler.java:145)
	at org.openqa.selenium.remote.RemoteWebDriver.execute(RemoteWebDriver.java:554)
	at org.openqa.selenium.remote.RemoteWebDriver.findElement(RemoteWebDriver.java:307)
	at org.openqa.selenium.remote.RemoteWebDriver.findElementByCssSelector(RemoteWebDriver.java:396)
	at org.openqa.selenium.By$ByCssSelector.findElement(By.java:406)
	at org.openqa.selenium.remote.RemoteWebDriver.findElement(RemoteWebDriver.java:299)
	at sun.reflect.GeneratedMethodAccessor8.invoke(Unknown Source)
	at sun.reflect.DelegatingMethodAccessorImpl.invoke(DelegatingMethodAccessorImpl.java:43)
	at java.lang.reflect.Method.invoke(Method.java:606)
	at org.openqa.selenium.support.events.EventFiringWebDriver$2.invoke(EventFiringWebDriver.java:101)
	at com.sun.proxy.$Proxy16.findElement(Unknown Source)
	at org.openqa.selenium.support.events.EventFiringWebDriver.findElement(EventFiringWebDriver.java:180)
	at org.openqa.selenium.support.ui.ExpectedConditions.findElement(ExpectedConditions.java:523)
	at org.openqa.selenium.support.ui.ExpectedConditions.access$000(ExpectedConditions.java:39)
	at org.openqa.selenium.support.ui.ExpectedConditions$4.apply(ExpectedConditions.java:130)
	at org.openqa.selenium.support.ui.ExpectedConditions$4.apply(ExpectedConditions.java:126)
	at org.openqa.selenium.support.ui.FluentWait.until(FluentWait.java:208)
	at com.mifos.pages.MifosWebPage.waitForElementToBeVisible(MifosWebPage.java:210)
	at com.mifos.pages.MifosWebPage.getElement(MifosWebPage.java:699)
	at com.mifos.pages.MifosWebPage.getElement(MifosWebPage.java:684)
	at com.mifos.pages.MifosWebPage.getSingleText(MifosWebPage.java:941)
	at com.mifos.pages.MifosWebPage.validateSame(MifosWebPage.java:947)
	at com.mifos.pages.MifosWebPage.verifySuccessMessage(MifosWebPage.java:1815)
	at com.mifos.pages.FrontPage.verifyProductLoanExcelSheet(FrontPage.java:472)
	at com.mifos.steps.LoanProductSteps.I_should_see_product_loan_created_successfully(LoanProductSteps.java:27)
	at sun.reflect.GeneratedMethodAccessor59.invoke(Unknown Source)
	at sun.reflect.DelegatingMethodAccessorImpl.invoke(DelegatingMethodAccessorImpl.java:43)
	at java.lang.reflect.Method.invoke(Method.java:606)
	at cucumber.runtime.Utils$1.call(Utils.java:44)
	at cucumber.runtime.Timeout.timeout(Timeout.java:12)
	at cucumber.runtime.Utils.invoke(Utils.java:40)
	at cucumber.runtime.java.JavaStepDefinition.execute(JavaStepDefinition.java:35)
	at cucumber.runtime.StepDefinitionMatch.runStep(StepDefinitionMatch.java:38)
	at cucumber.runtime.Runtime.runStep(Runtime.java:268)
	at cucumber.runtime.model.StepContainer.runStep(StepContainer.java:45)
	at cucumber.runtime.model.StepContainer.runSteps(StepContainer.java:40)
	at cucumber.runtime.model.CucumberScenario.run(CucumberScenario.java:36)
	at cucumber.runtime.junit.ExecutionUnitRunner.run(ExecutionUnitRunner.java:83)
	at org.junit.runners.Suite.runChild(Suite.java:127)
	at org.junit.runners.Suite.runChild(Suite.java:26)
	at org.junit.runners.ParentRunner$3.run(ParentRunner.java:238)
	at org.junit.runners.ParentRunner$1.schedule(ParentRunner.java:63)
	at org.junit.runners.ParentRunner.runChildren(ParentRunner.java:236)
	at org.junit.runners.ParentRunner.access$000(ParentRunner.java:53)
	at org.junit.runners.ParentRunner$2.evaluate(ParentRunner.java:229)
	at org.junit.runners.ParentRunner.run(ParentRunner.java:309)
	at org.junit.runners.Suite.runChild(Suite.java:127)
	at org.junit.runners.Suite.runChild(Suite.java:26)
	at org.junit.runners.ParentRunner$3.run(ParentRunner.java:238)
	at org.junit.runners.ParentRunner$1.schedule(ParentRunner.java:63)
	at org.junit.runners.ParentRunner.runChildren(ParentRunner.java:236)
	at org.junit.runners.ParentRunner.access$000(ParentRunner.java:53)
	at org.junit.runners.ParentRunner$2.evaluate(ParentRunner.java:229)
	at org.junit.runners.ParentRunner.run(ParentRunner.java:309)
	at cucumber.runtime.junit.FeatureRunner.runChild(FeatureRunner.java:63)
	at cucumber.runtime.junit.FeatureRunner.runChild(FeatureRunner.java:18)
	at org.junit.runners.ParentRunner$3.run(ParentRunner.java:238)
	at org.junit.runners.ParentRunner$1.schedule(ParentRunner.java:63)
	at org.junit.runners.ParentRunner.runChildren(ParentRunner.java:236)
	at org.junit.runners.ParentRunner.access$000(ParentRunner.java:53)
	at org.junit.runners.ParentRunner$2.evaluate(ParentRunner.java:229)
	at org.junit.runners.ParentRunner.run(ParentRunner.java:309)
	at cucumber.runtime.junit.FeatureRunner.run(FeatureRunner.java:70)
	at cucumber.api.junit.Cucumber.runChild(Cucumber.java:77)
	at cucumber.api.junit.Cucumber.runChild(Cucumber.java:37)
	at org.junit.runners.ParentRunner$3.run(ParentRunner.java:238)
	at org.junit.runners.ParentRunner$1.schedule(ParentRunner.java:63)
	at org.junit.runners.ParentRunner.runChildren(ParentRunner.java:236)
	at org.junit.runners.ParentRunner.access$000(ParentRunner.java:53)
	at org.junit.runners.ParentRunner$2.evaluate(ParentRunner.java:229)
	at org.junit.runners.ParentRunner.run(ParentRunner.java:309)
	at cucumber.api.junit.Cucumber.run(Cucumber.java:82)
	at org.apache.maven.surefire.junit4.JUnit4Provider.execute(JUnit4Provider.java:252)
	at org.apache.maven.surefire.junit4.JUnit4Provider.executeTestSet(JUnit4Provider.java:141)
	at org.apache.maven.surefire.junit4.JUnit4Provider.invoke(JUnit4Provider.java:112)
	at sun.reflect.NativeMethodAccessorImpl.invoke0(Native Method)
	at sun.reflect.NativeMethodAccessorImpl.invoke(NativeMethodAccessorImpl.java:57)
	at sun.reflect.DelegatingMethodAccessorImpl.invoke(DelegatingMethodAccessorImpl.java:43)
	at java.lang.reflect.Method.invoke(Method.java:606)
	at org.apache.maven.surefire.util.ReflectionUtils.invokeMethodWithArray(ReflectionUtils.java:189)
	at org.apache.maven.surefire.booter.ProviderFactory$ProviderProxy.invoke(ProviderFactory.java:165)
	at org.apache.maven.surefire.booter.ProviderFactory.invokeProvider(ProviderFactory.java:85)
	at org.apache.maven.surefire.booter.ForkedBooter.runSuitesInProcess(ForkedBooter.java:113)
	at org.apache.maven.surefire.booter.ForkedBooter.main(ForkedBooter.java:75)
</error>
  </testcase>
  <testcase time="0" classname="| 918-RBI-EPP-DB-SAR-REC-NON-RNI-CTPD-DL-MD-TR-1-LateRepayment-Loanproduct4.xlsx |" name="Given I navigate to mifos"/>
  <testcase time="0" classname="| 918-RBI-EPP-DB-SAR-REC-NON-RNI-CTPD-DL-MD-TR-1-LateRepayment-Loanproduct4.xlsx |" name="And I use login folder"/>
  <testcase time="0" classname="| 918-RBI-EPP-DB-SAR-REC-NON-RNI-CTPD-DL-MD-TR-1-LateRepayment-Loanproduct4.xlsx |" name="When I login into mifos site using excel sheet"/>
  <testcase time="0" classname="| 918-RBI-EPP-DB-SAR-REC-NON-RNI-CTPD-DL-MD-TR-1-LateRepayment-Loanproduct4.xlsx |" name="Then I should see logged in successfully"/>
  <testcase time="0" classname="| 918-RBI-EPP-DB-SAR-REC-NON-RNI-CTPD-DL-MD-TR-1-LateRepayment-Loanproduct4.xlsx |" name="Given I setup the product loan"/>
  <testcase time="0" classname="| 918-RBI-EPP-DB-SAR-REC-NON-RNI-CTPD-DL-MD-TR-1-LateRepayment-Loanproduct4.xlsx |" name="And I entered the values into product loan using"/>
  <testcase time="0" classname="| 918-RBI-EPP-DB-SAR-REC-NON-RNI-CTPD-DL-MD-TR-1-LateRepayment-Loanproduct4.xlsx |" name="Then I should see product loan created successfully">
    <error message="Timed out after 100 seconds waiting for visibility of element located by By.selector: legend.ng-binding
Build info: version: &apos;2.29.1&apos;, revision: &apos;dfb1306b85be4934d23c123122e06e602a15e446&apos;, time: &apos;2013-01-22 12:58:05&apos;
System info: os.name: &apos;Windows Server 2012&apos;, os.arch: &apos;amd64&apos;, os.version: &apos;6.2&apos;, java.version: &apos;1.7.0_51&apos;
Driver info: driver.version: unknown" type="org.openqa.selenium.TimeoutException">org.openqa.selenium.TimeoutException: Timed out after 100 seconds waiting for visibility of element located by By.selector: legend.ng-binding
Build info: version: &apos;2.29.1&apos;, revision: &apos;dfb1306b85be4934d23c123122e06e602a15e446&apos;, time: &apos;2013-01-22 12:58:05&apos;
System info: os.name: &apos;Windows Server 2012&apos;, os.arch: &apos;amd64&apos;, os.version: &apos;6.2&apos;, java.version: &apos;1.7.0_51&apos;
Driver info: driver.version: unknown
	at org.openqa.selenium.support.ui.FluentWait.timeoutException(FluentWait.java:259)
	at org.openqa.selenium.support.ui.FluentWait.until(FluentWait.java:228)
	at com.mifos.pages.MifosWebPage.waitForElementToBeVisible(MifosWebPage.java:210)
	at com.mifos.pages.MifosWebPage.getElement(MifosWebPage.java:699)
	at com.mifos.pages.MifosWebPage.getElement(MifosWebPage.java:684)
	at com.mifos.pages.MifosWebPage.getSingleText(MifosWebPage.java:941)
	at com.mifos.pages.MifosWebPage.validateSame(MifosWebPage.java:947)
	at com.mifos.pages.MifosWebPage.verifySuccessMessage(MifosWebPage.java:1815)
	at com.mifos.pages.FrontPage.verifyProductLoanExcelSheet(FrontPage.java:472)
	at com.mifos.steps.LoanProductSteps.I_should_see_product_loan_created_successfully(LoanProductSteps.java:27)
	at ✽.Then I should see product loan created successfully(LoanRBI.feature:18)
Caused by: org.openqa.selenium.NoSuchElementException: no such element
  (Session info: chrome=43.0.2357.124)
  (Driver info: chromedriver=2.8.241075,platform=Windows NT 6.3 x86_64) (WARNING: The server did not provide any stacktrace information)
Command duration or timeout: 30.05 seconds
For documentation on this error, please visit: http://seleniumhq.org/exceptions/no_such_element.html
Build info: version: &apos;2.29.1&apos;, revision: &apos;dfb1306b85be4934d23c123122e06e602a15e446&apos;, time: &apos;2013-01-22 12:58:05&apos;
System info: os.name: &apos;Windows Server 2012&apos;, os.arch: &apos;amd64&apos;, os.version: &apos;6.2&apos;, java.version: &apos;1.7.0_51&apos;
Session ID: 2f87b4f774e56404fea81288be22f4e2
Driver info: org.openqa.selenium.chrome.ChromeDriver
Capabilities [{platform=XP, acceptSslCerts=true, javascriptEnabled=true, browserName=chrome, chrome={userDataDir=C:\Users\ADMINI~1\AppData\Local\Temp\2\scoped_dir4548_8041}, rotatable=false, locationContextEnabled=true, version=43.0.2357.124, takesHeapSnapshot=true, cssSelectorsEnabled=true, databaseEnabled=false, handlesAlerts=true, browserConnectionEnabled=false, webStorageEnabled=true, nativeEvents=true, applicationCacheEnabled=false, takesScreenshot=true}]
	at sun.reflect.GeneratedConstructorAccessor53.newInstance(Unknown Source)
	at sun.reflect.DelegatingConstructorAccessorImpl.newInstance(DelegatingConstructorAccessorImpl.java:45)
	at java.lang.reflect.Constructor.newInstance(Constructor.java:526)
	at org.openqa.selenium.remote.ErrorHandler.createThrowable(ErrorHandler.java:187)
	at org.openqa.selenium.remote.ErrorHandler.throwIfResponseFailed(ErrorHandler.java:145)
	at org.openqa.selenium.remote.RemoteWebDriver.execute(RemoteWebDriver.java:554)
	at org.openqa.selenium.remote.RemoteWebDriver.findElement(RemoteWebDriver.java:307)
	at org.openqa.selenium.remote.RemoteWebDriver.findElementByCssSelector(RemoteWebDriver.java:396)
	at org.openqa.selenium.By$ByCssSelector.findElement(By.java:406)
	at org.openqa.selenium.remote.RemoteWebDriver.findElement(RemoteWebDriver.java:299)
	at sun.reflect.GeneratedMethodAccessor8.invoke(Unknown Source)
	at sun.reflect.DelegatingMethodAccessorImpl.invoke(DelegatingMethodAccessorImpl.java:43)
	at java.lang.reflect.Method.invoke(Method.java:606)
	at org.openqa.selenium.support.events.EventFiringWebDriver$2.invoke(EventFiringWebDriver.java:101)
	at com.sun.proxy.$Proxy16.findElement(Unknown Source)
	at org.openqa.selenium.support.events.EventFiringWebDriver.findElement(EventFiringWebDriver.java:180)
	at org.openqa.selenium.support.ui.ExpectedConditions.findElement(ExpectedConditions.java:523)
	at org.openqa.selenium.support.ui.ExpectedConditions.access$000(ExpectedConditions.java:39)
	at org.openqa.selenium.support.ui.ExpectedConditions$4.apply(ExpectedConditions.java:130)
	at org.openqa.selenium.support.ui.ExpectedConditions$4.apply(ExpectedConditions.java:126)
	at org.openqa.selenium.support.ui.FluentWait.until(FluentWait.java:208)
	at com.mifos.pages.MifosWebPage.waitForElementToBeVisible(MifosWebPage.java:210)
	at com.mifos.pages.MifosWebPage.getElement(MifosWebPage.java:699)
	at com.mifos.pages.MifosWebPage.getElement(MifosWebPage.java:684)
	at com.mifos.pages.MifosWebPage.getSingleText(MifosWebPage.java:941)
	at com.mifos.pages.MifosWebPage.validateSame(MifosWebPage.java:947)
	at com.mifos.pages.MifosWebPage.verifySuccessMessage(MifosWebPage.java:1815)
	at com.mifos.pages.FrontPage.verifyProductLoanExcelSheet(FrontPage.java:472)
	at com.mifos.steps.LoanProductSteps.I_should_see_product_loan_created_successfully(LoanProductSteps.java:27)
	at sun.reflect.GeneratedMethodAccessor59.invoke(Unknown Source)
	at sun.reflect.DelegatingMethodAccessorImpl.invoke(DelegatingMethodAccessorImpl.java:43)
	at java.lang.reflect.Method.invoke(Method.java:606)
	at cucumber.runtime.Utils$1.call(Utils.java:44)
	at cucumber.runtime.Timeout.timeout(Timeout.java:12)
	at cucumber.runtime.Utils.invoke(Utils.java:40)
	at cucumber.runtime.java.JavaStepDefinition.execute(JavaStepDefinition.java:35)
	at cucumber.runtime.StepDefinitionMatch.runStep(StepDefinitionMatch.java:38)
	at cucumber.runtime.Runtime.runStep(Runtime.java:268)
	at cucumber.runtime.model.StepContainer.runStep(StepContainer.java:45)
	at cucumber.runtime.model.StepContainer.runSteps(StepContainer.java:40)
	at cucumber.runtime.model.CucumberScenario.run(CucumberScenario.java:36)
	at cucumber.runtime.junit.ExecutionUnitRunner.run(ExecutionUnitRunner.java:83)
	at org.junit.runners.Suite.runChild(Suite.java:127)
	at org.junit.runners.Suite.runChild(Suite.java:26)
	at org.junit.runners.ParentRunner$3.run(ParentRunner.java:238)
	at org.junit.runners.ParentRunner$1.schedule(ParentRunner.java:63)
	at org.junit.runners.ParentRunner.runChildren(ParentRunner.java:236)
	at org.junit.runners.ParentRunner.access$000(ParentRunner.java:53)
	at org.junit.runners.ParentRunner$2.evaluate(ParentRunner.java:229)
	at org.junit.runners.ParentRunner.run(ParentRunner.java:309)
	at org.junit.runners.Suite.runChild(Suite.java:127)
	at org.junit.runners.Suite.runChild(Suite.java:26)
	at org.junit.runners.ParentRunner$3.run(ParentRunner.java:238)
	at org.junit.runners.ParentRunner$1.schedule(ParentRunner.java:63)
	at org.junit.runners.ParentRunner.runChildren(ParentRunner.java:236)
	at org.junit.runners.ParentRunner.access$000(ParentRunner.java:53)
	at org.junit.runners.ParentRunner$2.evaluate(ParentRunner.java:229)
	at org.junit.runners.ParentRunner.run(ParentRunner.java:309)
	at cucumber.runtime.junit.FeatureRunner.runChild(FeatureRunner.java:63)
	at cucumber.runtime.junit.FeatureRunner.runChild(FeatureRunner.java:18)
	at org.junit.runners.ParentRunner$3.run(ParentRunner.java:238)
	at org.junit.runners.ParentRunner$1.schedule(ParentRunner.java:63)
	at org.junit.runners.ParentRunner.runChildren(ParentRunner.java:236)
	at org.junit.runners.ParentRunner.access$000(ParentRunner.java:53)
	at org.junit.runners.ParentRunner$2.evaluate(ParentRunner.java:229)
	at org.junit.runners.ParentRunner.run(ParentRunner.java:309)
	at cucumber.runtime.junit.FeatureRunner.run(FeatureRunner.java:70)
	at cucumber.api.junit.Cucumber.runChild(Cucumber.java:77)
	at cucumber.api.junit.Cucumber.runChild(Cucumber.java:37)
	at org.junit.runners.ParentRunner$3.run(ParentRunner.java:238)
	at org.junit.runners.ParentRunner$1.schedule(ParentRunner.java:63)
	at org.junit.runners.ParentRunner.runChildren(ParentRunner.java:236)
	at org.junit.runners.ParentRunner.access$000(ParentRunner.java:53)
	at org.junit.runners.ParentRunner$2.evaluate(ParentRunner.java:229)
	at org.junit.runners.ParentRunner.run(ParentRunner.java:309)
	at cucumber.api.junit.Cucumber.run(Cucumber.java:82)
	at org.apache.maven.surefire.junit4.JUnit4Provider.execute(JUnit4Provider.java:252)
	at org.apache.maven.surefire.junit4.JUnit4Provider.executeTestSet(JUnit4Provider.java:141)
	at org.apache.maven.surefire.junit4.JUnit4Provider.invoke(JUnit4Provider.java:112)
	at sun.reflect.NativeMethodAccessorImpl.invoke0(Native Method)
	at sun.reflect.NativeMethodAccessorImpl.invoke(NativeMethodAccessorImpl.java:57)
	at sun.reflect.DelegatingMethodAccessorImpl.invoke(DelegatingMethodAccessorImpl.java:43)
	at java.lang.reflect.Method.invoke(Method.java:606)
	at org.apache.maven.surefire.util.ReflectionUtils.invokeMethodWithArray(ReflectionUtils.java:189)
	at org.apache.maven.surefire.booter.ProviderFactory$ProviderProxy.invoke(ProviderFactory.java:165)
	at org.apache.maven.surefire.booter.ProviderFactory.invokeProvider(ProviderFactory.java:85)
	at org.apache.maven.surefire.booter.ForkedBooter.runSuitesInProcess(ForkedBooter.java:113)
	at org.apache.maven.surefire.booter.ForkedBooter.main(ForkedBooter.java:75)
</error>
    <system-out>welcome to mifos through excel
Cell One ... key=productname
918-RBI-EPP-DB-SAR-REC-NON-RNI-CTPD-DL-MD-TR-1-LateRepayment
918-RBI-EPP-DB-SAR-REC-NON-RNI-CTPD-DL-MD-TR-1-LateRepayment
</system-out>
  </testcase>
  <testcase time="0" classname="| 918-RBI-EPP-DB-SAR-REC-NON-RNI-CTPD-DL-MD-TR-1-LateRepayment-Loanproduct4.xlsx |" name="| 918-RBI-EPP-DB-SAR-REC-NON-RNI-CTPD-DL-MD-TR-1-LateRepayment-Loanproduct4.xlsx |">
    <error message="Timed out after 100 seconds waiting for visibility of element located by By.selector: legend.ng-binding
Build info: version: &apos;2.29.1&apos;, revision: &apos;dfb1306b85be4934d23c123122e06e602a15e446&apos;, time: &apos;2013-01-22 12:58:05&apos;
System info: os.name: &apos;Windows Server 2012&apos;, os.arch: &apos;amd64&apos;, os.version: &apos;6.2&apos;, java.version: &apos;1.7.0_51&apos;
Driver info: driver.version: unknown" type="org.openqa.selenium.TimeoutException">org.openqa.selenium.TimeoutException: Timed out after 100 seconds waiting for visibility of element located by By.selector: legend.ng-binding
Build info: version: &apos;2.29.1&apos;, revision: &apos;dfb1306b85be4934d23c123122e06e602a15e446&apos;, time: &apos;2013-01-22 12:58:05&apos;
System info: os.name: &apos;Windows Server 2012&apos;, os.arch: &apos;amd64&apos;, os.version: &apos;6.2&apos;, java.version: &apos;1.7.0_51&apos;
Driver info: driver.version: unknown
	at org.openqa.selenium.support.ui.FluentWait.timeoutException(FluentWait.java:259)
	at org.openqa.selenium.support.ui.FluentWait.until(FluentWait.java:228)
	at com.mifos.pages.MifosWebPage.waitForElementToBeVisible(MifosWebPage.java:210)
	at com.mifos.pages.MifosWebPage.getElement(MifosWebPage.java:699)
	at com.mifos.pages.MifosWebPage.getElement(MifosWebPage.java:684)
	at com.mifos.pages.MifosWebPage.getSingleText(MifosWebPage.java:941)
	at com.mifos.pages.MifosWebPage.validateSame(MifosWebPage.java:947)
	at com.mifos.pages.MifosWebPage.verifySuccessMessage(MifosWebPage.java:1815)
	at com.mifos.pages.FrontPage.verifyProductLoanExcelSheet(FrontPage.java:472)
	at com.mifos.steps.LoanProductSteps.I_should_see_product_loan_created_successfully(LoanProductSteps.java:27)
	at ✽.Then I should see product loan created successfully(LoanRBI.feature:18)
Caused by: org.openqa.selenium.NoSuchElementException: no such element
  (Session info: chrome=43.0.2357.124)
  (Driver info: chromedriver=2.8.241075,platform=Windows NT 6.3 x86_64) (WARNING: The server did not provide any stacktrace information)
Command duration or timeout: 30.05 seconds
For documentation on this error, please visit: http://seleniumhq.org/exceptions/no_such_element.html
Build info: version: &apos;2.29.1&apos;, revision: &apos;dfb1306b85be4934d23c123122e06e602a15e446&apos;, time: &apos;2013-01-22 12:58:05&apos;
System info: os.name: &apos;Windows Server 2012&apos;, os.arch: &apos;amd64&apos;, os.version: &apos;6.2&apos;, java.version: &apos;1.7.0_51&apos;
Session ID: 2f87b4f774e56404fea81288be22f4e2
Driver info: org.openqa.selenium.chrome.ChromeDriver
Capabilities [{platform=XP, acceptSslCerts=true, javascriptEnabled=true, browserName=chrome, chrome={userDataDir=C:\Users\ADMINI~1\AppData\Local\Temp\2\scoped_dir4548_8041}, rotatable=false, locationContextEnabled=true, version=43.0.2357.124, takesHeapSnapshot=true, cssSelectorsEnabled=true, databaseEnabled=false, handlesAlerts=true, browserConnectionEnabled=false, webStorageEnabled=true, nativeEvents=true, applicationCacheEnabled=false, takesScreenshot=true}]
	at sun.reflect.GeneratedConstructorAccessor53.newInstance(Unknown Source)
	at sun.reflect.DelegatingConstructorAccessorImpl.newInstance(DelegatingConstructorAccessorImpl.java:45)
	at java.lang.reflect.Constructor.newInstance(Constructor.java:526)
	at org.openqa.selenium.remote.ErrorHandler.createThrowable(ErrorHandler.java:187)
	at org.openqa.selenium.remote.ErrorHandler.throwIfResponseFailed(ErrorHandler.java:145)
	at org.openqa.selenium.remote.RemoteWebDriver.execute(RemoteWebDriver.java:554)
	at org.openqa.selenium.remote.RemoteWebDriver.findElement(RemoteWebDriver.java:307)
	at org.openqa.selenium.remote.RemoteWebDriver.findElementByCssSelector(RemoteWebDriver.java:396)
	at org.openqa.selenium.By$ByCssSelector.findElement(By.java:406)
	at org.openqa.selenium.remote.RemoteWebDriver.findElement(RemoteWebDriver.java:299)
	at sun.reflect.GeneratedMethodAccessor8.invoke(Unknown Source)
	at sun.reflect.DelegatingMethodAccessorImpl.invoke(DelegatingMethodAccessorImpl.java:43)
	at java.lang.reflect.Method.invoke(Method.java:606)
	at org.openqa.selenium.support.events.EventFiringWebDriver$2.invoke(EventFiringWebDriver.java:101)
	at com.sun.proxy.$Proxy16.findElement(Unknown Source)
	at org.openqa.selenium.support.events.EventFiringWebDriver.findElement(EventFiringWebDriver.java:180)
	at org.openqa.selenium.support.ui.ExpectedConditions.findElement(ExpectedConditions.java:523)
	at org.openqa.selenium.support.ui.ExpectedConditions.access$000(ExpectedConditions.java:39)
	at org.openqa.selenium.support.ui.ExpectedConditions$4.apply(ExpectedConditions.java:130)
	at org.openqa.selenium.support.ui.ExpectedConditions$4.apply(ExpectedConditions.java:126)
	at org.openqa.selenium.support.ui.FluentWait.until(FluentWait.java:208)
	at com.mifos.pages.MifosWebPage.waitForElementToBeVisible(MifosWebPage.java:210)
	at com.mifos.pages.MifosWebPage.getElement(MifosWebPage.java:699)
	at com.mifos.pages.MifosWebPage.getElement(MifosWebPage.java:684)
	at com.mifos.pages.MifosWebPage.getSingleText(MifosWebPage.java:941)
	at com.mifos.pages.MifosWebPage.validateSame(MifosWebPage.java:947)
	at com.mifos.pages.MifosWebPage.verifySuccessMessage(MifosWebPage.java:1815)
	at com.mifos.pages.FrontPage.verifyProductLoanExcelSheet(FrontPage.java:472)
	at com.mifos.steps.LoanProductSteps.I_should_see_product_loan_created_successfully(LoanProductSteps.java:27)
	at sun.reflect.GeneratedMethodAccessor59.invoke(Unknown Source)
	at sun.reflect.DelegatingMethodAccessorImpl.invoke(DelegatingMethodAccessorImpl.java:43)
	at java.lang.reflect.Method.invoke(Method.java:606)
	at cucumber.runtime.Utils$1.call(Utils.java:44)
	at cucumber.runtime.Timeout.timeout(Timeout.java:12)
	at cucumber.runtime.Utils.invoke(Utils.java:40)
	at cucumber.runtime.java.JavaStepDefinition.execute(JavaStepDefinition.java:35)
	at cucumber.runtime.StepDefinitionMatch.runStep(StepDefinitionMatch.java:38)
	at cucumber.runtime.Runtime.runStep(Runtime.java:268)
	at cucumber.runtime.model.StepContainer.runStep(StepContainer.java:45)
	at cucumber.runtime.model.StepContainer.runSteps(StepContainer.java:40)
	at cucumber.runtime.model.CucumberScenario.run(CucumberScenario.java:36)
	at cucumber.runtime.junit.ExecutionUnitRunner.run(ExecutionUnitRunner.java:83)
	at org.junit.runners.Suite.runChild(Suite.java:127)
	at org.junit.runners.Suite.runChild(Suite.java:26)
	at org.junit.runners.ParentRunner$3.run(ParentRunner.java:238)
	at org.junit.runners.ParentRunner$1.schedule(ParentRunner.java:63)
	at org.junit.runners.ParentRunner.runChildren(ParentRunner.java:236)
	at org.junit.runners.ParentRunner.access$000(ParentRunner.java:53)
	at org.junit.runners.ParentRunner$2.evaluate(ParentRunner.java:229)
	at org.junit.runners.ParentRunner.run(ParentRunner.java:309)
	at org.junit.runners.Suite.runChild(Suite.java:127)
	at org.junit.runners.Suite.runChild(Suite.java:26)
	at org.junit.runners.ParentRunner$3.run(ParentRunner.java:238)
	at org.junit.runners.ParentRunner$1.schedule(ParentRunner.java:63)
	at org.junit.runners.ParentRunner.runChildren(ParentRunner.java:236)
	at org.junit.runners.ParentRunner.access$000(ParentRunner.java:53)
	at org.junit.runners.ParentRunner$2.evaluate(ParentRunner.java:229)
	at org.junit.runners.ParentRunner.run(ParentRunner.java:309)
	at cucumber.runtime.junit.FeatureRunner.runChild(FeatureRunner.java:63)
	at cucumber.runtime.junit.FeatureRunner.runChild(FeatureRunner.java:18)
	at org.junit.runners.ParentRunner$3.run(ParentRunner.java:238)
	at org.junit.runners.ParentRunner$1.schedule(ParentRunner.java:63)
	at org.junit.runners.ParentRunner.runChildren(ParentRunner.java:236)
	at org.junit.runners.ParentRunner.access$000(ParentRunner.java:53)
	at org.junit.runners.ParentRunner$2.evaluate(ParentRunner.java:229)
	at org.junit.runners.ParentRunner.run(ParentRunner.java:309)
	at cucumber.runtime.junit.FeatureRunner.run(FeatureRunner.java:70)
	at cucumber.api.junit.Cucumber.runChild(Cucumber.java:77)
	at cucumber.api.junit.Cucumber.runChild(Cucumber.java:37)
	at org.junit.runners.ParentRunner$3.run(ParentRunner.java:238)
	at org.junit.runners.ParentRunner$1.schedule(ParentRunner.java:63)
	at org.junit.runners.ParentRunner.runChildren(ParentRunner.java:236)
	at org.junit.runners.ParentRunner.access$000(ParentRunner.java:53)
	at org.junit.runners.ParentRunner$2.evaluate(ParentRunner.java:229)
	at org.junit.runners.ParentRunner.run(ParentRunner.java:309)
	at cucumber.api.junit.Cucumber.run(Cucumber.java:82)
	at org.apache.maven.surefire.junit4.JUnit4Provider.execute(JUnit4Provider.java:252)
	at org.apache.maven.surefire.junit4.JUnit4Provider.executeTestSet(JUnit4Provider.java:141)
	at org.apache.maven.surefire.junit4.JUnit4Provider.invoke(JUnit4Provider.java:112)
	at sun.reflect.NativeMethodAccessorImpl.invoke0(Native Method)
	at sun.reflect.NativeMethodAccessorImpl.invoke(NativeMethodAccessorImpl.java:57)
	at sun.reflect.DelegatingMethodAccessorImpl.invoke(DelegatingMethodAccessorImpl.java:43)
	at java.lang.reflect.Method.invoke(Method.java:606)
	at org.apache.maven.surefire.util.ReflectionUtils.invokeMethodWithArray(ReflectionUtils.java:189)
	at org.apache.maven.surefire.booter.ProviderFactory$ProviderProxy.invoke(ProviderFactory.java:165)
	at org.apache.maven.surefire.booter.ProviderFactory.invokeProvider(ProviderFactory.java:85)
	at org.apache.maven.surefire.booter.ForkedBooter.runSuitesInProcess(ForkedBooter.java:113)
	at org.apache.maven.surefire.booter.ForkedBooter.main(ForkedBooter.java:75)
</error>
  </testcase>
  <testcase time="0" classname="| 919-RBI-EPP-DB-SAR-REC-NON-RNI-CTRFD-SAR-MD-TR-1-LateRepayment-Loanproduct4.xlsx |" name="Given I navigate to mifos"/>
  <testcase time="0" classname="| 919-RBI-EPP-DB-SAR-REC-NON-RNI-CTRFD-SAR-MD-TR-1-LateRepayment-Loanproduct4.xlsx |" name="And I use login folder"/>
  <testcase time="0" classname="| 919-RBI-EPP-DB-SAR-REC-NON-RNI-CTRFD-SAR-MD-TR-1-LateRepayment-Loanproduct4.xlsx |" name="When I login into mifos site using excel sheet"/>
  <testcase time="0" classname="| 919-RBI-EPP-DB-SAR-REC-NON-RNI-CTRFD-SAR-MD-TR-1-LateRepayment-Loanproduct4.xlsx |" name="Then I should see logged in successfully"/>
  <testcase time="0" classname="| 919-RBI-EPP-DB-SAR-REC-NON-RNI-CTRFD-SAR-MD-TR-1-LateRepayment-Loanproduct4.xlsx |" name="Given I setup the product loan"/>
  <testcase time="0" classname="| 919-RBI-EPP-DB-SAR-REC-NON-RNI-CTRFD-SAR-MD-TR-1-LateRepayment-Loanproduct4.xlsx |" name="And I entered the values into product loan using"/>
  <testcase time="0" classname="| 919-RBI-EPP-DB-SAR-REC-NON-RNI-CTRFD-SAR-MD-TR-1-LateRepayment-Loanproduct4.xlsx |" name="Then I should see product loan created successfully">
    <error message="Timed out after 100 seconds waiting for visibility of element located by By.selector: legend.ng-binding
Build info: version: &apos;2.29.1&apos;, revision: &apos;dfb1306b85be4934d23c123122e06e602a15e446&apos;, time: &apos;2013-01-22 12:58:05&apos;
System info: os.name: &apos;Windows Server 2012&apos;, os.arch: &apos;amd64&apos;, os.version: &apos;6.2&apos;, java.version: &apos;1.7.0_51&apos;
Driver info: driver.version: unknown" type="org.openqa.selenium.TimeoutException">org.openqa.selenium.TimeoutException: Timed out after 100 seconds waiting for visibility of element located by By.selector: legend.ng-binding
Build info: version: &apos;2.29.1&apos;, revision: &apos;dfb1306b85be4934d23c123122e06e602a15e446&apos;, time: &apos;2013-01-22 12:58:05&apos;
System info: os.name: &apos;Windows Server 2012&apos;, os.arch: &apos;amd64&apos;, os.version: &apos;6.2&apos;, java.version: &apos;1.7.0_51&apos;
Driver info: driver.version: unknown
	at org.openqa.selenium.support.ui.FluentWait.timeoutException(FluentWait.java:259)
	at org.openqa.selenium.support.ui.FluentWait.until(FluentWait.java:228)
	at com.mifos.pages.MifosWebPage.waitForElementToBeVisible(MifosWebPage.java:210)
	at com.mifos.pages.MifosWebPage.getElement(MifosWebPage.java:699)
	at com.mifos.pages.MifosWebPage.getElement(MifosWebPage.java:684)
	at com.mifos.pages.MifosWebPage.getSingleText(MifosWebPage.java:941)
	at com.mifos.pages.MifosWebPage.validateSame(MifosWebPage.java:947)
	at com.mifos.pages.MifosWebPage.verifySuccessMessage(MifosWebPage.java:1815)
	at com.mifos.pages.FrontPage.verifyProductLoanExcelSheet(FrontPage.java:472)
	at com.mifos.steps.LoanProductSteps.I_should_see_product_loan_created_successfully(LoanProductSteps.java:27)
	at ✽.Then I should see product loan created successfully(LoanRBI.feature:18)
Caused by: org.openqa.selenium.NoSuchElementException: no such element
  (Session info: chrome=43.0.2357.124)
  (Driver info: chromedriver=2.8.241075,platform=Windows NT 6.3 x86_64) (WARNING: The server did not provide any stacktrace information)
Command duration or timeout: 30.03 seconds
For documentation on this error, please visit: http://seleniumhq.org/exceptions/no_such_element.html
Build info: version: &apos;2.29.1&apos;, revision: &apos;dfb1306b85be4934d23c123122e06e602a15e446&apos;, time: &apos;2013-01-22 12:58:05&apos;
System info: os.name: &apos;Windows Server 2012&apos;, os.arch: &apos;amd64&apos;, os.version: &apos;6.2&apos;, java.version: &apos;1.7.0_51&apos;
Session ID: 09210550d0760e8b593b73fd8242ac33
Driver info: org.openqa.selenium.chrome.ChromeDriver
Capabilities [{platform=XP, acceptSslCerts=true, javascriptEnabled=true, browserName=chrome, chrome={userDataDir=C:\Users\ADMINI~1\AppData\Local\Temp\2\scoped_dir796_4884}, rotatable=false, locationContextEnabled=true, version=43.0.2357.124, takesHeapSnapshot=true, cssSelectorsEnabled=true, databaseEnabled=false, handlesAlerts=true, browserConnectionEnabled=false, webStorageEnabled=true, nativeEvents=true, applicationCacheEnabled=false, takesScreenshot=true}]
	at sun.reflect.GeneratedConstructorAccessor53.newInstance(Unknown Source)
	at sun.reflect.DelegatingConstructorAccessorImpl.newInstance(DelegatingConstructorAccessorImpl.java:45)
	at java.lang.reflect.Constructor.newInstance(Constructor.java:526)
	at org.openqa.selenium.remote.ErrorHandler.createThrowable(ErrorHandler.java:187)
	at org.openqa.selenium.remote.ErrorHandler.throwIfResponseFailed(ErrorHandler.java:145)
	at org.openqa.selenium.remote.RemoteWebDriver.execute(RemoteWebDriver.java:554)
	at org.openqa.selenium.remote.RemoteWebDriver.findElement(RemoteWebDriver.java:307)
	at org.openqa.selenium.remote.RemoteWebDriver.findElementByCssSelector(RemoteWebDriver.java:396)
	at org.openqa.selenium.By$ByCssSelector.findElement(By.java:406)
	at org.openqa.selenium.remote.RemoteWebDriver.findElement(RemoteWebDriver.java:299)
	at sun.reflect.GeneratedMethodAccessor8.invoke(Unknown Source)
	at sun.reflect.DelegatingMethodAccessorImpl.invoke(DelegatingMethodAccessorImpl.java:43)
	at java.lang.reflect.Method.invoke(Method.java:606)
	at org.openqa.selenium.support.events.EventFiringWebDriver$2.invoke(EventFiringWebDriver.java:101)
	at com.sun.proxy.$Proxy16.findElement(Unknown Source)
	at org.openqa.selenium.support.events.EventFiringWebDriver.findElement(EventFiringWebDriver.java:180)
	at org.openqa.selenium.support.ui.ExpectedConditions.findElement(ExpectedConditions.java:523)
	at org.openqa.selenium.support.ui.ExpectedConditions.access$000(ExpectedConditions.java:39)
	at org.openqa.selenium.support.ui.ExpectedConditions$4.apply(ExpectedConditions.java:130)
	at org.openqa.selenium.support.ui.ExpectedConditions$4.apply(ExpectedConditions.java:126)
	at org.openqa.selenium.support.ui.FluentWait.until(FluentWait.java:208)
	at com.mifos.pages.MifosWebPage.waitForElementToBeVisible(MifosWebPage.java:210)
	at com.mifos.pages.MifosWebPage.getElement(MifosWebPage.java:699)
	at com.mifos.pages.MifosWebPage.getElement(MifosWebPage.java:684)
	at com.mifos.pages.MifosWebPage.getSingleText(MifosWebPage.java:941)
	at com.mifos.pages.MifosWebPage.validateSame(MifosWebPage.java:947)
	at com.mifos.pages.MifosWebPage.verifySuccessMessage(MifosWebPage.java:1815)
	at com.mifos.pages.FrontPage.verifyProductLoanExcelSheet(FrontPage.java:472)
	at com.mifos.steps.LoanProductSteps.I_should_see_product_loan_created_successfully(LoanProductSteps.java:27)
	at sun.reflect.GeneratedMethodAccessor59.invoke(Unknown Source)
	at sun.reflect.DelegatingMethodAccessorImpl.invoke(DelegatingMethodAccessorImpl.java:43)
	at java.lang.reflect.Method.invoke(Method.java:606)
	at cucumber.runtime.Utils$1.call(Utils.java:44)
	at cucumber.runtime.Timeout.timeout(Timeout.java:12)
	at cucumber.runtime.Utils.invoke(Utils.java:40)
	at cucumber.runtime.java.JavaStepDefinition.execute(JavaStepDefinition.java:35)
	at cucumber.runtime.StepDefinitionMatch.runStep(StepDefinitionMatch.java:38)
	at cucumber.runtime.Runtime.runStep(Runtime.java:268)
	at cucumber.runtime.model.StepContainer.runStep(StepContainer.java:45)
	at cucumber.runtime.model.StepContainer.runSteps(StepContainer.java:40)
	at cucumber.runtime.model.CucumberScenario.run(CucumberScenario.java:36)
	at cucumber.runtime.junit.ExecutionUnitRunner.run(ExecutionUnitRunner.java:83)
	at org.junit.runners.Suite.runChild(Suite.java:127)
	at org.junit.runners.Suite.runChild(Suite.java:26)
	at org.junit.runners.ParentRunner$3.run(ParentRunner.java:238)
	at org.junit.runners.ParentRunner$1.schedule(ParentRunner.java:63)
	at org.junit.runners.ParentRunner.runChildren(ParentRunner.java:236)
	at org.junit.runners.ParentRunner.access$000(ParentRunner.java:53)
	at org.junit.runners.ParentRunner$2.evaluate(ParentRunner.java:229)
	at org.junit.runners.ParentRunner.run(ParentRunner.java:309)
	at org.junit.runners.Suite.runChild(Suite.java:127)
	at org.junit.runners.Suite.runChild(Suite.java:26)
	at org.junit.runners.ParentRunner$3.run(ParentRunner.java:238)
	at org.junit.runners.ParentRunner$1.schedule(ParentRunner.java:63)
	at org.junit.runners.ParentRunner.runChildren(ParentRunner.java:236)
	at org.junit.runners.ParentRunner.access$000(ParentRunner.java:53)
	at org.junit.runners.ParentRunner$2.evaluate(ParentRunner.java:229)
	at org.junit.runners.ParentRunner.run(ParentRunner.java:309)
	at cucumber.runtime.junit.FeatureRunner.runChild(FeatureRunner.java:63)
	at cucumber.runtime.junit.FeatureRunner.runChild(FeatureRunner.java:18)
	at org.junit.runners.ParentRunner$3.run(ParentRunner.java:238)
	at org.junit.runners.ParentRunner$1.schedule(ParentRunner.java:63)
	at org.junit.runners.ParentRunner.runChildren(ParentRunner.java:236)
	at org.junit.runners.ParentRunner.access$000(ParentRunner.java:53)
	at org.junit.runners.ParentRunner$2.evaluate(ParentRunner.java:229)
	at org.junit.runners.ParentRunner.run(ParentRunner.java:309)
	at cucumber.runtime.junit.FeatureRunner.run(FeatureRunner.java:70)
	at cucumber.api.junit.Cucumber.runChild(Cucumber.java:77)
	at cucumber.api.junit.Cucumber.runChild(Cucumber.java:37)
	at org.junit.runners.ParentRunner$3.run(ParentRunner.java:238)
	at org.junit.runners.ParentRunner$1.schedule(ParentRunner.java:63)
	at org.junit.runners.ParentRunner.runChildren(ParentRunner.java:236)
	at org.junit.runners.ParentRunner.access$000(ParentRunner.java:53)
	at org.junit.runners.ParentRunner$2.evaluate(ParentRunner.java:229)
	at org.junit.runners.ParentRunner.run(ParentRunner.java:309)
	at cucumber.api.junit.Cucumber.run(Cucumber.java:82)
	at org.apache.maven.surefire.junit4.JUnit4Provider.execute(JUnit4Provider.java:252)
	at org.apache.maven.surefire.junit4.JUnit4Provider.executeTestSet(JUnit4Provider.java:141)
	at org.apache.maven.surefire.junit4.JUnit4Provider.invoke(JUnit4Provider.java:112)
	at sun.reflect.NativeMethodAccessorImpl.invoke0(Native Method)
	at sun.reflect.NativeMethodAccessorImpl.invoke(NativeMethodAccessorImpl.java:57)
	at sun.reflect.DelegatingMethodAccessorImpl.invoke(DelegatingMethodAccessorImpl.java:43)
	at java.lang.reflect.Method.invoke(Method.java:606)
	at org.apache.maven.surefire.util.ReflectionUtils.invokeMethodWithArray(ReflectionUtils.java:189)
	at org.apache.maven.surefire.booter.ProviderFactory$ProviderProxy.invoke(ProviderFactory.java:165)
	at org.apache.maven.surefire.booter.ProviderFactory.invokeProvider(ProviderFactory.java:85)
	at org.apache.maven.surefire.booter.ForkedBooter.runSuitesInProcess(ForkedBooter.java:113)
	at org.apache.maven.surefire.booter.ForkedBooter.main(ForkedBooter.java:75)
</error>
    <system-out>welcome to mifos through excel
Cell One ... key=productname
919-RBI-EPP-DB-SAR-REC-NON-RNI-CTRFD-SAR-MD-TR-1-LateRepayment
919-RBI-EPP-DB-SAR-REC-NON-RNI-CTRFD-SAR-MD-TR-1-LateRepayment
</system-out>
  </testcase>
  <testcase time="0" classname="| 919-RBI-EPP-DB-SAR-REC-NON-RNI-CTRFD-SAR-MD-TR-1-LateRepayment-Loanproduct4.xlsx |" name="| 919-RBI-EPP-DB-SAR-REC-NON-RNI-CTRFD-SAR-MD-TR-1-LateRepayment-Loanproduct4.xlsx |">
    <error message="Timed out after 100 seconds waiting for visibility of element located by By.selector: legend.ng-binding
Build info: version: &apos;2.29.1&apos;, revision: &apos;dfb1306b85be4934d23c123122e06e602a15e446&apos;, time: &apos;2013-01-22 12:58:05&apos;
System info: os.name: &apos;Windows Server 2012&apos;, os.arch: &apos;amd64&apos;, os.version: &apos;6.2&apos;, java.version: &apos;1.7.0_51&apos;
Driver info: driver.version: unknown" type="org.openqa.selenium.TimeoutException">org.openqa.selenium.TimeoutException: Timed out after 100 seconds waiting for visibility of element located by By.selector: legend.ng-binding
Build info: version: &apos;2.29.1&apos;, revision: &apos;dfb1306b85be4934d23c123122e06e602a15e446&apos;, time: &apos;2013-01-22 12:58:05&apos;
System info: os.name: &apos;Windows Server 2012&apos;, os.arch: &apos;amd64&apos;, os.version: &apos;6.2&apos;, java.version: &apos;1.7.0_51&apos;
Driver info: driver.version: unknown
	at org.openqa.selenium.support.ui.FluentWait.timeoutException(FluentWait.java:259)
	at org.openqa.selenium.support.ui.FluentWait.until(FluentWait.java:228)
	at com.mifos.pages.MifosWebPage.waitForElementToBeVisible(MifosWebPage.java:210)
	at com.mifos.pages.MifosWebPage.getElement(MifosWebPage.java:699)
	at com.mifos.pages.MifosWebPage.getElement(MifosWebPage.java:684)
	at com.mifos.pages.MifosWebPage.getSingleText(MifosWebPage.java:941)
	at com.mifos.pages.MifosWebPage.validateSame(MifosWebPage.java:947)
	at com.mifos.pages.MifosWebPage.verifySuccessMessage(MifosWebPage.java:1815)
	at com.mifos.pages.FrontPage.verifyProductLoanExcelSheet(FrontPage.java:472)
	at com.mifos.steps.LoanProductSteps.I_should_see_product_loan_created_successfully(LoanProductSteps.java:27)
	at ✽.Then I should see product loan created successfully(LoanRBI.feature:18)
Caused by: org.openqa.selenium.NoSuchElementException: no such element
  (Session info: chrome=43.0.2357.124)
  (Driver info: chromedriver=2.8.241075,platform=Windows NT 6.3 x86_64) (WARNING: The server did not provide any stacktrace information)
Command duration or timeout: 30.03 seconds
For documentation on this error, please visit: http://seleniumhq.org/exceptions/no_such_element.html
Build info: version: &apos;2.29.1&apos;, revision: &apos;dfb1306b85be4934d23c123122e06e602a15e446&apos;, time: &apos;2013-01-22 12:58:05&apos;
System info: os.name: &apos;Windows Server 2012&apos;, os.arch: &apos;amd64&apos;, os.version: &apos;6.2&apos;, java.version: &apos;1.7.0_51&apos;
Session ID: 09210550d0760e8b593b73fd8242ac33
Driver info: org.openqa.selenium.chrome.ChromeDriver
Capabilities [{platform=XP, acceptSslCerts=true, javascriptEnabled=true, browserName=chrome, chrome={userDataDir=C:\Users\ADMINI~1\AppData\Local\Temp\2\scoped_dir796_4884}, rotatable=false, locationContextEnabled=true, version=43.0.2357.124, takesHeapSnapshot=true, cssSelectorsEnabled=true, databaseEnabled=false, handlesAlerts=true, browserConnectionEnabled=false, webStorageEnabled=true, nativeEvents=true, applicationCacheEnabled=false, takesScreenshot=true}]
	at sun.reflect.GeneratedConstructorAccessor53.newInstance(Unknown Source)
	at sun.reflect.DelegatingConstructorAccessorImpl.newInstance(DelegatingConstructorAccessorImpl.java:45)
	at java.lang.reflect.Constructor.newInstance(Constructor.java:526)
	at org.openqa.selenium.remote.ErrorHandler.createThrowable(ErrorHandler.java:187)
	at org.openqa.selenium.remote.ErrorHandler.throwIfResponseFailed(ErrorHandler.java:145)
	at org.openqa.selenium.remote.RemoteWebDriver.execute(RemoteWebDriver.java:554)
	at org.openqa.selenium.remote.RemoteWebDriver.findElement(RemoteWebDriver.java:307)
	at org.openqa.selenium.remote.RemoteWebDriver.findElementByCssSelector(RemoteWebDriver.java:396)
	at org.openqa.selenium.By$ByCssSelector.findElement(By.java:406)
	at org.openqa.selenium.remote.RemoteWebDriver.findElement(RemoteWebDriver.java:299)
	at sun.reflect.GeneratedMethodAccessor8.invoke(Unknown Source)
	at sun.reflect.DelegatingMethodAccessorImpl.invoke(DelegatingMethodAccessorImpl.java:43)
	at java.lang.reflect.Method.invoke(Method.java:606)
	at org.openqa.selenium.support.events.EventFiringWebDriver$2.invoke(EventFiringWebDriver.java:101)
	at com.sun.proxy.$Proxy16.findElement(Unknown Source)
	at org.openqa.selenium.support.events.EventFiringWebDriver.findElement(EventFiringWebDriver.java:180)
	at org.openqa.selenium.support.ui.ExpectedConditions.findElement(ExpectedConditions.java:523)
	at org.openqa.selenium.support.ui.ExpectedConditions.access$000(ExpectedConditions.java:39)
	at org.openqa.selenium.support.ui.ExpectedConditions$4.apply(ExpectedConditions.java:130)
	at org.openqa.selenium.support.ui.ExpectedConditions$4.apply(ExpectedConditions.java:126)
	at org.openqa.selenium.support.ui.FluentWait.until(FluentWait.java:208)
	at com.mifos.pages.MifosWebPage.waitForElementToBeVisible(MifosWebPage.java:210)
	at com.mifos.pages.MifosWebPage.getElement(MifosWebPage.java:699)
	at com.mifos.pages.MifosWebPage.getElement(MifosWebPage.java:684)
	at com.mifos.pages.MifosWebPage.getSingleText(MifosWebPage.java:941)
	at com.mifos.pages.MifosWebPage.validateSame(MifosWebPage.java:947)
	at com.mifos.pages.MifosWebPage.verifySuccessMessage(MifosWebPage.java:1815)
	at com.mifos.pages.FrontPage.verifyProductLoanExcelSheet(FrontPage.java:472)
	at com.mifos.steps.LoanProductSteps.I_should_see_product_loan_created_successfully(LoanProductSteps.java:27)
	at sun.reflect.GeneratedMethodAccessor59.invoke(Unknown Source)
	at sun.reflect.DelegatingMethodAccessorImpl.invoke(DelegatingMethodAccessorImpl.java:43)
	at java.lang.reflect.Method.invoke(Method.java:606)
	at cucumber.runtime.Utils$1.call(Utils.java:44)
	at cucumber.runtime.Timeout.timeout(Timeout.java:12)
	at cucumber.runtime.Utils.invoke(Utils.java:40)
	at cucumber.runtime.java.JavaStepDefinition.execute(JavaStepDefinition.java:35)
	at cucumber.runtime.StepDefinitionMatch.runStep(StepDefinitionMatch.java:38)
	at cucumber.runtime.Runtime.runStep(Runtime.java:268)
	at cucumber.runtime.model.StepContainer.runStep(StepContainer.java:45)
	at cucumber.runtime.model.StepContainer.runSteps(StepContainer.java:40)
	at cucumber.runtime.model.CucumberScenario.run(CucumberScenario.java:36)
	at cucumber.runtime.junit.ExecutionUnitRunner.run(ExecutionUnitRunner.java:83)
	at org.junit.runners.Suite.runChild(Suite.java:127)
	at org.junit.runners.Suite.runChild(Suite.java:26)
	at org.junit.runners.ParentRunner$3.run(ParentRunner.java:238)
	at org.junit.runners.ParentRunner$1.schedule(ParentRunner.java:63)
	at org.junit.runners.ParentRunner.runChildren(ParentRunner.java:236)
	at org.junit.runners.ParentRunner.access$000(ParentRunner.java:53)
	at org.junit.runners.ParentRunner$2.evaluate(ParentRunner.java:229)
	at org.junit.runners.ParentRunner.run(ParentRunner.java:309)
	at org.junit.runners.Suite.runChild(Suite.java:127)
	at org.junit.runners.Suite.runChild(Suite.java:26)
	at org.junit.runners.ParentRunner$3.run(ParentRunner.java:238)
	at org.junit.runners.ParentRunner$1.schedule(ParentRunner.java:63)
	at org.junit.runners.ParentRunner.runChildren(ParentRunner.java:236)
	at org.junit.runners.ParentRunner.access$000(ParentRunner.java:53)
	at org.junit.runners.ParentRunner$2.evaluate(ParentRunner.java:229)
	at org.junit.runners.ParentRunner.run(ParentRunner.java:309)
	at cucumber.runtime.junit.FeatureRunner.runChild(FeatureRunner.java:63)
	at cucumber.runtime.junit.FeatureRunner.runChild(FeatureRunner.java:18)
	at org.junit.runners.ParentRunner$3.run(ParentRunner.java:238)
	at org.junit.runners.ParentRunner$1.schedule(ParentRunner.java:63)
	at org.junit.runners.ParentRunner.runChildren(ParentRunner.java:236)
	at org.junit.runners.ParentRunner.access$000(ParentRunner.java:53)
	at org.junit.runners.ParentRunner$2.evaluate(ParentRunner.java:229)
	at org.junit.runners.ParentRunner.run(ParentRunner.java:309)
	at cucumber.runtime.junit.FeatureRunner.run(FeatureRunner.java:70)
	at cucumber.api.junit.Cucumber.runChild(Cucumber.java:77)
	at cucumber.api.junit.Cucumber.runChild(Cucumber.java:37)
	at org.junit.runners.ParentRunner$3.run(ParentRunner.java:238)
	at org.junit.runners.ParentRunner$1.schedule(ParentRunner.java:63)
	at org.junit.runners.ParentRunner.runChildren(ParentRunner.java:236)
	at org.junit.runners.ParentRunner.access$000(ParentRunner.java:53)
	at org.junit.runners.ParentRunner$2.evaluate(ParentRunner.java:229)
	at org.junit.runners.ParentRunner.run(ParentRunner.java:309)
	at cucumber.api.junit.Cucumber.run(Cucumber.java:82)
	at org.apache.maven.surefire.junit4.JUnit4Provider.execute(JUnit4Provider.java:252)
	at org.apache.maven.surefire.junit4.JUnit4Provider.executeTestSet(JUnit4Provider.java:141)
	at org.apache.maven.surefire.junit4.JUnit4Provider.invoke(JUnit4Provider.java:112)
	at sun.reflect.NativeMethodAccessorImpl.invoke0(Native Method)
	at sun.reflect.NativeMethodAccessorImpl.invoke(NativeMethodAccessorImpl.java:57)
	at sun.reflect.DelegatingMethodAccessorImpl.invoke(DelegatingMethodAccessorImpl.java:43)
	at java.lang.reflect.Method.invoke(Method.java:606)
	at org.apache.maven.surefire.util.ReflectionUtils.invokeMethodWithArray(ReflectionUtils.java:189)
	at org.apache.maven.surefire.booter.ProviderFactory$ProviderProxy.invoke(ProviderFactory.java:165)
	at org.apache.maven.surefire.booter.ProviderFactory.invokeProvider(ProviderFactory.java:85)
	at org.apache.maven.surefire.booter.ForkedBooter.runSuitesInProcess(ForkedBooter.java:113)
	at org.apache.maven.surefire.booter.ForkedBooter.main(ForkedBooter.java:75)
</error>
  </testcase>
  <testcase time="0" classname="| 920-RBI-EPP-DB-SAR-REC-NON-RNI-CTRFD-DL-MD-TR-1-LateRepayment-Loanproduct4.xlsx |" name="Given I navigate to mifos"/>
  <testcase time="0" classname="| 920-RBI-EPP-DB-SAR-REC-NON-RNI-CTRFD-DL-MD-TR-1-LateRepayment-Loanproduct4.xlsx |" name="And I use login folder"/>
  <testcase time="0" classname="| 920-RBI-EPP-DB-SAR-REC-NON-RNI-CTRFD-DL-MD-TR-1-LateRepayment-Loanproduct4.xlsx |" name="When I login into mifos site using excel sheet"/>
  <testcase time="0" classname="| 920-RBI-EPP-DB-SAR-REC-NON-RNI-CTRFD-DL-MD-TR-1-LateRepayment-Loanproduct4.xlsx |" name="Then I should see logged in successfully"/>
  <testcase time="0" classname="| 920-RBI-EPP-DB-SAR-REC-NON-RNI-CTRFD-DL-MD-TR-1-LateRepayment-Loanproduct4.xlsx |" name="Given I setup the product loan"/>
  <testcase time="0" classname="| 920-RBI-EPP-DB-SAR-REC-NON-RNI-CTRFD-DL-MD-TR-1-LateRepayment-Loanproduct4.xlsx |" name="And I entered the values into product loan using"/>
  <testcase time="0" classname="| 920-RBI-EPP-DB-SAR-REC-NON-RNI-CTRFD-DL-MD-TR-1-LateRepayment-Loanproduct4.xlsx |" name="Then I should see product loan created successfully">
    <error message="Timed out after 100 seconds waiting for visibility of element located by By.selector: legend.ng-binding
Build info: version: &apos;2.29.1&apos;, revision: &apos;dfb1306b85be4934d23c123122e06e602a15e446&apos;, time: &apos;2013-01-22 12:58:05&apos;
System info: os.name: &apos;Windows Server 2012&apos;, os.arch: &apos;amd64&apos;, os.version: &apos;6.2&apos;, java.version: &apos;1.7.0_51&apos;
Driver info: driver.version: unknown" type="org.openqa.selenium.TimeoutException">org.openqa.selenium.TimeoutException: Timed out after 100 seconds waiting for visibility of element located by By.selector: legend.ng-binding
Build info: version: &apos;2.29.1&apos;, revision: &apos;dfb1306b85be4934d23c123122e06e602a15e446&apos;, time: &apos;2013-01-22 12:58:05&apos;
System info: os.name: &apos;Windows Server 2012&apos;, os.arch: &apos;amd64&apos;, os.version: &apos;6.2&apos;, java.version: &apos;1.7.0_51&apos;
Driver info: driver.version: unknown
	at org.openqa.selenium.support.ui.FluentWait.timeoutException(FluentWait.java:259)
	at org.openqa.selenium.support.ui.FluentWait.until(FluentWait.java:228)
	at com.mifos.pages.MifosWebPage.waitForElementToBeVisible(MifosWebPage.java:210)
	at com.mifos.pages.MifosWebPage.getElement(MifosWebPage.java:699)
	at com.mifos.pages.MifosWebPage.getElement(MifosWebPage.java:684)
	at com.mifos.pages.MifosWebPage.getSingleText(MifosWebPage.java:941)
	at com.mifos.pages.MifosWebPage.validateSame(MifosWebPage.java:947)
	at com.mifos.pages.MifosWebPage.verifySuccessMessage(MifosWebPage.java:1815)
	at com.mifos.pages.FrontPage.verifyProductLoanExcelSheet(FrontPage.java:472)
	at com.mifos.steps.LoanProductSteps.I_should_see_product_loan_created_successfully(LoanProductSteps.java:27)
	at ✽.Then I should see product loan created successfully(LoanRBI.feature:18)
Caused by: org.openqa.selenium.NoSuchElementException: no such element
  (Session info: chrome=43.0.2357.124)
  (Driver info: chromedriver=2.8.241075,platform=Windows NT 6.3 x86_64) (WARNING: The server did not provide any stacktrace information)
Command duration or timeout: 30.05 seconds
For documentation on this error, please visit: http://seleniumhq.org/exceptions/no_such_element.html
Build info: version: &apos;2.29.1&apos;, revision: &apos;dfb1306b85be4934d23c123122e06e602a15e446&apos;, time: &apos;2013-01-22 12:58:05&apos;
System info: os.name: &apos;Windows Server 2012&apos;, os.arch: &apos;amd64&apos;, os.version: &apos;6.2&apos;, java.version: &apos;1.7.0_51&apos;
Session ID: d036a95137b1804250a1fbf373f65d6d
Driver info: org.openqa.selenium.chrome.ChromeDriver
Capabilities [{platform=XP, acceptSslCerts=true, javascriptEnabled=true, browserName=chrome, chrome={userDataDir=C:\Users\ADMINI~1\AppData\Local\Temp\2\scoped_dir2536_8430}, rotatable=false, locationContextEnabled=true, version=43.0.2357.124, takesHeapSnapshot=true, cssSelectorsEnabled=true, databaseEnabled=false, handlesAlerts=true, browserConnectionEnabled=false, webStorageEnabled=true, nativeEvents=true, applicationCacheEnabled=false, takesScreenshot=true}]
	at sun.reflect.GeneratedConstructorAccessor53.newInstance(Unknown Source)
	at sun.reflect.DelegatingConstructorAccessorImpl.newInstance(DelegatingConstructorAccessorImpl.java:45)
	at java.lang.reflect.Constructor.newInstance(Constructor.java:526)
	at org.openqa.selenium.remote.ErrorHandler.createThrowable(ErrorHandler.java:187)
	at org.openqa.selenium.remote.ErrorHandler.throwIfResponseFailed(ErrorHandler.java:145)
	at org.openqa.selenium.remote.RemoteWebDriver.execute(RemoteWebDriver.java:554)
	at org.openqa.selenium.remote.RemoteWebDriver.findElement(RemoteWebDriver.java:307)
	at org.openqa.selenium.remote.RemoteWebDriver.findElementByCssSelector(RemoteWebDriver.java:396)
	at org.openqa.selenium.By$ByCssSelector.findElement(By.java:406)
	at org.openqa.selenium.remote.RemoteWebDriver.findElement(RemoteWebDriver.java:299)
	at sun.reflect.GeneratedMethodAccessor8.invoke(Unknown Source)
	at sun.reflect.DelegatingMethodAccessorImpl.invoke(DelegatingMethodAccessorImpl.java:43)
	at java.lang.reflect.Method.invoke(Method.java:606)
	at org.openqa.selenium.support.events.EventFiringWebDriver$2.invoke(EventFiringWebDriver.java:101)
	at com.sun.proxy.$Proxy16.findElement(Unknown Source)
	at org.openqa.selenium.support.events.EventFiringWebDriver.findElement(EventFiringWebDriver.java:180)
	at org.openqa.selenium.support.ui.ExpectedConditions.findElement(ExpectedConditions.java:523)
	at org.openqa.selenium.support.ui.ExpectedConditions.access$000(ExpectedConditions.java:39)
	at org.openqa.selenium.support.ui.ExpectedConditions$4.apply(ExpectedConditions.java:130)
	at org.openqa.selenium.support.ui.ExpectedConditions$4.apply(ExpectedConditions.java:126)
	at org.openqa.selenium.support.ui.FluentWait.until(FluentWait.java:208)
	at com.mifos.pages.MifosWebPage.waitForElementToBeVisible(MifosWebPage.java:210)
	at com.mifos.pages.MifosWebPage.getElement(MifosWebPage.java:699)
	at com.mifos.pages.MifosWebPage.getElement(MifosWebPage.java:684)
	at com.mifos.pages.MifosWebPage.getSingleText(MifosWebPage.java:941)
	at com.mifos.pages.MifosWebPage.validateSame(MifosWebPage.java:947)
	at com.mifos.pages.MifosWebPage.verifySuccessMessage(MifosWebPage.java:1815)
	at com.mifos.pages.FrontPage.verifyProductLoanExcelSheet(FrontPage.java:472)
	at com.mifos.steps.LoanProductSteps.I_should_see_product_loan_created_successfully(LoanProductSteps.java:27)
	at sun.reflect.GeneratedMethodAccessor59.invoke(Unknown Source)
	at sun.reflect.DelegatingMethodAccessorImpl.invoke(DelegatingMethodAccessorImpl.java:43)
	at java.lang.reflect.Method.invoke(Method.java:606)
	at cucumber.runtime.Utils$1.call(Utils.java:44)
	at cucumber.runtime.Timeout.timeout(Timeout.java:12)
	at cucumber.runtime.Utils.invoke(Utils.java:40)
	at cucumber.runtime.java.JavaStepDefinition.execute(JavaStepDefinition.java:35)
	at cucumber.runtime.StepDefinitionMatch.runStep(StepDefinitionMatch.java:38)
	at cucumber.runtime.Runtime.runStep(Runtime.java:268)
	at cucumber.runtime.model.StepContainer.runStep(StepContainer.java:45)
	at cucumber.runtime.model.StepContainer.runSteps(StepContainer.java:40)
	at cucumber.runtime.model.CucumberScenario.run(CucumberScenario.java:36)
	at cucumber.runtime.junit.ExecutionUnitRunner.run(ExecutionUnitRunner.java:83)
	at org.junit.runners.Suite.runChild(Suite.java:127)
	at org.junit.runners.Suite.runChild(Suite.java:26)
	at org.junit.runners.ParentRunner$3.run(ParentRunner.java:238)
	at org.junit.runners.ParentRunner$1.schedule(ParentRunner.java:63)
	at org.junit.runners.ParentRunner.runChildren(ParentRunner.java:236)
	at org.junit.runners.ParentRunner.access$000(ParentRunner.java:53)
	at org.junit.runners.ParentRunner$2.evaluate(ParentRunner.java:229)
	at org.junit.runners.ParentRunner.run(ParentRunner.java:309)
	at org.junit.runners.Suite.runChild(Suite.java:127)
	at org.junit.runners.Suite.runChild(Suite.java:26)
	at org.junit.runners.ParentRunner$3.run(ParentRunner.java:238)
	at org.junit.runners.ParentRunner$1.schedule(ParentRunner.java:63)
	at org.junit.runners.ParentRunner.runChildren(ParentRunner.java:236)
	at org.junit.runners.ParentRunner.access$000(ParentRunner.java:53)
	at org.junit.runners.ParentRunner$2.evaluate(ParentRunner.java:229)
	at org.junit.runners.ParentRunner.run(ParentRunner.java:309)
	at cucumber.runtime.junit.FeatureRunner.runChild(FeatureRunner.java:63)
	at cucumber.runtime.junit.FeatureRunner.runChild(FeatureRunner.java:18)
	at org.junit.runners.ParentRunner$3.run(ParentRunner.java:238)
	at org.junit.runners.ParentRunner$1.schedule(ParentRunner.java:63)
	at org.junit.runners.ParentRunner.runChildren(ParentRunner.java:236)
	at org.junit.runners.ParentRunner.access$000(ParentRunner.java:53)
	at org.junit.runners.ParentRunner$2.evaluate(ParentRunner.java:229)
	at org.junit.runners.ParentRunner.run(ParentRunner.java:309)
	at cucumber.runtime.junit.FeatureRunner.run(FeatureRunner.java:70)
	at cucumber.api.junit.Cucumber.runChild(Cucumber.java:77)
	at cucumber.api.junit.Cucumber.runChild(Cucumber.java:37)
	at org.junit.runners.ParentRunner$3.run(ParentRunner.java:238)
	at org.junit.runners.ParentRunner$1.schedule(ParentRunner.java:63)
	at org.junit.runners.ParentRunner.runChildren(ParentRunner.java:236)
	at org.junit.runners.ParentRunner.access$000(ParentRunner.java:53)
	at org.junit.runners.ParentRunner$2.evaluate(ParentRunner.java:229)
	at org.junit.runners.ParentRunner.run(ParentRunner.java:309)
	at cucumber.api.junit.Cucumber.run(Cucumber.java:82)
	at org.apache.maven.surefire.junit4.JUnit4Provider.execute(JUnit4Provider.java:252)
	at org.apache.maven.surefire.junit4.JUnit4Provider.executeTestSet(JUnit4Provider.java:141)
	at org.apache.maven.surefire.junit4.JUnit4Provider.invoke(JUnit4Provider.java:112)
	at sun.reflect.NativeMethodAccessorImpl.invoke0(Native Method)
	at sun.reflect.NativeMethodAccessorImpl.invoke(NativeMethodAccessorImpl.java:57)
	at sun.reflect.DelegatingMethodAccessorImpl.invoke(DelegatingMethodAccessorImpl.java:43)
	at java.lang.reflect.Method.invoke(Method.java:606)
	at org.apache.maven.surefire.util.ReflectionUtils.invokeMethodWithArray(ReflectionUtils.java:189)
	at org.apache.maven.surefire.booter.ProviderFactory$ProviderProxy.invoke(ProviderFactory.java:165)
	at org.apache.maven.surefire.booter.ProviderFactory.invokeProvider(ProviderFactory.java:85)
	at org.apache.maven.surefire.booter.ForkedBooter.runSuitesInProcess(ForkedBooter.java:113)
	at org.apache.maven.surefire.booter.ForkedBooter.main(ForkedBooter.java:75)
</error>
    <system-out>welcome to mifos through excel
Cell One ... key=productname
920-RBI-EPP-DB-SAR-REC-NON-RNI-CTRFD-DL-MD-TR-1-LateRepayment
920-RBI-EPP-DB-SAR-REC-NON-RNI-CTRFD-DL-MD-TR-1-LateRepayment
</system-out>
  </testcase>
  <testcase time="0" classname="| 920-RBI-EPP-DB-SAR-REC-NON-RNI-CTRFD-DL-MD-TR-1-LateRepayment-Loanproduct4.xlsx |" name="| 920-RBI-EPP-DB-SAR-REC-NON-RNI-CTRFD-DL-MD-TR-1-LateRepayment-Loanproduct4.xlsx |">
    <error message="Timed out after 100 seconds waiting for visibility of element located by By.selector: legend.ng-binding
Build info: version: &apos;2.29.1&apos;, revision: &apos;dfb1306b85be4934d23c123122e06e602a15e446&apos;, time: &apos;2013-01-22 12:58:05&apos;
System info: os.name: &apos;Windows Server 2012&apos;, os.arch: &apos;amd64&apos;, os.version: &apos;6.2&apos;, java.version: &apos;1.7.0_51&apos;
Driver info: driver.version: unknown" type="org.openqa.selenium.TimeoutException">org.openqa.selenium.TimeoutException: Timed out after 100 seconds waiting for visibility of element located by By.selector: legend.ng-binding
Build info: version: &apos;2.29.1&apos;, revision: &apos;dfb1306b85be4934d23c123122e06e602a15e446&apos;, time: &apos;2013-01-22 12:58:05&apos;
System info: os.name: &apos;Windows Server 2012&apos;, os.arch: &apos;amd64&apos;, os.version: &apos;6.2&apos;, java.version: &apos;1.7.0_51&apos;
Driver info: driver.version: unknown
	at org.openqa.selenium.support.ui.FluentWait.timeoutException(FluentWait.java:259)
	at org.openqa.selenium.support.ui.FluentWait.until(FluentWait.java:228)
	at com.mifos.pages.MifosWebPage.waitForElementToBeVisible(MifosWebPage.java:210)
	at com.mifos.pages.MifosWebPage.getElement(MifosWebPage.java:699)
	at com.mifos.pages.MifosWebPage.getElement(MifosWebPage.java:684)
	at com.mifos.pages.MifosWebPage.getSingleText(MifosWebPage.java:941)
	at com.mifos.pages.MifosWebPage.validateSame(MifosWebPage.java:947)
	at com.mifos.pages.MifosWebPage.verifySuccessMessage(MifosWebPage.java:1815)
	at com.mifos.pages.FrontPage.verifyProductLoanExcelSheet(FrontPage.java:472)
	at com.mifos.steps.LoanProductSteps.I_should_see_product_loan_created_successfully(LoanProductSteps.java:27)
	at ✽.Then I should see product loan created successfully(LoanRBI.feature:18)
Caused by: org.openqa.selenium.NoSuchElementException: no such element
  (Session info: chrome=43.0.2357.124)
  (Driver info: chromedriver=2.8.241075,platform=Windows NT 6.3 x86_64) (WARNING: The server did not provide any stacktrace information)
Command duration or timeout: 30.05 seconds
For documentation on this error, please visit: http://seleniumhq.org/exceptions/no_such_element.html
Build info: version: &apos;2.29.1&apos;, revision: &apos;dfb1306b85be4934d23c123122e06e602a15e446&apos;, time: &apos;2013-01-22 12:58:05&apos;
System info: os.name: &apos;Windows Server 2012&apos;, os.arch: &apos;amd64&apos;, os.version: &apos;6.2&apos;, java.version: &apos;1.7.0_51&apos;
Session ID: d036a95137b1804250a1fbf373f65d6d
Driver info: org.openqa.selenium.chrome.ChromeDriver
Capabilities [{platform=XP, acceptSslCerts=true, javascriptEnabled=true, browserName=chrome, chrome={userDataDir=C:\Users\ADMINI~1\AppData\Local\Temp\2\scoped_dir2536_8430}, rotatable=false, locationContextEnabled=true, version=43.0.2357.124, takesHeapSnapshot=true, cssSelectorsEnabled=true, databaseEnabled=false, handlesAlerts=true, browserConnectionEnabled=false, webStorageEnabled=true, nativeEvents=true, applicationCacheEnabled=false, takesScreenshot=true}]
	at sun.reflect.GeneratedConstructorAccessor53.newInstance(Unknown Source)
	at sun.reflect.DelegatingConstructorAccessorImpl.newInstance(DelegatingConstructorAccessorImpl.java:45)
	at java.lang.reflect.Constructor.newInstance(Constructor.java:526)
	at org.openqa.selenium.remote.ErrorHandler.createThrowable(ErrorHandler.java:187)
	at org.openqa.selenium.remote.ErrorHandler.throwIfResponseFailed(ErrorHandler.java:145)
	at org.openqa.selenium.remote.RemoteWebDriver.execute(RemoteWebDriver.java:554)
	at org.openqa.selenium.remote.RemoteWebDriver.findElement(RemoteWebDriver.java:307)
	at org.openqa.selenium.remote.RemoteWebDriver.findElementByCssSelector(RemoteWebDriver.java:396)
	at org.openqa.selenium.By$ByCssSelector.findElement(By.java:406)
	at org.openqa.selenium.remote.RemoteWebDriver.findElement(RemoteWebDriver.java:299)
	at sun.reflect.GeneratedMethodAccessor8.invoke(Unknown Source)
	at sun.reflect.DelegatingMethodAccessorImpl.invoke(DelegatingMethodAccessorImpl.java:43)
	at java.lang.reflect.Method.invoke(Method.java:606)
	at org.openqa.selenium.support.events.EventFiringWebDriver$2.invoke(EventFiringWebDriver.java:101)
	at com.sun.proxy.$Proxy16.findElement(Unknown Source)
	at org.openqa.selenium.support.events.EventFiringWebDriver.findElement(EventFiringWebDriver.java:180)
	at org.openqa.selenium.support.ui.ExpectedConditions.findElement(ExpectedConditions.java:523)
	at org.openqa.selenium.support.ui.ExpectedConditions.access$000(ExpectedConditions.java:39)
	at org.openqa.selenium.support.ui.ExpectedConditions$4.apply(ExpectedConditions.java:130)
	at org.openqa.selenium.support.ui.ExpectedConditions$4.apply(ExpectedConditions.java:126)
	at org.openqa.selenium.support.ui.FluentWait.until(FluentWait.java:208)
	at com.mifos.pages.MifosWebPage.waitForElementToBeVisible(MifosWebPage.java:210)
	at com.mifos.pages.MifosWebPage.getElement(MifosWebPage.java:699)
	at com.mifos.pages.MifosWebPage.getElement(MifosWebPage.java:684)
	at com.mifos.pages.MifosWebPage.getSingleText(MifosWebPage.java:941)
	at com.mifos.pages.MifosWebPage.validateSame(MifosWebPage.java:947)
	at com.mifos.pages.MifosWebPage.verifySuccessMessage(MifosWebPage.java:1815)
	at com.mifos.pages.FrontPage.verifyProductLoanExcelSheet(FrontPage.java:472)
	at com.mifos.steps.LoanProductSteps.I_should_see_product_loan_created_successfully(LoanProductSteps.java:27)
	at sun.reflect.GeneratedMethodAccessor59.invoke(Unknown Source)
	at sun.reflect.DelegatingMethodAccessorImpl.invoke(DelegatingMethodAccessorImpl.java:43)
	at java.lang.reflect.Method.invoke(Method.java:606)
	at cucumber.runtime.Utils$1.call(Utils.java:44)
	at cucumber.runtime.Timeout.timeout(Timeout.java:12)
	at cucumber.runtime.Utils.invoke(Utils.java:40)
	at cucumber.runtime.java.JavaStepDefinition.execute(JavaStepDefinition.java:35)
	at cucumber.runtime.StepDefinitionMatch.runStep(StepDefinitionMatch.java:38)
	at cucumber.runtime.Runtime.runStep(Runtime.java:268)
	at cucumber.runtime.model.StepContainer.runStep(StepContainer.java:45)
	at cucumber.runtime.model.StepContainer.runSteps(StepContainer.java:40)
	at cucumber.runtime.model.CucumberScenario.run(CucumberScenario.java:36)
	at cucumber.runtime.junit.ExecutionUnitRunner.run(ExecutionUnitRunner.java:83)
	at org.junit.runners.Suite.runChild(Suite.java:127)
	at org.junit.runners.Suite.runChild(Suite.java:26)
	at org.junit.runners.ParentRunner$3.run(ParentRunner.java:238)
	at org.junit.runners.ParentRunner$1.schedule(ParentRunner.java:63)
	at org.junit.runners.ParentRunner.runChildren(ParentRunner.java:236)
	at org.junit.runners.ParentRunner.access$000(ParentRunner.java:53)
	at org.junit.runners.ParentRunner$2.evaluate(ParentRunner.java:229)
	at org.junit.runners.ParentRunner.run(ParentRunner.java:309)
	at org.junit.runners.Suite.runChild(Suite.java:127)
	at org.junit.runners.Suite.runChild(Suite.java:26)
	at org.junit.runners.ParentRunner$3.run(ParentRunner.java:238)
	at org.junit.runners.ParentRunner$1.schedule(ParentRunner.java:63)
	at org.junit.runners.ParentRunner.runChildren(ParentRunner.java:236)
	at org.junit.runners.ParentRunner.access$000(ParentRunner.java:53)
	at org.junit.runners.ParentRunner$2.evaluate(ParentRunner.java:229)
	at org.junit.runners.ParentRunner.run(ParentRunner.java:309)
	at cucumber.runtime.junit.FeatureRunner.runChild(FeatureRunner.java:63)
	at cucumber.runtime.junit.FeatureRunner.runChild(FeatureRunner.java:18)
	at org.junit.runners.ParentRunner$3.run(ParentRunner.java:238)
	at org.junit.runners.ParentRunner$1.schedule(ParentRunner.java:63)
	at org.junit.runners.ParentRunner.runChildren(ParentRunner.java:236)
	at org.junit.runners.ParentRunner.access$000(ParentRunner.java:53)
	at org.junit.runners.ParentRunner$2.evaluate(ParentRunner.java:229)
	at org.junit.runners.ParentRunner.run(ParentRunner.java:309)
	at cucumber.runtime.junit.FeatureRunner.run(FeatureRunner.java:70)
	at cucumber.api.junit.Cucumber.runChild(Cucumber.java:77)
	at cucumber.api.junit.Cucumber.runChild(Cucumber.java:37)
	at org.junit.runners.ParentRunner$3.run(ParentRunner.java:238)
	at org.junit.runners.ParentRunner$1.schedule(ParentRunner.java:63)
	at org.junit.runners.ParentRunner.runChildren(ParentRunner.java:236)
	at org.junit.runners.ParentRunner.access$000(ParentRunner.java:53)
	at org.junit.runners.ParentRunner$2.evaluate(ParentRunner.java:229)
	at org.junit.runners.ParentRunner.run(ParentRunner.java:309)
	at cucumber.api.junit.Cucumber.run(Cucumber.java:82)
	at org.apache.maven.surefire.junit4.JUnit4Provider.execute(JUnit4Provider.java:252)
	at org.apache.maven.surefire.junit4.JUnit4Provider.executeTestSet(JUnit4Provider.java:141)
	at org.apache.maven.surefire.junit4.JUnit4Provider.invoke(JUnit4Provider.java:112)
	at sun.reflect.NativeMethodAccessorImpl.invoke0(Native Method)
	at sun.reflect.NativeMethodAccessorImpl.invoke(NativeMethodAccessorImpl.java:57)
	at sun.reflect.DelegatingMethodAccessorImpl.invoke(DelegatingMethodAccessorImpl.java:43)
	at java.lang.reflect.Method.invoke(Method.java:606)
	at org.apache.maven.surefire.util.ReflectionUtils.invokeMethodWithArray(ReflectionUtils.java:189)
	at org.apache.maven.surefire.booter.ProviderFactory$ProviderProxy.invoke(ProviderFactory.java:165)
	at org.apache.maven.surefire.booter.ProviderFactory.invokeProvider(ProviderFactory.java:85)
	at org.apache.maven.surefire.booter.ForkedBooter.runSuitesInProcess(ForkedBooter.java:113)
	at org.apache.maven.surefire.booter.ForkedBooter.main(ForkedBooter.java:75)
</error>
  </testcase>
  <testcase time="0" classname="Scenario: Loan-389-RBI-EI-DB-DL-REC-NON-RNI-CTPD-SAR-MD-TR-1-EarlyRePayment" name="Given I navigate to mifos"/>
  <testcase time="0" classname="Scenario: Loan-389-RBI-EI-DB-DL-REC-NON-RNI-CTPD-SAR-MD-TR-1-EarlyRePayment" name="And I use login folder"/>
  <testcase time="0" classname="Scenario: Loan-389-RBI-EI-DB-DL-REC-NON-RNI-CTPD-SAR-MD-TR-1-EarlyRePayment" name="When I login into mifos site using excel sheet"/>
  <testcase time="0" classname="Scenario: Loan-389-RBI-EI-DB-DL-REC-NON-RNI-CTPD-SAR-MD-TR-1-EarlyRePayment" name="Then I should see logged in successfully"/>
  <testcase time="0" classname="Scenario: Loan-389-RBI-EI-DB-DL-REC-NON-RNI-CTPD-SAR-MD-TR-1-EarlyRePayment" name="Given I setup the clients"/>
  <testcase time="0" classname="Scenario: Loan-389-RBI-EI-DB-DL-REC-NON-RNI-CTPD-SAR-MD-TR-1-EarlyRePayment" name="When I entered the values into client form using"/>
  <testcase time="0" classname="Scenario: Loan-389-RBI-EI-DB-DL-REC-NON-RNI-CTPD-SAR-MD-TR-1-EarlyRePayment" name="Then I should see client created successfully"/>
  <testcase time="0" classname="Scenario: Loan-389-RBI-EI-DB-DL-REC-NON-RNI-CTPD-SAR-MD-TR-1-EarlyRePayment" name="When I set up the new create loan">
    <error message="Cannot locate element with text: 389-RBI-EI-DB-DL-REC-NON-RNI-CTPD-SAR-MD-TR-1-EarlyRePayment
For documentation on this error, please visit: http://seleniumhq.org/exceptions/no_such_element.html
Build info: version: &apos;2.29.1&apos;, revision: &apos;dfb1306b85be4934d23c123122e06e602a15e446&apos;, time: &apos;2013-01-22 12:58:05&apos;
System info: os.name: &apos;Windows Server 2012&apos;, os.arch: &apos;amd64&apos;, os.version: &apos;6.2&apos;, java.version: &apos;1.7.0_51&apos;
Driver info: driver.version: unknown" type="org.openqa.selenium.NoSuchElementException">org.openqa.selenium.NoSuchElementException: Cannot locate element with text: 389-RBI-EI-DB-DL-REC-NON-RNI-CTPD-SAR-MD-TR-1-EarlyRePayment
For documentation on this error, please visit: http://seleniumhq.org/exceptions/no_such_element.html
Build info: version: &apos;2.29.1&apos;, revision: &apos;dfb1306b85be4934d23c123122e06e602a15e446&apos;, time: &apos;2013-01-22 12:58:05&apos;
System info: os.name: &apos;Windows Server 2012&apos;, os.arch: &apos;amd64&apos;, os.version: &apos;6.2&apos;, java.version: &apos;1.7.0_51&apos;
Driver info: driver.version: unknown
	at org.openqa.selenium.support.ui.Select.selectByVisibleText(Select.java:147)
	at com.mifos.pages.MifosWebPage.selectDropDownvalues(MifosWebPage.java:1537)
	at com.mifos.pages.FrontPage.createNewLoanClientExcelsheet(FrontPage.java:802)
	at com.mifos.pages.FrontPage.createNewLoanExcelSheet(FrontPage.java:749)
	at com.mifos.steps.ClientSteps.I_set_up_the_activation_and_new_create_loan(ClientSteps.java:35)
	at ✽.When I set up the new create loan(LoanRBI.feature:79)
</error>
    <system-out>welcome to mifos through excel
Cell One ... key=click
Cell Two ... value=newloan
clickclick
Cell One ... key=product
Cell Two ... value=389-RBI-EI-DB-DL-REC-NON-RNI-CTPD-SAR-MD-TR-1-EarlyRePayment
</system-out>
  </testcase>
  <testcase time="0" classname="Scenario: Loan-389-RBI-EI-DB-DL-REC-NON-RNI-CTPD-SAR-MD-TR-1-EarlyRePayment" name="Scenario: Loan-389-RBI-EI-DB-DL-REC-NON-RNI-CTPD-SAR-MD-TR-1-EarlyRePayment">
    <error message="Cannot locate element with text: 389-RBI-EI-DB-DL-REC-NON-RNI-CTPD-SAR-MD-TR-1-EarlyRePayment
For documentation on this error, please visit: http://seleniumhq.org/exceptions/no_such_element.html
Build info: version: &apos;2.29.1&apos;, revision: &apos;dfb1306b85be4934d23c123122e06e602a15e446&apos;, time: &apos;2013-01-22 12:58:05&apos;
System info: os.name: &apos;Windows Server 2012&apos;, os.arch: &apos;amd64&apos;, os.version: &apos;6.2&apos;, java.version: &apos;1.7.0_51&apos;
Driver info: driver.version: unknown" type="org.openqa.selenium.NoSuchElementException">org.openqa.selenium.NoSuchElementException: Cannot locate element with text: 389-RBI-EI-DB-DL-REC-NON-RNI-CTPD-SAR-MD-TR-1-EarlyRePayment
For documentation on this error, please visit: http://seleniumhq.org/exceptions/no_such_element.html
Build info: version: &apos;2.29.1&apos;, revision: &apos;dfb1306b85be4934d23c123122e06e602a15e446&apos;, time: &apos;2013-01-22 12:58:05&apos;
System info: os.name: &apos;Windows Server 2012&apos;, os.arch: &apos;amd64&apos;, os.version: &apos;6.2&apos;, java.version: &apos;1.7.0_51&apos;
Driver info: driver.version: unknown
	at org.openqa.selenium.support.ui.Select.selectByVisibleText(Select.java:147)
	at com.mifos.pages.MifosWebPage.selectDropDownvalues(MifosWebPage.java:1537)
	at com.mifos.pages.FrontPage.createNewLoanClientExcelsheet(FrontPage.java:802)
	at com.mifos.pages.FrontPage.createNewLoanExcelSheet(FrontPage.java:749)
	at com.mifos.steps.ClientSteps.I_set_up_the_activation_and_new_create_loan(ClientSteps.java:35)
	at ✽.When I set up the new create loan(LoanRBI.feature:79)
</error>
  </testcase>
  <testcase time="0" classname="Scenario: Loan-389-RBI-EI-DB-DL-REC-NON-RNI-CTPD-SAR-MD-TR-1-EarlyRePayment" name="Then I verified the \&quot;Summary\&quot; details successfully">
    <skipped/>
  </testcase>
  <testcase time="0" classname="Scenario: Loan-389-RBI-EI-DB-DL-REC-NON-RNI-CTPD-SAR-MD-TR-1-EarlyRePayment" name="And I verified the \&quot;Repayment Schedule\&quot; details successfully">
    <skipped/>
  </testcase>
  <testcase time="0" classname="Scenario: Loan-389-RBI-EI-DB-DL-REC-NON-RNI-CTPD-SAR-MD-TR-1-EarlyRePayment" name="When I make repayment and verified the following tabs">
    <skipped/>
  </testcase>
  <testcase time="0" classname="Scenario: Loan-390-RBI-EI-DB-DL-REC-NON-RNI-CTPD-DL-MD-TR-1-EarlyRePayment" name="Given I navigate to mifos"/>
  <testcase time="0" classname="Scenario: Loan-390-RBI-EI-DB-DL-REC-NON-RNI-CTPD-DL-MD-TR-1-EarlyRePayment" name="And I use login folder"/>
  <testcase time="0" classname="Scenario: Loan-390-RBI-EI-DB-DL-REC-NON-RNI-CTPD-DL-MD-TR-1-EarlyRePayment" name="When I login into mifos site using excel sheet"/>
  <testcase time="0" classname="Scenario: Loan-390-RBI-EI-DB-DL-REC-NON-RNI-CTPD-DL-MD-TR-1-EarlyRePayment" name="Then I should see logged in successfully"/>
  <testcase time="0" classname="Scenario: Loan-390-RBI-EI-DB-DL-REC-NON-RNI-CTPD-DL-MD-TR-1-EarlyRePayment" name="Given I setup the clients"/>
  <testcase time="0" classname="Scenario: Loan-390-RBI-EI-DB-DL-REC-NON-RNI-CTPD-DL-MD-TR-1-EarlyRePayment" name="When I entered the values into client form using"/>
  <testcase time="0" classname="Scenario: Loan-390-RBI-EI-DB-DL-REC-NON-RNI-CTPD-DL-MD-TR-1-EarlyRePayment" name="Then I should see client created successfully"/>
  <testcase time="0" classname="Scenario: Loan-390-RBI-EI-DB-DL-REC-NON-RNI-CTPD-DL-MD-TR-1-EarlyRePayment" name="When I set up the new create loan"/>
  <testcase time="0" classname="Scenario: Loan-390-RBI-EI-DB-DL-REC-NON-RNI-CTPD-DL-MD-TR-1-EarlyRePayment" name="Then I verified the \&quot;Summary\&quot; details successfully"/>
  <testcase time="0" classname="Scenario: Loan-390-RBI-EI-DB-DL-REC-NON-RNI-CTPD-DL-MD-TR-1-EarlyRePayment" name="And I verified the \&quot;Repayment Schedule\&quot; details successfully"/>
  <testcase time="0" classname="Scenario: Loan-390-RBI-EI-DB-DL-REC-NON-RNI-CTPD-DL-MD-TR-1-EarlyRePayment" name="When I make repayment and verified the following tabs"/>
  <testcase time="1.282" classname="Scenario: Loan-390-RBI-EI-DB-DL-REC-NON-RNI-CTPD-DL-MD-TR-1-EarlyRePayment" name="Scenario: Loan-390-RBI-EI-DB-DL-REC-NON-RNI-CTPD-DL-MD-TR-1-EarlyRePayment"/>
  <testcase time="0" classname="Scenario: Loan-391-RBI-EI-DB-DL-REC-NON-RNI-CTRFD-SAR-MD-TR-1-EarlyRePayment" name="Given I navigate to mifos"/>
  <testcase time="0" classname="Scenario: Loan-391-RBI-EI-DB-DL-REC-NON-RNI-CTRFD-SAR-MD-TR-1-EarlyRePayment" name="And I use login folder"/>
  <testcase time="0" classname="Scenario: Loan-391-RBI-EI-DB-DL-REC-NON-RNI-CTRFD-SAR-MD-TR-1-EarlyRePayment" name="When I login into mifos site using excel sheet"/>
  <testcase time="0" classname="Scenario: Loan-391-RBI-EI-DB-DL-REC-NON-RNI-CTRFD-SAR-MD-TR-1-EarlyRePayment" name="Then I should see logged in successfully"/>
  <testcase time="0" classname="Scenario: Loan-391-RBI-EI-DB-DL-REC-NON-RNI-CTRFD-SAR-MD-TR-1-EarlyRePayment" name="Given I setup the clients"/>
  <testcase time="0" classname="Scenario: Loan-391-RBI-EI-DB-DL-REC-NON-RNI-CTRFD-SAR-MD-TR-1-EarlyRePayment" name="When I entered the values into client form using"/>
  <testcase time="0" classname="Scenario: Loan-391-RBI-EI-DB-DL-REC-NON-RNI-CTRFD-SAR-MD-TR-1-EarlyRePayment" name="Then I should see client created successfully"/>
  <testcase time="0" classname="Scenario: Loan-391-RBI-EI-DB-DL-REC-NON-RNI-CTRFD-SAR-MD-TR-1-EarlyRePayment" name="When I set up the new create loan"/>
  <testcase time="0" classname="Scenario: Loan-391-RBI-EI-DB-DL-REC-NON-RNI-CTRFD-SAR-MD-TR-1-EarlyRePayment" name="Then I verified the \&quot;Summary\&quot; details successfully"/>
  <testcase time="0" classname="Scenario: Loan-391-RBI-EI-DB-DL-REC-NON-RNI-CTRFD-SAR-MD-TR-1-EarlyRePayment" name="And I verified the \&quot;Repayment Schedule\&quot; details successfully"/>
  <testcase time="0" classname="Scenario: Loan-391-RBI-EI-DB-DL-REC-NON-RNI-CTRFD-SAR-MD-TR-1-EarlyRePayment" name="When I make repayment and verified the following tabs"/>
  <testcase time="1.281" classname="Scenario: Loan-391-RBI-EI-DB-DL-REC-NON-RNI-CTRFD-SAR-MD-TR-1-EarlyRePayment" name="Scenario: Loan-391-RBI-EI-DB-DL-REC-NON-RNI-CTRFD-SAR-MD-TR-1-EarlyRePayment"/>
  <testcase time="0" classname="Scenario: Loan-392-RBI-EI-DB-DL-REC-NON-RNI-CTRFD-DL-MD-TR-1-EarlyRePayment" name="Given I navigate to mifos"/>
  <testcase time="0" classname="Scenario: Loan-392-RBI-EI-DB-DL-REC-NON-RNI-CTRFD-DL-MD-TR-1-EarlyRePayment" name="And I use login folder"/>
  <testcase time="0" classname="Scenario: Loan-392-RBI-EI-DB-DL-REC-NON-RNI-CTRFD-DL-MD-TR-1-EarlyRePayment" name="When I login into mifos site using excel sheet"/>
  <testcase time="0" classname="Scenario: Loan-392-RBI-EI-DB-DL-REC-NON-RNI-CTRFD-DL-MD-TR-1-EarlyRePayment" name="Then I should see logged in successfully"/>
  <testcase time="0" classname="Scenario: Loan-392-RBI-EI-DB-DL-REC-NON-RNI-CTRFD-DL-MD-TR-1-EarlyRePayment" name="Given I setup the clients"/>
  <testcase time="0" classname="Scenario: Loan-392-RBI-EI-DB-DL-REC-NON-RNI-CTRFD-DL-MD-TR-1-EarlyRePayment" name="When I entered the values into client form using"/>
  <testcase time="0" classname="Scenario: Loan-392-RBI-EI-DB-DL-REC-NON-RNI-CTRFD-DL-MD-TR-1-EarlyRePayment" name="Then I should see client created successfully"/>
  <testcase time="0" classname="Scenario: Loan-392-RBI-EI-DB-DL-REC-NON-RNI-CTRFD-DL-MD-TR-1-EarlyRePayment" name="When I set up the new create loan"/>
  <testcase time="0" classname="Scenario: Loan-392-RBI-EI-DB-DL-REC-NON-RNI-CTRFD-DL-MD-TR-1-EarlyRePayment" name="Then I verified the \&quot;Summary\&quot; details successfully"/>
  <testcase time="0" classname="Scenario: Loan-392-RBI-EI-DB-DL-REC-NON-RNI-CTRFD-DL-MD-TR-1-EarlyRePayment" name="And I verified the \&quot;Repayment Schedule\&quot; details successfully"/>
  <testcase time="0" classname="Scenario: Loan-392-RBI-EI-DB-DL-REC-NON-RNI-CTRFD-DL-MD-TR-1-EarlyRePayment" name="When I make repayment and verified the following tabs"/>
  <testcase time="1.282" classname="Scenario: Loan-392-RBI-EI-DB-DL-REC-NON-RNI-CTRFD-DL-MD-TR-1-EarlyRePayment" name="Scenario: Loan-392-RBI-EI-DB-DL-REC-NON-RNI-CTRFD-DL-MD-TR-1-EarlyRePayment"/>
  <testcase time="0" classname="Scenario: Loan-437-RBI-EI-DB-SAR-REC-NON-RNI-CTPD-SAR-MD-TR-1-EarlyRepayment" name="Given I navigate to mifos"/>
  <testcase time="0" classname="Scenario: Loan-437-RBI-EI-DB-SAR-REC-NON-RNI-CTPD-SAR-MD-TR-1-EarlyRepayment" name="And I use login folder"/>
  <testcase time="0" classname="Scenario: Loan-437-RBI-EI-DB-SAR-REC-NON-RNI-CTPD-SAR-MD-TR-1-EarlyRepayment" name="When I login into mifos site using excel sheet"/>
  <testcase time="0" classname="Scenario: Loan-437-RBI-EI-DB-SAR-REC-NON-RNI-CTPD-SAR-MD-TR-1-EarlyRepayment" name="Then I should see logged in successfully"/>
  <testcase time="0" classname="Scenario: Loan-437-RBI-EI-DB-SAR-REC-NON-RNI-CTPD-SAR-MD-TR-1-EarlyRepayment" name="Given I setup the clients"/>
  <testcase time="0" classname="Scenario: Loan-437-RBI-EI-DB-SAR-REC-NON-RNI-CTPD-SAR-MD-TR-1-EarlyRepayment" name="When I entered the values into client form using"/>
  <testcase time="0" classname="Scenario: Loan-437-RBI-EI-DB-SAR-REC-NON-RNI-CTPD-SAR-MD-TR-1-EarlyRepayment" name="Then I should see client created successfully"/>
  <testcase time="0" classname="Scenario: Loan-437-RBI-EI-DB-SAR-REC-NON-RNI-CTPD-SAR-MD-TR-1-EarlyRepayment" name="When I set up the new create loan"/>
  <testcase time="0" classname="Scenario: Loan-437-RBI-EI-DB-SAR-REC-NON-RNI-CTPD-SAR-MD-TR-1-EarlyRepayment" name="Then I verified the \&quot;Summary\&quot; details successfully"/>
  <testcase time="0" classname="Scenario: Loan-437-RBI-EI-DB-SAR-REC-NON-RNI-CTPD-SAR-MD-TR-1-EarlyRepayment" name="And I verified the \&quot;Repayment Schedule\&quot; details successfully"/>
  <testcase time="0" classname="Scenario: Loan-437-RBI-EI-DB-SAR-REC-NON-RNI-CTPD-SAR-MD-TR-1-EarlyRepayment" name="When I make repayment and verified the following tabs"/>
  <testcase time="1.297" classname="Scenario: Loan-437-RBI-EI-DB-SAR-REC-NON-RNI-CTPD-SAR-MD-TR-1-EarlyRepayment" name="Scenario: Loan-437-RBI-EI-DB-SAR-REC-NON-RNI-CTPD-SAR-MD-TR-1-EarlyRepayment"/>
  <testcase time="0" classname="Scenario: Loan-438-RBI-EI-DB-SAR-REC-NON-RNI-CTPD-DL-MD-TR-1-EarlyRePayment" name="Given I navigate to mifos"/>
  <testcase time="0" classname="Scenario: Loan-438-RBI-EI-DB-SAR-REC-NON-RNI-CTPD-DL-MD-TR-1-EarlyRePayment" name="And I use login folder"/>
  <testcase time="0" classname="Scenario: Loan-438-RBI-EI-DB-SAR-REC-NON-RNI-CTPD-DL-MD-TR-1-EarlyRePayment" name="When I login into mifos site using excel sheet"/>
  <testcase time="0" classname="Scenario: Loan-438-RBI-EI-DB-SAR-REC-NON-RNI-CTPD-DL-MD-TR-1-EarlyRePayment" name="Then I should see logged in successfully"/>
  <testcase time="0" classname="Scenario: Loan-438-RBI-EI-DB-SAR-REC-NON-RNI-CTPD-DL-MD-TR-1-EarlyRePayment" name="Given I setup the clients"/>
  <testcase time="0" classname="Scenario: Loan-438-RBI-EI-DB-SAR-REC-NON-RNI-CTPD-DL-MD-TR-1-EarlyRePayment" name="When I entered the values into client form using"/>
  <testcase time="0" classname="Scenario: Loan-438-RBI-EI-DB-SAR-REC-NON-RNI-CTPD-DL-MD-TR-1-EarlyRePayment" name="Then I should see client created successfully"/>
  <testcase time="0" classname="Scenario: Loan-438-RBI-EI-DB-SAR-REC-NON-RNI-CTPD-DL-MD-TR-1-EarlyRePayment" name="When I set up the new create loan"/>
  <testcase time="0" classname="Scenario: Loan-438-RBI-EI-DB-SAR-REC-NON-RNI-CTPD-DL-MD-TR-1-EarlyRePayment" name="Then I verified the \&quot;Summary\&quot; details successfully"/>
  <testcase time="0" classname="Scenario: Loan-438-RBI-EI-DB-SAR-REC-NON-RNI-CTPD-DL-MD-TR-1-EarlyRePayment" name="And I verified the \&quot;Repayment Schedule\&quot; details successfully"/>
  <testcase time="0" classname="Scenario: Loan-438-RBI-EI-DB-SAR-REC-NON-RNI-CTPD-DL-MD-TR-1-EarlyRePayment" name="When I make repayment and verified the following tabs"/>
  <testcase time="1.281" classname="Scenario: Loan-438-RBI-EI-DB-SAR-REC-NON-RNI-CTPD-DL-MD-TR-1-EarlyRePayment" name="Scenario: Loan-438-RBI-EI-DB-SAR-REC-NON-RNI-CTPD-DL-MD-TR-1-EarlyRePayment"/>
  <testcase time="0" classname="Scenario: Loan-439-RBI-EI-DB-SAR-REC-NON-RNI-CTRFD-SAR-MD-TR-1-B-EarlyRePayment" name="Given I navigate to mifos"/>
  <testcase time="0" classname="Scenario: Loan-439-RBI-EI-DB-SAR-REC-NON-RNI-CTRFD-SAR-MD-TR-1-B-EarlyRePayment" name="And I use login folder"/>
  <testcase time="0" classname="Scenario: Loan-439-RBI-EI-DB-SAR-REC-NON-RNI-CTRFD-SAR-MD-TR-1-B-EarlyRePayment" name="When I login into mifos site using excel sheet"/>
  <testcase time="0" classname="Scenario: Loan-439-RBI-EI-DB-SAR-REC-NON-RNI-CTRFD-SAR-MD-TR-1-B-EarlyRePayment" name="Then I should see logged in successfully"/>
  <testcase time="0" classname="Scenario: Loan-439-RBI-EI-DB-SAR-REC-NON-RNI-CTRFD-SAR-MD-TR-1-B-EarlyRePayment" name="Given I setup the clients"/>
  <testcase time="0" classname="Scenario: Loan-439-RBI-EI-DB-SAR-REC-NON-RNI-CTRFD-SAR-MD-TR-1-B-EarlyRePayment" name="When I entered the values into client form using"/>
  <testcase time="0" classname="Scenario: Loan-439-RBI-EI-DB-SAR-REC-NON-RNI-CTRFD-SAR-MD-TR-1-B-EarlyRePayment" name="Then I should see client created successfully"/>
  <testcase time="0" classname="Scenario: Loan-439-RBI-EI-DB-SAR-REC-NON-RNI-CTRFD-SAR-MD-TR-1-B-EarlyRePayment" name="When I set up the new create loan"/>
  <testcase time="0" classname="Scenario: Loan-439-RBI-EI-DB-SAR-REC-NON-RNI-CTRFD-SAR-MD-TR-1-B-EarlyRePayment" name="Then I verified the \&quot;Summary\&quot; details successfully">
    <failure message="Tab Name:Summary Row number:2 Column number:0 Expected result:687.81 Actual result:713.42" type="java.lang.AssertionError">java.lang.AssertionError: Tab Name:Summary Row number:2 Column number:0 Expected result:687.81 Actual result:713.42
	at org.junit.Assert.fail(Assert.java:88)
	at com.mifos.pages.FrontPage.verifyTabsdata(FrontPage.java:962)
	at com.mifos.steps.ClientSteps.I_verified_the_details_successfully(ClientSteps.java:41)
	at ✽.Then I verified the &quot;Summary&quot; details successfully(LoanRBI.feature:186)
</failure>
  </testcase>
  <testcase time="0" classname="Scenario: Loan-439-RBI-EI-DB-SAR-REC-NON-RNI-CTRFD-SAR-MD-TR-1-B-EarlyRePayment" name="Scenario: Loan-439-RBI-EI-DB-SAR-REC-NON-RNI-CTRFD-SAR-MD-TR-1-B-EarlyRePayment">
    <failure message="Tab Name:Summary Row number:2 Column number:0 Expected result:687.81 Actual result:713.42" type="java.lang.AssertionError">java.lang.AssertionError: Tab Name:Summary Row number:2 Column number:0 Expected result:687.81 Actual result:713.42
	at org.junit.Assert.fail(Assert.java:88)
	at com.mifos.pages.FrontPage.verifyTabsdata(FrontPage.java:962)
	at com.mifos.steps.ClientSteps.I_verified_the_details_successfully(ClientSteps.java:41)
	at ✽.Then I verified the &quot;Summary&quot; details successfully(LoanRBI.feature:186)
</failure>
  </testcase>
  <testcase time="0" classname="Scenario: Loan-439-RBI-EI-DB-SAR-REC-NON-RNI-CTRFD-SAR-MD-TR-1-B-EarlyRePayment" name="And I verified the \&quot;Repayment Schedule\&quot; details successfully">
    <skipped/>
  </testcase>
  <testcase time="0" classname="Scenario: Loan-439-RBI-EI-DB-SAR-REC-NON-RNI-CTRFD-SAR-MD-TR-1-B-EarlyRePayment" name="When I make repayment and verified the following tabs">
    <skipped/>
  </testcase>
  <testcase time="0" classname="Scenario: Loan-440-RBI-EI-DB-SAR-REC-NON-RNI-CTRFD-DL-MD-TR-1-B-EarlyRePayment" name="Given I navigate to mifos"/>
  <testcase time="0" classname="Scenario: Loan-440-RBI-EI-DB-SAR-REC-NON-RNI-CTRFD-DL-MD-TR-1-B-EarlyRePayment" name="And I use login folder"/>
  <testcase time="0" classname="Scenario: Loan-440-RBI-EI-DB-SAR-REC-NON-RNI-CTRFD-DL-MD-TR-1-B-EarlyRePayment" name="When I login into mifos site using excel sheet"/>
  <testcase time="0" classname="Scenario: Loan-440-RBI-EI-DB-SAR-REC-NON-RNI-CTRFD-DL-MD-TR-1-B-EarlyRePayment" name="Then I should see logged in successfully"/>
  <testcase time="0" classname="Scenario: Loan-440-RBI-EI-DB-SAR-REC-NON-RNI-CTRFD-DL-MD-TR-1-B-EarlyRePayment" name="Given I setup the clients"/>
  <testcase time="0" classname="Scenario: Loan-440-RBI-EI-DB-SAR-REC-NON-RNI-CTRFD-DL-MD-TR-1-B-EarlyRePayment" name="When I entered the values into client form using"/>
  <testcase time="0" classname="Scenario: Loan-440-RBI-EI-DB-SAR-REC-NON-RNI-CTRFD-DL-MD-TR-1-B-EarlyRePayment" name="Then I should see client created successfully"/>
  <testcase time="0" classname="Scenario: Loan-440-RBI-EI-DB-SAR-REC-NON-RNI-CTRFD-DL-MD-TR-1-B-EarlyRePayment" name="When I set up the new create loan"/>
  <testcase time="0" classname="Scenario: Loan-440-RBI-EI-DB-SAR-REC-NON-RNI-CTRFD-DL-MD-TR-1-B-EarlyRePayment" name="Then I verified the \&quot;Summary\&quot; details successfully">
    <failure message="Tab Name:Summary Row number:2 Column number:0 Expected result:687.81 Actual result:688.66" type="java.lang.AssertionError">java.lang.AssertionError: Tab Name:Summary Row number:2 Column number:0 Expected result:687.81 Actual result:688.66
	at org.junit.Assert.fail(Assert.java:88)
	at com.mifos.pages.FrontPage.verifyTabsdata(FrontPage.java:962)
	at com.mifos.steps.ClientSteps.I_verified_the_details_successfully(ClientSteps.java:41)
	at ✽.Then I verified the &quot;Summary&quot; details successfully(LoanRBI.feature:203)
</failure>
  </testcase>
  <testcase time="0" classname="Scenario: Loan-440-RBI-EI-DB-SAR-REC-NON-RNI-CTRFD-DL-MD-TR-1-B-EarlyRePayment" name="Scenario: Loan-440-RBI-EI-DB-SAR-REC-NON-RNI-CTRFD-DL-MD-TR-1-B-EarlyRePayment">
    <failure message="Tab Name:Summary Row number:2 Column number:0 Expected result:687.81 Actual result:688.66" type="java.lang.AssertionError">java.lang.AssertionError: Tab Name:Summary Row number:2 Column number:0 Expected result:687.81 Actual result:688.66
	at org.junit.Assert.fail(Assert.java:88)
	at com.mifos.pages.FrontPage.verifyTabsdata(FrontPage.java:962)
	at com.mifos.steps.ClientSteps.I_verified_the_details_successfully(ClientSteps.java:41)
	at ✽.Then I verified the &quot;Summary&quot; details successfully(LoanRBI.feature:203)
</failure>
  </testcase>
  <testcase time="0" classname="Scenario: Loan-440-RBI-EI-DB-SAR-REC-NON-RNI-CTRFD-DL-MD-TR-1-B-EarlyRePayment" name="And I verified the \&quot;Repayment Schedule\&quot; details successfully">
    <skipped/>
  </testcase>
  <testcase time="0" classname="Scenario: Loan-440-RBI-EI-DB-SAR-REC-NON-RNI-CTRFD-DL-MD-TR-1-B-EarlyRePayment" name="When I make repayment and verified the following tabs">
    <skipped/>
  </testcase>
  <testcase time="0" classname="Scenario: Loan-485-RBI-EPP-DB-DL-REC-NON-RNI-CTPD-SAR-MD-TR-1-EarlyRePayment" name="Given I navigate to mifos"/>
  <testcase time="0" classname="Scenario: Loan-485-RBI-EPP-DB-DL-REC-NON-RNI-CTPD-SAR-MD-TR-1-EarlyRePayment" name="And I use login folder"/>
  <testcase time="0" classname="Scenario: Loan-485-RBI-EPP-DB-DL-REC-NON-RNI-CTPD-SAR-MD-TR-1-EarlyRePayment" name="When I login into mifos site using excel sheet"/>
  <testcase time="0" classname="Scenario: Loan-485-RBI-EPP-DB-DL-REC-NON-RNI-CTPD-SAR-MD-TR-1-EarlyRePayment" name="Then I should see logged in successfully"/>
  <testcase time="0" classname="Scenario: Loan-485-RBI-EPP-DB-DL-REC-NON-RNI-CTPD-SAR-MD-TR-1-EarlyRePayment" name="Given I setup the clients"/>
  <testcase time="0" classname="Scenario: Loan-485-RBI-EPP-DB-DL-REC-NON-RNI-CTPD-SAR-MD-TR-1-EarlyRePayment" name="When I entered the values into client form using"/>
  <testcase time="0" classname="Scenario: Loan-485-RBI-EPP-DB-DL-REC-NON-RNI-CTPD-SAR-MD-TR-1-EarlyRePayment" name="Then I should see client created successfully"/>
  <testcase time="0" classname="Scenario: Loan-485-RBI-EPP-DB-DL-REC-NON-RNI-CTPD-SAR-MD-TR-1-EarlyRePayment" name="When I set up the new create loan"/>
  <testcase time="0" classname="Scenario: Loan-485-RBI-EPP-DB-DL-REC-NON-RNI-CTPD-SAR-MD-TR-1-EarlyRePayment" name="Then I verified the \&quot;Summary\&quot; details successfully">
    <failure message="Tab Name:Summary Row number:2 Column number:0 Expected result:672.06 Actual result:696.72" type="java.lang.AssertionError">java.lang.AssertionError: Tab Name:Summary Row number:2 Column number:0 Expected result:672.06 Actual result:696.72
	at org.junit.Assert.fail(Assert.java:88)
	at com.mifos.pages.FrontPage.verifyTabsdata(FrontPage.java:962)
	at com.mifos.steps.ClientSteps.I_verified_the_details_successfully(ClientSteps.java:41)
	at ✽.Then I verified the &quot;Summary&quot; details successfully(LoanRBI.feature:221)
</failure>
  </testcase>
  <testcase time="0" classname="Scenario: Loan-485-RBI-EPP-DB-DL-REC-NON-RNI-CTPD-SAR-MD-TR-1-EarlyRePayment" name="Scenario: Loan-485-RBI-EPP-DB-DL-REC-NON-RNI-CTPD-SAR-MD-TR-1-EarlyRePayment">
    <failure message="Tab Name:Summary Row number:2 Column number:0 Expected result:672.06 Actual result:696.72" type="java.lang.AssertionError">java.lang.AssertionError: Tab Name:Summary Row number:2 Column number:0 Expected result:672.06 Actual result:696.72
	at org.junit.Assert.fail(Assert.java:88)
	at com.mifos.pages.FrontPage.verifyTabsdata(FrontPage.java:962)
	at com.mifos.steps.ClientSteps.I_verified_the_details_successfully(ClientSteps.java:41)
	at ✽.Then I verified the &quot;Summary&quot; details successfully(LoanRBI.feature:221)
</failure>
  </testcase>
  <testcase time="0" classname="Scenario: Loan-485-RBI-EPP-DB-DL-REC-NON-RNI-CTPD-SAR-MD-TR-1-EarlyRePayment" name="And I verified the \&quot;Repayment Schedule\&quot; details successfully">
    <skipped/>
  </testcase>
  <testcase time="0" classname="Scenario: Loan-485-RBI-EPP-DB-DL-REC-NON-RNI-CTPD-SAR-MD-TR-1-EarlyRePayment" name="When I make repayment and verified the following tabs">
    <skipped/>
  </testcase>
  <testcase time="0" classname="Scenario: Loan-486-RBI-EPP-DB-DL-REC-NON-RNI-CTPD-DL-MD-TR-1-EarlyRePayment" name="Given I navigate to mifos"/>
  <testcase time="0" classname="Scenario: Loan-486-RBI-EPP-DB-DL-REC-NON-RNI-CTPD-DL-MD-TR-1-EarlyRePayment" name="And I use login folder"/>
  <testcase time="0" classname="Scenario: Loan-486-RBI-EPP-DB-DL-REC-NON-RNI-CTPD-DL-MD-TR-1-EarlyRePayment" name="When I login into mifos site using excel sheet"/>
  <testcase time="0" classname="Scenario: Loan-486-RBI-EPP-DB-DL-REC-NON-RNI-CTPD-DL-MD-TR-1-EarlyRePayment" name="Then I should see logged in successfully"/>
  <testcase time="0" classname="Scenario: Loan-486-RBI-EPP-DB-DL-REC-NON-RNI-CTPD-DL-MD-TR-1-EarlyRePayment" name="Given I setup the clients"/>
  <testcase time="0" classname="Scenario: Loan-486-RBI-EPP-DB-DL-REC-NON-RNI-CTPD-DL-MD-TR-1-EarlyRePayment" name="When I entered the values into client form using"/>
  <testcase time="0" classname="Scenario: Loan-486-RBI-EPP-DB-DL-REC-NON-RNI-CTPD-DL-MD-TR-1-EarlyRePayment" name="Then I should see client created successfully"/>
  <testcase time="0" classname="Scenario: Loan-486-RBI-EPP-DB-DL-REC-NON-RNI-CTPD-DL-MD-TR-1-EarlyRePayment" name="When I set up the new create loan"/>
  <testcase time="0" classname="Scenario: Loan-486-RBI-EPP-DB-DL-REC-NON-RNI-CTPD-DL-MD-TR-1-EarlyRePayment" name="Then I verified the \&quot;Summary\&quot; details successfully">
    <failure message="Tab Name:Summary Row number:2 Column number:0 Expected result:672.06 Actual result:672.89" type="java.lang.AssertionError">java.lang.AssertionError: Tab Name:Summary Row number:2 Column number:0 Expected result:672.06 Actual result:672.89
	at org.junit.Assert.fail(Assert.java:88)
	at com.mifos.pages.FrontPage.verifyTabsdata(FrontPage.java:962)
	at com.mifos.steps.ClientSteps.I_verified_the_details_successfully(ClientSteps.java:41)
	at ✽.Then I verified the &quot;Summary&quot; details successfully(LoanRBI.feature:239)
</failure>
  </testcase>
  <testcase time="0.001" classname="Scenario: Loan-486-RBI-EPP-DB-DL-REC-NON-RNI-CTPD-DL-MD-TR-1-EarlyRePayment" name="Scenario: Loan-486-RBI-EPP-DB-DL-REC-NON-RNI-CTPD-DL-MD-TR-1-EarlyRePayment">
    <failure message="Tab Name:Summary Row number:2 Column number:0 Expected result:672.06 Actual result:672.89" type="java.lang.AssertionError">java.lang.AssertionError: Tab Name:Summary Row number:2 Column number:0 Expected result:672.06 Actual result:672.89
	at org.junit.Assert.fail(Assert.java:88)
	at com.mifos.pages.FrontPage.verifyTabsdata(FrontPage.java:962)
	at com.mifos.steps.ClientSteps.I_verified_the_details_successfully(ClientSteps.java:41)
	at ✽.Then I verified the &quot;Summary&quot; details successfully(LoanRBI.feature:239)
</failure>
  </testcase>
  <testcase time="0.001" classname="Scenario: Loan-486-RBI-EPP-DB-DL-REC-NON-RNI-CTPD-DL-MD-TR-1-EarlyRePayment" name="And I verified the \&quot;Repayment Schedule\&quot; details successfully">
    <skipped/>
  </testcase>
  <testcase time="0.001" classname="Scenario: Loan-486-RBI-EPP-DB-DL-REC-NON-RNI-CTPD-DL-MD-TR-1-EarlyRePayment" name="When I make repayment and verified the following tabs">
    <skipped/>
  </testcase>
  <testcase time="0" classname="Scenario: Loan-487-RBI-EPP-DB-DL-REC-NON-RNI-CTRFD-SAR-MD-TR-1-EarlyRePayment" name="Given I navigate to mifos"/>
  <testcase time="0" classname="Scenario: Loan-487-RBI-EPP-DB-DL-REC-NON-RNI-CTRFD-SAR-MD-TR-1-EarlyRePayment" name="And I use login folder"/>
  <testcase time="0" classname="Scenario: Loan-487-RBI-EPP-DB-DL-REC-NON-RNI-CTRFD-SAR-MD-TR-1-EarlyRePayment" name="When I login into mifos site using excel sheet"/>
  <testcase time="0" classname="Scenario: Loan-487-RBI-EPP-DB-DL-REC-NON-RNI-CTRFD-SAR-MD-TR-1-EarlyRePayment" name="Then I should see logged in successfully"/>
  <testcase time="0" classname="Scenario: Loan-487-RBI-EPP-DB-DL-REC-NON-RNI-CTRFD-SAR-MD-TR-1-EarlyRePayment" name="Given I setup the clients"/>
  <testcase time="0" classname="Scenario: Loan-487-RBI-EPP-DB-DL-REC-NON-RNI-CTRFD-SAR-MD-TR-1-EarlyRePayment" name="When I entered the values into client form using"/>
  <testcase time="0" classname="Scenario: Loan-487-RBI-EPP-DB-DL-REC-NON-RNI-CTRFD-SAR-MD-TR-1-EarlyRePayment" name="Then I should see client created successfully"/>
  <testcase time="0" classname="Scenario: Loan-487-RBI-EPP-DB-DL-REC-NON-RNI-CTRFD-SAR-MD-TR-1-EarlyRePayment" name="When I set up the new create loan"/>
  <testcase time="0" classname="Scenario: Loan-487-RBI-EPP-DB-DL-REC-NON-RNI-CTRFD-SAR-MD-TR-1-EarlyRePayment" name="Then I verified the \&quot;Summary\&quot; details successfully">
    <failure message="Tab Name:Summary Row number:2 Column number:0 Expected result:672.06 Actual result:696.72" type="java.lang.AssertionError">java.lang.AssertionError: Tab Name:Summary Row number:2 Column number:0 Expected result:672.06 Actual result:696.72
	at org.junit.Assert.fail(Assert.java:88)
	at com.mifos.pages.FrontPage.verifyTabsdata(FrontPage.java:962)
	at com.mifos.steps.ClientSteps.I_verified_the_details_successfully(ClientSteps.java:41)
	at ✽.Then I verified the &quot;Summary&quot; details successfully(LoanRBI.feature:257)
</failure>
  </testcase>
  <testcase time="0" classname="Scenario: Loan-487-RBI-EPP-DB-DL-REC-NON-RNI-CTRFD-SAR-MD-TR-1-EarlyRePayment" name="Scenario: Loan-487-RBI-EPP-DB-DL-REC-NON-RNI-CTRFD-SAR-MD-TR-1-EarlyRePayment">
    <failure message="Tab Name:Summary Row number:2 Column number:0 Expected result:672.06 Actual result:696.72" type="java.lang.AssertionError">java.lang.AssertionError: Tab Name:Summary Row number:2 Column number:0 Expected result:672.06 Actual result:696.72
	at org.junit.Assert.fail(Assert.java:88)
	at com.mifos.pages.FrontPage.verifyTabsdata(FrontPage.java:962)
	at com.mifos.steps.ClientSteps.I_verified_the_details_successfully(ClientSteps.java:41)
	at ✽.Then I verified the &quot;Summary&quot; details successfully(LoanRBI.feature:257)
</failure>
  </testcase>
  <testcase time="0" classname="Scenario: Loan-487-RBI-EPP-DB-DL-REC-NON-RNI-CTRFD-SAR-MD-TR-1-EarlyRePayment" name="And I verified the \&quot;Repayment Schedule\&quot; details successfully">
    <skipped/>
  </testcase>
  <testcase time="0" classname="Scenario: Loan-487-RBI-EPP-DB-DL-REC-NON-RNI-CTRFD-SAR-MD-TR-1-EarlyRePayment" name="When I make repayment and verified the following tabs">
    <skipped/>
  </testcase>
  <testcase time="0" classname="Scenario: Loan-488-RBI-EPP-DB-DL-REC-NON-RNI-CTRFD-DL-MD-TR-1-EarlyRePayment" name="Given I navigate to mifos"/>
  <testcase time="0" classname="Scenario: Loan-488-RBI-EPP-DB-DL-REC-NON-RNI-CTRFD-DL-MD-TR-1-EarlyRePayment" name="And I use login folder"/>
  <testcase time="0" classname="Scenario: Loan-488-RBI-EPP-DB-DL-REC-NON-RNI-CTRFD-DL-MD-TR-1-EarlyRePayment" name="When I login into mifos site using excel sheet"/>
  <testcase time="0" classname="Scenario: Loan-488-RBI-EPP-DB-DL-REC-NON-RNI-CTRFD-DL-MD-TR-1-EarlyRePayment" name="Then I should see logged in successfully"/>
  <testcase time="0" classname="Scenario: Loan-488-RBI-EPP-DB-DL-REC-NON-RNI-CTRFD-DL-MD-TR-1-EarlyRePayment" name="Given I setup the clients"/>
  <testcase time="0" classname="Scenario: Loan-488-RBI-EPP-DB-DL-REC-NON-RNI-CTRFD-DL-MD-TR-1-EarlyRePayment" name="When I entered the values into client form using"/>
  <testcase time="0" classname="Scenario: Loan-488-RBI-EPP-DB-DL-REC-NON-RNI-CTRFD-DL-MD-TR-1-EarlyRePayment" name="Then I should see client created successfully"/>
  <testcase time="0" classname="Scenario: Loan-488-RBI-EPP-DB-DL-REC-NON-RNI-CTRFD-DL-MD-TR-1-EarlyRePayment" name="When I set up the new create loan"/>
  <testcase time="0" classname="Scenario: Loan-488-RBI-EPP-DB-DL-REC-NON-RNI-CTRFD-DL-MD-TR-1-EarlyRePayment" name="Then I verified the \&quot;Summary\&quot; details successfully">
    <failure message="Tab Name:Summary Row number:2 Column number:0 Expected result:672.06 Actual result:672.89" type="java.lang.AssertionError">java.lang.AssertionError: Tab Name:Summary Row number:2 Column number:0 Expected result:672.06 Actual result:672.89
	at org.junit.Assert.fail(Assert.java:88)
	at com.mifos.pages.FrontPage.verifyTabsdata(FrontPage.java:962)
	at com.mifos.steps.ClientSteps.I_verified_the_details_successfully(ClientSteps.java:41)
	at ✽.Then I verified the &quot;Summary&quot; details successfully(LoanRBI.feature:275)
</failure>
  </testcase>
  <testcase time="0.001" classname="Scenario: Loan-488-RBI-EPP-DB-DL-REC-NON-RNI-CTRFD-DL-MD-TR-1-EarlyRePayment" name="Scenario: Loan-488-RBI-EPP-DB-DL-REC-NON-RNI-CTRFD-DL-MD-TR-1-EarlyRePayment">
    <failure message="Tab Name:Summary Row number:2 Column number:0 Expected result:672.06 Actual result:672.89" type="java.lang.AssertionError">java.lang.AssertionError: Tab Name:Summary Row number:2 Column number:0 Expected result:672.06 Actual result:672.89
	at org.junit.Assert.fail(Assert.java:88)
	at com.mifos.pages.FrontPage.verifyTabsdata(FrontPage.java:962)
	at com.mifos.steps.ClientSteps.I_verified_the_details_successfully(ClientSteps.java:41)
	at ✽.Then I verified the &quot;Summary&quot; details successfully(LoanRBI.feature:275)
</failure>
  </testcase>
  <testcase time="0.001" classname="Scenario: Loan-488-RBI-EPP-DB-DL-REC-NON-RNI-CTRFD-DL-MD-TR-1-EarlyRePayment" name="And I verified the \&quot;Repayment Schedule\&quot; details successfully">
    <skipped/>
  </testcase>
  <testcase time="0.001" classname="Scenario: Loan-488-RBI-EPP-DB-DL-REC-NON-RNI-CTRFD-DL-MD-TR-1-EarlyRePayment" name="When I make repayment and verified the following tabs">
    <skipped/>
  </testcase>
  <testcase time="0" classname="Scenario: Loan-533-RBI-EPP-DB-SAR-REC-NON-RNI-CTPD-SAR-MD-TR-1-EarlyRePayment" name="Given I navigate to mifos"/>
  <testcase time="0" classname="Scenario: Loan-533-RBI-EPP-DB-SAR-REC-NON-RNI-CTPD-SAR-MD-TR-1-EarlyRePayment" name="And I use login folder"/>
  <testcase time="0" classname="Scenario: Loan-533-RBI-EPP-DB-SAR-REC-NON-RNI-CTPD-SAR-MD-TR-1-EarlyRePayment" name="When I login into mifos site using excel sheet"/>
  <testcase time="0" classname="Scenario: Loan-533-RBI-EPP-DB-SAR-REC-NON-RNI-CTPD-SAR-MD-TR-1-EarlyRePayment" name="Then I should see logged in successfully"/>
  <testcase time="0" classname="Scenario: Loan-533-RBI-EPP-DB-SAR-REC-NON-RNI-CTPD-SAR-MD-TR-1-EarlyRePayment" name="Given I setup the clients"/>
  <testcase time="0" classname="Scenario: Loan-533-RBI-EPP-DB-SAR-REC-NON-RNI-CTPD-SAR-MD-TR-1-EarlyRePayment" name="When I entered the values into client form using"/>
  <testcase time="0" classname="Scenario: Loan-533-RBI-EPP-DB-SAR-REC-NON-RNI-CTPD-SAR-MD-TR-1-EarlyRePayment" name="Then I should see client created successfully"/>
  <testcase time="0" classname="Scenario: Loan-533-RBI-EPP-DB-SAR-REC-NON-RNI-CTPD-SAR-MD-TR-1-EarlyRePayment" name="When I set up the new create loan"/>
  <testcase time="0" classname="Scenario: Loan-533-RBI-EPP-DB-SAR-REC-NON-RNI-CTPD-SAR-MD-TR-1-EarlyRePayment" name="Then I verified the \&quot;Summary\&quot; details successfully">
    <failure message="Tab Name:Summary Row number:2 Column number:0 Expected result:675.0 Actual result:700.0" type="java.lang.AssertionError">java.lang.AssertionError: Tab Name:Summary Row number:2 Column number:0 Expected result:675.0 Actual result:700.0
	at org.junit.Assert.fail(Assert.java:88)
	at com.mifos.pages.FrontPage.verifyTabsdata(FrontPage.java:962)
	at com.mifos.steps.ClientSteps.I_verified_the_details_successfully(ClientSteps.java:41)
	at ✽.Then I verified the &quot;Summary&quot; details successfully(LoanRBI.feature:293)
</failure>
  </testcase>
  <testcase time="0" classname="Scenario: Loan-533-RBI-EPP-DB-SAR-REC-NON-RNI-CTPD-SAR-MD-TR-1-EarlyRePayment" name="Scenario: Loan-533-RBI-EPP-DB-SAR-REC-NON-RNI-CTPD-SAR-MD-TR-1-EarlyRePayment">
    <failure message="Tab Name:Summary Row number:2 Column number:0 Expected result:675.0 Actual result:700.0" type="java.lang.AssertionError">java.lang.AssertionError: Tab Name:Summary Row number:2 Column number:0 Expected result:675.0 Actual result:700.0
	at org.junit.Assert.fail(Assert.java:88)
	at com.mifos.pages.FrontPage.verifyTabsdata(FrontPage.java:962)
	at com.mifos.steps.ClientSteps.I_verified_the_details_successfully(ClientSteps.java:41)
	at ✽.Then I verified the &quot;Summary&quot; details successfully(LoanRBI.feature:293)
</failure>
  </testcase>
  <testcase time="0" classname="Scenario: Loan-533-RBI-EPP-DB-SAR-REC-NON-RNI-CTPD-SAR-MD-TR-1-EarlyRePayment" name="And I verified the \&quot;Repayment Schedule\&quot; details successfully">
    <skipped/>
  </testcase>
  <testcase time="0" classname="Scenario: Loan-533-RBI-EPP-DB-SAR-REC-NON-RNI-CTPD-SAR-MD-TR-1-EarlyRePayment" name="When I make repayment and verified the following tabs">
    <skipped/>
  </testcase>
  <testcase time="0" classname="Scenario: Loan-534-RBI-EPP-DB-SAR-REC-NON-RNI-CTPD-DL-MD-TR-1-EarlyRePayment" name="Given I navigate to mifos"/>
  <testcase time="0" classname="Scenario: Loan-534-RBI-EPP-DB-SAR-REC-NON-RNI-CTPD-DL-MD-TR-1-EarlyRePayment" name="And I use login folder"/>
  <testcase time="0" classname="Scenario: Loan-534-RBI-EPP-DB-SAR-REC-NON-RNI-CTPD-DL-MD-TR-1-EarlyRePayment" name="When I login into mifos site using excel sheet"/>
  <testcase time="0" classname="Scenario: Loan-534-RBI-EPP-DB-SAR-REC-NON-RNI-CTPD-DL-MD-TR-1-EarlyRePayment" name="Then I should see logged in successfully"/>
  <testcase time="0" classname="Scenario: Loan-534-RBI-EPP-DB-SAR-REC-NON-RNI-CTPD-DL-MD-TR-1-EarlyRePayment" name="Given I setup the clients"/>
  <testcase time="0" classname="Scenario: Loan-534-RBI-EPP-DB-SAR-REC-NON-RNI-CTPD-DL-MD-TR-1-EarlyRePayment" name="When I entered the values into client form using"/>
  <testcase time="0" classname="Scenario: Loan-534-RBI-EPP-DB-SAR-REC-NON-RNI-CTPD-DL-MD-TR-1-EarlyRePayment" name="Then I should see client created successfully"/>
  <testcase time="0" classname="Scenario: Loan-534-RBI-EPP-DB-SAR-REC-NON-RNI-CTPD-DL-MD-TR-1-EarlyRePayment" name="When I set up the new create loan"/>
  <testcase time="0" classname="Scenario: Loan-534-RBI-EPP-DB-SAR-REC-NON-RNI-CTPD-DL-MD-TR-1-EarlyRePayment" name="Then I verified the \&quot;Summary\&quot; details successfully">
    <failure message="Tab Name:Summary Row number:2 Column number:0 Expected result:675.0 Actual result:675.83" type="java.lang.AssertionError">java.lang.AssertionError: Tab Name:Summary Row number:2 Column number:0 Expected result:675.0 Actual result:675.83
	at org.junit.Assert.fail(Assert.java:88)
	at com.mifos.pages.FrontPage.verifyTabsdata(FrontPage.java:962)
	at com.mifos.steps.ClientSteps.I_verified_the_details_successfully(ClientSteps.java:41)
	at ✽.Then I verified the &quot;Summary&quot; details successfully(LoanRBI.feature:311)
</failure>
  </testcase>
  <testcase time="0" classname="Scenario: Loan-534-RBI-EPP-DB-SAR-REC-NON-RNI-CTPD-DL-MD-TR-1-EarlyRePayment" name="Scenario: Loan-534-RBI-EPP-DB-SAR-REC-NON-RNI-CTPD-DL-MD-TR-1-EarlyRePayment">
    <failure message="Tab Name:Summary Row number:2 Column number:0 Expected result:675.0 Actual result:675.83" type="java.lang.AssertionError">java.lang.AssertionError: Tab Name:Summary Row number:2 Column number:0 Expected result:675.0 Actual result:675.83
	at org.junit.Assert.fail(Assert.java:88)
	at com.mifos.pages.FrontPage.verifyTabsdata(FrontPage.java:962)
	at com.mifos.steps.ClientSteps.I_verified_the_details_successfully(ClientSteps.java:41)
	at ✽.Then I verified the &quot;Summary&quot; details successfully(LoanRBI.feature:311)
</failure>
  </testcase>
  <testcase time="0" classname="Scenario: Loan-534-RBI-EPP-DB-SAR-REC-NON-RNI-CTPD-DL-MD-TR-1-EarlyRePayment" name="And I verified the \&quot;Repayment Schedule\&quot; details successfully">
    <skipped/>
  </testcase>
  <testcase time="0" classname="Scenario: Loan-534-RBI-EPP-DB-SAR-REC-NON-RNI-CTPD-DL-MD-TR-1-EarlyRePayment" name="When I make repayment and verified the following tabs">
    <skipped/>
  </testcase>
  <testcase time="0" classname="Scenario: Loan-535-RBI-EPP-DB-SAR-REC-NON-RNI-CTRFD-SAR-MD-TR-1-EarlyRePayment" name="Given I navigate to mifos"/>
  <testcase time="0" classname="Scenario: Loan-535-RBI-EPP-DB-SAR-REC-NON-RNI-CTRFD-SAR-MD-TR-1-EarlyRePayment" name="And I use login folder"/>
  <testcase time="0" classname="Scenario: Loan-535-RBI-EPP-DB-SAR-REC-NON-RNI-CTRFD-SAR-MD-TR-1-EarlyRePayment" name="When I login into mifos site using excel sheet"/>
  <testcase time="0" classname="Scenario: Loan-535-RBI-EPP-DB-SAR-REC-NON-RNI-CTRFD-SAR-MD-TR-1-EarlyRePayment" name="Then I should see logged in successfully"/>
  <testcase time="0" classname="Scenario: Loan-535-RBI-EPP-DB-SAR-REC-NON-RNI-CTRFD-SAR-MD-TR-1-EarlyRePayment" name="Given I setup the clients"/>
  <testcase time="0" classname="Scenario: Loan-535-RBI-EPP-DB-SAR-REC-NON-RNI-CTRFD-SAR-MD-TR-1-EarlyRePayment" name="When I entered the values into client form using"/>
  <testcase time="0" classname="Scenario: Loan-535-RBI-EPP-DB-SAR-REC-NON-RNI-CTRFD-SAR-MD-TR-1-EarlyRePayment" name="Then I should see client created successfully"/>
  <testcase time="0" classname="Scenario: Loan-535-RBI-EPP-DB-SAR-REC-NON-RNI-CTRFD-SAR-MD-TR-1-EarlyRePayment" name="When I set up the new create loan"/>
  <testcase time="0" classname="Scenario: Loan-535-RBI-EPP-DB-SAR-REC-NON-RNI-CTRFD-SAR-MD-TR-1-EarlyRePayment" name="Then I verified the \&quot;Summary\&quot; details successfully">
    <failure message="Tab Name:Summary Row number:2 Column number:0 Expected result:675.0 Actual result:700.0" type="java.lang.AssertionError">java.lang.AssertionError: Tab Name:Summary Row number:2 Column number:0 Expected result:675.0 Actual result:700.0
	at org.junit.Assert.fail(Assert.java:88)
	at com.mifos.pages.FrontPage.verifyTabsdata(FrontPage.java:962)
	at com.mifos.steps.ClientSteps.I_verified_the_details_successfully(ClientSteps.java:41)
	at ✽.Then I verified the &quot;Summary&quot; details successfully(LoanRBI.feature:329)
</failure>
  </testcase>
  <testcase time="0" classname="Scenario: Loan-535-RBI-EPP-DB-SAR-REC-NON-RNI-CTRFD-SAR-MD-TR-1-EarlyRePayment" name="Scenario: Loan-535-RBI-EPP-DB-SAR-REC-NON-RNI-CTRFD-SAR-MD-TR-1-EarlyRePayment">
    <failure message="Tab Name:Summary Row number:2 Column number:0 Expected result:675.0 Actual result:700.0" type="java.lang.AssertionError">java.lang.AssertionError: Tab Name:Summary Row number:2 Column number:0 Expected result:675.0 Actual result:700.0
	at org.junit.Assert.fail(Assert.java:88)
	at com.mifos.pages.FrontPage.verifyTabsdata(FrontPage.java:962)
	at com.mifos.steps.ClientSteps.I_verified_the_details_successfully(ClientSteps.java:41)
	at ✽.Then I verified the &quot;Summary&quot; details successfully(LoanRBI.feature:329)
</failure>
  </testcase>
  <testcase time="0" classname="Scenario: Loan-535-RBI-EPP-DB-SAR-REC-NON-RNI-CTRFD-SAR-MD-TR-1-EarlyRePayment" name="And I verified the \&quot;Repayment Schedule\&quot; details successfully">
    <skipped/>
  </testcase>
  <testcase time="0" classname="Scenario: Loan-535-RBI-EPP-DB-SAR-REC-NON-RNI-CTRFD-SAR-MD-TR-1-EarlyRePayment" name="When I make repayment and verified the following tabs">
    <skipped/>
  </testcase>
  <testcase time="0" classname="Scenario: Loan-536-RBI-EPP-DB-SAR-REC-NON-RNI-CTRFD-DL-MD-TR-1-EarlyRePayment" name="Given I navigate to mifos"/>
  <testcase time="0" classname="Scenario: Loan-536-RBI-EPP-DB-SAR-REC-NON-RNI-CTRFD-DL-MD-TR-1-EarlyRePayment" name="And I use login folder"/>
  <testcase time="0" classname="Scenario: Loan-536-RBI-EPP-DB-SAR-REC-NON-RNI-CTRFD-DL-MD-TR-1-EarlyRePayment" name="When I login into mifos site using excel sheet"/>
  <testcase time="0" classname="Scenario: Loan-536-RBI-EPP-DB-SAR-REC-NON-RNI-CTRFD-DL-MD-TR-1-EarlyRePayment" name="Then I should see logged in successfully"/>
  <testcase time="0" classname="Scenario: Loan-536-RBI-EPP-DB-SAR-REC-NON-RNI-CTRFD-DL-MD-TR-1-EarlyRePayment" name="Given I setup the clients"/>
  <testcase time="0" classname="Scenario: Loan-536-RBI-EPP-DB-SAR-REC-NON-RNI-CTRFD-DL-MD-TR-1-EarlyRePayment" name="When I entered the values into client form using"/>
  <testcase time="0" classname="Scenario: Loan-536-RBI-EPP-DB-SAR-REC-NON-RNI-CTRFD-DL-MD-TR-1-EarlyRePayment" name="Then I should see client created successfully"/>
  <testcase time="0" classname="Scenario: Loan-536-RBI-EPP-DB-SAR-REC-NON-RNI-CTRFD-DL-MD-TR-1-EarlyRePayment" name="When I set up the new create loan"/>
  <testcase time="0" classname="Scenario: Loan-536-RBI-EPP-DB-SAR-REC-NON-RNI-CTRFD-DL-MD-TR-1-EarlyRePayment" name="Then I verified the \&quot;Summary\&quot; details successfully">
    <failure message="Tab Name:Summary Row number:2 Column number:0 Expected result:675.0 Actual result:675.83" type="java.lang.AssertionError">java.lang.AssertionError: Tab Name:Summary Row number:2 Column number:0 Expected result:675.0 Actual result:675.83
	at org.junit.Assert.fail(Assert.java:88)
	at com.mifos.pages.FrontPage.verifyTabsdata(FrontPage.java:962)
	at com.mifos.steps.ClientSteps.I_verified_the_details_successfully(ClientSteps.java:41)
	at ✽.Then I verified the &quot;Summary&quot; details successfully(LoanRBI.feature:347)
</failure>
  </testcase>
  <testcase time="0" classname="Scenario: Loan-536-RBI-EPP-DB-SAR-REC-NON-RNI-CTRFD-DL-MD-TR-1-EarlyRePayment" name="Scenario: Loan-536-RBI-EPP-DB-SAR-REC-NON-RNI-CTRFD-DL-MD-TR-1-EarlyRePayment">
    <failure message="Tab Name:Summary Row number:2 Column number:0 Expected result:675.0 Actual result:675.83" type="java.lang.AssertionError">java.lang.AssertionError: Tab Name:Summary Row number:2 Column number:0 Expected result:675.0 Actual result:675.83
	at org.junit.Assert.fail(Assert.java:88)
	at com.mifos.pages.FrontPage.verifyTabsdata(FrontPage.java:962)
	at com.mifos.steps.ClientSteps.I_verified_the_details_successfully(ClientSteps.java:41)
	at ✽.Then I verified the &quot;Summary&quot; details successfully(LoanRBI.feature:347)
</failure>
  </testcase>
  <testcase time="0" classname="Scenario: Loan-536-RBI-EPP-DB-SAR-REC-NON-RNI-CTRFD-DL-MD-TR-1-EarlyRePayment" name="And I verified the \&quot;Repayment Schedule\&quot; details successfully">
    <skipped/>
  </testcase>
  <testcase time="0" classname="Scenario: Loan-536-RBI-EPP-DB-SAR-REC-NON-RNI-CTRFD-DL-MD-TR-1-EarlyRePayment" name="When I make repayment and verified the following tabs">
    <skipped/>
  </testcase>
  <testcase time="0" classname="Scenario: Loan-5RBI-EI-DB-DL-REC-NOCOM-RNI-CTPD-SAR-MD-TR-1-ONTIME" name="Given I navigate to mifos"/>
  <testcase time="0" classname="Scenario: Loan-5RBI-EI-DB-DL-REC-NOCOM-RNI-CTPD-SAR-MD-TR-1-ONTIME" name="And I use login folder"/>
  <testcase time="0" classname="Scenario: Loan-5RBI-EI-DB-DL-REC-NOCOM-RNI-CTPD-SAR-MD-TR-1-ONTIME" name="When I login into mifos site using excel sheet"/>
  <testcase time="0" classname="Scenario: Loan-5RBI-EI-DB-DL-REC-NOCOM-RNI-CTPD-SAR-MD-TR-1-ONTIME" name="Then I should see logged in successfully"/>
  <testcase time="0" classname="Scenario: Loan-5RBI-EI-DB-DL-REC-NOCOM-RNI-CTPD-SAR-MD-TR-1-ONTIME" name="Given I setup the clients"/>
  <testcase time="0" classname="Scenario: Loan-5RBI-EI-DB-DL-REC-NOCOM-RNI-CTPD-SAR-MD-TR-1-ONTIME" name="When I entered the values into client form using"/>
  <testcase time="0" classname="Scenario: Loan-5RBI-EI-DB-DL-REC-NOCOM-RNI-CTPD-SAR-MD-TR-1-ONTIME" name="Then I should see client created successfully"/>
  <testcase time="0" classname="Scenario: Loan-5RBI-EI-DB-DL-REC-NOCOM-RNI-CTPD-SAR-MD-TR-1-ONTIME" name="When I set up the new create loan"/>
  <testcase time="0.001" classname="Scenario: Loan-5RBI-EI-DB-DL-REC-NOCOM-RNI-CTPD-SAR-MD-TR-1-ONTIME" name="Then I verified the \&quot;Summary\&quot; details successfully">
    <failure message="Tab Name:Summary Row number:2 Column number:0 Expected result:685.07 Actual result:710.36" type="java.lang.AssertionError">java.lang.AssertionError: Tab Name:Summary Row number:2 Column number:0 Expected result:685.07 Actual result:710.36
	at org.junit.Assert.fail(Assert.java:88)
	at com.mifos.pages.FrontPage.verifyTabsdata(FrontPage.java:962)
	at com.mifos.steps.ClientSteps.I_verified_the_details_successfully(ClientSteps.java:41)
	at ✽.Then I verified the &quot;Summary&quot; details successfully(LoanRBI.feature:364)
</failure>
  </testcase>
  <testcase time="0.001" classname="Scenario: Loan-5RBI-EI-DB-DL-REC-NOCOM-RNI-CTPD-SAR-MD-TR-1-ONTIME" name="Scenario: Loan-5RBI-EI-DB-DL-REC-NOCOM-RNI-CTPD-SAR-MD-TR-1-ONTIME">
    <failure message="Tab Name:Summary Row number:2 Column number:0 Expected result:685.07 Actual result:710.36" type="java.lang.AssertionError">java.lang.AssertionError: Tab Name:Summary Row number:2 Column number:0 Expected result:685.07 Actual result:710.36
	at org.junit.Assert.fail(Assert.java:88)
	at com.mifos.pages.FrontPage.verifyTabsdata(FrontPage.java:962)
	at com.mifos.steps.ClientSteps.I_verified_the_details_successfully(ClientSteps.java:41)
	at ✽.Then I verified the &quot;Summary&quot; details successfully(LoanRBI.feature:364)
</failure>
  </testcase>
  <testcase time="0.001" classname="Scenario: Loan-5RBI-EI-DB-DL-REC-NOCOM-RNI-CTPD-SAR-MD-TR-1-ONTIME" name="And I verified the \&quot;Repayment Schedule\&quot; details successfully">
    <skipped/>
  </testcase>
  <testcase time="0.001" classname="Scenario: Loan-5RBI-EI-DB-DL-REC-NOCOM-RNI-CTPD-SAR-MD-TR-1-ONTIME" name="When I make repayment and verified the following tabs">
    <skipped/>
  </testcase>
  <testcase time="0" classname="Scenario: Loan-6RBI-EI-DB-DL-REC-NOCOM-RNI-CTPD-DL-MD-TR-1-ONTIME" name="Given I navigate to mifos"/>
  <testcase time="0" classname="Scenario: Loan-6RBI-EI-DB-DL-REC-NOCOM-RNI-CTPD-DL-MD-TR-1-ONTIME" name="And I use login folder"/>
  <testcase time="0" classname="Scenario: Loan-6RBI-EI-DB-DL-REC-NOCOM-RNI-CTPD-DL-MD-TR-1-ONTIME" name="When I login into mifos site using excel sheet"/>
  <testcase time="0" classname="Scenario: Loan-6RBI-EI-DB-DL-REC-NOCOM-RNI-CTPD-DL-MD-TR-1-ONTIME" name="Then I should see logged in successfully"/>
  <testcase time="0" classname="Scenario: Loan-6RBI-EI-DB-DL-REC-NOCOM-RNI-CTPD-DL-MD-TR-1-ONTIME" name="Given I setup the clients"/>
  <testcase time="0" classname="Scenario: Loan-6RBI-EI-DB-DL-REC-NOCOM-RNI-CTPD-DL-MD-TR-1-ONTIME" name="When I entered the values into client form using"/>
  <testcase time="0" classname="Scenario: Loan-6RBI-EI-DB-DL-REC-NOCOM-RNI-CTPD-DL-MD-TR-1-ONTIME" name="Then I should see client created successfully"/>
  <testcase time="0" classname="Scenario: Loan-6RBI-EI-DB-DL-REC-NOCOM-RNI-CTPD-DL-MD-TR-1-ONTIME" name="When I set up the new create loan"/>
  <testcase time="0" classname="Scenario: Loan-6RBI-EI-DB-DL-REC-NOCOM-RNI-CTPD-DL-MD-TR-1-ONTIME" name="Then I verified the \&quot;Summary\&quot; details successfully">
    <failure message="Tab Name:Summary Row number:2 Column number:0 Expected result:685.07 Actual result:685.92" type="java.lang.AssertionError">java.lang.AssertionError: Tab Name:Summary Row number:2 Column number:0 Expected result:685.07 Actual result:685.92
	at org.junit.Assert.fail(Assert.java:88)
	at com.mifos.pages.FrontPage.verifyTabsdata(FrontPage.java:962)
	at com.mifos.steps.ClientSteps.I_verified_the_details_successfully(ClientSteps.java:41)
	at ✽.Then I verified the &quot;Summary&quot; details successfully(LoanRBI.feature:382)
</failure>
  </testcase>
  <testcase time="0" classname="Scenario: Loan-6RBI-EI-DB-DL-REC-NOCOM-RNI-CTPD-DL-MD-TR-1-ONTIME" name="Scenario: Loan-6RBI-EI-DB-DL-REC-NOCOM-RNI-CTPD-DL-MD-TR-1-ONTIME">
    <failure message="Tab Name:Summary Row number:2 Column number:0 Expected result:685.07 Actual result:685.92" type="java.lang.AssertionError">java.lang.AssertionError: Tab Name:Summary Row number:2 Column number:0 Expected result:685.07 Actual result:685.92
	at org.junit.Assert.fail(Assert.java:88)
	at com.mifos.pages.FrontPage.verifyTabsdata(FrontPage.java:962)
	at com.mifos.steps.ClientSteps.I_verified_the_details_successfully(ClientSteps.java:41)
	at ✽.Then I verified the &quot;Summary&quot; details successfully(LoanRBI.feature:382)
</failure>
  </testcase>
  <testcase time="0" classname="Scenario: Loan-6RBI-EI-DB-DL-REC-NOCOM-RNI-CTPD-DL-MD-TR-1-ONTIME" name="And I verified the \&quot;Repayment Schedule\&quot; details successfully">
    <skipped/>
  </testcase>
  <testcase time="0" classname="Scenario: Loan-6RBI-EI-DB-DL-REC-NOCOM-RNI-CTPD-DL-MD-TR-1-ONTIME" name="When I make repayment and verified the following tabs">
    <skipped/>
  </testcase>
  <testcase time="0" classname="Scenario: Loan7-RBI-EI-DB-DL-REC-NOCOM-RNI-CTRFD-SAR-MD-TR-1-ONTIME" name="Given I navigate to mifos"/>
  <testcase time="0" classname="Scenario: Loan7-RBI-EI-DB-DL-REC-NOCOM-RNI-CTRFD-SAR-MD-TR-1-ONTIME" name="And I use login folder"/>
  <testcase time="0" classname="Scenario: Loan7-RBI-EI-DB-DL-REC-NOCOM-RNI-CTRFD-SAR-MD-TR-1-ONTIME" name="When I login into mifos site using excel sheet"/>
  <testcase time="0" classname="Scenario: Loan7-RBI-EI-DB-DL-REC-NOCOM-RNI-CTRFD-SAR-MD-TR-1-ONTIME" name="Then I should see logged in successfully"/>
  <testcase time="0" classname="Scenario: Loan7-RBI-EI-DB-DL-REC-NOCOM-RNI-CTRFD-SAR-MD-TR-1-ONTIME" name="Given I setup the clients"/>
  <testcase time="0" classname="Scenario: Loan7-RBI-EI-DB-DL-REC-NOCOM-RNI-CTRFD-SAR-MD-TR-1-ONTIME" name="When I entered the values into client form using"/>
  <testcase time="0" classname="Scenario: Loan7-RBI-EI-DB-DL-REC-NOCOM-RNI-CTRFD-SAR-MD-TR-1-ONTIME" name="Then I should see client created successfully"/>
  <testcase time="0" classname="Scenario: Loan7-RBI-EI-DB-DL-REC-NOCOM-RNI-CTRFD-SAR-MD-TR-1-ONTIME" name="When I set up the new create loan"/>
  <testcase time="0" classname="Scenario: Loan7-RBI-EI-DB-DL-REC-NOCOM-RNI-CTRFD-SAR-MD-TR-1-ONTIME" name="Then I verified the \&quot;Summary\&quot; details successfully">
    <failure message="Tab Name:Summary Row number:2 Column number:0 Expected result:685.07 Actual result:710.36" type="java.lang.AssertionError">java.lang.AssertionError: Tab Name:Summary Row number:2 Column number:0 Expected result:685.07 Actual result:710.36
	at org.junit.Assert.fail(Assert.java:88)
	at com.mifos.pages.FrontPage.verifyTabsdata(FrontPage.java:962)
	at com.mifos.steps.ClientSteps.I_verified_the_details_successfully(ClientSteps.java:41)
	at ✽.Then I verified the &quot;Summary&quot; details successfully(LoanRBI.feature:399)
</failure>
  </testcase>
  <testcase time="0" classname="Scenario: Loan7-RBI-EI-DB-DL-REC-NOCOM-RNI-CTRFD-SAR-MD-TR-1-ONTIME" name="Scenario: Loan7-RBI-EI-DB-DL-REC-NOCOM-RNI-CTRFD-SAR-MD-TR-1-ONTIME">
    <failure message="Tab Name:Summary Row number:2 Column number:0 Expected result:685.07 Actual result:710.36" type="java.lang.AssertionError">java.lang.AssertionError: Tab Name:Summary Row number:2 Column number:0 Expected result:685.07 Actual result:710.36
	at org.junit.Assert.fail(Assert.java:88)
	at com.mifos.pages.FrontPage.verifyTabsdata(FrontPage.java:962)
	at com.mifos.steps.ClientSteps.I_verified_the_details_successfully(ClientSteps.java:41)
	at ✽.Then I verified the &quot;Summary&quot; details successfully(LoanRBI.feature:399)
</failure>
  </testcase>
  <testcase time="0" classname="Scenario: Loan7-RBI-EI-DB-DL-REC-NOCOM-RNI-CTRFD-SAR-MD-TR-1-ONTIME" name="And I verified the \&quot;Repayment Schedule\&quot; details successfully">
    <skipped/>
  </testcase>
  <testcase time="0" classname="Scenario: Loan7-RBI-EI-DB-DL-REC-NOCOM-RNI-CTRFD-SAR-MD-TR-1-ONTIME" name="When I make repayment and verified the following tabs">
    <skipped/>
  </testcase>
  <testcase time="0" classname="Scenario: Loan-8RBI-EI-DB-DL-REC-NOCOM-RNI-CTRFD-DL-MD-TR-1-ONTIME" name="Given I navigate to mifos"/>
  <testcase time="0" classname="Scenario: Loan-8RBI-EI-DB-DL-REC-NOCOM-RNI-CTRFD-DL-MD-TR-1-ONTIME" name="And I use login folder"/>
  <testcase time="0" classname="Scenario: Loan-8RBI-EI-DB-DL-REC-NOCOM-RNI-CTRFD-DL-MD-TR-1-ONTIME" name="When I login into mifos site using excel sheet"/>
  <testcase time="0" classname="Scenario: Loan-8RBI-EI-DB-DL-REC-NOCOM-RNI-CTRFD-DL-MD-TR-1-ONTIME" name="Then I should see logged in successfully"/>
  <testcase time="0" classname="Scenario: Loan-8RBI-EI-DB-DL-REC-NOCOM-RNI-CTRFD-DL-MD-TR-1-ONTIME" name="Given I setup the clients"/>
  <testcase time="0" classname="Scenario: Loan-8RBI-EI-DB-DL-REC-NOCOM-RNI-CTRFD-DL-MD-TR-1-ONTIME" name="When I entered the values into client form using"/>
  <testcase time="0" classname="Scenario: Loan-8RBI-EI-DB-DL-REC-NOCOM-RNI-CTRFD-DL-MD-TR-1-ONTIME" name="Then I should see client created successfully"/>
  <testcase time="0" classname="Scenario: Loan-8RBI-EI-DB-DL-REC-NOCOM-RNI-CTRFD-DL-MD-TR-1-ONTIME" name="When I set up the new create loan"/>
  <testcase time="0" classname="Scenario: Loan-8RBI-EI-DB-DL-REC-NOCOM-RNI-CTRFD-DL-MD-TR-1-ONTIME" name="Then I verified the \&quot;Summary\&quot; details successfully">
    <failure message="Tab Name:Summary Row number:2 Column number:0 Expected result:685.07 Actual result:685.92" type="java.lang.AssertionError">java.lang.AssertionError: Tab Name:Summary Row number:2 Column number:0 Expected result:685.07 Actual result:685.92
	at org.junit.Assert.fail(Assert.java:88)
	at com.mifos.pages.FrontPage.verifyTabsdata(FrontPage.java:962)
	at com.mifos.steps.ClientSteps.I_verified_the_details_successfully(ClientSteps.java:41)
	at ✽.Then I verified the &quot;Summary&quot; details successfully(LoanRBI.feature:417)
</failure>
  </testcase>
  <testcase time="0" classname="Scenario: Loan-8RBI-EI-DB-DL-REC-NOCOM-RNI-CTRFD-DL-MD-TR-1-ONTIME" name="Scenario: Loan-8RBI-EI-DB-DL-REC-NOCOM-RNI-CTRFD-DL-MD-TR-1-ONTIME">
    <failure message="Tab Name:Summary Row number:2 Column number:0 Expected result:685.07 Actual result:685.92" type="java.lang.AssertionError">java.lang.AssertionError: Tab Name:Summary Row number:2 Column number:0 Expected result:685.07 Actual result:685.92
	at org.junit.Assert.fail(Assert.java:88)
	at com.mifos.pages.FrontPage.verifyTabsdata(FrontPage.java:962)
	at com.mifos.steps.ClientSteps.I_verified_the_details_successfully(ClientSteps.java:41)
	at ✽.Then I verified the &quot;Summary&quot; details successfully(LoanRBI.feature:417)
</failure>
  </testcase>
  <testcase time="0" classname="Scenario: Loan-8RBI-EI-DB-DL-REC-NOCOM-RNI-CTRFD-DL-MD-TR-1-ONTIME" name="And I verified the \&quot;Repayment Schedule\&quot; details successfully">
    <skipped/>
  </testcase>
  <testcase time="0" classname="Scenario: Loan-8RBI-EI-DB-DL-REC-NOCOM-RNI-CTRFD-DL-MD-TR-1-ONTIME" name="When I make repayment and verified the following tabs">
    <skipped/>
  </testcase>
  <testcase time="0" classname="Scenario: Loan-53RBI-EI-DB-SAR-REC-NOCOM-RNI-CTPD-SAR-MD-TR-1-ONTIME" name="Given I navigate to mifos"/>
  <testcase time="0" classname="Scenario: Loan-53RBI-EI-DB-SAR-REC-NOCOM-RNI-CTPD-SAR-MD-TR-1-ONTIME" name="And I use login folder"/>
  <testcase time="0" classname="Scenario: Loan-53RBI-EI-DB-SAR-REC-NOCOM-RNI-CTPD-SAR-MD-TR-1-ONTIME" name="When I login into mifos site using excel sheet"/>
  <testcase time="0" classname="Scenario: Loan-53RBI-EI-DB-SAR-REC-NOCOM-RNI-CTPD-SAR-MD-TR-1-ONTIME" name="Then I should see logged in successfully"/>
  <testcase time="0" classname="Scenario: Loan-53RBI-EI-DB-SAR-REC-NOCOM-RNI-CTPD-SAR-MD-TR-1-ONTIME" name="Given I setup the clients"/>
  <testcase time="0" classname="Scenario: Loan-53RBI-EI-DB-SAR-REC-NOCOM-RNI-CTPD-SAR-MD-TR-1-ONTIME" name="When I entered the values into client form using"/>
  <testcase time="0" classname="Scenario: Loan-53RBI-EI-DB-SAR-REC-NOCOM-RNI-CTPD-SAR-MD-TR-1-ONTIME" name="Then I should see client created successfully"/>
  <testcase time="0" classname="Scenario: Loan-53RBI-EI-DB-SAR-REC-NOCOM-RNI-CTPD-SAR-MD-TR-1-ONTIME" name="When I set up the new create loan"/>
  <testcase time="0" classname="Scenario: Loan-53RBI-EI-DB-SAR-REC-NOCOM-RNI-CTPD-SAR-MD-TR-1-ONTIME" name="Then I verified the \&quot;Summary\&quot; details successfully">
    <failure message="Tab Name:Summary Row number:2 Column number:0 Expected result:687.81 Actual result:713.42" type="java.lang.AssertionError">java.lang.AssertionError: Tab Name:Summary Row number:2 Column number:0 Expected result:687.81 Actual result:713.42
	at org.junit.Assert.fail(Assert.java:88)
	at com.mifos.pages.FrontPage.verifyTabsdata(FrontPage.java:962)
	at com.mifos.steps.ClientSteps.I_verified_the_details_successfully(ClientSteps.java:41)
	at ✽.Then I verified the &quot;Summary&quot; details successfully(LoanRBI.feature:434)
</failure>
  </testcase>
  <testcase time="0" classname="Scenario: Loan-53RBI-EI-DB-SAR-REC-NOCOM-RNI-CTPD-SAR-MD-TR-1-ONTIME" name="Scenario: Loan-53RBI-EI-DB-SAR-REC-NOCOM-RNI-CTPD-SAR-MD-TR-1-ONTIME">
    <failure message="Tab Name:Summary Row number:2 Column number:0 Expected result:687.81 Actual result:713.42" type="java.lang.AssertionError">java.lang.AssertionError: Tab Name:Summary Row number:2 Column number:0 Expected result:687.81 Actual result:713.42
	at org.junit.Assert.fail(Assert.java:88)
	at com.mifos.pages.FrontPage.verifyTabsdata(FrontPage.java:962)
	at com.mifos.steps.ClientSteps.I_verified_the_details_successfully(ClientSteps.java:41)
	at ✽.Then I verified the &quot;Summary&quot; details successfully(LoanRBI.feature:434)
</failure>
  </testcase>
  <testcase time="0" classname="Scenario: Loan-53RBI-EI-DB-SAR-REC-NOCOM-RNI-CTPD-SAR-MD-TR-1-ONTIME" name="And I verified the \&quot;Repayment Schedule\&quot; details successfully">
    <skipped/>
  </testcase>
  <testcase time="0" classname="Scenario: Loan-53RBI-EI-DB-SAR-REC-NOCOM-RNI-CTPD-SAR-MD-TR-1-ONTIME" name="When I make repayment and verified the following tabs">
    <skipped/>
  </testcase>
  <testcase time="0" classname="Scenario: Loan-54RBI-EI-DB-SAR-REC-NOCOM-RNI-CTPD-DL-MD-TR-1-ONTIME" name="Given I navigate to mifos"/>
  <testcase time="0" classname="Scenario: Loan-54RBI-EI-DB-SAR-REC-NOCOM-RNI-CTPD-DL-MD-TR-1-ONTIME" name="And I use login folder"/>
  <testcase time="0" classname="Scenario: Loan-54RBI-EI-DB-SAR-REC-NOCOM-RNI-CTPD-DL-MD-TR-1-ONTIME" name="When I login into mifos site using excel sheet"/>
  <testcase time="0" classname="Scenario: Loan-54RBI-EI-DB-SAR-REC-NOCOM-RNI-CTPD-DL-MD-TR-1-ONTIME" name="Then I should see logged in successfully"/>
  <testcase time="0" classname="Scenario: Loan-54RBI-EI-DB-SAR-REC-NOCOM-RNI-CTPD-DL-MD-TR-1-ONTIME" name="Given I setup the clients"/>
  <testcase time="0" classname="Scenario: Loan-54RBI-EI-DB-SAR-REC-NOCOM-RNI-CTPD-DL-MD-TR-1-ONTIME" name="When I entered the values into client form using"/>
  <testcase time="0" classname="Scenario: Loan-54RBI-EI-DB-SAR-REC-NOCOM-RNI-CTPD-DL-MD-TR-1-ONTIME" name="Then I should see client created successfully"/>
  <testcase time="0" classname="Scenario: Loan-54RBI-EI-DB-SAR-REC-NOCOM-RNI-CTPD-DL-MD-TR-1-ONTIME" name="When I set up the new create loan"/>
  <testcase time="0" classname="Scenario: Loan-54RBI-EI-DB-SAR-REC-NOCOM-RNI-CTPD-DL-MD-TR-1-ONTIME" name="Then I verified the \&quot;Summary\&quot; details successfully">
    <failure message="Tab Name:Summary Row number:2 Column number:0 Expected result:687.81 Actual result:688.66" type="java.lang.AssertionError">java.lang.AssertionError: Tab Name:Summary Row number:2 Column number:0 Expected result:687.81 Actual result:688.66
	at org.junit.Assert.fail(Assert.java:88)
	at com.mifos.pages.FrontPage.verifyTabsdata(FrontPage.java:962)
	at com.mifos.steps.ClientSteps.I_verified_the_details_successfully(ClientSteps.java:41)
	at ✽.Then I verified the &quot;Summary&quot; details successfully(LoanRBI.feature:451)
</failure>
  </testcase>
  <testcase time="0" classname="Scenario: Loan-54RBI-EI-DB-SAR-REC-NOCOM-RNI-CTPD-DL-MD-TR-1-ONTIME" name="Scenario: Loan-54RBI-EI-DB-SAR-REC-NOCOM-RNI-CTPD-DL-MD-TR-1-ONTIME">
    <failure message="Tab Name:Summary Row number:2 Column number:0 Expected result:687.81 Actual result:688.66" type="java.lang.AssertionError">java.lang.AssertionError: Tab Name:Summary Row number:2 Column number:0 Expected result:687.81 Actual result:688.66
	at org.junit.Assert.fail(Assert.java:88)
	at com.mifos.pages.FrontPage.verifyTabsdata(FrontPage.java:962)
	at com.mifos.steps.ClientSteps.I_verified_the_details_successfully(ClientSteps.java:41)
	at ✽.Then I verified the &quot;Summary&quot; details successfully(LoanRBI.feature:451)
</failure>
  </testcase>
  <testcase time="0" classname="Scenario: Loan-54RBI-EI-DB-SAR-REC-NOCOM-RNI-CTPD-DL-MD-TR-1-ONTIME" name="And I verified the \&quot;Repayment Schedule\&quot; details successfully">
    <skipped/>
  </testcase>
  <testcase time="0" classname="Scenario: Loan-54RBI-EI-DB-SAR-REC-NOCOM-RNI-CTPD-DL-MD-TR-1-ONTIME" name="When I make repayment and verified the following tabs">
    <skipped/>
  </testcase>
  <testcase time="0" classname="Scenario: Loan-55RBI-EI-DB-SAR-REC-NOCOM-RNI-CTRFD-SAR-MD-TR-1-ONTIME" name="Given I navigate to mifos"/>
  <testcase time="0" classname="Scenario: Loan-55RBI-EI-DB-SAR-REC-NOCOM-RNI-CTRFD-SAR-MD-TR-1-ONTIME" name="And I use login folder"/>
  <testcase time="0" classname="Scenario: Loan-55RBI-EI-DB-SAR-REC-NOCOM-RNI-CTRFD-SAR-MD-TR-1-ONTIME" name="When I login into mifos site using excel sheet"/>
  <testcase time="0" classname="Scenario: Loan-55RBI-EI-DB-SAR-REC-NOCOM-RNI-CTRFD-SAR-MD-TR-1-ONTIME" name="Then I should see logged in successfully"/>
  <testcase time="0" classname="Scenario: Loan-55RBI-EI-DB-SAR-REC-NOCOM-RNI-CTRFD-SAR-MD-TR-1-ONTIME" name="Given I setup the clients"/>
  <testcase time="0" classname="Scenario: Loan-55RBI-EI-DB-SAR-REC-NOCOM-RNI-CTRFD-SAR-MD-TR-1-ONTIME" name="When I entered the values into client form using"/>
  <testcase time="0" classname="Scenario: Loan-55RBI-EI-DB-SAR-REC-NOCOM-RNI-CTRFD-SAR-MD-TR-1-ONTIME" name="Then I should see client created successfully"/>
  <testcase time="0" classname="Scenario: Loan-55RBI-EI-DB-SAR-REC-NOCOM-RNI-CTRFD-SAR-MD-TR-1-ONTIME" name="When I set up the new create loan"/>
  <testcase time="0" classname="Scenario: Loan-55RBI-EI-DB-SAR-REC-NOCOM-RNI-CTRFD-SAR-MD-TR-1-ONTIME" name="Then I verified the \&quot;Summary\&quot; details successfully">
    <failure message="Tab Name:Summary Row number:2 Column number:0 Expected result:687.81 Actual result:713.42" type="java.lang.AssertionError">java.lang.AssertionError: Tab Name:Summary Row number:2 Column number:0 Expected result:687.81 Actual result:713.42
	at org.junit.Assert.fail(Assert.java:88)
	at com.mifos.pages.FrontPage.verifyTabsdata(FrontPage.java:962)
	at com.mifos.steps.ClientSteps.I_verified_the_details_successfully(ClientSteps.java:41)
	at ✽.Then I verified the &quot;Summary&quot; details successfully(LoanRBI.feature:468)
</failure>
  </testcase>
  <testcase time="0" classname="Scenario: Loan-55RBI-EI-DB-SAR-REC-NOCOM-RNI-CTRFD-SAR-MD-TR-1-ONTIME" name="Scenario: Loan-55RBI-EI-DB-SAR-REC-NOCOM-RNI-CTRFD-SAR-MD-TR-1-ONTIME">
    <failure message="Tab Name:Summary Row number:2 Column number:0 Expected result:687.81 Actual result:713.42" type="java.lang.AssertionError">java.lang.AssertionError: Tab Name:Summary Row number:2 Column number:0 Expected result:687.81 Actual result:713.42
	at org.junit.Assert.fail(Assert.java:88)
	at com.mifos.pages.FrontPage.verifyTabsdata(FrontPage.java:962)
	at com.mifos.steps.ClientSteps.I_verified_the_details_successfully(ClientSteps.java:41)
	at ✽.Then I verified the &quot;Summary&quot; details successfully(LoanRBI.feature:468)
</failure>
  </testcase>
  <testcase time="0.001" classname="Scenario: Loan-55RBI-EI-DB-SAR-REC-NOCOM-RNI-CTRFD-SAR-MD-TR-1-ONTIME" name="And I verified the \&quot;Repayment Schedule\&quot; details successfully">
    <skipped/>
  </testcase>
  <testcase time="0.001" classname="Scenario: Loan-55RBI-EI-DB-SAR-REC-NOCOM-RNI-CTRFD-SAR-MD-TR-1-ONTIME" name="When I make repayment and verified the following tabs">
    <skipped/>
  </testcase>
  <testcase time="0" classname="Scenario: Loan-56RBI-EI-DB-SAR-REC-NOCOM-RNI-CTRFD-DL-MD-TR-1-ONTIME" name="Given I navigate to mifos"/>
  <testcase time="0" classname="Scenario: Loan-56RBI-EI-DB-SAR-REC-NOCOM-RNI-CTRFD-DL-MD-TR-1-ONTIME" name="And I use login folder"/>
  <testcase time="0" classname="Scenario: Loan-56RBI-EI-DB-SAR-REC-NOCOM-RNI-CTRFD-DL-MD-TR-1-ONTIME" name="When I login into mifos site using excel sheet"/>
  <testcase time="0" classname="Scenario: Loan-56RBI-EI-DB-SAR-REC-NOCOM-RNI-CTRFD-DL-MD-TR-1-ONTIME" name="Then I should see logged in successfully"/>
  <testcase time="0" classname="Scenario: Loan-56RBI-EI-DB-SAR-REC-NOCOM-RNI-CTRFD-DL-MD-TR-1-ONTIME" name="Given I setup the clients"/>
  <testcase time="0" classname="Scenario: Loan-56RBI-EI-DB-SAR-REC-NOCOM-RNI-CTRFD-DL-MD-TR-1-ONTIME" name="When I entered the values into client form using"/>
  <testcase time="0" classname="Scenario: Loan-56RBI-EI-DB-SAR-REC-NOCOM-RNI-CTRFD-DL-MD-TR-1-ONTIME" name="Then I should see client created successfully"/>
  <testcase time="0" classname="Scenario: Loan-56RBI-EI-DB-SAR-REC-NOCOM-RNI-CTRFD-DL-MD-TR-1-ONTIME" name="When I set up the new create loan"/>
  <testcase time="0" classname="Scenario: Loan-56RBI-EI-DB-SAR-REC-NOCOM-RNI-CTRFD-DL-MD-TR-1-ONTIME" name="Then I verified the \&quot;Summary\&quot; details successfully"/>
  <testcase time="0" classname="Scenario: Loan-56RBI-EI-DB-SAR-REC-NOCOM-RNI-CTRFD-DL-MD-TR-1-ONTIME" name="And I verified the \&quot;Repayment Schedule\&quot; details successfully"/>
  <testcase time="0" classname="Scenario: Loan-56RBI-EI-DB-SAR-REC-NOCOM-RNI-CTRFD-DL-MD-TR-1-ONTIME" name="When I make repayment and verified the following tabs"/>
  <testcase time="1.312" classname="Scenario: Loan-56RBI-EI-DB-SAR-REC-NOCOM-RNI-CTRFD-DL-MD-TR-1-ONTIME" name="Scenario: Loan-56RBI-EI-DB-SAR-REC-NOCOM-RNI-CTRFD-DL-MD-TR-1-ONTIME"/>
  <testcase time="0" classname="Scenario: Loan-101RBI-EPP-DB-DL-REC-NOCOM-RNI-CTPD-SAR-MD-TR-1-ONTIME" name="Given I navigate to mifos"/>
  <testcase time="0" classname="Scenario: Loan-101RBI-EPP-DB-DL-REC-NOCOM-RNI-CTPD-SAR-MD-TR-1-ONTIME" name="And I use login folder"/>
  <testcase time="0" classname="Scenario: Loan-101RBI-EPP-DB-DL-REC-NOCOM-RNI-CTPD-SAR-MD-TR-1-ONTIME" name="When I login into mifos site using excel sheet"/>
  <testcase time="0" classname="Scenario: Loan-101RBI-EPP-DB-DL-REC-NOCOM-RNI-CTPD-SAR-MD-TR-1-ONTIME" name="Then I should see logged in successfully"/>
  <testcase time="0" classname="Scenario: Loan-101RBI-EPP-DB-DL-REC-NOCOM-RNI-CTPD-SAR-MD-TR-1-ONTIME" name="Given I setup the clients"/>
  <testcase time="0" classname="Scenario: Loan-101RBI-EPP-DB-DL-REC-NOCOM-RNI-CTPD-SAR-MD-TR-1-ONTIME" name="When I entered the values into client form using"/>
  <testcase time="0" classname="Scenario: Loan-101RBI-EPP-DB-DL-REC-NOCOM-RNI-CTPD-SAR-MD-TR-1-ONTIME" name="Then I should see client created successfully"/>
  <testcase time="0" classname="Scenario: Loan-101RBI-EPP-DB-DL-REC-NOCOM-RNI-CTPD-SAR-MD-TR-1-ONTIME" name="When I set up the new create loan"/>
  <testcase time="0" classname="Scenario: Loan-101RBI-EPP-DB-DL-REC-NOCOM-RNI-CTPD-SAR-MD-TR-1-ONTIME" name="Then I verified the \&quot;Summary\&quot; details successfully">
    <failure message="Tab Name:Summary Row number:2 Column number:0 Expected result:672.06 Actual result:696.72" type="java.lang.AssertionError">java.lang.AssertionError: Tab Name:Summary Row number:2 Column number:0 Expected result:672.06 Actual result:696.72
	at org.junit.Assert.fail(Assert.java:88)
	at com.mifos.pages.FrontPage.verifyTabsdata(FrontPage.java:962)
	at com.mifos.steps.ClientSteps.I_verified_the_details_successfully(ClientSteps.java:41)
	at ✽.Then I verified the &quot;Summary&quot; details successfully(LoanRBI.feature:502)
</failure>
  </testcase>
  <testcase time="0" classname="Scenario: Loan-101RBI-EPP-DB-DL-REC-NOCOM-RNI-CTPD-SAR-MD-TR-1-ONTIME" name="Scenario: Loan-101RBI-EPP-DB-DL-REC-NOCOM-RNI-CTPD-SAR-MD-TR-1-ONTIME">
    <failure message="Tab Name:Summary Row number:2 Column number:0 Expected result:672.06 Actual result:696.72" type="java.lang.AssertionError">java.lang.AssertionError: Tab Name:Summary Row number:2 Column number:0 Expected result:672.06 Actual result:696.72
	at org.junit.Assert.fail(Assert.java:88)
	at com.mifos.pages.FrontPage.verifyTabsdata(FrontPage.java:962)
	at com.mifos.steps.ClientSteps.I_verified_the_details_successfully(ClientSteps.java:41)
	at ✽.Then I verified the &quot;Summary&quot; details successfully(LoanRBI.feature:502)
</failure>
  </testcase>
  <testcase time="0" classname="Scenario: Loan-101RBI-EPP-DB-DL-REC-NOCOM-RNI-CTPD-SAR-MD-TR-1-ONTIME" name="And I verified the \&quot;Repayment Schedule\&quot; details successfully">
    <skipped/>
  </testcase>
  <testcase time="0" classname="Scenario: Loan-101RBI-EPP-DB-DL-REC-NOCOM-RNI-CTPD-SAR-MD-TR-1-ONTIME" name="When I make repayment and verified the following tabs">
    <skipped/>
  </testcase>
  <testcase time="0" classname="Scenario: Loan-102RBI-EPP-DB-DL-REC-NON-RNI-CTPD-DL-MD-TR-1-ONTIME" name="Given I navigate to mifos"/>
  <testcase time="0" classname="Scenario: Loan-102RBI-EPP-DB-DL-REC-NON-RNI-CTPD-DL-MD-TR-1-ONTIME" name="And I use login folder"/>
  <testcase time="0" classname="Scenario: Loan-102RBI-EPP-DB-DL-REC-NON-RNI-CTPD-DL-MD-TR-1-ONTIME" name="When I login into mifos site using excel sheet"/>
  <testcase time="0" classname="Scenario: Loan-102RBI-EPP-DB-DL-REC-NON-RNI-CTPD-DL-MD-TR-1-ONTIME" name="Then I should see logged in successfully"/>
  <testcase time="0" classname="Scenario: Loan-102RBI-EPP-DB-DL-REC-NON-RNI-CTPD-DL-MD-TR-1-ONTIME" name="Given I setup the clients"/>
  <testcase time="0" classname="Scenario: Loan-102RBI-EPP-DB-DL-REC-NON-RNI-CTPD-DL-MD-TR-1-ONTIME" name="When I entered the values into client form using"/>
  <testcase time="0" classname="Scenario: Loan-102RBI-EPP-DB-DL-REC-NON-RNI-CTPD-DL-MD-TR-1-ONTIME" name="Then I should see client created successfully"/>
  <testcase time="0" classname="Scenario: Loan-102RBI-EPP-DB-DL-REC-NON-RNI-CTPD-DL-MD-TR-1-ONTIME" name="When I set up the new create loan"/>
  <testcase time="0" classname="Scenario: Loan-102RBI-EPP-DB-DL-REC-NON-RNI-CTPD-DL-MD-TR-1-ONTIME" name="Then I verified the \&quot;Summary\&quot; details successfully">
    <failure message="Tab Name:Summary Row number:2 Column number:0 Expected result:672.06 Actual result:672.89" type="java.lang.AssertionError">java.lang.AssertionError: Tab Name:Summary Row number:2 Column number:0 Expected result:672.06 Actual result:672.89
	at org.junit.Assert.fail(Assert.java:88)
	at com.mifos.pages.FrontPage.verifyTabsdata(FrontPage.java:962)
	at com.mifos.steps.ClientSteps.I_verified_the_details_successfully(ClientSteps.java:41)
	at ✽.Then I verified the &quot;Summary&quot; details successfully(LoanRBI.feature:519)
</failure>
  </testcase>
  <testcase time="0" classname="Scenario: Loan-102RBI-EPP-DB-DL-REC-NON-RNI-CTPD-DL-MD-TR-1-ONTIME" name="Scenario: Loan-102RBI-EPP-DB-DL-REC-NON-RNI-CTPD-DL-MD-TR-1-ONTIME">
    <failure message="Tab Name:Summary Row number:2 Column number:0 Expected result:672.06 Actual result:672.89" type="java.lang.AssertionError">java.lang.AssertionError: Tab Name:Summary Row number:2 Column number:0 Expected result:672.06 Actual result:672.89
	at org.junit.Assert.fail(Assert.java:88)
	at com.mifos.pages.FrontPage.verifyTabsdata(FrontPage.java:962)
	at com.mifos.steps.ClientSteps.I_verified_the_details_successfully(ClientSteps.java:41)
	at ✽.Then I verified the &quot;Summary&quot; details successfully(LoanRBI.feature:519)
</failure>
  </testcase>
  <testcase time="0" classname="Scenario: Loan-102RBI-EPP-DB-DL-REC-NON-RNI-CTPD-DL-MD-TR-1-ONTIME" name="And I verified the \&quot;Repayment Schedule\&quot; details successfully">
    <skipped/>
  </testcase>
  <testcase time="0" classname="Scenario: Loan-102RBI-EPP-DB-DL-REC-NON-RNI-CTPD-DL-MD-TR-1-ONTIME" name="When I make repayment and verified the following tabs">
    <skipped/>
  </testcase>
  <testcase time="0" classname="Scenario: Loan-103RBI-EPP-DB-DL-REC-NON-RNI-CTRFD-SAR-MD-TR-1-ONTIME" name="Given I navigate to mifos"/>
  <testcase time="0" classname="Scenario: Loan-103RBI-EPP-DB-DL-REC-NON-RNI-CTRFD-SAR-MD-TR-1-ONTIME" name="And I use login folder"/>
  <testcase time="0" classname="Scenario: Loan-103RBI-EPP-DB-DL-REC-NON-RNI-CTRFD-SAR-MD-TR-1-ONTIME" name="When I login into mifos site using excel sheet"/>
  <testcase time="0" classname="Scenario: Loan-103RBI-EPP-DB-DL-REC-NON-RNI-CTRFD-SAR-MD-TR-1-ONTIME" name="Then I should see logged in successfully"/>
  <testcase time="0" classname="Scenario: Loan-103RBI-EPP-DB-DL-REC-NON-RNI-CTRFD-SAR-MD-TR-1-ONTIME" name="Given I setup the clients"/>
  <testcase time="0" classname="Scenario: Loan-103RBI-EPP-DB-DL-REC-NON-RNI-CTRFD-SAR-MD-TR-1-ONTIME" name="When I entered the values into client form using"/>
  <testcase time="0" classname="Scenario: Loan-103RBI-EPP-DB-DL-REC-NON-RNI-CTRFD-SAR-MD-TR-1-ONTIME" name="Then I should see client created successfully"/>
  <testcase time="0" classname="Scenario: Loan-103RBI-EPP-DB-DL-REC-NON-RNI-CTRFD-SAR-MD-TR-1-ONTIME" name="When I set up the new create loan"/>
  <testcase time="0" classname="Scenario: Loan-103RBI-EPP-DB-DL-REC-NON-RNI-CTRFD-SAR-MD-TR-1-ONTIME" name="Then I verified the \&quot;Summary\&quot; details successfully">
    <failure message="Tab Name:Summary Row number:2 Column number:0 Expected result:672.06 Actual result:696.72" type="java.lang.AssertionError">java.lang.AssertionError: Tab Name:Summary Row number:2 Column number:0 Expected result:672.06 Actual result:696.72
	at org.junit.Assert.fail(Assert.java:88)
	at com.mifos.pages.FrontPage.verifyTabsdata(FrontPage.java:962)
	at com.mifos.steps.ClientSteps.I_verified_the_details_successfully(ClientSteps.java:41)
	at ✽.Then I verified the &quot;Summary&quot; details successfully(LoanRBI.feature:536)
</failure>
  </testcase>
  <testcase time="0" classname="Scenario: Loan-103RBI-EPP-DB-DL-REC-NON-RNI-CTRFD-SAR-MD-TR-1-ONTIME" name="Scenario: Loan-103RBI-EPP-DB-DL-REC-NON-RNI-CTRFD-SAR-MD-TR-1-ONTIME">
    <failure message="Tab Name:Summary Row number:2 Column number:0 Expected result:672.06 Actual result:696.72" type="java.lang.AssertionError">java.lang.AssertionError: Tab Name:Summary Row number:2 Column number:0 Expected result:672.06 Actual result:696.72
	at org.junit.Assert.fail(Assert.java:88)
	at com.mifos.pages.FrontPage.verifyTabsdata(FrontPage.java:962)
	at com.mifos.steps.ClientSteps.I_verified_the_details_successfully(ClientSteps.java:41)
	at ✽.Then I verified the &quot;Summary&quot; details successfully(LoanRBI.feature:536)
</failure>
  </testcase>
  <testcase time="0" classname="Scenario: Loan-103RBI-EPP-DB-DL-REC-NON-RNI-CTRFD-SAR-MD-TR-1-ONTIME" name="And I verified the \&quot;Repayment Schedule\&quot; details successfully">
    <skipped/>
  </testcase>
  <testcase time="0" classname="Scenario: Loan-103RBI-EPP-DB-DL-REC-NON-RNI-CTRFD-SAR-MD-TR-1-ONTIME" name="When I make repayment and verified the following tabs">
    <skipped/>
  </testcase>
  <testcase time="0" classname="Scenario: Loan-104RBI-EPP-DB-DL-REC-NON-RNI-CTRFD-DL-MD-TR-1-ONTIME" name="Given I navigate to mifos"/>
  <testcase time="0" classname="Scenario: Loan-104RBI-EPP-DB-DL-REC-NON-RNI-CTRFD-DL-MD-TR-1-ONTIME" name="And I use login folder"/>
  <testcase time="0" classname="Scenario: Loan-104RBI-EPP-DB-DL-REC-NON-RNI-CTRFD-DL-MD-TR-1-ONTIME" name="When I login into mifos site using excel sheet"/>
  <testcase time="0" classname="Scenario: Loan-104RBI-EPP-DB-DL-REC-NON-RNI-CTRFD-DL-MD-TR-1-ONTIME" name="Then I should see logged in successfully"/>
  <testcase time="0" classname="Scenario: Loan-104RBI-EPP-DB-DL-REC-NON-RNI-CTRFD-DL-MD-TR-1-ONTIME" name="Given I setup the clients"/>
  <testcase time="0" classname="Scenario: Loan-104RBI-EPP-DB-DL-REC-NON-RNI-CTRFD-DL-MD-TR-1-ONTIME" name="When I entered the values into client form using"/>
  <testcase time="0" classname="Scenario: Loan-104RBI-EPP-DB-DL-REC-NON-RNI-CTRFD-DL-MD-TR-1-ONTIME" name="Then I should see client created successfully"/>
  <testcase time="0" classname="Scenario: Loan-104RBI-EPP-DB-DL-REC-NON-RNI-CTRFD-DL-MD-TR-1-ONTIME" name="When I set up the new create loan"/>
  <testcase time="0" classname="Scenario: Loan-104RBI-EPP-DB-DL-REC-NON-RNI-CTRFD-DL-MD-TR-1-ONTIME" name="Then I verified the \&quot;Summary\&quot; details successfully">
    <failure message="Tab Name:Summary Row number:2 Column number:0 Expected result:672.06 Actual result:672.89" type="java.lang.AssertionError">java.lang.AssertionError: Tab Name:Summary Row number:2 Column number:0 Expected result:672.06 Actual result:672.89
	at org.junit.Assert.fail(Assert.java:88)
	at com.mifos.pages.FrontPage.verifyTabsdata(FrontPage.java:962)
	at com.mifos.steps.ClientSteps.I_verified_the_details_successfully(ClientSteps.java:41)
	at ✽.Then I verified the &quot;Summary&quot; details successfully(LoanRBI.feature:553)
</failure>
  </testcase>
  <testcase time="0" classname="Scenario: Loan-104RBI-EPP-DB-DL-REC-NON-RNI-CTRFD-DL-MD-TR-1-ONTIME" name="Scenario: Loan-104RBI-EPP-DB-DL-REC-NON-RNI-CTRFD-DL-MD-TR-1-ONTIME">
    <failure message="Tab Name:Summary Row number:2 Column number:0 Expected result:672.06 Actual result:672.89" type="java.lang.AssertionError">java.lang.AssertionError: Tab Name:Summary Row number:2 Column number:0 Expected result:672.06 Actual result:672.89
	at org.junit.Assert.fail(Assert.java:88)
	at com.mifos.pages.FrontPage.verifyTabsdata(FrontPage.java:962)
	at com.mifos.steps.ClientSteps.I_verified_the_details_successfully(ClientSteps.java:41)
	at ✽.Then I verified the &quot;Summary&quot; details successfully(LoanRBI.feature:553)
</failure>
  </testcase>
  <testcase time="0" classname="Scenario: Loan-104RBI-EPP-DB-DL-REC-NON-RNI-CTRFD-DL-MD-TR-1-ONTIME" name="And I verified the \&quot;Repayment Schedule\&quot; details successfully">
    <skipped/>
  </testcase>
  <testcase time="0" classname="Scenario: Loan-104RBI-EPP-DB-DL-REC-NON-RNI-CTRFD-DL-MD-TR-1-ONTIME" name="When I make repayment and verified the following tabs">
    <skipped/>
  </testcase>
  <testcase time="0" classname="Scenario: Loan-149RBI-EPP-DB-SAR-REC-NON-RNI-CTPD-SAR-MD-TR-1-ONTIME" name="Given I navigate to mifos"/>
  <testcase time="0" classname="Scenario: Loan-149RBI-EPP-DB-SAR-REC-NON-RNI-CTPD-SAR-MD-TR-1-ONTIME" name="And I use login folder"/>
  <testcase time="0" classname="Scenario: Loan-149RBI-EPP-DB-SAR-REC-NON-RNI-CTPD-SAR-MD-TR-1-ONTIME" name="When I login into mifos site using excel sheet"/>
  <testcase time="0" classname="Scenario: Loan-149RBI-EPP-DB-SAR-REC-NON-RNI-CTPD-SAR-MD-TR-1-ONTIME" name="Then I should see logged in successfully"/>
  <testcase time="0" classname="Scenario: Loan-149RBI-EPP-DB-SAR-REC-NON-RNI-CTPD-SAR-MD-TR-1-ONTIME" name="Given I setup the clients"/>
  <testcase time="0" classname="Scenario: Loan-149RBI-EPP-DB-SAR-REC-NON-RNI-CTPD-SAR-MD-TR-1-ONTIME" name="When I entered the values into client form using"/>
  <testcase time="0" classname="Scenario: Loan-149RBI-EPP-DB-SAR-REC-NON-RNI-CTPD-SAR-MD-TR-1-ONTIME" name="Then I should see client created successfully"/>
  <testcase time="0" classname="Scenario: Loan-149RBI-EPP-DB-SAR-REC-NON-RNI-CTPD-SAR-MD-TR-1-ONTIME" name="When I set up the new create loan"/>
  <testcase time="0" classname="Scenario: Loan-149RBI-EPP-DB-SAR-REC-NON-RNI-CTPD-SAR-MD-TR-1-ONTIME" name="Then I verified the \&quot;Summary\&quot; details successfully">
    <failure message="Tab Name:Summary Row number:2 Column number:0 Expected result:675.0 Actual result:700.0" type="java.lang.AssertionError">java.lang.AssertionError: Tab Name:Summary Row number:2 Column number:0 Expected result:675.0 Actual result:700.0
	at org.junit.Assert.fail(Assert.java:88)
	at com.mifos.pages.FrontPage.verifyTabsdata(FrontPage.java:962)
	at com.mifos.steps.ClientSteps.I_verified_the_details_successfully(ClientSteps.java:41)
	at ✽.Then I verified the &quot;Summary&quot; details successfully(LoanRBI.feature:570)
</failure>
  </testcase>
  <testcase time="0" classname="Scenario: Loan-149RBI-EPP-DB-SAR-REC-NON-RNI-CTPD-SAR-MD-TR-1-ONTIME" name="Scenario: Loan-149RBI-EPP-DB-SAR-REC-NON-RNI-CTPD-SAR-MD-TR-1-ONTIME">
    <failure message="Tab Name:Summary Row number:2 Column number:0 Expected result:675.0 Actual result:700.0" type="java.lang.AssertionError">java.lang.AssertionError: Tab Name:Summary Row number:2 Column number:0 Expected result:675.0 Actual result:700.0
	at org.junit.Assert.fail(Assert.java:88)
	at com.mifos.pages.FrontPage.verifyTabsdata(FrontPage.java:962)
	at com.mifos.steps.ClientSteps.I_verified_the_details_successfully(ClientSteps.java:41)
	at ✽.Then I verified the &quot;Summary&quot; details successfully(LoanRBI.feature:570)
</failure>
  </testcase>
  <testcase time="0" classname="Scenario: Loan-149RBI-EPP-DB-SAR-REC-NON-RNI-CTPD-SAR-MD-TR-1-ONTIME" name="And I verified the \&quot;Repayment Schedule\&quot; details successfully">
    <skipped/>
  </testcase>
  <testcase time="0" classname="Scenario: Loan-149RBI-EPP-DB-SAR-REC-NON-RNI-CTPD-SAR-MD-TR-1-ONTIME" name="When I make repayment and verified the following tabs">
    <skipped/>
  </testcase>
  <testcase time="0" classname="Scenario: Loan-150RBI-EPP-DB-SAR-REC-NON-RNI-CTPD-DL-MD-TR-1-ONTIME" name="Given I navigate to mifos"/>
  <testcase time="0" classname="Scenario: Loan-150RBI-EPP-DB-SAR-REC-NON-RNI-CTPD-DL-MD-TR-1-ONTIME" name="And I use login folder"/>
  <testcase time="0" classname="Scenario: Loan-150RBI-EPP-DB-SAR-REC-NON-RNI-CTPD-DL-MD-TR-1-ONTIME" name="When I login into mifos site using excel sheet"/>
  <testcase time="0" classname="Scenario: Loan-150RBI-EPP-DB-SAR-REC-NON-RNI-CTPD-DL-MD-TR-1-ONTIME" name="Then I should see logged in successfully"/>
  <testcase time="0" classname="Scenario: Loan-150RBI-EPP-DB-SAR-REC-NON-RNI-CTPD-DL-MD-TR-1-ONTIME" name="Given I setup the clients"/>
  <testcase time="0" classname="Scenario: Loan-150RBI-EPP-DB-SAR-REC-NON-RNI-CTPD-DL-MD-TR-1-ONTIME" name="When I entered the values into client form using"/>
  <testcase time="0" classname="Scenario: Loan-150RBI-EPP-DB-SAR-REC-NON-RNI-CTPD-DL-MD-TR-1-ONTIME" name="Then I should see client created successfully"/>
  <testcase time="0" classname="Scenario: Loan-150RBI-EPP-DB-SAR-REC-NON-RNI-CTPD-DL-MD-TR-1-ONTIME" name="When I set up the new create loan"/>
  <testcase time="0" classname="Scenario: Loan-150RBI-EPP-DB-SAR-REC-NON-RNI-CTPD-DL-MD-TR-1-ONTIME" name="Then I verified the \&quot;Summary\&quot; details successfully">
    <failure message="Tab Name:Summary Row number:2 Column number:0 Expected result:675.0 Actual result:675.83" type="java.lang.AssertionError">java.lang.AssertionError: Tab Name:Summary Row number:2 Column number:0 Expected result:675.0 Actual result:675.83
	at org.junit.Assert.fail(Assert.java:88)
	at com.mifos.pages.FrontPage.verifyTabsdata(FrontPage.java:962)
	at com.mifos.steps.ClientSteps.I_verified_the_details_successfully(ClientSteps.java:41)
	at ✽.Then I verified the &quot;Summary&quot; details successfully(LoanRBI.feature:587)
</failure>
  </testcase>
  <testcase time="0" classname="Scenario: Loan-150RBI-EPP-DB-SAR-REC-NON-RNI-CTPD-DL-MD-TR-1-ONTIME" name="Scenario: Loan-150RBI-EPP-DB-SAR-REC-NON-RNI-CTPD-DL-MD-TR-1-ONTIME">
    <failure message="Tab Name:Summary Row number:2 Column number:0 Expected result:675.0 Actual result:675.83" type="java.lang.AssertionError">java.lang.AssertionError: Tab Name:Summary Row number:2 Column number:0 Expected result:675.0 Actual result:675.83
	at org.junit.Assert.fail(Assert.java:88)
	at com.mifos.pages.FrontPage.verifyTabsdata(FrontPage.java:962)
	at com.mifos.steps.ClientSteps.I_verified_the_details_successfully(ClientSteps.java:41)
	at ✽.Then I verified the &quot;Summary&quot; details successfully(LoanRBI.feature:587)
</failure>
  </testcase>
  <testcase time="0" classname="Scenario: Loan-150RBI-EPP-DB-SAR-REC-NON-RNI-CTPD-DL-MD-TR-1-ONTIME" name="And I verified the \&quot;Repayment Schedule\&quot; details successfully">
    <skipped/>
  </testcase>
  <testcase time="0" classname="Scenario: Loan-150RBI-EPP-DB-SAR-REC-NON-RNI-CTPD-DL-MD-TR-1-ONTIME" name="When I make repayment and verified the following tabs">
    <skipped/>
  </testcase>
  <testcase time="0" classname="Scenario: Loan-151RBI-EPP-DB-SAR-REC-NON-RNI-CTRFD-SAR-MD-TR-1-ONTIME" name="Given I navigate to mifos"/>
  <testcase time="0" classname="Scenario: Loan-151RBI-EPP-DB-SAR-REC-NON-RNI-CTRFD-SAR-MD-TR-1-ONTIME" name="And I use login folder"/>
  <testcase time="0" classname="Scenario: Loan-151RBI-EPP-DB-SAR-REC-NON-RNI-CTRFD-SAR-MD-TR-1-ONTIME" name="When I login into mifos site using excel sheet"/>
  <testcase time="0" classname="Scenario: Loan-151RBI-EPP-DB-SAR-REC-NON-RNI-CTRFD-SAR-MD-TR-1-ONTIME" name="Then I should see logged in successfully"/>
  <testcase time="0" classname="Scenario: Loan-151RBI-EPP-DB-SAR-REC-NON-RNI-CTRFD-SAR-MD-TR-1-ONTIME" name="Given I setup the clients"/>
  <testcase time="0" classname="Scenario: Loan-151RBI-EPP-DB-SAR-REC-NON-RNI-CTRFD-SAR-MD-TR-1-ONTIME" name="When I entered the values into client form using"/>
  <testcase time="0" classname="Scenario: Loan-151RBI-EPP-DB-SAR-REC-NON-RNI-CTRFD-SAR-MD-TR-1-ONTIME" name="Then I should see client created successfully"/>
  <testcase time="0" classname="Scenario: Loan-151RBI-EPP-DB-SAR-REC-NON-RNI-CTRFD-SAR-MD-TR-1-ONTIME" name="When I set up the new create loan"/>
  <testcase time="0" classname="Scenario: Loan-151RBI-EPP-DB-SAR-REC-NON-RNI-CTRFD-SAR-MD-TR-1-ONTIME" name="Then I verified the \&quot;Summary\&quot; details successfully">
    <failure message="Tab Name:Summary Row number:2 Column number:0 Expected result:675.0 Actual result:700.0" type="java.lang.AssertionError">java.lang.AssertionError: Tab Name:Summary Row number:2 Column number:0 Expected result:675.0 Actual result:700.0
	at org.junit.Assert.fail(Assert.java:88)
	at com.mifos.pages.FrontPage.verifyTabsdata(FrontPage.java:962)
	at com.mifos.steps.ClientSteps.I_verified_the_details_successfully(ClientSteps.java:41)
	at ✽.Then I verified the &quot;Summary&quot; details successfully(LoanRBI.feature:604)
</failure>
  </testcase>
  <testcase time="0" classname="Scenario: Loan-151RBI-EPP-DB-SAR-REC-NON-RNI-CTRFD-SAR-MD-TR-1-ONTIME" name="Scenario: Loan-151RBI-EPP-DB-SAR-REC-NON-RNI-CTRFD-SAR-MD-TR-1-ONTIME">
    <failure message="Tab Name:Summary Row number:2 Column number:0 Expected result:675.0 Actual result:700.0" type="java.lang.AssertionError">java.lang.AssertionError: Tab Name:Summary Row number:2 Column number:0 Expected result:675.0 Actual result:700.0
	at org.junit.Assert.fail(Assert.java:88)
	at com.mifos.pages.FrontPage.verifyTabsdata(FrontPage.java:962)
	at com.mifos.steps.ClientSteps.I_verified_the_details_successfully(ClientSteps.java:41)
	at ✽.Then I verified the &quot;Summary&quot; details successfully(LoanRBI.feature:604)
</failure>
  </testcase>
  <testcase time="0" classname="Scenario: Loan-151RBI-EPP-DB-SAR-REC-NON-RNI-CTRFD-SAR-MD-TR-1-ONTIME" name="And I verified the \&quot;Repayment Schedule\&quot; details successfully">
    <skipped/>
  </testcase>
  <testcase time="0" classname="Scenario: Loan-151RBI-EPP-DB-SAR-REC-NON-RNI-CTRFD-SAR-MD-TR-1-ONTIME" name="When I make repayment and verified the following tabs">
    <skipped/>
  </testcase>
  <testcase time="0" classname="Scenario: Loan-152RBI-EPP-DB-SAR-REC-NON-RNI-CTRFD-DL-MD-TR-1-ONTIME" name="Given I navigate to mifos"/>
  <testcase time="0" classname="Scenario: Loan-152RBI-EPP-DB-SAR-REC-NON-RNI-CTRFD-DL-MD-TR-1-ONTIME" name="And I use login folder"/>
  <testcase time="0" classname="Scenario: Loan-152RBI-EPP-DB-SAR-REC-NON-RNI-CTRFD-DL-MD-TR-1-ONTIME" name="When I login into mifos site using excel sheet"/>
  <testcase time="0" classname="Scenario: Loan-152RBI-EPP-DB-SAR-REC-NON-RNI-CTRFD-DL-MD-TR-1-ONTIME" name="Then I should see logged in successfully"/>
  <testcase time="0" classname="Scenario: Loan-152RBI-EPP-DB-SAR-REC-NON-RNI-CTRFD-DL-MD-TR-1-ONTIME" name="Given I setup the clients"/>
  <testcase time="0" classname="Scenario: Loan-152RBI-EPP-DB-SAR-REC-NON-RNI-CTRFD-DL-MD-TR-1-ONTIME" name="When I entered the values into client form using"/>
  <testcase time="0" classname="Scenario: Loan-152RBI-EPP-DB-SAR-REC-NON-RNI-CTRFD-DL-MD-TR-1-ONTIME" name="Then I should see client created successfully"/>
  <testcase time="0" classname="Scenario: Loan-152RBI-EPP-DB-SAR-REC-NON-RNI-CTRFD-DL-MD-TR-1-ONTIME" name="When I set up the new create loan"/>
  <testcase time="0" classname="Scenario: Loan-152RBI-EPP-DB-SAR-REC-NON-RNI-CTRFD-DL-MD-TR-1-ONTIME" name="Then I verified the \&quot;Summary\&quot; details successfully">
    <failure message="Tab Name:Summary Row number:2 Column number:0 Expected result:675.0 Actual result:675.83" type="java.lang.AssertionError">java.lang.AssertionError: Tab Name:Summary Row number:2 Column number:0 Expected result:675.0 Actual result:675.83
	at org.junit.Assert.fail(Assert.java:88)
	at com.mifos.pages.FrontPage.verifyTabsdata(FrontPage.java:962)
	at com.mifos.steps.ClientSteps.I_verified_the_details_successfully(ClientSteps.java:41)
	at ✽.Then I verified the &quot;Summary&quot; details successfully(LoanRBI.feature:621)
</failure>
  </testcase>
  <testcase time="0.009" classname="Scenario: Loan-152RBI-EPP-DB-SAR-REC-NON-RNI-CTRFD-DL-MD-TR-1-ONTIME" name="Scenario: Loan-152RBI-EPP-DB-SAR-REC-NON-RNI-CTRFD-DL-MD-TR-1-ONTIME">
    <failure message="Tab Name:Summary Row number:2 Column number:0 Expected result:675.0 Actual result:675.83" type="java.lang.AssertionError">java.lang.AssertionError: Tab Name:Summary Row number:2 Column number:0 Expected result:675.0 Actual result:675.83
	at org.junit.Assert.fail(Assert.java:88)
	at com.mifos.pages.FrontPage.verifyTabsdata(FrontPage.java:962)
	at com.mifos.steps.ClientSteps.I_verified_the_details_successfully(ClientSteps.java:41)
	at ✽.Then I verified the &quot;Summary&quot; details successfully(LoanRBI.feature:621)
</failure>
  </testcase>
  <testcase time="0.009" classname="Scenario: Loan-152RBI-EPP-DB-SAR-REC-NON-RNI-CTRFD-DL-MD-TR-1-ONTIME" name="And I verified the \&quot;Repayment Schedule\&quot; details successfully">
    <skipped/>
  </testcase>
  <testcase time="0.009" classname="Scenario: Loan-152RBI-EPP-DB-SAR-REC-NON-RNI-CTRFD-DL-MD-TR-1-ONTIME" name="When I make repayment and verified the following tabs">
    <skipped/>
  </testcase>
  <testcase time="0" classname="Scenario: Loan-773-RBI-EI-DB-DL-REC-NON-RNI-CTPD-SAR-MD-TR-1-Late Repayment" name="Given I navigate to mifos"/>
  <testcase time="0" classname="Scenario: Loan-773-RBI-EI-DB-DL-REC-NON-RNI-CTPD-SAR-MD-TR-1-Late Repayment" name="And I use login folder"/>
  <testcase time="0" classname="Scenario: Loan-773-RBI-EI-DB-DL-REC-NON-RNI-CTPD-SAR-MD-TR-1-Late Repayment" name="When I login into mifos site using excel sheet"/>
  <testcase time="0" classname="Scenario: Loan-773-RBI-EI-DB-DL-REC-NON-RNI-CTPD-SAR-MD-TR-1-Late Repayment" name="Then I should see logged in successfully"/>
  <testcase time="0" classname="Scenario: Loan-773-RBI-EI-DB-DL-REC-NON-RNI-CTPD-SAR-MD-TR-1-Late Repayment" name="Given I setup the clients"/>
  <testcase time="0" classname="Scenario: Loan-773-RBI-EI-DB-DL-REC-NON-RNI-CTPD-SAR-MD-TR-1-Late Repayment" name="When I entered the values into client form using"/>
  <testcase time="0" classname="Scenario: Loan-773-RBI-EI-DB-DL-REC-NON-RNI-CTPD-SAR-MD-TR-1-Late Repayment" name="Then I should see client created successfully"/>
  <testcase time="0" classname="Scenario: Loan-773-RBI-EI-DB-DL-REC-NON-RNI-CTPD-SAR-MD-TR-1-Late Repayment" name="When I set up the new create loan"/>
  <testcase time="0" classname="Scenario: Loan-773-RBI-EI-DB-DL-REC-NON-RNI-CTPD-SAR-MD-TR-1-Late Repayment" name="Then I verified the \&quot;Summary\&quot; details successfully">
    <failure message="Tab Name:Summary Row number:2 Column number:0 Expected result:685.07 Actual result:710.36" type="java.lang.AssertionError">java.lang.AssertionError: Tab Name:Summary Row number:2 Column number:0 Expected result:685.07 Actual result:710.36
	at org.junit.Assert.fail(Assert.java:88)
	at com.mifos.pages.FrontPage.verifyTabsdata(FrontPage.java:962)
	at com.mifos.steps.ClientSteps.I_verified_the_details_successfully(ClientSteps.java:41)
	at ✽.Then I verified the &quot;Summary&quot; details successfully(LoanRBI.feature:638)
</failure>
  </testcase>
  <testcase time="0" classname="Scenario: Loan-773-RBI-EI-DB-DL-REC-NON-RNI-CTPD-SAR-MD-TR-1-Late Repayment" name="Scenario: Loan-773-RBI-EI-DB-DL-REC-NON-RNI-CTPD-SAR-MD-TR-1-Late Repayment">
    <failure message="Tab Name:Summary Row number:2 Column number:0 Expected result:685.07 Actual result:710.36" type="java.lang.AssertionError">java.lang.AssertionError: Tab Name:Summary Row number:2 Column number:0 Expected result:685.07 Actual result:710.36
	at org.junit.Assert.fail(Assert.java:88)
	at com.mifos.pages.FrontPage.verifyTabsdata(FrontPage.java:962)
	at com.mifos.steps.ClientSteps.I_verified_the_details_successfully(ClientSteps.java:41)
	at ✽.Then I verified the &quot;Summary&quot; details successfully(LoanRBI.feature:638)
</failure>
  </testcase>
  <testcase time="0" classname="Scenario: Loan-773-RBI-EI-DB-DL-REC-NON-RNI-CTPD-SAR-MD-TR-1-Late Repayment" name="And I verified the \&quot;Repayment Schedule\&quot; details successfully">
    <skipped/>
  </testcase>
  <testcase time="0" classname="Scenario: Loan-773-RBI-EI-DB-DL-REC-NON-RNI-CTPD-SAR-MD-TR-1-Late Repayment" name="When I make repayment and verified the following tabs">
    <skipped/>
  </testcase>
  <testcase time="0" classname="Scenario: Loan-774-RBI-EI-DB-DL-REC-NON-RNI-CTPD-DL-MD-TR-1-Late Repayment" name="Given I navigate to mifos"/>
  <testcase time="0" classname="Scenario: Loan-774-RBI-EI-DB-DL-REC-NON-RNI-CTPD-DL-MD-TR-1-Late Repayment" name="And I use login folder"/>
  <testcase time="0" classname="Scenario: Loan-774-RBI-EI-DB-DL-REC-NON-RNI-CTPD-DL-MD-TR-1-Late Repayment" name="When I login into mifos site using excel sheet"/>
  <testcase time="0" classname="Scenario: Loan-774-RBI-EI-DB-DL-REC-NON-RNI-CTPD-DL-MD-TR-1-Late Repayment" name="Then I should see logged in successfully"/>
  <testcase time="0" classname="Scenario: Loan-774-RBI-EI-DB-DL-REC-NON-RNI-CTPD-DL-MD-TR-1-Late Repayment" name="Given I setup the clients"/>
  <testcase time="0" classname="Scenario: Loan-774-RBI-EI-DB-DL-REC-NON-RNI-CTPD-DL-MD-TR-1-Late Repayment" name="When I entered the values into client form using"/>
  <testcase time="0" classname="Scenario: Loan-774-RBI-EI-DB-DL-REC-NON-RNI-CTPD-DL-MD-TR-1-Late Repayment" name="Then I should see client created successfully"/>
  <testcase time="0" classname="Scenario: Loan-774-RBI-EI-DB-DL-REC-NON-RNI-CTPD-DL-MD-TR-1-Late Repayment" name="When I set up the new create loan"/>
  <testcase time="0" classname="Scenario: Loan-774-RBI-EI-DB-DL-REC-NON-RNI-CTPD-DL-MD-TR-1-Late Repayment" name="Then I verified the \&quot;Summary\&quot; details successfully">
    <failure message="Tab Name:Summary Row number:2 Column number:0 Expected result:685.07 Actual result:685.92" type="java.lang.AssertionError">java.lang.AssertionError: Tab Name:Summary Row number:2 Column number:0 Expected result:685.07 Actual result:685.92
	at org.junit.Assert.fail(Assert.java:88)
	at com.mifos.pages.FrontPage.verifyTabsdata(FrontPage.java:962)
	at com.mifos.steps.ClientSteps.I_verified_the_details_successfully(ClientSteps.java:41)
	at ✽.Then I verified the &quot;Summary&quot; details successfully(LoanRBI.feature:655)
</failure>
  </testcase>
  <testcase time="0" classname="Scenario: Loan-774-RBI-EI-DB-DL-REC-NON-RNI-CTPD-DL-MD-TR-1-Late Repayment" name="Scenario: Loan-774-RBI-EI-DB-DL-REC-NON-RNI-CTPD-DL-MD-TR-1-Late Repayment">
    <failure message="Tab Name:Summary Row number:2 Column number:0 Expected result:685.07 Actual result:685.92" type="java.lang.AssertionError">java.lang.AssertionError: Tab Name:Summary Row number:2 Column number:0 Expected result:685.07 Actual result:685.92
	at org.junit.Assert.fail(Assert.java:88)
	at com.mifos.pages.FrontPage.verifyTabsdata(FrontPage.java:962)
	at com.mifos.steps.ClientSteps.I_verified_the_details_successfully(ClientSteps.java:41)
	at ✽.Then I verified the &quot;Summary&quot; details successfully(LoanRBI.feature:655)
</failure>
  </testcase>
  <testcase time="0" classname="Scenario: Loan-774-RBI-EI-DB-DL-REC-NON-RNI-CTPD-DL-MD-TR-1-Late Repayment" name="And I verified the \&quot;Repayment Schedule\&quot; details successfully">
    <skipped/>
  </testcase>
  <testcase time="0" classname="Scenario: Loan-774-RBI-EI-DB-DL-REC-NON-RNI-CTPD-DL-MD-TR-1-Late Repayment" name="When I make repayment and verified the following tabs">
    <skipped/>
  </testcase>
  <testcase time="0" classname="Scenario: Loan-775-RBI-EI-DB-DL-REC-NON-RNI-CTRFD-SAR-MD-TR-1-Late Repayment" name="Given I navigate to mifos"/>
  <testcase time="0" classname="Scenario: Loan-775-RBI-EI-DB-DL-REC-NON-RNI-CTRFD-SAR-MD-TR-1-Late Repayment" name="And I use login folder"/>
  <testcase time="0" classname="Scenario: Loan-775-RBI-EI-DB-DL-REC-NON-RNI-CTRFD-SAR-MD-TR-1-Late Repayment" name="When I login into mifos site using excel sheet"/>
  <testcase time="0" classname="Scenario: Loan-775-RBI-EI-DB-DL-REC-NON-RNI-CTRFD-SAR-MD-TR-1-Late Repayment" name="Then I should see logged in successfully"/>
  <testcase time="0" classname="Scenario: Loan-775-RBI-EI-DB-DL-REC-NON-RNI-CTRFD-SAR-MD-TR-1-Late Repayment" name="Given I setup the clients"/>
  <testcase time="0" classname="Scenario: Loan-775-RBI-EI-DB-DL-REC-NON-RNI-CTRFD-SAR-MD-TR-1-Late Repayment" name="When I entered the values into client form using"/>
  <testcase time="0" classname="Scenario: Loan-775-RBI-EI-DB-DL-REC-NON-RNI-CTRFD-SAR-MD-TR-1-Late Repayment" name="Then I should see client created successfully"/>
  <testcase time="0" classname="Scenario: Loan-775-RBI-EI-DB-DL-REC-NON-RNI-CTRFD-SAR-MD-TR-1-Late Repayment" name="When I set up the new create loan"/>
  <testcase time="0" classname="Scenario: Loan-775-RBI-EI-DB-DL-REC-NON-RNI-CTRFD-SAR-MD-TR-1-Late Repayment" name="Then I verified the \&quot;Summary\&quot; details successfully">
    <failure message="Tab Name:Summary Row number:2 Column number:0 Expected result:685.07 Actual result:710.36" type="java.lang.AssertionError">java.lang.AssertionError: Tab Name:Summary Row number:2 Column number:0 Expected result:685.07 Actual result:710.36
	at org.junit.Assert.fail(Assert.java:88)
	at com.mifos.pages.FrontPage.verifyTabsdata(FrontPage.java:962)
	at com.mifos.steps.ClientSteps.I_verified_the_details_successfully(ClientSteps.java:41)
	at ✽.Then I verified the &quot;Summary&quot; details successfully(LoanRBI.feature:672)
</failure>
  </testcase>
  <testcase time="0.001" classname="Scenario: Loan-775-RBI-EI-DB-DL-REC-NON-RNI-CTRFD-SAR-MD-TR-1-Late Repayment" name="Scenario: Loan-775-RBI-EI-DB-DL-REC-NON-RNI-CTRFD-SAR-MD-TR-1-Late Repayment">
    <failure message="Tab Name:Summary Row number:2 Column number:0 Expected result:685.07 Actual result:710.36" type="java.lang.AssertionError">java.lang.AssertionError: Tab Name:Summary Row number:2 Column number:0 Expected result:685.07 Actual result:710.36
	at org.junit.Assert.fail(Assert.java:88)
	at com.mifos.pages.FrontPage.verifyTabsdata(FrontPage.java:962)
	at com.mifos.steps.ClientSteps.I_verified_the_details_successfully(ClientSteps.java:41)
	at ✽.Then I verified the &quot;Summary&quot; details successfully(LoanRBI.feature:672)
</failure>
  </testcase>
  <testcase time="0.001" classname="Scenario: Loan-775-RBI-EI-DB-DL-REC-NON-RNI-CTRFD-SAR-MD-TR-1-Late Repayment" name="And I verified the \&quot;Repayment Schedule\&quot; details successfully">
    <skipped/>
  </testcase>
  <testcase time="0.001" classname="Scenario: Loan-775-RBI-EI-DB-DL-REC-NON-RNI-CTRFD-SAR-MD-TR-1-Late Repayment" name="When I make repayment and verified the following tabs">
    <skipped/>
  </testcase>
  <testcase time="0" classname="Scenario: Loan-776-RBI-EI-DB-DL-REC-NON-RNI-CTRFD-DL-MD-TR-1-Late Repayment" name="Given I navigate to mifos"/>
  <testcase time="0" classname="Scenario: Loan-776-RBI-EI-DB-DL-REC-NON-RNI-CTRFD-DL-MD-TR-1-Late Repayment" name="And I use login folder"/>
  <testcase time="0" classname="Scenario: Loan-776-RBI-EI-DB-DL-REC-NON-RNI-CTRFD-DL-MD-TR-1-Late Repayment" name="When I login into mifos site using excel sheet"/>
  <testcase time="0" classname="Scenario: Loan-776-RBI-EI-DB-DL-REC-NON-RNI-CTRFD-DL-MD-TR-1-Late Repayment" name="Then I should see logged in successfully"/>
  <testcase time="0" classname="Scenario: Loan-776-RBI-EI-DB-DL-REC-NON-RNI-CTRFD-DL-MD-TR-1-Late Repayment" name="Given I setup the clients"/>
  <testcase time="0" classname="Scenario: Loan-776-RBI-EI-DB-DL-REC-NON-RNI-CTRFD-DL-MD-TR-1-Late Repayment" name="When I entered the values into client form using"/>
  <testcase time="0" classname="Scenario: Loan-776-RBI-EI-DB-DL-REC-NON-RNI-CTRFD-DL-MD-TR-1-Late Repayment" name="Then I should see client created successfully"/>
  <testcase time="0" classname="Scenario: Loan-776-RBI-EI-DB-DL-REC-NON-RNI-CTRFD-DL-MD-TR-1-Late Repayment" name="When I set up the new create loan"/>
  <testcase time="0" classname="Scenario: Loan-776-RBI-EI-DB-DL-REC-NON-RNI-CTRFD-DL-MD-TR-1-Late Repayment" name="Then I verified the \&quot;Summary\&quot; details successfully">
    <failure message="Tab Name:Summary Row number:2 Column number:0 Expected result:685.07 Actual result:685.92" type="java.lang.AssertionError">java.lang.AssertionError: Tab Name:Summary Row number:2 Column number:0 Expected result:685.07 Actual result:685.92
	at org.junit.Assert.fail(Assert.java:88)
	at com.mifos.pages.FrontPage.verifyTabsdata(FrontPage.java:962)
	at com.mifos.steps.ClientSteps.I_verified_the_details_successfully(ClientSteps.java:41)
	at ✽.Then I verified the &quot;Summary&quot; details successfully(LoanRBI.feature:689)
</failure>
  </testcase>
  <testcase time="0" classname="Scenario: Loan-776-RBI-EI-DB-DL-REC-NON-RNI-CTRFD-DL-MD-TR-1-Late Repayment" name="Scenario: Loan-776-RBI-EI-DB-DL-REC-NON-RNI-CTRFD-DL-MD-TR-1-Late Repayment">
    <failure message="Tab Name:Summary Row number:2 Column number:0 Expected result:685.07 Actual result:685.92" type="java.lang.AssertionError">java.lang.AssertionError: Tab Name:Summary Row number:2 Column number:0 Expected result:685.07 Actual result:685.92
	at org.junit.Assert.fail(Assert.java:88)
	at com.mifos.pages.FrontPage.verifyTabsdata(FrontPage.java:962)
	at com.mifos.steps.ClientSteps.I_verified_the_details_successfully(ClientSteps.java:41)
	at ✽.Then I verified the &quot;Summary&quot; details successfully(LoanRBI.feature:689)
</failure>
  </testcase>
  <testcase time="0" classname="Scenario: Loan-776-RBI-EI-DB-DL-REC-NON-RNI-CTRFD-DL-MD-TR-1-Late Repayment" name="And I verified the \&quot;Repayment Schedule\&quot; details successfully">
    <skipped/>
  </testcase>
  <testcase time="0" classname="Scenario: Loan-776-RBI-EI-DB-DL-REC-NON-RNI-CTRFD-DL-MD-TR-1-Late Repayment" name="When I make repayment and verified the following tabs">
    <skipped/>
  </testcase>
  <testcase time="0" classname="Scenario: Loan-821-RBI-EI-DB-SAR-REC-NON-RNI-CTPD-SAR-MD-TR-1-Late Repayment" name="Given I navigate to mifos"/>
  <testcase time="0" classname="Scenario: Loan-821-RBI-EI-DB-SAR-REC-NON-RNI-CTPD-SAR-MD-TR-1-Late Repayment" name="And I use login folder"/>
  <testcase time="0" classname="Scenario: Loan-821-RBI-EI-DB-SAR-REC-NON-RNI-CTPD-SAR-MD-TR-1-Late Repayment" name="When I login into mifos site using excel sheet"/>
  <testcase time="0" classname="Scenario: Loan-821-RBI-EI-DB-SAR-REC-NON-RNI-CTPD-SAR-MD-TR-1-Late Repayment" name="Then I should see logged in successfully"/>
  <testcase time="0" classname="Scenario: Loan-821-RBI-EI-DB-SAR-REC-NON-RNI-CTPD-SAR-MD-TR-1-Late Repayment" name="Given I setup the clients"/>
  <testcase time="0" classname="Scenario: Loan-821-RBI-EI-DB-SAR-REC-NON-RNI-CTPD-SAR-MD-TR-1-Late Repayment" name="When I entered the values into client form using"/>
  <testcase time="0" classname="Scenario: Loan-821-RBI-EI-DB-SAR-REC-NON-RNI-CTPD-SAR-MD-TR-1-Late Repayment" name="Then I should see client created successfully"/>
  <testcase time="0" classname="Scenario: Loan-821-RBI-EI-DB-SAR-REC-NON-RNI-CTPD-SAR-MD-TR-1-Late Repayment" name="When I set up the new create loan"/>
  <testcase time="0" classname="Scenario: Loan-821-RBI-EI-DB-SAR-REC-NON-RNI-CTPD-SAR-MD-TR-1-Late Repayment" name="Then I verified the \&quot;Summary\&quot; details successfully">
    <failure message="Tab Name:Summary Row number:2 Column number:0 Expected result:687.81 Actual result:713.42" type="java.lang.AssertionError">java.lang.AssertionError: Tab Name:Summary Row number:2 Column number:0 Expected result:687.81 Actual result:713.42
	at org.junit.Assert.fail(Assert.java:88)
	at com.mifos.pages.FrontPage.verifyTabsdata(FrontPage.java:962)
	at com.mifos.steps.ClientSteps.I_verified_the_details_successfully(ClientSteps.java:41)
	at ✽.Then I verified the &quot;Summary&quot; details successfully(LoanRBI.feature:706)
</failure>
  </testcase>
  <testcase time="0" classname="Scenario: Loan-821-RBI-EI-DB-SAR-REC-NON-RNI-CTPD-SAR-MD-TR-1-Late Repayment" name="Scenario: Loan-821-RBI-EI-DB-SAR-REC-NON-RNI-CTPD-SAR-MD-TR-1-Late Repayment">
    <failure message="Tab Name:Summary Row number:2 Column number:0 Expected result:687.81 Actual result:713.42" type="java.lang.AssertionError">java.lang.AssertionError: Tab Name:Summary Row number:2 Column number:0 Expected result:687.81 Actual result:713.42
	at org.junit.Assert.fail(Assert.java:88)
	at com.mifos.pages.FrontPage.verifyTabsdata(FrontPage.java:962)
	at com.mifos.steps.ClientSteps.I_verified_the_details_successfully(ClientSteps.java:41)
	at ✽.Then I verified the &quot;Summary&quot; details successfully(LoanRBI.feature:706)
</failure>
  </testcase>
  <testcase time="0.001" classname="Scenario: Loan-821-RBI-EI-DB-SAR-REC-NON-RNI-CTPD-SAR-MD-TR-1-Late Repayment" name="And I verified the \&quot;Repayment Schedule\&quot; details successfully">
    <skipped/>
  </testcase>
  <testcase time="0.001" classname="Scenario: Loan-821-RBI-EI-DB-SAR-REC-NON-RNI-CTPD-SAR-MD-TR-1-Late Repayment" name="When I make repayment and verified the following tabs">
    <skipped/>
  </testcase>
  <testcase time="0" classname="Scenario: Loan-822-RBI-EI-DB-SAR-REC-NON-RNI-CTPD-DL-MD-TR-1-Late Repayment" name="Given I navigate to mifos"/>
  <testcase time="0" classname="Scenario: Loan-822-RBI-EI-DB-SAR-REC-NON-RNI-CTPD-DL-MD-TR-1-Late Repayment" name="And I use login folder"/>
  <testcase time="0" classname="Scenario: Loan-822-RBI-EI-DB-SAR-REC-NON-RNI-CTPD-DL-MD-TR-1-Late Repayment" name="When I login into mifos site using excel sheet"/>
  <testcase time="0" classname="Scenario: Loan-822-RBI-EI-DB-SAR-REC-NON-RNI-CTPD-DL-MD-TR-1-Late Repayment" name="Then I should see logged in successfully"/>
  <testcase time="0" classname="Scenario: Loan-822-RBI-EI-DB-SAR-REC-NON-RNI-CTPD-DL-MD-TR-1-Late Repayment" name="Given I setup the clients"/>
  <testcase time="0" classname="Scenario: Loan-822-RBI-EI-DB-SAR-REC-NON-RNI-CTPD-DL-MD-TR-1-Late Repayment" name="When I entered the values into client form using"/>
  <testcase time="0" classname="Scenario: Loan-822-RBI-EI-DB-SAR-REC-NON-RNI-CTPD-DL-MD-TR-1-Late Repayment" name="Then I should see client created successfully"/>
  <testcase time="0" classname="Scenario: Loan-822-RBI-EI-DB-SAR-REC-NON-RNI-CTPD-DL-MD-TR-1-Late Repayment" name="When I set up the new create loan"/>
  <testcase time="0" classname="Scenario: Loan-822-RBI-EI-DB-SAR-REC-NON-RNI-CTPD-DL-MD-TR-1-Late Repayment" name="Then I verified the \&quot;Summary\&quot; details successfully"/>
  <testcase time="0" classname="Scenario: Loan-822-RBI-EI-DB-SAR-REC-NON-RNI-CTPD-DL-MD-TR-1-Late Repayment" name="And I verified the \&quot;Repayment Schedule\&quot; details successfully">
    <failure message="Tab Name:Repayment Schedule Row number:2 Column number:7 Expected result:0.0 Actual result:100.0" type="java.lang.AssertionError">java.lang.AssertionError: Tab Name:Repayment Schedule Row number:2 Column number:7 Expected result:0.0 Actual result:100.0
	at org.junit.Assert.fail(Assert.java:88)
	at com.mifos.pages.FrontPage.verifyTabsdata(FrontPage.java:962)
	at com.mifos.steps.ClientSteps.I_verified_the_details_successfully(ClientSteps.java:41)
	at ✽.And I verified the &quot;Repayment Schedule&quot; details successfully(LoanRBI.feature:725)
</failure>
  </testcase>
  <testcase time="0" classname="Scenario: Loan-822-RBI-EI-DB-SAR-REC-NON-RNI-CTPD-DL-MD-TR-1-Late Repayment" name="Scenario: Loan-822-RBI-EI-DB-SAR-REC-NON-RNI-CTPD-DL-MD-TR-1-Late Repayment">
    <failure message="Tab Name:Repayment Schedule Row number:2 Column number:7 Expected result:0.0 Actual result:100.0" type="java.lang.AssertionError">java.lang.AssertionError: Tab Name:Repayment Schedule Row number:2 Column number:7 Expected result:0.0 Actual result:100.0
	at org.junit.Assert.fail(Assert.java:88)
	at com.mifos.pages.FrontPage.verifyTabsdata(FrontPage.java:962)
	at com.mifos.steps.ClientSteps.I_verified_the_details_successfully(ClientSteps.java:41)
	at ✽.And I verified the &quot;Repayment Schedule&quot; details successfully(LoanRBI.feature:725)
</failure>
  </testcase>
  <testcase time="0" classname="Scenario: Loan-822-RBI-EI-DB-SAR-REC-NON-RNI-CTPD-DL-MD-TR-1-Late Repayment" name="When I make repayment and verified the following tabs">
    <skipped/>
  </testcase>
  <testcase time="0" classname="Scenario: Loan-823-RBI-EI-DB-SAR-Y-NON-RNI-CTRFD-SAR-MD-Y-1-Late Repayment" name="Given I navigate to mifos"/>
  <testcase time="0.001" classname="Scenario: Loan-823-RBI-EI-DB-SAR-Y-NON-RNI-CTRFD-SAR-MD-Y-1-Late Repayment" name="And I use login folder"/>
  <testcase time="0" classname="Scenario: Loan-823-RBI-EI-DB-SAR-Y-NON-RNI-CTRFD-SAR-MD-Y-1-Late Repayment" name="When I login into mifos site using excel sheet"/>
  <testcase time="0" classname="Scenario: Loan-823-RBI-EI-DB-SAR-Y-NON-RNI-CTRFD-SAR-MD-Y-1-Late Repayment" name="Then I should see logged in successfully"/>
  <testcase time="0" classname="Scenario: Loan-823-RBI-EI-DB-SAR-Y-NON-RNI-CTRFD-SAR-MD-Y-1-Late Repayment" name="Given I setup the clients"/>
  <testcase time="0" classname="Scenario: Loan-823-RBI-EI-DB-SAR-Y-NON-RNI-CTRFD-SAR-MD-Y-1-Late Repayment" name="When I entered the values into client form using"/>
  <testcase time="0" classname="Scenario: Loan-823-RBI-EI-DB-SAR-Y-NON-RNI-CTRFD-SAR-MD-Y-1-Late Repayment" name="Then I should see client created successfully"/>
  <testcase time="0" classname="Scenario: Loan-823-RBI-EI-DB-SAR-Y-NON-RNI-CTRFD-SAR-MD-Y-1-Late Repayment" name="When I set up the new create loan"/>
  <testcase time="0" classname="Scenario: Loan-823-RBI-EI-DB-SAR-Y-NON-RNI-CTRFD-SAR-MD-Y-1-Late Repayment" name="Then I verified the \&quot;Summary\&quot; details successfully"/>
  <testcase time="0" classname="Scenario: Loan-823-RBI-EI-DB-SAR-Y-NON-RNI-CTRFD-SAR-MD-Y-1-Late Repayment" name="And I verified the \&quot;Repayment Schedule\&quot; details successfully"/>
  <testcase time="0" classname="Scenario: Loan-823-RBI-EI-DB-SAR-Y-NON-RNI-CTRFD-SAR-MD-Y-1-Late Repayment" name="When I make repayment and verified the following tabs"/>
  <testcase time="1.28" classname="Scenario: Loan-823-RBI-EI-DB-SAR-Y-NON-RNI-CTRFD-SAR-MD-Y-1-Late Repayment" name="Scenario: Loan-823-RBI-EI-DB-SAR-Y-NON-RNI-CTRFD-SAR-MD-Y-1-Late Repayment"/>
  <testcase time="0" classname="Scenario: Loan-824-RBI-EI-DB-SAR-REC-NON-RNI-CTRFD-DL-MD-TR-1-Late Repayment" name="Given I navigate to mifos"/>
  <testcase time="0" classname="Scenario: Loan-824-RBI-EI-DB-SAR-REC-NON-RNI-CTRFD-DL-MD-TR-1-Late Repayment" name="And I use login folder"/>
  <testcase time="0" classname="Scenario: Loan-824-RBI-EI-DB-SAR-REC-NON-RNI-CTRFD-DL-MD-TR-1-Late Repayment" name="When I login into mifos site using excel sheet"/>
  <testcase time="0" classname="Scenario: Loan-824-RBI-EI-DB-SAR-REC-NON-RNI-CTRFD-DL-MD-TR-1-Late Repayment" name="Then I should see logged in successfully"/>
  <testcase time="0" classname="Scenario: Loan-824-RBI-EI-DB-SAR-REC-NON-RNI-CTRFD-DL-MD-TR-1-Late Repayment" name="Given I setup the clients"/>
  <testcase time="0" classname="Scenario: Loan-824-RBI-EI-DB-SAR-REC-NON-RNI-CTRFD-DL-MD-TR-1-Late Repayment" name="When I entered the values into client form using"/>
  <testcase time="0" classname="Scenario: Loan-824-RBI-EI-DB-SAR-REC-NON-RNI-CTRFD-DL-MD-TR-1-Late Repayment" name="Then I should see client created successfully"/>
  <testcase time="0" classname="Scenario: Loan-824-RBI-EI-DB-SAR-REC-NON-RNI-CTRFD-DL-MD-TR-1-Late Repayment" name="When I set up the new create loan"/>
  <testcase time="0" classname="Scenario: Loan-824-RBI-EI-DB-SAR-REC-NON-RNI-CTRFD-DL-MD-TR-1-Late Repayment" name="Then I verified the \&quot;Summary\&quot; details successfully"/>
  <testcase time="0" classname="Scenario: Loan-824-RBI-EI-DB-SAR-REC-NON-RNI-CTRFD-DL-MD-TR-1-Late Repayment" name="And I verified the \&quot;Repayment Schedule\&quot; details successfully">
    <failure message="Tab Name:Repayment Schedule Row number:2 Column number:7 Expected result:0.0 Actual result:100.0" type="java.lang.AssertionError">java.lang.AssertionError: Tab Name:Repayment Schedule Row number:2 Column number:7 Expected result:0.0 Actual result:100.0
	at org.junit.Assert.fail(Assert.java:88)
	at com.mifos.pages.FrontPage.verifyTabsdata(FrontPage.java:962)
	at com.mifos.steps.ClientSteps.I_verified_the_details_successfully(ClientSteps.java:41)
	at ✽.And I verified the &quot;Repayment Schedule&quot; details successfully(LoanRBI.feature:759)
</failure>
  </testcase>
  <testcase time="0" classname="Scenario: Loan-824-RBI-EI-DB-SAR-REC-NON-RNI-CTRFD-DL-MD-TR-1-Late Repayment" name="Scenario: Loan-824-RBI-EI-DB-SAR-REC-NON-RNI-CTRFD-DL-MD-TR-1-Late Repayment">
    <failure message="Tab Name:Repayment Schedule Row number:2 Column number:7 Expected result:0.0 Actual result:100.0" type="java.lang.AssertionError">java.lang.AssertionError: Tab Name:Repayment Schedule Row number:2 Column number:7 Expected result:0.0 Actual result:100.0
	at org.junit.Assert.fail(Assert.java:88)
	at com.mifos.pages.FrontPage.verifyTabsdata(FrontPage.java:962)
	at com.mifos.steps.ClientSteps.I_verified_the_details_successfully(ClientSteps.java:41)
	at ✽.And I verified the &quot;Repayment Schedule&quot; details successfully(LoanRBI.feature:759)
</failure>
  </testcase>
  <testcase time="0" classname="Scenario: Loan-824-RBI-EI-DB-SAR-REC-NON-RNI-CTRFD-DL-MD-TR-1-Late Repayment" name="When I make repayment and verified the following tabs">
    <skipped/>
  </testcase>
  <testcase time="0" classname="Scenario: Loan-869-RBI-EPP-DB-DL-REC-NON-RNI-CTPD-SAR-MD-TR-1-Late Repayment" name="Given I navigate to mifos"/>
  <testcase time="0" classname="Scenario: Loan-869-RBI-EPP-DB-DL-REC-NON-RNI-CTPD-SAR-MD-TR-1-Late Repayment" name="And I use login folder"/>
  <testcase time="0" classname="Scenario: Loan-869-RBI-EPP-DB-DL-REC-NON-RNI-CTPD-SAR-MD-TR-1-Late Repayment" name="When I login into mifos site using excel sheet"/>
  <testcase time="0" classname="Scenario: Loan-869-RBI-EPP-DB-DL-REC-NON-RNI-CTPD-SAR-MD-TR-1-Late Repayment" name="Then I should see logged in successfully"/>
  <testcase time="0" classname="Scenario: Loan-869-RBI-EPP-DB-DL-REC-NON-RNI-CTPD-SAR-MD-TR-1-Late Repayment" name="Given I setup the clients"/>
  <testcase time="0" classname="Scenario: Loan-869-RBI-EPP-DB-DL-REC-NON-RNI-CTPD-SAR-MD-TR-1-Late Repayment" name="When I entered the values into client form using"/>
  <testcase time="0" classname="Scenario: Loan-869-RBI-EPP-DB-DL-REC-NON-RNI-CTPD-SAR-MD-TR-1-Late Repayment" name="Then I should see client created successfully"/>
  <testcase time="0" classname="Scenario: Loan-869-RBI-EPP-DB-DL-REC-NON-RNI-CTPD-SAR-MD-TR-1-Late Repayment" name="When I set up the new create loan"/>
  <testcase time="0" classname="Scenario: Loan-869-RBI-EPP-DB-DL-REC-NON-RNI-CTPD-SAR-MD-TR-1-Late Repayment" name="Then I verified the \&quot;Summary\&quot; details successfully">
    <failure message="Tab Name:Summary Row number:2 Column number:0 Expected result:700.0 Actual result:696.72" type="java.lang.AssertionError">java.lang.AssertionError: Tab Name:Summary Row number:2 Column number:0 Expected result:700.0 Actual result:696.72
	at org.junit.Assert.fail(Assert.java:88)
	at com.mifos.pages.FrontPage.verifyTabsdata(FrontPage.java:962)
	at com.mifos.steps.ClientSteps.I_verified_the_details_successfully(ClientSteps.java:41)
	at ✽.Then I verified the &quot;Summary&quot; details successfully(LoanRBI.feature:774)
</failure>
  </testcase>
  <testcase time="0" classname="Scenario: Loan-869-RBI-EPP-DB-DL-REC-NON-RNI-CTPD-SAR-MD-TR-1-Late Repayment" name="Scenario: Loan-869-RBI-EPP-DB-DL-REC-NON-RNI-CTPD-SAR-MD-TR-1-Late Repayment">
    <failure message="Tab Name:Summary Row number:2 Column number:0 Expected result:700.0 Actual result:696.72" type="java.lang.AssertionError">java.lang.AssertionError: Tab Name:Summary Row number:2 Column number:0 Expected result:700.0 Actual result:696.72
	at org.junit.Assert.fail(Assert.java:88)
	at com.mifos.pages.FrontPage.verifyTabsdata(FrontPage.java:962)
	at com.mifos.steps.ClientSteps.I_verified_the_details_successfully(ClientSteps.java:41)
	at ✽.Then I verified the &quot;Summary&quot; details successfully(LoanRBI.feature:774)
</failure>
  </testcase>
  <testcase time="0" classname="Scenario: Loan-869-RBI-EPP-DB-DL-REC-NON-RNI-CTPD-SAR-MD-TR-1-Late Repayment" name="And I verified the \&quot;Repayment Schedule\&quot; details successfully">
    <skipped/>
  </testcase>
  <testcase time="0" classname="Scenario: Loan-869-RBI-EPP-DB-DL-REC-NON-RNI-CTPD-SAR-MD-TR-1-Late Repayment" name="When I make repayment and verified the following tabs">
    <skipped/>
  </testcase>
  <testcase time="0" classname="Scenario: Loan-870-RBI-EPP-DB-DL-REC-NON-RNI-CTPD-DL-MD-TR-1-Late Repayment" name="Given I navigate to mifos"/>
  <testcase time="0" classname="Scenario: Loan-870-RBI-EPP-DB-DL-REC-NON-RNI-CTPD-DL-MD-TR-1-Late Repayment" name="And I use login folder"/>
  <testcase time="0" classname="Scenario: Loan-870-RBI-EPP-DB-DL-REC-NON-RNI-CTPD-DL-MD-TR-1-Late Repayment" name="When I login into mifos site using excel sheet"/>
  <testcase time="0" classname="Scenario: Loan-870-RBI-EPP-DB-DL-REC-NON-RNI-CTPD-DL-MD-TR-1-Late Repayment" name="Then I should see logged in successfully"/>
  <testcase time="0" classname="Scenario: Loan-870-RBI-EPP-DB-DL-REC-NON-RNI-CTPD-DL-MD-TR-1-Late Repayment" name="Given I setup the clients"/>
  <testcase time="0" classname="Scenario: Loan-870-RBI-EPP-DB-DL-REC-NON-RNI-CTPD-DL-MD-TR-1-Late Repayment" name="When I entered the values into client form using"/>
  <testcase time="0" classname="Scenario: Loan-870-RBI-EPP-DB-DL-REC-NON-RNI-CTPD-DL-MD-TR-1-Late Repayment" name="Then I should see client created successfully"/>
  <testcase time="0" classname="Scenario: Loan-870-RBI-EPP-DB-DL-REC-NON-RNI-CTPD-DL-MD-TR-1-Late Repayment" name="When I set up the new create loan"/>
  <testcase time="0" classname="Scenario: Loan-870-RBI-EPP-DB-DL-REC-NON-RNI-CTPD-DL-MD-TR-1-Late Repayment" name="Then I verified the \&quot;Summary\&quot; details successfully">
    <failure message="Tab Name:Summary Row number:2 Column number:0 Expected result:675.83 Actual result:672.89" type="java.lang.AssertionError">java.lang.AssertionError: Tab Name:Summary Row number:2 Column number:0 Expected result:675.83 Actual result:672.89
	at org.junit.Assert.fail(Assert.java:88)
	at com.mifos.pages.FrontPage.verifyTabsdata(FrontPage.java:962)
	at com.mifos.steps.ClientSteps.I_verified_the_details_successfully(ClientSteps.java:41)
	at ✽.Then I verified the &quot;Summary&quot; details successfully(LoanRBI.feature:791)
</failure>
  </testcase>
  <testcase time="0" classname="Scenario: Loan-870-RBI-EPP-DB-DL-REC-NON-RNI-CTPD-DL-MD-TR-1-Late Repayment" name="Scenario: Loan-870-RBI-EPP-DB-DL-REC-NON-RNI-CTPD-DL-MD-TR-1-Late Repayment">
    <failure message="Tab Name:Summary Row number:2 Column number:0 Expected result:675.83 Actual result:672.89" type="java.lang.AssertionError">java.lang.AssertionError: Tab Name:Summary Row number:2 Column number:0 Expected result:675.83 Actual result:672.89
	at org.junit.Assert.fail(Assert.java:88)
	at com.mifos.pages.FrontPage.verifyTabsdata(FrontPage.java:962)
	at com.mifos.steps.ClientSteps.I_verified_the_details_successfully(ClientSteps.java:41)
	at ✽.Then I verified the &quot;Summary&quot; details successfully(LoanRBI.feature:791)
</failure>
  </testcase>
  <testcase time="0" classname="Scenario: Loan-870-RBI-EPP-DB-DL-REC-NON-RNI-CTPD-DL-MD-TR-1-Late Repayment" name="And I verified the \&quot;Repayment Schedule\&quot; details successfully">
    <skipped/>
  </testcase>
  <testcase time="0" classname="Scenario: Loan-870-RBI-EPP-DB-DL-REC-NON-RNI-CTPD-DL-MD-TR-1-Late Repayment" name="When I make repayment and verified the following tabs">
    <skipped/>
  </testcase>
  <testcase time="0" classname="Scenario: Loan-871-RBI-EPP-DB-DL-REC-NON-RNI-CTRFD-SAR-MD-TR-1-LateRepayment" name="Given I navigate to mifos"/>
  <testcase time="0" classname="Scenario: Loan-871-RBI-EPP-DB-DL-REC-NON-RNI-CTRFD-SAR-MD-TR-1-LateRepayment" name="And I use login folder"/>
  <testcase time="0" classname="Scenario: Loan-871-RBI-EPP-DB-DL-REC-NON-RNI-CTRFD-SAR-MD-TR-1-LateRepayment" name="When I login into mifos site using excel sheet"/>
  <testcase time="0" classname="Scenario: Loan-871-RBI-EPP-DB-DL-REC-NON-RNI-CTRFD-SAR-MD-TR-1-LateRepayment" name="Then I should see logged in successfully"/>
  <testcase time="0" classname="Scenario: Loan-871-RBI-EPP-DB-DL-REC-NON-RNI-CTRFD-SAR-MD-TR-1-LateRepayment" name="Given I setup the clients"/>
  <testcase time="0" classname="Scenario: Loan-871-RBI-EPP-DB-DL-REC-NON-RNI-CTRFD-SAR-MD-TR-1-LateRepayment" name="When I entered the values into client form using"/>
  <testcase time="0" classname="Scenario: Loan-871-RBI-EPP-DB-DL-REC-NON-RNI-CTRFD-SAR-MD-TR-1-LateRepayment" name="Then I should see client created successfully"/>
  <testcase time="0" classname="Scenario: Loan-871-RBI-EPP-DB-DL-REC-NON-RNI-CTRFD-SAR-MD-TR-1-LateRepayment" name="When I set up the new create loan"/>
  <testcase time="0" classname="Scenario: Loan-871-RBI-EPP-DB-DL-REC-NON-RNI-CTRFD-SAR-MD-TR-1-LateRepayment" name="Then I verified the \&quot;Summary\&quot; details successfully">
    <failure message="Tab Name:Summary Row number:2 Column number:0 Expected result:672.06 Actual result:696.72" type="java.lang.AssertionError">java.lang.AssertionError: Tab Name:Summary Row number:2 Column number:0 Expected result:672.06 Actual result:696.72
	at org.junit.Assert.fail(Assert.java:88)
	at com.mifos.pages.FrontPage.verifyTabsdata(FrontPage.java:962)
	at com.mifos.steps.ClientSteps.I_verified_the_details_successfully(ClientSteps.java:41)
	at ✽.Then I verified the &quot;Summary&quot; details successfully(LoanRBI.feature:808)
</failure>
  </testcase>
  <testcase time="0" classname="Scenario: Loan-871-RBI-EPP-DB-DL-REC-NON-RNI-CTRFD-SAR-MD-TR-1-LateRepayment" name="Scenario: Loan-871-RBI-EPP-DB-DL-REC-NON-RNI-CTRFD-SAR-MD-TR-1-LateRepayment">
    <failure message="Tab Name:Summary Row number:2 Column number:0 Expected result:672.06 Actual result:696.72" type="java.lang.AssertionError">java.lang.AssertionError: Tab Name:Summary Row number:2 Column number:0 Expected result:672.06 Actual result:696.72
	at org.junit.Assert.fail(Assert.java:88)
	at com.mifos.pages.FrontPage.verifyTabsdata(FrontPage.java:962)
	at com.mifos.steps.ClientSteps.I_verified_the_details_successfully(ClientSteps.java:41)
	at ✽.Then I verified the &quot;Summary&quot; details successfully(LoanRBI.feature:808)
</failure>
  </testcase>
  <testcase time="0" classname="Scenario: Loan-871-RBI-EPP-DB-DL-REC-NON-RNI-CTRFD-SAR-MD-TR-1-LateRepayment" name="And I verified the \&quot;Repayment Schedule\&quot; details successfully">
    <skipped/>
  </testcase>
  <testcase time="0" classname="Scenario: Loan-871-RBI-EPP-DB-DL-REC-NON-RNI-CTRFD-SAR-MD-TR-1-LateRepayment" name="When I make repayment and verified the following tabs">
    <skipped/>
  </testcase>
  <testcase time="0" classname="Scenario: Loan-872-RBI-EPP-DB-DL-REC-NON-RNI-CTRFD-DL-MD-TR-1-LateRepayment" name="Given I navigate to mifos"/>
  <testcase time="0" classname="Scenario: Loan-872-RBI-EPP-DB-DL-REC-NON-RNI-CTRFD-DL-MD-TR-1-LateRepayment" name="And I use login folder"/>
  <testcase time="0" classname="Scenario: Loan-872-RBI-EPP-DB-DL-REC-NON-RNI-CTRFD-DL-MD-TR-1-LateRepayment" name="When I login into mifos site using excel sheet"/>
  <testcase time="0" classname="Scenario: Loan-872-RBI-EPP-DB-DL-REC-NON-RNI-CTRFD-DL-MD-TR-1-LateRepayment" name="Then I should see logged in successfully"/>
  <testcase time="0" classname="Scenario: Loan-872-RBI-EPP-DB-DL-REC-NON-RNI-CTRFD-DL-MD-TR-1-LateRepayment" name="Given I setup the clients"/>
  <testcase time="0" classname="Scenario: Loan-872-RBI-EPP-DB-DL-REC-NON-RNI-CTRFD-DL-MD-TR-1-LateRepayment" name="When I entered the values into client form using"/>
  <testcase time="0" classname="Scenario: Loan-872-RBI-EPP-DB-DL-REC-NON-RNI-CTRFD-DL-MD-TR-1-LateRepayment" name="Then I should see client created successfully"/>
  <testcase time="0" classname="Scenario: Loan-872-RBI-EPP-DB-DL-REC-NON-RNI-CTRFD-DL-MD-TR-1-LateRepayment" name="When I set up the new create loan"/>
  <testcase time="0" classname="Scenario: Loan-872-RBI-EPP-DB-DL-REC-NON-RNI-CTRFD-DL-MD-TR-1-LateRepayment" name="Then I verified the \&quot;Summary\&quot; details successfully">
    <failure message="Tab Name:Summary Row number:2 Column number:0 Expected result:672.06 Actual result:672.89" type="java.lang.AssertionError">java.lang.AssertionError: Tab Name:Summary Row number:2 Column number:0 Expected result:672.06 Actual result:672.89
	at org.junit.Assert.fail(Assert.java:88)
	at com.mifos.pages.FrontPage.verifyTabsdata(FrontPage.java:962)
	at com.mifos.steps.ClientSteps.I_verified_the_details_successfully(ClientSteps.java:41)
	at ✽.Then I verified the &quot;Summary&quot; details successfully(LoanRBI.feature:825)
</failure>
  </testcase>
  <testcase time="0" classname="Scenario: Loan-872-RBI-EPP-DB-DL-REC-NON-RNI-CTRFD-DL-MD-TR-1-LateRepayment" name="Scenario: Loan-872-RBI-EPP-DB-DL-REC-NON-RNI-CTRFD-DL-MD-TR-1-LateRepayment">
    <failure message="Tab Name:Summary Row number:2 Column number:0 Expected result:672.06 Actual result:672.89" type="java.lang.AssertionError">java.lang.AssertionError: Tab Name:Summary Row number:2 Column number:0 Expected result:672.06 Actual result:672.89
	at org.junit.Assert.fail(Assert.java:88)
	at com.mifos.pages.FrontPage.verifyTabsdata(FrontPage.java:962)
	at com.mifos.steps.ClientSteps.I_verified_the_details_successfully(ClientSteps.java:41)
	at ✽.Then I verified the &quot;Summary&quot; details successfully(LoanRBI.feature:825)
</failure>
  </testcase>
  <testcase time="0" classname="Scenario: Loan-872-RBI-EPP-DB-DL-REC-NON-RNI-CTRFD-DL-MD-TR-1-LateRepayment" name="And I verified the \&quot;Repayment Schedule\&quot; details successfully">
    <skipped/>
  </testcase>
  <testcase time="0" classname="Scenario: Loan-872-RBI-EPP-DB-DL-REC-NON-RNI-CTRFD-DL-MD-TR-1-LateRepayment" name="When I make repayment and verified the following tabs">
    <skipped/>
  </testcase>
  <testcase time="0" classname="Scenario: Loan-917-RBI-EPP-DB-SAR-REC-NON-RNI-CTPD-SAR-MD-TR-1-LateRepayment" name="Given I navigate to mifos"/>
  <testcase time="0" classname="Scenario: Loan-917-RBI-EPP-DB-SAR-REC-NON-RNI-CTPD-SAR-MD-TR-1-LateRepayment" name="And I use login folder"/>
  <testcase time="0" classname="Scenario: Loan-917-RBI-EPP-DB-SAR-REC-NON-RNI-CTPD-SAR-MD-TR-1-LateRepayment" name="When I login into mifos site using excel sheet"/>
  <testcase time="0" classname="Scenario: Loan-917-RBI-EPP-DB-SAR-REC-NON-RNI-CTPD-SAR-MD-TR-1-LateRepayment" name="Then I should see logged in successfully"/>
  <testcase time="0" classname="Scenario: Loan-917-RBI-EPP-DB-SAR-REC-NON-RNI-CTPD-SAR-MD-TR-1-LateRepayment" name="Given I setup the clients"/>
  <testcase time="0" classname="Scenario: Loan-917-RBI-EPP-DB-SAR-REC-NON-RNI-CTPD-SAR-MD-TR-1-LateRepayment" name="When I entered the values into client form using"/>
  <testcase time="0" classname="Scenario: Loan-917-RBI-EPP-DB-SAR-REC-NON-RNI-CTPD-SAR-MD-TR-1-LateRepayment" name="Then I should see client created successfully"/>
  <testcase time="0" classname="Scenario: Loan-917-RBI-EPP-DB-SAR-REC-NON-RNI-CTPD-SAR-MD-TR-1-LateRepayment" name="When I set up the new create loan"/>
  <testcase time="0" classname="Scenario: Loan-917-RBI-EPP-DB-SAR-REC-NON-RNI-CTPD-SAR-MD-TR-1-LateRepayment" name="Then I verified the \&quot;Summary\&quot; details successfully">
    <failure message="Tab Name:Summary Row number:2 Column number:0 Expected result:675.0 Actual result:700.0" type="java.lang.AssertionError">java.lang.AssertionError: Tab Name:Summary Row number:2 Column number:0 Expected result:675.0 Actual result:700.0
	at org.junit.Assert.fail(Assert.java:88)
	at com.mifos.pages.FrontPage.verifyTabsdata(FrontPage.java:962)
	at com.mifos.steps.ClientSteps.I_verified_the_details_successfully(ClientSteps.java:41)
	at ✽.Then I verified the &quot;Summary&quot; details successfully(LoanRBI.feature:842)
</failure>
  </testcase>
  <testcase time="0" classname="Scenario: Loan-917-RBI-EPP-DB-SAR-REC-NON-RNI-CTPD-SAR-MD-TR-1-LateRepayment" name="Scenario: Loan-917-RBI-EPP-DB-SAR-REC-NON-RNI-CTPD-SAR-MD-TR-1-LateRepayment">
    <failure message="Tab Name:Summary Row number:2 Column number:0 Expected result:675.0 Actual result:700.0" type="java.lang.AssertionError">java.lang.AssertionError: Tab Name:Summary Row number:2 Column number:0 Expected result:675.0 Actual result:700.0
	at org.junit.Assert.fail(Assert.java:88)
	at com.mifos.pages.FrontPage.verifyTabsdata(FrontPage.java:962)
	at com.mifos.steps.ClientSteps.I_verified_the_details_successfully(ClientSteps.java:41)
	at ✽.Then I verified the &quot;Summary&quot; details successfully(LoanRBI.feature:842)
</failure>
  </testcase>
  <testcase time="0.001" classname="Scenario: Loan-917-RBI-EPP-DB-SAR-REC-NON-RNI-CTPD-SAR-MD-TR-1-LateRepayment" name="And I verified the \&quot;Repayment Schedule\&quot; details successfully">
    <skipped/>
  </testcase>
  <testcase time="0.001" classname="Scenario: Loan-917-RBI-EPP-DB-SAR-REC-NON-RNI-CTPD-SAR-MD-TR-1-LateRepayment" name="When I make repayment and verified the following tabs">
    <skipped/>
  </testcase>
  <testcase time="0" classname="Scenario: Loan-918-RBI-EPP-DB-SAR-REC-NON-RNI-CTPD-DL-MD-TR-1-LateRepayment" name="Given I navigate to mifos"/>
  <testcase time="0" classname="Scenario: Loan-918-RBI-EPP-DB-SAR-REC-NON-RNI-CTPD-DL-MD-TR-1-LateRepayment" name="And I use login folder"/>
  <testcase time="0" classname="Scenario: Loan-918-RBI-EPP-DB-SAR-REC-NON-RNI-CTPD-DL-MD-TR-1-LateRepayment" name="When I login into mifos site using excel sheet"/>
  <testcase time="0" classname="Scenario: Loan-918-RBI-EPP-DB-SAR-REC-NON-RNI-CTPD-DL-MD-TR-1-LateRepayment" name="Then I should see logged in successfully"/>
  <testcase time="0" classname="Scenario: Loan-918-RBI-EPP-DB-SAR-REC-NON-RNI-CTPD-DL-MD-TR-1-LateRepayment" name="Given I setup the clients"/>
  <testcase time="0" classname="Scenario: Loan-918-RBI-EPP-DB-SAR-REC-NON-RNI-CTPD-DL-MD-TR-1-LateRepayment" name="When I entered the values into client form using"/>
  <testcase time="0" classname="Scenario: Loan-918-RBI-EPP-DB-SAR-REC-NON-RNI-CTPD-DL-MD-TR-1-LateRepayment" name="Then I should see client created successfully"/>
  <testcase time="0" classname="Scenario: Loan-918-RBI-EPP-DB-SAR-REC-NON-RNI-CTPD-DL-MD-TR-1-LateRepayment" name="When I set up the new create loan"/>
  <testcase time="0" classname="Scenario: Loan-918-RBI-EPP-DB-SAR-REC-NON-RNI-CTPD-DL-MD-TR-1-LateRepayment" name="Then I verified the \&quot;Summary\&quot; details successfully">
    <failure message="Tab Name:Summary Row number:2 Column number:0 Expected result:675.0 Actual result:675.83" type="java.lang.AssertionError">java.lang.AssertionError: Tab Name:Summary Row number:2 Column number:0 Expected result:675.0 Actual result:675.83
	at org.junit.Assert.fail(Assert.java:88)
	at com.mifos.pages.FrontPage.verifyTabsdata(FrontPage.java:962)
	at com.mifos.steps.ClientSteps.I_verified_the_details_successfully(ClientSteps.java:41)
	at ✽.Then I verified the &quot;Summary&quot; details successfully(LoanRBI.feature:859)
</failure>
  </testcase>
  <testcase time="0" classname="Scenario: Loan-918-RBI-EPP-DB-SAR-REC-NON-RNI-CTPD-DL-MD-TR-1-LateRepayment" name="Scenario: Loan-918-RBI-EPP-DB-SAR-REC-NON-RNI-CTPD-DL-MD-TR-1-LateRepayment">
    <failure message="Tab Name:Summary Row number:2 Column number:0 Expected result:675.0 Actual result:675.83" type="java.lang.AssertionError">java.lang.AssertionError: Tab Name:Summary Row number:2 Column number:0 Expected result:675.0 Actual result:675.83
	at org.junit.Assert.fail(Assert.java:88)
	at com.mifos.pages.FrontPage.verifyTabsdata(FrontPage.java:962)
	at com.mifos.steps.ClientSteps.I_verified_the_details_successfully(ClientSteps.java:41)
	at ✽.Then I verified the &quot;Summary&quot; details successfully(LoanRBI.feature:859)
</failure>
  </testcase>
  <testcase time="0" classname="Scenario: Loan-918-RBI-EPP-DB-SAR-REC-NON-RNI-CTPD-DL-MD-TR-1-LateRepayment" name="And I verified the \&quot;Repayment Schedule\&quot; details successfully">
    <skipped/>
  </testcase>
  <testcase time="0" classname="Scenario: Loan-918-RBI-EPP-DB-SAR-REC-NON-RNI-CTPD-DL-MD-TR-1-LateRepayment" name="When I make repayment and verified the following tabs">
    <skipped/>
  </testcase>
  <testcase time="0" classname="Scenario: Loan-919-RBI-EPP-DB-SAR-REC-NON-RNI-CTRFD-SAR-MD-TR-1-LateRepayment" name="Given I navigate to mifos"/>
  <testcase time="0" classname="Scenario: Loan-919-RBI-EPP-DB-SAR-REC-NON-RNI-CTRFD-SAR-MD-TR-1-LateRepayment" name="And I use login folder"/>
  <testcase time="0" classname="Scenario: Loan-919-RBI-EPP-DB-SAR-REC-NON-RNI-CTRFD-SAR-MD-TR-1-LateRepayment" name="When I login into mifos site using excel sheet"/>
  <testcase time="0" classname="Scenario: Loan-919-RBI-EPP-DB-SAR-REC-NON-RNI-CTRFD-SAR-MD-TR-1-LateRepayment" name="Then I should see logged in successfully"/>
  <testcase time="0" classname="Scenario: Loan-919-RBI-EPP-DB-SAR-REC-NON-RNI-CTRFD-SAR-MD-TR-1-LateRepayment" name="Given I setup the clients"/>
  <testcase time="0" classname="Scenario: Loan-919-RBI-EPP-DB-SAR-REC-NON-RNI-CTRFD-SAR-MD-TR-1-LateRepayment" name="When I entered the values into client form using"/>
  <testcase time="0" classname="Scenario: Loan-919-RBI-EPP-DB-SAR-REC-NON-RNI-CTRFD-SAR-MD-TR-1-LateRepayment" name="Then I should see client created successfully"/>
  <testcase time="0" classname="Scenario: Loan-919-RBI-EPP-DB-SAR-REC-NON-RNI-CTRFD-SAR-MD-TR-1-LateRepayment" name="When I set up the new create loan"/>
  <testcase time="0" classname="Scenario: Loan-919-RBI-EPP-DB-SAR-REC-NON-RNI-CTRFD-SAR-MD-TR-1-LateRepayment" name="Then I verified the \&quot;Summary\&quot; details successfully">
    <failure message="Tab Name:Summary Row number:2 Column number:0 Expected result:675.0 Actual result:700.0" type="java.lang.AssertionError">java.lang.AssertionError: Tab Name:Summary Row number:2 Column number:0 Expected result:675.0 Actual result:700.0
	at org.junit.Assert.fail(Assert.java:88)
	at com.mifos.pages.FrontPage.verifyTabsdata(FrontPage.java:962)
	at com.mifos.steps.ClientSteps.I_verified_the_details_successfully(ClientSteps.java:41)
	at ✽.Then I verified the &quot;Summary&quot; details successfully(LoanRBI.feature:876)
</failure>
  </testcase>
  <testcase time="0" classname="Scenario: Loan-919-RBI-EPP-DB-SAR-REC-NON-RNI-CTRFD-SAR-MD-TR-1-LateRepayment" name="Scenario: Loan-919-RBI-EPP-DB-SAR-REC-NON-RNI-CTRFD-SAR-MD-TR-1-LateRepayment">
    <failure message="Tab Name:Summary Row number:2 Column number:0 Expected result:675.0 Actual result:700.0" type="java.lang.AssertionError">java.lang.AssertionError: Tab Name:Summary Row number:2 Column number:0 Expected result:675.0 Actual result:700.0
	at org.junit.Assert.fail(Assert.java:88)
	at com.mifos.pages.FrontPage.verifyTabsdata(FrontPage.java:962)
	at com.mifos.steps.ClientSteps.I_verified_the_details_successfully(ClientSteps.java:41)
	at ✽.Then I verified the &quot;Summary&quot; details successfully(LoanRBI.feature:876)
</failure>
  </testcase>
  <testcase time="0.001" classname="Scenario: Loan-919-RBI-EPP-DB-SAR-REC-NON-RNI-CTRFD-SAR-MD-TR-1-LateRepayment" name="And I verified the \&quot;Repayment Schedule\&quot; details successfully">
    <skipped/>
  </testcase>
  <testcase time="0.001" classname="Scenario: Loan-919-RBI-EPP-DB-SAR-REC-NON-RNI-CTRFD-SAR-MD-TR-1-LateRepayment" name="When I make repayment and verified the following tabs">
    <skipped/>
  </testcase>
  <testcase time="0" classname="Scenario: Loan-920-RBI-EPP-DB-SAR-REC-NON-RNI-CTRFD-DL-MD-TR-1-LateRepayment" name="Given I navigate to mifos"/>
  <testcase time="0" classname="Scenario: Loan-920-RBI-EPP-DB-SAR-REC-NON-RNI-CTRFD-DL-MD-TR-1-LateRepayment" name="And I use login folder"/>
  <testcase time="0" classname="Scenario: Loan-920-RBI-EPP-DB-SAR-REC-NON-RNI-CTRFD-DL-MD-TR-1-LateRepayment" name="When I login into mifos site using excel sheet"/>
  <testcase time="0" classname="Scenario: Loan-920-RBI-EPP-DB-SAR-REC-NON-RNI-CTRFD-DL-MD-TR-1-LateRepayment" name="Then I should see logged in successfully"/>
  <testcase time="0" classname="Scenario: Loan-920-RBI-EPP-DB-SAR-REC-NON-RNI-CTRFD-DL-MD-TR-1-LateRepayment" name="Given I setup the clients"/>
  <testcase time="0" classname="Scenario: Loan-920-RBI-EPP-DB-SAR-REC-NON-RNI-CTRFD-DL-MD-TR-1-LateRepayment" name="When I entered the values into client form using"/>
  <testcase time="0" classname="Scenario: Loan-920-RBI-EPP-DB-SAR-REC-NON-RNI-CTRFD-DL-MD-TR-1-LateRepayment" name="Then I should see client created successfully"/>
  <testcase time="0" classname="Scenario: Loan-920-RBI-EPP-DB-SAR-REC-NON-RNI-CTRFD-DL-MD-TR-1-LateRepayment" name="When I set up the new create loan">
    <error message="Cannot locate element with text: 920-RBI-EPP-DB-SAR-REC-NON-RNI-CTRFD-DL-MD-TR-1-LateRepayment
For documentation on this error, please visit: http://seleniumhq.org/exceptions/no_such_element.html
Build info: version: &apos;2.29.1&apos;, revision: &apos;dfb1306b85be4934d23c123122e06e602a15e446&apos;, time: &apos;2013-01-22 12:58:05&apos;
System info: os.name: &apos;Windows Server 2012&apos;, os.arch: &apos;amd64&apos;, os.version: &apos;6.2&apos;, java.version: &apos;1.7.0_51&apos;
Driver info: driver.version: unknown" type="org.openqa.selenium.NoSuchElementException">org.openqa.selenium.NoSuchElementException: Cannot locate element with text: 920-RBI-EPP-DB-SAR-REC-NON-RNI-CTRFD-DL-MD-TR-1-LateRepayment
For documentation on this error, please visit: http://seleniumhq.org/exceptions/no_such_element.html
Build info: version: &apos;2.29.1&apos;, revision: &apos;dfb1306b85be4934d23c123122e06e602a15e446&apos;, time: &apos;2013-01-22 12:58:05&apos;
System info: os.name: &apos;Windows Server 2012&apos;, os.arch: &apos;amd64&apos;, os.version: &apos;6.2&apos;, java.version: &apos;1.7.0_51&apos;
Driver info: driver.version: unknown
	at org.openqa.selenium.support.ui.Select.selectByVisibleText(Select.java:147)
	at com.mifos.pages.MifosWebPage.selectDropDownvalues(MifosWebPage.java:1537)
	at com.mifos.pages.FrontPage.createNewLoanClientExcelsheet(FrontPage.java:802)
	at com.mifos.pages.FrontPage.createNewLoanExcelSheet(FrontPage.java:749)
	at com.mifos.steps.ClientSteps.I_set_up_the_activation_and_new_create_loan(ClientSteps.java:35)
	at ✽.When I set up the new create loan(LoanRBI.feature:893)
</error>
    <system-out>welcome to mifos through excel
Cell One ... key=click
Cell Two ... value=newloan
clickclick
Cell One ... key=product
Cell Two ... value=920-RBI-EPP-DB-SAR-REC-NON-RNI-CTRFD-DL-MD-TR-1-LateRepayment
</system-out>
  </testcase>
  <testcase time="0" classname="Scenario: Loan-920-RBI-EPP-DB-SAR-REC-NON-RNI-CTRFD-DL-MD-TR-1-LateRepayment" name="Scenario: Loan-920-RBI-EPP-DB-SAR-REC-NON-RNI-CTRFD-DL-MD-TR-1-LateRepayment">
    <error message="Cannot locate element with text: 920-RBI-EPP-DB-SAR-REC-NON-RNI-CTRFD-DL-MD-TR-1-LateRepayment
For documentation on this error, please visit: http://seleniumhq.org/exceptions/no_such_element.html
Build info: version: &apos;2.29.1&apos;, revision: &apos;dfb1306b85be4934d23c123122e06e602a15e446&apos;, time: &apos;2013-01-22 12:58:05&apos;
System info: os.name: &apos;Windows Server 2012&apos;, os.arch: &apos;amd64&apos;, os.version: &apos;6.2&apos;, java.version: &apos;1.7.0_51&apos;
Driver info: driver.version: unknown" type="org.openqa.selenium.NoSuchElementException">org.openqa.selenium.NoSuchElementException: Cannot locate element with text: 920-RBI-EPP-DB-SAR-REC-NON-RNI-CTRFD-DL-MD-TR-1-LateRepayment
For documentation on this error, please visit: http://seleniumhq.org/exceptions/no_such_element.html
Build info: version: &apos;2.29.1&apos;, revision: &apos;dfb1306b85be4934d23c123122e06e602a15e446&apos;, time: &apos;2013-01-22 12:58:05&apos;
System info: os.name: &apos;Windows Server 2012&apos;, os.arch: &apos;amd64&apos;, os.version: &apos;6.2&apos;, java.version: &apos;1.7.0_51&apos;
Driver info: driver.version: unknown
	at org.openqa.selenium.support.ui.Select.selectByVisibleText(Select.java:147)
	at com.mifos.pages.MifosWebPage.selectDropDownvalues(MifosWebPage.java:1537)
	at com.mifos.pages.FrontPage.createNewLoanClientExcelsheet(FrontPage.java:802)
	at com.mifos.pages.FrontPage.createNewLoanExcelSheet(FrontPage.java:749)
	at com.mifos.steps.ClientSteps.I_set_up_the_activation_and_new_create_loan(ClientSteps.java:35)
	at ✽.When I set up the new create loan(LoanRBI.feature:893)
</error>
  </testcase>
  <testcase time="0" classname="Scenario: Loan-920-RBI-EPP-DB-SAR-REC-NON-RNI-CTRFD-DL-MD-TR-1-LateRepayment" name="Then I verified the \&quot;Summary\&quot; details successfully">
    <skipped/>
  </testcase>
  <testcase time="0" classname="Scenario: Loan-920-RBI-EPP-DB-SAR-REC-NON-RNI-CTRFD-DL-MD-TR-1-LateRepayment" name="And I verified the \&quot;Repayment Schedule\&quot; details successfully">
    <skipped/>
  </testcase>
  <testcase time="0" classname="Scenario: Loan-920-RBI-EPP-DB-SAR-REC-NON-RNI-CTRFD-DL-MD-TR-1-LateRepayment" name="When I make repayment and verified the following tabs">
    <skipped/>
  </testcase>
</testsuite>